running: {'--uuid': '0e594e4ac0b25bbea7d137be4132db19', '-db-root': '/home/ryedida/bbo_challenge_starter_kit/output', '--opt-root': '/home/ryedida/bbo_challenge_starter_kit/example_submissions', '--data-root': None, '--db': 'run_20230427_004608', '--opt': 'smoothness', '--data': 'diabetes', '--classifier': 'MLP-adam', '--metric': 'mse', '--calls': 15, '--suggestions': 1, '--jobs-file': None, '--verbose': False, 'dry_run': False, 'rev': 'a376313', 'opt_rev': 'x.x.x'}
cmd: python smoothness/optimizer.py -c MLP-adam -d diabetes -o smoothness -u 0e594e4ac0b25bbea7d137be4132db19 -m mse -n 15 -p 1 -dir /home/ryedida/bbo_challenge_starter_kit/output -b run_20230427_004608
/home/ryedida/.local/lib/python3.9/site-packages/sklearn/neural_network/_multilayer_perceptron.py:605: UserWarning: Got `batch_size` less than 1 or larger than sample size. It is going to be clipped
  warnings.warn(

/home/ryedida/.local/lib/python3.9/site-packages/sklearn/neural_network/_multilayer_perceptron.py:605: UserWarning: Got `batch_size` less than 1 or larger than sample size. It is going to be clipped
  warnings.warn(

/home/ryedida/.local/lib/python3.9/site-packages/sklearn/neural_network/_multilayer_perceptron.py:605: UserWarning: Got `batch_size` less than 1 or larger than sample size. It is going to be clipped
  warnings.warn(

/home/ryedida/.local/lib/python3.9/site-packages/sklearn/neural_network/_multilayer_perceptron.py:686: ConvergenceWarning: Stochastic Optimizer: Maximum iterations (200) reached and the optimization hasn't converged yet.
  warnings.warn(

/home/ryedida/.local/lib/python3.9/site-packages/sklearn/neural_network/_multilayer_perceptron.py:605: UserWarning: Got `batch_size` less than 1 or larger than sample size. It is going to be clipped
  warnings.warn(

/home/ryedida/.local/lib/python3.9/site-packages/sklearn/neural_network/_multilayer_perceptron.py:686: ConvergenceWarning: Stochastic Optimizer: Maximum iterations (200) reached and the optimization hasn't converged yet.
  warnings.warn(

computed signature: ([{'alpha': 0.019628224813442792, 'batch_size': 182, 'beta_1': 0.9410202200271762, 'beta_2': 0.9998021557676793, 'epsilon': 1.8662266976518e-08, 'hidden_layer_sizes': 147, 'learning_rate_init': 0.0005627932047415167, 'tol': 0.03690557729213761, 'validation_fraction': 0.8846827852548593}, {'alpha': 0.0019982467392329444, 'batch_size': 200, 'beta_1': 0.919111482530466, 'beta_2': 0.9998488260436156, 'epsilon': 5.981221901152555e-07, 'hidden_layer_sizes': 61, 'learning_rate_init': 2.2310905607443014e-05, 'tol': 1.2046852412030316e-05, 'validation_fraction': 0.8117896445826539}, {'alpha': 0.46659545670218433, 'batch_size': 219, 'beta_1': 0.9889789783750891, 'beta_2': 0.9999896868093284, 'epsilon': 2.4234724484675948e-08, 'hidden_layer_sizes': 167, 'learning_rate_init': 2.972334644335654e-05, 'tol': 0.0036281404040243792, 'validation_fraction': 0.17260651658522078}, {'alpha': 4.656005689076002, 'batch_size': 135, 'beta_1': 0.870503881627747, 'beta_2': 0.9948873266941017, 'epsilon': 2.1023308743480125e-07, 'hidden_layer_sizes': 118, 'learning_rate_init': 0.0018781738757161913, 'tol': 1.1889379831773004e-05, 'validation_fraction': 0.6264327093752792}, {'alpha': 0.04705159350400542, 'batch_size': 158, 'beta_1': 0.9870884262730957, 'beta_2': 0.9999596874382349, 'epsilon': 1.1981845126013875e-08, 'hidden_layer_sizes': 116, 'learning_rate_init': 0.00617340520407431, 'tol': 1.741413418158619e-05, 'validation_fraction': 0.6754299026638921}], [29083.993548572587, 29062.423277324073, 29075.78987471409, 24626.32866834337, 9584.226858493177])
Signature errors:
                              0         1         2         3         4       max
MLP-adam_diabetes_mse  0.000007  0.000008  0.000003  0.003558  0.004952  0.004952
max                    0.000007  0.000008  0.000003  0.003558  0.004952  0.004952
starting sklearn study smoothness MLP-adam diabetes mse 15 1
with data root: None
Failure in optimizer suggest. Falling back to random search.
name 'activ' is not defined
Traceback (most recent call last):
  File "/home/ryedida/.local/lib/python3.9/site-packages/bayesmark/experiment.py", line 126, in run_study
    next_points = optimizer.suggest(n_suggestions)
  File "/home/ryedida/bbo_challenge_starter_kit/example_submissions/smoothness/optimizer.py", line 109, in suggest
    betas = [self._get_smoothness_reg(guess) for guess in guesses]
  File "/home/ryedida/bbo_challenge_starter_kit/example_submissions/smoothness/optimizer.py", line 109, in <listcomp>
    betas = [self._get_smoothness_reg(guess) for guess in guesses]
  File "/home/ryedida/bbo_challenge_starter_kit/example_submissions/smoothness/optimizer.py", line 49, in _get_smoothness_reg
    if activ > Kz:
NameError: name 'activ' is not defined
suggestion time taken 0.508478 iter 0 next_points [{'alpha': 0.37114496011051046, 'batch_size': 47, 'beta_1': 0.9885664185534925, 'beta_2': 0.9999898151670412, 'epsilon': 3.1160047569133184e-08, 'hidden_layer_sizes': 148, 'learning_rate_init': 0.013213000901066873, 'tol': 4.594521617638e-05, 'validation_fraction': 0.7266476732728668}]
function_evaluation time 0.358637 value 4502.996506 suggestion {'alpha': 0.37114496011051046, 'batch_size': 47, 'beta_1': 0.9885664185534925, 'beta_2': 0.9999898151670412, 'epsilon': 3.1160047569133184e-08, 'hidden_layer_sizes': 148, 'learning_rate_init': 0.013213000901066873, 'tol': 4.594521617638e-05, 'validation_fraction': 0.7266476732728668}
observation time 0.000007, current best 4502.996506 at iter 0
Failure in optimizer suggest. Falling back to random search.
name 'activ' is not defined
Traceback (most recent call last):
  File "/home/ryedida/.local/lib/python3.9/site-packages/bayesmark/experiment.py", line 126, in run_study
    next_points = optimizer.suggest(n_suggestions)
  File "/home/ryedida/bbo_challenge_starter_kit/example_submissions/smoothness/optimizer.py", line 109, in suggest
    betas = [self._get_smoothness_reg(guess) for guess in guesses]
  File "/home/ryedida/bbo_challenge_starter_kit/example_submissions/smoothness/optimizer.py", line 109, in <listcomp>
    betas = [self._get_smoothness_reg(guess) for guess in guesses]
  File "/home/ryedida/bbo_challenge_starter_kit/example_submissions/smoothness/optimizer.py", line 49, in _get_smoothness_reg
    if activ > Kz:
NameError: name 'activ' is not defined
suggestion time taken 0.340240 iter 1 next_points [{'alpha': 0.0013453436390313766, 'batch_size': 134, 'beta_1': 0.8017041641960074, 'beta_2': 0.9419440059366576, 'epsilon': 7.839305269795065e-07, 'hidden_layer_sizes': 176, 'learning_rate_init': 6.963335429317743e-05, 'tol': 0.002617550894528122, 'validation_fraction': 0.42442550025939063}]
function_evaluation time 0.083146 value 29079.842589 suggestion {'alpha': 0.0013453436390313766, 'batch_size': 134, 'beta_1': 0.8017041641960074, 'beta_2': 0.9419440059366576, 'epsilon': 7.839305269795065e-07, 'hidden_layer_sizes': 176, 'learning_rate_init': 6.963335429317743e-05, 'tol': 0.002617550894528122, 'validation_fraction': 0.42442550025939063}
observation time 0.000006, current best 4502.996506 at iter 1
Failure in optimizer suggest. Falling back to random search.
name 'activ' is not defined
Traceback (most recent call last):
  File "/home/ryedida/.local/lib/python3.9/site-packages/bayesmark/experiment.py", line 126, in run_study
    next_points = optimizer.suggest(n_suggestions)
  File "/home/ryedida/bbo_challenge_starter_kit/example_submissions/smoothness/optimizer.py", line 109, in suggest
    betas = [self._get_smoothness_reg(guess) for guess in guesses]
  File "/home/ryedida/bbo_challenge_starter_kit/example_submissions/smoothness/optimizer.py", line 109, in <listcomp>
    betas = [self._get_smoothness_reg(guess) for guess in guesses]
  File "/home/ryedida/bbo_challenge_starter_kit/example_submissions/smoothness/optimizer.py", line 49, in _get_smoothness_reg
    if activ > Kz:
NameError: name 'activ' is not defined
suggestion time taken 0.331574 iter 2 next_points [{'alpha': 1.6846468641076175, 'batch_size': 178, 'beta_1': 0.9003929277867156, 'beta_2': 0.999971279027668, 'epsilon': 2.7064385620319537e-09, 'hidden_layer_sizes': 132, 'learning_rate_init': 0.00011121962575616949, 'tol': 0.0039039628703482626, 'validation_fraction': 0.7458002648828028}]
/home/ryedida/.local/lib/python3.9/site-packages/sklearn/neural_network/_multilayer_perceptron.py:605: UserWarning: Got `batch_size` less than 1 or larger than sample size. It is going to be clipped
  warnings.warn(

function_evaluation time 0.053903 value 29132.483744 suggestion {'alpha': 1.6846468641076175, 'batch_size': 178, 'beta_1': 0.9003929277867156, 'beta_2': 0.999971279027668, 'epsilon': 2.7064385620319537e-09, 'hidden_layer_sizes': 132, 'learning_rate_init': 0.00011121962575616949, 'tol': 0.0039039628703482626, 'validation_fraction': 0.7458002648828028}
observation time 0.000006, current best 4502.996506 at iter 2
Failure in optimizer suggest. Falling back to random search.
name 'activ' is not defined
Traceback (most recent call last):
  File "/home/ryedida/.local/lib/python3.9/site-packages/bayesmark/experiment.py", line 126, in run_study
    next_points = optimizer.suggest(n_suggestions)
  File "/home/ryedida/bbo_challenge_starter_kit/example_submissions/smoothness/optimizer.py", line 109, in suggest
    betas = [self._get_smoothness_reg(guess) for guess in guesses]
  File "/home/ryedida/bbo_challenge_starter_kit/example_submissions/smoothness/optimizer.py", line 109, in <listcomp>
    betas = [self._get_smoothness_reg(guess) for guess in guesses]
  File "/home/ryedida/bbo_challenge_starter_kit/example_submissions/smoothness/optimizer.py", line 49, in _get_smoothness_reg
    if activ > Kz:
NameError: name 'activ' is not defined
suggestion time taken 0.327852 iter 3 next_points [{'alpha': 0.00020344208306545734, 'batch_size': 21, 'beta_1': 0.9330491607732068, 'beta_2': 0.9998834166579403, 'epsilon': 5.779468517054398e-07, 'hidden_layer_sizes': 132, 'learning_rate_init': 0.0011615438121960983, 'tol': 0.009809531280905568, 'validation_fraction': 0.4060644372778628}]
function_evaluation time 1.259551 value 9259.688422 suggestion {'alpha': 0.00020344208306545734, 'batch_size': 21, 'beta_1': 0.9330491607732068, 'beta_2': 0.9998834166579403, 'epsilon': 5.779468517054398e-07, 'hidden_layer_sizes': 132, 'learning_rate_init': 0.0011615438121960983, 'tol': 0.009809531280905568, 'validation_fraction': 0.4060644372778628}
observation time 0.000006, current best 4502.996506 at iter 3
Failure in optimizer suggest. Falling back to random search.
name 'activ' is not defined
Traceback (most recent call last):
  File "/home/ryedida/.local/lib/python3.9/site-packages/bayesmark/experiment.py", line 126, in run_study
    next_points = optimizer.suggest(n_suggestions)
  File "/home/ryedida/bbo_challenge_starter_kit/example_submissions/smoothness/optimizer.py", line 109, in suggest
    betas = [self._get_smoothness_reg(guess) for guess in guesses]
  File "/home/ryedida/bbo_challenge_starter_kit/example_submissions/smoothness/optimizer.py", line 109, in <listcomp>
    betas = [self._get_smoothness_reg(guess) for guess in guesses]
  File "/home/ryedida/bbo_challenge_starter_kit/example_submissions/smoothness/optimizer.py", line 49, in _get_smoothness_reg
    if activ > Kz:
NameError: name 'activ' is not defined
suggestion time taken 0.332471 iter 4 next_points [{'alpha': 0.00035680309882536244, 'batch_size': 226, 'beta_1': 0.9139077796757633, 'beta_2': 0.9978715455748485, 'epsilon': 2.050654958072971e-07, 'hidden_layer_sizes': 166, 'learning_rate_init': 6.0731929940618554e-05, 'tol': 0.00040648593518592506, 'validation_fraction': 0.39229723112510073}]
/home/ryedida/.local/lib/python3.9/site-packages/sklearn/neural_network/_multilayer_perceptron.py:605: UserWarning: Got `batch_size` less than 1 or larger than sample size. It is going to be clipped
  warnings.warn(

function_evaluation time 0.071983 value 29136.304020 suggestion {'alpha': 0.00035680309882536244, 'batch_size': 226, 'beta_1': 0.9139077796757633, 'beta_2': 0.9978715455748485, 'epsilon': 2.050654958072971e-07, 'hidden_layer_sizes': 166, 'learning_rate_init': 6.0731929940618554e-05, 'tol': 0.00040648593518592506, 'validation_fraction': 0.39229723112510073}
observation time 0.000006, current best 4502.996506 at iter 4
Failure in optimizer suggest. Falling back to random search.
name 'activ' is not defined
Traceback (most recent call last):
  File "/home/ryedida/.local/lib/python3.9/site-packages/bayesmark/experiment.py", line 126, in run_study
    next_points = optimizer.suggest(n_suggestions)
  File "/home/ryedida/bbo_challenge_starter_kit/example_submissions/smoothness/optimizer.py", line 109, in suggest
    betas = [self._get_smoothness_reg(guess) for guess in guesses]
  File "/home/ryedida/bbo_challenge_starter_kit/example_submissions/smoothness/optimizer.py", line 109, in <listcomp>
    betas = [self._get_smoothness_reg(guess) for guess in guesses]
  File "/home/ryedida/bbo_challenge_starter_kit/example_submissions/smoothness/optimizer.py", line 49, in _get_smoothness_reg
    if activ > Kz:
NameError: name 'activ' is not defined
suggestion time taken 0.342494 iter 5 next_points [{'alpha': 0.005297596627463792, 'batch_size': 144, 'beta_1': 0.9331332187384942, 'beta_2': 0.9997324649426017, 'epsilon': 1.7826065963760494e-07, 'hidden_layer_sizes': 74, 'learning_rate_init': 0.00021593438097613146, 'tol': 0.0025131550954648942, 'validation_fraction': 0.17376502622126425}]
function_evaluation time 0.066468 value 29117.219689 suggestion {'alpha': 0.005297596627463792, 'batch_size': 144, 'beta_1': 0.9331332187384942, 'beta_2': 0.9997324649426017, 'epsilon': 1.7826065963760494e-07, 'hidden_layer_sizes': 74, 'learning_rate_init': 0.00021593438097613146, 'tol': 0.0025131550954648942, 'validation_fraction': 0.17376502622126425}
observation time 0.000006, current best 4502.996506 at iter 5
Failure in optimizer suggest. Falling back to random search.
name 'activ' is not defined
Traceback (most recent call last):
  File "/home/ryedida/.local/lib/python3.9/site-packages/bayesmark/experiment.py", line 126, in run_study
    next_points = optimizer.suggest(n_suggestions)
  File "/home/ryedida/bbo_challenge_starter_kit/example_submissions/smoothness/optimizer.py", line 109, in suggest
    betas = [self._get_smoothness_reg(guess) for guess in guesses]
  File "/home/ryedida/bbo_challenge_starter_kit/example_submissions/smoothness/optimizer.py", line 109, in <listcomp>
    betas = [self._get_smoothness_reg(guess) for guess in guesses]
  File "/home/ryedida/bbo_challenge_starter_kit/example_submissions/smoothness/optimizer.py", line 49, in _get_smoothness_reg
    if activ > Kz:
NameError: name 'activ' is not defined
suggestion time taken 0.332185 iter 6 next_points [{'alpha': 0.0006660952545986254, 'batch_size': 193, 'beta_1': 0.9069606040874364, 'beta_2': 0.9998738796767636, 'epsilon': 3.454578728065248e-07, 'hidden_layer_sizes': 130, 'learning_rate_init': 0.06419619913738456, 'tol': 0.00016750653466877073, 'validation_fraction': 0.23368743196646494}]
function_evaluation time 0.400819 value 3047.338363 suggestion {'alpha': 0.0006660952545986254, 'batch_size': 193, 'beta_1': 0.9069606040874364, 'beta_2': 0.9998738796767636, 'epsilon': 3.454578728065248e-07, 'hidden_layer_sizes': 130, 'learning_rate_init': 0.06419619913738456, 'tol': 0.00016750653466877073, 'validation_fraction': 0.23368743196646494}
observation time 0.000006, current best 3047.338363 at iter 6
Failure in optimizer suggest. Falling back to random search.
name 'activ' is not defined
Traceback (most recent call last):
  File "/home/ryedida/.local/lib/python3.9/site-packages/bayesmark/experiment.py", line 126, in run_study
    next_points = optimizer.suggest(n_suggestions)
  File "/home/ryedida/bbo_challenge_starter_kit/example_submissions/smoothness/optimizer.py", line 109, in suggest
    betas = [self._get_smoothness_reg(guess) for guess in guesses]
  File "/home/ryedida/bbo_challenge_starter_kit/example_submissions/smoothness/optimizer.py", line 109, in <listcomp>
    betas = [self._get_smoothness_reg(guess) for guess in guesses]
  File "/home/ryedida/bbo_challenge_starter_kit/example_submissions/smoothness/optimizer.py", line 49, in _get_smoothness_reg
    if activ > Kz:
NameError: name 'activ' is not defined
suggestion time taken 0.452826 iter 7 next_points [{'alpha': 0.00930850473968343, 'batch_size': 229, 'beta_1': 0.9424589654239396, 'beta_2': 0.9973113786597011, 'epsilon': 2.864608586477835e-07, 'hidden_layer_sizes': 70, 'learning_rate_init': 0.0002261706439834436, 'tol': 0.025039308609372642, 'validation_fraction': 0.6371360808727324}]
/home/ryedida/.local/lib/python3.9/site-packages/sklearn/neural_network/_multilayer_perceptron.py:605: UserWarning: Got `batch_size` less than 1 or larger than sample size. It is going to be clipped
  warnings.warn(

function_evaluation time 0.047606 value 29084.714711 suggestion {'alpha': 0.00930850473968343, 'batch_size': 229, 'beta_1': 0.9424589654239396, 'beta_2': 0.9973113786597011, 'epsilon': 2.864608586477835e-07, 'hidden_layer_sizes': 70, 'learning_rate_init': 0.0002261706439834436, 'tol': 0.025039308609372642, 'validation_fraction': 0.6371360808727324}
observation time 0.000006, current best 3047.338363 at iter 7
Failure in optimizer suggest. Falling back to random search.
name 'activ' is not defined
Traceback (most recent call last):
  File "/home/ryedida/.local/lib/python3.9/site-packages/bayesmark/experiment.py", line 126, in run_study
    next_points = optimizer.suggest(n_suggestions)
  File "/home/ryedida/bbo_challenge_starter_kit/example_submissions/smoothness/optimizer.py", line 109, in suggest
    betas = [self._get_smoothness_reg(guess) for guess in guesses]
  File "/home/ryedida/bbo_challenge_starter_kit/example_submissions/smoothness/optimizer.py", line 109, in <listcomp>
    betas = [self._get_smoothness_reg(guess) for guess in guesses]
  File "/home/ryedida/bbo_challenge_starter_kit/example_submissions/smoothness/optimizer.py", line 49, in _get_smoothness_reg
    if activ > Kz:
NameError: name 'activ' is not defined
suggestion time taken 0.323920 iter 8 next_points [{'alpha': 9.601534520217877, 'batch_size': 18, 'beta_1': 0.9287254398498425, 'beta_2': 0.9999968483106569, 'epsilon': 1.3574524002923754e-07, 'hidden_layer_sizes': 110, 'learning_rate_init': 0.00035957596205779427, 'tol': 0.0001166880513499316, 'validation_fraction': 0.42309575730091137}]
/home/ryedida/.local/lib/python3.9/site-packages/sklearn/neural_network/_multilayer_perceptron.py:686: ConvergenceWarning: Stochastic Optimizer: Maximum iterations (200) reached and the optimization hasn't converged yet.
  warnings.warn(

function_evaluation time 2.522703 value 16200.715594 suggestion {'alpha': 9.601534520217877, 'batch_size': 18, 'beta_1': 0.9287254398498425, 'beta_2': 0.9999968483106569, 'epsilon': 1.3574524002923754e-07, 'hidden_layer_sizes': 110, 'learning_rate_init': 0.00035957596205779427, 'tol': 0.0001166880513499316, 'validation_fraction': 0.42309575730091137}
observation time 0.000005, current best 3047.338363 at iter 8
Failure in optimizer suggest. Falling back to random search.
name 'activ' is not defined
Traceback (most recent call last):
  File "/home/ryedida/.local/lib/python3.9/site-packages/bayesmark/experiment.py", line 126, in run_study
    next_points = optimizer.suggest(n_suggestions)
  File "/home/ryedida/bbo_challenge_starter_kit/example_submissions/smoothness/optimizer.py", line 109, in suggest
    betas = [self._get_smoothness_reg(guess) for guess in guesses]
  File "/home/ryedida/bbo_challenge_starter_kit/example_submissions/smoothness/optimizer.py", line 109, in <listcomp>
    betas = [self._get_smoothness_reg(guess) for guess in guesses]
  File "/home/ryedida/bbo_challenge_starter_kit/example_submissions/smoothness/optimizer.py", line 49, in _get_smoothness_reg
    if activ > Kz:
NameError: name 'activ' is not defined
suggestion time taken 0.315573 iter 9 next_points [{'alpha': 0.01176638701288023, 'batch_size': 76, 'beta_1': 0.6249502973508306, 'beta_2': 0.9999906984455984, 'epsilon': 1.8749279551944295e-08, 'hidden_layer_sizes': 160, 'learning_rate_init': 0.07490234384080452, 'tol': 6.542198433589153e-05, 'validation_fraction': 0.452721939737032}]
function_evaluation time 0.328595 value 2894.198960 suggestion {'alpha': 0.01176638701288023, 'batch_size': 76, 'beta_1': 0.6249502973508306, 'beta_2': 0.9999906984455984, 'epsilon': 1.8749279551944295e-08, 'hidden_layer_sizes': 160, 'learning_rate_init': 0.07490234384080452, 'tol': 6.542198433589153e-05, 'validation_fraction': 0.452721939737032}
observation time 0.000006, current best 2894.198960 at iter 9
Failure in optimizer suggest. Falling back to random search.
name 'activ' is not defined
Traceback (most recent call last):
  File "/home/ryedida/.local/lib/python3.9/site-packages/bayesmark/experiment.py", line 126, in run_study
    next_points = optimizer.suggest(n_suggestions)
  File "/home/ryedida/bbo_challenge_starter_kit/example_submissions/smoothness/optimizer.py", line 109, in suggest
    betas = [self._get_smoothness_reg(guess) for guess in guesses]
  File "/home/ryedida/bbo_challenge_starter_kit/example_submissions/smoothness/optimizer.py", line 109, in <listcomp>
    betas = [self._get_smoothness_reg(guess) for guess in guesses]
  File "/home/ryedida/bbo_challenge_starter_kit/example_submissions/smoothness/optimizer.py", line 49, in _get_smoothness_reg
    if activ > Kz:
NameError: name 'activ' is not defined
suggestion time taken 0.323799 iter 10 next_points [{'alpha': 7.537928569914511e-05, 'batch_size': 110, 'beta_1': 0.9798773689125535, 'beta_2': 0.9999864612587765, 'epsilon': 4.87405449896928e-09, 'hidden_layer_sizes': 193, 'learning_rate_init': 2.8665480200387833e-05, 'tol': 0.004718598064277139, 'validation_fraction': 0.24501501720310034}]
function_evaluation time 0.093860 value 29108.067915 suggestion {'alpha': 7.537928569914511e-05, 'batch_size': 110, 'beta_1': 0.9798773689125535, 'beta_2': 0.9999864612587765, 'epsilon': 4.87405449896928e-09, 'hidden_layer_sizes': 193, 'learning_rate_init': 2.8665480200387833e-05, 'tol': 0.004718598064277139, 'validation_fraction': 0.24501501720310034}
observation time 0.000006, current best 2894.198960 at iter 10
Failure in optimizer suggest. Falling back to random search.
name 'activ' is not defined
Traceback (most recent call last):
  File "/home/ryedida/.local/lib/python3.9/site-packages/bayesmark/experiment.py", line 126, in run_study
    next_points = optimizer.suggest(n_suggestions)
  File "/home/ryedida/bbo_challenge_starter_kit/example_submissions/smoothness/optimizer.py", line 109, in suggest
    betas = [self._get_smoothness_reg(guess) for guess in guesses]
  File "/home/ryedida/bbo_challenge_starter_kit/example_submissions/smoothness/optimizer.py", line 109, in <listcomp>
    betas = [self._get_smoothness_reg(guess) for guess in guesses]
  File "/home/ryedida/bbo_challenge_starter_kit/example_submissions/smoothness/optimizer.py", line 49, in _get_smoothness_reg
    if activ > Kz:
NameError: name 'activ' is not defined
suggestion time taken 0.317318 iter 11 next_points [{'alpha': 0.0019965068659468887, 'batch_size': 167, 'beta_1': 0.9783912221378895, 'beta_2': 0.9999973644208305, 'epsilon': 1.8525345227235136e-09, 'hidden_layer_sizes': 189, 'learning_rate_init': 0.003960858068609409, 'tol': 8.283555397771087e-05, 'validation_fraction': 0.14303683910142287}]
function_evaluation time 1.245088 value 3891.807431 suggestion {'alpha': 0.0019965068659468887, 'batch_size': 167, 'beta_1': 0.9783912221378895, 'beta_2': 0.9999973644208305, 'epsilon': 1.8525345227235136e-09, 'hidden_layer_sizes': 189, 'learning_rate_init': 0.003960858068609409, 'tol': 8.283555397771087e-05, 'validation_fraction': 0.14303683910142287}
observation time 0.000006, current best 2894.198960 at iter 11
Failure in optimizer suggest. Falling back to random search.
name 'activ' is not defined
Traceback (most recent call last):
  File "/home/ryedida/.local/lib/python3.9/site-packages/bayesmark/experiment.py", line 126, in run_study
    next_points = optimizer.suggest(n_suggestions)
  File "/home/ryedida/bbo_challenge_starter_kit/example_submissions/smoothness/optimizer.py", line 109, in suggest
    betas = [self._get_smoothness_reg(guess) for guess in guesses]
  File "/home/ryedida/bbo_challenge_starter_kit/example_submissions/smoothness/optimizer.py", line 109, in <listcomp>
    betas = [self._get_smoothness_reg(guess) for guess in guesses]
  File "/home/ryedida/bbo_challenge_starter_kit/example_submissions/smoothness/optimizer.py", line 49, in _get_smoothness_reg
    if activ > Kz:
NameError: name 'activ' is not defined
suggestion time taken 0.327219 iter 12 next_points [{'alpha': 0.46075302990141576, 'batch_size': 175, 'beta_1': 0.6548506639810839, 'beta_2': 0.9999918254521688, 'epsilon': 2.5413851106101277e-08, 'hidden_layer_sizes': 188, 'learning_rate_init': 0.001573495036883569, 'tol': 1.8148880322038976e-05, 'validation_fraction': 0.8500767298281456}]
/home/ryedida/.local/lib/python3.9/site-packages/sklearn/neural_network/_multilayer_perceptron.py:605: UserWarning: Got `batch_size` less than 1 or larger than sample size. It is going to be clipped
  warnings.warn(

/home/ryedida/.local/lib/python3.9/site-packages/sklearn/neural_network/_multilayer_perceptron.py:686: ConvergenceWarning: Stochastic Optimizer: Maximum iterations (200) reached and the optimization hasn't converged yet.
  warnings.warn(

function_evaluation time 0.775730 value 23437.186858 suggestion {'alpha': 0.46075302990141576, 'batch_size': 175, 'beta_1': 0.6548506639810839, 'beta_2': 0.9999918254521688, 'epsilon': 2.5413851106101277e-08, 'hidden_layer_sizes': 188, 'learning_rate_init': 0.001573495036883569, 'tol': 1.8148880322038976e-05, 'validation_fraction': 0.8500767298281456}
observation time 0.000006, current best 2894.198960 at iter 12
Failure in optimizer suggest. Falling back to random search.
name 'activ' is not defined
Traceback (most recent call last):
  File "/home/ryedida/.local/lib/python3.9/site-packages/bayesmark/experiment.py", line 126, in run_study
    next_points = optimizer.suggest(n_suggestions)
  File "/home/ryedida/bbo_challenge_starter_kit/example_submissions/smoothness/optimizer.py", line 109, in suggest
    betas = [self._get_smoothness_reg(guess) for guess in guesses]
  File "/home/ryedida/bbo_challenge_starter_kit/example_submissions/smoothness/optimizer.py", line 109, in <listcomp>
    betas = [self._get_smoothness_reg(guess) for guess in guesses]
  File "/home/ryedida/bbo_challenge_starter_kit/example_submissions/smoothness/optimizer.py", line 49, in _get_smoothness_reg
    if activ > Kz:
NameError: name 'activ' is not defined
suggestion time taken 0.323782 iter 13 next_points [{'alpha': 5.052895814821552, 'batch_size': 165, 'beta_1': 0.5269367892599957, 'beta_2': 0.9842100863472205, 'epsilon': 3.4935351804857882e-09, 'hidden_layer_sizes': 123, 'learning_rate_init': 0.004830806682158245, 'tol': 7.605227627244749e-05, 'validation_fraction': 0.419801784263869}]
/home/ryedida/.local/lib/python3.9/site-packages/sklearn/neural_network/_multilayer_perceptron.py:686: ConvergenceWarning: Stochastic Optimizer: Maximum iterations (200) reached and the optimization hasn't converged yet.
  warnings.warn(

function_evaluation time 0.878685 value 9090.718935 suggestion {'alpha': 5.052895814821552, 'batch_size': 165, 'beta_1': 0.5269367892599957, 'beta_2': 0.9842100863472205, 'epsilon': 3.4935351804857882e-09, 'hidden_layer_sizes': 123, 'learning_rate_init': 0.004830806682158245, 'tol': 7.605227627244749e-05, 'validation_fraction': 0.419801784263869}
observation time 0.000005, current best 2894.198960 at iter 13
Failure in optimizer suggest. Falling back to random search.
name 'activ' is not defined
Traceback (most recent call last):
  File "/home/ryedida/.local/lib/python3.9/site-packages/bayesmark/experiment.py", line 126, in run_study
    next_points = optimizer.suggest(n_suggestions)
  File "/home/ryedida/bbo_challenge_starter_kit/example_submissions/smoothness/optimizer.py", line 109, in suggest
    betas = [self._get_smoothness_reg(guess) for guess in guesses]
  File "/home/ryedida/bbo_challenge_starter_kit/example_submissions/smoothness/optimizer.py", line 109, in <listcomp>
    betas = [self._get_smoothness_reg(guess) for guess in guesses]
  File "/home/ryedida/bbo_challenge_starter_kit/example_submissions/smoothness/optimizer.py", line 49, in _get_smoothness_reg
    if activ > Kz:
NameError: name 'activ' is not defined
suggestion time taken 0.328418 iter 14 next_points [{'alpha': 0.00028622693791934006, 'batch_size': 105, 'beta_1': 0.986317599552441, 'beta_2': 0.9979018826823856, 'epsilon': 4.952675418808353e-07, 'hidden_layer_sizes': 56, 'learning_rate_init': 0.0012579451250716728, 'tol': 3.400374573082978e-05, 'validation_fraction': 0.1016561944926116}]
/home/ryedida/.local/lib/python3.9/site-packages/sklearn/neural_network/_multilayer_perceptron.py:686: ConvergenceWarning: Stochastic Optimizer: Maximum iterations (200) reached and the optimization hasn't converged yet.
  warnings.warn(

function_evaluation time 0.748320 value 22751.122727 suggestion {'alpha': 0.00028622693791934006, 'batch_size': 105, 'beta_1': 0.986317599552441, 'beta_2': 0.9979018826823856, 'epsilon': 4.952675418808353e-07, 'hidden_layer_sizes': 56, 'learning_rate_init': 0.0012579451250716728, 'tol': 3.400374573082978e-05, 'validation_fraction': 0.1016561944926116}
observation time 0.000006, current best 2894.198960 at iter 14
saving meta data: {'args': {'--uuid': '0e594e4ac0b25bbea7d137be4132db19', '-db-root': '/home/ryedida/bbo_challenge_starter_kit/output', '--opt-root': '/home/ryedida/bbo_challenge_starter_kit/example_submissions', '--data-root': None, '--db': 'run_20230427_004608', '--opt': 'smoothness', '--data': 'diabetes', '--classifier': 'MLP-adam', '--metric': 'mse', '--calls': 15, '--suggestions': 1, '--jobs-file': None, '--verbose': False, 'dry_run': False, 'rev': 'a376313', 'opt_rev': 'x.x.x'}, 'signature': ([{'alpha': 0.019628224813442792, 'batch_size': 182, 'beta_1': 0.9410202200271762, 'beta_2': 0.9998021557676793, 'epsilon': 1.8662266976518e-08, 'hidden_layer_sizes': 147, 'learning_rate_init': 0.0005627932047415167, 'tol': 0.03690557729213761, 'validation_fraction': 0.8846827852548593}, {'alpha': 0.0019982467392329444, 'batch_size': 200, 'beta_1': 0.919111482530466, 'beta_2': 0.9998488260436156, 'epsilon': 5.981221901152555e-07, 'hidden_layer_sizes': 61, 'learning_rate_init': 2.2310905607443014e-05, 'tol': 1.2046852412030316e-05, 'validation_fraction': 0.8117896445826539}, {'alpha': 0.46659545670218433, 'batch_size': 219, 'beta_1': 0.9889789783750891, 'beta_2': 0.9999896868093284, 'epsilon': 2.4234724484675948e-08, 'hidden_layer_sizes': 167, 'learning_rate_init': 2.972334644335654e-05, 'tol': 0.0036281404040243792, 'validation_fraction': 0.17260651658522078}, {'alpha': 4.656005689076002, 'batch_size': 135, 'beta_1': 0.870503881627747, 'beta_2': 0.9948873266941017, 'epsilon': 2.1023308743480125e-07, 'hidden_layer_sizes': 118, 'learning_rate_init': 0.0018781738757161913, 'tol': 1.1889379831773004e-05, 'validation_fraction': 0.6264327093752792}, {'alpha': 0.04705159350400542, 'batch_size': 158, 'beta_1': 0.9870884262730957, 'beta_2': 0.9999596874382349, 'epsilon': 1.1981845126013875e-08, 'hidden_layer_sizes': 116, 'learning_rate_init': 0.00617340520407431, 'tol': 1.741413418158619e-05, 'validation_fraction': 0.6754299026638921}], [29083.993548572587, 29062.423277324073, 29075.78987471409, 24626.32866834337, 9584.226858493177])}
saving results
saving timing
saving suggest log
done
