running: {'--uuid': '1da93616a55f508daf05dee4b0d39254', '-db-root': '/home/ryedida/bbo_challenge_starter_kit/output', '--opt-root': '/home/ryedida/bbo_challenge_starter_kit/example_submissions', '--data-root': None, '--db': 'run_20230427_004608', '--opt': 'smoothness', '--data': 'diabetes', '--classifier': 'MLP-adam', '--metric': 'mae', '--calls': 15, '--suggestions': 1, '--jobs-file': None, '--verbose': False, 'dry_run': False, 'rev': 'a376313', 'opt_rev': 'x.x.x'}
cmd: python smoothness/optimizer.py -c MLP-adam -d diabetes -o smoothness -u 1da93616a55f508daf05dee4b0d39254 -m mae -n 15 -p 1 -dir /home/ryedida/bbo_challenge_starter_kit/output -b run_20230427_004608
/home/ryedida/.local/lib/python3.9/site-packages/sklearn/neural_network/_multilayer_perceptron.py:605: UserWarning: Got `batch_size` less than 1 or larger than sample size. It is going to be clipped
  warnings.warn(

/home/ryedida/.local/lib/python3.9/site-packages/sklearn/neural_network/_multilayer_perceptron.py:605: UserWarning: Got `batch_size` less than 1 or larger than sample size. It is going to be clipped
  warnings.warn(

/home/ryedida/.local/lib/python3.9/site-packages/sklearn/neural_network/_multilayer_perceptron.py:605: UserWarning: Got `batch_size` less than 1 or larger than sample size. It is going to be clipped
  warnings.warn(

/home/ryedida/.local/lib/python3.9/site-packages/sklearn/neural_network/_multilayer_perceptron.py:686: ConvergenceWarning: Stochastic Optimizer: Maximum iterations (200) reached and the optimization hasn't converged yet.
  warnings.warn(

/home/ryedida/.local/lib/python3.9/site-packages/sklearn/neural_network/_multilayer_perceptron.py:605: UserWarning: Got `batch_size` less than 1 or larger than sample size. It is going to be clipped
  warnings.warn(

/home/ryedida/.local/lib/python3.9/site-packages/sklearn/neural_network/_multilayer_perceptron.py:686: ConvergenceWarning: Stochastic Optimizer: Maximum iterations (200) reached and the optimization hasn't converged yet.
  warnings.warn(

computed signature: ([{'alpha': 0.019628224813442792, 'batch_size': 182, 'beta_1': 0.9410202200271762, 'beta_2': 0.9998021557676793, 'epsilon': 1.8662266976518e-08, 'hidden_layer_sizes': 147, 'learning_rate_init': 0.0005627932047415167, 'tol': 0.03690557729213761, 'validation_fraction': 0.8846827852548593}, {'alpha': 0.0019982467392329444, 'batch_size': 200, 'beta_1': 0.919111482530466, 'beta_2': 0.9998488260436156, 'epsilon': 5.981221901152555e-07, 'hidden_layer_sizes': 61, 'learning_rate_init': 2.2310905607443014e-05, 'tol': 1.2046852412030316e-05, 'validation_fraction': 0.8117896445826539}, {'alpha': 0.46659545670218433, 'batch_size': 219, 'beta_1': 0.9889789783750891, 'beta_2': 0.9999896868093284, 'epsilon': 2.4234724484675948e-08, 'hidden_layer_sizes': 167, 'learning_rate_init': 2.972334644335654e-05, 'tol': 0.0036281404040243792, 'validation_fraction': 0.17260651658522078}, {'alpha': 4.656005689076002, 'batch_size': 135, 'beta_1': 0.870503881627747, 'beta_2': 0.9948873266941017, 'epsilon': 2.1023308743480125e-07, 'hidden_layer_sizes': 118, 'learning_rate_init': 0.0018781738757161913, 'tol': 1.1889379831773004e-05, 'validation_fraction': 0.6264327093752792}, {'alpha': 0.04705159350400542, 'batch_size': 158, 'beta_1': 0.9870884262730957, 'beta_2': 0.9999596874382349, 'epsilon': 1.1981845126013875e-08, 'hidden_layer_sizes': 116, 'learning_rate_init': 0.00617340520407431, 'tol': 1.741413418158619e-05, 'validation_fraction': 0.6754299026638921}], [151.4971925380264, 151.42763539278994, 151.47026299046811, 136.86202504264318, 75.2055865763391])
Signature errors:
                                  0             1             2         3         4       max
MLP-adam_diabetes_mae  1.919244e-08  6.198704e-08  7.624578e-09  0.000007  0.000034  0.000034
max                    1.919244e-08  6.198704e-08  7.624578e-09  0.000007  0.000034  0.000034
starting sklearn study smoothness MLP-adam diabetes mae 15 1
with data root: None
Failure in optimizer suggest. Falling back to random search.
name 'activ' is not defined
Traceback (most recent call last):
  File "/home/ryedida/.local/lib/python3.9/site-packages/bayesmark/experiment.py", line 126, in run_study
    next_points = optimizer.suggest(n_suggestions)
  File "/home/ryedida/bbo_challenge_starter_kit/example_submissions/smoothness/optimizer.py", line 109, in suggest
    betas = [self._get_smoothness_reg(guess) for guess in guesses]
  File "/home/ryedida/bbo_challenge_starter_kit/example_submissions/smoothness/optimizer.py", line 109, in <listcomp>
    betas = [self._get_smoothness_reg(guess) for guess in guesses]
  File "/home/ryedida/bbo_challenge_starter_kit/example_submissions/smoothness/optimizer.py", line 49, in _get_smoothness_reg
    if activ > Kz:
NameError: name 'activ' is not defined
suggestion time taken 0.493691 iter 0 next_points [{'alpha': 0.1350079548156099, 'batch_size': 206, 'beta_1': 0.9446714291175586, 'beta_2': 0.998109748065276, 'epsilon': 2.6381386968229227e-09, 'hidden_layer_sizes': 93, 'learning_rate_init': 0.046239494315030626, 'tol': 7.593873851817194e-05, 'validation_fraction': 0.5994831308272892}]
/home/ryedida/.local/lib/python3.9/site-packages/sklearn/neural_network/_multilayer_perceptron.py:605: UserWarning: Got `batch_size` less than 1 or larger than sample size. It is going to be clipped
  warnings.warn(

function_evaluation time 0.191710 value 54.249778 suggestion {'alpha': 0.1350079548156099, 'batch_size': 206, 'beta_1': 0.9446714291175586, 'beta_2': 0.998109748065276, 'epsilon': 2.6381386968229227e-09, 'hidden_layer_sizes': 93, 'learning_rate_init': 0.046239494315030626, 'tol': 7.593873851817194e-05, 'validation_fraction': 0.5994831308272892}
observation time 0.000006, current best 54.249778 at iter 0
Failure in optimizer suggest. Falling back to random search.
name 'activ' is not defined
Traceback (most recent call last):
  File "/home/ryedida/.local/lib/python3.9/site-packages/bayesmark/experiment.py", line 126, in run_study
    next_points = optimizer.suggest(n_suggestions)
  File "/home/ryedida/bbo_challenge_starter_kit/example_submissions/smoothness/optimizer.py", line 109, in suggest
    betas = [self._get_smoothness_reg(guess) for guess in guesses]
  File "/home/ryedida/bbo_challenge_starter_kit/example_submissions/smoothness/optimizer.py", line 109, in <listcomp>
    betas = [self._get_smoothness_reg(guess) for guess in guesses]
  File "/home/ryedida/bbo_challenge_starter_kit/example_submissions/smoothness/optimizer.py", line 49, in _get_smoothness_reg
    if activ > Kz:
NameError: name 'activ' is not defined
suggestion time taken 0.329772 iter 1 next_points [{'alpha': 0.5864305705542587, 'batch_size': 43, 'beta_1': 0.8794066139390049, 'beta_2': 0.9999697555567999, 'epsilon': 2.594921354567833e-08, 'hidden_layer_sizes': 174, 'learning_rate_init': 2.042581085853964e-05, 'tol': 0.00029433652295557714, 'validation_fraction': 0.46079872686245854}]
function_evaluation time 0.107925 value 151.638855 suggestion {'alpha': 0.5864305705542587, 'batch_size': 43, 'beta_1': 0.8794066139390049, 'beta_2': 0.9999697555567999, 'epsilon': 2.594921354567833e-08, 'hidden_layer_sizes': 174, 'learning_rate_init': 2.042581085853964e-05, 'tol': 0.00029433652295557714, 'validation_fraction': 0.46079872686245854}
observation time 0.000005, current best 54.249778 at iter 1
Failure in optimizer suggest. Falling back to random search.
name 'activ' is not defined
Traceback (most recent call last):
  File "/home/ryedida/.local/lib/python3.9/site-packages/bayesmark/experiment.py", line 126, in run_study
    next_points = optimizer.suggest(n_suggestions)
  File "/home/ryedida/bbo_challenge_starter_kit/example_submissions/smoothness/optimizer.py", line 109, in suggest
    betas = [self._get_smoothness_reg(guess) for guess in guesses]
  File "/home/ryedida/bbo_challenge_starter_kit/example_submissions/smoothness/optimizer.py", line 109, in <listcomp>
    betas = [self._get_smoothness_reg(guess) for guess in guesses]
  File "/home/ryedida/bbo_challenge_starter_kit/example_submissions/smoothness/optimizer.py", line 49, in _get_smoothness_reg
    if activ > Kz:
NameError: name 'activ' is not defined
suggestion time taken 0.331342 iter 2 next_points [{'alpha': 0.15223204312547337, 'batch_size': 61, 'beta_1': 0.888114977888846, 'beta_2': 0.9996785651300832, 'epsilon': 5.530968791624666e-09, 'hidden_layer_sizes': 157, 'learning_rate_init': 0.00025451438828329805, 'tol': 0.0031673003783925834, 'validation_fraction': 0.3969751276116083}]
function_evaluation time 0.094110 value 151.429889 suggestion {'alpha': 0.15223204312547337, 'batch_size': 61, 'beta_1': 0.888114977888846, 'beta_2': 0.9996785651300832, 'epsilon': 5.530968791624666e-09, 'hidden_layer_sizes': 157, 'learning_rate_init': 0.00025451438828329805, 'tol': 0.0031673003783925834, 'validation_fraction': 0.3969751276116083}
observation time 0.000005, current best 54.249778 at iter 2
Failure in optimizer suggest. Falling back to random search.
name 'activ' is not defined
Traceback (most recent call last):
  File "/home/ryedida/.local/lib/python3.9/site-packages/bayesmark/experiment.py", line 126, in run_study
    next_points = optimizer.suggest(n_suggestions)
  File "/home/ryedida/bbo_challenge_starter_kit/example_submissions/smoothness/optimizer.py", line 109, in suggest
    betas = [self._get_smoothness_reg(guess) for guess in guesses]
  File "/home/ryedida/bbo_challenge_starter_kit/example_submissions/smoothness/optimizer.py", line 109, in <listcomp>
    betas = [self._get_smoothness_reg(guess) for guess in guesses]
  File "/home/ryedida/bbo_challenge_starter_kit/example_submissions/smoothness/optimizer.py", line 49, in _get_smoothness_reg
    if activ > Kz:
NameError: name 'activ' is not defined
suggestion time taken 0.326198 iter 3 next_points [{'alpha': 0.0016594607077924524, 'batch_size': 101, 'beta_1': 0.9816425024780443, 'beta_2': 0.9999969279592013, 'epsilon': 4.1281774897708354e-08, 'hidden_layer_sizes': 162, 'learning_rate_init': 6.492401465963904e-05, 'tol': 0.00993495708585132, 'validation_fraction': 0.7272791538535254}]
/home/ryedida/.local/lib/python3.9/site-packages/sklearn/neural_network/_multilayer_perceptron.py:605: UserWarning: Got `batch_size` less than 1 or larger than sample size. It is going to be clipped
  warnings.warn(

function_evaluation time 0.057987 value 151.426681 suggestion {'alpha': 0.0016594607077924524, 'batch_size': 101, 'beta_1': 0.9816425024780443, 'beta_2': 0.9999969279592013, 'epsilon': 4.1281774897708354e-08, 'hidden_layer_sizes': 162, 'learning_rate_init': 6.492401465963904e-05, 'tol': 0.00993495708585132, 'validation_fraction': 0.7272791538535254}
observation time 0.000005, current best 54.249778 at iter 3
Failure in optimizer suggest. Falling back to random search.
name 'activ' is not defined
Traceback (most recent call last):
  File "/home/ryedida/.local/lib/python3.9/site-packages/bayesmark/experiment.py", line 126, in run_study
    next_points = optimizer.suggest(n_suggestions)
  File "/home/ryedida/bbo_challenge_starter_kit/example_submissions/smoothness/optimizer.py", line 109, in suggest
    betas = [self._get_smoothness_reg(guess) for guess in guesses]
  File "/home/ryedida/bbo_challenge_starter_kit/example_submissions/smoothness/optimizer.py", line 109, in <listcomp>
    betas = [self._get_smoothness_reg(guess) for guess in guesses]
  File "/home/ryedida/bbo_challenge_starter_kit/example_submissions/smoothness/optimizer.py", line 49, in _get_smoothness_reg
    if activ > Kz:
NameError: name 'activ' is not defined
suggestion time taken 0.326292 iter 4 next_points [{'alpha': 0.00497794813640366, 'batch_size': 218, 'beta_1': 0.9606204966564144, 'beta_2': 0.9981875497512062, 'epsilon': 3.7708674012246966e-09, 'hidden_layer_sizes': 147, 'learning_rate_init': 0.008675531749893363, 'tol': 0.007985004478133112, 'validation_fraction': 0.22716238229562438}]
function_evaluation time 0.514984 value 93.093487 suggestion {'alpha': 0.00497794813640366, 'batch_size': 218, 'beta_1': 0.9606204966564144, 'beta_2': 0.9981875497512062, 'epsilon': 3.7708674012246966e-09, 'hidden_layer_sizes': 147, 'learning_rate_init': 0.008675531749893363, 'tol': 0.007985004478133112, 'validation_fraction': 0.22716238229562438}
observation time 0.000005, current best 54.249778 at iter 4
Failure in optimizer suggest. Falling back to random search.
name 'activ' is not defined
Traceback (most recent call last):
  File "/home/ryedida/.local/lib/python3.9/site-packages/bayesmark/experiment.py", line 126, in run_study
    next_points = optimizer.suggest(n_suggestions)
  File "/home/ryedida/bbo_challenge_starter_kit/example_submissions/smoothness/optimizer.py", line 109, in suggest
    betas = [self._get_smoothness_reg(guess) for guess in guesses]
  File "/home/ryedida/bbo_challenge_starter_kit/example_submissions/smoothness/optimizer.py", line 109, in <listcomp>
    betas = [self._get_smoothness_reg(guess) for guess in guesses]
  File "/home/ryedida/bbo_challenge_starter_kit/example_submissions/smoothness/optimizer.py", line 49, in _get_smoothness_reg
    if activ > Kz:
NameError: name 'activ' is not defined
suggestion time taken 0.324572 iter 5 next_points [{'alpha': 6.805131213062007e-05, 'batch_size': 55, 'beta_1': 0.5657697219603266, 'beta_2': 0.9999245409782228, 'epsilon': 2.2552640187276846e-07, 'hidden_layer_sizes': 194, 'learning_rate_init': 0.006179103010824215, 'tol': 0.0005181553567924504, 'validation_fraction': 0.13882526762338435}]
function_evaluation time 1.163275 value 46.825934 suggestion {'alpha': 6.805131213062007e-05, 'batch_size': 55, 'beta_1': 0.5657697219603266, 'beta_2': 0.9999245409782228, 'epsilon': 2.2552640187276846e-07, 'hidden_layer_sizes': 194, 'learning_rate_init': 0.006179103010824215, 'tol': 0.0005181553567924504, 'validation_fraction': 0.13882526762338435}
observation time 0.000005, current best 46.825934 at iter 5
Failure in optimizer suggest. Falling back to random search.
name 'activ' is not defined
Traceback (most recent call last):
  File "/home/ryedida/.local/lib/python3.9/site-packages/bayesmark/experiment.py", line 126, in run_study
    next_points = optimizer.suggest(n_suggestions)
  File "/home/ryedida/bbo_challenge_starter_kit/example_submissions/smoothness/optimizer.py", line 109, in suggest
    betas = [self._get_smoothness_reg(guess) for guess in guesses]
  File "/home/ryedida/bbo_challenge_starter_kit/example_submissions/smoothness/optimizer.py", line 109, in <listcomp>
    betas = [self._get_smoothness_reg(guess) for guess in guesses]
  File "/home/ryedida/bbo_challenge_starter_kit/example_submissions/smoothness/optimizer.py", line 49, in _get_smoothness_reg
    if activ > Kz:
NameError: name 'activ' is not defined
suggestion time taken 0.331042 iter 6 next_points [{'alpha': 0.11706436925346558, 'batch_size': 59, 'beta_1': 0.9804959220947034, 'beta_2': 0.999990469404834, 'epsilon': 9.588607081147172e-08, 'hidden_layer_sizes': 95, 'learning_rate_init': 0.04078223220400955, 'tol': 8.092954606569678e-05, 'validation_fraction': 0.5179882653996714}]
function_evaluation time 0.162941 value 56.522284 suggestion {'alpha': 0.11706436925346558, 'batch_size': 59, 'beta_1': 0.9804959220947034, 'beta_2': 0.999990469404834, 'epsilon': 9.588607081147172e-08, 'hidden_layer_sizes': 95, 'learning_rate_init': 0.04078223220400955, 'tol': 8.092954606569678e-05, 'validation_fraction': 0.5179882653996714}
observation time 0.000004, current best 46.825934 at iter 6
Failure in optimizer suggest. Falling back to random search.
name 'activ' is not defined
Traceback (most recent call last):
  File "/home/ryedida/.local/lib/python3.9/site-packages/bayesmark/experiment.py", line 126, in run_study
    next_points = optimizer.suggest(n_suggestions)
  File "/home/ryedida/bbo_challenge_starter_kit/example_submissions/smoothness/optimizer.py", line 109, in suggest
    betas = [self._get_smoothness_reg(guess) for guess in guesses]
  File "/home/ryedida/bbo_challenge_starter_kit/example_submissions/smoothness/optimizer.py", line 109, in <listcomp>
    betas = [self._get_smoothness_reg(guess) for guess in guesses]
  File "/home/ryedida/bbo_challenge_starter_kit/example_submissions/smoothness/optimizer.py", line 49, in _get_smoothness_reg
    if activ > Kz:
NameError: name 'activ' is not defined
suggestion time taken 0.460492 iter 7 next_points [{'alpha': 0.0010942970836082396, 'batch_size': 201, 'beta_1': 0.8478882536827163, 'beta_2': 0.9995333106239547, 'epsilon': 1.734173614454544e-09, 'hidden_layer_sizes': 103, 'learning_rate_init': 0.0001034102202885078, 'tol': 4.874011128821656e-05, 'validation_fraction': 0.5957391940831526}]
/home/ryedida/.local/lib/python3.9/site-packages/sklearn/neural_network/_multilayer_perceptron.py:605: UserWarning: Got `batch_size` less than 1 or larger than sample size. It is going to be clipped
  warnings.warn(

/home/ryedida/.local/lib/python3.9/site-packages/sklearn/neural_network/_multilayer_perceptron.py:686: ConvergenceWarning: Stochastic Optimizer: Maximum iterations (200) reached and the optimization hasn't converged yet.
  warnings.warn(

function_evaluation time 0.735417 value 151.309820 suggestion {'alpha': 0.0010942970836082396, 'batch_size': 201, 'beta_1': 0.8478882536827163, 'beta_2': 0.9995333106239547, 'epsilon': 1.734173614454544e-09, 'hidden_layer_sizes': 103, 'learning_rate_init': 0.0001034102202885078, 'tol': 4.874011128821656e-05, 'validation_fraction': 0.5957391940831526}
observation time 0.000005, current best 46.825934 at iter 7
Failure in optimizer suggest. Falling back to random search.
name 'activ' is not defined
Traceback (most recent call last):
  File "/home/ryedida/.local/lib/python3.9/site-packages/bayesmark/experiment.py", line 126, in run_study
    next_points = optimizer.suggest(n_suggestions)
  File "/home/ryedida/bbo_challenge_starter_kit/example_submissions/smoothness/optimizer.py", line 109, in suggest
    betas = [self._get_smoothness_reg(guess) for guess in guesses]
  File "/home/ryedida/bbo_challenge_starter_kit/example_submissions/smoothness/optimizer.py", line 109, in <listcomp>
    betas = [self._get_smoothness_reg(guess) for guess in guesses]
  File "/home/ryedida/bbo_challenge_starter_kit/example_submissions/smoothness/optimizer.py", line 49, in _get_smoothness_reg
    if activ > Kz:
NameError: name 'activ' is not defined
suggestion time taken 0.322203 iter 8 next_points [{'alpha': 0.027129581131703193, 'batch_size': 215, 'beta_1': 0.7014475862927888, 'beta_2': 0.9997597160050234, 'epsilon': 7.270926256420513e-09, 'hidden_layer_sizes': 123, 'learning_rate_init': 1.6935243031921735e-05, 'tol': 0.0002897742709052144, 'validation_fraction': 0.3265518626289543}]
function_evaluation time 0.065339 value 151.467324 suggestion {'alpha': 0.027129581131703193, 'batch_size': 215, 'beta_1': 0.7014475862927888, 'beta_2': 0.9997597160050234, 'epsilon': 7.270926256420513e-09, 'hidden_layer_sizes': 123, 'learning_rate_init': 1.6935243031921735e-05, 'tol': 0.0002897742709052144, 'validation_fraction': 0.3265518626289543}
observation time 0.000005, current best 46.825934 at iter 8
Failure in optimizer suggest. Falling back to random search.
name 'activ' is not defined
Traceback (most recent call last):
  File "/home/ryedida/.local/lib/python3.9/site-packages/bayesmark/experiment.py", line 126, in run_study
    next_points = optimizer.suggest(n_suggestions)
  File "/home/ryedida/bbo_challenge_starter_kit/example_submissions/smoothness/optimizer.py", line 109, in suggest
    betas = [self._get_smoothness_reg(guess) for guess in guesses]
  File "/home/ryedida/bbo_challenge_starter_kit/example_submissions/smoothness/optimizer.py", line 109, in <listcomp>
    betas = [self._get_smoothness_reg(guess) for guess in guesses]
  File "/home/ryedida/bbo_challenge_starter_kit/example_submissions/smoothness/optimizer.py", line 49, in _get_smoothness_reg
    if activ > Kz:
NameError: name 'activ' is not defined
suggestion time taken 0.323991 iter 9 next_points [{'alpha': 1.706710088855824e-05, 'batch_size': 240, 'beta_1': 0.7053620222689769, 'beta_2': 0.9867760510053292, 'epsilon': 4.7232253926691155e-07, 'hidden_layer_sizes': 119, 'learning_rate_init': 0.0004623160782791045, 'tol': 0.02353223404608615, 'validation_fraction': 0.13502348682680174}]
function_evaluation time 0.079531 value 151.530123 suggestion {'alpha': 1.706710088855824e-05, 'batch_size': 240, 'beta_1': 0.7053620222689769, 'beta_2': 0.9867760510053292, 'epsilon': 4.7232253926691155e-07, 'hidden_layer_sizes': 119, 'learning_rate_init': 0.0004623160782791045, 'tol': 0.02353223404608615, 'validation_fraction': 0.13502348682680174}
observation time 0.000005, current best 46.825934 at iter 9
Failure in optimizer suggest. Falling back to random search.
name 'activ' is not defined
Traceback (most recent call last):
  File "/home/ryedida/.local/lib/python3.9/site-packages/bayesmark/experiment.py", line 126, in run_study
    next_points = optimizer.suggest(n_suggestions)
  File "/home/ryedida/bbo_challenge_starter_kit/example_submissions/smoothness/optimizer.py", line 109, in suggest
    betas = [self._get_smoothness_reg(guess) for guess in guesses]
  File "/home/ryedida/bbo_challenge_starter_kit/example_submissions/smoothness/optimizer.py", line 109, in <listcomp>
    betas = [self._get_smoothness_reg(guess) for guess in guesses]
  File "/home/ryedida/bbo_challenge_starter_kit/example_submissions/smoothness/optimizer.py", line 49, in _get_smoothness_reg
    if activ > Kz:
NameError: name 'activ' is not defined
suggestion time taken 0.318878 iter 10 next_points [{'alpha': 5.019196993299038e-05, 'batch_size': 211, 'beta_1': 0.9792818351285011, 'beta_2': 0.9999981789498726, 'epsilon': 4.824340045495077e-07, 'hidden_layer_sizes': 128, 'learning_rate_init': 1.0910680245752894e-05, 'tol': 0.08301884080049096, 'validation_fraction': 0.19663238035583644}]
function_evaluation time 0.085734 value 151.535602 suggestion {'alpha': 5.019196993299038e-05, 'batch_size': 211, 'beta_1': 0.9792818351285011, 'beta_2': 0.9999981789498726, 'epsilon': 4.824340045495077e-07, 'hidden_layer_sizes': 128, 'learning_rate_init': 1.0910680245752894e-05, 'tol': 0.08301884080049096, 'validation_fraction': 0.19663238035583644}
observation time 0.000005, current best 46.825934 at iter 10
Failure in optimizer suggest. Falling back to random search.
name 'activ' is not defined
Traceback (most recent call last):
  File "/home/ryedida/.local/lib/python3.9/site-packages/bayesmark/experiment.py", line 126, in run_study
    next_points = optimizer.suggest(n_suggestions)
  File "/home/ryedida/bbo_challenge_starter_kit/example_submissions/smoothness/optimizer.py", line 109, in suggest
    betas = [self._get_smoothness_reg(guess) for guess in guesses]
  File "/home/ryedida/bbo_challenge_starter_kit/example_submissions/smoothness/optimizer.py", line 109, in <listcomp>
    betas = [self._get_smoothness_reg(guess) for guess in guesses]
  File "/home/ryedida/bbo_challenge_starter_kit/example_submissions/smoothness/optimizer.py", line 49, in _get_smoothness_reg
    if activ > Kz:
NameError: name 'activ' is not defined
suggestion time taken 0.312537 iter 11 next_points [{'alpha': 2.1978466269704167e-05, 'batch_size': 123, 'beta_1': 0.8999778399717085, 'beta_2': 0.987592501523717, 'epsilon': 5.4763249318086913e-08, 'hidden_layer_sizes': 72, 'learning_rate_init': 2.362110138246103e-05, 'tol': 0.011267522535727062, 'validation_fraction': 0.10678277829830074}]
function_evaluation time 0.054671 value 151.571822 suggestion {'alpha': 2.1978466269704167e-05, 'batch_size': 123, 'beta_1': 0.8999778399717085, 'beta_2': 0.987592501523717, 'epsilon': 5.4763249318086913e-08, 'hidden_layer_sizes': 72, 'learning_rate_init': 2.362110138246103e-05, 'tol': 0.011267522535727062, 'validation_fraction': 0.10678277829830074}
observation time 0.000005, current best 46.825934 at iter 11
Failure in optimizer suggest. Falling back to random search.
name 'activ' is not defined
Traceback (most recent call last):
  File "/home/ryedida/.local/lib/python3.9/site-packages/bayesmark/experiment.py", line 126, in run_study
    next_points = optimizer.suggest(n_suggestions)
  File "/home/ryedida/bbo_challenge_starter_kit/example_submissions/smoothness/optimizer.py", line 109, in suggest
    betas = [self._get_smoothness_reg(guess) for guess in guesses]
  File "/home/ryedida/bbo_challenge_starter_kit/example_submissions/smoothness/optimizer.py", line 109, in <listcomp>
    betas = [self._get_smoothness_reg(guess) for guess in guesses]
  File "/home/ryedida/bbo_challenge_starter_kit/example_submissions/smoothness/optimizer.py", line 49, in _get_smoothness_reg
    if activ > Kz:
NameError: name 'activ' is not defined
suggestion time taken 0.316433 iter 12 next_points [{'alpha': 1.2672452211134805e-05, 'batch_size': 90, 'beta_1': 0.5525777699172908, 'beta_2': 0.9990183327706539, 'epsilon': 1.018365924621217e-09, 'hidden_layer_sizes': 81, 'learning_rate_init': 0.05394454720814761, 'tol': 0.0003035818053438739, 'validation_fraction': 0.8978747863224051}]
/home/ryedida/.local/lib/python3.9/site-packages/sklearn/neural_network/_multilayer_perceptron.py:605: UserWarning: Got `batch_size` less than 1 or larger than sample size. It is going to be clipped
  warnings.warn(

function_evaluation time 0.400684 value 47.989629 suggestion {'alpha': 1.2672452211134805e-05, 'batch_size': 90, 'beta_1': 0.5525777699172908, 'beta_2': 0.9990183327706539, 'epsilon': 1.018365924621217e-09, 'hidden_layer_sizes': 81, 'learning_rate_init': 0.05394454720814761, 'tol': 0.0003035818053438739, 'validation_fraction': 0.8978747863224051}
observation time 0.000004, current best 46.825934 at iter 12
Failure in optimizer suggest. Falling back to random search.
name 'activ' is not defined
Traceback (most recent call last):
  File "/home/ryedida/.local/lib/python3.9/site-packages/bayesmark/experiment.py", line 126, in run_study
    next_points = optimizer.suggest(n_suggestions)
  File "/home/ryedida/bbo_challenge_starter_kit/example_submissions/smoothness/optimizer.py", line 109, in suggest
    betas = [self._get_smoothness_reg(guess) for guess in guesses]
  File "/home/ryedida/bbo_challenge_starter_kit/example_submissions/smoothness/optimizer.py", line 109, in <listcomp>
    betas = [self._get_smoothness_reg(guess) for guess in guesses]
  File "/home/ryedida/bbo_challenge_starter_kit/example_submissions/smoothness/optimizer.py", line 49, in _get_smoothness_reg
    if activ > Kz:
NameError: name 'activ' is not defined
suggestion time taken 0.316358 iter 13 next_points [{'alpha': 4.869213238147787e-05, 'batch_size': 88, 'beta_1': 0.9852866713213247, 'beta_2': 0.9999509487776541, 'epsilon': 1.5186268467260625e-09, 'hidden_layer_sizes': 133, 'learning_rate_init': 0.0008604763088983866, 'tol': 0.0016617694160654787, 'validation_fraction': 0.12707549756598988}]
/home/ryedida/.local/lib/python3.9/site-packages/sklearn/neural_network/_multilayer_perceptron.py:686: ConvergenceWarning: Stochastic Optimizer: Maximum iterations (200) reached and the optimization hasn't converged yet.
  warnings.warn(

function_evaluation time 1.464892 value 121.886798 suggestion {'alpha': 4.869213238147787e-05, 'batch_size': 88, 'beta_1': 0.9852866713213247, 'beta_2': 0.9999509487776541, 'epsilon': 1.5186268467260625e-09, 'hidden_layer_sizes': 133, 'learning_rate_init': 0.0008604763088983866, 'tol': 0.0016617694160654787, 'validation_fraction': 0.12707549756598988}
observation time 0.000004, current best 46.825934 at iter 13
Failure in optimizer suggest. Falling back to random search.
name 'activ' is not defined
Traceback (most recent call last):
  File "/home/ryedida/.local/lib/python3.9/site-packages/bayesmark/experiment.py", line 126, in run_study
    next_points = optimizer.suggest(n_suggestions)
  File "/home/ryedida/bbo_challenge_starter_kit/example_submissions/smoothness/optimizer.py", line 109, in suggest
    betas = [self._get_smoothness_reg(guess) for guess in guesses]
  File "/home/ryedida/bbo_challenge_starter_kit/example_submissions/smoothness/optimizer.py", line 109, in <listcomp>
    betas = [self._get_smoothness_reg(guess) for guess in guesses]
  File "/home/ryedida/bbo_challenge_starter_kit/example_submissions/smoothness/optimizer.py", line 49, in _get_smoothness_reg
    if activ > Kz:
NameError: name 'activ' is not defined
suggestion time taken 0.325326 iter 14 next_points [{'alpha': 0.10594905450045652, 'batch_size': 249, 'beta_1': 0.9759404032941865, 'beta_2': 0.9999977483684886, 'epsilon': 1.7744358758240481e-09, 'hidden_layer_sizes': 76, 'learning_rate_init': 4.0220481446717296e-05, 'tol': 0.0018222053213493574, 'validation_fraction': 0.17974025922122827}]
function_evaluation time 0.060279 value 151.641628 suggestion {'alpha': 0.10594905450045652, 'batch_size': 249, 'beta_1': 0.9759404032941865, 'beta_2': 0.9999977483684886, 'epsilon': 1.7744358758240481e-09, 'hidden_layer_sizes': 76, 'learning_rate_init': 4.0220481446717296e-05, 'tol': 0.0018222053213493574, 'validation_fraction': 0.17974025922122827}
observation time 0.000005, current best 46.825934 at iter 14
saving meta data: {'args': {'--uuid': '1da93616a55f508daf05dee4b0d39254', '-db-root': '/home/ryedida/bbo_challenge_starter_kit/output', '--opt-root': '/home/ryedida/bbo_challenge_starter_kit/example_submissions', '--data-root': None, '--db': 'run_20230427_004608', '--opt': 'smoothness', '--data': 'diabetes', '--classifier': 'MLP-adam', '--metric': 'mae', '--calls': 15, '--suggestions': 1, '--jobs-file': None, '--verbose': False, 'dry_run': False, 'rev': 'a376313', 'opt_rev': 'x.x.x'}, 'signature': ([{'alpha': 0.019628224813442792, 'batch_size': 182, 'beta_1': 0.9410202200271762, 'beta_2': 0.9998021557676793, 'epsilon': 1.8662266976518e-08, 'hidden_layer_sizes': 147, 'learning_rate_init': 0.0005627932047415167, 'tol': 0.03690557729213761, 'validation_fraction': 0.8846827852548593}, {'alpha': 0.0019982467392329444, 'batch_size': 200, 'beta_1': 0.919111482530466, 'beta_2': 0.9998488260436156, 'epsilon': 5.981221901152555e-07, 'hidden_layer_sizes': 61, 'learning_rate_init': 2.2310905607443014e-05, 'tol': 1.2046852412030316e-05, 'validation_fraction': 0.8117896445826539}, {'alpha': 0.46659545670218433, 'batch_size': 219, 'beta_1': 0.9889789783750891, 'beta_2': 0.9999896868093284, 'epsilon': 2.4234724484675948e-08, 'hidden_layer_sizes': 167, 'learning_rate_init': 2.972334644335654e-05, 'tol': 0.0036281404040243792, 'validation_fraction': 0.17260651658522078}, {'alpha': 4.656005689076002, 'batch_size': 135, 'beta_1': 0.870503881627747, 'beta_2': 0.9948873266941017, 'epsilon': 2.1023308743480125e-07, 'hidden_layer_sizes': 118, 'learning_rate_init': 0.0018781738757161913, 'tol': 1.1889379831773004e-05, 'validation_fraction': 0.6264327093752792}, {'alpha': 0.04705159350400542, 'batch_size': 158, 'beta_1': 0.9870884262730957, 'beta_2': 0.9999596874382349, 'epsilon': 1.1981845126013875e-08, 'hidden_layer_sizes': 116, 'learning_rate_init': 0.00617340520407431, 'tol': 1.741413418158619e-05, 'validation_fraction': 0.6754299026638921}], [151.4971925380264, 151.42763539278994, 151.47026299046811, 136.86202504264318, 75.2055865763391])}
saving results
saving timing
saving suggest log
done
