running: {'--uuid': '259da8ab4018524aaf7cbfcff4c18cc3', '-db-root': '/home/ryedida/bbo_challenge_starter_kit/output', '--opt-root': '/home/ryedida/bbo_challenge_starter_kit/example_submissions', '--data-root': None, '--db': 'run_20230427_004608', '--opt': 'smoothness', '--data': 'diabetes', '--classifier': 'MLP-adam', '--metric': 'mae', '--calls': 15, '--suggestions': 1, '--jobs-file': None, '--verbose': False, 'dry_run': False, 'rev': 'a376313', 'opt_rev': 'x.x.x'}
cmd: python smoothness/optimizer.py -c MLP-adam -d diabetes -o smoothness -u 259da8ab4018524aaf7cbfcff4c18cc3 -m mae -n 15 -p 1 -dir /home/ryedida/bbo_challenge_starter_kit/output -b run_20230427_004608
/home/ryedida/.local/lib/python3.9/site-packages/sklearn/neural_network/_multilayer_perceptron.py:605: UserWarning: Got `batch_size` less than 1 or larger than sample size. It is going to be clipped
  warnings.warn(

/home/ryedida/.local/lib/python3.9/site-packages/sklearn/neural_network/_multilayer_perceptron.py:605: UserWarning: Got `batch_size` less than 1 or larger than sample size. It is going to be clipped
  warnings.warn(

/home/ryedida/.local/lib/python3.9/site-packages/sklearn/neural_network/_multilayer_perceptron.py:605: UserWarning: Got `batch_size` less than 1 or larger than sample size. It is going to be clipped
  warnings.warn(

/home/ryedida/.local/lib/python3.9/site-packages/sklearn/neural_network/_multilayer_perceptron.py:686: ConvergenceWarning: Stochastic Optimizer: Maximum iterations (200) reached and the optimization hasn't converged yet.
  warnings.warn(

/home/ryedida/.local/lib/python3.9/site-packages/sklearn/neural_network/_multilayer_perceptron.py:605: UserWarning: Got `batch_size` less than 1 or larger than sample size. It is going to be clipped
  warnings.warn(

/home/ryedida/.local/lib/python3.9/site-packages/sklearn/neural_network/_multilayer_perceptron.py:686: ConvergenceWarning: Stochastic Optimizer: Maximum iterations (200) reached and the optimization hasn't converged yet.
  warnings.warn(

computed signature: ([{'alpha': 0.019628224813442792, 'batch_size': 182, 'beta_1': 0.9410202200271762, 'beta_2': 0.9998021557676793, 'epsilon': 1.8662266976518e-08, 'hidden_layer_sizes': 147, 'learning_rate_init': 0.0005627932047415167, 'tol': 0.03690557729213761, 'validation_fraction': 0.8846827852548593}, {'alpha': 0.0019982467392329444, 'batch_size': 200, 'beta_1': 0.919111482530466, 'beta_2': 0.9998488260436156, 'epsilon': 5.981221901152555e-07, 'hidden_layer_sizes': 61, 'learning_rate_init': 2.2310905607443014e-05, 'tol': 1.2046852412030316e-05, 'validation_fraction': 0.8117896445826539}, {'alpha': 0.46659545670218433, 'batch_size': 219, 'beta_1': 0.9889789783750891, 'beta_2': 0.9999896868093284, 'epsilon': 2.4234724484675948e-08, 'hidden_layer_sizes': 167, 'learning_rate_init': 2.972334644335654e-05, 'tol': 0.0036281404040243792, 'validation_fraction': 0.17260651658522078}, {'alpha': 4.656005689076002, 'batch_size': 135, 'beta_1': 0.870503881627747, 'beta_2': 0.9948873266941017, 'epsilon': 2.1023308743480125e-07, 'hidden_layer_sizes': 118, 'learning_rate_init': 0.0018781738757161913, 'tol': 1.1889379831773004e-05, 'validation_fraction': 0.6264327093752792}, {'alpha': 0.04705159350400542, 'batch_size': 158, 'beta_1': 0.9870884262730957, 'beta_2': 0.9999596874382349, 'epsilon': 1.1981845126013875e-08, 'hidden_layer_sizes': 116, 'learning_rate_init': 0.00617340520407431, 'tol': 1.741413418158619e-05, 'validation_fraction': 0.6754299026638921}], [151.4971925380264, 151.42763539278994, 151.47026299046811, 136.86202504264318, 75.2055865763391])
Signature errors:
                                  0             1             2         3         4       max
MLP-adam_diabetes_mae  1.919244e-08  6.198704e-08  7.624578e-09  0.000007  0.000034  0.000034
max                    1.919244e-08  6.198704e-08  7.624578e-09  0.000007  0.000034  0.000034
starting sklearn study smoothness MLP-adam diabetes mae 15 1
with data root: None
Failure in optimizer suggest. Falling back to random search.
name 'activ' is not defined
Traceback (most recent call last):
  File "/home/ryedida/.local/lib/python3.9/site-packages/bayesmark/experiment.py", line 126, in run_study
    next_points = optimizer.suggest(n_suggestions)
  File "/home/ryedida/bbo_challenge_starter_kit/example_submissions/smoothness/optimizer.py", line 109, in suggest
    betas = [self._get_smoothness_reg(guess) for guess in guesses]
  File "/home/ryedida/bbo_challenge_starter_kit/example_submissions/smoothness/optimizer.py", line 109, in <listcomp>
    betas = [self._get_smoothness_reg(guess) for guess in guesses]
  File "/home/ryedida/bbo_challenge_starter_kit/example_submissions/smoothness/optimizer.py", line 49, in _get_smoothness_reg
    if activ > Kz:
NameError: name 'activ' is not defined
suggestion time taken 0.504115 iter 0 next_points [{'alpha': 0.0005037511142276858, 'batch_size': 149, 'beta_1': 0.8413504579039484, 'beta_2': 0.9973153758051566, 'epsilon': 3.9190331151897034e-08, 'hidden_layer_sizes': 63, 'learning_rate_init': 0.0009913669438411294, 'tol': 1.1762049686986202e-05, 'validation_fraction': 0.8235017359355074}]
/home/ryedida/.local/lib/python3.9/site-packages/sklearn/neural_network/_multilayer_perceptron.py:605: UserWarning: Got `batch_size` less than 1 or larger than sample size. It is going to be clipped
  warnings.warn(

/home/ryedida/.local/lib/python3.9/site-packages/sklearn/neural_network/_multilayer_perceptron.py:686: ConvergenceWarning: Stochastic Optimizer: Maximum iterations (200) reached and the optimization hasn't converged yet.
  warnings.warn(

function_evaluation time 0.574134 value 148.335261 suggestion {'alpha': 0.0005037511142276858, 'batch_size': 149, 'beta_1': 0.8413504579039484, 'beta_2': 0.9973153758051566, 'epsilon': 3.9190331151897034e-08, 'hidden_layer_sizes': 63, 'learning_rate_init': 0.0009913669438411294, 'tol': 1.1762049686986202e-05, 'validation_fraction': 0.8235017359355074}
observation time 0.000007, current best 148.335261 at iter 0
Failure in optimizer suggest. Falling back to random search.
name 'activ' is not defined
Traceback (most recent call last):
  File "/home/ryedida/.local/lib/python3.9/site-packages/bayesmark/experiment.py", line 126, in run_study
    next_points = optimizer.suggest(n_suggestions)
  File "/home/ryedida/bbo_challenge_starter_kit/example_submissions/smoothness/optimizer.py", line 109, in suggest
    betas = [self._get_smoothness_reg(guess) for guess in guesses]
  File "/home/ryedida/bbo_challenge_starter_kit/example_submissions/smoothness/optimizer.py", line 109, in <listcomp>
    betas = [self._get_smoothness_reg(guess) for guess in guesses]
  File "/home/ryedida/bbo_challenge_starter_kit/example_submissions/smoothness/optimizer.py", line 49, in _get_smoothness_reg
    if activ > Kz:
NameError: name 'activ' is not defined
suggestion time taken 0.339210 iter 1 next_points [{'alpha': 0.00011323710264534913, 'batch_size': 48, 'beta_1': 0.9890852891208725, 'beta_2': 0.9634298864057472, 'epsilon': 1.9217486281925353e-09, 'hidden_layer_sizes': 139, 'learning_rate_init': 0.009438619070572092, 'tol': 0.0020806966770589488, 'validation_fraction': 0.4000050185466756}]
function_evaluation time 0.454734 value 57.124662 suggestion {'alpha': 0.00011323710264534913, 'batch_size': 48, 'beta_1': 0.9890852891208725, 'beta_2': 0.9634298864057472, 'epsilon': 1.9217486281925353e-09, 'hidden_layer_sizes': 139, 'learning_rate_init': 0.009438619070572092, 'tol': 0.0020806966770589488, 'validation_fraction': 0.4000050185466756}
observation time 0.000005, current best 57.124662 at iter 1
Failure in optimizer suggest. Falling back to random search.
name 'activ' is not defined
Traceback (most recent call last):
  File "/home/ryedida/.local/lib/python3.9/site-packages/bayesmark/experiment.py", line 126, in run_study
    next_points = optimizer.suggest(n_suggestions)
  File "/home/ryedida/bbo_challenge_starter_kit/example_submissions/smoothness/optimizer.py", line 109, in suggest
    betas = [self._get_smoothness_reg(guess) for guess in guesses]
  File "/home/ryedida/bbo_challenge_starter_kit/example_submissions/smoothness/optimizer.py", line 109, in <listcomp>
    betas = [self._get_smoothness_reg(guess) for guess in guesses]
  File "/home/ryedida/bbo_challenge_starter_kit/example_submissions/smoothness/optimizer.py", line 49, in _get_smoothness_reg
    if activ > Kz:
NameError: name 'activ' is not defined
suggestion time taken 0.331588 iter 2 next_points [{'alpha': 0.03188841125637238, 'batch_size': 215, 'beta_1': 0.7089016738599253, 'beta_2': 0.971800620960356, 'epsilon': 5.133694114959614e-09, 'hidden_layer_sizes': 200, 'learning_rate_init': 0.0021371558088590734, 'tol': 0.00020327617874104164, 'validation_fraction': 0.8976521766588144}]
/home/ryedida/.local/lib/python3.9/site-packages/sklearn/neural_network/_multilayer_perceptron.py:605: UserWarning: Got `batch_size` less than 1 or larger than sample size. It is going to be clipped
  warnings.warn(

/home/ryedida/.local/lib/python3.9/site-packages/sklearn/neural_network/_multilayer_perceptron.py:686: ConvergenceWarning: Stochastic Optimizer: Maximum iterations (200) reached and the optimization hasn't converged yet.
  warnings.warn(

function_evaluation time 0.757851 value 125.390819 suggestion {'alpha': 0.03188841125637238, 'batch_size': 215, 'beta_1': 0.7089016738599253, 'beta_2': 0.971800620960356, 'epsilon': 5.133694114959614e-09, 'hidden_layer_sizes': 200, 'learning_rate_init': 0.0021371558088590734, 'tol': 0.00020327617874104164, 'validation_fraction': 0.8976521766588144}
observation time 0.000005, current best 57.124662 at iter 2
Failure in optimizer suggest. Falling back to random search.
name 'activ' is not defined
Traceback (most recent call last):
  File "/home/ryedida/.local/lib/python3.9/site-packages/bayesmark/experiment.py", line 126, in run_study
    next_points = optimizer.suggest(n_suggestions)
  File "/home/ryedida/bbo_challenge_starter_kit/example_submissions/smoothness/optimizer.py", line 109, in suggest
    betas = [self._get_smoothness_reg(guess) for guess in guesses]
  File "/home/ryedida/bbo_challenge_starter_kit/example_submissions/smoothness/optimizer.py", line 109, in <listcomp>
    betas = [self._get_smoothness_reg(guess) for guess in guesses]
  File "/home/ryedida/bbo_challenge_starter_kit/example_submissions/smoothness/optimizer.py", line 49, in _get_smoothness_reg
    if activ > Kz:
NameError: name 'activ' is not defined
suggestion time taken 0.342859 iter 3 next_points [{'alpha': 4.194814012998119e-05, 'batch_size': 20, 'beta_1': 0.7325431396400314, 'beta_2': 0.9999650726144104, 'epsilon': 3.0492720266625127e-07, 'hidden_layer_sizes': 165, 'learning_rate_init': 0.012873301839120752, 'tol': 0.00027169575987567835, 'validation_fraction': 0.794777516394931}]
function_evaluation time 0.913757 value 47.808136 suggestion {'alpha': 4.194814012998119e-05, 'batch_size': 20, 'beta_1': 0.7325431396400314, 'beta_2': 0.9999650726144104, 'epsilon': 3.0492720266625127e-07, 'hidden_layer_sizes': 165, 'learning_rate_init': 0.012873301839120752, 'tol': 0.00027169575987567835, 'validation_fraction': 0.794777516394931}
observation time 0.000005, current best 47.808136 at iter 3
Failure in optimizer suggest. Falling back to random search.
name 'activ' is not defined
Traceback (most recent call last):
  File "/home/ryedida/.local/lib/python3.9/site-packages/bayesmark/experiment.py", line 126, in run_study
    next_points = optimizer.suggest(n_suggestions)
  File "/home/ryedida/bbo_challenge_starter_kit/example_submissions/smoothness/optimizer.py", line 109, in suggest
    betas = [self._get_smoothness_reg(guess) for guess in guesses]
  File "/home/ryedida/bbo_challenge_starter_kit/example_submissions/smoothness/optimizer.py", line 109, in <listcomp>
    betas = [self._get_smoothness_reg(guess) for guess in guesses]
  File "/home/ryedida/bbo_challenge_starter_kit/example_submissions/smoothness/optimizer.py", line 49, in _get_smoothness_reg
    if activ > Kz:
NameError: name 'activ' is not defined
suggestion time taken 0.331595 iter 4 next_points [{'alpha': 0.022873695114972878, 'batch_size': 77, 'beta_1': 0.986802129152481, 'beta_2': 0.9805986880066977, 'epsilon': 8.304510881667728e-08, 'hidden_layer_sizes': 180, 'learning_rate_init': 1.223707331402525e-05, 'tol': 0.01768849779790527, 'validation_fraction': 0.48299928122219216}]
function_evaluation time 0.084832 value 151.641326 suggestion {'alpha': 0.022873695114972878, 'batch_size': 77, 'beta_1': 0.986802129152481, 'beta_2': 0.9805986880066977, 'epsilon': 8.304510881667728e-08, 'hidden_layer_sizes': 180, 'learning_rate_init': 1.223707331402525e-05, 'tol': 0.01768849779790527, 'validation_fraction': 0.48299928122219216}
observation time 0.000005, current best 47.808136 at iter 4
Failure in optimizer suggest. Falling back to random search.
name 'activ' is not defined
Traceback (most recent call last):
  File "/home/ryedida/.local/lib/python3.9/site-packages/bayesmark/experiment.py", line 126, in run_study
    next_points = optimizer.suggest(n_suggestions)
  File "/home/ryedida/bbo_challenge_starter_kit/example_submissions/smoothness/optimizer.py", line 109, in suggest
    betas = [self._get_smoothness_reg(guess) for guess in guesses]
  File "/home/ryedida/bbo_challenge_starter_kit/example_submissions/smoothness/optimizer.py", line 109, in <listcomp>
    betas = [self._get_smoothness_reg(guess) for guess in guesses]
  File "/home/ryedida/bbo_challenge_starter_kit/example_submissions/smoothness/optimizer.py", line 49, in _get_smoothness_reg
    if activ > Kz:
NameError: name 'activ' is not defined
suggestion time taken 0.330039 iter 5 next_points [{'alpha': 0.0026848350465054067, 'batch_size': 10, 'beta_1': 0.9005920728050889, 'beta_2': 0.9959797553860377, 'epsilon': 7.638825077123521e-09, 'hidden_layer_sizes': 174, 'learning_rate_init': 0.0013959528704873014, 'tol': 5.800330377354912e-05, 'validation_fraction': 0.1698209116866075}]
function_evaluation time 4.456073 value 44.534051 suggestion {'alpha': 0.0026848350465054067, 'batch_size': 10, 'beta_1': 0.9005920728050889, 'beta_2': 0.9959797553860377, 'epsilon': 7.638825077123521e-09, 'hidden_layer_sizes': 174, 'learning_rate_init': 0.0013959528704873014, 'tol': 5.800330377354912e-05, 'validation_fraction': 0.1698209116866075}
observation time 0.000005, current best 44.534051 at iter 5
Failure in optimizer suggest. Falling back to random search.
name 'activ' is not defined
Traceback (most recent call last):
  File "/home/ryedida/.local/lib/python3.9/site-packages/bayesmark/experiment.py", line 126, in run_study
    next_points = optimizer.suggest(n_suggestions)
  File "/home/ryedida/bbo_challenge_starter_kit/example_submissions/smoothness/optimizer.py", line 109, in suggest
    betas = [self._get_smoothness_reg(guess) for guess in guesses]
  File "/home/ryedida/bbo_challenge_starter_kit/example_submissions/smoothness/optimizer.py", line 109, in <listcomp>
    betas = [self._get_smoothness_reg(guess) for guess in guesses]
  File "/home/ryedida/bbo_challenge_starter_kit/example_submissions/smoothness/optimizer.py", line 49, in _get_smoothness_reg
    if activ > Kz:
NameError: name 'activ' is not defined
suggestion time taken 0.330943 iter 6 next_points [{'alpha': 0.0005016176949938916, 'batch_size': 159, 'beta_1': 0.8956485466993214, 'beta_2': 0.9997307844962924, 'epsilon': 1.992735020800842e-08, 'hidden_layer_sizes': 69, 'learning_rate_init': 0.046518177336335426, 'tol': 0.029009841757953205, 'validation_fraction': 0.7813884222864611}]
/home/ryedida/.local/lib/python3.9/site-packages/sklearn/neural_network/_multilayer_perceptron.py:605: UserWarning: Got `batch_size` less than 1 or larger than sample size. It is going to be clipped
  warnings.warn(

function_evaluation time 0.178431 value 54.394522 suggestion {'alpha': 0.0005016176949938916, 'batch_size': 159, 'beta_1': 0.8956485466993214, 'beta_2': 0.9997307844962924, 'epsilon': 1.992735020800842e-08, 'hidden_layer_sizes': 69, 'learning_rate_init': 0.046518177336335426, 'tol': 0.029009841757953205, 'validation_fraction': 0.7813884222864611}
observation time 0.000005, current best 44.534051 at iter 6
Failure in optimizer suggest. Falling back to random search.
name 'activ' is not defined
Traceback (most recent call last):
  File "/home/ryedida/.local/lib/python3.9/site-packages/bayesmark/experiment.py", line 126, in run_study
    next_points = optimizer.suggest(n_suggestions)
  File "/home/ryedida/bbo_challenge_starter_kit/example_submissions/smoothness/optimizer.py", line 109, in suggest
    betas = [self._get_smoothness_reg(guess) for guess in guesses]
  File "/home/ryedida/bbo_challenge_starter_kit/example_submissions/smoothness/optimizer.py", line 109, in <listcomp>
    betas = [self._get_smoothness_reg(guess) for guess in guesses]
  File "/home/ryedida/bbo_challenge_starter_kit/example_submissions/smoothness/optimizer.py", line 49, in _get_smoothness_reg
    if activ > Kz:
NameError: name 'activ' is not defined
suggestion time taken 0.473743 iter 7 next_points [{'alpha': 0.0029840281777813327, 'batch_size': 228, 'beta_1': 0.7551527306405336, 'beta_2': 0.978135364283873, 'epsilon': 2.0145899248181008e-07, 'hidden_layer_sizes': 104, 'learning_rate_init': 0.001769355003808811, 'tol': 4.116467104685331e-05, 'validation_fraction': 0.7285445828973143}]
/home/ryedida/.local/lib/python3.9/site-packages/sklearn/neural_network/_multilayer_perceptron.py:605: UserWarning: Got `batch_size` less than 1 or larger than sample size. It is going to be clipped
  warnings.warn(

/home/ryedida/.local/lib/python3.9/site-packages/sklearn/neural_network/_multilayer_perceptron.py:686: ConvergenceWarning: Stochastic Optimizer: Maximum iterations (200) reached and the optimization hasn't converged yet.
  warnings.warn(

function_evaluation time 0.697465 value 140.384015 suggestion {'alpha': 0.0029840281777813327, 'batch_size': 228, 'beta_1': 0.7551527306405336, 'beta_2': 0.978135364283873, 'epsilon': 2.0145899248181008e-07, 'hidden_layer_sizes': 104, 'learning_rate_init': 0.001769355003808811, 'tol': 4.116467104685331e-05, 'validation_fraction': 0.7285445828973143}
observation time 0.000006, current best 44.534051 at iter 7
Failure in optimizer suggest. Falling back to random search.
name 'activ' is not defined
Traceback (most recent call last):
  File "/home/ryedida/.local/lib/python3.9/site-packages/bayesmark/experiment.py", line 126, in run_study
    next_points = optimizer.suggest(n_suggestions)
  File "/home/ryedida/bbo_challenge_starter_kit/example_submissions/smoothness/optimizer.py", line 109, in suggest
    betas = [self._get_smoothness_reg(guess) for guess in guesses]
  File "/home/ryedida/bbo_challenge_starter_kit/example_submissions/smoothness/optimizer.py", line 109, in <listcomp>
    betas = [self._get_smoothness_reg(guess) for guess in guesses]
  File "/home/ryedida/bbo_challenge_starter_kit/example_submissions/smoothness/optimizer.py", line 49, in _get_smoothness_reg
    if activ > Kz:
NameError: name 'activ' is not defined
suggestion time taken 0.347688 iter 8 next_points [{'alpha': 0.00012130914617617089, 'batch_size': 28, 'beta_1': 0.9461766232238561, 'beta_2': 0.9999963694938312, 'epsilon': 1.2033162959671734e-08, 'hidden_layer_sizes': 149, 'learning_rate_init': 0.002232188284309793, 'tol': 0.00027646957565338076, 'validation_fraction': 0.2847695766656989}]
/home/ryedida/.local/lib/python3.9/site-packages/sklearn/neural_network/_multilayer_perceptron.py:686: ConvergenceWarning: Stochastic Optimizer: Maximum iterations (200) reached and the optimization hasn't converged yet.
  warnings.warn(

function_evaluation time 2.204644 value 47.837034 suggestion {'alpha': 0.00012130914617617089, 'batch_size': 28, 'beta_1': 0.9461766232238561, 'beta_2': 0.9999963694938312, 'epsilon': 1.2033162959671734e-08, 'hidden_layer_sizes': 149, 'learning_rate_init': 0.002232188284309793, 'tol': 0.00027646957565338076, 'validation_fraction': 0.2847695766656989}
observation time 0.000005, current best 44.534051 at iter 8
Failure in optimizer suggest. Falling back to random search.
name 'activ' is not defined
Traceback (most recent call last):
  File "/home/ryedida/.local/lib/python3.9/site-packages/bayesmark/experiment.py", line 126, in run_study
    next_points = optimizer.suggest(n_suggestions)
  File "/home/ryedida/bbo_challenge_starter_kit/example_submissions/smoothness/optimizer.py", line 109, in suggest
    betas = [self._get_smoothness_reg(guess) for guess in guesses]
  File "/home/ryedida/bbo_challenge_starter_kit/example_submissions/smoothness/optimizer.py", line 109, in <listcomp>
    betas = [self._get_smoothness_reg(guess) for guess in guesses]
  File "/home/ryedida/bbo_challenge_starter_kit/example_submissions/smoothness/optimizer.py", line 49, in _get_smoothness_reg
    if activ > Kz:
NameError: name 'activ' is not defined
suggestion time taken 0.323056 iter 9 next_points [{'alpha': 0.7672786610257651, 'batch_size': 80, 'beta_1': 0.9754043963610455, 'beta_2': 0.9880787161833859, 'epsilon': 5.447680465252774e-09, 'hidden_layer_sizes': 51, 'learning_rate_init': 2.0296002080345143e-05, 'tol': 2.2513015061373033e-05, 'validation_fraction': 0.1259180722615238}]
/home/ryedida/.local/lib/python3.9/site-packages/sklearn/neural_network/_multilayer_perceptron.py:686: ConvergenceWarning: Stochastic Optimizer: Maximum iterations (200) reached and the optimization hasn't converged yet.
  warnings.warn(

function_evaluation time 0.852807 value 151.616162 suggestion {'alpha': 0.7672786610257651, 'batch_size': 80, 'beta_1': 0.9754043963610455, 'beta_2': 0.9880787161833859, 'epsilon': 5.447680465252774e-09, 'hidden_layer_sizes': 51, 'learning_rate_init': 2.0296002080345143e-05, 'tol': 2.2513015061373033e-05, 'validation_fraction': 0.1259180722615238}
observation time 0.000005, current best 44.534051 at iter 9
Failure in optimizer suggest. Falling back to random search.
name 'activ' is not defined
Traceback (most recent call last):
  File "/home/ryedida/.local/lib/python3.9/site-packages/bayesmark/experiment.py", line 126, in run_study
    next_points = optimizer.suggest(n_suggestions)
  File "/home/ryedida/bbo_challenge_starter_kit/example_submissions/smoothness/optimizer.py", line 109, in suggest
    betas = [self._get_smoothness_reg(guess) for guess in guesses]
  File "/home/ryedida/bbo_challenge_starter_kit/example_submissions/smoothness/optimizer.py", line 109, in <listcomp>
    betas = [self._get_smoothness_reg(guess) for guess in guesses]
  File "/home/ryedida/bbo_challenge_starter_kit/example_submissions/smoothness/optimizer.py", line 49, in _get_smoothness_reg
    if activ > Kz:
NameError: name 'activ' is not defined
suggestion time taken 0.323806 iter 10 next_points [{'alpha': 4.491208167209108e-05, 'batch_size': 108, 'beta_1': 0.9799113977970688, 'beta_2': 0.9999940064652818, 'epsilon': 2.8272281748249737e-07, 'hidden_layer_sizes': 74, 'learning_rate_init': 0.001358767826316803, 'tol': 6.83567413070317e-05, 'validation_fraction': 0.6194967040461153}]
/home/ryedida/.local/lib/python3.9/site-packages/sklearn/neural_network/_multilayer_perceptron.py:686: ConvergenceWarning: Stochastic Optimizer: Maximum iterations (200) reached and the optimization hasn't converged yet.
  warnings.warn(

function_evaluation time 0.687011 value 146.850049 suggestion {'alpha': 4.491208167209108e-05, 'batch_size': 108, 'beta_1': 0.9799113977970688, 'beta_2': 0.9999940064652818, 'epsilon': 2.8272281748249737e-07, 'hidden_layer_sizes': 74, 'learning_rate_init': 0.001358767826316803, 'tol': 6.83567413070317e-05, 'validation_fraction': 0.6194967040461153}
observation time 0.000005, current best 44.534051 at iter 10
Failure in optimizer suggest. Falling back to random search.
name 'activ' is not defined
Traceback (most recent call last):
  File "/home/ryedida/.local/lib/python3.9/site-packages/bayesmark/experiment.py", line 126, in run_study
    next_points = optimizer.suggest(n_suggestions)
  File "/home/ryedida/bbo_challenge_starter_kit/example_submissions/smoothness/optimizer.py", line 109, in suggest
    betas = [self._get_smoothness_reg(guess) for guess in guesses]
  File "/home/ryedida/bbo_challenge_starter_kit/example_submissions/smoothness/optimizer.py", line 109, in <listcomp>
    betas = [self._get_smoothness_reg(guess) for guess in guesses]
  File "/home/ryedida/bbo_challenge_starter_kit/example_submissions/smoothness/optimizer.py", line 49, in _get_smoothness_reg
    if activ > Kz:
NameError: name 'activ' is not defined
suggestion time taken 0.321553 iter 11 next_points [{'alpha': 0.00012126596625412534, 'batch_size': 101, 'beta_1': 0.7343941027613056, 'beta_2': 0.9976818027476934, 'epsilon': 2.335441800080693e-07, 'hidden_layer_sizes': 187, 'learning_rate_init': 0.039662814084741656, 'tol': 2.28325260251919e-05, 'validation_fraction': 0.12800875131546846}]
function_evaluation time 0.445320 value 44.849918 suggestion {'alpha': 0.00012126596625412534, 'batch_size': 101, 'beta_1': 0.7343941027613056, 'beta_2': 0.9976818027476934, 'epsilon': 2.335441800080693e-07, 'hidden_layer_sizes': 187, 'learning_rate_init': 0.039662814084741656, 'tol': 2.28325260251919e-05, 'validation_fraction': 0.12800875131546846}
observation time 0.000004, current best 44.534051 at iter 11
Failure in optimizer suggest. Falling back to random search.
name 'activ' is not defined
Traceback (most recent call last):
  File "/home/ryedida/.local/lib/python3.9/site-packages/bayesmark/experiment.py", line 126, in run_study
    next_points = optimizer.suggest(n_suggestions)
  File "/home/ryedida/bbo_challenge_starter_kit/example_submissions/smoothness/optimizer.py", line 109, in suggest
    betas = [self._get_smoothness_reg(guess) for guess in guesses]
  File "/home/ryedida/bbo_challenge_starter_kit/example_submissions/smoothness/optimizer.py", line 109, in <listcomp>
    betas = [self._get_smoothness_reg(guess) for guess in guesses]
  File "/home/ryedida/bbo_challenge_starter_kit/example_submissions/smoothness/optimizer.py", line 49, in _get_smoothness_reg
    if activ > Kz:
NameError: name 'activ' is not defined
suggestion time taken 0.320352 iter 12 next_points [{'alpha': 0.009600889077202178, 'batch_size': 215, 'beta_1': 0.9805904366111949, 'beta_2': 0.999946217846634, 'epsilon': 1.533775571361795e-07, 'hidden_layer_sizes': 117, 'learning_rate_init': 0.009459348068942691, 'tol': 0.0001893911574879357, 'validation_fraction': 0.798687080524592}]
/home/ryedida/.local/lib/python3.9/site-packages/sklearn/neural_network/_multilayer_perceptron.py:605: UserWarning: Got `batch_size` less than 1 or larger than sample size. It is going to be clipped
  warnings.warn(

function_evaluation time 0.678173 value 55.198388 suggestion {'alpha': 0.009600889077202178, 'batch_size': 215, 'beta_1': 0.9805904366111949, 'beta_2': 0.999946217846634, 'epsilon': 1.533775571361795e-07, 'hidden_layer_sizes': 117, 'learning_rate_init': 0.009459348068942691, 'tol': 0.0001893911574879357, 'validation_fraction': 0.798687080524592}
observation time 0.000005, current best 44.534051 at iter 12
Failure in optimizer suggest. Falling back to random search.
name 'activ' is not defined
Traceback (most recent call last):
  File "/home/ryedida/.local/lib/python3.9/site-packages/bayesmark/experiment.py", line 126, in run_study
    next_points = optimizer.suggest(n_suggestions)
  File "/home/ryedida/bbo_challenge_starter_kit/example_submissions/smoothness/optimizer.py", line 109, in suggest
    betas = [self._get_smoothness_reg(guess) for guess in guesses]
  File "/home/ryedida/bbo_challenge_starter_kit/example_submissions/smoothness/optimizer.py", line 109, in <listcomp>
    betas = [self._get_smoothness_reg(guess) for guess in guesses]
  File "/home/ryedida/bbo_challenge_starter_kit/example_submissions/smoothness/optimizer.py", line 49, in _get_smoothness_reg
    if activ > Kz:
NameError: name 'activ' is not defined
suggestion time taken 0.325658 iter 13 next_points [{'alpha': 1.1344074468411878, 'batch_size': 215, 'beta_1': 0.9113867943010815, 'beta_2': 0.9999961293963234, 'epsilon': 4.070345807241029e-09, 'hidden_layer_sizes': 81, 'learning_rate_init': 0.008031402050454859, 'tol': 0.0011042261304016724, 'validation_fraction': 0.5746875796204904}]
/home/ryedida/.local/lib/python3.9/site-packages/sklearn/neural_network/_multilayer_perceptron.py:605: UserWarning: Got `batch_size` less than 1 or larger than sample size. It is going to be clipped
  warnings.warn(

/home/ryedida/.local/lib/python3.9/site-packages/sklearn/neural_network/_multilayer_perceptron.py:686: ConvergenceWarning: Stochastic Optimizer: Maximum iterations (200) reached and the optimization hasn't converged yet.
  warnings.warn(

function_evaluation time 0.691407 value 52.812490 suggestion {'alpha': 1.1344074468411878, 'batch_size': 215, 'beta_1': 0.9113867943010815, 'beta_2': 0.9999961293963234, 'epsilon': 4.070345807241029e-09, 'hidden_layer_sizes': 81, 'learning_rate_init': 0.008031402050454859, 'tol': 0.0011042261304016724, 'validation_fraction': 0.5746875796204904}
observation time 0.000005, current best 44.534051 at iter 13
Failure in optimizer suggest. Falling back to random search.
name 'activ' is not defined
Traceback (most recent call last):
  File "/home/ryedida/.local/lib/python3.9/site-packages/bayesmark/experiment.py", line 126, in run_study
    next_points = optimizer.suggest(n_suggestions)
  File "/home/ryedida/bbo_challenge_starter_kit/example_submissions/smoothness/optimizer.py", line 109, in suggest
    betas = [self._get_smoothness_reg(guess) for guess in guesses]
  File "/home/ryedida/bbo_challenge_starter_kit/example_submissions/smoothness/optimizer.py", line 109, in <listcomp>
    betas = [self._get_smoothness_reg(guess) for guess in guesses]
  File "/home/ryedida/bbo_challenge_starter_kit/example_submissions/smoothness/optimizer.py", line 49, in _get_smoothness_reg
    if activ > Kz:
NameError: name 'activ' is not defined
suggestion time taken 0.317957 iter 14 next_points [{'alpha': 0.42384296651026676, 'batch_size': 67, 'beta_1': 0.9794947656741968, 'beta_2': 0.9999724662255789, 'epsilon': 6.080085352742924e-08, 'hidden_layer_sizes': 184, 'learning_rate_init': 0.0004326692558022427, 'tol': 0.0012513359214079843, 'validation_fraction': 0.28590552014350584}]
/home/ryedida/.local/lib/python3.9/site-packages/sklearn/neural_network/_multilayer_perceptron.py:686: ConvergenceWarning: Stochastic Optimizer: Maximum iterations (200) reached and the optimization hasn't converged yet.
  warnings.warn(

function_evaluation time 1.191341 value 141.270667 suggestion {'alpha': 0.42384296651026676, 'batch_size': 67, 'beta_1': 0.9794947656741968, 'beta_2': 0.9999724662255789, 'epsilon': 6.080085352742924e-08, 'hidden_layer_sizes': 184, 'learning_rate_init': 0.0004326692558022427, 'tol': 0.0012513359214079843, 'validation_fraction': 0.28590552014350584}
observation time 0.000004, current best 44.534051 at iter 14
saving meta data: {'args': {'--uuid': '259da8ab4018524aaf7cbfcff4c18cc3', '-db-root': '/home/ryedida/bbo_challenge_starter_kit/output', '--opt-root': '/home/ryedida/bbo_challenge_starter_kit/example_submissions', '--data-root': None, '--db': 'run_20230427_004608', '--opt': 'smoothness', '--data': 'diabetes', '--classifier': 'MLP-adam', '--metric': 'mae', '--calls': 15, '--suggestions': 1, '--jobs-file': None, '--verbose': False, 'dry_run': False, 'rev': 'a376313', 'opt_rev': 'x.x.x'}, 'signature': ([{'alpha': 0.019628224813442792, 'batch_size': 182, 'beta_1': 0.9410202200271762, 'beta_2': 0.9998021557676793, 'epsilon': 1.8662266976518e-08, 'hidden_layer_sizes': 147, 'learning_rate_init': 0.0005627932047415167, 'tol': 0.03690557729213761, 'validation_fraction': 0.8846827852548593}, {'alpha': 0.0019982467392329444, 'batch_size': 200, 'beta_1': 0.919111482530466, 'beta_2': 0.9998488260436156, 'epsilon': 5.981221901152555e-07, 'hidden_layer_sizes': 61, 'learning_rate_init': 2.2310905607443014e-05, 'tol': 1.2046852412030316e-05, 'validation_fraction': 0.8117896445826539}, {'alpha': 0.46659545670218433, 'batch_size': 219, 'beta_1': 0.9889789783750891, 'beta_2': 0.9999896868093284, 'epsilon': 2.4234724484675948e-08, 'hidden_layer_sizes': 167, 'learning_rate_init': 2.972334644335654e-05, 'tol': 0.0036281404040243792, 'validation_fraction': 0.17260651658522078}, {'alpha': 4.656005689076002, 'batch_size': 135, 'beta_1': 0.870503881627747, 'beta_2': 0.9948873266941017, 'epsilon': 2.1023308743480125e-07, 'hidden_layer_sizes': 118, 'learning_rate_init': 0.0018781738757161913, 'tol': 1.1889379831773004e-05, 'validation_fraction': 0.6264327093752792}, {'alpha': 0.04705159350400542, 'batch_size': 158, 'beta_1': 0.9870884262730957, 'beta_2': 0.9999596874382349, 'epsilon': 1.1981845126013875e-08, 'hidden_layer_sizes': 116, 'learning_rate_init': 0.00617340520407431, 'tol': 1.741413418158619e-05, 'validation_fraction': 0.6754299026638921}], [151.4971925380264, 151.42763539278994, 151.47026299046811, 136.86202504264318, 75.2055865763391])}
saving results
saving timing
saving suggest log
done
