running: {'--uuid': '4a7af4ae5fde518b83ed599935e8fb1a', '-db-root': '/home/ryedida/bbo_challenge_starter_kit/output', '--opt-root': '/home/ryedida/bbo_challenge_starter_kit/example_submissions', '--data-root': None, '--db': 'run_20230427_004608', '--opt': 'smoothness', '--data': 'diabetes', '--classifier': 'MLP-adam', '--metric': 'mse', '--calls': 15, '--suggestions': 1, '--jobs-file': None, '--verbose': False, 'dry_run': False, 'rev': 'a376313', 'opt_rev': 'x.x.x'}
cmd: python smoothness/optimizer.py -c MLP-adam -d diabetes -o smoothness -u 4a7af4ae5fde518b83ed599935e8fb1a -m mse -n 15 -p 1 -dir /home/ryedida/bbo_challenge_starter_kit/output -b run_20230427_004608
/home/ryedida/.local/lib/python3.9/site-packages/sklearn/neural_network/_multilayer_perceptron.py:605: UserWarning: Got `batch_size` less than 1 or larger than sample size. It is going to be clipped
  warnings.warn(

/home/ryedida/.local/lib/python3.9/site-packages/sklearn/neural_network/_multilayer_perceptron.py:605: UserWarning: Got `batch_size` less than 1 or larger than sample size. It is going to be clipped
  warnings.warn(

/home/ryedida/.local/lib/python3.9/site-packages/sklearn/neural_network/_multilayer_perceptron.py:605: UserWarning: Got `batch_size` less than 1 or larger than sample size. It is going to be clipped
  warnings.warn(

/home/ryedida/.local/lib/python3.9/site-packages/sklearn/neural_network/_multilayer_perceptron.py:686: ConvergenceWarning: Stochastic Optimizer: Maximum iterations (200) reached and the optimization hasn't converged yet.
  warnings.warn(

/home/ryedida/.local/lib/python3.9/site-packages/sklearn/neural_network/_multilayer_perceptron.py:605: UserWarning: Got `batch_size` less than 1 or larger than sample size. It is going to be clipped
  warnings.warn(

/home/ryedida/.local/lib/python3.9/site-packages/sklearn/neural_network/_multilayer_perceptron.py:686: ConvergenceWarning: Stochastic Optimizer: Maximum iterations (200) reached and the optimization hasn't converged yet.
  warnings.warn(

computed signature: ([{'alpha': 0.019628224813442792, 'batch_size': 182, 'beta_1': 0.9410202200271762, 'beta_2': 0.9998021557676793, 'epsilon': 1.8662266976518e-08, 'hidden_layer_sizes': 147, 'learning_rate_init': 0.0005627932047415167, 'tol': 0.03690557729213761, 'validation_fraction': 0.8846827852548593}, {'alpha': 0.0019982467392329444, 'batch_size': 200, 'beta_1': 0.919111482530466, 'beta_2': 0.9998488260436156, 'epsilon': 5.981221901152555e-07, 'hidden_layer_sizes': 61, 'learning_rate_init': 2.2310905607443014e-05, 'tol': 1.2046852412030316e-05, 'validation_fraction': 0.8117896445826539}, {'alpha': 0.46659545670218433, 'batch_size': 219, 'beta_1': 0.9889789783750891, 'beta_2': 0.9999896868093284, 'epsilon': 2.4234724484675948e-08, 'hidden_layer_sizes': 167, 'learning_rate_init': 2.972334644335654e-05, 'tol': 0.0036281404040243792, 'validation_fraction': 0.17260651658522078}, {'alpha': 4.656005689076002, 'batch_size': 135, 'beta_1': 0.870503881627747, 'beta_2': 0.9948873266941017, 'epsilon': 2.1023308743480125e-07, 'hidden_layer_sizes': 118, 'learning_rate_init': 0.0018781738757161913, 'tol': 1.1889379831773004e-05, 'validation_fraction': 0.6264327093752792}, {'alpha': 0.04705159350400542, 'batch_size': 158, 'beta_1': 0.9870884262730957, 'beta_2': 0.9999596874382349, 'epsilon': 1.1981845126013875e-08, 'hidden_layer_sizes': 116, 'learning_rate_init': 0.00617340520407431, 'tol': 1.741413418158619e-05, 'validation_fraction': 0.6754299026638921}], [29083.993548572587, 29062.423277324073, 29075.78987471409, 24626.32866834337, 9584.226858493177])
Signature errors:
                              0         1         2         3         4       max
MLP-adam_diabetes_mse  0.000007  0.000008  0.000003  0.003558  0.004952  0.004952
max                    0.000007  0.000008  0.000003  0.003558  0.004952  0.004952
starting sklearn study smoothness MLP-adam diabetes mse 15 1
with data root: None
Failure in optimizer suggest. Falling back to random search.
name 'activ' is not defined
Traceback (most recent call last):
  File "/home/ryedida/.local/lib/python3.9/site-packages/bayesmark/experiment.py", line 126, in run_study
    next_points = optimizer.suggest(n_suggestions)
  File "/home/ryedida/bbo_challenge_starter_kit/example_submissions/smoothness/optimizer.py", line 109, in suggest
    betas = [self._get_smoothness_reg(guess) for guess in guesses]
  File "/home/ryedida/bbo_challenge_starter_kit/example_submissions/smoothness/optimizer.py", line 109, in <listcomp>
    betas = [self._get_smoothness_reg(guess) for guess in guesses]
  File "/home/ryedida/bbo_challenge_starter_kit/example_submissions/smoothness/optimizer.py", line 49, in _get_smoothness_reg
    if activ > Kz:
NameError: name 'activ' is not defined
suggestion time taken 0.494163 iter 0 next_points [{'alpha': 0.0012062601742660662, 'batch_size': 29, 'beta_1': 0.9347656387314082, 'beta_2': 0.9999960060027455, 'epsilon': 4.389018106081793e-07, 'hidden_layer_sizes': 193, 'learning_rate_init': 1.7599934279005372e-05, 'tol': 0.000373389007252922, 'validation_fraction': 0.5921607449176125}]
function_evaluation time 0.106116 value 29121.532765 suggestion {'alpha': 0.0012062601742660662, 'batch_size': 29, 'beta_1': 0.9347656387314082, 'beta_2': 0.9999960060027455, 'epsilon': 4.389018106081793e-07, 'hidden_layer_sizes': 193, 'learning_rate_init': 1.7599934279005372e-05, 'tol': 0.000373389007252922, 'validation_fraction': 0.5921607449176125}
observation time 0.000006, current best 29121.532765 at iter 0
Failure in optimizer suggest. Falling back to random search.
name 'activ' is not defined
Traceback (most recent call last):
  File "/home/ryedida/.local/lib/python3.9/site-packages/bayesmark/experiment.py", line 126, in run_study
    next_points = optimizer.suggest(n_suggestions)
  File "/home/ryedida/bbo_challenge_starter_kit/example_submissions/smoothness/optimizer.py", line 109, in suggest
    betas = [self._get_smoothness_reg(guess) for guess in guesses]
  File "/home/ryedida/bbo_challenge_starter_kit/example_submissions/smoothness/optimizer.py", line 109, in <listcomp>
    betas = [self._get_smoothness_reg(guess) for guess in guesses]
  File "/home/ryedida/bbo_challenge_starter_kit/example_submissions/smoothness/optimizer.py", line 49, in _get_smoothness_reg
    if activ > Kz:
NameError: name 'activ' is not defined
suggestion time taken 0.327431 iter 1 next_points [{'alpha': 7.520659163735275e-05, 'batch_size': 111, 'beta_1': 0.7916060050594144, 'beta_2': 0.999713866972588, 'epsilon': 1.3512409917393473e-09, 'hidden_layer_sizes': 128, 'learning_rate_init': 1.278494884785715e-05, 'tol': 0.053384679658542024, 'validation_fraction': 0.7049158377074358}]
/home/ryedida/.local/lib/python3.9/site-packages/sklearn/neural_network/_multilayer_perceptron.py:605: UserWarning: Got `batch_size` less than 1 or larger than sample size. It is going to be clipped
  warnings.warn(

function_evaluation time 0.054785 value 29090.359572 suggestion {'alpha': 7.520659163735275e-05, 'batch_size': 111, 'beta_1': 0.7916060050594144, 'beta_2': 0.999713866972588, 'epsilon': 1.3512409917393473e-09, 'hidden_layer_sizes': 128, 'learning_rate_init': 1.278494884785715e-05, 'tol': 0.053384679658542024, 'validation_fraction': 0.7049158377074358}
observation time 0.000004, current best 29090.359572 at iter 1
Failure in optimizer suggest. Falling back to random search.
name 'activ' is not defined
Traceback (most recent call last):
  File "/home/ryedida/.local/lib/python3.9/site-packages/bayesmark/experiment.py", line 126, in run_study
    next_points = optimizer.suggest(n_suggestions)
  File "/home/ryedida/bbo_challenge_starter_kit/example_submissions/smoothness/optimizer.py", line 109, in suggest
    betas = [self._get_smoothness_reg(guess) for guess in guesses]
  File "/home/ryedida/bbo_challenge_starter_kit/example_submissions/smoothness/optimizer.py", line 109, in <listcomp>
    betas = [self._get_smoothness_reg(guess) for guess in guesses]
  File "/home/ryedida/bbo_challenge_starter_kit/example_submissions/smoothness/optimizer.py", line 49, in _get_smoothness_reg
    if activ > Kz:
NameError: name 'activ' is not defined
suggestion time taken 0.328007 iter 2 next_points [{'alpha': 9.474486366551999e-05, 'batch_size': 143, 'beta_1': 0.9868019189672534, 'beta_2': 0.9999681047595664, 'epsilon': 5.670598399482928e-08, 'hidden_layer_sizes': 62, 'learning_rate_init': 0.04334581177393469, 'tol': 8.939521798180223e-05, 'validation_fraction': 0.7035244471671851}]
/home/ryedida/.local/lib/python3.9/site-packages/sklearn/neural_network/_multilayer_perceptron.py:605: UserWarning: Got `batch_size` less than 1 or larger than sample size. It is going to be clipped
  warnings.warn(

function_evaluation time 0.223353 value 4100.702887 suggestion {'alpha': 9.474486366551999e-05, 'batch_size': 143, 'beta_1': 0.9868019189672534, 'beta_2': 0.9999681047595664, 'epsilon': 5.670598399482928e-08, 'hidden_layer_sizes': 62, 'learning_rate_init': 0.04334581177393469, 'tol': 8.939521798180223e-05, 'validation_fraction': 0.7035244471671851}
observation time 0.000004, current best 4100.702887 at iter 2
Failure in optimizer suggest. Falling back to random search.
name 'activ' is not defined
Traceback (most recent call last):
  File "/home/ryedida/.local/lib/python3.9/site-packages/bayesmark/experiment.py", line 126, in run_study
    next_points = optimizer.suggest(n_suggestions)
  File "/home/ryedida/bbo_challenge_starter_kit/example_submissions/smoothness/optimizer.py", line 109, in suggest
    betas = [self._get_smoothness_reg(guess) for guess in guesses]
  File "/home/ryedida/bbo_challenge_starter_kit/example_submissions/smoothness/optimizer.py", line 109, in <listcomp>
    betas = [self._get_smoothness_reg(guess) for guess in guesses]
  File "/home/ryedida/bbo_challenge_starter_kit/example_submissions/smoothness/optimizer.py", line 49, in _get_smoothness_reg
    if activ > Kz:
NameError: name 'activ' is not defined
suggestion time taken 0.332178 iter 3 next_points [{'alpha': 0.012202912454926199, 'batch_size': 131, 'beta_1': 0.9526971551249777, 'beta_2': 0.9999149993483823, 'epsilon': 3.205719109958e-07, 'hidden_layer_sizes': 51, 'learning_rate_init': 0.00010642322547066238, 'tol': 4.713746178222253e-05, 'validation_fraction': 0.4791524521759966}]
/home/ryedida/.local/lib/python3.9/site-packages/sklearn/neural_network/_multilayer_perceptron.py:686: ConvergenceWarning: Stochastic Optimizer: Maximum iterations (200) reached and the optimization hasn't converged yet.
  warnings.warn(

function_evaluation time 0.562512 value 28985.742670 suggestion {'alpha': 0.012202912454926199, 'batch_size': 131, 'beta_1': 0.9526971551249777, 'beta_2': 0.9999149993483823, 'epsilon': 3.205719109958e-07, 'hidden_layer_sizes': 51, 'learning_rate_init': 0.00010642322547066238, 'tol': 4.713746178222253e-05, 'validation_fraction': 0.4791524521759966}
observation time 0.000006, current best 4100.702887 at iter 3
Failure in optimizer suggest. Falling back to random search.
name 'activ' is not defined
Traceback (most recent call last):
  File "/home/ryedida/.local/lib/python3.9/site-packages/bayesmark/experiment.py", line 126, in run_study
    next_points = optimizer.suggest(n_suggestions)
  File "/home/ryedida/bbo_challenge_starter_kit/example_submissions/smoothness/optimizer.py", line 109, in suggest
    betas = [self._get_smoothness_reg(guess) for guess in guesses]
  File "/home/ryedida/bbo_challenge_starter_kit/example_submissions/smoothness/optimizer.py", line 109, in <listcomp>
    betas = [self._get_smoothness_reg(guess) for guess in guesses]
  File "/home/ryedida/bbo_challenge_starter_kit/example_submissions/smoothness/optimizer.py", line 49, in _get_smoothness_reg
    if activ > Kz:
NameError: name 'activ' is not defined
suggestion time taken 0.328712 iter 4 next_points [{'alpha': 4.256300076625515, 'batch_size': 124, 'beta_1': 0.9880634447311337, 'beta_2': 0.9993035829863909, 'epsilon': 3.9098467978946896e-07, 'hidden_layer_sizes': 182, 'learning_rate_init': 1.1297070309583004e-05, 'tol': 0.0005361161563362404, 'validation_fraction': 0.4930414825704844}]
function_evaluation time 0.082234 value 29119.003343 suggestion {'alpha': 4.256300076625515, 'batch_size': 124, 'beta_1': 0.9880634447311337, 'beta_2': 0.9993035829863909, 'epsilon': 3.9098467978946896e-07, 'hidden_layer_sizes': 182, 'learning_rate_init': 1.1297070309583004e-05, 'tol': 0.0005361161563362404, 'validation_fraction': 0.4930414825704844}
observation time 0.000005, current best 4100.702887 at iter 4
Failure in optimizer suggest. Falling back to random search.
name 'activ' is not defined
Traceback (most recent call last):
  File "/home/ryedida/.local/lib/python3.9/site-packages/bayesmark/experiment.py", line 126, in run_study
    next_points = optimizer.suggest(n_suggestions)
  File "/home/ryedida/bbo_challenge_starter_kit/example_submissions/smoothness/optimizer.py", line 109, in suggest
    betas = [self._get_smoothness_reg(guess) for guess in guesses]
  File "/home/ryedida/bbo_challenge_starter_kit/example_submissions/smoothness/optimizer.py", line 109, in <listcomp>
    betas = [self._get_smoothness_reg(guess) for guess in guesses]
  File "/home/ryedida/bbo_challenge_starter_kit/example_submissions/smoothness/optimizer.py", line 49, in _get_smoothness_reg
    if activ > Kz:
NameError: name 'activ' is not defined
suggestion time taken 0.328038 iter 5 next_points [{'alpha': 0.00014327151349235323, 'batch_size': 187, 'beta_1': 0.6535305344090846, 'beta_2': 0.9970393803495754, 'epsilon': 2.229045376698288e-07, 'hidden_layer_sizes': 139, 'learning_rate_init': 0.000159613036654857, 'tol': 0.00033893093943942435, 'validation_fraction': 0.8897243976843151}]
/home/ryedida/.local/lib/python3.9/site-packages/sklearn/neural_network/_multilayer_perceptron.py:605: UserWarning: Got `batch_size` less than 1 or larger than sample size. It is going to be clipped
  warnings.warn(

function_evaluation time 0.052227 value 29091.193368 suggestion {'alpha': 0.00014327151349235323, 'batch_size': 187, 'beta_1': 0.6535305344090846, 'beta_2': 0.9970393803495754, 'epsilon': 2.229045376698288e-07, 'hidden_layer_sizes': 139, 'learning_rate_init': 0.000159613036654857, 'tol': 0.00033893093943942435, 'validation_fraction': 0.8897243976843151}
observation time 0.000005, current best 4100.702887 at iter 5
Failure in optimizer suggest. Falling back to random search.
name 'activ' is not defined
Traceback (most recent call last):
  File "/home/ryedida/.local/lib/python3.9/site-packages/bayesmark/experiment.py", line 126, in run_study
    next_points = optimizer.suggest(n_suggestions)
  File "/home/ryedida/bbo_challenge_starter_kit/example_submissions/smoothness/optimizer.py", line 109, in suggest
    betas = [self._get_smoothness_reg(guess) for guess in guesses]
  File "/home/ryedida/bbo_challenge_starter_kit/example_submissions/smoothness/optimizer.py", line 109, in <listcomp>
    betas = [self._get_smoothness_reg(guess) for guess in guesses]
  File "/home/ryedida/bbo_challenge_starter_kit/example_submissions/smoothness/optimizer.py", line 49, in _get_smoothness_reg
    if activ > Kz:
NameError: name 'activ' is not defined
suggestion time taken 0.328366 iter 6 next_points [{'alpha': 4.418072714126861e-05, 'batch_size': 189, 'beta_1': 0.7763539589225696, 'beta_2': 0.9983762118652484, 'epsilon': 1.5290895152588734e-09, 'hidden_layer_sizes': 110, 'learning_rate_init': 0.008869517709612276, 'tol': 0.0020934914560088646, 'validation_fraction': 0.7815322096946673}]
/home/ryedida/.local/lib/python3.9/site-packages/sklearn/neural_network/_multilayer_perceptron.py:605: UserWarning: Got `batch_size` less than 1 or larger than sample size. It is going to be clipped
  warnings.warn(

function_evaluation time 0.594779 value 3881.151835 suggestion {'alpha': 4.418072714126861e-05, 'batch_size': 189, 'beta_1': 0.7763539589225696, 'beta_2': 0.9983762118652484, 'epsilon': 1.5290895152588734e-09, 'hidden_layer_sizes': 110, 'learning_rate_init': 0.008869517709612276, 'tol': 0.0020934914560088646, 'validation_fraction': 0.7815322096946673}
observation time 0.000004, current best 3881.151835 at iter 6
Failure in optimizer suggest. Falling back to random search.
name 'activ' is not defined
Traceback (most recent call last):
  File "/home/ryedida/.local/lib/python3.9/site-packages/bayesmark/experiment.py", line 126, in run_study
    next_points = optimizer.suggest(n_suggestions)
  File "/home/ryedida/bbo_challenge_starter_kit/example_submissions/smoothness/optimizer.py", line 109, in suggest
    betas = [self._get_smoothness_reg(guess) for guess in guesses]
  File "/home/ryedida/bbo_challenge_starter_kit/example_submissions/smoothness/optimizer.py", line 109, in <listcomp>
    betas = [self._get_smoothness_reg(guess) for guess in guesses]
  File "/home/ryedida/bbo_challenge_starter_kit/example_submissions/smoothness/optimizer.py", line 49, in _get_smoothness_reg
    if activ > Kz:
NameError: name 'activ' is not defined
suggestion time taken 0.460975 iter 7 next_points [{'alpha': 5.810499886512451, 'batch_size': 190, 'beta_1': 0.5275477829286057, 'beta_2': 0.9999970972130294, 'epsilon': 2.6352269778295462e-08, 'hidden_layer_sizes': 93, 'learning_rate_init': 0.00474554822834747, 'tol': 2.686590727605403e-05, 'validation_fraction': 0.47417876417547944}]
/home/ryedida/.local/lib/python3.9/site-packages/sklearn/neural_network/_multilayer_perceptron.py:605: UserWarning: Got `batch_size` less than 1 or larger than sample size. It is going to be clipped
  warnings.warn(

/home/ryedida/.local/lib/python3.9/site-packages/sklearn/neural_network/_multilayer_perceptron.py:686: ConvergenceWarning: Stochastic Optimizer: Maximum iterations (200) reached and the optimization hasn't converged yet.
  warnings.warn(

function_evaluation time 0.755603 value 10746.315481 suggestion {'alpha': 5.810499886512451, 'batch_size': 190, 'beta_1': 0.5275477829286057, 'beta_2': 0.9999970972130294, 'epsilon': 2.6352269778295462e-08, 'hidden_layer_sizes': 93, 'learning_rate_init': 0.00474554822834747, 'tol': 2.686590727605403e-05, 'validation_fraction': 0.47417876417547944}
observation time 0.000005, current best 3881.151835 at iter 7
Failure in optimizer suggest. Falling back to random search.
name 'activ' is not defined
Traceback (most recent call last):
  File "/home/ryedida/.local/lib/python3.9/site-packages/bayesmark/experiment.py", line 126, in run_study
    next_points = optimizer.suggest(n_suggestions)
  File "/home/ryedida/bbo_challenge_starter_kit/example_submissions/smoothness/optimizer.py", line 109, in suggest
    betas = [self._get_smoothness_reg(guess) for guess in guesses]
  File "/home/ryedida/bbo_challenge_starter_kit/example_submissions/smoothness/optimizer.py", line 109, in <listcomp>
    betas = [self._get_smoothness_reg(guess) for guess in guesses]
  File "/home/ryedida/bbo_challenge_starter_kit/example_submissions/smoothness/optimizer.py", line 49, in _get_smoothness_reg
    if activ > Kz:
NameError: name 'activ' is not defined
suggestion time taken 0.327484 iter 8 next_points [{'alpha': 0.09414696586596757, 'batch_size': 139, 'beta_1': 0.9728749655471217, 'beta_2': 0.9977529463850079, 'epsilon': 1.160621479977066e-07, 'hidden_layer_sizes': 143, 'learning_rate_init': 4.756842846798754e-05, 'tol': 0.010954128053208808, 'validation_fraction': 0.47629447616039405}]
function_evaluation time 0.081534 value 29103.902583 suggestion {'alpha': 0.09414696586596757, 'batch_size': 139, 'beta_1': 0.9728749655471217, 'beta_2': 0.9977529463850079, 'epsilon': 1.160621479977066e-07, 'hidden_layer_sizes': 143, 'learning_rate_init': 4.756842846798754e-05, 'tol': 0.010954128053208808, 'validation_fraction': 0.47629447616039405}
observation time 0.000005, current best 3881.151835 at iter 8
Failure in optimizer suggest. Falling back to random search.
name 'activ' is not defined
Traceback (most recent call last):
  File "/home/ryedida/.local/lib/python3.9/site-packages/bayesmark/experiment.py", line 126, in run_study
    next_points = optimizer.suggest(n_suggestions)
  File "/home/ryedida/bbo_challenge_starter_kit/example_submissions/smoothness/optimizer.py", line 109, in suggest
    betas = [self._get_smoothness_reg(guess) for guess in guesses]
  File "/home/ryedida/bbo_challenge_starter_kit/example_submissions/smoothness/optimizer.py", line 109, in <listcomp>
    betas = [self._get_smoothness_reg(guess) for guess in guesses]
  File "/home/ryedida/bbo_challenge_starter_kit/example_submissions/smoothness/optimizer.py", line 49, in _get_smoothness_reg
    if activ > Kz:
NameError: name 'activ' is not defined
suggestion time taken 0.334376 iter 9 next_points [{'alpha': 6.109387862227616e-05, 'batch_size': 62, 'beta_1': 0.8284502376174409, 'beta_2': 0.9997343215192684, 'epsilon': 1.0468371649268458e-08, 'hidden_layer_sizes': 57, 'learning_rate_init': 0.0005578506628379424, 'tol': 0.030519454697602828, 'validation_fraction': 0.11487992381129054}]
function_evaluation time 0.068591 value 29026.673584 suggestion {'alpha': 6.109387862227616e-05, 'batch_size': 62, 'beta_1': 0.8284502376174409, 'beta_2': 0.9997343215192684, 'epsilon': 1.0468371649268458e-08, 'hidden_layer_sizes': 57, 'learning_rate_init': 0.0005578506628379424, 'tol': 0.030519454697602828, 'validation_fraction': 0.11487992381129054}
observation time 0.000005, current best 3881.151835 at iter 9
Failure in optimizer suggest. Falling back to random search.
name 'activ' is not defined
Traceback (most recent call last):
  File "/home/ryedida/.local/lib/python3.9/site-packages/bayesmark/experiment.py", line 126, in run_study
    next_points = optimizer.suggest(n_suggestions)
  File "/home/ryedida/bbo_challenge_starter_kit/example_submissions/smoothness/optimizer.py", line 109, in suggest
    betas = [self._get_smoothness_reg(guess) for guess in guesses]
  File "/home/ryedida/bbo_challenge_starter_kit/example_submissions/smoothness/optimizer.py", line 109, in <listcomp>
    betas = [self._get_smoothness_reg(guess) for guess in guesses]
  File "/home/ryedida/bbo_challenge_starter_kit/example_submissions/smoothness/optimizer.py", line 49, in _get_smoothness_reg
    if activ > Kz:
NameError: name 'activ' is not defined
suggestion time taken 0.319849 iter 10 next_points [{'alpha': 0.00029700639394171513, 'batch_size': 90, 'beta_1': 0.960515568499978, 'beta_2': 0.9999834331725667, 'epsilon': 2.8798356077728334e-08, 'hidden_layer_sizes': 130, 'learning_rate_init': 0.059851048648268575, 'tol': 0.00050056730928759, 'validation_fraction': 0.6224847427801662}]
function_evaluation time 0.223169 value 3526.344754 suggestion {'alpha': 0.00029700639394171513, 'batch_size': 90, 'beta_1': 0.960515568499978, 'beta_2': 0.9999834331725667, 'epsilon': 2.8798356077728334e-08, 'hidden_layer_sizes': 130, 'learning_rate_init': 0.059851048648268575, 'tol': 0.00050056730928759, 'validation_fraction': 0.6224847427801662}
observation time 0.000005, current best 3526.344754 at iter 10
Failure in optimizer suggest. Falling back to random search.
name 'activ' is not defined
Traceback (most recent call last):
  File "/home/ryedida/.local/lib/python3.9/site-packages/bayesmark/experiment.py", line 126, in run_study
    next_points = optimizer.suggest(n_suggestions)
  File "/home/ryedida/bbo_challenge_starter_kit/example_submissions/smoothness/optimizer.py", line 109, in suggest
    betas = [self._get_smoothness_reg(guess) for guess in guesses]
  File "/home/ryedida/bbo_challenge_starter_kit/example_submissions/smoothness/optimizer.py", line 109, in <listcomp>
    betas = [self._get_smoothness_reg(guess) for guess in guesses]
  File "/home/ryedida/bbo_challenge_starter_kit/example_submissions/smoothness/optimizer.py", line 49, in _get_smoothness_reg
    if activ > Kz:
NameError: name 'activ' is not defined
suggestion time taken 0.314159 iter 11 next_points [{'alpha': 9.38306292336706, 'batch_size': 183, 'beta_1': 0.9899153938668722, 'beta_2': 0.997861925803596, 'epsilon': 1.1651883527837691e-09, 'hidden_layer_sizes': 178, 'learning_rate_init': 1.3570074349230271e-05, 'tol': 2.884767083197926e-05, 'validation_fraction': 0.5407591620347922}]
/home/ryedida/.local/lib/python3.9/site-packages/sklearn/neural_network/_multilayer_perceptron.py:605: UserWarning: Got `batch_size` less than 1 or larger than sample size. It is going to be clipped
  warnings.warn(

function_evaluation time 0.065902 value 29098.049319 suggestion {'alpha': 9.38306292336706, 'batch_size': 183, 'beta_1': 0.9899153938668722, 'beta_2': 0.997861925803596, 'epsilon': 1.1651883527837691e-09, 'hidden_layer_sizes': 178, 'learning_rate_init': 1.3570074349230271e-05, 'tol': 2.884767083197926e-05, 'validation_fraction': 0.5407591620347922}
observation time 0.000004, current best 3526.344754 at iter 11
Failure in optimizer suggest. Falling back to random search.
name 'activ' is not defined
Traceback (most recent call last):
  File "/home/ryedida/.local/lib/python3.9/site-packages/bayesmark/experiment.py", line 126, in run_study
    next_points = optimizer.suggest(n_suggestions)
  File "/home/ryedida/bbo_challenge_starter_kit/example_submissions/smoothness/optimizer.py", line 109, in suggest
    betas = [self._get_smoothness_reg(guess) for guess in guesses]
  File "/home/ryedida/bbo_challenge_starter_kit/example_submissions/smoothness/optimizer.py", line 109, in <listcomp>
    betas = [self._get_smoothness_reg(guess) for guess in guesses]
  File "/home/ryedida/bbo_challenge_starter_kit/example_submissions/smoothness/optimizer.py", line 49, in _get_smoothness_reg
    if activ > Kz:
NameError: name 'activ' is not defined
suggestion time taken 0.320089 iter 12 next_points [{'alpha': 2.8630505208546508e-05, 'batch_size': 238, 'beta_1': 0.9439840124578037, 'beta_2': 0.9999957402709042, 'epsilon': 4.4721432910927135e-07, 'hidden_layer_sizes': 79, 'learning_rate_init': 0.09781970116633215, 'tol': 6.288238954175043e-05, 'validation_fraction': 0.8083853477970318}]
/home/ryedida/.local/lib/python3.9/site-packages/sklearn/neural_network/_multilayer_perceptron.py:605: UserWarning: Got `batch_size` less than 1 or larger than sample size. It is going to be clipped
  warnings.warn(

function_evaluation time 0.113694 value 4262.981875 suggestion {'alpha': 2.8630505208546508e-05, 'batch_size': 238, 'beta_1': 0.9439840124578037, 'beta_2': 0.9999957402709042, 'epsilon': 4.4721432910927135e-07, 'hidden_layer_sizes': 79, 'learning_rate_init': 0.09781970116633215, 'tol': 6.288238954175043e-05, 'validation_fraction': 0.8083853477970318}
observation time 0.000005, current best 3526.344754 at iter 12
Failure in optimizer suggest. Falling back to random search.
name 'activ' is not defined
Traceback (most recent call last):
  File "/home/ryedida/.local/lib/python3.9/site-packages/bayesmark/experiment.py", line 126, in run_study
    next_points = optimizer.suggest(n_suggestions)
  File "/home/ryedida/bbo_challenge_starter_kit/example_submissions/smoothness/optimizer.py", line 109, in suggest
    betas = [self._get_smoothness_reg(guess) for guess in guesses]
  File "/home/ryedida/bbo_challenge_starter_kit/example_submissions/smoothness/optimizer.py", line 109, in <listcomp>
    betas = [self._get_smoothness_reg(guess) for guess in guesses]
  File "/home/ryedida/bbo_challenge_starter_kit/example_submissions/smoothness/optimizer.py", line 49, in _get_smoothness_reg
    if activ > Kz:
NameError: name 'activ' is not defined
suggestion time taken 0.322871 iter 13 next_points [{'alpha': 0.0007174387861096805, 'batch_size': 54, 'beta_1': 0.9698682140549015, 'beta_2': 0.9196183855351859, 'epsilon': 5.329926123938828e-09, 'hidden_layer_sizes': 100, 'learning_rate_init': 0.016392278928543877, 'tol': 0.0030784923200991754, 'validation_fraction': 0.8679370848704969}]
/home/ryedida/.local/lib/python3.9/site-packages/sklearn/neural_network/_multilayer_perceptron.py:605: UserWarning: Got `batch_size` less than 1 or larger than sample size. It is going to be clipped
  warnings.warn(

function_evaluation time 0.483734 value 4396.540015 suggestion {'alpha': 0.0007174387861096805, 'batch_size': 54, 'beta_1': 0.9698682140549015, 'beta_2': 0.9196183855351859, 'epsilon': 5.329926123938828e-09, 'hidden_layer_sizes': 100, 'learning_rate_init': 0.016392278928543877, 'tol': 0.0030784923200991754, 'validation_fraction': 0.8679370848704969}
observation time 0.000005, current best 3526.344754 at iter 13
Failure in optimizer suggest. Falling back to random search.
name 'activ' is not defined
Traceback (most recent call last):
  File "/home/ryedida/.local/lib/python3.9/site-packages/bayesmark/experiment.py", line 126, in run_study
    next_points = optimizer.suggest(n_suggestions)
  File "/home/ryedida/bbo_challenge_starter_kit/example_submissions/smoothness/optimizer.py", line 109, in suggest
    betas = [self._get_smoothness_reg(guess) for guess in guesses]
  File "/home/ryedida/bbo_challenge_starter_kit/example_submissions/smoothness/optimizer.py", line 109, in <listcomp>
    betas = [self._get_smoothness_reg(guess) for guess in guesses]
  File "/home/ryedida/bbo_challenge_starter_kit/example_submissions/smoothness/optimizer.py", line 49, in _get_smoothness_reg
    if activ > Kz:
NameError: name 'activ' is not defined
suggestion time taken 0.323755 iter 14 next_points [{'alpha': 5.706066590902231, 'batch_size': 181, 'beta_1': 0.9532235129862264, 'beta_2': 0.9984376767179264, 'epsilon': 9.565703238172099e-08, 'hidden_layer_sizes': 199, 'learning_rate_init': 2.3093548925403075e-05, 'tol': 0.03150113794954853, 'validation_fraction': 0.2943034075670939}]
function_evaluation time 0.092096 value 29082.477181 suggestion {'alpha': 5.706066590902231, 'batch_size': 181, 'beta_1': 0.9532235129862264, 'beta_2': 0.9984376767179264, 'epsilon': 9.565703238172099e-08, 'hidden_layer_sizes': 199, 'learning_rate_init': 2.3093548925403075e-05, 'tol': 0.03150113794954853, 'validation_fraction': 0.2943034075670939}
observation time 0.000005, current best 3526.344754 at iter 14
saving meta data: {'args': {'--uuid': '4a7af4ae5fde518b83ed599935e8fb1a', '-db-root': '/home/ryedida/bbo_challenge_starter_kit/output', '--opt-root': '/home/ryedida/bbo_challenge_starter_kit/example_submissions', '--data-root': None, '--db': 'run_20230427_004608', '--opt': 'smoothness', '--data': 'diabetes', '--classifier': 'MLP-adam', '--metric': 'mse', '--calls': 15, '--suggestions': 1, '--jobs-file': None, '--verbose': False, 'dry_run': False, 'rev': 'a376313', 'opt_rev': 'x.x.x'}, 'signature': ([{'alpha': 0.019628224813442792, 'batch_size': 182, 'beta_1': 0.9410202200271762, 'beta_2': 0.9998021557676793, 'epsilon': 1.8662266976518e-08, 'hidden_layer_sizes': 147, 'learning_rate_init': 0.0005627932047415167, 'tol': 0.03690557729213761, 'validation_fraction': 0.8846827852548593}, {'alpha': 0.0019982467392329444, 'batch_size': 200, 'beta_1': 0.919111482530466, 'beta_2': 0.9998488260436156, 'epsilon': 5.981221901152555e-07, 'hidden_layer_sizes': 61, 'learning_rate_init': 2.2310905607443014e-05, 'tol': 1.2046852412030316e-05, 'validation_fraction': 0.8117896445826539}, {'alpha': 0.46659545670218433, 'batch_size': 219, 'beta_1': 0.9889789783750891, 'beta_2': 0.9999896868093284, 'epsilon': 2.4234724484675948e-08, 'hidden_layer_sizes': 167, 'learning_rate_init': 2.972334644335654e-05, 'tol': 0.0036281404040243792, 'validation_fraction': 0.17260651658522078}, {'alpha': 4.656005689076002, 'batch_size': 135, 'beta_1': 0.870503881627747, 'beta_2': 0.9948873266941017, 'epsilon': 2.1023308743480125e-07, 'hidden_layer_sizes': 118, 'learning_rate_init': 0.0018781738757161913, 'tol': 1.1889379831773004e-05, 'validation_fraction': 0.6264327093752792}, {'alpha': 0.04705159350400542, 'batch_size': 158, 'beta_1': 0.9870884262730957, 'beta_2': 0.9999596874382349, 'epsilon': 1.1981845126013875e-08, 'hidden_layer_sizes': 116, 'learning_rate_init': 0.00617340520407431, 'tol': 1.741413418158619e-05, 'validation_fraction': 0.6754299026638921}], [29083.993548572587, 29062.423277324073, 29075.78987471409, 24626.32866834337, 9584.226858493177])}
saving results
saving timing
saving suggest log
done
