running: {'--uuid': '53f33097f82e5fa180e1acc7361670bc', '-db-root': '/home/ryedida/bbo_challenge_starter_kit/output', '--opt-root': '/home/ryedida/bbo_challenge_starter_kit/example_submissions', '--data-root': None, '--db': 'run_20230427_004608', '--opt': 'smoothness', '--data': 'diabetes', '--classifier': 'MLP-adam', '--metric': 'mae', '--calls': 15, '--suggestions': 1, '--jobs-file': None, '--verbose': False, 'dry_run': False, 'rev': 'a376313', 'opt_rev': 'x.x.x'}
cmd: python smoothness/optimizer.py -c MLP-adam -d diabetes -o smoothness -u 53f33097f82e5fa180e1acc7361670bc -m mae -n 15 -p 1 -dir /home/ryedida/bbo_challenge_starter_kit/output -b run_20230427_004608
/home/ryedida/.local/lib/python3.9/site-packages/sklearn/neural_network/_multilayer_perceptron.py:605: UserWarning: Got `batch_size` less than 1 or larger than sample size. It is going to be clipped
  warnings.warn(

/home/ryedida/.local/lib/python3.9/site-packages/sklearn/neural_network/_multilayer_perceptron.py:605: UserWarning: Got `batch_size` less than 1 or larger than sample size. It is going to be clipped
  warnings.warn(

/home/ryedida/.local/lib/python3.9/site-packages/sklearn/neural_network/_multilayer_perceptron.py:605: UserWarning: Got `batch_size` less than 1 or larger than sample size. It is going to be clipped
  warnings.warn(

/home/ryedida/.local/lib/python3.9/site-packages/sklearn/neural_network/_multilayer_perceptron.py:686: ConvergenceWarning: Stochastic Optimizer: Maximum iterations (200) reached and the optimization hasn't converged yet.
  warnings.warn(

/home/ryedida/.local/lib/python3.9/site-packages/sklearn/neural_network/_multilayer_perceptron.py:605: UserWarning: Got `batch_size` less than 1 or larger than sample size. It is going to be clipped
  warnings.warn(

/home/ryedida/.local/lib/python3.9/site-packages/sklearn/neural_network/_multilayer_perceptron.py:686: ConvergenceWarning: Stochastic Optimizer: Maximum iterations (200) reached and the optimization hasn't converged yet.
  warnings.warn(

computed signature: ([{'alpha': 0.019628224813442792, 'batch_size': 182, 'beta_1': 0.9410202200271762, 'beta_2': 0.9998021557676793, 'epsilon': 1.8662266976518e-08, 'hidden_layer_sizes': 147, 'learning_rate_init': 0.0005627932047415167, 'tol': 0.03690557729213761, 'validation_fraction': 0.8846827852548593}, {'alpha': 0.0019982467392329444, 'batch_size': 200, 'beta_1': 0.919111482530466, 'beta_2': 0.9998488260436156, 'epsilon': 5.981221901152555e-07, 'hidden_layer_sizes': 61, 'learning_rate_init': 2.2310905607443014e-05, 'tol': 1.2046852412030316e-05, 'validation_fraction': 0.8117896445826539}, {'alpha': 0.46659545670218433, 'batch_size': 219, 'beta_1': 0.9889789783750891, 'beta_2': 0.9999896868093284, 'epsilon': 2.4234724484675948e-08, 'hidden_layer_sizes': 167, 'learning_rate_init': 2.972334644335654e-05, 'tol': 0.0036281404040243792, 'validation_fraction': 0.17260651658522078}, {'alpha': 4.656005689076002, 'batch_size': 135, 'beta_1': 0.870503881627747, 'beta_2': 0.9948873266941017, 'epsilon': 2.1023308743480125e-07, 'hidden_layer_sizes': 118, 'learning_rate_init': 0.0018781738757161913, 'tol': 1.1889379831773004e-05, 'validation_fraction': 0.6264327093752792}, {'alpha': 0.04705159350400542, 'batch_size': 158, 'beta_1': 0.9870884262730957, 'beta_2': 0.9999596874382349, 'epsilon': 1.1981845126013875e-08, 'hidden_layer_sizes': 116, 'learning_rate_init': 0.00617340520407431, 'tol': 1.741413418158619e-05, 'validation_fraction': 0.6754299026638921}], [151.4971925380264, 151.42763539278994, 151.47026299046811, 136.86202504264318, 75.2055865763391])
Signature errors:
                                  0             1             2         3         4       max
MLP-adam_diabetes_mae  1.919244e-08  6.198704e-08  7.624578e-09  0.000007  0.000034  0.000034
max                    1.919244e-08  6.198704e-08  7.624578e-09  0.000007  0.000034  0.000034
starting sklearn study smoothness MLP-adam diabetes mae 15 1
with data root: None
Failure in optimizer suggest. Falling back to random search.
name 'activ' is not defined
Traceback (most recent call last):
  File "/home/ryedida/.local/lib/python3.9/site-packages/bayesmark/experiment.py", line 126, in run_study
    next_points = optimizer.suggest(n_suggestions)
  File "/home/ryedida/bbo_challenge_starter_kit/example_submissions/smoothness/optimizer.py", line 109, in suggest
    betas = [self._get_smoothness_reg(guess) for guess in guesses]
  File "/home/ryedida/bbo_challenge_starter_kit/example_submissions/smoothness/optimizer.py", line 109, in <listcomp>
    betas = [self._get_smoothness_reg(guess) for guess in guesses]
  File "/home/ryedida/bbo_challenge_starter_kit/example_submissions/smoothness/optimizer.py", line 49, in _get_smoothness_reg
    if activ > Kz:
NameError: name 'activ' is not defined
suggestion time taken 0.495120 iter 0 next_points [{'alpha': 0.0002203179054164749, 'batch_size': 29, 'beta_1': 0.7687301441834282, 'beta_2': 0.9958506987617263, 'epsilon': 6.75774201864003e-08, 'hidden_layer_sizes': 83, 'learning_rate_init': 0.041948851731555145, 'tol': 0.001839715219973058, 'validation_fraction': 0.8622802601746529}]
function_evaluation time 0.311128 value 49.037463 suggestion {'alpha': 0.0002203179054164749, 'batch_size': 29, 'beta_1': 0.7687301441834282, 'beta_2': 0.9958506987617263, 'epsilon': 6.75774201864003e-08, 'hidden_layer_sizes': 83, 'learning_rate_init': 0.041948851731555145, 'tol': 0.001839715219973058, 'validation_fraction': 0.8622802601746529}
observation time 0.000006, current best 49.037463 at iter 0
Failure in optimizer suggest. Falling back to random search.
name 'activ' is not defined
Traceback (most recent call last):
  File "/home/ryedida/.local/lib/python3.9/site-packages/bayesmark/experiment.py", line 126, in run_study
    next_points = optimizer.suggest(n_suggestions)
  File "/home/ryedida/bbo_challenge_starter_kit/example_submissions/smoothness/optimizer.py", line 109, in suggest
    betas = [self._get_smoothness_reg(guess) for guess in guesses]
  File "/home/ryedida/bbo_challenge_starter_kit/example_submissions/smoothness/optimizer.py", line 109, in <listcomp>
    betas = [self._get_smoothness_reg(guess) for guess in guesses]
  File "/home/ryedida/bbo_challenge_starter_kit/example_submissions/smoothness/optimizer.py", line 49, in _get_smoothness_reg
    if activ > Kz:
NameError: name 'activ' is not defined
suggestion time taken 0.327103 iter 1 next_points [{'alpha': 0.00015616049818577998, 'batch_size': 200, 'beta_1': 0.8628937973322761, 'beta_2': 0.9999126948276077, 'epsilon': 1.2692089875492738e-07, 'hidden_layer_sizes': 89, 'learning_rate_init': 0.0008784315412695198, 'tol': 0.0003665882915320246, 'validation_fraction': 0.60778766194433}]
/home/ryedida/.local/lib/python3.9/site-packages/sklearn/neural_network/_multilayer_perceptron.py:605: UserWarning: Got `batch_size` less than 1 or larger than sample size. It is going to be clipped
  warnings.warn(

/home/ryedida/.local/lib/python3.9/site-packages/sklearn/neural_network/_multilayer_perceptron.py:686: ConvergenceWarning: Stochastic Optimizer: Maximum iterations (200) reached and the optimization hasn't converged yet.
  warnings.warn(

function_evaluation time 0.717005 value 147.896708 suggestion {'alpha': 0.00015616049818577998, 'batch_size': 200, 'beta_1': 0.8628937973322761, 'beta_2': 0.9999126948276077, 'epsilon': 1.2692089875492738e-07, 'hidden_layer_sizes': 89, 'learning_rate_init': 0.0008784315412695198, 'tol': 0.0003665882915320246, 'validation_fraction': 0.60778766194433}
observation time 0.000005, current best 49.037463 at iter 1
Failure in optimizer suggest. Falling back to random search.
name 'activ' is not defined
Traceback (most recent call last):
  File "/home/ryedida/.local/lib/python3.9/site-packages/bayesmark/experiment.py", line 126, in run_study
    next_points = optimizer.suggest(n_suggestions)
  File "/home/ryedida/bbo_challenge_starter_kit/example_submissions/smoothness/optimizer.py", line 109, in suggest
    betas = [self._get_smoothness_reg(guess) for guess in guesses]
  File "/home/ryedida/bbo_challenge_starter_kit/example_submissions/smoothness/optimizer.py", line 109, in <listcomp>
    betas = [self._get_smoothness_reg(guess) for guess in guesses]
  File "/home/ryedida/bbo_challenge_starter_kit/example_submissions/smoothness/optimizer.py", line 49, in _get_smoothness_reg
    if activ > Kz:
NameError: name 'activ' is not defined
suggestion time taken 0.323458 iter 2 next_points [{'alpha': 0.6736074815395428, 'batch_size': 77, 'beta_1': 0.6730990062376438, 'beta_2': 0.998877444809052, 'epsilon': 2.6517114297180196e-07, 'hidden_layer_sizes': 104, 'learning_rate_init': 0.0013270755480211034, 'tol': 1.3140400481566554e-05, 'validation_fraction': 0.8951148997222474}]
/home/ryedida/.local/lib/python3.9/site-packages/sklearn/neural_network/_multilayer_perceptron.py:605: UserWarning: Got `batch_size` less than 1 or larger than sample size. It is going to be clipped
  warnings.warn(

/home/ryedida/.local/lib/python3.9/site-packages/sklearn/neural_network/_multilayer_perceptron.py:686: ConvergenceWarning: Stochastic Optimizer: Maximum iterations (200) reached and the optimization hasn't converged yet.
  warnings.warn(

function_evaluation time 0.648858 value 143.204831 suggestion {'alpha': 0.6736074815395428, 'batch_size': 77, 'beta_1': 0.6730990062376438, 'beta_2': 0.998877444809052, 'epsilon': 2.6517114297180196e-07, 'hidden_layer_sizes': 104, 'learning_rate_init': 0.0013270755480211034, 'tol': 1.3140400481566554e-05, 'validation_fraction': 0.8951148997222474}
observation time 0.000005, current best 49.037463 at iter 2
Failure in optimizer suggest. Falling back to random search.
name 'activ' is not defined
Traceback (most recent call last):
  File "/home/ryedida/.local/lib/python3.9/site-packages/bayesmark/experiment.py", line 126, in run_study
    next_points = optimizer.suggest(n_suggestions)
  File "/home/ryedida/bbo_challenge_starter_kit/example_submissions/smoothness/optimizer.py", line 109, in suggest
    betas = [self._get_smoothness_reg(guess) for guess in guesses]
  File "/home/ryedida/bbo_challenge_starter_kit/example_submissions/smoothness/optimizer.py", line 109, in <listcomp>
    betas = [self._get_smoothness_reg(guess) for guess in guesses]
  File "/home/ryedida/bbo_challenge_starter_kit/example_submissions/smoothness/optimizer.py", line 49, in _get_smoothness_reg
    if activ > Kz:
NameError: name 'activ' is not defined
suggestion time taken 0.326653 iter 3 next_points [{'alpha': 0.007481132488588463, 'batch_size': 169, 'beta_1': 0.9789333105426209, 'beta_2': 0.9998655653641746, 'epsilon': 1.3934092988680733e-09, 'hidden_layer_sizes': 173, 'learning_rate_init': 0.00031433312387980455, 'tol': 0.007067786178797914, 'validation_fraction': 0.6629506990563108}]
/home/ryedida/.local/lib/python3.9/site-packages/sklearn/neural_network/_multilayer_perceptron.py:605: UserWarning: Got `batch_size` less than 1 or larger than sample size. It is going to be clipped
  warnings.warn(

function_evaluation time 0.061989 value 151.696150 suggestion {'alpha': 0.007481132488588463, 'batch_size': 169, 'beta_1': 0.9789333105426209, 'beta_2': 0.9998655653641746, 'epsilon': 1.3934092988680733e-09, 'hidden_layer_sizes': 173, 'learning_rate_init': 0.00031433312387980455, 'tol': 0.007067786178797914, 'validation_fraction': 0.6629506990563108}
observation time 0.000006, current best 49.037463 at iter 3
Failure in optimizer suggest. Falling back to random search.
name 'activ' is not defined
Traceback (most recent call last):
  File "/home/ryedida/.local/lib/python3.9/site-packages/bayesmark/experiment.py", line 126, in run_study
    next_points = optimizer.suggest(n_suggestions)
  File "/home/ryedida/bbo_challenge_starter_kit/example_submissions/smoothness/optimizer.py", line 109, in suggest
    betas = [self._get_smoothness_reg(guess) for guess in guesses]
  File "/home/ryedida/bbo_challenge_starter_kit/example_submissions/smoothness/optimizer.py", line 109, in <listcomp>
    betas = [self._get_smoothness_reg(guess) for guess in guesses]
  File "/home/ryedida/bbo_challenge_starter_kit/example_submissions/smoothness/optimizer.py", line 49, in _get_smoothness_reg
    if activ > Kz:
NameError: name 'activ' is not defined
suggestion time taken 0.331977 iter 4 next_points [{'alpha': 0.04360146670932955, 'batch_size': 140, 'beta_1': 0.9714238904765852, 'beta_2': 0.9999987481312549, 'epsilon': 3.781314728969463e-08, 'hidden_layer_sizes': 170, 'learning_rate_init': 0.0008836602357130835, 'tol': 2.694002044706883e-05, 'validation_fraction': 0.22446716001308706}]
/home/ryedida/.local/lib/python3.9/site-packages/sklearn/neural_network/_multilayer_perceptron.py:686: ConvergenceWarning: Stochastic Optimizer: Maximum iterations (200) reached and the optimization hasn't converged yet.
  warnings.warn(

function_evaluation time 1.322002 value 133.938080 suggestion {'alpha': 0.04360146670932955, 'batch_size': 140, 'beta_1': 0.9714238904765852, 'beta_2': 0.9999987481312549, 'epsilon': 3.781314728969463e-08, 'hidden_layer_sizes': 170, 'learning_rate_init': 0.0008836602357130835, 'tol': 2.694002044706883e-05, 'validation_fraction': 0.22446716001308706}
observation time 0.000005, current best 49.037463 at iter 4
Failure in optimizer suggest. Falling back to random search.
name 'activ' is not defined
Traceback (most recent call last):
  File "/home/ryedida/.local/lib/python3.9/site-packages/bayesmark/experiment.py", line 126, in run_study
    next_points = optimizer.suggest(n_suggestions)
  File "/home/ryedida/bbo_challenge_starter_kit/example_submissions/smoothness/optimizer.py", line 109, in suggest
    betas = [self._get_smoothness_reg(guess) for guess in guesses]
  File "/home/ryedida/bbo_challenge_starter_kit/example_submissions/smoothness/optimizer.py", line 109, in <listcomp>
    betas = [self._get_smoothness_reg(guess) for guess in guesses]
  File "/home/ryedida/bbo_challenge_starter_kit/example_submissions/smoothness/optimizer.py", line 49, in _get_smoothness_reg
    if activ > Kz:
NameError: name 'activ' is not defined
suggestion time taken 0.330218 iter 5 next_points [{'alpha': 3.4225363820988006, 'batch_size': 171, 'beta_1': 0.9086559050310191, 'beta_2': 0.997919631797418, 'epsilon': 6.7330200331433756e-09, 'hidden_layer_sizes': 111, 'learning_rate_init': 1.1284900231277436e-05, 'tol': 0.004583064355349169, 'validation_fraction': 0.14015421062763908}]
function_evaluation time 0.077752 value 151.500400 suggestion {'alpha': 3.4225363820988006, 'batch_size': 171, 'beta_1': 0.9086559050310191, 'beta_2': 0.997919631797418, 'epsilon': 6.7330200331433756e-09, 'hidden_layer_sizes': 111, 'learning_rate_init': 1.1284900231277436e-05, 'tol': 0.004583064355349169, 'validation_fraction': 0.14015421062763908}
observation time 0.000005, current best 49.037463 at iter 5
Failure in optimizer suggest. Falling back to random search.
name 'activ' is not defined
Traceback (most recent call last):
  File "/home/ryedida/.local/lib/python3.9/site-packages/bayesmark/experiment.py", line 126, in run_study
    next_points = optimizer.suggest(n_suggestions)
  File "/home/ryedida/bbo_challenge_starter_kit/example_submissions/smoothness/optimizer.py", line 109, in suggest
    betas = [self._get_smoothness_reg(guess) for guess in guesses]
  File "/home/ryedida/bbo_challenge_starter_kit/example_submissions/smoothness/optimizer.py", line 109, in <listcomp>
    betas = [self._get_smoothness_reg(guess) for guess in guesses]
  File "/home/ryedida/bbo_challenge_starter_kit/example_submissions/smoothness/optimizer.py", line 49, in _get_smoothness_reg
    if activ > Kz:
NameError: name 'activ' is not defined
suggestion time taken 0.320280 iter 6 next_points [{'alpha': 0.20784089340940085, 'batch_size': 81, 'beta_1': 0.8032706653821031, 'beta_2': 0.9999909817887281, 'epsilon': 9.177655017571425e-07, 'hidden_layer_sizes': 172, 'learning_rate_init': 9.45730636991474e-05, 'tol': 9.114646063597526e-05, 'validation_fraction': 0.20480223257327826}]
/home/ryedida/.local/lib/python3.9/site-packages/sklearn/neural_network/_multilayer_perceptron.py:686: ConvergenceWarning: Stochastic Optimizer: Maximum iterations (200) reached and the optimization hasn't converged yet.
  warnings.warn(

function_evaluation time 1.583857 value 150.350741 suggestion {'alpha': 0.20784089340940085, 'batch_size': 81, 'beta_1': 0.8032706653821031, 'beta_2': 0.9999909817887281, 'epsilon': 9.177655017571425e-07, 'hidden_layer_sizes': 172, 'learning_rate_init': 9.45730636991474e-05, 'tol': 9.114646063597526e-05, 'validation_fraction': 0.20480223257327826}
observation time 0.000005, current best 49.037463 at iter 6
Failure in optimizer suggest. Falling back to random search.
name 'activ' is not defined
Traceback (most recent call last):
  File "/home/ryedida/.local/lib/python3.9/site-packages/bayesmark/experiment.py", line 126, in run_study
    next_points = optimizer.suggest(n_suggestions)
  File "/home/ryedida/bbo_challenge_starter_kit/example_submissions/smoothness/optimizer.py", line 109, in suggest
    betas = [self._get_smoothness_reg(guess) for guess in guesses]
  File "/home/ryedida/bbo_challenge_starter_kit/example_submissions/smoothness/optimizer.py", line 109, in <listcomp>
    betas = [self._get_smoothness_reg(guess) for guess in guesses]
  File "/home/ryedida/bbo_challenge_starter_kit/example_submissions/smoothness/optimizer.py", line 49, in _get_smoothness_reg
    if activ > Kz:
NameError: name 'activ' is not defined
suggestion time taken 0.456883 iter 7 next_points [{'alpha': 0.0002960435382703266, 'batch_size': 52, 'beta_1': 0.7686098380847622, 'beta_2': 0.9889015475684602, 'epsilon': 4.4194037183613404e-08, 'hidden_layer_sizes': 162, 'learning_rate_init': 0.09683114723076988, 'tol': 0.0001927091447700484, 'validation_fraction': 0.39636634830062745}]
function_evaluation time 0.357600 value 43.767011 suggestion {'alpha': 0.0002960435382703266, 'batch_size': 52, 'beta_1': 0.7686098380847622, 'beta_2': 0.9889015475684602, 'epsilon': 4.4194037183613404e-08, 'hidden_layer_sizes': 162, 'learning_rate_init': 0.09683114723076988, 'tol': 0.0001927091447700484, 'validation_fraction': 0.39636634830062745}
observation time 0.000005, current best 43.767011 at iter 7
Failure in optimizer suggest. Falling back to random search.
name 'activ' is not defined
Traceback (most recent call last):
  File "/home/ryedida/.local/lib/python3.9/site-packages/bayesmark/experiment.py", line 126, in run_study
    next_points = optimizer.suggest(n_suggestions)
  File "/home/ryedida/bbo_challenge_starter_kit/example_submissions/smoothness/optimizer.py", line 109, in suggest
    betas = [self._get_smoothness_reg(guess) for guess in guesses]
  File "/home/ryedida/bbo_challenge_starter_kit/example_submissions/smoothness/optimizer.py", line 109, in <listcomp>
    betas = [self._get_smoothness_reg(guess) for guess in guesses]
  File "/home/ryedida/bbo_challenge_starter_kit/example_submissions/smoothness/optimizer.py", line 49, in _get_smoothness_reg
    if activ > Kz:
NameError: name 'activ' is not defined
suggestion time taken 0.319280 iter 8 next_points [{'alpha': 0.006210678635852451, 'batch_size': 222, 'beta_1': 0.9623283405795247, 'beta_2': 0.9999435803858872, 'epsilon': 2.4823516121041937e-08, 'hidden_layer_sizes': 70, 'learning_rate_init': 0.002888626349291429, 'tol': 9.305494109407323e-05, 'validation_fraction': 0.17161035438475172}]
/home/ryedida/.local/lib/python3.9/site-packages/sklearn/neural_network/_multilayer_perceptron.py:686: ConvergenceWarning: Stochastic Optimizer: Maximum iterations (200) reached and the optimization hasn't converged yet.
  warnings.warn(

function_evaluation time 0.947146 value 81.042550 suggestion {'alpha': 0.006210678635852451, 'batch_size': 222, 'beta_1': 0.9623283405795247, 'beta_2': 0.9999435803858872, 'epsilon': 2.4823516121041937e-08, 'hidden_layer_sizes': 70, 'learning_rate_init': 0.002888626349291429, 'tol': 9.305494109407323e-05, 'validation_fraction': 0.17161035438475172}
observation time 0.000006, current best 43.767011 at iter 8
Failure in optimizer suggest. Falling back to random search.
name 'activ' is not defined
Traceback (most recent call last):
  File "/home/ryedida/.local/lib/python3.9/site-packages/bayesmark/experiment.py", line 126, in run_study
    next_points = optimizer.suggest(n_suggestions)
  File "/home/ryedida/bbo_challenge_starter_kit/example_submissions/smoothness/optimizer.py", line 109, in suggest
    betas = [self._get_smoothness_reg(guess) for guess in guesses]
  File "/home/ryedida/bbo_challenge_starter_kit/example_submissions/smoothness/optimizer.py", line 109, in <listcomp>
    betas = [self._get_smoothness_reg(guess) for guess in guesses]
  File "/home/ryedida/bbo_challenge_starter_kit/example_submissions/smoothness/optimizer.py", line 49, in _get_smoothness_reg
    if activ > Kz:
NameError: name 'activ' is not defined
suggestion time taken 0.321684 iter 9 next_points [{'alpha': 2.1662254863592265, 'batch_size': 208, 'beta_1': 0.9849013703715426, 'beta_2': 0.9852634489726244, 'epsilon': 8.703003429214452e-07, 'hidden_layer_sizes': 96, 'learning_rate_init': 0.007839961969796756, 'tol': 3.8695231706551225e-05, 'validation_fraction': 0.784326845789855}]
/home/ryedida/.local/lib/python3.9/site-packages/sklearn/neural_network/_multilayer_perceptron.py:605: UserWarning: Got `batch_size` less than 1 or larger than sample size. It is going to be clipped
  warnings.warn(

/home/ryedida/.local/lib/python3.9/site-packages/sklearn/neural_network/_multilayer_perceptron.py:686: ConvergenceWarning: Stochastic Optimizer: Maximum iterations (200) reached and the optimization hasn't converged yet.
  warnings.warn(

function_evaluation time 0.650854 value 78.901745 suggestion {'alpha': 2.1662254863592265, 'batch_size': 208, 'beta_1': 0.9849013703715426, 'beta_2': 0.9852634489726244, 'epsilon': 8.703003429214452e-07, 'hidden_layer_sizes': 96, 'learning_rate_init': 0.007839961969796756, 'tol': 3.8695231706551225e-05, 'validation_fraction': 0.784326845789855}
observation time 0.000005, current best 43.767011 at iter 9
Failure in optimizer suggest. Falling back to random search.
name 'activ' is not defined
Traceback (most recent call last):
  File "/home/ryedida/.local/lib/python3.9/site-packages/bayesmark/experiment.py", line 126, in run_study
    next_points = optimizer.suggest(n_suggestions)
  File "/home/ryedida/bbo_challenge_starter_kit/example_submissions/smoothness/optimizer.py", line 109, in suggest
    betas = [self._get_smoothness_reg(guess) for guess in guesses]
  File "/home/ryedida/bbo_challenge_starter_kit/example_submissions/smoothness/optimizer.py", line 109, in <listcomp>
    betas = [self._get_smoothness_reg(guess) for guess in guesses]
  File "/home/ryedida/bbo_challenge_starter_kit/example_submissions/smoothness/optimizer.py", line 49, in _get_smoothness_reg
    if activ > Kz:
NameError: name 'activ' is not defined
suggestion time taken 0.321143 iter 10 next_points [{'alpha': 0.08797244568933736, 'batch_size': 60, 'beta_1': 0.7081949056126592, 'beta_2': 0.9999988040237797, 'epsilon': 1.3376151207959822e-09, 'hidden_layer_sizes': 153, 'learning_rate_init': 0.01101172220028651, 'tol': 0.08812439936091207, 'validation_fraction': 0.7688535363113815}]
function_evaluation time 0.070336 value 142.445285 suggestion {'alpha': 0.08797244568933736, 'batch_size': 60, 'beta_1': 0.7081949056126592, 'beta_2': 0.9999988040237797, 'epsilon': 1.3376151207959822e-09, 'hidden_layer_sizes': 153, 'learning_rate_init': 0.01101172220028651, 'tol': 0.08812439936091207, 'validation_fraction': 0.7688535363113815}
observation time 0.000005, current best 43.767011 at iter 10
Failure in optimizer suggest. Falling back to random search.
name 'activ' is not defined
Traceback (most recent call last):
  File "/home/ryedida/.local/lib/python3.9/site-packages/bayesmark/experiment.py", line 126, in run_study
    next_points = optimizer.suggest(n_suggestions)
  File "/home/ryedida/bbo_challenge_starter_kit/example_submissions/smoothness/optimizer.py", line 109, in suggest
    betas = [self._get_smoothness_reg(guess) for guess in guesses]
  File "/home/ryedida/bbo_challenge_starter_kit/example_submissions/smoothness/optimizer.py", line 109, in <listcomp>
    betas = [self._get_smoothness_reg(guess) for guess in guesses]
  File "/home/ryedida/bbo_challenge_starter_kit/example_submissions/smoothness/optimizer.py", line 49, in _get_smoothness_reg
    if activ > Kz:
NameError: name 'activ' is not defined
suggestion time taken 0.323557 iter 11 next_points [{'alpha': 0.009314718253189268, 'batch_size': 116, 'beta_1': 0.6091023419802553, 'beta_2': 0.9988482994110442, 'epsilon': 1.8663193824314635e-07, 'hidden_layer_sizes': 51, 'learning_rate_init': 0.00042532472667449503, 'tol': 4.174689204901963e-05, 'validation_fraction': 0.838696777028301}]
/home/ryedida/.local/lib/python3.9/site-packages/sklearn/neural_network/_multilayer_perceptron.py:605: UserWarning: Got `batch_size` less than 1 or larger than sample size. It is going to be clipped
  warnings.warn(

/home/ryedida/.local/lib/python3.9/site-packages/sklearn/neural_network/_multilayer_perceptron.py:686: ConvergenceWarning: Stochastic Optimizer: Maximum iterations (200) reached and the optimization hasn't converged yet.
  warnings.warn(

function_evaluation time 0.571409 value 150.808898 suggestion {'alpha': 0.009314718253189268, 'batch_size': 116, 'beta_1': 0.6091023419802553, 'beta_2': 0.9988482994110442, 'epsilon': 1.8663193824314635e-07, 'hidden_layer_sizes': 51, 'learning_rate_init': 0.00042532472667449503, 'tol': 4.174689204901963e-05, 'validation_fraction': 0.838696777028301}
observation time 0.000005, current best 43.767011 at iter 11
Failure in optimizer suggest. Falling back to random search.
name 'activ' is not defined
Traceback (most recent call last):
  File "/home/ryedida/.local/lib/python3.9/site-packages/bayesmark/experiment.py", line 126, in run_study
    next_points = optimizer.suggest(n_suggestions)
  File "/home/ryedida/bbo_challenge_starter_kit/example_submissions/smoothness/optimizer.py", line 109, in suggest
    betas = [self._get_smoothness_reg(guess) for guess in guesses]
  File "/home/ryedida/bbo_challenge_starter_kit/example_submissions/smoothness/optimizer.py", line 109, in <listcomp>
    betas = [self._get_smoothness_reg(guess) for guess in guesses]
  File "/home/ryedida/bbo_challenge_starter_kit/example_submissions/smoothness/optimizer.py", line 49, in _get_smoothness_reg
    if activ > Kz:
NameError: name 'activ' is not defined
suggestion time taken 0.322177 iter 12 next_points [{'alpha': 0.06818470286572227, 'batch_size': 23, 'beta_1': 0.6074916427681869, 'beta_2': 0.9989416813609767, 'epsilon': 3.4320991357508255e-07, 'hidden_layer_sizes': 185, 'learning_rate_init': 8.115862224525218e-05, 'tol': 7.961031043659846e-05, 'validation_fraction': 0.8241088463484904}]
/home/ryedida/.local/lib/python3.9/site-packages/sklearn/neural_network/_multilayer_perceptron.py:686: ConvergenceWarning: Stochastic Optimizer: Maximum iterations (200) reached and the optimization hasn't converged yet.
  warnings.warn(

function_evaluation time 1.278293 value 150.573590 suggestion {'alpha': 0.06818470286572227, 'batch_size': 23, 'beta_1': 0.6074916427681869, 'beta_2': 0.9989416813609767, 'epsilon': 3.4320991357508255e-07, 'hidden_layer_sizes': 185, 'learning_rate_init': 8.115862224525218e-05, 'tol': 7.961031043659846e-05, 'validation_fraction': 0.8241088463484904}
observation time 0.000005, current best 43.767011 at iter 12
Failure in optimizer suggest. Falling back to random search.
name 'activ' is not defined
Traceback (most recent call last):
  File "/home/ryedida/.local/lib/python3.9/site-packages/bayesmark/experiment.py", line 126, in run_study
    next_points = optimizer.suggest(n_suggestions)
  File "/home/ryedida/bbo_challenge_starter_kit/example_submissions/smoothness/optimizer.py", line 109, in suggest
    betas = [self._get_smoothness_reg(guess) for guess in guesses]
  File "/home/ryedida/bbo_challenge_starter_kit/example_submissions/smoothness/optimizer.py", line 109, in <listcomp>
    betas = [self._get_smoothness_reg(guess) for guess in guesses]
  File "/home/ryedida/bbo_challenge_starter_kit/example_submissions/smoothness/optimizer.py", line 49, in _get_smoothness_reg
    if activ > Kz:
NameError: name 'activ' is not defined
suggestion time taken 0.321946 iter 13 next_points [{'alpha': 7.990519608207331e-05, 'batch_size': 75, 'beta_1': 0.8661495173344651, 'beta_2': 0.9949861129501834, 'epsilon': 4.35615731540092e-09, 'hidden_layer_sizes': 145, 'learning_rate_init': 0.017264075056443562, 'tol': 0.0015022128726786216, 'validation_fraction': 0.74056702206012}]
function_evaluation time 0.439303 value 49.921429 suggestion {'alpha': 7.990519608207331e-05, 'batch_size': 75, 'beta_1': 0.8661495173344651, 'beta_2': 0.9949861129501834, 'epsilon': 4.35615731540092e-09, 'hidden_layer_sizes': 145, 'learning_rate_init': 0.017264075056443562, 'tol': 0.0015022128726786216, 'validation_fraction': 0.74056702206012}
observation time 0.000005, current best 43.767011 at iter 13
Failure in optimizer suggest. Falling back to random search.
name 'activ' is not defined
Traceback (most recent call last):
  File "/home/ryedida/.local/lib/python3.9/site-packages/bayesmark/experiment.py", line 126, in run_study
    next_points = optimizer.suggest(n_suggestions)
  File "/home/ryedida/bbo_challenge_starter_kit/example_submissions/smoothness/optimizer.py", line 109, in suggest
    betas = [self._get_smoothness_reg(guess) for guess in guesses]
  File "/home/ryedida/bbo_challenge_starter_kit/example_submissions/smoothness/optimizer.py", line 109, in <listcomp>
    betas = [self._get_smoothness_reg(guess) for guess in guesses]
  File "/home/ryedida/bbo_challenge_starter_kit/example_submissions/smoothness/optimizer.py", line 49, in _get_smoothness_reg
    if activ > Kz:
NameError: name 'activ' is not defined
suggestion time taken 0.325206 iter 14 next_points [{'alpha': 0.014015556791674709, 'batch_size': 181, 'beta_1': 0.5261663931344869, 'beta_2': 0.9943714553951115, 'epsilon': 1.1725061602911286e-08, 'hidden_layer_sizes': 178, 'learning_rate_init': 5.604875840229215e-05, 'tol': 0.016604427361844497, 'validation_fraction': 0.6208359875205237}]
/home/ryedida/.local/lib/python3.9/site-packages/sklearn/neural_network/_multilayer_perceptron.py:605: UserWarning: Got `batch_size` less than 1 or larger than sample size. It is going to be clipped
  warnings.warn(

function_evaluation time 0.062830 value 151.568583 suggestion {'alpha': 0.014015556791674709, 'batch_size': 181, 'beta_1': 0.5261663931344869, 'beta_2': 0.9943714553951115, 'epsilon': 1.1725061602911286e-08, 'hidden_layer_sizes': 178, 'learning_rate_init': 5.604875840229215e-05, 'tol': 0.016604427361844497, 'validation_fraction': 0.6208359875205237}
observation time 0.000005, current best 43.767011 at iter 14
saving meta data: {'args': {'--uuid': '53f33097f82e5fa180e1acc7361670bc', '-db-root': '/home/ryedida/bbo_challenge_starter_kit/output', '--opt-root': '/home/ryedida/bbo_challenge_starter_kit/example_submissions', '--data-root': None, '--db': 'run_20230427_004608', '--opt': 'smoothness', '--data': 'diabetes', '--classifier': 'MLP-adam', '--metric': 'mae', '--calls': 15, '--suggestions': 1, '--jobs-file': None, '--verbose': False, 'dry_run': False, 'rev': 'a376313', 'opt_rev': 'x.x.x'}, 'signature': ([{'alpha': 0.019628224813442792, 'batch_size': 182, 'beta_1': 0.9410202200271762, 'beta_2': 0.9998021557676793, 'epsilon': 1.8662266976518e-08, 'hidden_layer_sizes': 147, 'learning_rate_init': 0.0005627932047415167, 'tol': 0.03690557729213761, 'validation_fraction': 0.8846827852548593}, {'alpha': 0.0019982467392329444, 'batch_size': 200, 'beta_1': 0.919111482530466, 'beta_2': 0.9998488260436156, 'epsilon': 5.981221901152555e-07, 'hidden_layer_sizes': 61, 'learning_rate_init': 2.2310905607443014e-05, 'tol': 1.2046852412030316e-05, 'validation_fraction': 0.8117896445826539}, {'alpha': 0.46659545670218433, 'batch_size': 219, 'beta_1': 0.9889789783750891, 'beta_2': 0.9999896868093284, 'epsilon': 2.4234724484675948e-08, 'hidden_layer_sizes': 167, 'learning_rate_init': 2.972334644335654e-05, 'tol': 0.0036281404040243792, 'validation_fraction': 0.17260651658522078}, {'alpha': 4.656005689076002, 'batch_size': 135, 'beta_1': 0.870503881627747, 'beta_2': 0.9948873266941017, 'epsilon': 2.1023308743480125e-07, 'hidden_layer_sizes': 118, 'learning_rate_init': 0.0018781738757161913, 'tol': 1.1889379831773004e-05, 'validation_fraction': 0.6264327093752792}, {'alpha': 0.04705159350400542, 'batch_size': 158, 'beta_1': 0.9870884262730957, 'beta_2': 0.9999596874382349, 'epsilon': 1.1981845126013875e-08, 'hidden_layer_sizes': 116, 'learning_rate_init': 0.00617340520407431, 'tol': 1.741413418158619e-05, 'validation_fraction': 0.6754299026638921}], [151.4971925380264, 151.42763539278994, 151.47026299046811, 136.86202504264318, 75.2055865763391])}
saving results
saving timing
saving suggest log
done
