running: {'--uuid': '548c0ef9de785125ab5d978c270b9e7b', '-db-root': '/home/ryedida/bbo_challenge_starter_kit/output', '--opt-root': '/home/ryedida/bbo_challenge_starter_kit/example_submissions', '--data-root': None, '--db': 'run_20230427_004608', '--opt': 'smoothness', '--data': 'diabetes', '--classifier': 'MLP-adam', '--metric': 'mae', '--calls': 15, '--suggestions': 1, '--jobs-file': None, '--verbose': False, 'dry_run': False, 'rev': 'a376313', 'opt_rev': 'x.x.x'}
cmd: python smoothness/optimizer.py -c MLP-adam -d diabetes -o smoothness -u 548c0ef9de785125ab5d978c270b9e7b -m mae -n 15 -p 1 -dir /home/ryedida/bbo_challenge_starter_kit/output -b run_20230427_004608
/home/ryedida/.local/lib/python3.9/site-packages/sklearn/neural_network/_multilayer_perceptron.py:605: UserWarning: Got `batch_size` less than 1 or larger than sample size. It is going to be clipped
  warnings.warn(

/home/ryedida/.local/lib/python3.9/site-packages/sklearn/neural_network/_multilayer_perceptron.py:605: UserWarning: Got `batch_size` less than 1 or larger than sample size. It is going to be clipped
  warnings.warn(

/home/ryedida/.local/lib/python3.9/site-packages/sklearn/neural_network/_multilayer_perceptron.py:605: UserWarning: Got `batch_size` less than 1 or larger than sample size. It is going to be clipped
  warnings.warn(

/home/ryedida/.local/lib/python3.9/site-packages/sklearn/neural_network/_multilayer_perceptron.py:686: ConvergenceWarning: Stochastic Optimizer: Maximum iterations (200) reached and the optimization hasn't converged yet.
  warnings.warn(

/home/ryedida/.local/lib/python3.9/site-packages/sklearn/neural_network/_multilayer_perceptron.py:605: UserWarning: Got `batch_size` less than 1 or larger than sample size. It is going to be clipped
  warnings.warn(

/home/ryedida/.local/lib/python3.9/site-packages/sklearn/neural_network/_multilayer_perceptron.py:686: ConvergenceWarning: Stochastic Optimizer: Maximum iterations (200) reached and the optimization hasn't converged yet.
  warnings.warn(

computed signature: ([{'alpha': 0.019628224813442792, 'batch_size': 182, 'beta_1': 0.9410202200271762, 'beta_2': 0.9998021557676793, 'epsilon': 1.8662266976518e-08, 'hidden_layer_sizes': 147, 'learning_rate_init': 0.0005627932047415167, 'tol': 0.03690557729213761, 'validation_fraction': 0.8846827852548593}, {'alpha': 0.0019982467392329444, 'batch_size': 200, 'beta_1': 0.919111482530466, 'beta_2': 0.9998488260436156, 'epsilon': 5.981221901152555e-07, 'hidden_layer_sizes': 61, 'learning_rate_init': 2.2310905607443014e-05, 'tol': 1.2046852412030316e-05, 'validation_fraction': 0.8117896445826539}, {'alpha': 0.46659545670218433, 'batch_size': 219, 'beta_1': 0.9889789783750891, 'beta_2': 0.9999896868093284, 'epsilon': 2.4234724484675948e-08, 'hidden_layer_sizes': 167, 'learning_rate_init': 2.972334644335654e-05, 'tol': 0.0036281404040243792, 'validation_fraction': 0.17260651658522078}, {'alpha': 4.656005689076002, 'batch_size': 135, 'beta_1': 0.870503881627747, 'beta_2': 0.9948873266941017, 'epsilon': 2.1023308743480125e-07, 'hidden_layer_sizes': 118, 'learning_rate_init': 0.0018781738757161913, 'tol': 1.1889379831773004e-05, 'validation_fraction': 0.6264327093752792}, {'alpha': 0.04705159350400542, 'batch_size': 158, 'beta_1': 0.9870884262730957, 'beta_2': 0.9999596874382349, 'epsilon': 1.1981845126013875e-08, 'hidden_layer_sizes': 116, 'learning_rate_init': 0.00617340520407431, 'tol': 1.741413418158619e-05, 'validation_fraction': 0.6754299026638921}], [151.4971925380264, 151.42763539278994, 151.47026299046811, 136.86202504264318, 75.2055865763391])
Signature errors:
                                  0             1             2         3         4       max
MLP-adam_diabetes_mae  1.919244e-08  6.198704e-08  7.624578e-09  0.000007  0.000034  0.000034
max                    1.919244e-08  6.198704e-08  7.624578e-09  0.000007  0.000034  0.000034
starting sklearn study smoothness MLP-adam diabetes mae 15 1
with data root: None
Failure in optimizer suggest. Falling back to random search.
name 'activ' is not defined
Traceback (most recent call last):
  File "/home/ryedida/.local/lib/python3.9/site-packages/bayesmark/experiment.py", line 126, in run_study
    next_points = optimizer.suggest(n_suggestions)
  File "/home/ryedida/bbo_challenge_starter_kit/example_submissions/smoothness/optimizer.py", line 109, in suggest
    betas = [self._get_smoothness_reg(guess) for guess in guesses]
  File "/home/ryedida/bbo_challenge_starter_kit/example_submissions/smoothness/optimizer.py", line 109, in <listcomp>
    betas = [self._get_smoothness_reg(guess) for guess in guesses]
  File "/home/ryedida/bbo_challenge_starter_kit/example_submissions/smoothness/optimizer.py", line 49, in _get_smoothness_reg
    if activ > Kz:
NameError: name 'activ' is not defined
suggestion time taken 0.515789 iter 0 next_points [{'alpha': 0.8626958328141447, 'batch_size': 25, 'beta_1': 0.6058588913404324, 'beta_2': 0.9880402525333083, 'epsilon': 3.4778859875261774e-09, 'hidden_layer_sizes': 130, 'learning_rate_init': 0.013465029807607415, 'tol': 1.0789238813593595e-05, 'validation_fraction': 0.1156540353569257}]
function_evaluation time 0.572979 value 46.905643 suggestion {'alpha': 0.8626958328141447, 'batch_size': 25, 'beta_1': 0.6058588913404324, 'beta_2': 0.9880402525333083, 'epsilon': 3.4778859875261774e-09, 'hidden_layer_sizes': 130, 'learning_rate_init': 0.013465029807607415, 'tol': 1.0789238813593595e-05, 'validation_fraction': 0.1156540353569257}
observation time 0.000006, current best 46.905643 at iter 0
Failure in optimizer suggest. Falling back to random search.
name 'activ' is not defined
Traceback (most recent call last):
  File "/home/ryedida/.local/lib/python3.9/site-packages/bayesmark/experiment.py", line 126, in run_study
    next_points = optimizer.suggest(n_suggestions)
  File "/home/ryedida/bbo_challenge_starter_kit/example_submissions/smoothness/optimizer.py", line 109, in suggest
    betas = [self._get_smoothness_reg(guess) for guess in guesses]
  File "/home/ryedida/bbo_challenge_starter_kit/example_submissions/smoothness/optimizer.py", line 109, in <listcomp>
    betas = [self._get_smoothness_reg(guess) for guess in guesses]
  File "/home/ryedida/bbo_challenge_starter_kit/example_submissions/smoothness/optimizer.py", line 49, in _get_smoothness_reg
    if activ > Kz:
NameError: name 'activ' is not defined
suggestion time taken 0.327410 iter 1 next_points [{'alpha': 0.8972958087150672, 'batch_size': 155, 'beta_1': 0.9498210735773797, 'beta_2': 0.9976018761287927, 'epsilon': 1.0104683152671677e-07, 'hidden_layer_sizes': 136, 'learning_rate_init': 0.009548354478431251, 'tol': 0.0002631151605780956, 'validation_fraction': 0.414386077607191}]
function_evaluation time 0.786531 value 51.241151 suggestion {'alpha': 0.8972958087150672, 'batch_size': 155, 'beta_1': 0.9498210735773797, 'beta_2': 0.9976018761287927, 'epsilon': 1.0104683152671677e-07, 'hidden_layer_sizes': 136, 'learning_rate_init': 0.009548354478431251, 'tol': 0.0002631151605780956, 'validation_fraction': 0.414386077607191}
observation time 0.000005, current best 46.905643 at iter 1
Failure in optimizer suggest. Falling back to random search.
name 'activ' is not defined
Traceback (most recent call last):
  File "/home/ryedida/.local/lib/python3.9/site-packages/bayesmark/experiment.py", line 126, in run_study
    next_points = optimizer.suggest(n_suggestions)
  File "/home/ryedida/bbo_challenge_starter_kit/example_submissions/smoothness/optimizer.py", line 109, in suggest
    betas = [self._get_smoothness_reg(guess) for guess in guesses]
  File "/home/ryedida/bbo_challenge_starter_kit/example_submissions/smoothness/optimizer.py", line 109, in <listcomp>
    betas = [self._get_smoothness_reg(guess) for guess in guesses]
  File "/home/ryedida/bbo_challenge_starter_kit/example_submissions/smoothness/optimizer.py", line 49, in _get_smoothness_reg
    if activ > Kz:
NameError: name 'activ' is not defined
suggestion time taken 0.331244 iter 2 next_points [{'alpha': 0.03704045905727439, 'batch_size': 182, 'beta_1': 0.9266005141536241, 'beta_2': 0.9979016236633078, 'epsilon': 2.4270142558153576e-09, 'hidden_layer_sizes': 181, 'learning_rate_init': 3.6397409152828924e-05, 'tol': 0.0034604078874705124, 'validation_fraction': 0.3316156742725874}]
function_evaluation time 0.086824 value 151.670157 suggestion {'alpha': 0.03704045905727439, 'batch_size': 182, 'beta_1': 0.9266005141536241, 'beta_2': 0.9979016236633078, 'epsilon': 2.4270142558153576e-09, 'hidden_layer_sizes': 181, 'learning_rate_init': 3.6397409152828924e-05, 'tol': 0.0034604078874705124, 'validation_fraction': 0.3316156742725874}
observation time 0.000005, current best 46.905643 at iter 2
Failure in optimizer suggest. Falling back to random search.
name 'activ' is not defined
Traceback (most recent call last):
  File "/home/ryedida/.local/lib/python3.9/site-packages/bayesmark/experiment.py", line 126, in run_study
    next_points = optimizer.suggest(n_suggestions)
  File "/home/ryedida/bbo_challenge_starter_kit/example_submissions/smoothness/optimizer.py", line 109, in suggest
    betas = [self._get_smoothness_reg(guess) for guess in guesses]
  File "/home/ryedida/bbo_challenge_starter_kit/example_submissions/smoothness/optimizer.py", line 109, in <listcomp>
    betas = [self._get_smoothness_reg(guess) for guess in guesses]
  File "/home/ryedida/bbo_challenge_starter_kit/example_submissions/smoothness/optimizer.py", line 49, in _get_smoothness_reg
    if activ > Kz:
NameError: name 'activ' is not defined
suggestion time taken 0.326169 iter 3 next_points [{'alpha': 0.0502643774867307, 'batch_size': 122, 'beta_1': 0.989595987018254, 'beta_2': 0.9997346100872954, 'epsilon': 1.9875557935165673e-08, 'hidden_layer_sizes': 182, 'learning_rate_init': 0.00024119383143551192, 'tol': 0.05791448738397212, 'validation_fraction': 0.17945464472972505}]
function_evaluation time 0.093425 value 151.523322 suggestion {'alpha': 0.0502643774867307, 'batch_size': 122, 'beta_1': 0.989595987018254, 'beta_2': 0.9997346100872954, 'epsilon': 1.9875557935165673e-08, 'hidden_layer_sizes': 182, 'learning_rate_init': 0.00024119383143551192, 'tol': 0.05791448738397212, 'validation_fraction': 0.17945464472972505}
observation time 0.000004, current best 46.905643 at iter 3
Failure in optimizer suggest. Falling back to random search.
name 'activ' is not defined
Traceback (most recent call last):
  File "/home/ryedida/.local/lib/python3.9/site-packages/bayesmark/experiment.py", line 126, in run_study
    next_points = optimizer.suggest(n_suggestions)
  File "/home/ryedida/bbo_challenge_starter_kit/example_submissions/smoothness/optimizer.py", line 109, in suggest
    betas = [self._get_smoothness_reg(guess) for guess in guesses]
  File "/home/ryedida/bbo_challenge_starter_kit/example_submissions/smoothness/optimizer.py", line 109, in <listcomp>
    betas = [self._get_smoothness_reg(guess) for guess in guesses]
  File "/home/ryedida/bbo_challenge_starter_kit/example_submissions/smoothness/optimizer.py", line 49, in _get_smoothness_reg
    if activ > Kz:
NameError: name 'activ' is not defined
suggestion time taken 0.330476 iter 4 next_points [{'alpha': 0.2066641756185291, 'batch_size': 211, 'beta_1': 0.8032046871880484, 'beta_2': 0.9979626520773716, 'epsilon': 8.416591387224977e-08, 'hidden_layer_sizes': 124, 'learning_rate_init': 0.0007074771834185406, 'tol': 1.4581228258230671e-05, 'validation_fraction': 0.1006850202853775}]
/home/ryedida/.local/lib/python3.9/site-packages/sklearn/neural_network/_multilayer_perceptron.py:686: ConvergenceWarning: Stochastic Optimizer: Maximum iterations (200) reached and the optimization hasn't converged yet.
  warnings.warn(

function_evaluation time 1.183319 value 141.188086 suggestion {'alpha': 0.2066641756185291, 'batch_size': 211, 'beta_1': 0.8032046871880484, 'beta_2': 0.9979626520773716, 'epsilon': 8.416591387224977e-08, 'hidden_layer_sizes': 124, 'learning_rate_init': 0.0007074771834185406, 'tol': 1.4581228258230671e-05, 'validation_fraction': 0.1006850202853775}
observation time 0.000005, current best 46.905643 at iter 4
Failure in optimizer suggest. Falling back to random search.
name 'activ' is not defined
Traceback (most recent call last):
  File "/home/ryedida/.local/lib/python3.9/site-packages/bayesmark/experiment.py", line 126, in run_study
    next_points = optimizer.suggest(n_suggestions)
  File "/home/ryedida/bbo_challenge_starter_kit/example_submissions/smoothness/optimizer.py", line 109, in suggest
    betas = [self._get_smoothness_reg(guess) for guess in guesses]
  File "/home/ryedida/bbo_challenge_starter_kit/example_submissions/smoothness/optimizer.py", line 109, in <listcomp>
    betas = [self._get_smoothness_reg(guess) for guess in guesses]
  File "/home/ryedida/bbo_challenge_starter_kit/example_submissions/smoothness/optimizer.py", line 49, in _get_smoothness_reg
    if activ > Kz:
NameError: name 'activ' is not defined
suggestion time taken 0.340511 iter 5 next_points [{'alpha': 0.007702966637770762, 'batch_size': 119, 'beta_1': 0.8650220770656142, 'beta_2': 0.9999979361349994, 'epsilon': 3.842705679926503e-08, 'hidden_layer_sizes': 150, 'learning_rate_init': 0.030729362326570073, 'tol': 2.3812586020199877e-05, 'validation_fraction': 0.5969548923272859}]
function_evaluation time 0.603911 value 48.124991 suggestion {'alpha': 0.007702966637770762, 'batch_size': 119, 'beta_1': 0.8650220770656142, 'beta_2': 0.9999979361349994, 'epsilon': 3.842705679926503e-08, 'hidden_layer_sizes': 150, 'learning_rate_init': 0.030729362326570073, 'tol': 2.3812586020199877e-05, 'validation_fraction': 0.5969548923272859}
observation time 0.000005, current best 46.905643 at iter 5
Failure in optimizer suggest. Falling back to random search.
name 'activ' is not defined
Traceback (most recent call last):
  File "/home/ryedida/.local/lib/python3.9/site-packages/bayesmark/experiment.py", line 126, in run_study
    next_points = optimizer.suggest(n_suggestions)
  File "/home/ryedida/bbo_challenge_starter_kit/example_submissions/smoothness/optimizer.py", line 109, in suggest
    betas = [self._get_smoothness_reg(guess) for guess in guesses]
  File "/home/ryedida/bbo_challenge_starter_kit/example_submissions/smoothness/optimizer.py", line 109, in <listcomp>
    betas = [self._get_smoothness_reg(guess) for guess in guesses]
  File "/home/ryedida/bbo_challenge_starter_kit/example_submissions/smoothness/optimizer.py", line 49, in _get_smoothness_reg
    if activ > Kz:
NameError: name 'activ' is not defined
suggestion time taken 0.327481 iter 6 next_points [{'alpha': 6.299101313072269, 'batch_size': 14, 'beta_1': 0.9819561320572137, 'beta_2': 0.9998153164488035, 'epsilon': 5.777503499346427e-08, 'hidden_layer_sizes': 135, 'learning_rate_init': 0.023547746194901124, 'tol': 0.00012259774441928387, 'validation_fraction': 0.1684385018363505}]
function_evaluation time 1.170893 value 47.138297 suggestion {'alpha': 6.299101313072269, 'batch_size': 14, 'beta_1': 0.9819561320572137, 'beta_2': 0.9998153164488035, 'epsilon': 5.777503499346427e-08, 'hidden_layer_sizes': 135, 'learning_rate_init': 0.023547746194901124, 'tol': 0.00012259774441928387, 'validation_fraction': 0.1684385018363505}
observation time 0.000005, current best 46.905643 at iter 6
Failure in optimizer suggest. Falling back to random search.
name 'activ' is not defined
Traceback (most recent call last):
  File "/home/ryedida/.local/lib/python3.9/site-packages/bayesmark/experiment.py", line 126, in run_study
    next_points = optimizer.suggest(n_suggestions)
  File "/home/ryedida/bbo_challenge_starter_kit/example_submissions/smoothness/optimizer.py", line 109, in suggest
    betas = [self._get_smoothness_reg(guess) for guess in guesses]
  File "/home/ryedida/bbo_challenge_starter_kit/example_submissions/smoothness/optimizer.py", line 109, in <listcomp>
    betas = [self._get_smoothness_reg(guess) for guess in guesses]
  File "/home/ryedida/bbo_challenge_starter_kit/example_submissions/smoothness/optimizer.py", line 49, in _get_smoothness_reg
    if activ > Kz:
NameError: name 'activ' is not defined
suggestion time taken 0.462147 iter 7 next_points [{'alpha': 1.399276970606959e-05, 'batch_size': 200, 'beta_1': 0.5968452510555711, 'beta_2': 0.9986088264335645, 'epsilon': 8.24365269632297e-09, 'hidden_layer_sizes': 91, 'learning_rate_init': 7.42678804801697e-05, 'tol': 0.00023542224014457124, 'validation_fraction': 0.8731429461373952}]
/home/ryedida/.local/lib/python3.9/site-packages/sklearn/neural_network/_multilayer_perceptron.py:605: UserWarning: Got `batch_size` less than 1 or larger than sample size. It is going to be clipped
  warnings.warn(

function_evaluation time 0.054256 value 151.630040 suggestion {'alpha': 1.399276970606959e-05, 'batch_size': 200, 'beta_1': 0.5968452510555711, 'beta_2': 0.9986088264335645, 'epsilon': 8.24365269632297e-09, 'hidden_layer_sizes': 91, 'learning_rate_init': 7.42678804801697e-05, 'tol': 0.00023542224014457124, 'validation_fraction': 0.8731429461373952}
observation time 0.000005, current best 46.905643 at iter 7
Failure in optimizer suggest. Falling back to random search.
name 'activ' is not defined
Traceback (most recent call last):
  File "/home/ryedida/.local/lib/python3.9/site-packages/bayesmark/experiment.py", line 126, in run_study
    next_points = optimizer.suggest(n_suggestions)
  File "/home/ryedida/bbo_challenge_starter_kit/example_submissions/smoothness/optimizer.py", line 109, in suggest
    betas = [self._get_smoothness_reg(guess) for guess in guesses]
  File "/home/ryedida/bbo_challenge_starter_kit/example_submissions/smoothness/optimizer.py", line 109, in <listcomp>
    betas = [self._get_smoothness_reg(guess) for guess in guesses]
  File "/home/ryedida/bbo_challenge_starter_kit/example_submissions/smoothness/optimizer.py", line 49, in _get_smoothness_reg
    if activ > Kz:
NameError: name 'activ' is not defined
suggestion time taken 0.322851 iter 8 next_points [{'alpha': 0.027456018671801197, 'batch_size': 48, 'beta_1': 0.8513568839610894, 'beta_2': 0.9805777926188208, 'epsilon': 1.4997150700703704e-08, 'hidden_layer_sizes': 58, 'learning_rate_init': 9.639121094518074e-05, 'tol': 1.2129099039619916e-05, 'validation_fraction': 0.5732582159920715}]
/home/ryedida/.local/lib/python3.9/site-packages/sklearn/neural_network/_multilayer_perceptron.py:686: ConvergenceWarning: Stochastic Optimizer: Maximum iterations (200) reached and the optimization hasn't converged yet.
  warnings.warn(

function_evaluation time 1.032178 value 150.889108 suggestion {'alpha': 0.027456018671801197, 'batch_size': 48, 'beta_1': 0.8513568839610894, 'beta_2': 0.9805777926188208, 'epsilon': 1.4997150700703704e-08, 'hidden_layer_sizes': 58, 'learning_rate_init': 9.639121094518074e-05, 'tol': 1.2129099039619916e-05, 'validation_fraction': 0.5732582159920715}
observation time 0.000005, current best 46.905643 at iter 8
Failure in optimizer suggest. Falling back to random search.
name 'activ' is not defined
Traceback (most recent call last):
  File "/home/ryedida/.local/lib/python3.9/site-packages/bayesmark/experiment.py", line 126, in run_study
    next_points = optimizer.suggest(n_suggestions)
  File "/home/ryedida/bbo_challenge_starter_kit/example_submissions/smoothness/optimizer.py", line 109, in suggest
    betas = [self._get_smoothness_reg(guess) for guess in guesses]
  File "/home/ryedida/bbo_challenge_starter_kit/example_submissions/smoothness/optimizer.py", line 109, in <listcomp>
    betas = [self._get_smoothness_reg(guess) for guess in guesses]
  File "/home/ryedida/bbo_challenge_starter_kit/example_submissions/smoothness/optimizer.py", line 49, in _get_smoothness_reg
    if activ > Kz:
NameError: name 'activ' is not defined
suggestion time taken 0.326594 iter 9 next_points [{'alpha': 0.00666606096210619, 'batch_size': 226, 'beta_1': 0.8925239744218257, 'beta_2': 0.9999944574357974, 'epsilon': 5.4841587916251844e-08, 'hidden_layer_sizes': 156, 'learning_rate_init': 0.0006967926589769425, 'tol': 0.0009430746442652851, 'validation_fraction': 0.6310040554258228}]
/home/ryedida/.local/lib/python3.9/site-packages/sklearn/neural_network/_multilayer_perceptron.py:605: UserWarning: Got `batch_size` less than 1 or larger than sample size. It is going to be clipped
  warnings.warn(

function_evaluation time 0.059991 value 151.466518 suggestion {'alpha': 0.00666606096210619, 'batch_size': 226, 'beta_1': 0.8925239744218257, 'beta_2': 0.9999944574357974, 'epsilon': 5.4841587916251844e-08, 'hidden_layer_sizes': 156, 'learning_rate_init': 0.0006967926589769425, 'tol': 0.0009430746442652851, 'validation_fraction': 0.6310040554258228}
observation time 0.000004, current best 46.905643 at iter 9
Failure in optimizer suggest. Falling back to random search.
name 'activ' is not defined
Traceback (most recent call last):
  File "/home/ryedida/.local/lib/python3.9/site-packages/bayesmark/experiment.py", line 126, in run_study
    next_points = optimizer.suggest(n_suggestions)
  File "/home/ryedida/bbo_challenge_starter_kit/example_submissions/smoothness/optimizer.py", line 109, in suggest
    betas = [self._get_smoothness_reg(guess) for guess in guesses]
  File "/home/ryedida/bbo_challenge_starter_kit/example_submissions/smoothness/optimizer.py", line 109, in <listcomp>
    betas = [self._get_smoothness_reg(guess) for guess in guesses]
  File "/home/ryedida/bbo_challenge_starter_kit/example_submissions/smoothness/optimizer.py", line 49, in _get_smoothness_reg
    if activ > Kz:
NameError: name 'activ' is not defined
suggestion time taken 0.324126 iter 10 next_points [{'alpha': 0.09556097728465018, 'batch_size': 31, 'beta_1': 0.9315069668871371, 'beta_2': 0.9996335899895806, 'epsilon': 1.7030913517919838e-07, 'hidden_layer_sizes': 144, 'learning_rate_init': 0.004786530541956752, 'tol': 0.00013422211236107894, 'validation_fraction': 0.8514492679107082}]
/home/ryedida/.local/lib/python3.9/site-packages/sklearn/neural_network/_multilayer_perceptron.py:686: ConvergenceWarning: Stochastic Optimizer: Maximum iterations (200) reached and the optimization hasn't converged yet.
  warnings.warn(

function_evaluation time 0.931167 value 52.247060 suggestion {'alpha': 0.09556097728465018, 'batch_size': 31, 'beta_1': 0.9315069668871371, 'beta_2': 0.9996335899895806, 'epsilon': 1.7030913517919838e-07, 'hidden_layer_sizes': 144, 'learning_rate_init': 0.004786530541956752, 'tol': 0.00013422211236107894, 'validation_fraction': 0.8514492679107082}
observation time 0.000005, current best 46.905643 at iter 10
Failure in optimizer suggest. Falling back to random search.
name 'activ' is not defined
Traceback (most recent call last):
  File "/home/ryedida/.local/lib/python3.9/site-packages/bayesmark/experiment.py", line 126, in run_study
    next_points = optimizer.suggest(n_suggestions)
  File "/home/ryedida/bbo_challenge_starter_kit/example_submissions/smoothness/optimizer.py", line 109, in suggest
    betas = [self._get_smoothness_reg(guess) for guess in guesses]
  File "/home/ryedida/bbo_challenge_starter_kit/example_submissions/smoothness/optimizer.py", line 109, in <listcomp>
    betas = [self._get_smoothness_reg(guess) for guess in guesses]
  File "/home/ryedida/bbo_challenge_starter_kit/example_submissions/smoothness/optimizer.py", line 49, in _get_smoothness_reg
    if activ > Kz:
NameError: name 'activ' is not defined
suggestion time taken 0.329353 iter 11 next_points [{'alpha': 0.0004313419457538157, 'batch_size': 96, 'beta_1': 0.8757659835780801, 'beta_2': 0.9447227085367662, 'epsilon': 1.5360933503018763e-09, 'hidden_layer_sizes': 179, 'learning_rate_init': 0.000293404238665989, 'tol': 0.05402378028039263, 'validation_fraction': 0.5373162443286643}]
function_evaluation time 0.081151 value 151.480518 suggestion {'alpha': 0.0004313419457538157, 'batch_size': 96, 'beta_1': 0.8757659835780801, 'beta_2': 0.9447227085367662, 'epsilon': 1.5360933503018763e-09, 'hidden_layer_sizes': 179, 'learning_rate_init': 0.000293404238665989, 'tol': 0.05402378028039263, 'validation_fraction': 0.5373162443286643}
observation time 0.000005, current best 46.905643 at iter 11
Failure in optimizer suggest. Falling back to random search.
name 'activ' is not defined
Traceback (most recent call last):
  File "/home/ryedida/.local/lib/python3.9/site-packages/bayesmark/experiment.py", line 126, in run_study
    next_points = optimizer.suggest(n_suggestions)
  File "/home/ryedida/bbo_challenge_starter_kit/example_submissions/smoothness/optimizer.py", line 109, in suggest
    betas = [self._get_smoothness_reg(guess) for guess in guesses]
  File "/home/ryedida/bbo_challenge_starter_kit/example_submissions/smoothness/optimizer.py", line 109, in <listcomp>
    betas = [self._get_smoothness_reg(guess) for guess in guesses]
  File "/home/ryedida/bbo_challenge_starter_kit/example_submissions/smoothness/optimizer.py", line 49, in _get_smoothness_reg
    if activ > Kz:
NameError: name 'activ' is not defined
suggestion time taken 0.323189 iter 12 next_points [{'alpha': 0.09238696724285259, 'batch_size': 209, 'beta_1': 0.964081129996049, 'beta_2': 0.9176450387961028, 'epsilon': 9.772731697789174e-08, 'hidden_layer_sizes': 177, 'learning_rate_init': 0.07123525211756829, 'tol': 3.48417733612673e-05, 'validation_fraction': 0.3234387135011139}]
function_evaluation time 0.190183 value 56.278681 suggestion {'alpha': 0.09238696724285259, 'batch_size': 209, 'beta_1': 0.964081129996049, 'beta_2': 0.9176450387961028, 'epsilon': 9.772731697789174e-08, 'hidden_layer_sizes': 177, 'learning_rate_init': 0.07123525211756829, 'tol': 3.48417733612673e-05, 'validation_fraction': 0.3234387135011139}
observation time 0.000006, current best 46.905643 at iter 12
Failure in optimizer suggest. Falling back to random search.
name 'activ' is not defined
Traceback (most recent call last):
  File "/home/ryedida/.local/lib/python3.9/site-packages/bayesmark/experiment.py", line 126, in run_study
    next_points = optimizer.suggest(n_suggestions)
  File "/home/ryedida/bbo_challenge_starter_kit/example_submissions/smoothness/optimizer.py", line 109, in suggest
    betas = [self._get_smoothness_reg(guess) for guess in guesses]
  File "/home/ryedida/bbo_challenge_starter_kit/example_submissions/smoothness/optimizer.py", line 109, in <listcomp>
    betas = [self._get_smoothness_reg(guess) for guess in guesses]
  File "/home/ryedida/bbo_challenge_starter_kit/example_submissions/smoothness/optimizer.py", line 49, in _get_smoothness_reg
    if activ > Kz:
NameError: name 'activ' is not defined
suggestion time taken 0.321289 iter 13 next_points [{'alpha': 0.10109022235300154, 'batch_size': 91, 'beta_1': 0.9892796641073841, 'beta_2': 0.9639751365867625, 'epsilon': 2.3039035555702613e-09, 'hidden_layer_sizes': 58, 'learning_rate_init': 0.05011541052696391, 'tol': 0.0007250920687887707, 'validation_fraction': 0.538294285319693}]
function_evaluation time 0.123943 value 55.097353 suggestion {'alpha': 0.10109022235300154, 'batch_size': 91, 'beta_1': 0.9892796641073841, 'beta_2': 0.9639751365867625, 'epsilon': 2.3039035555702613e-09, 'hidden_layer_sizes': 58, 'learning_rate_init': 0.05011541052696391, 'tol': 0.0007250920687887707, 'validation_fraction': 0.538294285319693}
observation time 0.000005, current best 46.905643 at iter 13
Failure in optimizer suggest. Falling back to random search.
name 'activ' is not defined
Traceback (most recent call last):
  File "/home/ryedida/.local/lib/python3.9/site-packages/bayesmark/experiment.py", line 126, in run_study
    next_points = optimizer.suggest(n_suggestions)
  File "/home/ryedida/bbo_challenge_starter_kit/example_submissions/smoothness/optimizer.py", line 109, in suggest
    betas = [self._get_smoothness_reg(guess) for guess in guesses]
  File "/home/ryedida/bbo_challenge_starter_kit/example_submissions/smoothness/optimizer.py", line 109, in <listcomp>
    betas = [self._get_smoothness_reg(guess) for guess in guesses]
  File "/home/ryedida/bbo_challenge_starter_kit/example_submissions/smoothness/optimizer.py", line 49, in _get_smoothness_reg
    if activ > Kz:
NameError: name 'activ' is not defined
suggestion time taken 0.330292 iter 14 next_points [{'alpha': 0.07877340568956849, 'batch_size': 237, 'beta_1': 0.9349770976247909, 'beta_2': 0.9998221495789745, 'epsilon': 1.8921635997007396e-07, 'hidden_layer_sizes': 131, 'learning_rate_init': 1.0150033477368023e-05, 'tol': 0.00014733753809057938, 'validation_fraction': 0.12325799406527424}]
function_evaluation time 0.083945 value 151.573112 suggestion {'alpha': 0.07877340568956849, 'batch_size': 237, 'beta_1': 0.9349770976247909, 'beta_2': 0.9998221495789745, 'epsilon': 1.8921635997007396e-07, 'hidden_layer_sizes': 131, 'learning_rate_init': 1.0150033477368023e-05, 'tol': 0.00014733753809057938, 'validation_fraction': 0.12325799406527424}
observation time 0.000005, current best 46.905643 at iter 14
saving meta data: {'args': {'--uuid': '548c0ef9de785125ab5d978c270b9e7b', '-db-root': '/home/ryedida/bbo_challenge_starter_kit/output', '--opt-root': '/home/ryedida/bbo_challenge_starter_kit/example_submissions', '--data-root': None, '--db': 'run_20230427_004608', '--opt': 'smoothness', '--data': 'diabetes', '--classifier': 'MLP-adam', '--metric': 'mae', '--calls': 15, '--suggestions': 1, '--jobs-file': None, '--verbose': False, 'dry_run': False, 'rev': 'a376313', 'opt_rev': 'x.x.x'}, 'signature': ([{'alpha': 0.019628224813442792, 'batch_size': 182, 'beta_1': 0.9410202200271762, 'beta_2': 0.9998021557676793, 'epsilon': 1.8662266976518e-08, 'hidden_layer_sizes': 147, 'learning_rate_init': 0.0005627932047415167, 'tol': 0.03690557729213761, 'validation_fraction': 0.8846827852548593}, {'alpha': 0.0019982467392329444, 'batch_size': 200, 'beta_1': 0.919111482530466, 'beta_2': 0.9998488260436156, 'epsilon': 5.981221901152555e-07, 'hidden_layer_sizes': 61, 'learning_rate_init': 2.2310905607443014e-05, 'tol': 1.2046852412030316e-05, 'validation_fraction': 0.8117896445826539}, {'alpha': 0.46659545670218433, 'batch_size': 219, 'beta_1': 0.9889789783750891, 'beta_2': 0.9999896868093284, 'epsilon': 2.4234724484675948e-08, 'hidden_layer_sizes': 167, 'learning_rate_init': 2.972334644335654e-05, 'tol': 0.0036281404040243792, 'validation_fraction': 0.17260651658522078}, {'alpha': 4.656005689076002, 'batch_size': 135, 'beta_1': 0.870503881627747, 'beta_2': 0.9948873266941017, 'epsilon': 2.1023308743480125e-07, 'hidden_layer_sizes': 118, 'learning_rate_init': 0.0018781738757161913, 'tol': 1.1889379831773004e-05, 'validation_fraction': 0.6264327093752792}, {'alpha': 0.04705159350400542, 'batch_size': 158, 'beta_1': 0.9870884262730957, 'beta_2': 0.9999596874382349, 'epsilon': 1.1981845126013875e-08, 'hidden_layer_sizes': 116, 'learning_rate_init': 0.00617340520407431, 'tol': 1.741413418158619e-05, 'validation_fraction': 0.6754299026638921}], [151.4971925380264, 151.42763539278994, 151.47026299046811, 136.86202504264318, 75.2055865763391])}
saving results
saving timing
saving suggest log
done
