running: {'--uuid': '8bfcbbd9c72e55509608d48226661281', '-db-root': '/home/ryedida/bbo_challenge_starter_kit/output', '--opt-root': '/home/ryedida/bbo_challenge_starter_kit/example_submissions', '--data-root': None, '--db': 'run_20230427_004608', '--opt': 'smoothness', '--data': 'diabetes', '--classifier': 'MLP-adam', '--metric': 'mse', '--calls': 15, '--suggestions': 1, '--jobs-file': None, '--verbose': False, 'dry_run': False, 'rev': 'a376313', 'opt_rev': 'x.x.x'}
cmd: python smoothness/optimizer.py -c MLP-adam -d diabetes -o smoothness -u 8bfcbbd9c72e55509608d48226661281 -m mse -n 15 -p 1 -dir /home/ryedida/bbo_challenge_starter_kit/output -b run_20230427_004608
/home/ryedida/.local/lib/python3.9/site-packages/sklearn/neural_network/_multilayer_perceptron.py:605: UserWarning: Got `batch_size` less than 1 or larger than sample size. It is going to be clipped
  warnings.warn(

/home/ryedida/.local/lib/python3.9/site-packages/sklearn/neural_network/_multilayer_perceptron.py:605: UserWarning: Got `batch_size` less than 1 or larger than sample size. It is going to be clipped
  warnings.warn(

/home/ryedida/.local/lib/python3.9/site-packages/sklearn/neural_network/_multilayer_perceptron.py:605: UserWarning: Got `batch_size` less than 1 or larger than sample size. It is going to be clipped
  warnings.warn(

/home/ryedida/.local/lib/python3.9/site-packages/sklearn/neural_network/_multilayer_perceptron.py:686: ConvergenceWarning: Stochastic Optimizer: Maximum iterations (200) reached and the optimization hasn't converged yet.
  warnings.warn(

/home/ryedida/.local/lib/python3.9/site-packages/sklearn/neural_network/_multilayer_perceptron.py:605: UserWarning: Got `batch_size` less than 1 or larger than sample size. It is going to be clipped
  warnings.warn(

/home/ryedida/.local/lib/python3.9/site-packages/sklearn/neural_network/_multilayer_perceptron.py:686: ConvergenceWarning: Stochastic Optimizer: Maximum iterations (200) reached and the optimization hasn't converged yet.
  warnings.warn(

computed signature: ([{'alpha': 0.019628224813442792, 'batch_size': 182, 'beta_1': 0.9410202200271762, 'beta_2': 0.9998021557676793, 'epsilon': 1.8662266976518e-08, 'hidden_layer_sizes': 147, 'learning_rate_init': 0.0005627932047415167, 'tol': 0.03690557729213761, 'validation_fraction': 0.8846827852548593}, {'alpha': 0.0019982467392329444, 'batch_size': 200, 'beta_1': 0.919111482530466, 'beta_2': 0.9998488260436156, 'epsilon': 5.981221901152555e-07, 'hidden_layer_sizes': 61, 'learning_rate_init': 2.2310905607443014e-05, 'tol': 1.2046852412030316e-05, 'validation_fraction': 0.8117896445826539}, {'alpha': 0.46659545670218433, 'batch_size': 219, 'beta_1': 0.9889789783750891, 'beta_2': 0.9999896868093284, 'epsilon': 2.4234724484675948e-08, 'hidden_layer_sizes': 167, 'learning_rate_init': 2.972334644335654e-05, 'tol': 0.0036281404040243792, 'validation_fraction': 0.17260651658522078}, {'alpha': 4.656005689076002, 'batch_size': 135, 'beta_1': 0.870503881627747, 'beta_2': 0.9948873266941017, 'epsilon': 2.1023308743480125e-07, 'hidden_layer_sizes': 118, 'learning_rate_init': 0.0018781738757161913, 'tol': 1.1889379831773004e-05, 'validation_fraction': 0.6264327093752792}, {'alpha': 0.04705159350400542, 'batch_size': 158, 'beta_1': 0.9870884262730957, 'beta_2': 0.9999596874382349, 'epsilon': 1.1981845126013875e-08, 'hidden_layer_sizes': 116, 'learning_rate_init': 0.00617340520407431, 'tol': 1.741413418158619e-05, 'validation_fraction': 0.6754299026638921}], [29083.993548572587, 29062.423277324073, 29075.78987471409, 24626.32866834337, 9584.226858493177])
Signature errors:
                              0         1         2         3         4       max
MLP-adam_diabetes_mse  0.000007  0.000008  0.000003  0.003558  0.004952  0.004952
max                    0.000007  0.000008  0.000003  0.003558  0.004952  0.004952
starting sklearn study smoothness MLP-adam diabetes mse 15 1
with data root: None
Failure in optimizer suggest. Falling back to random search.
name 'activ' is not defined
Traceback (most recent call last):
  File "/home/ryedida/.local/lib/python3.9/site-packages/bayesmark/experiment.py", line 126, in run_study
    next_points = optimizer.suggest(n_suggestions)
  File "/home/ryedida/bbo_challenge_starter_kit/example_submissions/smoothness/optimizer.py", line 109, in suggest
    betas = [self._get_smoothness_reg(guess) for guess in guesses]
  File "/home/ryedida/bbo_challenge_starter_kit/example_submissions/smoothness/optimizer.py", line 109, in <listcomp>
    betas = [self._get_smoothness_reg(guess) for guess in guesses]
  File "/home/ryedida/bbo_challenge_starter_kit/example_submissions/smoothness/optimizer.py", line 49, in _get_smoothness_reg
    if activ > Kz:
NameError: name 'activ' is not defined
suggestion time taken 0.498322 iter 0 next_points [{'alpha': 4.46621381958727e-05, 'batch_size': 115, 'beta_1': 0.9803963661427062, 'beta_2': 0.9999739358998083, 'epsilon': 7.603555459277195e-08, 'hidden_layer_sizes': 114, 'learning_rate_init': 2.7532888693449803e-05, 'tol': 3.309126005365411e-05, 'validation_fraction': 0.6194920136357939}]
/home/ryedida/.local/lib/python3.9/site-packages/sklearn/neural_network/_multilayer_perceptron.py:686: ConvergenceWarning: Stochastic Optimizer: Maximum iterations (200) reached and the optimization hasn't converged yet.
  warnings.warn(

function_evaluation time 0.221350 value 29158.471575 suggestion {'alpha': 4.46621381958727e-05, 'batch_size': 115, 'beta_1': 0.9803963661427062, 'beta_2': 0.9999739358998083, 'epsilon': 7.603555459277195e-08, 'hidden_layer_sizes': 114, 'learning_rate_init': 2.7532888693449803e-05, 'tol': 3.309126005365411e-05, 'validation_fraction': 0.6194920136357939}
observation time 0.000007, current best 29158.471575 at iter 0
Failure in optimizer suggest. Falling back to random search.
name 'activ' is not defined
Traceback (most recent call last):
  File "/home/ryedida/.local/lib/python3.9/site-packages/bayesmark/experiment.py", line 126, in run_study
    next_points = optimizer.suggest(n_suggestions)
  File "/home/ryedida/bbo_challenge_starter_kit/example_submissions/smoothness/optimizer.py", line 109, in suggest
    betas = [self._get_smoothness_reg(guess) for guess in guesses]
  File "/home/ryedida/bbo_challenge_starter_kit/example_submissions/smoothness/optimizer.py", line 109, in <listcomp>
    betas = [self._get_smoothness_reg(guess) for guess in guesses]
  File "/home/ryedida/bbo_challenge_starter_kit/example_submissions/smoothness/optimizer.py", line 49, in _get_smoothness_reg
    if activ > Kz:
NameError: name 'activ' is not defined
suggestion time taken 0.336043 iter 1 next_points [{'alpha': 6.0296793630203595e-05, 'batch_size': 81, 'beta_1': 0.9501667957416443, 'beta_2': 0.9999576515644063, 'epsilon': 6.231828481480108e-08, 'hidden_layer_sizes': 84, 'learning_rate_init': 0.035624373284538116, 'tol': 0.0013019705309705327, 'validation_fraction': 0.3550947955705979}]
function_evaluation time 0.278405 value 3108.935041 suggestion {'alpha': 6.0296793630203595e-05, 'batch_size': 81, 'beta_1': 0.9501667957416443, 'beta_2': 0.9999576515644063, 'epsilon': 6.231828481480108e-08, 'hidden_layer_sizes': 84, 'learning_rate_init': 0.035624373284538116, 'tol': 0.0013019705309705327, 'validation_fraction': 0.3550947955705979}
observation time 0.000005, current best 3108.935041 at iter 1
Failure in optimizer suggest. Falling back to random search.
name 'activ' is not defined
Traceback (most recent call last):
  File "/home/ryedida/.local/lib/python3.9/site-packages/bayesmark/experiment.py", line 126, in run_study
    next_points = optimizer.suggest(n_suggestions)
  File "/home/ryedida/bbo_challenge_starter_kit/example_submissions/smoothness/optimizer.py", line 109, in suggest
    betas = [self._get_smoothness_reg(guess) for guess in guesses]
  File "/home/ryedida/bbo_challenge_starter_kit/example_submissions/smoothness/optimizer.py", line 109, in <listcomp>
    betas = [self._get_smoothness_reg(guess) for guess in guesses]
  File "/home/ryedida/bbo_challenge_starter_kit/example_submissions/smoothness/optimizer.py", line 49, in _get_smoothness_reg
    if activ > Kz:
NameError: name 'activ' is not defined
suggestion time taken 0.334850 iter 2 next_points [{'alpha': 0.006075124803871894, 'batch_size': 167, 'beta_1': 0.9751427824792493, 'beta_2': 0.9878666687586253, 'epsilon': 2.438072143946641e-07, 'hidden_layer_sizes': 92, 'learning_rate_init': 0.015378883467698893, 'tol': 0.0022990579706693233, 'validation_fraction': 0.8817505058144195}]
/home/ryedida/.local/lib/python3.9/site-packages/sklearn/neural_network/_multilayer_perceptron.py:605: UserWarning: Got `batch_size` less than 1 or larger than sample size. It is going to be clipped
  warnings.warn(

function_evaluation time 0.458206 value 4210.031864 suggestion {'alpha': 0.006075124803871894, 'batch_size': 167, 'beta_1': 0.9751427824792493, 'beta_2': 0.9878666687586253, 'epsilon': 2.438072143946641e-07, 'hidden_layer_sizes': 92, 'learning_rate_init': 0.015378883467698893, 'tol': 0.0022990579706693233, 'validation_fraction': 0.8817505058144195}
observation time 0.000004, current best 3108.935041 at iter 2
Failure in optimizer suggest. Falling back to random search.
name 'activ' is not defined
Traceback (most recent call last):
  File "/home/ryedida/.local/lib/python3.9/site-packages/bayesmark/experiment.py", line 126, in run_study
    next_points = optimizer.suggest(n_suggestions)
  File "/home/ryedida/bbo_challenge_starter_kit/example_submissions/smoothness/optimizer.py", line 109, in suggest
    betas = [self._get_smoothness_reg(guess) for guess in guesses]
  File "/home/ryedida/bbo_challenge_starter_kit/example_submissions/smoothness/optimizer.py", line 109, in <listcomp>
    betas = [self._get_smoothness_reg(guess) for guess in guesses]
  File "/home/ryedida/bbo_challenge_starter_kit/example_submissions/smoothness/optimizer.py", line 49, in _get_smoothness_reg
    if activ > Kz:
NameError: name 'activ' is not defined
suggestion time taken 0.332979 iter 3 next_points [{'alpha': 0.03224536027683143, 'batch_size': 65, 'beta_1': 0.9870643787713864, 'beta_2': 0.9854931588802386, 'epsilon': 3.3770173750326054e-09, 'hidden_layer_sizes': 148, 'learning_rate_init': 6.23219693450521e-05, 'tol': 0.004584932739062244, 'validation_fraction': 0.6377391029496953}]
function_evaluation time 0.073400 value 29103.641571 suggestion {'alpha': 0.03224536027683143, 'batch_size': 65, 'beta_1': 0.9870643787713864, 'beta_2': 0.9854931588802386, 'epsilon': 3.3770173750326054e-09, 'hidden_layer_sizes': 148, 'learning_rate_init': 6.23219693450521e-05, 'tol': 0.004584932739062244, 'validation_fraction': 0.6377391029496953}
observation time 0.000005, current best 3108.935041 at iter 3
Failure in optimizer suggest. Falling back to random search.
name 'activ' is not defined
Traceback (most recent call last):
  File "/home/ryedida/.local/lib/python3.9/site-packages/bayesmark/experiment.py", line 126, in run_study
    next_points = optimizer.suggest(n_suggestions)
  File "/home/ryedida/bbo_challenge_starter_kit/example_submissions/smoothness/optimizer.py", line 109, in suggest
    betas = [self._get_smoothness_reg(guess) for guess in guesses]
  File "/home/ryedida/bbo_challenge_starter_kit/example_submissions/smoothness/optimizer.py", line 109, in <listcomp>
    betas = [self._get_smoothness_reg(guess) for guess in guesses]
  File "/home/ryedida/bbo_challenge_starter_kit/example_submissions/smoothness/optimizer.py", line 49, in _get_smoothness_reg
    if activ > Kz:
NameError: name 'activ' is not defined
suggestion time taken 0.333373 iter 4 next_points [{'alpha': 0.02382423457041453, 'batch_size': 98, 'beta_1': 0.654715675672658, 'beta_2': 0.9076907740087293, 'epsilon': 5.247050641888382e-09, 'hidden_layer_sizes': 68, 'learning_rate_init': 0.003145032577496772, 'tol': 3.599387955640295e-05, 'validation_fraction': 0.8024371340598713}]
/home/ryedida/.local/lib/python3.9/site-packages/sklearn/neural_network/_multilayer_perceptron.py:605: UserWarning: Got `batch_size` less than 1 or larger than sample size. It is going to be clipped
  warnings.warn(

/home/ryedida/.local/lib/python3.9/site-packages/sklearn/neural_network/_multilayer_perceptron.py:686: ConvergenceWarning: Stochastic Optimizer: Maximum iterations (200) reached and the optimization hasn't converged yet.
  warnings.warn(

function_evaluation time 0.632467 value 24094.439721 suggestion {'alpha': 0.02382423457041453, 'batch_size': 98, 'beta_1': 0.654715675672658, 'beta_2': 0.9076907740087293, 'epsilon': 5.247050641888382e-09, 'hidden_layer_sizes': 68, 'learning_rate_init': 0.003145032577496772, 'tol': 3.599387955640295e-05, 'validation_fraction': 0.8024371340598713}
observation time 0.000004, current best 3108.935041 at iter 4
Failure in optimizer suggest. Falling back to random search.
name 'activ' is not defined
Traceback (most recent call last):
  File "/home/ryedida/.local/lib/python3.9/site-packages/bayesmark/experiment.py", line 126, in run_study
    next_points = optimizer.suggest(n_suggestions)
  File "/home/ryedida/bbo_challenge_starter_kit/example_submissions/smoothness/optimizer.py", line 109, in suggest
    betas = [self._get_smoothness_reg(guess) for guess in guesses]
  File "/home/ryedida/bbo_challenge_starter_kit/example_submissions/smoothness/optimizer.py", line 109, in <listcomp>
    betas = [self._get_smoothness_reg(guess) for guess in guesses]
  File "/home/ryedida/bbo_challenge_starter_kit/example_submissions/smoothness/optimizer.py", line 49, in _get_smoothness_reg
    if activ > Kz:
NameError: name 'activ' is not defined
suggestion time taken 0.339563 iter 5 next_points [{'alpha': 0.0031972575039682168, 'batch_size': 22, 'beta_1': 0.7757336176454467, 'beta_2': 0.9999980651241492, 'epsilon': 1.1479349989015093e-08, 'hidden_layer_sizes': 188, 'learning_rate_init': 0.007738687352254909, 'tol': 1.1296870403021087e-05, 'validation_fraction': 0.3042844168221616}]
function_evaluation time 1.501388 value 2964.466273 suggestion {'alpha': 0.0031972575039682168, 'batch_size': 22, 'beta_1': 0.7757336176454467, 'beta_2': 0.9999980651241492, 'epsilon': 1.1479349989015093e-08, 'hidden_layer_sizes': 188, 'learning_rate_init': 0.007738687352254909, 'tol': 1.1296870403021087e-05, 'validation_fraction': 0.3042844168221616}
observation time 0.000005, current best 2964.466273 at iter 5
Failure in optimizer suggest. Falling back to random search.
name 'activ' is not defined
Traceback (most recent call last):
  File "/home/ryedida/.local/lib/python3.9/site-packages/bayesmark/experiment.py", line 126, in run_study
    next_points = optimizer.suggest(n_suggestions)
  File "/home/ryedida/bbo_challenge_starter_kit/example_submissions/smoothness/optimizer.py", line 109, in suggest
    betas = [self._get_smoothness_reg(guess) for guess in guesses]
  File "/home/ryedida/bbo_challenge_starter_kit/example_submissions/smoothness/optimizer.py", line 109, in <listcomp>
    betas = [self._get_smoothness_reg(guess) for guess in guesses]
  File "/home/ryedida/bbo_challenge_starter_kit/example_submissions/smoothness/optimizer.py", line 49, in _get_smoothness_reg
    if activ > Kz:
NameError: name 'activ' is not defined
suggestion time taken 0.332742 iter 6 next_points [{'alpha': 0.24441910618255286, 'batch_size': 185, 'beta_1': 0.9724851422231828, 'beta_2': 0.9999980698560968, 'epsilon': 1.4727382966913532e-07, 'hidden_layer_sizes': 153, 'learning_rate_init': 1.9039456414895612e-05, 'tol': 0.00017709295837852322, 'validation_fraction': 0.7550961430196312}]
/home/ryedida/.local/lib/python3.9/site-packages/sklearn/neural_network/_multilayer_perceptron.py:605: UserWarning: Got `batch_size` less than 1 or larger than sample size. It is going to be clipped
  warnings.warn(

function_evaluation time 0.058105 value 29100.975803 suggestion {'alpha': 0.24441910618255286, 'batch_size': 185, 'beta_1': 0.9724851422231828, 'beta_2': 0.9999980698560968, 'epsilon': 1.4727382966913532e-07, 'hidden_layer_sizes': 153, 'learning_rate_init': 1.9039456414895612e-05, 'tol': 0.00017709295837852322, 'validation_fraction': 0.7550961430196312}
observation time 0.000005, current best 2964.466273 at iter 6
Failure in optimizer suggest. Falling back to random search.
name 'activ' is not defined
Traceback (most recent call last):
  File "/home/ryedida/.local/lib/python3.9/site-packages/bayesmark/experiment.py", line 126, in run_study
    next_points = optimizer.suggest(n_suggestions)
  File "/home/ryedida/bbo_challenge_starter_kit/example_submissions/smoothness/optimizer.py", line 109, in suggest
    betas = [self._get_smoothness_reg(guess) for guess in guesses]
  File "/home/ryedida/bbo_challenge_starter_kit/example_submissions/smoothness/optimizer.py", line 109, in <listcomp>
    betas = [self._get_smoothness_reg(guess) for guess in guesses]
  File "/home/ryedida/bbo_challenge_starter_kit/example_submissions/smoothness/optimizer.py", line 49, in _get_smoothness_reg
    if activ > Kz:
NameError: name 'activ' is not defined
suggestion time taken 0.458189 iter 7 next_points [{'alpha': 0.0016463276931663415, 'batch_size': 183, 'beta_1': 0.6205095694431477, 'beta_2': 0.9903569864741645, 'epsilon': 1.106327982431365e-07, 'hidden_layer_sizes': 192, 'learning_rate_init': 0.006609550287993785, 'tol': 8.499656847547939e-05, 'validation_fraction': 0.11118096509865134}]
function_evaluation time 1.442105 value 3083.590537 suggestion {'alpha': 0.0016463276931663415, 'batch_size': 183, 'beta_1': 0.6205095694431477, 'beta_2': 0.9903569864741645, 'epsilon': 1.106327982431365e-07, 'hidden_layer_sizes': 192, 'learning_rate_init': 0.006609550287993785, 'tol': 8.499656847547939e-05, 'validation_fraction': 0.11118096509865134}
observation time 0.000005, current best 2964.466273 at iter 7
Failure in optimizer suggest. Falling back to random search.
name 'activ' is not defined
Traceback (most recent call last):
  File "/home/ryedida/.local/lib/python3.9/site-packages/bayesmark/experiment.py", line 126, in run_study
    next_points = optimizer.suggest(n_suggestions)
  File "/home/ryedida/bbo_challenge_starter_kit/example_submissions/smoothness/optimizer.py", line 109, in suggest
    betas = [self._get_smoothness_reg(guess) for guess in guesses]
  File "/home/ryedida/bbo_challenge_starter_kit/example_submissions/smoothness/optimizer.py", line 109, in <listcomp>
    betas = [self._get_smoothness_reg(guess) for guess in guesses]
  File "/home/ryedida/bbo_challenge_starter_kit/example_submissions/smoothness/optimizer.py", line 49, in _get_smoothness_reg
    if activ > Kz:
NameError: name 'activ' is not defined
suggestion time taken 0.329174 iter 8 next_points [{'alpha': 0.0576205259546838, 'batch_size': 98, 'beta_1': 0.9862610699589793, 'beta_2': 0.9958806957469685, 'epsilon': 4.46432115665428e-07, 'hidden_layer_sizes': 190, 'learning_rate_init': 5.7936781388371286e-05, 'tol': 0.00013190057067743354, 'validation_fraction': 0.32074139988327854}]
/home/ryedida/.local/lib/python3.9/site-packages/sklearn/neural_network/_multilayer_perceptron.py:686: ConvergenceWarning: Stochastic Optimizer: Maximum iterations (200) reached and the optimization hasn't converged yet.
  warnings.warn(

function_evaluation time 0.359573 value 29125.506435 suggestion {'alpha': 0.0576205259546838, 'batch_size': 98, 'beta_1': 0.9862610699589793, 'beta_2': 0.9958806957469685, 'epsilon': 4.46432115665428e-07, 'hidden_layer_sizes': 190, 'learning_rate_init': 5.7936781388371286e-05, 'tol': 0.00013190057067743354, 'validation_fraction': 0.32074139988327854}
observation time 0.000006, current best 2964.466273 at iter 8
Failure in optimizer suggest. Falling back to random search.
name 'activ' is not defined
Traceback (most recent call last):
  File "/home/ryedida/.local/lib/python3.9/site-packages/bayesmark/experiment.py", line 126, in run_study
    next_points = optimizer.suggest(n_suggestions)
  File "/home/ryedida/bbo_challenge_starter_kit/example_submissions/smoothness/optimizer.py", line 109, in suggest
    betas = [self._get_smoothness_reg(guess) for guess in guesses]
  File "/home/ryedida/bbo_challenge_starter_kit/example_submissions/smoothness/optimizer.py", line 109, in <listcomp>
    betas = [self._get_smoothness_reg(guess) for guess in guesses]
  File "/home/ryedida/bbo_challenge_starter_kit/example_submissions/smoothness/optimizer.py", line 49, in _get_smoothness_reg
    if activ > Kz:
NameError: name 'activ' is not defined
suggestion time taken 0.327677 iter 9 next_points [{'alpha': 8.508629855813432, 'batch_size': 19, 'beta_1': 0.5810668918139472, 'beta_2': 0.9990190877741273, 'epsilon': 7.361940198878462e-07, 'hidden_layer_sizes': 170, 'learning_rate_init': 0.00023768552053847155, 'tol': 0.01641978792523687, 'validation_fraction': 0.19468422726470108}]
function_evaluation time 0.150395 value 28918.409564 suggestion {'alpha': 8.508629855813432, 'batch_size': 19, 'beta_1': 0.5810668918139472, 'beta_2': 0.9990190877741273, 'epsilon': 7.361940198878462e-07, 'hidden_layer_sizes': 170, 'learning_rate_init': 0.00023768552053847155, 'tol': 0.01641978792523687, 'validation_fraction': 0.19468422726470108}
observation time 0.000005, current best 2964.466273 at iter 9
Failure in optimizer suggest. Falling back to random search.
name 'activ' is not defined
Traceback (most recent call last):
  File "/home/ryedida/.local/lib/python3.9/site-packages/bayesmark/experiment.py", line 126, in run_study
    next_points = optimizer.suggest(n_suggestions)
  File "/home/ryedida/bbo_challenge_starter_kit/example_submissions/smoothness/optimizer.py", line 109, in suggest
    betas = [self._get_smoothness_reg(guess) for guess in guesses]
  File "/home/ryedida/bbo_challenge_starter_kit/example_submissions/smoothness/optimizer.py", line 109, in <listcomp>
    betas = [self._get_smoothness_reg(guess) for guess in guesses]
  File "/home/ryedida/bbo_challenge_starter_kit/example_submissions/smoothness/optimizer.py", line 49, in _get_smoothness_reg
    if activ > Kz:
NameError: name 'activ' is not defined
suggestion time taken 0.325511 iter 10 next_points [{'alpha': 0.000137342736366862, 'batch_size': 53, 'beta_1': 0.7806091157294757, 'beta_2': 0.9964279342464499, 'epsilon': 3.285145861626693e-08, 'hidden_layer_sizes': 104, 'learning_rate_init': 0.07472400753051855, 'tol': 0.05718567940647061, 'validation_fraction': 0.8017458063999722}]
function_evaluation time 0.118331 value 3778.710339 suggestion {'alpha': 0.000137342736366862, 'batch_size': 53, 'beta_1': 0.7806091157294757, 'beta_2': 0.9964279342464499, 'epsilon': 3.285145861626693e-08, 'hidden_layer_sizes': 104, 'learning_rate_init': 0.07472400753051855, 'tol': 0.05718567940647061, 'validation_fraction': 0.8017458063999722}
observation time 0.000005, current best 2964.466273 at iter 10
Failure in optimizer suggest. Falling back to random search.
name 'activ' is not defined
Traceback (most recent call last):
  File "/home/ryedida/.local/lib/python3.9/site-packages/bayesmark/experiment.py", line 126, in run_study
    next_points = optimizer.suggest(n_suggestions)
  File "/home/ryedida/bbo_challenge_starter_kit/example_submissions/smoothness/optimizer.py", line 109, in suggest
    betas = [self._get_smoothness_reg(guess) for guess in guesses]
  File "/home/ryedida/bbo_challenge_starter_kit/example_submissions/smoothness/optimizer.py", line 109, in <listcomp>
    betas = [self._get_smoothness_reg(guess) for guess in guesses]
  File "/home/ryedida/bbo_challenge_starter_kit/example_submissions/smoothness/optimizer.py", line 49, in _get_smoothness_reg
    if activ > Kz:
NameError: name 'activ' is not defined
suggestion time taken 0.327829 iter 11 next_points [{'alpha': 4.138587104569044, 'batch_size': 54, 'beta_1': 0.9696891187329217, 'beta_2': 0.9988771600687892, 'epsilon': 7.503591434521061e-07, 'hidden_layer_sizes': 145, 'learning_rate_init': 0.0058662790171831215, 'tol': 0.00010985904530793615, 'validation_fraction': 0.7356049197294219}]
function_evaluation time 0.834324 value 3822.471387 suggestion {'alpha': 4.138587104569044, 'batch_size': 54, 'beta_1': 0.9696891187329217, 'beta_2': 0.9988771600687892, 'epsilon': 7.503591434521061e-07, 'hidden_layer_sizes': 145, 'learning_rate_init': 0.0058662790171831215, 'tol': 0.00010985904530793615, 'validation_fraction': 0.7356049197294219}
observation time 0.000005, current best 2964.466273 at iter 11
Failure in optimizer suggest. Falling back to random search.
name 'activ' is not defined
Traceback (most recent call last):
  File "/home/ryedida/.local/lib/python3.9/site-packages/bayesmark/experiment.py", line 126, in run_study
    next_points = optimizer.suggest(n_suggestions)
  File "/home/ryedida/bbo_challenge_starter_kit/example_submissions/smoothness/optimizer.py", line 109, in suggest
    betas = [self._get_smoothness_reg(guess) for guess in guesses]
  File "/home/ryedida/bbo_challenge_starter_kit/example_submissions/smoothness/optimizer.py", line 109, in <listcomp>
    betas = [self._get_smoothness_reg(guess) for guess in guesses]
  File "/home/ryedida/bbo_challenge_starter_kit/example_submissions/smoothness/optimizer.py", line 49, in _get_smoothness_reg
    if activ > Kz:
NameError: name 'activ' is not defined
suggestion time taken 0.324313 iter 12 next_points [{'alpha': 0.030881481532431573, 'batch_size': 217, 'beta_1': 0.8556075575930855, 'beta_2': 0.9727364137408266, 'epsilon': 7.94808672663387e-08, 'hidden_layer_sizes': 79, 'learning_rate_init': 0.041272655677475595, 'tol': 0.01748216242337771, 'validation_fraction': 0.5531763547003163}]
/home/ryedida/.local/lib/python3.9/site-packages/sklearn/neural_network/_multilayer_perceptron.py:605: UserWarning: Got `batch_size` less than 1 or larger than sample size. It is going to be clipped
  warnings.warn(

function_evaluation time 0.211261 value 3874.459265 suggestion {'alpha': 0.030881481532431573, 'batch_size': 217, 'beta_1': 0.8556075575930855, 'beta_2': 0.9727364137408266, 'epsilon': 7.94808672663387e-08, 'hidden_layer_sizes': 79, 'learning_rate_init': 0.041272655677475595, 'tol': 0.01748216242337771, 'validation_fraction': 0.5531763547003163}
observation time 0.000005, current best 2964.466273 at iter 12
Failure in optimizer suggest. Falling back to random search.
name 'activ' is not defined
Traceback (most recent call last):
  File "/home/ryedida/.local/lib/python3.9/site-packages/bayesmark/experiment.py", line 126, in run_study
    next_points = optimizer.suggest(n_suggestions)
  File "/home/ryedida/bbo_challenge_starter_kit/example_submissions/smoothness/optimizer.py", line 109, in suggest
    betas = [self._get_smoothness_reg(guess) for guess in guesses]
  File "/home/ryedida/bbo_challenge_starter_kit/example_submissions/smoothness/optimizer.py", line 109, in <listcomp>
    betas = [self._get_smoothness_reg(guess) for guess in guesses]
  File "/home/ryedida/bbo_challenge_starter_kit/example_submissions/smoothness/optimizer.py", line 49, in _get_smoothness_reg
    if activ > Kz:
NameError: name 'activ' is not defined
suggestion time taken 0.326401 iter 13 next_points [{'alpha': 0.5307783650924452, 'batch_size': 85, 'beta_1': 0.946815400828852, 'beta_2': 0.9784710358626885, 'epsilon': 5.881778007627092e-09, 'hidden_layer_sizes': 109, 'learning_rate_init': 0.05523451130700319, 'tol': 0.00041084682142075127, 'validation_fraction': 0.30585297462525146}]
function_evaluation time 0.407291 value 2976.650574 suggestion {'alpha': 0.5307783650924452, 'batch_size': 85, 'beta_1': 0.946815400828852, 'beta_2': 0.9784710358626885, 'epsilon': 5.881778007627092e-09, 'hidden_layer_sizes': 109, 'learning_rate_init': 0.05523451130700319, 'tol': 0.00041084682142075127, 'validation_fraction': 0.30585297462525146}
observation time 0.000005, current best 2964.466273 at iter 13
Failure in optimizer suggest. Falling back to random search.
name 'activ' is not defined
Traceback (most recent call last):
  File "/home/ryedida/.local/lib/python3.9/site-packages/bayesmark/experiment.py", line 126, in run_study
    next_points = optimizer.suggest(n_suggestions)
  File "/home/ryedida/bbo_challenge_starter_kit/example_submissions/smoothness/optimizer.py", line 109, in suggest
    betas = [self._get_smoothness_reg(guess) for guess in guesses]
  File "/home/ryedida/bbo_challenge_starter_kit/example_submissions/smoothness/optimizer.py", line 109, in <listcomp>
    betas = [self._get_smoothness_reg(guess) for guess in guesses]
  File "/home/ryedida/bbo_challenge_starter_kit/example_submissions/smoothness/optimizer.py", line 49, in _get_smoothness_reg
    if activ > Kz:
NameError: name 'activ' is not defined
suggestion time taken 0.342502 iter 14 next_points [{'alpha': 0.005422735686579568, 'batch_size': 114, 'beta_1': 0.9067989875206477, 'beta_2': 0.9998886027026769, 'epsilon': 2.1272555765574618e-08, 'hidden_layer_sizes': 88, 'learning_rate_init': 2.0075589768905045e-05, 'tol': 4.770056419222302e-05, 'validation_fraction': 0.5415873191648966}]
function_evaluation time 0.065086 value 29127.568064 suggestion {'alpha': 0.005422735686579568, 'batch_size': 114, 'beta_1': 0.9067989875206477, 'beta_2': 0.9998886027026769, 'epsilon': 2.1272555765574618e-08, 'hidden_layer_sizes': 88, 'learning_rate_init': 2.0075589768905045e-05, 'tol': 4.770056419222302e-05, 'validation_fraction': 0.5415873191648966}
observation time 0.000004, current best 2964.466273 at iter 14
saving meta data: {'args': {'--uuid': '8bfcbbd9c72e55509608d48226661281', '-db-root': '/home/ryedida/bbo_challenge_starter_kit/output', '--opt-root': '/home/ryedida/bbo_challenge_starter_kit/example_submissions', '--data-root': None, '--db': 'run_20230427_004608', '--opt': 'smoothness', '--data': 'diabetes', '--classifier': 'MLP-adam', '--metric': 'mse', '--calls': 15, '--suggestions': 1, '--jobs-file': None, '--verbose': False, 'dry_run': False, 'rev': 'a376313', 'opt_rev': 'x.x.x'}, 'signature': ([{'alpha': 0.019628224813442792, 'batch_size': 182, 'beta_1': 0.9410202200271762, 'beta_2': 0.9998021557676793, 'epsilon': 1.8662266976518e-08, 'hidden_layer_sizes': 147, 'learning_rate_init': 0.0005627932047415167, 'tol': 0.03690557729213761, 'validation_fraction': 0.8846827852548593}, {'alpha': 0.0019982467392329444, 'batch_size': 200, 'beta_1': 0.919111482530466, 'beta_2': 0.9998488260436156, 'epsilon': 5.981221901152555e-07, 'hidden_layer_sizes': 61, 'learning_rate_init': 2.2310905607443014e-05, 'tol': 1.2046852412030316e-05, 'validation_fraction': 0.8117896445826539}, {'alpha': 0.46659545670218433, 'batch_size': 219, 'beta_1': 0.9889789783750891, 'beta_2': 0.9999896868093284, 'epsilon': 2.4234724484675948e-08, 'hidden_layer_sizes': 167, 'learning_rate_init': 2.972334644335654e-05, 'tol': 0.0036281404040243792, 'validation_fraction': 0.17260651658522078}, {'alpha': 4.656005689076002, 'batch_size': 135, 'beta_1': 0.870503881627747, 'beta_2': 0.9948873266941017, 'epsilon': 2.1023308743480125e-07, 'hidden_layer_sizes': 118, 'learning_rate_init': 0.0018781738757161913, 'tol': 1.1889379831773004e-05, 'validation_fraction': 0.6264327093752792}, {'alpha': 0.04705159350400542, 'batch_size': 158, 'beta_1': 0.9870884262730957, 'beta_2': 0.9999596874382349, 'epsilon': 1.1981845126013875e-08, 'hidden_layer_sizes': 116, 'learning_rate_init': 0.00617340520407431, 'tol': 1.741413418158619e-05, 'validation_fraction': 0.6754299026638921}], [29083.993548572587, 29062.423277324073, 29075.78987471409, 24626.32866834337, 9584.226858493177])}
saving results
saving timing
saving suggest log
done
