running: {'--uuid': '8c879f1f7e0450ad9676a8a360247ae0', '-db-root': '/home/ryedida/bbo_challenge_starter_kit/output', '--opt-root': '/home/ryedida/bbo_challenge_starter_kit/example_submissions', '--data-root': None, '--db': 'run_20230427_004608', '--opt': 'smoothness', '--data': 'diabetes', '--classifier': 'MLP-adam', '--metric': 'mse', '--calls': 15, '--suggestions': 1, '--jobs-file': None, '--verbose': False, 'dry_run': False, 'rev': 'a376313', 'opt_rev': 'x.x.x'}
cmd: python smoothness/optimizer.py -c MLP-adam -d diabetes -o smoothness -u 8c879f1f7e0450ad9676a8a360247ae0 -m mse -n 15 -p 1 -dir /home/ryedida/bbo_challenge_starter_kit/output -b run_20230427_004608
/home/ryedida/.local/lib/python3.9/site-packages/sklearn/neural_network/_multilayer_perceptron.py:605: UserWarning: Got `batch_size` less than 1 or larger than sample size. It is going to be clipped
  warnings.warn(

/home/ryedida/.local/lib/python3.9/site-packages/sklearn/neural_network/_multilayer_perceptron.py:605: UserWarning: Got `batch_size` less than 1 or larger than sample size. It is going to be clipped
  warnings.warn(

/home/ryedida/.local/lib/python3.9/site-packages/sklearn/neural_network/_multilayer_perceptron.py:605: UserWarning: Got `batch_size` less than 1 or larger than sample size. It is going to be clipped
  warnings.warn(

/home/ryedida/.local/lib/python3.9/site-packages/sklearn/neural_network/_multilayer_perceptron.py:686: ConvergenceWarning: Stochastic Optimizer: Maximum iterations (200) reached and the optimization hasn't converged yet.
  warnings.warn(

/home/ryedida/.local/lib/python3.9/site-packages/sklearn/neural_network/_multilayer_perceptron.py:605: UserWarning: Got `batch_size` less than 1 or larger than sample size. It is going to be clipped
  warnings.warn(

/home/ryedida/.local/lib/python3.9/site-packages/sklearn/neural_network/_multilayer_perceptron.py:686: ConvergenceWarning: Stochastic Optimizer: Maximum iterations (200) reached and the optimization hasn't converged yet.
  warnings.warn(

computed signature: ([{'alpha': 0.019628224813442792, 'batch_size': 182, 'beta_1': 0.9410202200271762, 'beta_2': 0.9998021557676793, 'epsilon': 1.8662266976518e-08, 'hidden_layer_sizes': 147, 'learning_rate_init': 0.0005627932047415167, 'tol': 0.03690557729213761, 'validation_fraction': 0.8846827852548593}, {'alpha': 0.0019982467392329444, 'batch_size': 200, 'beta_1': 0.919111482530466, 'beta_2': 0.9998488260436156, 'epsilon': 5.981221901152555e-07, 'hidden_layer_sizes': 61, 'learning_rate_init': 2.2310905607443014e-05, 'tol': 1.2046852412030316e-05, 'validation_fraction': 0.8117896445826539}, {'alpha': 0.46659545670218433, 'batch_size': 219, 'beta_1': 0.9889789783750891, 'beta_2': 0.9999896868093284, 'epsilon': 2.4234724484675948e-08, 'hidden_layer_sizes': 167, 'learning_rate_init': 2.972334644335654e-05, 'tol': 0.0036281404040243792, 'validation_fraction': 0.17260651658522078}, {'alpha': 4.656005689076002, 'batch_size': 135, 'beta_1': 0.870503881627747, 'beta_2': 0.9948873266941017, 'epsilon': 2.1023308743480125e-07, 'hidden_layer_sizes': 118, 'learning_rate_init': 0.0018781738757161913, 'tol': 1.1889379831773004e-05, 'validation_fraction': 0.6264327093752792}, {'alpha': 0.04705159350400542, 'batch_size': 158, 'beta_1': 0.9870884262730957, 'beta_2': 0.9999596874382349, 'epsilon': 1.1981845126013875e-08, 'hidden_layer_sizes': 116, 'learning_rate_init': 0.00617340520407431, 'tol': 1.741413418158619e-05, 'validation_fraction': 0.6754299026638921}], [29083.993548572587, 29062.423277324073, 29075.78987471409, 24626.32866834337, 9584.226858493177])
Signature errors:
                              0         1         2         3         4       max
MLP-adam_diabetes_mse  0.000007  0.000008  0.000003  0.003558  0.004952  0.004952
max                    0.000007  0.000008  0.000003  0.003558  0.004952  0.004952
starting sklearn study smoothness MLP-adam diabetes mse 15 1
with data root: None
Failure in optimizer suggest. Falling back to random search.
name 'activ' is not defined
Traceback (most recent call last):
  File "/home/ryedida/.local/lib/python3.9/site-packages/bayesmark/experiment.py", line 126, in run_study
    next_points = optimizer.suggest(n_suggestions)
  File "/home/ryedida/bbo_challenge_starter_kit/example_submissions/smoothness/optimizer.py", line 109, in suggest
    betas = [self._get_smoothness_reg(guess) for guess in guesses]
  File "/home/ryedida/bbo_challenge_starter_kit/example_submissions/smoothness/optimizer.py", line 109, in <listcomp>
    betas = [self._get_smoothness_reg(guess) for guess in guesses]
  File "/home/ryedida/bbo_challenge_starter_kit/example_submissions/smoothness/optimizer.py", line 49, in _get_smoothness_reg
    if activ > Kz:
NameError: name 'activ' is not defined
suggestion time taken 0.497771 iter 0 next_points [{'alpha': 0.004980625650593125, 'batch_size': 168, 'beta_1': 0.5206851185972149, 'beta_2': 0.9987707999348834, 'epsilon': 1.7402699721659477e-09, 'hidden_layer_sizes': 200, 'learning_rate_init': 0.0007253264971906766, 'tol': 5.938121922546126e-05, 'validation_fraction': 0.5566150077718328}]
/home/ryedida/.local/lib/python3.9/site-packages/sklearn/neural_network/_multilayer_perceptron.py:605: UserWarning: Got `batch_size` less than 1 or larger than sample size. It is going to be clipped
  warnings.warn(

/home/ryedida/.local/lib/python3.9/site-packages/sklearn/neural_network/_multilayer_perceptron.py:686: ConvergenceWarning: Stochastic Optimizer: Maximum iterations (200) reached and the optimization hasn't converged yet.
  warnings.warn(

function_evaluation time 0.961241 value 27437.868598 suggestion {'alpha': 0.004980625650593125, 'batch_size': 168, 'beta_1': 0.5206851185972149, 'beta_2': 0.9987707999348834, 'epsilon': 1.7402699721659477e-09, 'hidden_layer_sizes': 200, 'learning_rate_init': 0.0007253264971906766, 'tol': 5.938121922546126e-05, 'validation_fraction': 0.5566150077718328}
observation time 0.000006, current best 27437.868598 at iter 0
Failure in optimizer suggest. Falling back to random search.
name 'activ' is not defined
Traceback (most recent call last):
  File "/home/ryedida/.local/lib/python3.9/site-packages/bayesmark/experiment.py", line 126, in run_study
    next_points = optimizer.suggest(n_suggestions)
  File "/home/ryedida/bbo_challenge_starter_kit/example_submissions/smoothness/optimizer.py", line 109, in suggest
    betas = [self._get_smoothness_reg(guess) for guess in guesses]
  File "/home/ryedida/bbo_challenge_starter_kit/example_submissions/smoothness/optimizer.py", line 109, in <listcomp>
    betas = [self._get_smoothness_reg(guess) for guess in guesses]
  File "/home/ryedida/bbo_challenge_starter_kit/example_submissions/smoothness/optimizer.py", line 49, in _get_smoothness_reg
    if activ > Kz:
NameError: name 'activ' is not defined
suggestion time taken 0.328595 iter 1 next_points [{'alpha': 2.0680753866435214e-05, 'batch_size': 31, 'beta_1': 0.982324312687046, 'beta_2': 0.9954029950181852, 'epsilon': 8.438558048732573e-08, 'hidden_layer_sizes': 102, 'learning_rate_init': 0.0058461482851762964, 'tol': 0.00017241908968806908, 'validation_fraction': 0.6391402627578977}]
/home/ryedida/.local/lib/python3.9/site-packages/sklearn/neural_network/_multilayer_perceptron.py:686: ConvergenceWarning: Stochastic Optimizer: Maximum iterations (200) reached and the optimization hasn't converged yet.
  warnings.warn(

function_evaluation time 0.829695 value 4066.833995 suggestion {'alpha': 2.0680753866435214e-05, 'batch_size': 31, 'beta_1': 0.982324312687046, 'beta_2': 0.9954029950181852, 'epsilon': 8.438558048732573e-08, 'hidden_layer_sizes': 102, 'learning_rate_init': 0.0058461482851762964, 'tol': 0.00017241908968806908, 'validation_fraction': 0.6391402627578977}
observation time 0.000004, current best 4066.833995 at iter 1
Failure in optimizer suggest. Falling back to random search.
name 'activ' is not defined
Traceback (most recent call last):
  File "/home/ryedida/.local/lib/python3.9/site-packages/bayesmark/experiment.py", line 126, in run_study
    next_points = optimizer.suggest(n_suggestions)
  File "/home/ryedida/bbo_challenge_starter_kit/example_submissions/smoothness/optimizer.py", line 109, in suggest
    betas = [self._get_smoothness_reg(guess) for guess in guesses]
  File "/home/ryedida/bbo_challenge_starter_kit/example_submissions/smoothness/optimizer.py", line 109, in <listcomp>
    betas = [self._get_smoothness_reg(guess) for guess in guesses]
  File "/home/ryedida/bbo_challenge_starter_kit/example_submissions/smoothness/optimizer.py", line 49, in _get_smoothness_reg
    if activ > Kz:
NameError: name 'activ' is not defined
suggestion time taken 0.328447 iter 2 next_points [{'alpha': 3.072979614431454, 'batch_size': 109, 'beta_1': 0.9579690764928762, 'beta_2': 0.9986914691053733, 'epsilon': 1.8245701787148748e-08, 'hidden_layer_sizes': 162, 'learning_rate_init': 0.008861240470129608, 'tol': 0.030391571282283588, 'validation_fraction': 0.6183450936670996}]
function_evaluation time 0.126043 value 28483.630328 suggestion {'alpha': 3.072979614431454, 'batch_size': 109, 'beta_1': 0.9579690764928762, 'beta_2': 0.9986914691053733, 'epsilon': 1.8245701787148748e-08, 'hidden_layer_sizes': 162, 'learning_rate_init': 0.008861240470129608, 'tol': 0.030391571282283588, 'validation_fraction': 0.6183450936670996}
observation time 0.000005, current best 4066.833995 at iter 2
Failure in optimizer suggest. Falling back to random search.
name 'activ' is not defined
Traceback (most recent call last):
  File "/home/ryedida/.local/lib/python3.9/site-packages/bayesmark/experiment.py", line 126, in run_study
    next_points = optimizer.suggest(n_suggestions)
  File "/home/ryedida/bbo_challenge_starter_kit/example_submissions/smoothness/optimizer.py", line 109, in suggest
    betas = [self._get_smoothness_reg(guess) for guess in guesses]
  File "/home/ryedida/bbo_challenge_starter_kit/example_submissions/smoothness/optimizer.py", line 109, in <listcomp>
    betas = [self._get_smoothness_reg(guess) for guess in guesses]
  File "/home/ryedida/bbo_challenge_starter_kit/example_submissions/smoothness/optimizer.py", line 49, in _get_smoothness_reg
    if activ > Kz:
NameError: name 'activ' is not defined
suggestion time taken 0.324492 iter 3 next_points [{'alpha': 0.014058963147788501, 'batch_size': 176, 'beta_1': 0.9075142915539146, 'beta_2': 0.9999967505024753, 'epsilon': 3.5885153685920325e-09, 'hidden_layer_sizes': 174, 'learning_rate_init': 2.2782024274160505e-05, 'tol': 0.023272902804388786, 'validation_fraction': 0.8459169668534324}]
/home/ryedida/.local/lib/python3.9/site-packages/sklearn/neural_network/_multilayer_perceptron.py:605: UserWarning: Got `batch_size` less than 1 or larger than sample size. It is going to be clipped
  warnings.warn(

function_evaluation time 0.054821 value 29140.317461 suggestion {'alpha': 0.014058963147788501, 'batch_size': 176, 'beta_1': 0.9075142915539146, 'beta_2': 0.9999967505024753, 'epsilon': 3.5885153685920325e-09, 'hidden_layer_sizes': 174, 'learning_rate_init': 2.2782024274160505e-05, 'tol': 0.023272902804388786, 'validation_fraction': 0.8459169668534324}
observation time 0.000005, current best 4066.833995 at iter 3
Failure in optimizer suggest. Falling back to random search.
name 'activ' is not defined
Traceback (most recent call last):
  File "/home/ryedida/.local/lib/python3.9/site-packages/bayesmark/experiment.py", line 126, in run_study
    next_points = optimizer.suggest(n_suggestions)
  File "/home/ryedida/bbo_challenge_starter_kit/example_submissions/smoothness/optimizer.py", line 109, in suggest
    betas = [self._get_smoothness_reg(guess) for guess in guesses]
  File "/home/ryedida/bbo_challenge_starter_kit/example_submissions/smoothness/optimizer.py", line 109, in <listcomp>
    betas = [self._get_smoothness_reg(guess) for guess in guesses]
  File "/home/ryedida/bbo_challenge_starter_kit/example_submissions/smoothness/optimizer.py", line 49, in _get_smoothness_reg
    if activ > Kz:
NameError: name 'activ' is not defined
suggestion time taken 0.327837 iter 4 next_points [{'alpha': 0.00037819014082996925, 'batch_size': 203, 'beta_1': 0.9351187724211255, 'beta_2': 0.9999988777119074, 'epsilon': 7.1128366995976194e-09, 'hidden_layer_sizes': 156, 'learning_rate_init': 1.4330098948996349e-05, 'tol': 0.00018845704332710517, 'validation_fraction': 0.281006967321079}]
function_evaluation time 0.075116 value 29118.499411 suggestion {'alpha': 0.00037819014082996925, 'batch_size': 203, 'beta_1': 0.9351187724211255, 'beta_2': 0.9999988777119074, 'epsilon': 7.1128366995976194e-09, 'hidden_layer_sizes': 156, 'learning_rate_init': 1.4330098948996349e-05, 'tol': 0.00018845704332710517, 'validation_fraction': 0.281006967321079}
observation time 0.000005, current best 4066.833995 at iter 4
Failure in optimizer suggest. Falling back to random search.
name 'activ' is not defined
Traceback (most recent call last):
  File "/home/ryedida/.local/lib/python3.9/site-packages/bayesmark/experiment.py", line 126, in run_study
    next_points = optimizer.suggest(n_suggestions)
  File "/home/ryedida/bbo_challenge_starter_kit/example_submissions/smoothness/optimizer.py", line 109, in suggest
    betas = [self._get_smoothness_reg(guess) for guess in guesses]
  File "/home/ryedida/bbo_challenge_starter_kit/example_submissions/smoothness/optimizer.py", line 109, in <listcomp>
    betas = [self._get_smoothness_reg(guess) for guess in guesses]
  File "/home/ryedida/bbo_challenge_starter_kit/example_submissions/smoothness/optimizer.py", line 49, in _get_smoothness_reg
    if activ > Kz:
NameError: name 'activ' is not defined
suggestion time taken 0.326128 iter 5 next_points [{'alpha': 0.0015107926720591188, 'batch_size': 96, 'beta_1': 0.9730354197626364, 'beta_2': 0.9999970118524519, 'epsilon': 7.581423930765555e-09, 'hidden_layer_sizes': 134, 'learning_rate_init': 4.253837368211049e-05, 'tol': 0.05187852279716743, 'validation_fraction': 0.40040764484536173}]
function_evaluation time 0.086468 value 29119.053874 suggestion {'alpha': 0.0015107926720591188, 'batch_size': 96, 'beta_1': 0.9730354197626364, 'beta_2': 0.9999970118524519, 'epsilon': 7.581423930765555e-09, 'hidden_layer_sizes': 134, 'learning_rate_init': 4.253837368211049e-05, 'tol': 0.05187852279716743, 'validation_fraction': 0.40040764484536173}
observation time 0.000005, current best 4066.833995 at iter 5
Failure in optimizer suggest. Falling back to random search.
name 'activ' is not defined
Traceback (most recent call last):
  File "/home/ryedida/.local/lib/python3.9/site-packages/bayesmark/experiment.py", line 126, in run_study
    next_points = optimizer.suggest(n_suggestions)
  File "/home/ryedida/bbo_challenge_starter_kit/example_submissions/smoothness/optimizer.py", line 109, in suggest
    betas = [self._get_smoothness_reg(guess) for guess in guesses]
  File "/home/ryedida/bbo_challenge_starter_kit/example_submissions/smoothness/optimizer.py", line 109, in <listcomp>
    betas = [self._get_smoothness_reg(guess) for guess in guesses]
  File "/home/ryedida/bbo_challenge_starter_kit/example_submissions/smoothness/optimizer.py", line 49, in _get_smoothness_reg
    if activ > Kz:
NameError: name 'activ' is not defined
suggestion time taken 0.330284 iter 6 next_points [{'alpha': 0.0009051219930654022, 'batch_size': 64, 'beta_1': 0.7673818451014282, 'beta_2': 0.9999937857450095, 'epsilon': 3.8377859599313416e-07, 'hidden_layer_sizes': 187, 'learning_rate_init': 0.0013040090333542803, 'tol': 0.0002611482444514857, 'validation_fraction': 0.8295576832961171}]
/home/ryedida/.local/lib/python3.9/site-packages/sklearn/neural_network/_multilayer_perceptron.py:605: UserWarning: Got `batch_size` less than 1 or larger than sample size. It is going to be clipped
  warnings.warn(

/home/ryedida/.local/lib/python3.9/site-packages/sklearn/neural_network/_multilayer_perceptron.py:686: ConvergenceWarning: Stochastic Optimizer: Maximum iterations (200) reached and the optimization hasn't converged yet.
  warnings.warn(

function_evaluation time 0.793298 value 25017.048408 suggestion {'alpha': 0.0009051219930654022, 'batch_size': 64, 'beta_1': 0.7673818451014282, 'beta_2': 0.9999937857450095, 'epsilon': 3.8377859599313416e-07, 'hidden_layer_sizes': 187, 'learning_rate_init': 0.0013040090333542803, 'tol': 0.0002611482444514857, 'validation_fraction': 0.8295576832961171}
observation time 0.000006, current best 4066.833995 at iter 6
Failure in optimizer suggest. Falling back to random search.
name 'activ' is not defined
Traceback (most recent call last):
  File "/home/ryedida/.local/lib/python3.9/site-packages/bayesmark/experiment.py", line 126, in run_study
    next_points = optimizer.suggest(n_suggestions)
  File "/home/ryedida/bbo_challenge_starter_kit/example_submissions/smoothness/optimizer.py", line 109, in suggest
    betas = [self._get_smoothness_reg(guess) for guess in guesses]
  File "/home/ryedida/bbo_challenge_starter_kit/example_submissions/smoothness/optimizer.py", line 109, in <listcomp>
    betas = [self._get_smoothness_reg(guess) for guess in guesses]
  File "/home/ryedida/bbo_challenge_starter_kit/example_submissions/smoothness/optimizer.py", line 49, in _get_smoothness_reg
    if activ > Kz:
NameError: name 'activ' is not defined
suggestion time taken 0.457255 iter 7 next_points [{'alpha': 1.0532767113686703, 'batch_size': 184, 'beta_1': 0.8092118106189924, 'beta_2': 0.9999988902351383, 'epsilon': 3.971727344137835e-09, 'hidden_layer_sizes': 166, 'learning_rate_init': 0.0002733026728850701, 'tol': 0.006559271257271224, 'validation_fraction': 0.31205200529898136}]
function_evaluation time 0.086649 value 29063.773821 suggestion {'alpha': 1.0532767113686703, 'batch_size': 184, 'beta_1': 0.8092118106189924, 'beta_2': 0.9999988902351383, 'epsilon': 3.971727344137835e-09, 'hidden_layer_sizes': 166, 'learning_rate_init': 0.0002733026728850701, 'tol': 0.006559271257271224, 'validation_fraction': 0.31205200529898136}
observation time 0.000004, current best 4066.833995 at iter 7
Failure in optimizer suggest. Falling back to random search.
name 'activ' is not defined
Traceback (most recent call last):
  File "/home/ryedida/.local/lib/python3.9/site-packages/bayesmark/experiment.py", line 126, in run_study
    next_points = optimizer.suggest(n_suggestions)
  File "/home/ryedida/bbo_challenge_starter_kit/example_submissions/smoothness/optimizer.py", line 109, in suggest
    betas = [self._get_smoothness_reg(guess) for guess in guesses]
  File "/home/ryedida/bbo_challenge_starter_kit/example_submissions/smoothness/optimizer.py", line 109, in <listcomp>
    betas = [self._get_smoothness_reg(guess) for guess in guesses]
  File "/home/ryedida/bbo_challenge_starter_kit/example_submissions/smoothness/optimizer.py", line 49, in _get_smoothness_reg
    if activ > Kz:
NameError: name 'activ' is not defined
suggestion time taken 0.324189 iter 8 next_points [{'alpha': 0.0018015748972680496, 'batch_size': 46, 'beta_1': 0.9201347771750619, 'beta_2': 0.9999883534553003, 'epsilon': 1.1207509349483277e-08, 'hidden_layer_sizes': 156, 'learning_rate_init': 0.0004484028684480091, 'tol': 4.5179586484294407e-05, 'validation_fraction': 0.22054619670528047}]
/home/ryedida/.local/lib/python3.9/site-packages/sklearn/neural_network/_multilayer_perceptron.py:686: ConvergenceWarning: Stochastic Optimizer: Maximum iterations (200) reached and the optimization hasn't converged yet.
  warnings.warn(

function_evaluation time 1.498819 value 19238.572517 suggestion {'alpha': 0.0018015748972680496, 'batch_size': 46, 'beta_1': 0.9201347771750619, 'beta_2': 0.9999883534553003, 'epsilon': 1.1207509349483277e-08, 'hidden_layer_sizes': 156, 'learning_rate_init': 0.0004484028684480091, 'tol': 4.5179586484294407e-05, 'validation_fraction': 0.22054619670528047}
observation time 0.000005, current best 4066.833995 at iter 8
Failure in optimizer suggest. Falling back to random search.
name 'activ' is not defined
Traceback (most recent call last):
  File "/home/ryedida/.local/lib/python3.9/site-packages/bayesmark/experiment.py", line 126, in run_study
    next_points = optimizer.suggest(n_suggestions)
  File "/home/ryedida/bbo_challenge_starter_kit/example_submissions/smoothness/optimizer.py", line 109, in suggest
    betas = [self._get_smoothness_reg(guess) for guess in guesses]
  File "/home/ryedida/bbo_challenge_starter_kit/example_submissions/smoothness/optimizer.py", line 109, in <listcomp>
    betas = [self._get_smoothness_reg(guess) for guess in guesses]
  File "/home/ryedida/bbo_challenge_starter_kit/example_submissions/smoothness/optimizer.py", line 49, in _get_smoothness_reg
    if activ > Kz:
NameError: name 'activ' is not defined
suggestion time taken 0.322496 iter 9 next_points [{'alpha': 1.4438532243981737e-05, 'batch_size': 114, 'beta_1': 0.5371029289091876, 'beta_2': 0.9998333477947188, 'epsilon': 1.5967176324999064e-08, 'hidden_layer_sizes': 137, 'learning_rate_init': 0.016082141774604302, 'tol': 0.005560501485676644, 'validation_fraction': 0.48482182426695136}]
function_evaluation time 0.339768 value 3503.633750 suggestion {'alpha': 1.4438532243981737e-05, 'batch_size': 114, 'beta_1': 0.5371029289091876, 'beta_2': 0.9998333477947188, 'epsilon': 1.5967176324999064e-08, 'hidden_layer_sizes': 137, 'learning_rate_init': 0.016082141774604302, 'tol': 0.005560501485676644, 'validation_fraction': 0.48482182426695136}
observation time 0.000005, current best 3503.633750 at iter 9
Failure in optimizer suggest. Falling back to random search.
name 'activ' is not defined
Traceback (most recent call last):
  File "/home/ryedida/.local/lib/python3.9/site-packages/bayesmark/experiment.py", line 126, in run_study
    next_points = optimizer.suggest(n_suggestions)
  File "/home/ryedida/bbo_challenge_starter_kit/example_submissions/smoothness/optimizer.py", line 109, in suggest
    betas = [self._get_smoothness_reg(guess) for guess in guesses]
  File "/home/ryedida/bbo_challenge_starter_kit/example_submissions/smoothness/optimizer.py", line 109, in <listcomp>
    betas = [self._get_smoothness_reg(guess) for guess in guesses]
  File "/home/ryedida/bbo_challenge_starter_kit/example_submissions/smoothness/optimizer.py", line 49, in _get_smoothness_reg
    if activ > Kz:
NameError: name 'activ' is not defined
suggestion time taken 0.319225 iter 10 next_points [{'alpha': 0.12074891385067141, 'batch_size': 98, 'beta_1': 0.8206540243371685, 'beta_2': 0.9517277922558899, 'epsilon': 5.126316515350773e-08, 'hidden_layer_sizes': 74, 'learning_rate_init': 0.039467227000138244, 'tol': 0.0008356761401376473, 'validation_fraction': 0.4358308640092772}]
function_evaluation time 0.359546 value 2962.520132 suggestion {'alpha': 0.12074891385067141, 'batch_size': 98, 'beta_1': 0.8206540243371685, 'beta_2': 0.9517277922558899, 'epsilon': 5.126316515350773e-08, 'hidden_layer_sizes': 74, 'learning_rate_init': 0.039467227000138244, 'tol': 0.0008356761401376473, 'validation_fraction': 0.4358308640092772}
observation time 0.000004, current best 2962.520132 at iter 10
Failure in optimizer suggest. Falling back to random search.
name 'activ' is not defined
Traceback (most recent call last):
  File "/home/ryedida/.local/lib/python3.9/site-packages/bayesmark/experiment.py", line 126, in run_study
    next_points = optimizer.suggest(n_suggestions)
  File "/home/ryedida/bbo_challenge_starter_kit/example_submissions/smoothness/optimizer.py", line 109, in suggest
    betas = [self._get_smoothness_reg(guess) for guess in guesses]
  File "/home/ryedida/bbo_challenge_starter_kit/example_submissions/smoothness/optimizer.py", line 109, in <listcomp>
    betas = [self._get_smoothness_reg(guess) for guess in guesses]
  File "/home/ryedida/bbo_challenge_starter_kit/example_submissions/smoothness/optimizer.py", line 49, in _get_smoothness_reg
    if activ > Kz:
NameError: name 'activ' is not defined
suggestion time taken 0.334291 iter 11 next_points [{'alpha': 0.00010864343734016674, 'batch_size': 175, 'beta_1': 0.8903449365609933, 'beta_2': 0.9720189129204165, 'epsilon': 1.5485016299990418e-07, 'hidden_layer_sizes': 135, 'learning_rate_init': 1.3915679880576459e-05, 'tol': 0.021542742649928164, 'validation_fraction': 0.1397865471420961}]
function_evaluation time 0.083095 value 29132.582549 suggestion {'alpha': 0.00010864343734016674, 'batch_size': 175, 'beta_1': 0.8903449365609933, 'beta_2': 0.9720189129204165, 'epsilon': 1.5485016299990418e-07, 'hidden_layer_sizes': 135, 'learning_rate_init': 1.3915679880576459e-05, 'tol': 0.021542742649928164, 'validation_fraction': 0.1397865471420961}
observation time 0.000005, current best 2962.520132 at iter 11
Failure in optimizer suggest. Falling back to random search.
name 'activ' is not defined
Traceback (most recent call last):
  File "/home/ryedida/.local/lib/python3.9/site-packages/bayesmark/experiment.py", line 126, in run_study
    next_points = optimizer.suggest(n_suggestions)
  File "/home/ryedida/bbo_challenge_starter_kit/example_submissions/smoothness/optimizer.py", line 109, in suggest
    betas = [self._get_smoothness_reg(guess) for guess in guesses]
  File "/home/ryedida/bbo_challenge_starter_kit/example_submissions/smoothness/optimizer.py", line 109, in <listcomp>
    betas = [self._get_smoothness_reg(guess) for guess in guesses]
  File "/home/ryedida/bbo_challenge_starter_kit/example_submissions/smoothness/optimizer.py", line 49, in _get_smoothness_reg
    if activ > Kz:
NameError: name 'activ' is not defined
suggestion time taken 0.316683 iter 12 next_points [{'alpha': 5.610430137404174e-05, 'batch_size': 120, 'beta_1': 0.9495259525452407, 'beta_2': 0.9999679201882216, 'epsilon': 1.4801008664228038e-08, 'hidden_layer_sizes': 148, 'learning_rate_init': 0.00014733600273117388, 'tol': 0.00020007873337110678, 'validation_fraction': 0.8319822902032237}]
/home/ryedida/.local/lib/python3.9/site-packages/sklearn/neural_network/_multilayer_perceptron.py:605: UserWarning: Got `batch_size` less than 1 or larger than sample size. It is going to be clipped
  warnings.warn(

function_evaluation time 0.058137 value 29083.544937 suggestion {'alpha': 5.610430137404174e-05, 'batch_size': 120, 'beta_1': 0.9495259525452407, 'beta_2': 0.9999679201882216, 'epsilon': 1.4801008664228038e-08, 'hidden_layer_sizes': 148, 'learning_rate_init': 0.00014733600273117388, 'tol': 0.00020007873337110678, 'validation_fraction': 0.8319822902032237}
observation time 0.000003, current best 2962.520132 at iter 12
Failure in optimizer suggest. Falling back to random search.
name 'activ' is not defined
Traceback (most recent call last):
  File "/home/ryedida/.local/lib/python3.9/site-packages/bayesmark/experiment.py", line 126, in run_study
    next_points = optimizer.suggest(n_suggestions)
  File "/home/ryedida/bbo_challenge_starter_kit/example_submissions/smoothness/optimizer.py", line 109, in suggest
    betas = [self._get_smoothness_reg(guess) for guess in guesses]
  File "/home/ryedida/bbo_challenge_starter_kit/example_submissions/smoothness/optimizer.py", line 109, in <listcomp>
    betas = [self._get_smoothness_reg(guess) for guess in guesses]
  File "/home/ryedida/bbo_challenge_starter_kit/example_submissions/smoothness/optimizer.py", line 49, in _get_smoothness_reg
    if activ > Kz:
NameError: name 'activ' is not defined
suggestion time taken 0.317874 iter 13 next_points [{'alpha': 3.2433645349600106, 'batch_size': 66, 'beta_1': 0.983818136498699, 'beta_2': 0.9999983801222204, 'epsilon': 1.0101696176577779e-07, 'hidden_layer_sizes': 173, 'learning_rate_init': 0.016027492251569322, 'tol': 3.776555715464124e-05, 'validation_fraction': 0.35808045029991903}]
function_evaluation time 0.314637 value 4129.621006 suggestion {'alpha': 3.2433645349600106, 'batch_size': 66, 'beta_1': 0.983818136498699, 'beta_2': 0.9999983801222204, 'epsilon': 1.0101696176577779e-07, 'hidden_layer_sizes': 173, 'learning_rate_init': 0.016027492251569322, 'tol': 3.776555715464124e-05, 'validation_fraction': 0.35808045029991903}
observation time 0.000004, current best 2962.520132 at iter 13
Failure in optimizer suggest. Falling back to random search.
name 'activ' is not defined
Traceback (most recent call last):
  File "/home/ryedida/.local/lib/python3.9/site-packages/bayesmark/experiment.py", line 126, in run_study
    next_points = optimizer.suggest(n_suggestions)
  File "/home/ryedida/bbo_challenge_starter_kit/example_submissions/smoothness/optimizer.py", line 109, in suggest
    betas = [self._get_smoothness_reg(guess) for guess in guesses]
  File "/home/ryedida/bbo_challenge_starter_kit/example_submissions/smoothness/optimizer.py", line 109, in <listcomp>
    betas = [self._get_smoothness_reg(guess) for guess in guesses]
  File "/home/ryedida/bbo_challenge_starter_kit/example_submissions/smoothness/optimizer.py", line 49, in _get_smoothness_reg
    if activ > Kz:
NameError: name 'activ' is not defined
suggestion time taken 0.318328 iter 14 next_points [{'alpha': 9.037140203658963, 'batch_size': 208, 'beta_1': 0.8911362864723588, 'beta_2': 0.9993609928450033, 'epsilon': 2.9580260094008982e-08, 'hidden_layer_sizes': 95, 'learning_rate_init': 1.6851693766291677e-05, 'tol': 0.039912827435944515, 'validation_fraction': 0.4950430903085192}]
/home/ryedida/.local/lib/python3.9/site-packages/sklearn/neural_network/_multilayer_perceptron.py:605: UserWarning: Got `batch_size` less than 1 or larger than sample size. It is going to be clipped
  warnings.warn(

function_evaluation time 0.055305 value 29080.476119 suggestion {'alpha': 9.037140203658963, 'batch_size': 208, 'beta_1': 0.8911362864723588, 'beta_2': 0.9993609928450033, 'epsilon': 2.9580260094008982e-08, 'hidden_layer_sizes': 95, 'learning_rate_init': 1.6851693766291677e-05, 'tol': 0.039912827435944515, 'validation_fraction': 0.4950430903085192}
observation time 0.000004, current best 2962.520132 at iter 14
saving meta data: {'args': {'--uuid': '8c879f1f7e0450ad9676a8a360247ae0', '-db-root': '/home/ryedida/bbo_challenge_starter_kit/output', '--opt-root': '/home/ryedida/bbo_challenge_starter_kit/example_submissions', '--data-root': None, '--db': 'run_20230427_004608', '--opt': 'smoothness', '--data': 'diabetes', '--classifier': 'MLP-adam', '--metric': 'mse', '--calls': 15, '--suggestions': 1, '--jobs-file': None, '--verbose': False, 'dry_run': False, 'rev': 'a376313', 'opt_rev': 'x.x.x'}, 'signature': ([{'alpha': 0.019628224813442792, 'batch_size': 182, 'beta_1': 0.9410202200271762, 'beta_2': 0.9998021557676793, 'epsilon': 1.8662266976518e-08, 'hidden_layer_sizes': 147, 'learning_rate_init': 0.0005627932047415167, 'tol': 0.03690557729213761, 'validation_fraction': 0.8846827852548593}, {'alpha': 0.0019982467392329444, 'batch_size': 200, 'beta_1': 0.919111482530466, 'beta_2': 0.9998488260436156, 'epsilon': 5.981221901152555e-07, 'hidden_layer_sizes': 61, 'learning_rate_init': 2.2310905607443014e-05, 'tol': 1.2046852412030316e-05, 'validation_fraction': 0.8117896445826539}, {'alpha': 0.46659545670218433, 'batch_size': 219, 'beta_1': 0.9889789783750891, 'beta_2': 0.9999896868093284, 'epsilon': 2.4234724484675948e-08, 'hidden_layer_sizes': 167, 'learning_rate_init': 2.972334644335654e-05, 'tol': 0.0036281404040243792, 'validation_fraction': 0.17260651658522078}, {'alpha': 4.656005689076002, 'batch_size': 135, 'beta_1': 0.870503881627747, 'beta_2': 0.9948873266941017, 'epsilon': 2.1023308743480125e-07, 'hidden_layer_sizes': 118, 'learning_rate_init': 0.0018781738757161913, 'tol': 1.1889379831773004e-05, 'validation_fraction': 0.6264327093752792}, {'alpha': 0.04705159350400542, 'batch_size': 158, 'beta_1': 0.9870884262730957, 'beta_2': 0.9999596874382349, 'epsilon': 1.1981845126013875e-08, 'hidden_layer_sizes': 116, 'learning_rate_init': 0.00617340520407431, 'tol': 1.741413418158619e-05, 'validation_fraction': 0.6754299026638921}], [29083.993548572587, 29062.423277324073, 29075.78987471409, 24626.32866834337, 9584.226858493177])}
saving results
saving timing
saving suggest log
done
