running: {'--uuid': '9054c06604245cfab141b8912d566965', '-db-root': '/home/ryedida/bbo_challenge_starter_kit/output', '--opt-root': '/home/ryedida/bbo_challenge_starter_kit/example_submissions', '--data-root': None, '--db': 'run_20230427_004608', '--opt': 'smoothness', '--data': 'diabetes', '--classifier': 'MLP-adam', '--metric': 'mae', '--calls': 15, '--suggestions': 1, '--jobs-file': None, '--verbose': False, 'dry_run': False, 'rev': 'a376313', 'opt_rev': 'x.x.x'}
cmd: python smoothness/optimizer.py -c MLP-adam -d diabetes -o smoothness -u 9054c06604245cfab141b8912d566965 -m mae -n 15 -p 1 -dir /home/ryedida/bbo_challenge_starter_kit/output -b run_20230427_004608
/home/ryedida/.local/lib/python3.9/site-packages/sklearn/neural_network/_multilayer_perceptron.py:605: UserWarning: Got `batch_size` less than 1 or larger than sample size. It is going to be clipped
  warnings.warn(

/home/ryedida/.local/lib/python3.9/site-packages/sklearn/neural_network/_multilayer_perceptron.py:605: UserWarning: Got `batch_size` less than 1 or larger than sample size. It is going to be clipped
  warnings.warn(

/home/ryedida/.local/lib/python3.9/site-packages/sklearn/neural_network/_multilayer_perceptron.py:605: UserWarning: Got `batch_size` less than 1 or larger than sample size. It is going to be clipped
  warnings.warn(

/home/ryedida/.local/lib/python3.9/site-packages/sklearn/neural_network/_multilayer_perceptron.py:686: ConvergenceWarning: Stochastic Optimizer: Maximum iterations (200) reached and the optimization hasn't converged yet.
  warnings.warn(

/home/ryedida/.local/lib/python3.9/site-packages/sklearn/neural_network/_multilayer_perceptron.py:605: UserWarning: Got `batch_size` less than 1 or larger than sample size. It is going to be clipped
  warnings.warn(

/home/ryedida/.local/lib/python3.9/site-packages/sklearn/neural_network/_multilayer_perceptron.py:686: ConvergenceWarning: Stochastic Optimizer: Maximum iterations (200) reached and the optimization hasn't converged yet.
  warnings.warn(

computed signature: ([{'alpha': 0.019628224813442792, 'batch_size': 182, 'beta_1': 0.9410202200271762, 'beta_2': 0.9998021557676793, 'epsilon': 1.8662266976518e-08, 'hidden_layer_sizes': 147, 'learning_rate_init': 0.0005627932047415167, 'tol': 0.03690557729213761, 'validation_fraction': 0.8846827852548593}, {'alpha': 0.0019982467392329444, 'batch_size': 200, 'beta_1': 0.919111482530466, 'beta_2': 0.9998488260436156, 'epsilon': 5.981221901152555e-07, 'hidden_layer_sizes': 61, 'learning_rate_init': 2.2310905607443014e-05, 'tol': 1.2046852412030316e-05, 'validation_fraction': 0.8117896445826539}, {'alpha': 0.46659545670218433, 'batch_size': 219, 'beta_1': 0.9889789783750891, 'beta_2': 0.9999896868093284, 'epsilon': 2.4234724484675948e-08, 'hidden_layer_sizes': 167, 'learning_rate_init': 2.972334644335654e-05, 'tol': 0.0036281404040243792, 'validation_fraction': 0.17260651658522078}, {'alpha': 4.656005689076002, 'batch_size': 135, 'beta_1': 0.870503881627747, 'beta_2': 0.9948873266941017, 'epsilon': 2.1023308743480125e-07, 'hidden_layer_sizes': 118, 'learning_rate_init': 0.0018781738757161913, 'tol': 1.1889379831773004e-05, 'validation_fraction': 0.6264327093752792}, {'alpha': 0.04705159350400542, 'batch_size': 158, 'beta_1': 0.9870884262730957, 'beta_2': 0.9999596874382349, 'epsilon': 1.1981845126013875e-08, 'hidden_layer_sizes': 116, 'learning_rate_init': 0.00617340520407431, 'tol': 1.741413418158619e-05, 'validation_fraction': 0.6754299026638921}], [151.4971925380264, 151.42763539278994, 151.47026299046811, 136.86202504264318, 75.2055865763391])
Signature errors:
                                  0             1             2         3         4       max
MLP-adam_diabetes_mae  1.919244e-08  6.198704e-08  7.624578e-09  0.000007  0.000034  0.000034
max                    1.919244e-08  6.198704e-08  7.624578e-09  0.000007  0.000034  0.000034
starting sklearn study smoothness MLP-adam diabetes mae 15 1
with data root: None
Failure in optimizer suggest. Falling back to random search.
name 'activ' is not defined
Traceback (most recent call last):
  File "/home/ryedida/.local/lib/python3.9/site-packages/bayesmark/experiment.py", line 126, in run_study
    next_points = optimizer.suggest(n_suggestions)
  File "/home/ryedida/bbo_challenge_starter_kit/example_submissions/smoothness/optimizer.py", line 109, in suggest
    betas = [self._get_smoothness_reg(guess) for guess in guesses]
  File "/home/ryedida/bbo_challenge_starter_kit/example_submissions/smoothness/optimizer.py", line 109, in <listcomp>
    betas = [self._get_smoothness_reg(guess) for guess in guesses]
  File "/home/ryedida/bbo_challenge_starter_kit/example_submissions/smoothness/optimizer.py", line 49, in _get_smoothness_reg
    if activ > Kz:
NameError: name 'activ' is not defined
suggestion time taken 0.497439 iter 0 next_points [{'alpha': 0.32207729818196856, 'batch_size': 184, 'beta_1': 0.8155266634947919, 'beta_2': 0.9999668188111631, 'epsilon': 2.098430551259225e-08, 'hidden_layer_sizes': 180, 'learning_rate_init': 1.9582984753817244e-05, 'tol': 1.0783663329067001e-05, 'validation_fraction': 0.7447532469835143}]
/home/ryedida/.local/lib/python3.9/site-packages/sklearn/neural_network/_multilayer_perceptron.py:605: UserWarning: Got `batch_size` less than 1 or larger than sample size. It is going to be clipped
  warnings.warn(

/home/ryedida/.local/lib/python3.9/site-packages/sklearn/neural_network/_multilayer_perceptron.py:686: ConvergenceWarning: Stochastic Optimizer: Maximum iterations (200) reached and the optimization hasn't converged yet.
  warnings.warn(

function_evaluation time 0.824633 value 151.581067 suggestion {'alpha': 0.32207729818196856, 'batch_size': 184, 'beta_1': 0.8155266634947919, 'beta_2': 0.9999668188111631, 'epsilon': 2.098430551259225e-08, 'hidden_layer_sizes': 180, 'learning_rate_init': 1.9582984753817244e-05, 'tol': 1.0783663329067001e-05, 'validation_fraction': 0.7447532469835143}
observation time 0.000007, current best 151.581067 at iter 0
Failure in optimizer suggest. Falling back to random search.
name 'activ' is not defined
Traceback (most recent call last):
  File "/home/ryedida/.local/lib/python3.9/site-packages/bayesmark/experiment.py", line 126, in run_study
    next_points = optimizer.suggest(n_suggestions)
  File "/home/ryedida/bbo_challenge_starter_kit/example_submissions/smoothness/optimizer.py", line 109, in suggest
    betas = [self._get_smoothness_reg(guess) for guess in guesses]
  File "/home/ryedida/bbo_challenge_starter_kit/example_submissions/smoothness/optimizer.py", line 109, in <listcomp>
    betas = [self._get_smoothness_reg(guess) for guess in guesses]
  File "/home/ryedida/bbo_challenge_starter_kit/example_submissions/smoothness/optimizer.py", line 49, in _get_smoothness_reg
    if activ > Kz:
NameError: name 'activ' is not defined
suggestion time taken 0.326721 iter 1 next_points [{'alpha': 1.6495810882270998e-05, 'batch_size': 161, 'beta_1': 0.9380948864335056, 'beta_2': 0.999789014854256, 'epsilon': 9.308733922378953e-07, 'hidden_layer_sizes': 172, 'learning_rate_init': 0.08735693021181108, 'tol': 0.0005913932089607974, 'validation_fraction': 0.11574801795931694}]
function_evaluation time 0.332463 value 44.729431 suggestion {'alpha': 1.6495810882270998e-05, 'batch_size': 161, 'beta_1': 0.9380948864335056, 'beta_2': 0.999789014854256, 'epsilon': 9.308733922378953e-07, 'hidden_layer_sizes': 172, 'learning_rate_init': 0.08735693021181108, 'tol': 0.0005913932089607974, 'validation_fraction': 0.11574801795931694}
observation time 0.000006, current best 44.729431 at iter 1
Failure in optimizer suggest. Falling back to random search.
name 'activ' is not defined
Traceback (most recent call last):
  File "/home/ryedida/.local/lib/python3.9/site-packages/bayesmark/experiment.py", line 126, in run_study
    next_points = optimizer.suggest(n_suggestions)
  File "/home/ryedida/bbo_challenge_starter_kit/example_submissions/smoothness/optimizer.py", line 109, in suggest
    betas = [self._get_smoothness_reg(guess) for guess in guesses]
  File "/home/ryedida/bbo_challenge_starter_kit/example_submissions/smoothness/optimizer.py", line 109, in <listcomp>
    betas = [self._get_smoothness_reg(guess) for guess in guesses]
  File "/home/ryedida/bbo_challenge_starter_kit/example_submissions/smoothness/optimizer.py", line 49, in _get_smoothness_reg
    if activ > Kz:
NameError: name 'activ' is not defined
suggestion time taken 0.328264 iter 2 next_points [{'alpha': 0.00017484958662784743, 'batch_size': 239, 'beta_1': 0.7685931672830532, 'beta_2': 0.9873538491028427, 'epsilon': 1.2617663639050322e-09, 'hidden_layer_sizes': 107, 'learning_rate_init': 1.8608220006109974e-05, 'tol': 0.0006565417361352327, 'validation_fraction': 0.302171105065431}]
function_evaluation time 0.063840 value 151.508142 suggestion {'alpha': 0.00017484958662784743, 'batch_size': 239, 'beta_1': 0.7685931672830532, 'beta_2': 0.9873538491028427, 'epsilon': 1.2617663639050322e-09, 'hidden_layer_sizes': 107, 'learning_rate_init': 1.8608220006109974e-05, 'tol': 0.0006565417361352327, 'validation_fraction': 0.302171105065431}
observation time 0.000006, current best 44.729431 at iter 2
Failure in optimizer suggest. Falling back to random search.
name 'activ' is not defined
Traceback (most recent call last):
  File "/home/ryedida/.local/lib/python3.9/site-packages/bayesmark/experiment.py", line 126, in run_study
    next_points = optimizer.suggest(n_suggestions)
  File "/home/ryedida/bbo_challenge_starter_kit/example_submissions/smoothness/optimizer.py", line 109, in suggest
    betas = [self._get_smoothness_reg(guess) for guess in guesses]
  File "/home/ryedida/bbo_challenge_starter_kit/example_submissions/smoothness/optimizer.py", line 109, in <listcomp>
    betas = [self._get_smoothness_reg(guess) for guess in guesses]
  File "/home/ryedida/bbo_challenge_starter_kit/example_submissions/smoothness/optimizer.py", line 49, in _get_smoothness_reg
    if activ > Kz:
NameError: name 'activ' is not defined
suggestion time taken 0.323892 iter 3 next_points [{'alpha': 0.0059338727365062, 'batch_size': 150, 'beta_1': 0.9862112885535793, 'beta_2': 0.9998364646833887, 'epsilon': 7.964618937975741e-07, 'hidden_layer_sizes': 56, 'learning_rate_init': 0.04550030308284858, 'tol': 0.00019349186060632428, 'validation_fraction': 0.38536446300116356}]
function_evaluation time 0.129933 value 56.853465 suggestion {'alpha': 0.0059338727365062, 'batch_size': 150, 'beta_1': 0.9862112885535793, 'beta_2': 0.9998364646833887, 'epsilon': 7.964618937975741e-07, 'hidden_layer_sizes': 56, 'learning_rate_init': 0.04550030308284858, 'tol': 0.00019349186060632428, 'validation_fraction': 0.38536446300116356}
observation time 0.000006, current best 44.729431 at iter 3
Failure in optimizer suggest. Falling back to random search.
name 'activ' is not defined
Traceback (most recent call last):
  File "/home/ryedida/.local/lib/python3.9/site-packages/bayesmark/experiment.py", line 126, in run_study
    next_points = optimizer.suggest(n_suggestions)
  File "/home/ryedida/bbo_challenge_starter_kit/example_submissions/smoothness/optimizer.py", line 109, in suggest
    betas = [self._get_smoothness_reg(guess) for guess in guesses]
  File "/home/ryedida/bbo_challenge_starter_kit/example_submissions/smoothness/optimizer.py", line 109, in <listcomp>
    betas = [self._get_smoothness_reg(guess) for guess in guesses]
  File "/home/ryedida/bbo_challenge_starter_kit/example_submissions/smoothness/optimizer.py", line 49, in _get_smoothness_reg
    if activ > Kz:
NameError: name 'activ' is not defined
suggestion time taken 0.327336 iter 4 next_points [{'alpha': 0.012435345241686066, 'batch_size': 117, 'beta_1': 0.8839873302598587, 'beta_2': 0.9466475737084965, 'epsilon': 1.09745200010054e-07, 'hidden_layer_sizes': 193, 'learning_rate_init': 4.059132557851733e-05, 'tol': 0.0927203822126733, 'validation_fraction': 0.8016434915930654}]
/home/ryedida/.local/lib/python3.9/site-packages/sklearn/neural_network/_multilayer_perceptron.py:605: UserWarning: Got `batch_size` less than 1 or larger than sample size. It is going to be clipped
  warnings.warn(

function_evaluation time 0.060011 value 151.546772 suggestion {'alpha': 0.012435345241686066, 'batch_size': 117, 'beta_1': 0.8839873302598587, 'beta_2': 0.9466475737084965, 'epsilon': 1.09745200010054e-07, 'hidden_layer_sizes': 193, 'learning_rate_init': 4.059132557851733e-05, 'tol': 0.0927203822126733, 'validation_fraction': 0.8016434915930654}
observation time 0.000006, current best 44.729431 at iter 4
Failure in optimizer suggest. Falling back to random search.
name 'activ' is not defined
Traceback (most recent call last):
  File "/home/ryedida/.local/lib/python3.9/site-packages/bayesmark/experiment.py", line 126, in run_study
    next_points = optimizer.suggest(n_suggestions)
  File "/home/ryedida/bbo_challenge_starter_kit/example_submissions/smoothness/optimizer.py", line 109, in suggest
    betas = [self._get_smoothness_reg(guess) for guess in guesses]
  File "/home/ryedida/bbo_challenge_starter_kit/example_submissions/smoothness/optimizer.py", line 109, in <listcomp>
    betas = [self._get_smoothness_reg(guess) for guess in guesses]
  File "/home/ryedida/bbo_challenge_starter_kit/example_submissions/smoothness/optimizer.py", line 49, in _get_smoothness_reg
    if activ > Kz:
NameError: name 'activ' is not defined
suggestion time taken 0.322563 iter 5 next_points [{'alpha': 0.003717736177339392, 'batch_size': 161, 'beta_1': 0.9180257404042343, 'beta_2': 0.9993203898246501, 'epsilon': 7.407747328339628e-08, 'hidden_layer_sizes': 194, 'learning_rate_init': 0.002651241350319465, 'tol': 0.0003422250894491742, 'validation_fraction': 0.1088498278737887}]
/home/ryedida/.local/lib/python3.9/site-packages/sklearn/neural_network/_multilayer_perceptron.py:686: ConvergenceWarning: Stochastic Optimizer: Maximum iterations (200) reached and the optimization hasn't converged yet.
  warnings.warn(

function_evaluation time 1.427525 value 53.958527 suggestion {'alpha': 0.003717736177339392, 'batch_size': 161, 'beta_1': 0.9180257404042343, 'beta_2': 0.9993203898246501, 'epsilon': 7.407747328339628e-08, 'hidden_layer_sizes': 194, 'learning_rate_init': 0.002651241350319465, 'tol': 0.0003422250894491742, 'validation_fraction': 0.1088498278737887}
observation time 0.000006, current best 44.729431 at iter 5
Failure in optimizer suggest. Falling back to random search.
name 'activ' is not defined
Traceback (most recent call last):
  File "/home/ryedida/.local/lib/python3.9/site-packages/bayesmark/experiment.py", line 126, in run_study
    next_points = optimizer.suggest(n_suggestions)
  File "/home/ryedida/bbo_challenge_starter_kit/example_submissions/smoothness/optimizer.py", line 109, in suggest
    betas = [self._get_smoothness_reg(guess) for guess in guesses]
  File "/home/ryedida/bbo_challenge_starter_kit/example_submissions/smoothness/optimizer.py", line 109, in <listcomp>
    betas = [self._get_smoothness_reg(guess) for guess in guesses]
  File "/home/ryedida/bbo_challenge_starter_kit/example_submissions/smoothness/optimizer.py", line 49, in _get_smoothness_reg
    if activ > Kz:
NameError: name 'activ' is not defined
suggestion time taken 0.333173 iter 6 next_points [{'alpha': 1.7797138175835554, 'batch_size': 139, 'beta_1': 0.9079498244365996, 'beta_2': 0.9972509519368683, 'epsilon': 1.7952975776190985e-09, 'hidden_layer_sizes': 119, 'learning_rate_init': 0.01700133944761786, 'tol': 0.002481045774286077, 'validation_fraction': 0.1746837077208008}]
function_evaluation time 0.443893 value 48.866440 suggestion {'alpha': 1.7797138175835554, 'batch_size': 139, 'beta_1': 0.9079498244365996, 'beta_2': 0.9972509519368683, 'epsilon': 1.7952975776190985e-09, 'hidden_layer_sizes': 119, 'learning_rate_init': 0.01700133944761786, 'tol': 0.002481045774286077, 'validation_fraction': 0.1746837077208008}
observation time 0.000006, current best 44.729431 at iter 6
Failure in optimizer suggest. Falling back to random search.
name 'activ' is not defined
Traceback (most recent call last):
  File "/home/ryedida/.local/lib/python3.9/site-packages/bayesmark/experiment.py", line 126, in run_study
    next_points = optimizer.suggest(n_suggestions)
  File "/home/ryedida/bbo_challenge_starter_kit/example_submissions/smoothness/optimizer.py", line 109, in suggest
    betas = [self._get_smoothness_reg(guess) for guess in guesses]
  File "/home/ryedida/bbo_challenge_starter_kit/example_submissions/smoothness/optimizer.py", line 109, in <listcomp>
    betas = [self._get_smoothness_reg(guess) for guess in guesses]
  File "/home/ryedida/bbo_challenge_starter_kit/example_submissions/smoothness/optimizer.py", line 49, in _get_smoothness_reg
    if activ > Kz:
NameError: name 'activ' is not defined
suggestion time taken 0.454101 iter 7 next_points [{'alpha': 0.00016505962136535357, 'batch_size': 137, 'beta_1': 0.9772621284143328, 'beta_2': 0.9999972116406467, 'epsilon': 5.106216976554926e-08, 'hidden_layer_sizes': 133, 'learning_rate_init': 0.00010241550957930139, 'tol': 6.834852961448224e-05, 'validation_fraction': 0.8589390740448068}]
/home/ryedida/.local/lib/python3.9/site-packages/sklearn/neural_network/_multilayer_perceptron.py:605: UserWarning: Got `batch_size` less than 1 or larger than sample size. It is going to be clipped
  warnings.warn(

function_evaluation time 0.479784 value 151.387055 suggestion {'alpha': 0.00016505962136535357, 'batch_size': 137, 'beta_1': 0.9772621284143328, 'beta_2': 0.9999972116406467, 'epsilon': 5.106216976554926e-08, 'hidden_layer_sizes': 133, 'learning_rate_init': 0.00010241550957930139, 'tol': 6.834852961448224e-05, 'validation_fraction': 0.8589390740448068}
observation time 0.000013, current best 44.729431 at iter 7
Failure in optimizer suggest. Falling back to random search.
name 'activ' is not defined
Traceback (most recent call last):
  File "/home/ryedida/.local/lib/python3.9/site-packages/bayesmark/experiment.py", line 126, in run_study
    next_points = optimizer.suggest(n_suggestions)
  File "/home/ryedida/bbo_challenge_starter_kit/example_submissions/smoothness/optimizer.py", line 109, in suggest
    betas = [self._get_smoothness_reg(guess) for guess in guesses]
  File "/home/ryedida/bbo_challenge_starter_kit/example_submissions/smoothness/optimizer.py", line 109, in <listcomp>
    betas = [self._get_smoothness_reg(guess) for guess in guesses]
  File "/home/ryedida/bbo_challenge_starter_kit/example_submissions/smoothness/optimizer.py", line 49, in _get_smoothness_reg
    if activ > Kz:
NameError: name 'activ' is not defined
suggestion time taken 0.322145 iter 8 next_points [{'alpha': 0.06898974593447631, 'batch_size': 42, 'beta_1': 0.967105795657764, 'beta_2': 0.9844092957165412, 'epsilon': 1.1471786697557326e-08, 'hidden_layer_sizes': 188, 'learning_rate_init': 5.871260143505574e-05, 'tol': 0.00017757942132004946, 'validation_fraction': 0.6680147696568026}]
function_evaluation time 0.089519 value 151.541455 suggestion {'alpha': 0.06898974593447631, 'batch_size': 42, 'beta_1': 0.967105795657764, 'beta_2': 0.9844092957165412, 'epsilon': 1.1471786697557326e-08, 'hidden_layer_sizes': 188, 'learning_rate_init': 5.871260143505574e-05, 'tol': 0.00017757942132004946, 'validation_fraction': 0.6680147696568026}
observation time 0.000006, current best 44.729431 at iter 8
Failure in optimizer suggest. Falling back to random search.
name 'activ' is not defined
Traceback (most recent call last):
  File "/home/ryedida/.local/lib/python3.9/site-packages/bayesmark/experiment.py", line 126, in run_study
    next_points = optimizer.suggest(n_suggestions)
  File "/home/ryedida/bbo_challenge_starter_kit/example_submissions/smoothness/optimizer.py", line 109, in suggest
    betas = [self._get_smoothness_reg(guess) for guess in guesses]
  File "/home/ryedida/bbo_challenge_starter_kit/example_submissions/smoothness/optimizer.py", line 109, in <listcomp>
    betas = [self._get_smoothness_reg(guess) for guess in guesses]
  File "/home/ryedida/bbo_challenge_starter_kit/example_submissions/smoothness/optimizer.py", line 49, in _get_smoothness_reg
    if activ > Kz:
NameError: name 'activ' is not defined
suggestion time taken 0.323024 iter 9 next_points [{'alpha': 1.365555713752408e-05, 'batch_size': 117, 'beta_1': 0.7973243296334828, 'beta_2': 0.9999845104893738, 'epsilon': 8.09753914096623e-07, 'hidden_layer_sizes': 104, 'learning_rate_init': 6.302227611001671e-05, 'tol': 7.73118861518636e-05, 'validation_fraction': 0.157215882719544}]
/home/ryedida/.local/lib/python3.9/site-packages/sklearn/neural_network/_multilayer_perceptron.py:686: ConvergenceWarning: Stochastic Optimizer: Maximum iterations (200) reached and the optimization hasn't converged yet.
  warnings.warn(

function_evaluation time 1.306659 value 151.176156 suggestion {'alpha': 1.365555713752408e-05, 'batch_size': 117, 'beta_1': 0.7973243296334828, 'beta_2': 0.9999845104893738, 'epsilon': 8.09753914096623e-07, 'hidden_layer_sizes': 104, 'learning_rate_init': 6.302227611001671e-05, 'tol': 7.73118861518636e-05, 'validation_fraction': 0.157215882719544}
observation time 0.000007, current best 44.729431 at iter 9
Failure in optimizer suggest. Falling back to random search.
name 'activ' is not defined
Traceback (most recent call last):
  File "/home/ryedida/.local/lib/python3.9/site-packages/bayesmark/experiment.py", line 126, in run_study
    next_points = optimizer.suggest(n_suggestions)
  File "/home/ryedida/bbo_challenge_starter_kit/example_submissions/smoothness/optimizer.py", line 109, in suggest
    betas = [self._get_smoothness_reg(guess) for guess in guesses]
  File "/home/ryedida/bbo_challenge_starter_kit/example_submissions/smoothness/optimizer.py", line 109, in <listcomp>
    betas = [self._get_smoothness_reg(guess) for guess in guesses]
  File "/home/ryedida/bbo_challenge_starter_kit/example_submissions/smoothness/optimizer.py", line 49, in _get_smoothness_reg
    if activ > Kz:
NameError: name 'activ' is not defined
suggestion time taken 0.319280 iter 10 next_points [{'alpha': 0.0006810881401625539, 'batch_size': 248, 'beta_1': 0.9760556753194853, 'beta_2': 0.9999189330441639, 'epsilon': 2.7418567583963595e-08, 'hidden_layer_sizes': 126, 'learning_rate_init': 1.03894632452217e-05, 'tol': 0.0051585857242110135, 'validation_fraction': 0.1281479935928897}]
function_evaluation time 0.069289 value 151.768419 suggestion {'alpha': 0.0006810881401625539, 'batch_size': 248, 'beta_1': 0.9760556753194853, 'beta_2': 0.9999189330441639, 'epsilon': 2.7418567583963595e-08, 'hidden_layer_sizes': 126, 'learning_rate_init': 1.03894632452217e-05, 'tol': 0.0051585857242110135, 'validation_fraction': 0.1281479935928897}
observation time 0.000005, current best 44.729431 at iter 10
Failure in optimizer suggest. Falling back to random search.
name 'activ' is not defined
Traceback (most recent call last):
  File "/home/ryedida/.local/lib/python3.9/site-packages/bayesmark/experiment.py", line 126, in run_study
    next_points = optimizer.suggest(n_suggestions)
  File "/home/ryedida/bbo_challenge_starter_kit/example_submissions/smoothness/optimizer.py", line 109, in suggest
    betas = [self._get_smoothness_reg(guess) for guess in guesses]
  File "/home/ryedida/bbo_challenge_starter_kit/example_submissions/smoothness/optimizer.py", line 109, in <listcomp>
    betas = [self._get_smoothness_reg(guess) for guess in guesses]
  File "/home/ryedida/bbo_challenge_starter_kit/example_submissions/smoothness/optimizer.py", line 49, in _get_smoothness_reg
    if activ > Kz:
NameError: name 'activ' is not defined
suggestion time taken 0.323694 iter 11 next_points [{'alpha': 3.0215941813656286, 'batch_size': 211, 'beta_1': 0.9270368802031825, 'beta_2': 0.9999968366397216, 'epsilon': 3.3662308194002488e-09, 'hidden_layer_sizes': 74, 'learning_rate_init': 0.0002805437674168233, 'tol': 0.03996195629724058, 'validation_fraction': 0.47424442135201145}]
/home/ryedida/.local/lib/python3.9/site-packages/sklearn/neural_network/_multilayer_perceptron.py:605: UserWarning: Got `batch_size` less than 1 or larger than sample size. It is going to be clipped
  warnings.warn(

function_evaluation time 0.051991 value 151.812055 suggestion {'alpha': 3.0215941813656286, 'batch_size': 211, 'beta_1': 0.9270368802031825, 'beta_2': 0.9999968366397216, 'epsilon': 3.3662308194002488e-09, 'hidden_layer_sizes': 74, 'learning_rate_init': 0.0002805437674168233, 'tol': 0.03996195629724058, 'validation_fraction': 0.47424442135201145}
observation time 0.000006, current best 44.729431 at iter 11
Failure in optimizer suggest. Falling back to random search.
name 'activ' is not defined
Traceback (most recent call last):
  File "/home/ryedida/.local/lib/python3.9/site-packages/bayesmark/experiment.py", line 126, in run_study
    next_points = optimizer.suggest(n_suggestions)
  File "/home/ryedida/bbo_challenge_starter_kit/example_submissions/smoothness/optimizer.py", line 109, in suggest
    betas = [self._get_smoothness_reg(guess) for guess in guesses]
  File "/home/ryedida/bbo_challenge_starter_kit/example_submissions/smoothness/optimizer.py", line 109, in <listcomp>
    betas = [self._get_smoothness_reg(guess) for guess in guesses]
  File "/home/ryedida/bbo_challenge_starter_kit/example_submissions/smoothness/optimizer.py", line 49, in _get_smoothness_reg
    if activ > Kz:
NameError: name 'activ' is not defined
suggestion time taken 0.323817 iter 12 next_points [{'alpha': 0.3169040163801107, 'batch_size': 52, 'beta_1': 0.6509124950935917, 'beta_2': 0.9999702423403191, 'epsilon': 4.238315391225815e-08, 'hidden_layer_sizes': 66, 'learning_rate_init': 0.00015260609943160068, 'tol': 0.054666874731219006, 'validation_fraction': 0.8977101781560506}]
/home/ryedida/.local/lib/python3.9/site-packages/sklearn/neural_network/_multilayer_perceptron.py:605: UserWarning: Got `batch_size` less than 1 or larger than sample size. It is going to be clipped
  warnings.warn(

function_evaluation time 0.051436 value 151.596234 suggestion {'alpha': 0.3169040163801107, 'batch_size': 52, 'beta_1': 0.6509124950935917, 'beta_2': 0.9999702423403191, 'epsilon': 4.238315391225815e-08, 'hidden_layer_sizes': 66, 'learning_rate_init': 0.00015260609943160068, 'tol': 0.054666874731219006, 'validation_fraction': 0.8977101781560506}
observation time 0.000005, current best 44.729431 at iter 12
Failure in optimizer suggest. Falling back to random search.
name 'activ' is not defined
Traceback (most recent call last):
  File "/home/ryedida/.local/lib/python3.9/site-packages/bayesmark/experiment.py", line 126, in run_study
    next_points = optimizer.suggest(n_suggestions)
  File "/home/ryedida/bbo_challenge_starter_kit/example_submissions/smoothness/optimizer.py", line 109, in suggest
    betas = [self._get_smoothness_reg(guess) for guess in guesses]
  File "/home/ryedida/bbo_challenge_starter_kit/example_submissions/smoothness/optimizer.py", line 109, in <listcomp>
    betas = [self._get_smoothness_reg(guess) for guess in guesses]
  File "/home/ryedida/bbo_challenge_starter_kit/example_submissions/smoothness/optimizer.py", line 49, in _get_smoothness_reg
    if activ > Kz:
NameError: name 'activ' is not defined
suggestion time taken 0.324001 iter 13 next_points [{'alpha': 0.0002675547993640031, 'batch_size': 198, 'beta_1': 0.8723296660952226, 'beta_2': 0.9999820029953403, 'epsilon': 2.7428524560949826e-09, 'hidden_layer_sizes': 80, 'learning_rate_init': 0.00035129800921180346, 'tol': 0.0004134082428017278, 'validation_fraction': 0.4232487741034633}]
/home/ryedida/.local/lib/python3.9/site-packages/sklearn/neural_network/_multilayer_perceptron.py:686: ConvergenceWarning: Stochastic Optimizer: Maximum iterations (200) reached and the optimization hasn't converged yet.
  warnings.warn(

function_evaluation time 0.203232 value 151.441405 suggestion {'alpha': 0.0002675547993640031, 'batch_size': 198, 'beta_1': 0.8723296660952226, 'beta_2': 0.9999820029953403, 'epsilon': 2.7428524560949826e-09, 'hidden_layer_sizes': 80, 'learning_rate_init': 0.00035129800921180346, 'tol': 0.0004134082428017278, 'validation_fraction': 0.4232487741034633}
observation time 0.000006, current best 44.729431 at iter 13
Failure in optimizer suggest. Falling back to random search.
name 'activ' is not defined
Traceback (most recent call last):
  File "/home/ryedida/.local/lib/python3.9/site-packages/bayesmark/experiment.py", line 126, in run_study
    next_points = optimizer.suggest(n_suggestions)
  File "/home/ryedida/bbo_challenge_starter_kit/example_submissions/smoothness/optimizer.py", line 109, in suggest
    betas = [self._get_smoothness_reg(guess) for guess in guesses]
  File "/home/ryedida/bbo_challenge_starter_kit/example_submissions/smoothness/optimizer.py", line 109, in <listcomp>
    betas = [self._get_smoothness_reg(guess) for guess in guesses]
  File "/home/ryedida/bbo_challenge_starter_kit/example_submissions/smoothness/optimizer.py", line 49, in _get_smoothness_reg
    if activ > Kz:
NameError: name 'activ' is not defined
suggestion time taken 0.319857 iter 14 next_points [{'alpha': 0.4029660755578033, 'batch_size': 81, 'beta_1': 0.8792173943420949, 'beta_2': 0.9972268238006777, 'epsilon': 2.757146966933825e-08, 'hidden_layer_sizes': 61, 'learning_rate_init': 0.0011717000028910853, 'tol': 0.00016491431152537022, 'validation_fraction': 0.2820963512346111}]
/home/ryedida/.local/lib/python3.9/site-packages/sklearn/neural_network/_multilayer_perceptron.py:686: ConvergenceWarning: Stochastic Optimizer: Maximum iterations (200) reached and the optimization hasn't converged yet.
  warnings.warn(

function_evaluation time 0.745994 value 124.019470 suggestion {'alpha': 0.4029660755578033, 'batch_size': 81, 'beta_1': 0.8792173943420949, 'beta_2': 0.9972268238006777, 'epsilon': 2.757146966933825e-08, 'hidden_layer_sizes': 61, 'learning_rate_init': 0.0011717000028910853, 'tol': 0.00016491431152537022, 'validation_fraction': 0.2820963512346111}
observation time 0.000006, current best 44.729431 at iter 14
saving meta data: {'args': {'--uuid': '9054c06604245cfab141b8912d566965', '-db-root': '/home/ryedida/bbo_challenge_starter_kit/output', '--opt-root': '/home/ryedida/bbo_challenge_starter_kit/example_submissions', '--data-root': None, '--db': 'run_20230427_004608', '--opt': 'smoothness', '--data': 'diabetes', '--classifier': 'MLP-adam', '--metric': 'mae', '--calls': 15, '--suggestions': 1, '--jobs-file': None, '--verbose': False, 'dry_run': False, 'rev': 'a376313', 'opt_rev': 'x.x.x'}, 'signature': ([{'alpha': 0.019628224813442792, 'batch_size': 182, 'beta_1': 0.9410202200271762, 'beta_2': 0.9998021557676793, 'epsilon': 1.8662266976518e-08, 'hidden_layer_sizes': 147, 'learning_rate_init': 0.0005627932047415167, 'tol': 0.03690557729213761, 'validation_fraction': 0.8846827852548593}, {'alpha': 0.0019982467392329444, 'batch_size': 200, 'beta_1': 0.919111482530466, 'beta_2': 0.9998488260436156, 'epsilon': 5.981221901152555e-07, 'hidden_layer_sizes': 61, 'learning_rate_init': 2.2310905607443014e-05, 'tol': 1.2046852412030316e-05, 'validation_fraction': 0.8117896445826539}, {'alpha': 0.46659545670218433, 'batch_size': 219, 'beta_1': 0.9889789783750891, 'beta_2': 0.9999896868093284, 'epsilon': 2.4234724484675948e-08, 'hidden_layer_sizes': 167, 'learning_rate_init': 2.972334644335654e-05, 'tol': 0.0036281404040243792, 'validation_fraction': 0.17260651658522078}, {'alpha': 4.656005689076002, 'batch_size': 135, 'beta_1': 0.870503881627747, 'beta_2': 0.9948873266941017, 'epsilon': 2.1023308743480125e-07, 'hidden_layer_sizes': 118, 'learning_rate_init': 0.0018781738757161913, 'tol': 1.1889379831773004e-05, 'validation_fraction': 0.6264327093752792}, {'alpha': 0.04705159350400542, 'batch_size': 158, 'beta_1': 0.9870884262730957, 'beta_2': 0.9999596874382349, 'epsilon': 1.1981845126013875e-08, 'hidden_layer_sizes': 116, 'learning_rate_init': 0.00617340520407431, 'tol': 1.741413418158619e-05, 'validation_fraction': 0.6754299026638921}], [151.4971925380264, 151.42763539278994, 151.47026299046811, 136.86202504264318, 75.2055865763391])}
saving results
saving timing
saving suggest log
done
