running: {'--uuid': 'a1777487318652fc838ae05613e3e4e0', '-db-root': '/home/ryedida/bbo_challenge_starter_kit/output', '--opt-root': '/home/ryedida/bbo_challenge_starter_kit/example_submissions', '--data-root': None, '--db': 'run_20230427_004608', '--opt': 'smoothness', '--data': 'diabetes', '--classifier': 'MLP-adam', '--metric': 'mae', '--calls': 15, '--suggestions': 1, '--jobs-file': None, '--verbose': False, 'dry_run': False, 'rev': 'a376313', 'opt_rev': 'x.x.x'}
cmd: python smoothness/optimizer.py -c MLP-adam -d diabetes -o smoothness -u a1777487318652fc838ae05613e3e4e0 -m mae -n 15 -p 1 -dir /home/ryedida/bbo_challenge_starter_kit/output -b run_20230427_004608
/home/ryedida/.local/lib/python3.9/site-packages/sklearn/neural_network/_multilayer_perceptron.py:605: UserWarning: Got `batch_size` less than 1 or larger than sample size. It is going to be clipped
  warnings.warn(

/home/ryedida/.local/lib/python3.9/site-packages/sklearn/neural_network/_multilayer_perceptron.py:605: UserWarning: Got `batch_size` less than 1 or larger than sample size. It is going to be clipped
  warnings.warn(

/home/ryedida/.local/lib/python3.9/site-packages/sklearn/neural_network/_multilayer_perceptron.py:605: UserWarning: Got `batch_size` less than 1 or larger than sample size. It is going to be clipped
  warnings.warn(

/home/ryedida/.local/lib/python3.9/site-packages/sklearn/neural_network/_multilayer_perceptron.py:686: ConvergenceWarning: Stochastic Optimizer: Maximum iterations (200) reached and the optimization hasn't converged yet.
  warnings.warn(

/home/ryedida/.local/lib/python3.9/site-packages/sklearn/neural_network/_multilayer_perceptron.py:605: UserWarning: Got `batch_size` less than 1 or larger than sample size. It is going to be clipped
  warnings.warn(

/home/ryedida/.local/lib/python3.9/site-packages/sklearn/neural_network/_multilayer_perceptron.py:686: ConvergenceWarning: Stochastic Optimizer: Maximum iterations (200) reached and the optimization hasn't converged yet.
  warnings.warn(

computed signature: ([{'alpha': 0.019628224813442792, 'batch_size': 182, 'beta_1': 0.9410202200271762, 'beta_2': 0.9998021557676793, 'epsilon': 1.8662266976518e-08, 'hidden_layer_sizes': 147, 'learning_rate_init': 0.0005627932047415167, 'tol': 0.03690557729213761, 'validation_fraction': 0.8846827852548593}, {'alpha': 0.0019982467392329444, 'batch_size': 200, 'beta_1': 0.919111482530466, 'beta_2': 0.9998488260436156, 'epsilon': 5.981221901152555e-07, 'hidden_layer_sizes': 61, 'learning_rate_init': 2.2310905607443014e-05, 'tol': 1.2046852412030316e-05, 'validation_fraction': 0.8117896445826539}, {'alpha': 0.46659545670218433, 'batch_size': 219, 'beta_1': 0.9889789783750891, 'beta_2': 0.9999896868093284, 'epsilon': 2.4234724484675948e-08, 'hidden_layer_sizes': 167, 'learning_rate_init': 2.972334644335654e-05, 'tol': 0.0036281404040243792, 'validation_fraction': 0.17260651658522078}, {'alpha': 4.656005689076002, 'batch_size': 135, 'beta_1': 0.870503881627747, 'beta_2': 0.9948873266941017, 'epsilon': 2.1023308743480125e-07, 'hidden_layer_sizes': 118, 'learning_rate_init': 0.0018781738757161913, 'tol': 1.1889379831773004e-05, 'validation_fraction': 0.6264327093752792}, {'alpha': 0.04705159350400542, 'batch_size': 158, 'beta_1': 0.9870884262730957, 'beta_2': 0.9999596874382349, 'epsilon': 1.1981845126013875e-08, 'hidden_layer_sizes': 116, 'learning_rate_init': 0.00617340520407431, 'tol': 1.741413418158619e-05, 'validation_fraction': 0.6754299026638921}], [151.4971925380264, 151.42763539278994, 151.47026299046811, 136.86202504264318, 75.2055865763391])
Signature errors:
                                  0             1             2         3         4       max
MLP-adam_diabetes_mae  1.919244e-08  6.198704e-08  7.624578e-09  0.000007  0.000034  0.000034
max                    1.919244e-08  6.198704e-08  7.624578e-09  0.000007  0.000034  0.000034
starting sklearn study smoothness MLP-adam diabetes mae 15 1
with data root: None
Failure in optimizer suggest. Falling back to random search.
name 'activ' is not defined
Traceback (most recent call last):
  File "/home/ryedida/.local/lib/python3.9/site-packages/bayesmark/experiment.py", line 126, in run_study
    next_points = optimizer.suggest(n_suggestions)
  File "/home/ryedida/bbo_challenge_starter_kit/example_submissions/smoothness/optimizer.py", line 109, in suggest
    betas = [self._get_smoothness_reg(guess) for guess in guesses]
  File "/home/ryedida/bbo_challenge_starter_kit/example_submissions/smoothness/optimizer.py", line 109, in <listcomp>
    betas = [self._get_smoothness_reg(guess) for guess in guesses]
  File "/home/ryedida/bbo_challenge_starter_kit/example_submissions/smoothness/optimizer.py", line 49, in _get_smoothness_reg
    if activ > Kz:
NameError: name 'activ' is not defined
suggestion time taken 0.497241 iter 0 next_points [{'alpha': 0.00012933386201483107, 'batch_size': 74, 'beta_1': 0.9571153593016681, 'beta_2': 0.999921911587084, 'epsilon': 9.435278713181072e-08, 'hidden_layer_sizes': 173, 'learning_rate_init': 0.0005247214100526618, 'tol': 0.020698533666237293, 'validation_fraction': 0.1752084277049826}]
function_evaluation time 0.122882 value 151.142400 suggestion {'alpha': 0.00012933386201483107, 'batch_size': 74, 'beta_1': 0.9571153593016681, 'beta_2': 0.999921911587084, 'epsilon': 9.435278713181072e-08, 'hidden_layer_sizes': 173, 'learning_rate_init': 0.0005247214100526618, 'tol': 0.020698533666237293, 'validation_fraction': 0.1752084277049826}
observation time 0.000008, current best 151.142400 at iter 0
Failure in optimizer suggest. Falling back to random search.
name 'activ' is not defined
Traceback (most recent call last):
  File "/home/ryedida/.local/lib/python3.9/site-packages/bayesmark/experiment.py", line 126, in run_study
    next_points = optimizer.suggest(n_suggestions)
  File "/home/ryedida/bbo_challenge_starter_kit/example_submissions/smoothness/optimizer.py", line 109, in suggest
    betas = [self._get_smoothness_reg(guess) for guess in guesses]
  File "/home/ryedida/bbo_challenge_starter_kit/example_submissions/smoothness/optimizer.py", line 109, in <listcomp>
    betas = [self._get_smoothness_reg(guess) for guess in guesses]
  File "/home/ryedida/bbo_challenge_starter_kit/example_submissions/smoothness/optimizer.py", line 49, in _get_smoothness_reg
    if activ > Kz:
NameError: name 'activ' is not defined
suggestion time taken 0.327222 iter 1 next_points [{'alpha': 0.013909700381922302, 'batch_size': 123, 'beta_1': 0.9587190417382107, 'beta_2': 0.9369467837963463, 'epsilon': 3.043892442883487e-07, 'hidden_layer_sizes': 161, 'learning_rate_init': 0.05368268387253955, 'tol': 9.046810144286945e-05, 'validation_fraction': 0.1610978250284728}]
function_evaluation time 0.272314 value 51.221593 suggestion {'alpha': 0.013909700381922302, 'batch_size': 123, 'beta_1': 0.9587190417382107, 'beta_2': 0.9369467837963463, 'epsilon': 3.043892442883487e-07, 'hidden_layer_sizes': 161, 'learning_rate_init': 0.05368268387253955, 'tol': 9.046810144286945e-05, 'validation_fraction': 0.1610978250284728}
observation time 0.000005, current best 51.221593 at iter 1
Failure in optimizer suggest. Falling back to random search.
name 'activ' is not defined
Traceback (most recent call last):
  File "/home/ryedida/.local/lib/python3.9/site-packages/bayesmark/experiment.py", line 126, in run_study
    next_points = optimizer.suggest(n_suggestions)
  File "/home/ryedida/bbo_challenge_starter_kit/example_submissions/smoothness/optimizer.py", line 109, in suggest
    betas = [self._get_smoothness_reg(guess) for guess in guesses]
  File "/home/ryedida/bbo_challenge_starter_kit/example_submissions/smoothness/optimizer.py", line 109, in <listcomp>
    betas = [self._get_smoothness_reg(guess) for guess in guesses]
  File "/home/ryedida/bbo_challenge_starter_kit/example_submissions/smoothness/optimizer.py", line 49, in _get_smoothness_reg
    if activ > Kz:
NameError: name 'activ' is not defined
suggestion time taken 0.328948 iter 2 next_points [{'alpha': 0.05428027696959708, 'batch_size': 113, 'beta_1': 0.6071040747894074, 'beta_2': 0.9997116677673722, 'epsilon': 1.6563087169460524e-08, 'hidden_layer_sizes': 152, 'learning_rate_init': 0.048917991286145615, 'tol': 0.006397530871863305, 'validation_fraction': 0.35878344512361415}]
function_evaluation time 0.250518 value 45.313673 suggestion {'alpha': 0.05428027696959708, 'batch_size': 113, 'beta_1': 0.6071040747894074, 'beta_2': 0.9997116677673722, 'epsilon': 1.6563087169460524e-08, 'hidden_layer_sizes': 152, 'learning_rate_init': 0.048917991286145615, 'tol': 0.006397530871863305, 'validation_fraction': 0.35878344512361415}
observation time 0.000005, current best 45.313673 at iter 2
Failure in optimizer suggest. Falling back to random search.
name 'activ' is not defined
Traceback (most recent call last):
  File "/home/ryedida/.local/lib/python3.9/site-packages/bayesmark/experiment.py", line 126, in run_study
    next_points = optimizer.suggest(n_suggestions)
  File "/home/ryedida/bbo_challenge_starter_kit/example_submissions/smoothness/optimizer.py", line 109, in suggest
    betas = [self._get_smoothness_reg(guess) for guess in guesses]
  File "/home/ryedida/bbo_challenge_starter_kit/example_submissions/smoothness/optimizer.py", line 109, in <listcomp>
    betas = [self._get_smoothness_reg(guess) for guess in guesses]
  File "/home/ryedida/bbo_challenge_starter_kit/example_submissions/smoothness/optimizer.py", line 49, in _get_smoothness_reg
    if activ > Kz:
NameError: name 'activ' is not defined
suggestion time taken 0.328873 iter 3 next_points [{'alpha': 1.9237682836081305, 'batch_size': 185, 'beta_1': 0.8834324807152799, 'beta_2': 0.9999975766443128, 'epsilon': 4.034545493861575e-09, 'hidden_layer_sizes': 126, 'learning_rate_init': 0.014956013115326378, 'tol': 0.0023807107575554817, 'validation_fraction': 0.8385237034117518}]
/home/ryedida/.local/lib/python3.9/site-packages/sklearn/neural_network/_multilayer_perceptron.py:605: UserWarning: Got `batch_size` less than 1 or larger than sample size. It is going to be clipped
  warnings.warn(

function_evaluation time 0.399709 value 51.774672 suggestion {'alpha': 1.9237682836081305, 'batch_size': 185, 'beta_1': 0.8834324807152799, 'beta_2': 0.9999975766443128, 'epsilon': 4.034545493861575e-09, 'hidden_layer_sizes': 126, 'learning_rate_init': 0.014956013115326378, 'tol': 0.0023807107575554817, 'validation_fraction': 0.8385237034117518}
observation time 0.000005, current best 45.313673 at iter 3
Failure in optimizer suggest. Falling back to random search.
name 'activ' is not defined
Traceback (most recent call last):
  File "/home/ryedida/.local/lib/python3.9/site-packages/bayesmark/experiment.py", line 126, in run_study
    next_points = optimizer.suggest(n_suggestions)
  File "/home/ryedida/bbo_challenge_starter_kit/example_submissions/smoothness/optimizer.py", line 109, in suggest
    betas = [self._get_smoothness_reg(guess) for guess in guesses]
  File "/home/ryedida/bbo_challenge_starter_kit/example_submissions/smoothness/optimizer.py", line 109, in <listcomp>
    betas = [self._get_smoothness_reg(guess) for guess in guesses]
  File "/home/ryedida/bbo_challenge_starter_kit/example_submissions/smoothness/optimizer.py", line 49, in _get_smoothness_reg
    if activ > Kz:
NameError: name 'activ' is not defined
suggestion time taken 0.331123 iter 4 next_points [{'alpha': 3.6325457449967806, 'batch_size': 114, 'beta_1': 0.9217816297082884, 'beta_2': 0.9918643814662361, 'epsilon': 3.324238955152057e-08, 'hidden_layer_sizes': 66, 'learning_rate_init': 7.140916641570841e-05, 'tol': 3.292217180150122e-05, 'validation_fraction': 0.14946443575005355}]
/home/ryedida/.local/lib/python3.9/site-packages/sklearn/neural_network/_multilayer_perceptron.py:686: ConvergenceWarning: Stochastic Optimizer: Maximum iterations (200) reached and the optimization hasn't converged yet.
  warnings.warn(

function_evaluation time 0.758137 value 151.157240 suggestion {'alpha': 3.6325457449967806, 'batch_size': 114, 'beta_1': 0.9217816297082884, 'beta_2': 0.9918643814662361, 'epsilon': 3.324238955152057e-08, 'hidden_layer_sizes': 66, 'learning_rate_init': 7.140916641570841e-05, 'tol': 3.292217180150122e-05, 'validation_fraction': 0.14946443575005355}
observation time 0.000005, current best 45.313673 at iter 4
Failure in optimizer suggest. Falling back to random search.
name 'activ' is not defined
Traceback (most recent call last):
  File "/home/ryedida/.local/lib/python3.9/site-packages/bayesmark/experiment.py", line 126, in run_study
    next_points = optimizer.suggest(n_suggestions)
  File "/home/ryedida/bbo_challenge_starter_kit/example_submissions/smoothness/optimizer.py", line 109, in suggest
    betas = [self._get_smoothness_reg(guess) for guess in guesses]
  File "/home/ryedida/bbo_challenge_starter_kit/example_submissions/smoothness/optimizer.py", line 109, in <listcomp>
    betas = [self._get_smoothness_reg(guess) for guess in guesses]
  File "/home/ryedida/bbo_challenge_starter_kit/example_submissions/smoothness/optimizer.py", line 49, in _get_smoothness_reg
    if activ > Kz:
NameError: name 'activ' is not defined
suggestion time taken 0.328250 iter 5 next_points [{'alpha': 2.5045869799638908e-05, 'batch_size': 77, 'beta_1': 0.9789586076914363, 'beta_2': 0.9999908688337328, 'epsilon': 3.948244571467825e-08, 'hidden_layer_sizes': 140, 'learning_rate_init': 0.00533698508968866, 'tol': 0.00010177846123779449, 'validation_fraction': 0.3963826613944615}]
function_evaluation time 0.867663 value 51.706596 suggestion {'alpha': 2.5045869799638908e-05, 'batch_size': 77, 'beta_1': 0.9789586076914363, 'beta_2': 0.9999908688337328, 'epsilon': 3.948244571467825e-08, 'hidden_layer_sizes': 140, 'learning_rate_init': 0.00533698508968866, 'tol': 0.00010177846123779449, 'validation_fraction': 0.3963826613944615}
observation time 0.000005, current best 45.313673 at iter 5
Failure in optimizer suggest. Falling back to random search.
name 'activ' is not defined
Traceback (most recent call last):
  File "/home/ryedida/.local/lib/python3.9/site-packages/bayesmark/experiment.py", line 126, in run_study
    next_points = optimizer.suggest(n_suggestions)
  File "/home/ryedida/bbo_challenge_starter_kit/example_submissions/smoothness/optimizer.py", line 109, in suggest
    betas = [self._get_smoothness_reg(guess) for guess in guesses]
  File "/home/ryedida/bbo_challenge_starter_kit/example_submissions/smoothness/optimizer.py", line 109, in <listcomp>
    betas = [self._get_smoothness_reg(guess) for guess in guesses]
  File "/home/ryedida/bbo_challenge_starter_kit/example_submissions/smoothness/optimizer.py", line 49, in _get_smoothness_reg
    if activ > Kz:
NameError: name 'activ' is not defined
suggestion time taken 0.328077 iter 6 next_points [{'alpha': 2.302395261338589, 'batch_size': 110, 'beta_1': 0.9145619895743267, 'beta_2': 0.9971621166686578, 'epsilon': 1.722356253165674e-08, 'hidden_layer_sizes': 76, 'learning_rate_init': 0.00045068053996285266, 'tol': 0.00016413024710717824, 'validation_fraction': 0.20277157922077832}]
/home/ryedida/.local/lib/python3.9/site-packages/sklearn/neural_network/_multilayer_perceptron.py:686: ConvergenceWarning: Stochastic Optimizer: Maximum iterations (200) reached and the optimization hasn't converged yet.
  warnings.warn(

function_evaluation time 0.799214 value 145.103911 suggestion {'alpha': 2.302395261338589, 'batch_size': 110, 'beta_1': 0.9145619895743267, 'beta_2': 0.9971621166686578, 'epsilon': 1.722356253165674e-08, 'hidden_layer_sizes': 76, 'learning_rate_init': 0.00045068053996285266, 'tol': 0.00016413024710717824, 'validation_fraction': 0.20277157922077832}
observation time 0.000005, current best 45.313673 at iter 6
Failure in optimizer suggest. Falling back to random search.
name 'activ' is not defined
Traceback (most recent call last):
  File "/home/ryedida/.local/lib/python3.9/site-packages/bayesmark/experiment.py", line 126, in run_study
    next_points = optimizer.suggest(n_suggestions)
  File "/home/ryedida/bbo_challenge_starter_kit/example_submissions/smoothness/optimizer.py", line 109, in suggest
    betas = [self._get_smoothness_reg(guess) for guess in guesses]
  File "/home/ryedida/bbo_challenge_starter_kit/example_submissions/smoothness/optimizer.py", line 109, in <listcomp>
    betas = [self._get_smoothness_reg(guess) for guess in guesses]
  File "/home/ryedida/bbo_challenge_starter_kit/example_submissions/smoothness/optimizer.py", line 49, in _get_smoothness_reg
    if activ > Kz:
NameError: name 'activ' is not defined
suggestion time taken 0.459907 iter 7 next_points [{'alpha': 0.18274012460437533, 'batch_size': 238, 'beta_1': 0.9897410616672444, 'beta_2': 0.9999986439633194, 'epsilon': 9.992383316166782e-07, 'hidden_layer_sizes': 198, 'learning_rate_init': 0.00019694300054932547, 'tol': 2.7305488220005236e-05, 'validation_fraction': 0.23075912271167162}]
/home/ryedida/.local/lib/python3.9/site-packages/sklearn/neural_network/_multilayer_perceptron.py:686: ConvergenceWarning: Stochastic Optimizer: Maximum iterations (200) reached and the optimization hasn't converged yet.
  warnings.warn(

function_evaluation time 1.189376 value 150.803039 suggestion {'alpha': 0.18274012460437533, 'batch_size': 238, 'beta_1': 0.9897410616672444, 'beta_2': 0.9999986439633194, 'epsilon': 9.992383316166782e-07, 'hidden_layer_sizes': 198, 'learning_rate_init': 0.00019694300054932547, 'tol': 2.7305488220005236e-05, 'validation_fraction': 0.23075912271167162}
observation time 0.000005, current best 45.313673 at iter 7
Failure in optimizer suggest. Falling back to random search.
name 'activ' is not defined
Traceback (most recent call last):
  File "/home/ryedida/.local/lib/python3.9/site-packages/bayesmark/experiment.py", line 126, in run_study
    next_points = optimizer.suggest(n_suggestions)
  File "/home/ryedida/bbo_challenge_starter_kit/example_submissions/smoothness/optimizer.py", line 109, in suggest
    betas = [self._get_smoothness_reg(guess) for guess in guesses]
  File "/home/ryedida/bbo_challenge_starter_kit/example_submissions/smoothness/optimizer.py", line 109, in <listcomp>
    betas = [self._get_smoothness_reg(guess) for guess in guesses]
  File "/home/ryedida/bbo_challenge_starter_kit/example_submissions/smoothness/optimizer.py", line 49, in _get_smoothness_reg
    if activ > Kz:
NameError: name 'activ' is not defined
suggestion time taken 0.341972 iter 8 next_points [{'alpha': 0.0001446174202848702, 'batch_size': 215, 'beta_1': 0.8281125724690532, 'beta_2': 0.999669644313869, 'epsilon': 1.5534116751081659e-09, 'hidden_layer_sizes': 118, 'learning_rate_init': 0.018042690171432892, 'tol': 0.05391966730819137, 'validation_fraction': 0.1425731932766442}]
function_evaluation time 0.274078 value 53.371771 suggestion {'alpha': 0.0001446174202848702, 'batch_size': 215, 'beta_1': 0.8281125724690532, 'beta_2': 0.999669644313869, 'epsilon': 1.5534116751081659e-09, 'hidden_layer_sizes': 118, 'learning_rate_init': 0.018042690171432892, 'tol': 0.05391966730819137, 'validation_fraction': 0.1425731932766442}
observation time 0.000005, current best 45.313673 at iter 8
Failure in optimizer suggest. Falling back to random search.
name 'activ' is not defined
Traceback (most recent call last):
  File "/home/ryedida/.local/lib/python3.9/site-packages/bayesmark/experiment.py", line 126, in run_study
    next_points = optimizer.suggest(n_suggestions)
  File "/home/ryedida/bbo_challenge_starter_kit/example_submissions/smoothness/optimizer.py", line 109, in suggest
    betas = [self._get_smoothness_reg(guess) for guess in guesses]
  File "/home/ryedida/bbo_challenge_starter_kit/example_submissions/smoothness/optimizer.py", line 109, in <listcomp>
    betas = [self._get_smoothness_reg(guess) for guess in guesses]
  File "/home/ryedida/bbo_challenge_starter_kit/example_submissions/smoothness/optimizer.py", line 49, in _get_smoothness_reg
    if activ > Kz:
NameError: name 'activ' is not defined
suggestion time taken 0.322352 iter 9 next_points [{'alpha': 9.9053673256556, 'batch_size': 130, 'beta_1': 0.8265057104551093, 'beta_2': 0.9999480642184294, 'epsilon': 1.0983608847463198e-07, 'hidden_layer_sizes': 54, 'learning_rate_init': 0.02971002372768589, 'tol': 0.09377132829575266, 'validation_fraction': 0.21655076034907314}]
function_evaluation time 0.122675 value 52.891359 suggestion {'alpha': 9.9053673256556, 'batch_size': 130, 'beta_1': 0.8265057104551093, 'beta_2': 0.9999480642184294, 'epsilon': 1.0983608847463198e-07, 'hidden_layer_sizes': 54, 'learning_rate_init': 0.02971002372768589, 'tol': 0.09377132829575266, 'validation_fraction': 0.21655076034907314}
observation time 0.000005, current best 45.313673 at iter 9
Failure in optimizer suggest. Falling back to random search.
name 'activ' is not defined
Traceback (most recent call last):
  File "/home/ryedida/.local/lib/python3.9/site-packages/bayesmark/experiment.py", line 126, in run_study
    next_points = optimizer.suggest(n_suggestions)
  File "/home/ryedida/bbo_challenge_starter_kit/example_submissions/smoothness/optimizer.py", line 109, in suggest
    betas = [self._get_smoothness_reg(guess) for guess in guesses]
  File "/home/ryedida/bbo_challenge_starter_kit/example_submissions/smoothness/optimizer.py", line 109, in <listcomp>
    betas = [self._get_smoothness_reg(guess) for guess in guesses]
  File "/home/ryedida/bbo_challenge_starter_kit/example_submissions/smoothness/optimizer.py", line 49, in _get_smoothness_reg
    if activ > Kz:
NameError: name 'activ' is not defined
suggestion time taken 0.321733 iter 10 next_points [{'alpha': 1.0230224870755268e-05, 'batch_size': 229, 'beta_1': 0.9342880920607246, 'beta_2': 0.998829412484544, 'epsilon': 2.6721660076431896e-08, 'hidden_layer_sizes': 90, 'learning_rate_init': 3.674702991892099e-05, 'tol': 4.043714095348441e-05, 'validation_fraction': 0.8740126440675053}]
/home/ryedida/.local/lib/python3.9/site-packages/sklearn/neural_network/_multilayer_perceptron.py:605: UserWarning: Got `batch_size` less than 1 or larger than sample size. It is going to be clipped
  warnings.warn(

function_evaluation time 0.045909 value 151.526641 suggestion {'alpha': 1.0230224870755268e-05, 'batch_size': 229, 'beta_1': 0.9342880920607246, 'beta_2': 0.998829412484544, 'epsilon': 2.6721660076431896e-08, 'hidden_layer_sizes': 90, 'learning_rate_init': 3.674702991892099e-05, 'tol': 4.043714095348441e-05, 'validation_fraction': 0.8740126440675053}
observation time 0.000005, current best 45.313673 at iter 10
Failure in optimizer suggest. Falling back to random search.
name 'activ' is not defined
Traceback (most recent call last):
  File "/home/ryedida/.local/lib/python3.9/site-packages/bayesmark/experiment.py", line 126, in run_study
    next_points = optimizer.suggest(n_suggestions)
  File "/home/ryedida/bbo_challenge_starter_kit/example_submissions/smoothness/optimizer.py", line 109, in suggest
    betas = [self._get_smoothness_reg(guess) for guess in guesses]
  File "/home/ryedida/bbo_challenge_starter_kit/example_submissions/smoothness/optimizer.py", line 109, in <listcomp>
    betas = [self._get_smoothness_reg(guess) for guess in guesses]
  File "/home/ryedida/bbo_challenge_starter_kit/example_submissions/smoothness/optimizer.py", line 49, in _get_smoothness_reg
    if activ > Kz:
NameError: name 'activ' is not defined
suggestion time taken 0.323033 iter 11 next_points [{'alpha': 0.1294734811957157, 'batch_size': 49, 'beta_1': 0.982809584984119, 'beta_2': 0.9982808383564707, 'epsilon': 3.64677879879905e-08, 'hidden_layer_sizes': 177, 'learning_rate_init': 0.003991717455585646, 'tol': 0.0008277589461253282, 'validation_fraction': 0.24422607117870102}]
function_evaluation time 1.191654 value 52.600412 suggestion {'alpha': 0.1294734811957157, 'batch_size': 49, 'beta_1': 0.982809584984119, 'beta_2': 0.9982808383564707, 'epsilon': 3.64677879879905e-08, 'hidden_layer_sizes': 177, 'learning_rate_init': 0.003991717455585646, 'tol': 0.0008277589461253282, 'validation_fraction': 0.24422607117870102}
observation time 0.000005, current best 45.313673 at iter 11
Failure in optimizer suggest. Falling back to random search.
name 'activ' is not defined
Traceback (most recent call last):
  File "/home/ryedida/.local/lib/python3.9/site-packages/bayesmark/experiment.py", line 126, in run_study
    next_points = optimizer.suggest(n_suggestions)
  File "/home/ryedida/bbo_challenge_starter_kit/example_submissions/smoothness/optimizer.py", line 109, in suggest
    betas = [self._get_smoothness_reg(guess) for guess in guesses]
  File "/home/ryedida/bbo_challenge_starter_kit/example_submissions/smoothness/optimizer.py", line 109, in <listcomp>
    betas = [self._get_smoothness_reg(guess) for guess in guesses]
  File "/home/ryedida/bbo_challenge_starter_kit/example_submissions/smoothness/optimizer.py", line 49, in _get_smoothness_reg
    if activ > Kz:
NameError: name 'activ' is not defined
suggestion time taken 0.321499 iter 12 next_points [{'alpha': 0.00024100418459167225, 'batch_size': 210, 'beta_1': 0.8689283200544247, 'beta_2': 0.9999266819253637, 'epsilon': 1.1227492316085304e-09, 'hidden_layer_sizes': 167, 'learning_rate_init': 0.0021420810155428458, 'tol': 0.0005398894891774899, 'validation_fraction': 0.2728792796714902}]
/home/ryedida/.local/lib/python3.9/site-packages/sklearn/neural_network/_multilayer_perceptron.py:686: ConvergenceWarning: Stochastic Optimizer: Maximum iterations (200) reached and the optimization hasn't converged yet.
  warnings.warn(

function_evaluation time 1.046885 value 120.750141 suggestion {'alpha': 0.00024100418459167225, 'batch_size': 210, 'beta_1': 0.8689283200544247, 'beta_2': 0.9999266819253637, 'epsilon': 1.1227492316085304e-09, 'hidden_layer_sizes': 167, 'learning_rate_init': 0.0021420810155428458, 'tol': 0.0005398894891774899, 'validation_fraction': 0.2728792796714902}
observation time 0.000004, current best 45.313673 at iter 12
Failure in optimizer suggest. Falling back to random search.
name 'activ' is not defined
Traceback (most recent call last):
  File "/home/ryedida/.local/lib/python3.9/site-packages/bayesmark/experiment.py", line 126, in run_study
    next_points = optimizer.suggest(n_suggestions)
  File "/home/ryedida/bbo_challenge_starter_kit/example_submissions/smoothness/optimizer.py", line 109, in suggest
    betas = [self._get_smoothness_reg(guess) for guess in guesses]
  File "/home/ryedida/bbo_challenge_starter_kit/example_submissions/smoothness/optimizer.py", line 109, in <listcomp>
    betas = [self._get_smoothness_reg(guess) for guess in guesses]
  File "/home/ryedida/bbo_challenge_starter_kit/example_submissions/smoothness/optimizer.py", line 49, in _get_smoothness_reg
    if activ > Kz:
NameError: name 'activ' is not defined
suggestion time taken 0.313869 iter 13 next_points [{'alpha': 0.0001837536066406845, 'batch_size': 173, 'beta_1': 0.9800098808374994, 'beta_2': 0.9222080007924078, 'epsilon': 1.9499614563354927e-09, 'hidden_layer_sizes': 177, 'learning_rate_init': 1.4520722324861747e-05, 'tol': 0.03858880587115909, 'validation_fraction': 0.7827010885108373}]
/home/ryedida/.local/lib/python3.9/site-packages/sklearn/neural_network/_multilayer_perceptron.py:605: UserWarning: Got `batch_size` less than 1 or larger than sample size. It is going to be clipped
  warnings.warn(

function_evaluation time 0.057644 value 151.549832 suggestion {'alpha': 0.0001837536066406845, 'batch_size': 173, 'beta_1': 0.9800098808374994, 'beta_2': 0.9222080007924078, 'epsilon': 1.9499614563354927e-09, 'hidden_layer_sizes': 177, 'learning_rate_init': 1.4520722324861747e-05, 'tol': 0.03858880587115909, 'validation_fraction': 0.7827010885108373}
observation time 0.000006, current best 45.313673 at iter 13
Failure in optimizer suggest. Falling back to random search.
name 'activ' is not defined
Traceback (most recent call last):
  File "/home/ryedida/.local/lib/python3.9/site-packages/bayesmark/experiment.py", line 126, in run_study
    next_points = optimizer.suggest(n_suggestions)
  File "/home/ryedida/bbo_challenge_starter_kit/example_submissions/smoothness/optimizer.py", line 109, in suggest
    betas = [self._get_smoothness_reg(guess) for guess in guesses]
  File "/home/ryedida/bbo_challenge_starter_kit/example_submissions/smoothness/optimizer.py", line 109, in <listcomp>
    betas = [self._get_smoothness_reg(guess) for guess in guesses]
  File "/home/ryedida/bbo_challenge_starter_kit/example_submissions/smoothness/optimizer.py", line 49, in _get_smoothness_reg
    if activ > Kz:
NameError: name 'activ' is not defined
suggestion time taken 0.321917 iter 14 next_points [{'alpha': 2.1153290998232643, 'batch_size': 247, 'beta_1': 0.9859405155881151, 'beta_2': 0.999998245186624, 'epsilon': 1.3891134127555603e-07, 'hidden_layer_sizes': 75, 'learning_rate_init': 1.2450740203213296e-05, 'tol': 0.0073695336483235495, 'validation_fraction': 0.5559584256294484}]
/home/ryedida/.local/lib/python3.9/site-packages/sklearn/neural_network/_multilayer_perceptron.py:605: UserWarning: Got `batch_size` less than 1 or larger than sample size. It is going to be clipped
  warnings.warn(

function_evaluation time 0.051353 value 151.531447 suggestion {'alpha': 2.1153290998232643, 'batch_size': 247, 'beta_1': 0.9859405155881151, 'beta_2': 0.999998245186624, 'epsilon': 1.3891134127555603e-07, 'hidden_layer_sizes': 75, 'learning_rate_init': 1.2450740203213296e-05, 'tol': 0.0073695336483235495, 'validation_fraction': 0.5559584256294484}
observation time 0.000004, current best 45.313673 at iter 14
saving meta data: {'args': {'--uuid': 'a1777487318652fc838ae05613e3e4e0', '-db-root': '/home/ryedida/bbo_challenge_starter_kit/output', '--opt-root': '/home/ryedida/bbo_challenge_starter_kit/example_submissions', '--data-root': None, '--db': 'run_20230427_004608', '--opt': 'smoothness', '--data': 'diabetes', '--classifier': 'MLP-adam', '--metric': 'mae', '--calls': 15, '--suggestions': 1, '--jobs-file': None, '--verbose': False, 'dry_run': False, 'rev': 'a376313', 'opt_rev': 'x.x.x'}, 'signature': ([{'alpha': 0.019628224813442792, 'batch_size': 182, 'beta_1': 0.9410202200271762, 'beta_2': 0.9998021557676793, 'epsilon': 1.8662266976518e-08, 'hidden_layer_sizes': 147, 'learning_rate_init': 0.0005627932047415167, 'tol': 0.03690557729213761, 'validation_fraction': 0.8846827852548593}, {'alpha': 0.0019982467392329444, 'batch_size': 200, 'beta_1': 0.919111482530466, 'beta_2': 0.9998488260436156, 'epsilon': 5.981221901152555e-07, 'hidden_layer_sizes': 61, 'learning_rate_init': 2.2310905607443014e-05, 'tol': 1.2046852412030316e-05, 'validation_fraction': 0.8117896445826539}, {'alpha': 0.46659545670218433, 'batch_size': 219, 'beta_1': 0.9889789783750891, 'beta_2': 0.9999896868093284, 'epsilon': 2.4234724484675948e-08, 'hidden_layer_sizes': 167, 'learning_rate_init': 2.972334644335654e-05, 'tol': 0.0036281404040243792, 'validation_fraction': 0.17260651658522078}, {'alpha': 4.656005689076002, 'batch_size': 135, 'beta_1': 0.870503881627747, 'beta_2': 0.9948873266941017, 'epsilon': 2.1023308743480125e-07, 'hidden_layer_sizes': 118, 'learning_rate_init': 0.0018781738757161913, 'tol': 1.1889379831773004e-05, 'validation_fraction': 0.6264327093752792}, {'alpha': 0.04705159350400542, 'batch_size': 158, 'beta_1': 0.9870884262730957, 'beta_2': 0.9999596874382349, 'epsilon': 1.1981845126013875e-08, 'hidden_layer_sizes': 116, 'learning_rate_init': 0.00617340520407431, 'tol': 1.741413418158619e-05, 'validation_fraction': 0.6754299026638921}], [151.4971925380264, 151.42763539278994, 151.47026299046811, 136.86202504264318, 75.2055865763391])}
saving results
saving timing
saving suggest log
done
