running: {'--uuid': 'aabd180d0b8e5a2380a34457dd3634e5', '-db-root': '/home/ryedida/bbo_challenge_starter_kit/output', '--opt-root': '/home/ryedida/bbo_challenge_starter_kit/example_submissions', '--data-root': None, '--db': 'run_20230427_004608', '--opt': 'smoothness', '--data': 'diabetes', '--classifier': 'MLP-adam', '--metric': 'mae', '--calls': 15, '--suggestions': 1, '--jobs-file': None, '--verbose': False, 'dry_run': False, 'rev': 'a376313', 'opt_rev': 'x.x.x'}
cmd: python smoothness/optimizer.py -c MLP-adam -d diabetes -o smoothness -u aabd180d0b8e5a2380a34457dd3634e5 -m mae -n 15 -p 1 -dir /home/ryedida/bbo_challenge_starter_kit/output -b run_20230427_004608
/home/ryedida/.local/lib/python3.9/site-packages/sklearn/neural_network/_multilayer_perceptron.py:605: UserWarning: Got `batch_size` less than 1 or larger than sample size. It is going to be clipped
  warnings.warn(

/home/ryedida/.local/lib/python3.9/site-packages/sklearn/neural_network/_multilayer_perceptron.py:605: UserWarning: Got `batch_size` less than 1 or larger than sample size. It is going to be clipped
  warnings.warn(

/home/ryedida/.local/lib/python3.9/site-packages/sklearn/neural_network/_multilayer_perceptron.py:605: UserWarning: Got `batch_size` less than 1 or larger than sample size. It is going to be clipped
  warnings.warn(

/home/ryedida/.local/lib/python3.9/site-packages/sklearn/neural_network/_multilayer_perceptron.py:686: ConvergenceWarning: Stochastic Optimizer: Maximum iterations (200) reached and the optimization hasn't converged yet.
  warnings.warn(

/home/ryedida/.local/lib/python3.9/site-packages/sklearn/neural_network/_multilayer_perceptron.py:605: UserWarning: Got `batch_size` less than 1 or larger than sample size. It is going to be clipped
  warnings.warn(

/home/ryedida/.local/lib/python3.9/site-packages/sklearn/neural_network/_multilayer_perceptron.py:686: ConvergenceWarning: Stochastic Optimizer: Maximum iterations (200) reached and the optimization hasn't converged yet.
  warnings.warn(

computed signature: ([{'alpha': 0.019628224813442792, 'batch_size': 182, 'beta_1': 0.9410202200271762, 'beta_2': 0.9998021557676793, 'epsilon': 1.8662266976518e-08, 'hidden_layer_sizes': 147, 'learning_rate_init': 0.0005627932047415167, 'tol': 0.03690557729213761, 'validation_fraction': 0.8846827852548593}, {'alpha': 0.0019982467392329444, 'batch_size': 200, 'beta_1': 0.919111482530466, 'beta_2': 0.9998488260436156, 'epsilon': 5.981221901152555e-07, 'hidden_layer_sizes': 61, 'learning_rate_init': 2.2310905607443014e-05, 'tol': 1.2046852412030316e-05, 'validation_fraction': 0.8117896445826539}, {'alpha': 0.46659545670218433, 'batch_size': 219, 'beta_1': 0.9889789783750891, 'beta_2': 0.9999896868093284, 'epsilon': 2.4234724484675948e-08, 'hidden_layer_sizes': 167, 'learning_rate_init': 2.972334644335654e-05, 'tol': 0.0036281404040243792, 'validation_fraction': 0.17260651658522078}, {'alpha': 4.656005689076002, 'batch_size': 135, 'beta_1': 0.870503881627747, 'beta_2': 0.9948873266941017, 'epsilon': 2.1023308743480125e-07, 'hidden_layer_sizes': 118, 'learning_rate_init': 0.0018781738757161913, 'tol': 1.1889379831773004e-05, 'validation_fraction': 0.6264327093752792}, {'alpha': 0.04705159350400542, 'batch_size': 158, 'beta_1': 0.9870884262730957, 'beta_2': 0.9999596874382349, 'epsilon': 1.1981845126013875e-08, 'hidden_layer_sizes': 116, 'learning_rate_init': 0.00617340520407431, 'tol': 1.741413418158619e-05, 'validation_fraction': 0.6754299026638921}], [151.4971925380264, 151.42763539278994, 151.47026299046811, 136.86202504264318, 75.2055865763391])
Signature errors:
                                  0             1             2         3         4       max
MLP-adam_diabetes_mae  1.919244e-08  6.198704e-08  7.624578e-09  0.000007  0.000034  0.000034
max                    1.919244e-08  6.198704e-08  7.624578e-09  0.000007  0.000034  0.000034
starting sklearn study smoothness MLP-adam diabetes mae 15 1
with data root: None
Failure in optimizer suggest. Falling back to random search.
name 'activ' is not defined
Traceback (most recent call last):
  File "/home/ryedida/.local/lib/python3.9/site-packages/bayesmark/experiment.py", line 126, in run_study
    next_points = optimizer.suggest(n_suggestions)
  File "/home/ryedida/bbo_challenge_starter_kit/example_submissions/smoothness/optimizer.py", line 109, in suggest
    betas = [self._get_smoothness_reg(guess) for guess in guesses]
  File "/home/ryedida/bbo_challenge_starter_kit/example_submissions/smoothness/optimizer.py", line 109, in <listcomp>
    betas = [self._get_smoothness_reg(guess) for guess in guesses]
  File "/home/ryedida/bbo_challenge_starter_kit/example_submissions/smoothness/optimizer.py", line 49, in _get_smoothness_reg
    if activ > Kz:
NameError: name 'activ' is not defined
suggestion time taken 0.495983 iter 0 next_points [{'alpha': 0.01079298305932672, 'batch_size': 197, 'beta_1': 0.9448302275125608, 'beta_2': 0.9998626624992185, 'epsilon': 2.4560136556658138e-08, 'hidden_layer_sizes': 112, 'learning_rate_init': 0.0204971496409502, 'tol': 0.059758489813577634, 'validation_fraction': 0.11212050878787916}]
function_evaluation time 0.277323 value 55.337061 suggestion {'alpha': 0.01079298305932672, 'batch_size': 197, 'beta_1': 0.9448302275125608, 'beta_2': 0.9998626624992185, 'epsilon': 2.4560136556658138e-08, 'hidden_layer_sizes': 112, 'learning_rate_init': 0.0204971496409502, 'tol': 0.059758489813577634, 'validation_fraction': 0.11212050878787916}
observation time 0.000007, current best 55.337061 at iter 0
Failure in optimizer suggest. Falling back to random search.
name 'activ' is not defined
Traceback (most recent call last):
  File "/home/ryedida/.local/lib/python3.9/site-packages/bayesmark/experiment.py", line 126, in run_study
    next_points = optimizer.suggest(n_suggestions)
  File "/home/ryedida/bbo_challenge_starter_kit/example_submissions/smoothness/optimizer.py", line 109, in suggest
    betas = [self._get_smoothness_reg(guess) for guess in guesses]
  File "/home/ryedida/bbo_challenge_starter_kit/example_submissions/smoothness/optimizer.py", line 109, in <listcomp>
    betas = [self._get_smoothness_reg(guess) for guess in guesses]
  File "/home/ryedida/bbo_challenge_starter_kit/example_submissions/smoothness/optimizer.py", line 49, in _get_smoothness_reg
    if activ > Kz:
NameError: name 'activ' is not defined
suggestion time taken 0.340347 iter 1 next_points [{'alpha': 0.0014319817944791619, 'batch_size': 71, 'beta_1': 0.9594641355097394, 'beta_2': 0.9999965489280086, 'epsilon': 2.285281077623173e-09, 'hidden_layer_sizes': 64, 'learning_rate_init': 0.0005316790170318394, 'tol': 0.006864900127320232, 'validation_fraction': 0.7469769150341664}]
function_evaluation time 0.046462 value 151.527685 suggestion {'alpha': 0.0014319817944791619, 'batch_size': 71, 'beta_1': 0.9594641355097394, 'beta_2': 0.9999965489280086, 'epsilon': 2.285281077623173e-09, 'hidden_layer_sizes': 64, 'learning_rate_init': 0.0005316790170318394, 'tol': 0.006864900127320232, 'validation_fraction': 0.7469769150341664}
observation time 0.000006, current best 55.337061 at iter 1
Failure in optimizer suggest. Falling back to random search.
name 'activ' is not defined
Traceback (most recent call last):
  File "/home/ryedida/.local/lib/python3.9/site-packages/bayesmark/experiment.py", line 126, in run_study
    next_points = optimizer.suggest(n_suggestions)
  File "/home/ryedida/bbo_challenge_starter_kit/example_submissions/smoothness/optimizer.py", line 109, in suggest
    betas = [self._get_smoothness_reg(guess) for guess in guesses]
  File "/home/ryedida/bbo_challenge_starter_kit/example_submissions/smoothness/optimizer.py", line 109, in <listcomp>
    betas = [self._get_smoothness_reg(guess) for guess in guesses]
  File "/home/ryedida/bbo_challenge_starter_kit/example_submissions/smoothness/optimizer.py", line 49, in _get_smoothness_reg
    if activ > Kz:
NameError: name 'activ' is not defined
suggestion time taken 0.331185 iter 2 next_points [{'alpha': 0.04057229955208771, 'batch_size': 71, 'beta_1': 0.7756878462188189, 'beta_2': 0.9999982700476509, 'epsilon': 9.1597688189294e-09, 'hidden_layer_sizes': 95, 'learning_rate_init': 0.0022387774676923544, 'tol': 2.0575629658798177e-05, 'validation_fraction': 0.6978516806023166}]
/home/ryedida/.local/lib/python3.9/site-packages/sklearn/neural_network/_multilayer_perceptron.py:686: ConvergenceWarning: Stochastic Optimizer: Maximum iterations (200) reached and the optimization hasn't converged yet.
  warnings.warn(

function_evaluation time 0.855149 value 81.943942 suggestion {'alpha': 0.04057229955208771, 'batch_size': 71, 'beta_1': 0.7756878462188189, 'beta_2': 0.9999982700476509, 'epsilon': 9.1597688189294e-09, 'hidden_layer_sizes': 95, 'learning_rate_init': 0.0022387774676923544, 'tol': 2.0575629658798177e-05, 'validation_fraction': 0.6978516806023166}
observation time 0.000006, current best 55.337061 at iter 2
Failure in optimizer suggest. Falling back to random search.
name 'activ' is not defined
Traceback (most recent call last):
  File "/home/ryedida/.local/lib/python3.9/site-packages/bayesmark/experiment.py", line 126, in run_study
    next_points = optimizer.suggest(n_suggestions)
  File "/home/ryedida/bbo_challenge_starter_kit/example_submissions/smoothness/optimizer.py", line 109, in suggest
    betas = [self._get_smoothness_reg(guess) for guess in guesses]
  File "/home/ryedida/bbo_challenge_starter_kit/example_submissions/smoothness/optimizer.py", line 109, in <listcomp>
    betas = [self._get_smoothness_reg(guess) for guess in guesses]
  File "/home/ryedida/bbo_challenge_starter_kit/example_submissions/smoothness/optimizer.py", line 49, in _get_smoothness_reg
    if activ > Kz:
NameError: name 'activ' is not defined
suggestion time taken 0.326192 iter 3 next_points [{'alpha': 0.05756790110467991, 'batch_size': 119, 'beta_1': 0.9871064905293679, 'beta_2': 0.9993495003738098, 'epsilon': 3.946031931211461e-07, 'hidden_layer_sizes': 116, 'learning_rate_init': 5.866439893558669e-05, 'tol': 0.0034993594446188258, 'validation_fraction': 0.29572280190473205}]
function_evaluation time 0.074833 value 151.497540 suggestion {'alpha': 0.05756790110467991, 'batch_size': 119, 'beta_1': 0.9871064905293679, 'beta_2': 0.9993495003738098, 'epsilon': 3.946031931211461e-07, 'hidden_layer_sizes': 116, 'learning_rate_init': 5.866439893558669e-05, 'tol': 0.0034993594446188258, 'validation_fraction': 0.29572280190473205}
observation time 0.000007, current best 55.337061 at iter 3
Failure in optimizer suggest. Falling back to random search.
name 'activ' is not defined
Traceback (most recent call last):
  File "/home/ryedida/.local/lib/python3.9/site-packages/bayesmark/experiment.py", line 126, in run_study
    next_points = optimizer.suggest(n_suggestions)
  File "/home/ryedida/bbo_challenge_starter_kit/example_submissions/smoothness/optimizer.py", line 109, in suggest
    betas = [self._get_smoothness_reg(guess) for guess in guesses]
  File "/home/ryedida/bbo_challenge_starter_kit/example_submissions/smoothness/optimizer.py", line 109, in <listcomp>
    betas = [self._get_smoothness_reg(guess) for guess in guesses]
  File "/home/ryedida/bbo_challenge_starter_kit/example_submissions/smoothness/optimizer.py", line 49, in _get_smoothness_reg
    if activ > Kz:
NameError: name 'activ' is not defined
suggestion time taken 0.328591 iter 4 next_points [{'alpha': 0.0013241945768813024, 'batch_size': 40, 'beta_1': 0.5021690078565032, 'beta_2': 0.9997827730512125, 'epsilon': 6.942778434742074e-09, 'hidden_layer_sizes': 86, 'learning_rate_init': 0.02890355601363954, 'tol': 4.3757245373328455e-05, 'validation_fraction': 0.7613957991781507}]
function_evaluation time 0.549010 value 45.749857 suggestion {'alpha': 0.0013241945768813024, 'batch_size': 40, 'beta_1': 0.5021690078565032, 'beta_2': 0.9997827730512125, 'epsilon': 6.942778434742074e-09, 'hidden_layer_sizes': 86, 'learning_rate_init': 0.02890355601363954, 'tol': 4.3757245373328455e-05, 'validation_fraction': 0.7613957991781507}
observation time 0.000006, current best 45.749857 at iter 4
Failure in optimizer suggest. Falling back to random search.
name 'activ' is not defined
Traceback (most recent call last):
  File "/home/ryedida/.local/lib/python3.9/site-packages/bayesmark/experiment.py", line 126, in run_study
    next_points = optimizer.suggest(n_suggestions)
  File "/home/ryedida/bbo_challenge_starter_kit/example_submissions/smoothness/optimizer.py", line 109, in suggest
    betas = [self._get_smoothness_reg(guess) for guess in guesses]
  File "/home/ryedida/bbo_challenge_starter_kit/example_submissions/smoothness/optimizer.py", line 109, in <listcomp>
    betas = [self._get_smoothness_reg(guess) for guess in guesses]
  File "/home/ryedida/bbo_challenge_starter_kit/example_submissions/smoothness/optimizer.py", line 49, in _get_smoothness_reg
    if activ > Kz:
NameError: name 'activ' is not defined
suggestion time taken 0.326668 iter 5 next_points [{'alpha': 0.05825965153891335, 'batch_size': 38, 'beta_1': 0.9730840877776761, 'beta_2': 0.9998211896295556, 'epsilon': 3.5404898751900758e-09, 'hidden_layer_sizes': 121, 'learning_rate_init': 8.630197077641468e-05, 'tol': 0.007158966563579676, 'validation_fraction': 0.39987043358370694}]
function_evaluation time 0.108352 value 151.405038 suggestion {'alpha': 0.05825965153891335, 'batch_size': 38, 'beta_1': 0.9730840877776761, 'beta_2': 0.9998211896295556, 'epsilon': 3.5404898751900758e-09, 'hidden_layer_sizes': 121, 'learning_rate_init': 8.630197077641468e-05, 'tol': 0.007158966563579676, 'validation_fraction': 0.39987043358370694}
observation time 0.000007, current best 45.749857 at iter 5
Failure in optimizer suggest. Falling back to random search.
name 'activ' is not defined
Traceback (most recent call last):
  File "/home/ryedida/.local/lib/python3.9/site-packages/bayesmark/experiment.py", line 126, in run_study
    next_points = optimizer.suggest(n_suggestions)
  File "/home/ryedida/bbo_challenge_starter_kit/example_submissions/smoothness/optimizer.py", line 109, in suggest
    betas = [self._get_smoothness_reg(guess) for guess in guesses]
  File "/home/ryedida/bbo_challenge_starter_kit/example_submissions/smoothness/optimizer.py", line 109, in <listcomp>
    betas = [self._get_smoothness_reg(guess) for guess in guesses]
  File "/home/ryedida/bbo_challenge_starter_kit/example_submissions/smoothness/optimizer.py", line 49, in _get_smoothness_reg
    if activ > Kz:
NameError: name 'activ' is not defined
suggestion time taken 0.327337 iter 6 next_points [{'alpha': 0.17722171553574897, 'batch_size': 55, 'beta_1': 0.9806979429083896, 'beta_2': 0.999955432730856, 'epsilon': 3.924124795903728e-09, 'hidden_layer_sizes': 59, 'learning_rate_init': 0.0012959343981472004, 'tol': 0.05780484260183301, 'validation_fraction': 0.148352658887606}]
function_evaluation time 0.067761 value 150.673169 suggestion {'alpha': 0.17722171553574897, 'batch_size': 55, 'beta_1': 0.9806979429083896, 'beta_2': 0.999955432730856, 'epsilon': 3.924124795903728e-09, 'hidden_layer_sizes': 59, 'learning_rate_init': 0.0012959343981472004, 'tol': 0.05780484260183301, 'validation_fraction': 0.148352658887606}
observation time 0.000006, current best 45.749857 at iter 6
Failure in optimizer suggest. Falling back to random search.
name 'activ' is not defined
Traceback (most recent call last):
  File "/home/ryedida/.local/lib/python3.9/site-packages/bayesmark/experiment.py", line 126, in run_study
    next_points = optimizer.suggest(n_suggestions)
  File "/home/ryedida/bbo_challenge_starter_kit/example_submissions/smoothness/optimizer.py", line 109, in suggest
    betas = [self._get_smoothness_reg(guess) for guess in guesses]
  File "/home/ryedida/bbo_challenge_starter_kit/example_submissions/smoothness/optimizer.py", line 109, in <listcomp>
    betas = [self._get_smoothness_reg(guess) for guess in guesses]
  File "/home/ryedida/bbo_challenge_starter_kit/example_submissions/smoothness/optimizer.py", line 49, in _get_smoothness_reg
    if activ > Kz:
NameError: name 'activ' is not defined
suggestion time taken 0.461531 iter 7 next_points [{'alpha': 4.99289345195116, 'batch_size': 100, 'beta_1': 0.784114116574293, 'beta_2': 0.9997331652415852, 'epsilon': 3.1833155433245644e-08, 'hidden_layer_sizes': 148, 'learning_rate_init': 0.0012061330646398658, 'tol': 0.006071349942076007, 'validation_fraction': 0.3154865099080949}]
function_evaluation time 0.085514 value 151.106242 suggestion {'alpha': 4.99289345195116, 'batch_size': 100, 'beta_1': 0.784114116574293, 'beta_2': 0.9997331652415852, 'epsilon': 3.1833155433245644e-08, 'hidden_layer_sizes': 148, 'learning_rate_init': 0.0012061330646398658, 'tol': 0.006071349942076007, 'validation_fraction': 0.3154865099080949}
observation time 0.000007, current best 45.749857 at iter 7
Failure in optimizer suggest. Falling back to random search.
name 'activ' is not defined
Traceback (most recent call last):
  File "/home/ryedida/.local/lib/python3.9/site-packages/bayesmark/experiment.py", line 126, in run_study
    next_points = optimizer.suggest(n_suggestions)
  File "/home/ryedida/bbo_challenge_starter_kit/example_submissions/smoothness/optimizer.py", line 109, in suggest
    betas = [self._get_smoothness_reg(guess) for guess in guesses]
  File "/home/ryedida/bbo_challenge_starter_kit/example_submissions/smoothness/optimizer.py", line 109, in <listcomp>
    betas = [self._get_smoothness_reg(guess) for guess in guesses]
  File "/home/ryedida/bbo_challenge_starter_kit/example_submissions/smoothness/optimizer.py", line 49, in _get_smoothness_reg
    if activ > Kz:
NameError: name 'activ' is not defined
suggestion time taken 0.322150 iter 8 next_points [{'alpha': 0.016192006857071065, 'batch_size': 52, 'beta_1': 0.9840259920434938, 'beta_2': 0.9356729370305346, 'epsilon': 7.81019528045256e-08, 'hidden_layer_sizes': 149, 'learning_rate_init': 1.648072639629656e-05, 'tol': 0.0019243443960731523, 'validation_fraction': 0.8854938855325928}]
/home/ryedida/.local/lib/python3.9/site-packages/sklearn/neural_network/_multilayer_perceptron.py:605: UserWarning: Got `batch_size` less than 1 or larger than sample size. It is going to be clipped
  warnings.warn(

function_evaluation time 0.053059 value 151.646541 suggestion {'alpha': 0.016192006857071065, 'batch_size': 52, 'beta_1': 0.9840259920434938, 'beta_2': 0.9356729370305346, 'epsilon': 7.81019528045256e-08, 'hidden_layer_sizes': 149, 'learning_rate_init': 1.648072639629656e-05, 'tol': 0.0019243443960731523, 'validation_fraction': 0.8854938855325928}
observation time 0.000006, current best 45.749857 at iter 8
Failure in optimizer suggest. Falling back to random search.
name 'activ' is not defined
Traceback (most recent call last):
  File "/home/ryedida/.local/lib/python3.9/site-packages/bayesmark/experiment.py", line 126, in run_study
    next_points = optimizer.suggest(n_suggestions)
  File "/home/ryedida/bbo_challenge_starter_kit/example_submissions/smoothness/optimizer.py", line 109, in suggest
    betas = [self._get_smoothness_reg(guess) for guess in guesses]
  File "/home/ryedida/bbo_challenge_starter_kit/example_submissions/smoothness/optimizer.py", line 109, in <listcomp>
    betas = [self._get_smoothness_reg(guess) for guess in guesses]
  File "/home/ryedida/bbo_challenge_starter_kit/example_submissions/smoothness/optimizer.py", line 49, in _get_smoothness_reg
    if activ > Kz:
NameError: name 'activ' is not defined
suggestion time taken 0.323411 iter 9 next_points [{'alpha': 0.0007259945031067487, 'batch_size': 70, 'beta_1': 0.9260958752647562, 'beta_2': 0.9999987999767342, 'epsilon': 3.438123590669987e-07, 'hidden_layer_sizes': 148, 'learning_rate_init': 0.0006863056725288948, 'tol': 7.808263262545e-05, 'validation_fraction': 0.6643695626853652}]
/home/ryedida/.local/lib/python3.9/site-packages/sklearn/neural_network/_multilayer_perceptron.py:686: ConvergenceWarning: Stochastic Optimizer: Maximum iterations (200) reached and the optimization hasn't converged yet.
  warnings.warn(

function_evaluation time 1.021340 value 139.548736 suggestion {'alpha': 0.0007259945031067487, 'batch_size': 70, 'beta_1': 0.9260958752647562, 'beta_2': 0.9999987999767342, 'epsilon': 3.438123590669987e-07, 'hidden_layer_sizes': 148, 'learning_rate_init': 0.0006863056725288948, 'tol': 7.808263262545e-05, 'validation_fraction': 0.6643695626853652}
observation time 0.000006, current best 45.749857 at iter 9
Failure in optimizer suggest. Falling back to random search.
name 'activ' is not defined
Traceback (most recent call last):
  File "/home/ryedida/.local/lib/python3.9/site-packages/bayesmark/experiment.py", line 126, in run_study
    next_points = optimizer.suggest(n_suggestions)
  File "/home/ryedida/bbo_challenge_starter_kit/example_submissions/smoothness/optimizer.py", line 109, in suggest
    betas = [self._get_smoothness_reg(guess) for guess in guesses]
  File "/home/ryedida/bbo_challenge_starter_kit/example_submissions/smoothness/optimizer.py", line 109, in <listcomp>
    betas = [self._get_smoothness_reg(guess) for guess in guesses]
  File "/home/ryedida/bbo_challenge_starter_kit/example_submissions/smoothness/optimizer.py", line 49, in _get_smoothness_reg
    if activ > Kz:
NameError: name 'activ' is not defined
suggestion time taken 0.321061 iter 10 next_points [{'alpha': 0.010966645961010957, 'batch_size': 108, 'beta_1': 0.5138596667262006, 'beta_2': 0.9997769388004892, 'epsilon': 7.841661871034224e-09, 'hidden_layer_sizes': 132, 'learning_rate_init': 0.024895566411970722, 'tol': 0.007074370238756112, 'validation_fraction': 0.7893610380384113}]
/home/ryedida/.local/lib/python3.9/site-packages/sklearn/neural_network/_multilayer_perceptron.py:605: UserWarning: Got `batch_size` less than 1 or larger than sample size. It is going to be clipped
  warnings.warn(

function_evaluation time 0.249178 value 51.010275 suggestion {'alpha': 0.010966645961010957, 'batch_size': 108, 'beta_1': 0.5138596667262006, 'beta_2': 0.9997769388004892, 'epsilon': 7.841661871034224e-09, 'hidden_layer_sizes': 132, 'learning_rate_init': 0.024895566411970722, 'tol': 0.007074370238756112, 'validation_fraction': 0.7893610380384113}
observation time 0.000007, current best 45.749857 at iter 10
Failure in optimizer suggest. Falling back to random search.
name 'activ' is not defined
Traceback (most recent call last):
  File "/home/ryedida/.local/lib/python3.9/site-packages/bayesmark/experiment.py", line 126, in run_study
    next_points = optimizer.suggest(n_suggestions)
  File "/home/ryedida/bbo_challenge_starter_kit/example_submissions/smoothness/optimizer.py", line 109, in suggest
    betas = [self._get_smoothness_reg(guess) for guess in guesses]
  File "/home/ryedida/bbo_challenge_starter_kit/example_submissions/smoothness/optimizer.py", line 109, in <listcomp>
    betas = [self._get_smoothness_reg(guess) for guess in guesses]
  File "/home/ryedida/bbo_challenge_starter_kit/example_submissions/smoothness/optimizer.py", line 49, in _get_smoothness_reg
    if activ > Kz:
NameError: name 'activ' is not defined
suggestion time taken 0.324660 iter 11 next_points [{'alpha': 0.06293873367317158, 'batch_size': 138, 'beta_1': 0.9342334414341629, 'beta_2': 0.9875059332353567, 'epsilon': 3.6916533235485565e-09, 'hidden_layer_sizes': 92, 'learning_rate_init': 0.0011430348303654073, 'tol': 3.17154709174105e-05, 'validation_fraction': 0.8193721483525062}]
/home/ryedida/.local/lib/python3.9/site-packages/sklearn/neural_network/_multilayer_perceptron.py:605: UserWarning: Got `batch_size` less than 1 or larger than sample size. It is going to be clipped
  warnings.warn(

/home/ryedida/.local/lib/python3.9/site-packages/sklearn/neural_network/_multilayer_perceptron.py:686: ConvergenceWarning: Stochastic Optimizer: Maximum iterations (200) reached and the optimization hasn't converged yet.
  warnings.warn(

function_evaluation time 0.646371 value 147.233930 suggestion {'alpha': 0.06293873367317158, 'batch_size': 138, 'beta_1': 0.9342334414341629, 'beta_2': 0.9875059332353567, 'epsilon': 3.6916533235485565e-09, 'hidden_layer_sizes': 92, 'learning_rate_init': 0.0011430348303654073, 'tol': 3.17154709174105e-05, 'validation_fraction': 0.8193721483525062}
observation time 0.000006, current best 45.749857 at iter 11
Failure in optimizer suggest. Falling back to random search.
name 'activ' is not defined
Traceback (most recent call last):
  File "/home/ryedida/.local/lib/python3.9/site-packages/bayesmark/experiment.py", line 126, in run_study
    next_points = optimizer.suggest(n_suggestions)
  File "/home/ryedida/bbo_challenge_starter_kit/example_submissions/smoothness/optimizer.py", line 109, in suggest
    betas = [self._get_smoothness_reg(guess) for guess in guesses]
  File "/home/ryedida/bbo_challenge_starter_kit/example_submissions/smoothness/optimizer.py", line 109, in <listcomp>
    betas = [self._get_smoothness_reg(guess) for guess in guesses]
  File "/home/ryedida/bbo_challenge_starter_kit/example_submissions/smoothness/optimizer.py", line 49, in _get_smoothness_reg
    if activ > Kz:
NameError: name 'activ' is not defined
suggestion time taken 0.325317 iter 12 next_points [{'alpha': 0.020860993361159125, 'batch_size': 140, 'beta_1': 0.9810210615071631, 'beta_2': 0.9999294231870108, 'epsilon': 2.8155639983276643e-09, 'hidden_layer_sizes': 50, 'learning_rate_init': 0.0010945580223596996, 'tol': 0.013765136661140456, 'validation_fraction': 0.3979436118039465}]
function_evaluation time 0.041422 value 151.530816 suggestion {'alpha': 0.020860993361159125, 'batch_size': 140, 'beta_1': 0.9810210615071631, 'beta_2': 0.9999294231870108, 'epsilon': 2.8155639983276643e-09, 'hidden_layer_sizes': 50, 'learning_rate_init': 0.0010945580223596996, 'tol': 0.013765136661140456, 'validation_fraction': 0.3979436118039465}
observation time 0.000006, current best 45.749857 at iter 12
Failure in optimizer suggest. Falling back to random search.
name 'activ' is not defined
Traceback (most recent call last):
  File "/home/ryedida/.local/lib/python3.9/site-packages/bayesmark/experiment.py", line 126, in run_study
    next_points = optimizer.suggest(n_suggestions)
  File "/home/ryedida/bbo_challenge_starter_kit/example_submissions/smoothness/optimizer.py", line 109, in suggest
    betas = [self._get_smoothness_reg(guess) for guess in guesses]
  File "/home/ryedida/bbo_challenge_starter_kit/example_submissions/smoothness/optimizer.py", line 109, in <listcomp>
    betas = [self._get_smoothness_reg(guess) for guess in guesses]
  File "/home/ryedida/bbo_challenge_starter_kit/example_submissions/smoothness/optimizer.py", line 49, in _get_smoothness_reg
    if activ > Kz:
NameError: name 'activ' is not defined
suggestion time taken 0.322812 iter 13 next_points [{'alpha': 0.004438221104415962, 'batch_size': 179, 'beta_1': 0.9260054005979084, 'beta_2': 0.9999981737518319, 'epsilon': 7.655295735849715e-09, 'hidden_layer_sizes': 151, 'learning_rate_init': 0.0004072413919740939, 'tol': 0.0033021055501452415, 'validation_fraction': 0.14201665926332918}]
function_evaluation time 0.087713 value 151.571221 suggestion {'alpha': 0.004438221104415962, 'batch_size': 179, 'beta_1': 0.9260054005979084, 'beta_2': 0.9999981737518319, 'epsilon': 7.655295735849715e-09, 'hidden_layer_sizes': 151, 'learning_rate_init': 0.0004072413919740939, 'tol': 0.0033021055501452415, 'validation_fraction': 0.14201665926332918}
observation time 0.000006, current best 45.749857 at iter 13
Failure in optimizer suggest. Falling back to random search.
name 'activ' is not defined
Traceback (most recent call last):
  File "/home/ryedida/.local/lib/python3.9/site-packages/bayesmark/experiment.py", line 126, in run_study
    next_points = optimizer.suggest(n_suggestions)
  File "/home/ryedida/bbo_challenge_starter_kit/example_submissions/smoothness/optimizer.py", line 109, in suggest
    betas = [self._get_smoothness_reg(guess) for guess in guesses]
  File "/home/ryedida/bbo_challenge_starter_kit/example_submissions/smoothness/optimizer.py", line 109, in <listcomp>
    betas = [self._get_smoothness_reg(guess) for guess in guesses]
  File "/home/ryedida/bbo_challenge_starter_kit/example_submissions/smoothness/optimizer.py", line 49, in _get_smoothness_reg
    if activ > Kz:
NameError: name 'activ' is not defined
suggestion time taken 0.325511 iter 14 next_points [{'alpha': 0.0008424788043447406, 'batch_size': 85, 'beta_1': 0.6697267927898856, 'beta_2': 0.9998504366933191, 'epsilon': 6.621096943955025e-07, 'hidden_layer_sizes': 134, 'learning_rate_init': 0.00075771303346091, 'tol': 1.8201134038651507e-05, 'validation_fraction': 0.6357373159855562}]
/home/ryedida/.local/lib/python3.9/site-packages/sklearn/neural_network/_multilayer_perceptron.py:686: ConvergenceWarning: Stochastic Optimizer: Maximum iterations (200) reached and the optimization hasn't converged yet.
  warnings.warn(

function_evaluation time 1.023197 value 138.519475 suggestion {'alpha': 0.0008424788043447406, 'batch_size': 85, 'beta_1': 0.6697267927898856, 'beta_2': 0.9998504366933191, 'epsilon': 6.621096943955025e-07, 'hidden_layer_sizes': 134, 'learning_rate_init': 0.00075771303346091, 'tol': 1.8201134038651507e-05, 'validation_fraction': 0.6357373159855562}
observation time 0.000006, current best 45.749857 at iter 14
saving meta data: {'args': {'--uuid': 'aabd180d0b8e5a2380a34457dd3634e5', '-db-root': '/home/ryedida/bbo_challenge_starter_kit/output', '--opt-root': '/home/ryedida/bbo_challenge_starter_kit/example_submissions', '--data-root': None, '--db': 'run_20230427_004608', '--opt': 'smoothness', '--data': 'diabetes', '--classifier': 'MLP-adam', '--metric': 'mae', '--calls': 15, '--suggestions': 1, '--jobs-file': None, '--verbose': False, 'dry_run': False, 'rev': 'a376313', 'opt_rev': 'x.x.x'}, 'signature': ([{'alpha': 0.019628224813442792, 'batch_size': 182, 'beta_1': 0.9410202200271762, 'beta_2': 0.9998021557676793, 'epsilon': 1.8662266976518e-08, 'hidden_layer_sizes': 147, 'learning_rate_init': 0.0005627932047415167, 'tol': 0.03690557729213761, 'validation_fraction': 0.8846827852548593}, {'alpha': 0.0019982467392329444, 'batch_size': 200, 'beta_1': 0.919111482530466, 'beta_2': 0.9998488260436156, 'epsilon': 5.981221901152555e-07, 'hidden_layer_sizes': 61, 'learning_rate_init': 2.2310905607443014e-05, 'tol': 1.2046852412030316e-05, 'validation_fraction': 0.8117896445826539}, {'alpha': 0.46659545670218433, 'batch_size': 219, 'beta_1': 0.9889789783750891, 'beta_2': 0.9999896868093284, 'epsilon': 2.4234724484675948e-08, 'hidden_layer_sizes': 167, 'learning_rate_init': 2.972334644335654e-05, 'tol': 0.0036281404040243792, 'validation_fraction': 0.17260651658522078}, {'alpha': 4.656005689076002, 'batch_size': 135, 'beta_1': 0.870503881627747, 'beta_2': 0.9948873266941017, 'epsilon': 2.1023308743480125e-07, 'hidden_layer_sizes': 118, 'learning_rate_init': 0.0018781738757161913, 'tol': 1.1889379831773004e-05, 'validation_fraction': 0.6264327093752792}, {'alpha': 0.04705159350400542, 'batch_size': 158, 'beta_1': 0.9870884262730957, 'beta_2': 0.9999596874382349, 'epsilon': 1.1981845126013875e-08, 'hidden_layer_sizes': 116, 'learning_rate_init': 0.00617340520407431, 'tol': 1.741413418158619e-05, 'validation_fraction': 0.6754299026638921}], [151.4971925380264, 151.42763539278994, 151.47026299046811, 136.86202504264318, 75.2055865763391])}
saving results
saving timing
saving suggest log
done
