running: {'--uuid': 'b147e23181e957d2b387a24b4a7135d3', '-db-root': '/home/ryedida/bbo_challenge_starter_kit/output', '--opt-root': '/home/ryedida/bbo_challenge_starter_kit/example_submissions', '--data-root': None, '--db': 'run_20230427_004608', '--opt': 'smoothness', '--data': 'diabetes', '--classifier': 'MLP-adam', '--metric': 'mae', '--calls': 15, '--suggestions': 1, '--jobs-file': None, '--verbose': False, 'dry_run': False, 'rev': 'a376313', 'opt_rev': 'x.x.x'}
cmd: python smoothness/optimizer.py -c MLP-adam -d diabetes -o smoothness -u b147e23181e957d2b387a24b4a7135d3 -m mae -n 15 -p 1 -dir /home/ryedida/bbo_challenge_starter_kit/output -b run_20230427_004608
/home/ryedida/.local/lib/python3.9/site-packages/sklearn/neural_network/_multilayer_perceptron.py:605: UserWarning: Got `batch_size` less than 1 or larger than sample size. It is going to be clipped
  warnings.warn(

/home/ryedida/.local/lib/python3.9/site-packages/sklearn/neural_network/_multilayer_perceptron.py:605: UserWarning: Got `batch_size` less than 1 or larger than sample size. It is going to be clipped
  warnings.warn(

/home/ryedida/.local/lib/python3.9/site-packages/sklearn/neural_network/_multilayer_perceptron.py:605: UserWarning: Got `batch_size` less than 1 or larger than sample size. It is going to be clipped
  warnings.warn(

/home/ryedida/.local/lib/python3.9/site-packages/sklearn/neural_network/_multilayer_perceptron.py:686: ConvergenceWarning: Stochastic Optimizer: Maximum iterations (200) reached and the optimization hasn't converged yet.
  warnings.warn(

/home/ryedida/.local/lib/python3.9/site-packages/sklearn/neural_network/_multilayer_perceptron.py:605: UserWarning: Got `batch_size` less than 1 or larger than sample size. It is going to be clipped
  warnings.warn(

/home/ryedida/.local/lib/python3.9/site-packages/sklearn/neural_network/_multilayer_perceptron.py:686: ConvergenceWarning: Stochastic Optimizer: Maximum iterations (200) reached and the optimization hasn't converged yet.
  warnings.warn(

computed signature: ([{'alpha': 0.019628224813442792, 'batch_size': 182, 'beta_1': 0.9410202200271762, 'beta_2': 0.9998021557676793, 'epsilon': 1.8662266976518e-08, 'hidden_layer_sizes': 147, 'learning_rate_init': 0.0005627932047415167, 'tol': 0.03690557729213761, 'validation_fraction': 0.8846827852548593}, {'alpha': 0.0019982467392329444, 'batch_size': 200, 'beta_1': 0.919111482530466, 'beta_2': 0.9998488260436156, 'epsilon': 5.981221901152555e-07, 'hidden_layer_sizes': 61, 'learning_rate_init': 2.2310905607443014e-05, 'tol': 1.2046852412030316e-05, 'validation_fraction': 0.8117896445826539}, {'alpha': 0.46659545670218433, 'batch_size': 219, 'beta_1': 0.9889789783750891, 'beta_2': 0.9999896868093284, 'epsilon': 2.4234724484675948e-08, 'hidden_layer_sizes': 167, 'learning_rate_init': 2.972334644335654e-05, 'tol': 0.0036281404040243792, 'validation_fraction': 0.17260651658522078}, {'alpha': 4.656005689076002, 'batch_size': 135, 'beta_1': 0.870503881627747, 'beta_2': 0.9948873266941017, 'epsilon': 2.1023308743480125e-07, 'hidden_layer_sizes': 118, 'learning_rate_init': 0.0018781738757161913, 'tol': 1.1889379831773004e-05, 'validation_fraction': 0.6264327093752792}, {'alpha': 0.04705159350400542, 'batch_size': 158, 'beta_1': 0.9870884262730957, 'beta_2': 0.9999596874382349, 'epsilon': 1.1981845126013875e-08, 'hidden_layer_sizes': 116, 'learning_rate_init': 0.00617340520407431, 'tol': 1.741413418158619e-05, 'validation_fraction': 0.6754299026638921}], [151.4971925380264, 151.42763539278994, 151.47026299046811, 136.86202504264318, 75.2055865763391])
Signature errors:
                                  0             1             2         3         4       max
MLP-adam_diabetes_mae  1.919244e-08  6.198704e-08  7.624578e-09  0.000007  0.000034  0.000034
max                    1.919244e-08  6.198704e-08  7.624578e-09  0.000007  0.000034  0.000034
starting sklearn study smoothness MLP-adam diabetes mae 15 1
with data root: None
Failure in optimizer suggest. Falling back to random search.
name 'activ' is not defined
Traceback (most recent call last):
  File "/home/ryedida/.local/lib/python3.9/site-packages/bayesmark/experiment.py", line 126, in run_study
    next_points = optimizer.suggest(n_suggestions)
  File "/home/ryedida/bbo_challenge_starter_kit/example_submissions/smoothness/optimizer.py", line 109, in suggest
    betas = [self._get_smoothness_reg(guess) for guess in guesses]
  File "/home/ryedida/bbo_challenge_starter_kit/example_submissions/smoothness/optimizer.py", line 109, in <listcomp>
    betas = [self._get_smoothness_reg(guess) for guess in guesses]
  File "/home/ryedida/bbo_challenge_starter_kit/example_submissions/smoothness/optimizer.py", line 49, in _get_smoothness_reg
    if activ > Kz:
NameError: name 'activ' is not defined
suggestion time taken 0.507675 iter 0 next_points [{'alpha': 0.374034246267345, 'batch_size': 89, 'beta_1': 0.924924999145374, 'beta_2': 0.9999987272094089, 'epsilon': 3.481532930505753e-07, 'hidden_layer_sizes': 60, 'learning_rate_init': 0.04856230794913397, 'tol': 0.000273176621009266, 'validation_fraction': 0.8473147994157595}]
/home/ryedida/.local/lib/python3.9/site-packages/sklearn/neural_network/_multilayer_perceptron.py:605: UserWarning: Got `batch_size` less than 1 or larger than sample size. It is going to be clipped
  warnings.warn(

function_evaluation time 0.192056 value 54.341548 suggestion {'alpha': 0.374034246267345, 'batch_size': 89, 'beta_1': 0.924924999145374, 'beta_2': 0.9999987272094089, 'epsilon': 3.481532930505753e-07, 'hidden_layer_sizes': 60, 'learning_rate_init': 0.04856230794913397, 'tol': 0.000273176621009266, 'validation_fraction': 0.8473147994157595}
observation time 0.000006, current best 54.341548 at iter 0
Failure in optimizer suggest. Falling back to random search.
name 'activ' is not defined
Traceback (most recent call last):
  File "/home/ryedida/.local/lib/python3.9/site-packages/bayesmark/experiment.py", line 126, in run_study
    next_points = optimizer.suggest(n_suggestions)
  File "/home/ryedida/bbo_challenge_starter_kit/example_submissions/smoothness/optimizer.py", line 109, in suggest
    betas = [self._get_smoothness_reg(guess) for guess in guesses]
  File "/home/ryedida/bbo_challenge_starter_kit/example_submissions/smoothness/optimizer.py", line 109, in <listcomp>
    betas = [self._get_smoothness_reg(guess) for guess in guesses]
  File "/home/ryedida/bbo_challenge_starter_kit/example_submissions/smoothness/optimizer.py", line 49, in _get_smoothness_reg
    if activ > Kz:
NameError: name 'activ' is not defined
suggestion time taken 0.331944 iter 1 next_points [{'alpha': 5.895848211990868e-05, 'batch_size': 183, 'beta_1': 0.6624610445198577, 'beta_2': 0.9851868946601431, 'epsilon': 7.890772437442904e-09, 'hidden_layer_sizes': 86, 'learning_rate_init': 0.024061075617573063, 'tol': 0.029979334282435984, 'validation_fraction': 0.17753068966230454}]
function_evaluation time 0.229259 value 51.291994 suggestion {'alpha': 5.895848211990868e-05, 'batch_size': 183, 'beta_1': 0.6624610445198577, 'beta_2': 0.9851868946601431, 'epsilon': 7.890772437442904e-09, 'hidden_layer_sizes': 86, 'learning_rate_init': 0.024061075617573063, 'tol': 0.029979334282435984, 'validation_fraction': 0.17753068966230454}
observation time 0.000005, current best 51.291994 at iter 1
Failure in optimizer suggest. Falling back to random search.
name 'activ' is not defined
Traceback (most recent call last):
  File "/home/ryedida/.local/lib/python3.9/site-packages/bayesmark/experiment.py", line 126, in run_study
    next_points = optimizer.suggest(n_suggestions)
  File "/home/ryedida/bbo_challenge_starter_kit/example_submissions/smoothness/optimizer.py", line 109, in suggest
    betas = [self._get_smoothness_reg(guess) for guess in guesses]
  File "/home/ryedida/bbo_challenge_starter_kit/example_submissions/smoothness/optimizer.py", line 109, in <listcomp>
    betas = [self._get_smoothness_reg(guess) for guess in guesses]
  File "/home/ryedida/bbo_challenge_starter_kit/example_submissions/smoothness/optimizer.py", line 49, in _get_smoothness_reg
    if activ > Kz:
NameError: name 'activ' is not defined
suggestion time taken 0.327575 iter 2 next_points [{'alpha': 0.039535003883822695, 'batch_size': 156, 'beta_1': 0.9498914831351248, 'beta_2': 0.9935250109502938, 'epsilon': 4.080578077233612e-07, 'hidden_layer_sizes': 155, 'learning_rate_init': 0.0009148280898736129, 'tol': 0.015738718231180355, 'validation_fraction': 0.33479395638581727}]
function_evaluation time 0.083872 value 151.229853 suggestion {'alpha': 0.039535003883822695, 'batch_size': 156, 'beta_1': 0.9498914831351248, 'beta_2': 0.9935250109502938, 'epsilon': 4.080578077233612e-07, 'hidden_layer_sizes': 155, 'learning_rate_init': 0.0009148280898736129, 'tol': 0.015738718231180355, 'validation_fraction': 0.33479395638581727}
observation time 0.000011, current best 51.291994 at iter 2
Failure in optimizer suggest. Falling back to random search.
name 'activ' is not defined
Traceback (most recent call last):
  File "/home/ryedida/.local/lib/python3.9/site-packages/bayesmark/experiment.py", line 126, in run_study
    next_points = optimizer.suggest(n_suggestions)
  File "/home/ryedida/bbo_challenge_starter_kit/example_submissions/smoothness/optimizer.py", line 109, in suggest
    betas = [self._get_smoothness_reg(guess) for guess in guesses]
  File "/home/ryedida/bbo_challenge_starter_kit/example_submissions/smoothness/optimizer.py", line 109, in <listcomp>
    betas = [self._get_smoothness_reg(guess) for guess in guesses]
  File "/home/ryedida/bbo_challenge_starter_kit/example_submissions/smoothness/optimizer.py", line 49, in _get_smoothness_reg
    if activ > Kz:
NameError: name 'activ' is not defined
suggestion time taken 0.327740 iter 3 next_points [{'alpha': 5.736805521389996e-05, 'batch_size': 137, 'beta_1': 0.8745006332137906, 'beta_2': 0.9981794838107068, 'epsilon': 1.442847275868215e-07, 'hidden_layer_sizes': 97, 'learning_rate_init': 7.302770488917243e-05, 'tol': 0.0004810297401600068, 'validation_fraction': 0.42221655432887667}]
function_evaluation time 0.067703 value 151.690174 suggestion {'alpha': 5.736805521389996e-05, 'batch_size': 137, 'beta_1': 0.8745006332137906, 'beta_2': 0.9981794838107068, 'epsilon': 1.442847275868215e-07, 'hidden_layer_sizes': 97, 'learning_rate_init': 7.302770488917243e-05, 'tol': 0.0004810297401600068, 'validation_fraction': 0.42221655432887667}
observation time 0.000005, current best 51.291994 at iter 3
Failure in optimizer suggest. Falling back to random search.
name 'activ' is not defined
Traceback (most recent call last):
  File "/home/ryedida/.local/lib/python3.9/site-packages/bayesmark/experiment.py", line 126, in run_study
    next_points = optimizer.suggest(n_suggestions)
  File "/home/ryedida/bbo_challenge_starter_kit/example_submissions/smoothness/optimizer.py", line 109, in suggest
    betas = [self._get_smoothness_reg(guess) for guess in guesses]
  File "/home/ryedida/bbo_challenge_starter_kit/example_submissions/smoothness/optimizer.py", line 109, in <listcomp>
    betas = [self._get_smoothness_reg(guess) for guess in guesses]
  File "/home/ryedida/bbo_challenge_starter_kit/example_submissions/smoothness/optimizer.py", line 49, in _get_smoothness_reg
    if activ > Kz:
NameError: name 'activ' is not defined
suggestion time taken 0.331257 iter 4 next_points [{'alpha': 1.3811313692498177, 'batch_size': 171, 'beta_1': 0.8184924706112428, 'beta_2': 0.9745581027288207, 'epsilon': 2.0515244028074824e-07, 'hidden_layer_sizes': 130, 'learning_rate_init': 0.0011774658963658155, 'tol': 0.000727964199083352, 'validation_fraction': 0.21697814191702477}]
/home/ryedida/.local/lib/python3.9/site-packages/sklearn/neural_network/_multilayer_perceptron.py:686: ConvergenceWarning: Stochastic Optimizer: Maximum iterations (200) reached and the optimization hasn't converged yet.
  warnings.warn(

function_evaluation time 1.152989 value 131.804256 suggestion {'alpha': 1.3811313692498177, 'batch_size': 171, 'beta_1': 0.8184924706112428, 'beta_2': 0.9745581027288207, 'epsilon': 2.0515244028074824e-07, 'hidden_layer_sizes': 130, 'learning_rate_init': 0.0011774658963658155, 'tol': 0.000727964199083352, 'validation_fraction': 0.21697814191702477}
observation time 0.000007, current best 51.291994 at iter 4
Failure in optimizer suggest. Falling back to random search.
name 'activ' is not defined
Traceback (most recent call last):
  File "/home/ryedida/.local/lib/python3.9/site-packages/bayesmark/experiment.py", line 126, in run_study
    next_points = optimizer.suggest(n_suggestions)
  File "/home/ryedida/bbo_challenge_starter_kit/example_submissions/smoothness/optimizer.py", line 109, in suggest
    betas = [self._get_smoothness_reg(guess) for guess in guesses]
  File "/home/ryedida/bbo_challenge_starter_kit/example_submissions/smoothness/optimizer.py", line 109, in <listcomp>
    betas = [self._get_smoothness_reg(guess) for guess in guesses]
  File "/home/ryedida/bbo_challenge_starter_kit/example_submissions/smoothness/optimizer.py", line 49, in _get_smoothness_reg
    if activ > Kz:
NameError: name 'activ' is not defined
suggestion time taken 0.328672 iter 5 next_points [{'alpha': 2.859671054944259e-05, 'batch_size': 176, 'beta_1': 0.9780120852063254, 'beta_2': 0.999889072178422, 'epsilon': 1.2594407018294813e-09, 'hidden_layer_sizes': 166, 'learning_rate_init': 0.0002118638849206426, 'tol': 0.001973299025485153, 'validation_fraction': 0.14860395239561286}]
function_evaluation time 0.089970 value 151.532499 suggestion {'alpha': 2.859671054944259e-05, 'batch_size': 176, 'beta_1': 0.9780120852063254, 'beta_2': 0.999889072178422, 'epsilon': 1.2594407018294813e-09, 'hidden_layer_sizes': 166, 'learning_rate_init': 0.0002118638849206426, 'tol': 0.001973299025485153, 'validation_fraction': 0.14860395239561286}
observation time 0.000005, current best 51.291994 at iter 5
Failure in optimizer suggest. Falling back to random search.
name 'activ' is not defined
Traceback (most recent call last):
  File "/home/ryedida/.local/lib/python3.9/site-packages/bayesmark/experiment.py", line 126, in run_study
    next_points = optimizer.suggest(n_suggestions)
  File "/home/ryedida/bbo_challenge_starter_kit/example_submissions/smoothness/optimizer.py", line 109, in suggest
    betas = [self._get_smoothness_reg(guess) for guess in guesses]
  File "/home/ryedida/bbo_challenge_starter_kit/example_submissions/smoothness/optimizer.py", line 109, in <listcomp>
    betas = [self._get_smoothness_reg(guess) for guess in guesses]
  File "/home/ryedida/bbo_challenge_starter_kit/example_submissions/smoothness/optimizer.py", line 49, in _get_smoothness_reg
    if activ > Kz:
NameError: name 'activ' is not defined
suggestion time taken 0.327562 iter 6 next_points [{'alpha': 0.001314700813597736, 'batch_size': 239, 'beta_1': 0.9717978707416448, 'beta_2': 0.9996825870690912, 'epsilon': 7.306888511630995e-07, 'hidden_layer_sizes': 56, 'learning_rate_init': 0.00012819376783246492, 'tol': 0.0009766998066442407, 'validation_fraction': 0.18560735998455705}]
function_evaluation time 0.052105 value 151.384880 suggestion {'alpha': 0.001314700813597736, 'batch_size': 239, 'beta_1': 0.9717978707416448, 'beta_2': 0.9996825870690912, 'epsilon': 7.306888511630995e-07, 'hidden_layer_sizes': 56, 'learning_rate_init': 0.00012819376783246492, 'tol': 0.0009766998066442407, 'validation_fraction': 0.18560735998455705}
observation time 0.000006, current best 51.291994 at iter 6
Failure in optimizer suggest. Falling back to random search.
name 'activ' is not defined
Traceback (most recent call last):
  File "/home/ryedida/.local/lib/python3.9/site-packages/bayesmark/experiment.py", line 126, in run_study
    next_points = optimizer.suggest(n_suggestions)
  File "/home/ryedida/bbo_challenge_starter_kit/example_submissions/smoothness/optimizer.py", line 109, in suggest
    betas = [self._get_smoothness_reg(guess) for guess in guesses]
  File "/home/ryedida/bbo_challenge_starter_kit/example_submissions/smoothness/optimizer.py", line 109, in <listcomp>
    betas = [self._get_smoothness_reg(guess) for guess in guesses]
  File "/home/ryedida/bbo_challenge_starter_kit/example_submissions/smoothness/optimizer.py", line 49, in _get_smoothness_reg
    if activ > Kz:
NameError: name 'activ' is not defined
suggestion time taken 0.465653 iter 7 next_points [{'alpha': 8.652737275725991e-05, 'batch_size': 183, 'beta_1': 0.7128524896807628, 'beta_2': 0.9997270900009468, 'epsilon': 4.5141000379086693e-07, 'hidden_layer_sizes': 58, 'learning_rate_init': 5.285739675148666e-05, 'tol': 2.2468957443102505e-05, 'validation_fraction': 0.7178192337860233}]
/home/ryedida/.local/lib/python3.9/site-packages/sklearn/neural_network/_multilayer_perceptron.py:605: UserWarning: Got `batch_size` less than 1 or larger than sample size. It is going to be clipped
  warnings.warn(

/home/ryedida/.local/lib/python3.9/site-packages/sklearn/neural_network/_multilayer_perceptron.py:686: ConvergenceWarning: Stochastic Optimizer: Maximum iterations (200) reached and the optimization hasn't converged yet.
  warnings.warn(

function_evaluation time 0.497519 value 151.519985 suggestion {'alpha': 8.652737275725991e-05, 'batch_size': 183, 'beta_1': 0.7128524896807628, 'beta_2': 0.9997270900009468, 'epsilon': 4.5141000379086693e-07, 'hidden_layer_sizes': 58, 'learning_rate_init': 5.285739675148666e-05, 'tol': 2.2468957443102505e-05, 'validation_fraction': 0.7178192337860233}
observation time 0.000006, current best 51.291994 at iter 7
Failure in optimizer suggest. Falling back to random search.
name 'activ' is not defined
Traceback (most recent call last):
  File "/home/ryedida/.local/lib/python3.9/site-packages/bayesmark/experiment.py", line 126, in run_study
    next_points = optimizer.suggest(n_suggestions)
  File "/home/ryedida/bbo_challenge_starter_kit/example_submissions/smoothness/optimizer.py", line 109, in suggest
    betas = [self._get_smoothness_reg(guess) for guess in guesses]
  File "/home/ryedida/bbo_challenge_starter_kit/example_submissions/smoothness/optimizer.py", line 109, in <listcomp>
    betas = [self._get_smoothness_reg(guess) for guess in guesses]
  File "/home/ryedida/bbo_challenge_starter_kit/example_submissions/smoothness/optimizer.py", line 49, in _get_smoothness_reg
    if activ > Kz:
NameError: name 'activ' is not defined
suggestion time taken 0.325429 iter 8 next_points [{'alpha': 3.4779990938187195, 'batch_size': 145, 'beta_1': 0.933375852046355, 'beta_2': 0.999882715623314, 'epsilon': 4.0902306249677305e-07, 'hidden_layer_sizes': 152, 'learning_rate_init': 0.03494356529524613, 'tol': 2.1997486399318913e-05, 'validation_fraction': 0.8494816477434112}]
/home/ryedida/.local/lib/python3.9/site-packages/sklearn/neural_network/_multilayer_perceptron.py:605: UserWarning: Got `batch_size` less than 1 or larger than sample size. It is going to be clipped
  warnings.warn(

function_evaluation time 0.204288 value 55.591467 suggestion {'alpha': 3.4779990938187195, 'batch_size': 145, 'beta_1': 0.933375852046355, 'beta_2': 0.999882715623314, 'epsilon': 4.0902306249677305e-07, 'hidden_layer_sizes': 152, 'learning_rate_init': 0.03494356529524613, 'tol': 2.1997486399318913e-05, 'validation_fraction': 0.8494816477434112}
observation time 0.000005, current best 51.291994 at iter 8
Failure in optimizer suggest. Falling back to random search.
name 'activ' is not defined
Traceback (most recent call last):
  File "/home/ryedida/.local/lib/python3.9/site-packages/bayesmark/experiment.py", line 126, in run_study
    next_points = optimizer.suggest(n_suggestions)
  File "/home/ryedida/bbo_challenge_starter_kit/example_submissions/smoothness/optimizer.py", line 109, in suggest
    betas = [self._get_smoothness_reg(guess) for guess in guesses]
  File "/home/ryedida/bbo_challenge_starter_kit/example_submissions/smoothness/optimizer.py", line 109, in <listcomp>
    betas = [self._get_smoothness_reg(guess) for guess in guesses]
  File "/home/ryedida/bbo_challenge_starter_kit/example_submissions/smoothness/optimizer.py", line 49, in _get_smoothness_reg
    if activ > Kz:
NameError: name 'activ' is not defined
suggestion time taken 0.322391 iter 9 next_points [{'alpha': 7.75338344912362e-05, 'batch_size': 140, 'beta_1': 0.7713264694077513, 'beta_2': 0.9945486800867533, 'epsilon': 2.6017518443613704e-07, 'hidden_layer_sizes': 190, 'learning_rate_init': 0.08644967979646279, 'tol': 0.010886910678450153, 'validation_fraction': 0.8115829142702098}]
/home/ryedida/.local/lib/python3.9/site-packages/sklearn/neural_network/_multilayer_perceptron.py:605: UserWarning: Got `batch_size` less than 1 or larger than sample size. It is going to be clipped
  warnings.warn(

function_evaluation time 0.156366 value 46.808530 suggestion {'alpha': 7.75338344912362e-05, 'batch_size': 140, 'beta_1': 0.7713264694077513, 'beta_2': 0.9945486800867533, 'epsilon': 2.6017518443613704e-07, 'hidden_layer_sizes': 190, 'learning_rate_init': 0.08644967979646279, 'tol': 0.010886910678450153, 'validation_fraction': 0.8115829142702098}
observation time 0.000006, current best 46.808530 at iter 9
Failure in optimizer suggest. Falling back to random search.
name 'activ' is not defined
Traceback (most recent call last):
  File "/home/ryedida/.local/lib/python3.9/site-packages/bayesmark/experiment.py", line 126, in run_study
    next_points = optimizer.suggest(n_suggestions)
  File "/home/ryedida/bbo_challenge_starter_kit/example_submissions/smoothness/optimizer.py", line 109, in suggest
    betas = [self._get_smoothness_reg(guess) for guess in guesses]
  File "/home/ryedida/bbo_challenge_starter_kit/example_submissions/smoothness/optimizer.py", line 109, in <listcomp>
    betas = [self._get_smoothness_reg(guess) for guess in guesses]
  File "/home/ryedida/bbo_challenge_starter_kit/example_submissions/smoothness/optimizer.py", line 49, in _get_smoothness_reg
    if activ > Kz:
NameError: name 'activ' is not defined
suggestion time taken 0.319088 iter 10 next_points [{'alpha': 6.696418955579759, 'batch_size': 205, 'beta_1': 0.5263022562385948, 'beta_2': 0.9998163534034754, 'epsilon': 4.33755662390847e-08, 'hidden_layer_sizes': 162, 'learning_rate_init': 0.0003544901315016671, 'tol': 4.9170269196989724e-05, 'validation_fraction': 0.10037621612072364}]
/home/ryedida/.local/lib/python3.9/site-packages/sklearn/neural_network/_multilayer_perceptron.py:686: ConvergenceWarning: Stochastic Optimizer: Maximum iterations (200) reached and the optimization hasn't converged yet.
  warnings.warn(

function_evaluation time 1.417554 value 147.228631 suggestion {'alpha': 6.696418955579759, 'batch_size': 205, 'beta_1': 0.5263022562385948, 'beta_2': 0.9998163534034754, 'epsilon': 4.33755662390847e-08, 'hidden_layer_sizes': 162, 'learning_rate_init': 0.0003544901315016671, 'tol': 4.9170269196989724e-05, 'validation_fraction': 0.10037621612072364}
observation time 0.000005, current best 46.808530 at iter 10
Failure in optimizer suggest. Falling back to random search.
name 'activ' is not defined
Traceback (most recent call last):
  File "/home/ryedida/.local/lib/python3.9/site-packages/bayesmark/experiment.py", line 126, in run_study
    next_points = optimizer.suggest(n_suggestions)
  File "/home/ryedida/bbo_challenge_starter_kit/example_submissions/smoothness/optimizer.py", line 109, in suggest
    betas = [self._get_smoothness_reg(guess) for guess in guesses]
  File "/home/ryedida/bbo_challenge_starter_kit/example_submissions/smoothness/optimizer.py", line 109, in <listcomp>
    betas = [self._get_smoothness_reg(guess) for guess in guesses]
  File "/home/ryedida/bbo_challenge_starter_kit/example_submissions/smoothness/optimizer.py", line 49, in _get_smoothness_reg
    if activ > Kz:
NameError: name 'activ' is not defined
suggestion time taken 0.338146 iter 11 next_points [{'alpha': 0.006856052539319416, 'batch_size': 223, 'beta_1': 0.8472888152059217, 'beta_2': 0.9998869943731201, 'epsilon': 9.81444482415281e-09, 'hidden_layer_sizes': 97, 'learning_rate_init': 0.029674670883980597, 'tol': 6.344845067856527e-05, 'validation_fraction': 0.2250601586408245}]
function_evaluation time 0.732835 value 44.698019 suggestion {'alpha': 0.006856052539319416, 'batch_size': 223, 'beta_1': 0.8472888152059217, 'beta_2': 0.9998869943731201, 'epsilon': 9.81444482415281e-09, 'hidden_layer_sizes': 97, 'learning_rate_init': 0.029674670883980597, 'tol': 6.344845067856527e-05, 'validation_fraction': 0.2250601586408245}
observation time 0.000006, current best 44.698019 at iter 11
Failure in optimizer suggest. Falling back to random search.
name 'activ' is not defined
Traceback (most recent call last):
  File "/home/ryedida/.local/lib/python3.9/site-packages/bayesmark/experiment.py", line 126, in run_study
    next_points = optimizer.suggest(n_suggestions)
  File "/home/ryedida/bbo_challenge_starter_kit/example_submissions/smoothness/optimizer.py", line 109, in suggest
    betas = [self._get_smoothness_reg(guess) for guess in guesses]
  File "/home/ryedida/bbo_challenge_starter_kit/example_submissions/smoothness/optimizer.py", line 109, in <listcomp>
    betas = [self._get_smoothness_reg(guess) for guess in guesses]
  File "/home/ryedida/bbo_challenge_starter_kit/example_submissions/smoothness/optimizer.py", line 49, in _get_smoothness_reg
    if activ > Kz:
NameError: name 'activ' is not defined
suggestion time taken 0.336562 iter 12 next_points [{'alpha': 5.039513260050021, 'batch_size': 24, 'beta_1': 0.8559962807425295, 'beta_2': 0.9990486057322094, 'epsilon': 2.1245222434859513e-08, 'hidden_layer_sizes': 184, 'learning_rate_init': 0.091067620198373, 'tol': 0.002946876571126195, 'validation_fraction': 0.4319220235967965}]
function_evaluation time 0.436697 value 44.809657 suggestion {'alpha': 5.039513260050021, 'batch_size': 24, 'beta_1': 0.8559962807425295, 'beta_2': 0.9990486057322094, 'epsilon': 2.1245222434859513e-08, 'hidden_layer_sizes': 184, 'learning_rate_init': 0.091067620198373, 'tol': 0.002946876571126195, 'validation_fraction': 0.4319220235967965}
observation time 0.000006, current best 44.698019 at iter 12
Failure in optimizer suggest. Falling back to random search.
name 'activ' is not defined
Traceback (most recent call last):
  File "/home/ryedida/.local/lib/python3.9/site-packages/bayesmark/experiment.py", line 126, in run_study
    next_points = optimizer.suggest(n_suggestions)
  File "/home/ryedida/bbo_challenge_starter_kit/example_submissions/smoothness/optimizer.py", line 109, in suggest
    betas = [self._get_smoothness_reg(guess) for guess in guesses]
  File "/home/ryedida/bbo_challenge_starter_kit/example_submissions/smoothness/optimizer.py", line 109, in <listcomp>
    betas = [self._get_smoothness_reg(guess) for guess in guesses]
  File "/home/ryedida/bbo_challenge_starter_kit/example_submissions/smoothness/optimizer.py", line 49, in _get_smoothness_reg
    if activ > Kz:
NameError: name 'activ' is not defined
suggestion time taken 0.324054 iter 13 next_points [{'alpha': 0.21156407882499303, 'batch_size': 183, 'beta_1': 0.988712599899432, 'beta_2': 0.9999928138577946, 'epsilon': 5.771597197649533e-09, 'hidden_layer_sizes': 133, 'learning_rate_init': 0.05096446403791857, 'tol': 0.016671346122786125, 'validation_fraction': 0.8996871377114103}]
/home/ryedida/.local/lib/python3.9/site-packages/sklearn/neural_network/_multilayer_perceptron.py:605: UserWarning: Got `batch_size` less than 1 or larger than sample size. It is going to be clipped
  warnings.warn(

function_evaluation time 0.161779 value 56.914187 suggestion {'alpha': 0.21156407882499303, 'batch_size': 183, 'beta_1': 0.988712599899432, 'beta_2': 0.9999928138577946, 'epsilon': 5.771597197649533e-09, 'hidden_layer_sizes': 133, 'learning_rate_init': 0.05096446403791857, 'tol': 0.016671346122786125, 'validation_fraction': 0.8996871377114103}
observation time 0.000006, current best 44.698019 at iter 13
Failure in optimizer suggest. Falling back to random search.
name 'activ' is not defined
Traceback (most recent call last):
  File "/home/ryedida/.local/lib/python3.9/site-packages/bayesmark/experiment.py", line 126, in run_study
    next_points = optimizer.suggest(n_suggestions)
  File "/home/ryedida/bbo_challenge_starter_kit/example_submissions/smoothness/optimizer.py", line 109, in suggest
    betas = [self._get_smoothness_reg(guess) for guess in guesses]
  File "/home/ryedida/bbo_challenge_starter_kit/example_submissions/smoothness/optimizer.py", line 109, in <listcomp>
    betas = [self._get_smoothness_reg(guess) for guess in guesses]
  File "/home/ryedida/bbo_challenge_starter_kit/example_submissions/smoothness/optimizer.py", line 49, in _get_smoothness_reg
    if activ > Kz:
NameError: name 'activ' is not defined
suggestion time taken 0.327028 iter 14 next_points [{'alpha': 2.977761294511757, 'batch_size': 173, 'beta_1': 0.9791345690174592, 'beta_2': 0.9999969794729793, 'epsilon': 6.63723775494181e-07, 'hidden_layer_sizes': 95, 'learning_rate_init': 1.6413806522395554e-05, 'tol': 0.0005159548173421053, 'validation_fraction': 0.16963488141703761}]
function_evaluation time 0.072799 value 151.736829 suggestion {'alpha': 2.977761294511757, 'batch_size': 173, 'beta_1': 0.9791345690174592, 'beta_2': 0.9999969794729793, 'epsilon': 6.63723775494181e-07, 'hidden_layer_sizes': 95, 'learning_rate_init': 1.6413806522395554e-05, 'tol': 0.0005159548173421053, 'validation_fraction': 0.16963488141703761}
observation time 0.000006, current best 44.698019 at iter 14
saving meta data: {'args': {'--uuid': 'b147e23181e957d2b387a24b4a7135d3', '-db-root': '/home/ryedida/bbo_challenge_starter_kit/output', '--opt-root': '/home/ryedida/bbo_challenge_starter_kit/example_submissions', '--data-root': None, '--db': 'run_20230427_004608', '--opt': 'smoothness', '--data': 'diabetes', '--classifier': 'MLP-adam', '--metric': 'mae', '--calls': 15, '--suggestions': 1, '--jobs-file': None, '--verbose': False, 'dry_run': False, 'rev': 'a376313', 'opt_rev': 'x.x.x'}, 'signature': ([{'alpha': 0.019628224813442792, 'batch_size': 182, 'beta_1': 0.9410202200271762, 'beta_2': 0.9998021557676793, 'epsilon': 1.8662266976518e-08, 'hidden_layer_sizes': 147, 'learning_rate_init': 0.0005627932047415167, 'tol': 0.03690557729213761, 'validation_fraction': 0.8846827852548593}, {'alpha': 0.0019982467392329444, 'batch_size': 200, 'beta_1': 0.919111482530466, 'beta_2': 0.9998488260436156, 'epsilon': 5.981221901152555e-07, 'hidden_layer_sizes': 61, 'learning_rate_init': 2.2310905607443014e-05, 'tol': 1.2046852412030316e-05, 'validation_fraction': 0.8117896445826539}, {'alpha': 0.46659545670218433, 'batch_size': 219, 'beta_1': 0.9889789783750891, 'beta_2': 0.9999896868093284, 'epsilon': 2.4234724484675948e-08, 'hidden_layer_sizes': 167, 'learning_rate_init': 2.972334644335654e-05, 'tol': 0.0036281404040243792, 'validation_fraction': 0.17260651658522078}, {'alpha': 4.656005689076002, 'batch_size': 135, 'beta_1': 0.870503881627747, 'beta_2': 0.9948873266941017, 'epsilon': 2.1023308743480125e-07, 'hidden_layer_sizes': 118, 'learning_rate_init': 0.0018781738757161913, 'tol': 1.1889379831773004e-05, 'validation_fraction': 0.6264327093752792}, {'alpha': 0.04705159350400542, 'batch_size': 158, 'beta_1': 0.9870884262730957, 'beta_2': 0.9999596874382349, 'epsilon': 1.1981845126013875e-08, 'hidden_layer_sizes': 116, 'learning_rate_init': 0.00617340520407431, 'tol': 1.741413418158619e-05, 'validation_fraction': 0.6754299026638921}], [151.4971925380264, 151.42763539278994, 151.47026299046811, 136.86202504264318, 75.2055865763391])}
saving results
saving timing
saving suggest log
done
