running: {'--uuid': 'bc12caca82fa5f8b80f800aa572679a3', '-db-root': '/home/ryedida/bbo_challenge_starter_kit/output', '--opt-root': '/home/ryedida/bbo_challenge_starter_kit/example_submissions', '--data-root': None, '--db': 'run_20230427_004608', '--opt': 'smoothness', '--data': 'diabetes', '--classifier': 'MLP-adam', '--metric': 'mse', '--calls': 15, '--suggestions': 1, '--jobs-file': None, '--verbose': False, 'dry_run': False, 'rev': 'a376313', 'opt_rev': 'x.x.x'}
cmd: python smoothness/optimizer.py -c MLP-adam -d diabetes -o smoothness -u bc12caca82fa5f8b80f800aa572679a3 -m mse -n 15 -p 1 -dir /home/ryedida/bbo_challenge_starter_kit/output -b run_20230427_004608
/home/ryedida/.local/lib/python3.9/site-packages/sklearn/neural_network/_multilayer_perceptron.py:605: UserWarning: Got `batch_size` less than 1 or larger than sample size. It is going to be clipped
  warnings.warn(

/home/ryedida/.local/lib/python3.9/site-packages/sklearn/neural_network/_multilayer_perceptron.py:605: UserWarning: Got `batch_size` less than 1 or larger than sample size. It is going to be clipped
  warnings.warn(

/home/ryedida/.local/lib/python3.9/site-packages/sklearn/neural_network/_multilayer_perceptron.py:605: UserWarning: Got `batch_size` less than 1 or larger than sample size. It is going to be clipped
  warnings.warn(

/home/ryedida/.local/lib/python3.9/site-packages/sklearn/neural_network/_multilayer_perceptron.py:686: ConvergenceWarning: Stochastic Optimizer: Maximum iterations (200) reached and the optimization hasn't converged yet.
  warnings.warn(

/home/ryedida/.local/lib/python3.9/site-packages/sklearn/neural_network/_multilayer_perceptron.py:605: UserWarning: Got `batch_size` less than 1 or larger than sample size. It is going to be clipped
  warnings.warn(

/home/ryedida/.local/lib/python3.9/site-packages/sklearn/neural_network/_multilayer_perceptron.py:686: ConvergenceWarning: Stochastic Optimizer: Maximum iterations (200) reached and the optimization hasn't converged yet.
  warnings.warn(

computed signature: ([{'alpha': 0.019628224813442792, 'batch_size': 182, 'beta_1': 0.9410202200271762, 'beta_2': 0.9998021557676793, 'epsilon': 1.8662266976518e-08, 'hidden_layer_sizes': 147, 'learning_rate_init': 0.0005627932047415167, 'tol': 0.03690557729213761, 'validation_fraction': 0.8846827852548593}, {'alpha': 0.0019982467392329444, 'batch_size': 200, 'beta_1': 0.919111482530466, 'beta_2': 0.9998488260436156, 'epsilon': 5.981221901152555e-07, 'hidden_layer_sizes': 61, 'learning_rate_init': 2.2310905607443014e-05, 'tol': 1.2046852412030316e-05, 'validation_fraction': 0.8117896445826539}, {'alpha': 0.46659545670218433, 'batch_size': 219, 'beta_1': 0.9889789783750891, 'beta_2': 0.9999896868093284, 'epsilon': 2.4234724484675948e-08, 'hidden_layer_sizes': 167, 'learning_rate_init': 2.972334644335654e-05, 'tol': 0.0036281404040243792, 'validation_fraction': 0.17260651658522078}, {'alpha': 4.656005689076002, 'batch_size': 135, 'beta_1': 0.870503881627747, 'beta_2': 0.9948873266941017, 'epsilon': 2.1023308743480125e-07, 'hidden_layer_sizes': 118, 'learning_rate_init': 0.0018781738757161913, 'tol': 1.1889379831773004e-05, 'validation_fraction': 0.6264327093752792}, {'alpha': 0.04705159350400542, 'batch_size': 158, 'beta_1': 0.9870884262730957, 'beta_2': 0.9999596874382349, 'epsilon': 1.1981845126013875e-08, 'hidden_layer_sizes': 116, 'learning_rate_init': 0.00617340520407431, 'tol': 1.741413418158619e-05, 'validation_fraction': 0.6754299026638921}], [29083.993548572587, 29062.423277324073, 29075.78987471409, 24626.32866834337, 9584.226858493177])
Signature errors:
                              0         1         2         3         4       max
MLP-adam_diabetes_mse  0.000007  0.000008  0.000003  0.003558  0.004952  0.004952
max                    0.000007  0.000008  0.000003  0.003558  0.004952  0.004952
starting sklearn study smoothness MLP-adam diabetes mse 15 1
with data root: None
Failure in optimizer suggest. Falling back to random search.
name 'activ' is not defined
Traceback (most recent call last):
  File "/home/ryedida/.local/lib/python3.9/site-packages/bayesmark/experiment.py", line 126, in run_study
    next_points = optimizer.suggest(n_suggestions)
  File "/home/ryedida/bbo_challenge_starter_kit/example_submissions/smoothness/optimizer.py", line 109, in suggest
    betas = [self._get_smoothness_reg(guess) for guess in guesses]
  File "/home/ryedida/bbo_challenge_starter_kit/example_submissions/smoothness/optimizer.py", line 109, in <listcomp>
    betas = [self._get_smoothness_reg(guess) for guess in guesses]
  File "/home/ryedida/bbo_challenge_starter_kit/example_submissions/smoothness/optimizer.py", line 49, in _get_smoothness_reg
    if activ > Kz:
NameError: name 'activ' is not defined
suggestion time taken 0.514537 iter 0 next_points [{'alpha': 0.005208252458392229, 'batch_size': 29, 'beta_1': 0.9868307071702339, 'beta_2': 0.9816335389091897, 'epsilon': 7.693929979300696e-08, 'hidden_layer_sizes': 163, 'learning_rate_init': 0.00019667596981147274, 'tol': 0.0012892413813561736, 'validation_fraction': 0.5026215080241598}]
function_evaluation time 0.120651 value 29028.952964 suggestion {'alpha': 0.005208252458392229, 'batch_size': 29, 'beta_1': 0.9868307071702339, 'beta_2': 0.9816335389091897, 'epsilon': 7.693929979300696e-08, 'hidden_layer_sizes': 163, 'learning_rate_init': 0.00019667596981147274, 'tol': 0.0012892413813561736, 'validation_fraction': 0.5026215080241598}
observation time 0.000007, current best 29028.952964 at iter 0
Failure in optimizer suggest. Falling back to random search.
name 'activ' is not defined
Traceback (most recent call last):
  File "/home/ryedida/.local/lib/python3.9/site-packages/bayesmark/experiment.py", line 126, in run_study
    next_points = optimizer.suggest(n_suggestions)
  File "/home/ryedida/bbo_challenge_starter_kit/example_submissions/smoothness/optimizer.py", line 109, in suggest
    betas = [self._get_smoothness_reg(guess) for guess in guesses]
  File "/home/ryedida/bbo_challenge_starter_kit/example_submissions/smoothness/optimizer.py", line 109, in <listcomp>
    betas = [self._get_smoothness_reg(guess) for guess in guesses]
  File "/home/ryedida/bbo_challenge_starter_kit/example_submissions/smoothness/optimizer.py", line 49, in _get_smoothness_reg
    if activ > Kz:
NameError: name 'activ' is not defined
suggestion time taken 0.331416 iter 1 next_points [{'alpha': 0.05684924194259615, 'batch_size': 200, 'beta_1': 0.6169855363353935, 'beta_2': 0.9973907582849854, 'epsilon': 2.6729758609084778e-09, 'hidden_layer_sizes': 122, 'learning_rate_init': 0.026892189461555645, 'tol': 1.3727173927626329e-05, 'validation_fraction': 0.8768151418082327}]
/home/ryedida/.local/lib/python3.9/site-packages/sklearn/neural_network/_multilayer_perceptron.py:605: UserWarning: Got `batch_size` less than 1 or larger than sample size. It is going to be clipped
  warnings.warn(

/home/ryedida/.local/lib/python3.9/site-packages/sklearn/neural_network/_multilayer_perceptron.py:686: ConvergenceWarning: Stochastic Optimizer: Maximum iterations (200) reached and the optimization hasn't converged yet.
  warnings.warn(

function_evaluation time 0.531006 value 3495.805435 suggestion {'alpha': 0.05684924194259615, 'batch_size': 200, 'beta_1': 0.6169855363353935, 'beta_2': 0.9973907582849854, 'epsilon': 2.6729758609084778e-09, 'hidden_layer_sizes': 122, 'learning_rate_init': 0.026892189461555645, 'tol': 1.3727173927626329e-05, 'validation_fraction': 0.8768151418082327}
observation time 0.000004, current best 3495.805435 at iter 1
Failure in optimizer suggest. Falling back to random search.
name 'activ' is not defined
Traceback (most recent call last):
  File "/home/ryedida/.local/lib/python3.9/site-packages/bayesmark/experiment.py", line 126, in run_study
    next_points = optimizer.suggest(n_suggestions)
  File "/home/ryedida/bbo_challenge_starter_kit/example_submissions/smoothness/optimizer.py", line 109, in suggest
    betas = [self._get_smoothness_reg(guess) for guess in guesses]
  File "/home/ryedida/bbo_challenge_starter_kit/example_submissions/smoothness/optimizer.py", line 109, in <listcomp>
    betas = [self._get_smoothness_reg(guess) for guess in guesses]
  File "/home/ryedida/bbo_challenge_starter_kit/example_submissions/smoothness/optimizer.py", line 49, in _get_smoothness_reg
    if activ > Kz:
NameError: name 'activ' is not defined
suggestion time taken 0.323864 iter 2 next_points [{'alpha': 0.0011716433406332662, 'batch_size': 106, 'beta_1': 0.9019184971898049, 'beta_2': 0.9976767733995542, 'epsilon': 7.709338479005658e-08, 'hidden_layer_sizes': 123, 'learning_rate_init': 0.07092114396666477, 'tol': 0.006837515791338078, 'validation_fraction': 0.5758932956711122}]
function_evaluation time 0.212145 value 3178.351087 suggestion {'alpha': 0.0011716433406332662, 'batch_size': 106, 'beta_1': 0.9019184971898049, 'beta_2': 0.9976767733995542, 'epsilon': 7.709338479005658e-08, 'hidden_layer_sizes': 123, 'learning_rate_init': 0.07092114396666477, 'tol': 0.006837515791338078, 'validation_fraction': 0.5758932956711122}
observation time 0.000005, current best 3178.351087 at iter 2
Failure in optimizer suggest. Falling back to random search.
name 'activ' is not defined
Traceback (most recent call last):
  File "/home/ryedida/.local/lib/python3.9/site-packages/bayesmark/experiment.py", line 126, in run_study
    next_points = optimizer.suggest(n_suggestions)
  File "/home/ryedida/bbo_challenge_starter_kit/example_submissions/smoothness/optimizer.py", line 109, in suggest
    betas = [self._get_smoothness_reg(guess) for guess in guesses]
  File "/home/ryedida/bbo_challenge_starter_kit/example_submissions/smoothness/optimizer.py", line 109, in <listcomp>
    betas = [self._get_smoothness_reg(guess) for guess in guesses]
  File "/home/ryedida/bbo_challenge_starter_kit/example_submissions/smoothness/optimizer.py", line 49, in _get_smoothness_reg
    if activ > Kz:
NameError: name 'activ' is not defined
suggestion time taken 0.327891 iter 3 next_points [{'alpha': 0.0011474518800385835, 'batch_size': 12, 'beta_1': 0.9824262016709601, 'beta_2': 0.999995583775984, 'epsilon': 1.6817612584231033e-08, 'hidden_layer_sizes': 159, 'learning_rate_init': 0.00011748901640444598, 'tol': 0.00038735568621510664, 'validation_fraction': 0.8511572652847699}]
/home/ryedida/.local/lib/python3.9/site-packages/sklearn/neural_network/_multilayer_perceptron.py:686: ConvergenceWarning: Stochastic Optimizer: Maximum iterations (200) reached and the optimization hasn't converged yet.
  warnings.warn(

function_evaluation time 0.798384 value 28843.736605 suggestion {'alpha': 0.0011474518800385835, 'batch_size': 12, 'beta_1': 0.9824262016709601, 'beta_2': 0.999995583775984, 'epsilon': 1.6817612584231033e-08, 'hidden_layer_sizes': 159, 'learning_rate_init': 0.00011748901640444598, 'tol': 0.00038735568621510664, 'validation_fraction': 0.8511572652847699}
observation time 0.000006, current best 3178.351087 at iter 3
Failure in optimizer suggest. Falling back to random search.
name 'activ' is not defined
Traceback (most recent call last):
  File "/home/ryedida/.local/lib/python3.9/site-packages/bayesmark/experiment.py", line 126, in run_study
    next_points = optimizer.suggest(n_suggestions)
  File "/home/ryedida/bbo_challenge_starter_kit/example_submissions/smoothness/optimizer.py", line 109, in suggest
    betas = [self._get_smoothness_reg(guess) for guess in guesses]
  File "/home/ryedida/bbo_challenge_starter_kit/example_submissions/smoothness/optimizer.py", line 109, in <listcomp>
    betas = [self._get_smoothness_reg(guess) for guess in guesses]
  File "/home/ryedida/bbo_challenge_starter_kit/example_submissions/smoothness/optimizer.py", line 49, in _get_smoothness_reg
    if activ > Kz:
NameError: name 'activ' is not defined
suggestion time taken 0.335643 iter 4 next_points [{'alpha': 0.7726745252650685, 'batch_size': 147, 'beta_1': 0.6971634030188492, 'beta_2': 0.994734883138893, 'epsilon': 2.082066988240728e-07, 'hidden_layer_sizes': 113, 'learning_rate_init': 1.2794015202051162e-05, 'tol': 1.5229354151081041e-05, 'validation_fraction': 0.3579627033253378}]
/home/ryedida/.local/lib/python3.9/site-packages/sklearn/neural_network/_multilayer_perceptron.py:686: ConvergenceWarning: Stochastic Optimizer: Maximum iterations (200) reached and the optimization hasn't converged yet.
  warnings.warn(

function_evaluation time 1.075668 value 29117.099245 suggestion {'alpha': 0.7726745252650685, 'batch_size': 147, 'beta_1': 0.6971634030188492, 'beta_2': 0.994734883138893, 'epsilon': 2.082066988240728e-07, 'hidden_layer_sizes': 113, 'learning_rate_init': 1.2794015202051162e-05, 'tol': 1.5229354151081041e-05, 'validation_fraction': 0.3579627033253378}
observation time 0.000005, current best 3178.351087 at iter 4
Failure in optimizer suggest. Falling back to random search.
name 'activ' is not defined
Traceback (most recent call last):
  File "/home/ryedida/.local/lib/python3.9/site-packages/bayesmark/experiment.py", line 126, in run_study
    next_points = optimizer.suggest(n_suggestions)
  File "/home/ryedida/bbo_challenge_starter_kit/example_submissions/smoothness/optimizer.py", line 109, in suggest
    betas = [self._get_smoothness_reg(guess) for guess in guesses]
  File "/home/ryedida/bbo_challenge_starter_kit/example_submissions/smoothness/optimizer.py", line 109, in <listcomp>
    betas = [self._get_smoothness_reg(guess) for guess in guesses]
  File "/home/ryedida/bbo_challenge_starter_kit/example_submissions/smoothness/optimizer.py", line 49, in _get_smoothness_reg
    if activ > Kz:
NameError: name 'activ' is not defined
suggestion time taken 0.327570 iter 5 next_points [{'alpha': 0.049748886462640945, 'batch_size': 227, 'beta_1': 0.9155334434588618, 'beta_2': 0.999993605828484, 'epsilon': 1.555615663933858e-08, 'hidden_layer_sizes': 130, 'learning_rate_init': 0.002060685276286986, 'tol': 6.0382143595246024e-05, 'validation_fraction': 0.6949318382162606}]
/home/ryedida/.local/lib/python3.9/site-packages/sklearn/neural_network/_multilayer_perceptron.py:605: UserWarning: Got `batch_size` less than 1 or larger than sample size. It is going to be clipped
  warnings.warn(

/home/ryedida/.local/lib/python3.9/site-packages/sklearn/neural_network/_multilayer_perceptron.py:686: ConvergenceWarning: Stochastic Optimizer: Maximum iterations (200) reached and the optimization hasn't converged yet.
  warnings.warn(

function_evaluation time 0.759574 value 22740.497649 suggestion {'alpha': 0.049748886462640945, 'batch_size': 227, 'beta_1': 0.9155334434588618, 'beta_2': 0.999993605828484, 'epsilon': 1.555615663933858e-08, 'hidden_layer_sizes': 130, 'learning_rate_init': 0.002060685276286986, 'tol': 6.0382143595246024e-05, 'validation_fraction': 0.6949318382162606}
observation time 0.000005, current best 3178.351087 at iter 5
Failure in optimizer suggest. Falling back to random search.
name 'activ' is not defined
Traceback (most recent call last):
  File "/home/ryedida/.local/lib/python3.9/site-packages/bayesmark/experiment.py", line 126, in run_study
    next_points = optimizer.suggest(n_suggestions)
  File "/home/ryedida/bbo_challenge_starter_kit/example_submissions/smoothness/optimizer.py", line 109, in suggest
    betas = [self._get_smoothness_reg(guess) for guess in guesses]
  File "/home/ryedida/bbo_challenge_starter_kit/example_submissions/smoothness/optimizer.py", line 109, in <listcomp>
    betas = [self._get_smoothness_reg(guess) for guess in guesses]
  File "/home/ryedida/bbo_challenge_starter_kit/example_submissions/smoothness/optimizer.py", line 49, in _get_smoothness_reg
    if activ > Kz:
NameError: name 'activ' is not defined
suggestion time taken 0.342097 iter 6 next_points [{'alpha': 0.004488203956295246, 'batch_size': 224, 'beta_1': 0.9794781105304688, 'beta_2': 0.9995721574944813, 'epsilon': 1.9731944887639392e-07, 'hidden_layer_sizes': 160, 'learning_rate_init': 0.004740856483987787, 'tol': 4.148352814487086e-05, 'validation_fraction': 0.7614423460586502}]
/home/ryedida/.local/lib/python3.9/site-packages/sklearn/neural_network/_multilayer_perceptron.py:605: UserWarning: Got `batch_size` less than 1 or larger than sample size. It is going to be clipped
  warnings.warn(

/home/ryedida/.local/lib/python3.9/site-packages/sklearn/neural_network/_multilayer_perceptron.py:686: ConvergenceWarning: Stochastic Optimizer: Maximum iterations (200) reached and the optimization hasn't converged yet.
  warnings.warn(

function_evaluation time 0.764932 value 10466.251564 suggestion {'alpha': 0.004488203956295246, 'batch_size': 224, 'beta_1': 0.9794781105304688, 'beta_2': 0.9995721574944813, 'epsilon': 1.9731944887639392e-07, 'hidden_layer_sizes': 160, 'learning_rate_init': 0.004740856483987787, 'tol': 4.148352814487086e-05, 'validation_fraction': 0.7614423460586502}
observation time 0.000004, current best 3178.351087 at iter 6
Failure in optimizer suggest. Falling back to random search.
name 'activ' is not defined
Traceback (most recent call last):
  File "/home/ryedida/.local/lib/python3.9/site-packages/bayesmark/experiment.py", line 126, in run_study
    next_points = optimizer.suggest(n_suggestions)
  File "/home/ryedida/bbo_challenge_starter_kit/example_submissions/smoothness/optimizer.py", line 109, in suggest
    betas = [self._get_smoothness_reg(guess) for guess in guesses]
  File "/home/ryedida/bbo_challenge_starter_kit/example_submissions/smoothness/optimizer.py", line 109, in <listcomp>
    betas = [self._get_smoothness_reg(guess) for guess in guesses]
  File "/home/ryedida/bbo_challenge_starter_kit/example_submissions/smoothness/optimizer.py", line 49, in _get_smoothness_reg
    if activ > Kz:
NameError: name 'activ' is not defined
suggestion time taken 0.484747 iter 7 next_points [{'alpha': 0.6520007852033696, 'batch_size': 167, 'beta_1': 0.986187923789189, 'beta_2': 0.9997175324016447, 'epsilon': 4.889729727579206e-07, 'hidden_layer_sizes': 174, 'learning_rate_init': 3.587135046064911e-05, 'tol': 0.03395455178289894, 'validation_fraction': 0.27415836193294385}]
function_evaluation time 0.088295 value 29109.305796 suggestion {'alpha': 0.6520007852033696, 'batch_size': 167, 'beta_1': 0.986187923789189, 'beta_2': 0.9997175324016447, 'epsilon': 4.889729727579206e-07, 'hidden_layer_sizes': 174, 'learning_rate_init': 3.587135046064911e-05, 'tol': 0.03395455178289894, 'validation_fraction': 0.27415836193294385}
observation time 0.000005, current best 3178.351087 at iter 7
Failure in optimizer suggest. Falling back to random search.
name 'activ' is not defined
Traceback (most recent call last):
  File "/home/ryedida/.local/lib/python3.9/site-packages/bayesmark/experiment.py", line 126, in run_study
    next_points = optimizer.suggest(n_suggestions)
  File "/home/ryedida/bbo_challenge_starter_kit/example_submissions/smoothness/optimizer.py", line 109, in suggest
    betas = [self._get_smoothness_reg(guess) for guess in guesses]
  File "/home/ryedida/bbo_challenge_starter_kit/example_submissions/smoothness/optimizer.py", line 109, in <listcomp>
    betas = [self._get_smoothness_reg(guess) for guess in guesses]
  File "/home/ryedida/bbo_challenge_starter_kit/example_submissions/smoothness/optimizer.py", line 49, in _get_smoothness_reg
    if activ > Kz:
NameError: name 'activ' is not defined
suggestion time taken 0.322677 iter 8 next_points [{'alpha': 0.5439068448125391, 'batch_size': 150, 'beta_1': 0.8736135494917193, 'beta_2': 0.9999288053320998, 'epsilon': 4.17285867909855e-08, 'hidden_layer_sizes': 116, 'learning_rate_init': 0.0005276815189426318, 'tol': 0.006801168822355754, 'validation_fraction': 0.7710333865770553}]
/home/ryedida/.local/lib/python3.9/site-packages/sklearn/neural_network/_multilayer_perceptron.py:605: UserWarning: Got `batch_size` less than 1 or larger than sample size. It is going to be clipped
  warnings.warn(

function_evaluation time 0.051883 value 29155.693173 suggestion {'alpha': 0.5439068448125391, 'batch_size': 150, 'beta_1': 0.8736135494917193, 'beta_2': 0.9999288053320998, 'epsilon': 4.17285867909855e-08, 'hidden_layer_sizes': 116, 'learning_rate_init': 0.0005276815189426318, 'tol': 0.006801168822355754, 'validation_fraction': 0.7710333865770553}
observation time 0.000004, current best 3178.351087 at iter 8
Failure in optimizer suggest. Falling back to random search.
name 'activ' is not defined
Traceback (most recent call last):
  File "/home/ryedida/.local/lib/python3.9/site-packages/bayesmark/experiment.py", line 126, in run_study
    next_points = optimizer.suggest(n_suggestions)
  File "/home/ryedida/bbo_challenge_starter_kit/example_submissions/smoothness/optimizer.py", line 109, in suggest
    betas = [self._get_smoothness_reg(guess) for guess in guesses]
  File "/home/ryedida/bbo_challenge_starter_kit/example_submissions/smoothness/optimizer.py", line 109, in <listcomp>
    betas = [self._get_smoothness_reg(guess) for guess in guesses]
  File "/home/ryedida/bbo_challenge_starter_kit/example_submissions/smoothness/optimizer.py", line 49, in _get_smoothness_reg
    if activ > Kz:
NameError: name 'activ' is not defined
suggestion time taken 0.324800 iter 9 next_points [{'alpha': 0.0006387734345953864, 'batch_size': 241, 'beta_1': 0.9487090231839339, 'beta_2': 0.9820320610379505, 'epsilon': 1.2255526822344898e-07, 'hidden_layer_sizes': 112, 'learning_rate_init': 0.036583886648082625, 'tol': 0.0006088196425502675, 'validation_fraction': 0.16242172788366524}]
function_evaluation time 0.319325 value 4277.199454 suggestion {'alpha': 0.0006387734345953864, 'batch_size': 241, 'beta_1': 0.9487090231839339, 'beta_2': 0.9820320610379505, 'epsilon': 1.2255526822344898e-07, 'hidden_layer_sizes': 112, 'learning_rate_init': 0.036583886648082625, 'tol': 0.0006088196425502675, 'validation_fraction': 0.16242172788366524}
observation time 0.000005, current best 3178.351087 at iter 9
Failure in optimizer suggest. Falling back to random search.
name 'activ' is not defined
Traceback (most recent call last):
  File "/home/ryedida/.local/lib/python3.9/site-packages/bayesmark/experiment.py", line 126, in run_study
    next_points = optimizer.suggest(n_suggestions)
  File "/home/ryedida/bbo_challenge_starter_kit/example_submissions/smoothness/optimizer.py", line 109, in suggest
    betas = [self._get_smoothness_reg(guess) for guess in guesses]
  File "/home/ryedida/bbo_challenge_starter_kit/example_submissions/smoothness/optimizer.py", line 109, in <listcomp>
    betas = [self._get_smoothness_reg(guess) for guess in guesses]
  File "/home/ryedida/bbo_challenge_starter_kit/example_submissions/smoothness/optimizer.py", line 49, in _get_smoothness_reg
    if activ > Kz:
NameError: name 'activ' is not defined
suggestion time taken 0.321801 iter 10 next_points [{'alpha': 2.8533625872608632, 'batch_size': 240, 'beta_1': 0.9891617579215813, 'beta_2': 0.9998768387361002, 'epsilon': 3.417550267651845e-08, 'hidden_layer_sizes': 173, 'learning_rate_init': 0.009726062432009606, 'tol': 0.03765564805223696, 'validation_fraction': 0.1851605581057114}]
function_evaluation time 0.158889 value 28398.390154 suggestion {'alpha': 2.8533625872608632, 'batch_size': 240, 'beta_1': 0.9891617579215813, 'beta_2': 0.9998768387361002, 'epsilon': 3.417550267651845e-08, 'hidden_layer_sizes': 173, 'learning_rate_init': 0.009726062432009606, 'tol': 0.03765564805223696, 'validation_fraction': 0.1851605581057114}
observation time 0.000005, current best 3178.351087 at iter 10
Failure in optimizer suggest. Falling back to random search.
name 'activ' is not defined
Traceback (most recent call last):
  File "/home/ryedida/.local/lib/python3.9/site-packages/bayesmark/experiment.py", line 126, in run_study
    next_points = optimizer.suggest(n_suggestions)
  File "/home/ryedida/bbo_challenge_starter_kit/example_submissions/smoothness/optimizer.py", line 109, in suggest
    betas = [self._get_smoothness_reg(guess) for guess in guesses]
  File "/home/ryedida/bbo_challenge_starter_kit/example_submissions/smoothness/optimizer.py", line 109, in <listcomp>
    betas = [self._get_smoothness_reg(guess) for guess in guesses]
  File "/home/ryedida/bbo_challenge_starter_kit/example_submissions/smoothness/optimizer.py", line 49, in _get_smoothness_reg
    if activ > Kz:
NameError: name 'activ' is not defined
suggestion time taken 0.327457 iter 11 next_points [{'alpha': 0.0005717427101463041, 'batch_size': 220, 'beta_1': 0.9622718205913048, 'beta_2': 0.9981955253479208, 'epsilon': 1.1418532878025485e-08, 'hidden_layer_sizes': 82, 'learning_rate_init': 0.014487421174547035, 'tol': 0.00034405633258810455, 'validation_fraction': 0.8825932659755655}]
/home/ryedida/.local/lib/python3.9/site-packages/sklearn/neural_network/_multilayer_perceptron.py:605: UserWarning: Got `batch_size` less than 1 or larger than sample size. It is going to be clipped
  warnings.warn(

function_evaluation time 0.513658 value 3903.864717 suggestion {'alpha': 0.0005717427101463041, 'batch_size': 220, 'beta_1': 0.9622718205913048, 'beta_2': 0.9981955253479208, 'epsilon': 1.1418532878025485e-08, 'hidden_layer_sizes': 82, 'learning_rate_init': 0.014487421174547035, 'tol': 0.00034405633258810455, 'validation_fraction': 0.8825932659755655}
observation time 0.000005, current best 3178.351087 at iter 11
Failure in optimizer suggest. Falling back to random search.
name 'activ' is not defined
Traceback (most recent call last):
  File "/home/ryedida/.local/lib/python3.9/site-packages/bayesmark/experiment.py", line 126, in run_study
    next_points = optimizer.suggest(n_suggestions)
  File "/home/ryedida/bbo_challenge_starter_kit/example_submissions/smoothness/optimizer.py", line 109, in suggest
    betas = [self._get_smoothness_reg(guess) for guess in guesses]
  File "/home/ryedida/bbo_challenge_starter_kit/example_submissions/smoothness/optimizer.py", line 109, in <listcomp>
    betas = [self._get_smoothness_reg(guess) for guess in guesses]
  File "/home/ryedida/bbo_challenge_starter_kit/example_submissions/smoothness/optimizer.py", line 49, in _get_smoothness_reg
    if activ > Kz:
NameError: name 'activ' is not defined
suggestion time taken 0.320700 iter 12 next_points [{'alpha': 0.018758147922735877, 'batch_size': 93, 'beta_1': 0.7889256342870404, 'beta_2': 0.9998726098168577, 'epsilon': 4.832550945370201e-08, 'hidden_layer_sizes': 80, 'learning_rate_init': 0.015374294299366454, 'tol': 0.015956157638588386, 'validation_fraction': 0.7829475217360182}]
/home/ryedida/.local/lib/python3.9/site-packages/sklearn/neural_network/_multilayer_perceptron.py:605: UserWarning: Got `batch_size` less than 1 or larger than sample size. It is going to be clipped
  warnings.warn(

function_evaluation time 0.141428 value 19482.393810 suggestion {'alpha': 0.018758147922735877, 'batch_size': 93, 'beta_1': 0.7889256342870404, 'beta_2': 0.9998726098168577, 'epsilon': 4.832550945370201e-08, 'hidden_layer_sizes': 80, 'learning_rate_init': 0.015374294299366454, 'tol': 0.015956157638588386, 'validation_fraction': 0.7829475217360182}
observation time 0.000005, current best 3178.351087 at iter 12
Failure in optimizer suggest. Falling back to random search.
name 'activ' is not defined
Traceback (most recent call last):
  File "/home/ryedida/.local/lib/python3.9/site-packages/bayesmark/experiment.py", line 126, in run_study
    next_points = optimizer.suggest(n_suggestions)
  File "/home/ryedida/bbo_challenge_starter_kit/example_submissions/smoothness/optimizer.py", line 109, in suggest
    betas = [self._get_smoothness_reg(guess) for guess in guesses]
  File "/home/ryedida/bbo_challenge_starter_kit/example_submissions/smoothness/optimizer.py", line 109, in <listcomp>
    betas = [self._get_smoothness_reg(guess) for guess in guesses]
  File "/home/ryedida/bbo_challenge_starter_kit/example_submissions/smoothness/optimizer.py", line 49, in _get_smoothness_reg
    if activ > Kz:
NameError: name 'activ' is not defined
suggestion time taken 0.320199 iter 13 next_points [{'alpha': 0.11057064475961467, 'batch_size': 46, 'beta_1': 0.978319142826494, 'beta_2': 0.9943512342802403, 'epsilon': 5.5494792496119924e-08, 'hidden_layer_sizes': 104, 'learning_rate_init': 0.03466158068656278, 'tol': 0.07423220466784829, 'validation_fraction': 0.10340298974160828}]
function_evaluation time 0.150399 value 3326.010008 suggestion {'alpha': 0.11057064475961467, 'batch_size': 46, 'beta_1': 0.978319142826494, 'beta_2': 0.9943512342802403, 'epsilon': 5.5494792496119924e-08, 'hidden_layer_sizes': 104, 'learning_rate_init': 0.03466158068656278, 'tol': 0.07423220466784829, 'validation_fraction': 0.10340298974160828}
observation time 0.000005, current best 3178.351087 at iter 13
Failure in optimizer suggest. Falling back to random search.
name 'activ' is not defined
Traceback (most recent call last):
  File "/home/ryedida/.local/lib/python3.9/site-packages/bayesmark/experiment.py", line 126, in run_study
    next_points = optimizer.suggest(n_suggestions)
  File "/home/ryedida/bbo_challenge_starter_kit/example_submissions/smoothness/optimizer.py", line 109, in suggest
    betas = [self._get_smoothness_reg(guess) for guess in guesses]
  File "/home/ryedida/bbo_challenge_starter_kit/example_submissions/smoothness/optimizer.py", line 109, in <listcomp>
    betas = [self._get_smoothness_reg(guess) for guess in guesses]
  File "/home/ryedida/bbo_challenge_starter_kit/example_submissions/smoothness/optimizer.py", line 49, in _get_smoothness_reg
    if activ > Kz:
NameError: name 'activ' is not defined
suggestion time taken 0.322579 iter 14 next_points [{'alpha': 2.183072636052445, 'batch_size': 149, 'beta_1': 0.9691004307689772, 'beta_2': 0.9999435672418657, 'epsilon': 2.5723917807197857e-08, 'hidden_layer_sizes': 149, 'learning_rate_init': 2.639340892512498e-05, 'tol': 0.002554657463746349, 'validation_fraction': 0.27474183272617153}]
function_evaluation time 0.083835 value 29104.045168 suggestion {'alpha': 2.183072636052445, 'batch_size': 149, 'beta_1': 0.9691004307689772, 'beta_2': 0.9999435672418657, 'epsilon': 2.5723917807197857e-08, 'hidden_layer_sizes': 149, 'learning_rate_init': 2.639340892512498e-05, 'tol': 0.002554657463746349, 'validation_fraction': 0.27474183272617153}
observation time 0.000005, current best 3178.351087 at iter 14
saving meta data: {'args': {'--uuid': 'bc12caca82fa5f8b80f800aa572679a3', '-db-root': '/home/ryedida/bbo_challenge_starter_kit/output', '--opt-root': '/home/ryedida/bbo_challenge_starter_kit/example_submissions', '--data-root': None, '--db': 'run_20230427_004608', '--opt': 'smoothness', '--data': 'diabetes', '--classifier': 'MLP-adam', '--metric': 'mse', '--calls': 15, '--suggestions': 1, '--jobs-file': None, '--verbose': False, 'dry_run': False, 'rev': 'a376313', 'opt_rev': 'x.x.x'}, 'signature': ([{'alpha': 0.019628224813442792, 'batch_size': 182, 'beta_1': 0.9410202200271762, 'beta_2': 0.9998021557676793, 'epsilon': 1.8662266976518e-08, 'hidden_layer_sizes': 147, 'learning_rate_init': 0.0005627932047415167, 'tol': 0.03690557729213761, 'validation_fraction': 0.8846827852548593}, {'alpha': 0.0019982467392329444, 'batch_size': 200, 'beta_1': 0.919111482530466, 'beta_2': 0.9998488260436156, 'epsilon': 5.981221901152555e-07, 'hidden_layer_sizes': 61, 'learning_rate_init': 2.2310905607443014e-05, 'tol': 1.2046852412030316e-05, 'validation_fraction': 0.8117896445826539}, {'alpha': 0.46659545670218433, 'batch_size': 219, 'beta_1': 0.9889789783750891, 'beta_2': 0.9999896868093284, 'epsilon': 2.4234724484675948e-08, 'hidden_layer_sizes': 167, 'learning_rate_init': 2.972334644335654e-05, 'tol': 0.0036281404040243792, 'validation_fraction': 0.17260651658522078}, {'alpha': 4.656005689076002, 'batch_size': 135, 'beta_1': 0.870503881627747, 'beta_2': 0.9948873266941017, 'epsilon': 2.1023308743480125e-07, 'hidden_layer_sizes': 118, 'learning_rate_init': 0.0018781738757161913, 'tol': 1.1889379831773004e-05, 'validation_fraction': 0.6264327093752792}, {'alpha': 0.04705159350400542, 'batch_size': 158, 'beta_1': 0.9870884262730957, 'beta_2': 0.9999596874382349, 'epsilon': 1.1981845126013875e-08, 'hidden_layer_sizes': 116, 'learning_rate_init': 0.00617340520407431, 'tol': 1.741413418158619e-05, 'validation_fraction': 0.6754299026638921}], [29083.993548572587, 29062.423277324073, 29075.78987471409, 24626.32866834337, 9584.226858493177])}
saving results
saving timing
saving suggest log
done
