running: {'--uuid': 'c0ce9d56c3f0573d9d2d69e1bf58a1e9', '-db-root': '/home/ryedida/bbo_challenge_starter_kit/output', '--opt-root': '/home/ryedida/bbo_challenge_starter_kit/example_submissions', '--data-root': None, '--db': 'run_20230427_004608', '--opt': 'smoothness', '--data': 'diabetes', '--classifier': 'MLP-adam', '--metric': 'mae', '--calls': 15, '--suggestions': 1, '--jobs-file': None, '--verbose': False, 'dry_run': False, 'rev': 'a376313', 'opt_rev': 'x.x.x'}
cmd: python smoothness/optimizer.py -c MLP-adam -d diabetes -o smoothness -u c0ce9d56c3f0573d9d2d69e1bf58a1e9 -m mae -n 15 -p 1 -dir /home/ryedida/bbo_challenge_starter_kit/output -b run_20230427_004608
/home/ryedida/.local/lib/python3.9/site-packages/sklearn/neural_network/_multilayer_perceptron.py:605: UserWarning: Got `batch_size` less than 1 or larger than sample size. It is going to be clipped
  warnings.warn(

/home/ryedida/.local/lib/python3.9/site-packages/sklearn/neural_network/_multilayer_perceptron.py:605: UserWarning: Got `batch_size` less than 1 or larger than sample size. It is going to be clipped
  warnings.warn(

/home/ryedida/.local/lib/python3.9/site-packages/sklearn/neural_network/_multilayer_perceptron.py:605: UserWarning: Got `batch_size` less than 1 or larger than sample size. It is going to be clipped
  warnings.warn(

/home/ryedida/.local/lib/python3.9/site-packages/sklearn/neural_network/_multilayer_perceptron.py:686: ConvergenceWarning: Stochastic Optimizer: Maximum iterations (200) reached and the optimization hasn't converged yet.
  warnings.warn(

/home/ryedida/.local/lib/python3.9/site-packages/sklearn/neural_network/_multilayer_perceptron.py:605: UserWarning: Got `batch_size` less than 1 or larger than sample size. It is going to be clipped
  warnings.warn(

/home/ryedida/.local/lib/python3.9/site-packages/sklearn/neural_network/_multilayer_perceptron.py:686: ConvergenceWarning: Stochastic Optimizer: Maximum iterations (200) reached and the optimization hasn't converged yet.
  warnings.warn(

computed signature: ([{'alpha': 0.019628224813442792, 'batch_size': 182, 'beta_1': 0.9410202200271762, 'beta_2': 0.9998021557676793, 'epsilon': 1.8662266976518e-08, 'hidden_layer_sizes': 147, 'learning_rate_init': 0.0005627932047415167, 'tol': 0.03690557729213761, 'validation_fraction': 0.8846827852548593}, {'alpha': 0.0019982467392329444, 'batch_size': 200, 'beta_1': 0.919111482530466, 'beta_2': 0.9998488260436156, 'epsilon': 5.981221901152555e-07, 'hidden_layer_sizes': 61, 'learning_rate_init': 2.2310905607443014e-05, 'tol': 1.2046852412030316e-05, 'validation_fraction': 0.8117896445826539}, {'alpha': 0.46659545670218433, 'batch_size': 219, 'beta_1': 0.9889789783750891, 'beta_2': 0.9999896868093284, 'epsilon': 2.4234724484675948e-08, 'hidden_layer_sizes': 167, 'learning_rate_init': 2.972334644335654e-05, 'tol': 0.0036281404040243792, 'validation_fraction': 0.17260651658522078}, {'alpha': 4.656005689076002, 'batch_size': 135, 'beta_1': 0.870503881627747, 'beta_2': 0.9948873266941017, 'epsilon': 2.1023308743480125e-07, 'hidden_layer_sizes': 118, 'learning_rate_init': 0.0018781738757161913, 'tol': 1.1889379831773004e-05, 'validation_fraction': 0.6264327093752792}, {'alpha': 0.04705159350400542, 'batch_size': 158, 'beta_1': 0.9870884262730957, 'beta_2': 0.9999596874382349, 'epsilon': 1.1981845126013875e-08, 'hidden_layer_sizes': 116, 'learning_rate_init': 0.00617340520407431, 'tol': 1.741413418158619e-05, 'validation_fraction': 0.6754299026638921}], [151.4971925380264, 151.42763539278994, 151.47026299046811, 136.86202504264318, 75.2055865763391])
Signature errors:
                                  0             1             2         3         4       max
MLP-adam_diabetes_mae  1.919244e-08  6.198704e-08  7.624578e-09  0.000007  0.000034  0.000034
max                    1.919244e-08  6.198704e-08  7.624578e-09  0.000007  0.000034  0.000034
starting sklearn study smoothness MLP-adam diabetes mae 15 1
with data root: None
Failure in optimizer suggest. Falling back to random search.
name 'activ' is not defined
Traceback (most recent call last):
  File "/home/ryedida/.local/lib/python3.9/site-packages/bayesmark/experiment.py", line 126, in run_study
    next_points = optimizer.suggest(n_suggestions)
  File "/home/ryedida/bbo_challenge_starter_kit/example_submissions/smoothness/optimizer.py", line 109, in suggest
    betas = [self._get_smoothness_reg(guess) for guess in guesses]
  File "/home/ryedida/bbo_challenge_starter_kit/example_submissions/smoothness/optimizer.py", line 109, in <listcomp>
    betas = [self._get_smoothness_reg(guess) for guess in guesses]
  File "/home/ryedida/bbo_challenge_starter_kit/example_submissions/smoothness/optimizer.py", line 49, in _get_smoothness_reg
    if activ > Kz:
NameError: name 'activ' is not defined
suggestion time taken 0.495656 iter 0 next_points [{'alpha': 0.00401311509431768, 'batch_size': 64, 'beta_1': 0.9812710096936432, 'beta_2': 0.9044362544169997, 'epsilon': 2.0008771236948617e-07, 'hidden_layer_sizes': 165, 'learning_rate_init': 1.1763793633664365e-05, 'tol': 1.1490002471389214e-05, 'validation_fraction': 0.5424041786466663}]
/home/ryedida/.local/lib/python3.9/site-packages/sklearn/neural_network/_multilayer_perceptron.py:686: ConvergenceWarning: Stochastic Optimizer: Maximum iterations (200) reached and the optimization hasn't converged yet.
  warnings.warn(

function_evaluation time 1.385696 value 151.374962 suggestion {'alpha': 0.00401311509431768, 'batch_size': 64, 'beta_1': 0.9812710096936432, 'beta_2': 0.9044362544169997, 'epsilon': 2.0008771236948617e-07, 'hidden_layer_sizes': 165, 'learning_rate_init': 1.1763793633664365e-05, 'tol': 1.1490002471389214e-05, 'validation_fraction': 0.5424041786466663}
observation time 0.000007, current best 151.374962 at iter 0
Failure in optimizer suggest. Falling back to random search.
name 'activ' is not defined
Traceback (most recent call last):
  File "/home/ryedida/.local/lib/python3.9/site-packages/bayesmark/experiment.py", line 126, in run_study
    next_points = optimizer.suggest(n_suggestions)
  File "/home/ryedida/bbo_challenge_starter_kit/example_submissions/smoothness/optimizer.py", line 109, in suggest
    betas = [self._get_smoothness_reg(guess) for guess in guesses]
  File "/home/ryedida/bbo_challenge_starter_kit/example_submissions/smoothness/optimizer.py", line 109, in <listcomp>
    betas = [self._get_smoothness_reg(guess) for guess in guesses]
  File "/home/ryedida/bbo_challenge_starter_kit/example_submissions/smoothness/optimizer.py", line 49, in _get_smoothness_reg
    if activ > Kz:
NameError: name 'activ' is not defined
suggestion time taken 0.327801 iter 1 next_points [{'alpha': 0.0045007373245869965, 'batch_size': 220, 'beta_1': 0.9304282498030105, 'beta_2': 0.9999979142211157, 'epsilon': 2.3032752838860137e-08, 'hidden_layer_sizes': 148, 'learning_rate_init': 0.000539669800155972, 'tol': 0.00012820190171326502, 'validation_fraction': 0.49111235866855996}]
/home/ryedida/.local/lib/python3.9/site-packages/sklearn/neural_network/_multilayer_perceptron.py:605: UserWarning: Got `batch_size` less than 1 or larger than sample size. It is going to be clipped
  warnings.warn(

/home/ryedida/.local/lib/python3.9/site-packages/sklearn/neural_network/_multilayer_perceptron.py:686: ConvergenceWarning: Stochastic Optimizer: Maximum iterations (200) reached and the optimization hasn't converged yet.
  warnings.warn(

function_evaluation time 0.891218 value 149.405573 suggestion {'alpha': 0.0045007373245869965, 'batch_size': 220, 'beta_1': 0.9304282498030105, 'beta_2': 0.9999979142211157, 'epsilon': 2.3032752838860137e-08, 'hidden_layer_sizes': 148, 'learning_rate_init': 0.000539669800155972, 'tol': 0.00012820190171326502, 'validation_fraction': 0.49111235866855996}
observation time 0.000005, current best 149.405573 at iter 1
Failure in optimizer suggest. Falling back to random search.
name 'activ' is not defined
Traceback (most recent call last):
  File "/home/ryedida/.local/lib/python3.9/site-packages/bayesmark/experiment.py", line 126, in run_study
    next_points = optimizer.suggest(n_suggestions)
  File "/home/ryedida/bbo_challenge_starter_kit/example_submissions/smoothness/optimizer.py", line 109, in suggest
    betas = [self._get_smoothness_reg(guess) for guess in guesses]
  File "/home/ryedida/bbo_challenge_starter_kit/example_submissions/smoothness/optimizer.py", line 109, in <listcomp>
    betas = [self._get_smoothness_reg(guess) for guess in guesses]
  File "/home/ryedida/bbo_challenge_starter_kit/example_submissions/smoothness/optimizer.py", line 49, in _get_smoothness_reg
    if activ > Kz:
NameError: name 'activ' is not defined
suggestion time taken 0.324486 iter 2 next_points [{'alpha': 0.00020308118445330227, 'batch_size': 58, 'beta_1': 0.9798020377198371, 'beta_2': 0.9981495621033042, 'epsilon': 6.533143500763677e-09, 'hidden_layer_sizes': 109, 'learning_rate_init': 0.021609976925872167, 'tol': 0.00013214275558114398, 'validation_fraction': 0.1447248065384438}]
function_evaluation time 0.276969 value 53.180695 suggestion {'alpha': 0.00020308118445330227, 'batch_size': 58, 'beta_1': 0.9798020377198371, 'beta_2': 0.9981495621033042, 'epsilon': 6.533143500763677e-09, 'hidden_layer_sizes': 109, 'learning_rate_init': 0.021609976925872167, 'tol': 0.00013214275558114398, 'validation_fraction': 0.1447248065384438}
observation time 0.000006, current best 53.180695 at iter 2
Failure in optimizer suggest. Falling back to random search.
name 'activ' is not defined
Traceback (most recent call last):
  File "/home/ryedida/.local/lib/python3.9/site-packages/bayesmark/experiment.py", line 126, in run_study
    next_points = optimizer.suggest(n_suggestions)
  File "/home/ryedida/bbo_challenge_starter_kit/example_submissions/smoothness/optimizer.py", line 109, in suggest
    betas = [self._get_smoothness_reg(guess) for guess in guesses]
  File "/home/ryedida/bbo_challenge_starter_kit/example_submissions/smoothness/optimizer.py", line 109, in <listcomp>
    betas = [self._get_smoothness_reg(guess) for guess in guesses]
  File "/home/ryedida/bbo_challenge_starter_kit/example_submissions/smoothness/optimizer.py", line 49, in _get_smoothness_reg
    if activ > Kz:
NameError: name 'activ' is not defined
suggestion time taken 0.353773 iter 3 next_points [{'alpha': 0.06986445072513764, 'batch_size': 71, 'beta_1': 0.687477437147028, 'beta_2': 0.9998852948160305, 'epsilon': 1.3289836553011684e-08, 'hidden_layer_sizes': 169, 'learning_rate_init': 1.8671798875145413e-05, 'tol': 0.0006269621055055261, 'validation_fraction': 0.8879313069617968}]
/home/ryedida/.local/lib/python3.9/site-packages/sklearn/neural_network/_multilayer_perceptron.py:605: UserWarning: Got `batch_size` less than 1 or larger than sample size. It is going to be clipped
  warnings.warn(

function_evaluation time 0.053700 value 151.519227 suggestion {'alpha': 0.06986445072513764, 'batch_size': 71, 'beta_1': 0.687477437147028, 'beta_2': 0.9998852948160305, 'epsilon': 1.3289836553011684e-08, 'hidden_layer_sizes': 169, 'learning_rate_init': 1.8671798875145413e-05, 'tol': 0.0006269621055055261, 'validation_fraction': 0.8879313069617968}
observation time 0.000007, current best 53.180695 at iter 3
Failure in optimizer suggest. Falling back to random search.
name 'activ' is not defined
Traceback (most recent call last):
  File "/home/ryedida/.local/lib/python3.9/site-packages/bayesmark/experiment.py", line 126, in run_study
    next_points = optimizer.suggest(n_suggestions)
  File "/home/ryedida/bbo_challenge_starter_kit/example_submissions/smoothness/optimizer.py", line 109, in suggest
    betas = [self._get_smoothness_reg(guess) for guess in guesses]
  File "/home/ryedida/bbo_challenge_starter_kit/example_submissions/smoothness/optimizer.py", line 109, in <listcomp>
    betas = [self._get_smoothness_reg(guess) for guess in guesses]
  File "/home/ryedida/bbo_challenge_starter_kit/example_submissions/smoothness/optimizer.py", line 49, in _get_smoothness_reg
    if activ > Kz:
NameError: name 'activ' is not defined
suggestion time taken 0.325423 iter 4 next_points [{'alpha': 0.000126123278271125, 'batch_size': 51, 'beta_1': 0.8634724560395051, 'beta_2': 0.9999466631153643, 'epsilon': 3.504347321201478e-07, 'hidden_layer_sizes': 91, 'learning_rate_init': 0.016080564773022155, 'tol': 0.028340334727400385, 'validation_fraction': 0.6403797135138405}]
function_evaluation time 0.249419 value 53.271675 suggestion {'alpha': 0.000126123278271125, 'batch_size': 51, 'beta_1': 0.8634724560395051, 'beta_2': 0.9999466631153643, 'epsilon': 3.504347321201478e-07, 'hidden_layer_sizes': 91, 'learning_rate_init': 0.016080564773022155, 'tol': 0.028340334727400385, 'validation_fraction': 0.6403797135138405}
observation time 0.000006, current best 53.180695 at iter 4
Failure in optimizer suggest. Falling back to random search.
name 'activ' is not defined
Traceback (most recent call last):
  File "/home/ryedida/.local/lib/python3.9/site-packages/bayesmark/experiment.py", line 126, in run_study
    next_points = optimizer.suggest(n_suggestions)
  File "/home/ryedida/bbo_challenge_starter_kit/example_submissions/smoothness/optimizer.py", line 109, in suggest
    betas = [self._get_smoothness_reg(guess) for guess in guesses]
  File "/home/ryedida/bbo_challenge_starter_kit/example_submissions/smoothness/optimizer.py", line 109, in <listcomp>
    betas = [self._get_smoothness_reg(guess) for guess in guesses]
  File "/home/ryedida/bbo_challenge_starter_kit/example_submissions/smoothness/optimizer.py", line 49, in _get_smoothness_reg
    if activ > Kz:
NameError: name 'activ' is not defined
suggestion time taken 0.327672 iter 5 next_points [{'alpha': 0.6577914544399903, 'batch_size': 163, 'beta_1': 0.867329093263105, 'beta_2': 0.9989475455759363, 'epsilon': 5.322282698018124e-07, 'hidden_layer_sizes': 135, 'learning_rate_init': 0.00029330582195430914, 'tol': 0.039035642759747156, 'validation_fraction': 0.8158889377816463}]
/home/ryedida/.local/lib/python3.9/site-packages/sklearn/neural_network/_multilayer_perceptron.py:605: UserWarning: Got `batch_size` less than 1 or larger than sample size. It is going to be clipped
  warnings.warn(

function_evaluation time 0.052557 value 151.465677 suggestion {'alpha': 0.6577914544399903, 'batch_size': 163, 'beta_1': 0.867329093263105, 'beta_2': 0.9989475455759363, 'epsilon': 5.322282698018124e-07, 'hidden_layer_sizes': 135, 'learning_rate_init': 0.00029330582195430914, 'tol': 0.039035642759747156, 'validation_fraction': 0.8158889377816463}
observation time 0.000007, current best 53.180695 at iter 5
Failure in optimizer suggest. Falling back to random search.
name 'activ' is not defined
Traceback (most recent call last):
  File "/home/ryedida/.local/lib/python3.9/site-packages/bayesmark/experiment.py", line 126, in run_study
    next_points = optimizer.suggest(n_suggestions)
  File "/home/ryedida/bbo_challenge_starter_kit/example_submissions/smoothness/optimizer.py", line 109, in suggest
    betas = [self._get_smoothness_reg(guess) for guess in guesses]
  File "/home/ryedida/bbo_challenge_starter_kit/example_submissions/smoothness/optimizer.py", line 109, in <listcomp>
    betas = [self._get_smoothness_reg(guess) for guess in guesses]
  File "/home/ryedida/bbo_challenge_starter_kit/example_submissions/smoothness/optimizer.py", line 49, in _get_smoothness_reg
    if activ > Kz:
NameError: name 'activ' is not defined
suggestion time taken 0.330945 iter 6 next_points [{'alpha': 0.0017272212849510833, 'batch_size': 173, 'beta_1': 0.9068921306890334, 'beta_2': 0.9992556814288749, 'epsilon': 5.114353018164342e-08, 'hidden_layer_sizes': 150, 'learning_rate_init': 2.5518573456079364e-05, 'tol': 4.362635393208569e-05, 'validation_fraction': 0.178540949757289}]
function_evaluation time 0.860631 value 151.456324 suggestion {'alpha': 0.0017272212849510833, 'batch_size': 173, 'beta_1': 0.9068921306890334, 'beta_2': 0.9992556814288749, 'epsilon': 5.114353018164342e-08, 'hidden_layer_sizes': 150, 'learning_rate_init': 2.5518573456079364e-05, 'tol': 4.362635393208569e-05, 'validation_fraction': 0.178540949757289}
observation time 0.000007, current best 53.180695 at iter 6
Failure in optimizer suggest. Falling back to random search.
name 'activ' is not defined
Traceback (most recent call last):
  File "/home/ryedida/.local/lib/python3.9/site-packages/bayesmark/experiment.py", line 126, in run_study
    next_points = optimizer.suggest(n_suggestions)
  File "/home/ryedida/bbo_challenge_starter_kit/example_submissions/smoothness/optimizer.py", line 109, in suggest
    betas = [self._get_smoothness_reg(guess) for guess in guesses]
  File "/home/ryedida/bbo_challenge_starter_kit/example_submissions/smoothness/optimizer.py", line 109, in <listcomp>
    betas = [self._get_smoothness_reg(guess) for guess in guesses]
  File "/home/ryedida/bbo_challenge_starter_kit/example_submissions/smoothness/optimizer.py", line 49, in _get_smoothness_reg
    if activ > Kz:
NameError: name 'activ' is not defined
suggestion time taken 0.460493 iter 7 next_points [{'alpha': 1.0426939455300702e-05, 'batch_size': 178, 'beta_1': 0.9801029431936399, 'beta_2': 0.9999448848957769, 'epsilon': 2.8937167398464445e-08, 'hidden_layer_sizes': 51, 'learning_rate_init': 0.00014111173786952692, 'tol': 0.018565606815402824, 'validation_fraction': 0.3402212679413194}]
function_evaluation time 0.043518 value 151.649952 suggestion {'alpha': 1.0426939455300702e-05, 'batch_size': 178, 'beta_1': 0.9801029431936399, 'beta_2': 0.9999448848957769, 'epsilon': 2.8937167398464445e-08, 'hidden_layer_sizes': 51, 'learning_rate_init': 0.00014111173786952692, 'tol': 0.018565606815402824, 'validation_fraction': 0.3402212679413194}
observation time 0.000006, current best 53.180695 at iter 7
Failure in optimizer suggest. Falling back to random search.
name 'activ' is not defined
Traceback (most recent call last):
  File "/home/ryedida/.local/lib/python3.9/site-packages/bayesmark/experiment.py", line 126, in run_study
    next_points = optimizer.suggest(n_suggestions)
  File "/home/ryedida/bbo_challenge_starter_kit/example_submissions/smoothness/optimizer.py", line 109, in suggest
    betas = [self._get_smoothness_reg(guess) for guess in guesses]
  File "/home/ryedida/bbo_challenge_starter_kit/example_submissions/smoothness/optimizer.py", line 109, in <listcomp>
    betas = [self._get_smoothness_reg(guess) for guess in guesses]
  File "/home/ryedida/bbo_challenge_starter_kit/example_submissions/smoothness/optimizer.py", line 49, in _get_smoothness_reg
    if activ > Kz:
NameError: name 'activ' is not defined
suggestion time taken 0.323914 iter 8 next_points [{'alpha': 0.004797505875350963, 'batch_size': 34, 'beta_1': 0.7683963973122614, 'beta_2': 0.9979252807254353, 'epsilon': 6.761383481112292e-09, 'hidden_layer_sizes': 185, 'learning_rate_init': 0.008245116841319598, 'tol': 0.07450199484903024, 'validation_fraction': 0.5678130639846372}]
function_evaluation time 0.312921 value 53.824191 suggestion {'alpha': 0.004797505875350963, 'batch_size': 34, 'beta_1': 0.7683963973122614, 'beta_2': 0.9979252807254353, 'epsilon': 6.761383481112292e-09, 'hidden_layer_sizes': 185, 'learning_rate_init': 0.008245116841319598, 'tol': 0.07450199484903024, 'validation_fraction': 0.5678130639846372}
observation time 0.000006, current best 53.180695 at iter 8
Failure in optimizer suggest. Falling back to random search.
name 'activ' is not defined
Traceback (most recent call last):
  File "/home/ryedida/.local/lib/python3.9/site-packages/bayesmark/experiment.py", line 126, in run_study
    next_points = optimizer.suggest(n_suggestions)
  File "/home/ryedida/bbo_challenge_starter_kit/example_submissions/smoothness/optimizer.py", line 109, in suggest
    betas = [self._get_smoothness_reg(guess) for guess in guesses]
  File "/home/ryedida/bbo_challenge_starter_kit/example_submissions/smoothness/optimizer.py", line 109, in <listcomp>
    betas = [self._get_smoothness_reg(guess) for guess in guesses]
  File "/home/ryedida/bbo_challenge_starter_kit/example_submissions/smoothness/optimizer.py", line 49, in _get_smoothness_reg
    if activ > Kz:
NameError: name 'activ' is not defined
suggestion time taken 0.319982 iter 9 next_points [{'alpha': 0.010209754550357076, 'batch_size': 239, 'beta_1': 0.5954234811648553, 'beta_2': 0.9921457602923408, 'epsilon': 4.934386700341456e-07, 'hidden_layer_sizes': 145, 'learning_rate_init': 1.998593794985855e-05, 'tol': 0.016186405080298713, 'validation_fraction': 0.4311240639015883}]
/home/ryedida/.local/lib/python3.9/site-packages/sklearn/neural_network/_multilayer_perceptron.py:605: UserWarning: Got `batch_size` less than 1 or larger than sample size. It is going to be clipped
  warnings.warn(

function_evaluation time 0.065078 value 151.520601 suggestion {'alpha': 0.010209754550357076, 'batch_size': 239, 'beta_1': 0.5954234811648553, 'beta_2': 0.9921457602923408, 'epsilon': 4.934386700341456e-07, 'hidden_layer_sizes': 145, 'learning_rate_init': 1.998593794985855e-05, 'tol': 0.016186405080298713, 'validation_fraction': 0.4311240639015883}
observation time 0.000006, current best 53.180695 at iter 9
Failure in optimizer suggest. Falling back to random search.
name 'activ' is not defined
Traceback (most recent call last):
  File "/home/ryedida/.local/lib/python3.9/site-packages/bayesmark/experiment.py", line 126, in run_study
    next_points = optimizer.suggest(n_suggestions)
  File "/home/ryedida/bbo_challenge_starter_kit/example_submissions/smoothness/optimizer.py", line 109, in suggest
    betas = [self._get_smoothness_reg(guess) for guess in guesses]
  File "/home/ryedida/bbo_challenge_starter_kit/example_submissions/smoothness/optimizer.py", line 109, in <listcomp>
    betas = [self._get_smoothness_reg(guess) for guess in guesses]
  File "/home/ryedida/bbo_challenge_starter_kit/example_submissions/smoothness/optimizer.py", line 49, in _get_smoothness_reg
    if activ > Kz:
NameError: name 'activ' is not defined
suggestion time taken 0.313993 iter 10 next_points [{'alpha': 0.02327374628751778, 'batch_size': 92, 'beta_1': 0.8726131518131626, 'beta_2': 0.937630158404129, 'epsilon': 2.1951838817501698e-08, 'hidden_layer_sizes': 192, 'learning_rate_init': 0.00011880308802017193, 'tol': 0.09082569673894715, 'validation_fraction': 0.7131257599362202}]
function_evaluation time 0.064284 value 151.499269 suggestion {'alpha': 0.02327374628751778, 'batch_size': 92, 'beta_1': 0.8726131518131626, 'beta_2': 0.937630158404129, 'epsilon': 2.1951838817501698e-08, 'hidden_layer_sizes': 192, 'learning_rate_init': 0.00011880308802017193, 'tol': 0.09082569673894715, 'validation_fraction': 0.7131257599362202}
observation time 0.000006, current best 53.180695 at iter 10
Failure in optimizer suggest. Falling back to random search.
name 'activ' is not defined
Traceback (most recent call last):
  File "/home/ryedida/.local/lib/python3.9/site-packages/bayesmark/experiment.py", line 126, in run_study
    next_points = optimizer.suggest(n_suggestions)
  File "/home/ryedida/bbo_challenge_starter_kit/example_submissions/smoothness/optimizer.py", line 109, in suggest
    betas = [self._get_smoothness_reg(guess) for guess in guesses]
  File "/home/ryedida/bbo_challenge_starter_kit/example_submissions/smoothness/optimizer.py", line 109, in <listcomp>
    betas = [self._get_smoothness_reg(guess) for guess in guesses]
  File "/home/ryedida/bbo_challenge_starter_kit/example_submissions/smoothness/optimizer.py", line 49, in _get_smoothness_reg
    if activ > Kz:
NameError: name 'activ' is not defined
suggestion time taken 0.321761 iter 11 next_points [{'alpha': 0.5985275921112647, 'batch_size': 75, 'beta_1': 0.9315922892465096, 'beta_2': 0.9372433405195981, 'epsilon': 7.885059545922992e-07, 'hidden_layer_sizes': 66, 'learning_rate_init': 0.0007334455425240968, 'tol': 0.021779369288570275, 'validation_fraction': 0.4248584394736994}]
function_evaluation time 0.054813 value 151.363281 suggestion {'alpha': 0.5985275921112647, 'batch_size': 75, 'beta_1': 0.9315922892465096, 'beta_2': 0.9372433405195981, 'epsilon': 7.885059545922992e-07, 'hidden_layer_sizes': 66, 'learning_rate_init': 0.0007334455425240968, 'tol': 0.021779369288570275, 'validation_fraction': 0.4248584394736994}
observation time 0.000006, current best 53.180695 at iter 11
Failure in optimizer suggest. Falling back to random search.
name 'activ' is not defined
Traceback (most recent call last):
  File "/home/ryedida/.local/lib/python3.9/site-packages/bayesmark/experiment.py", line 126, in run_study
    next_points = optimizer.suggest(n_suggestions)
  File "/home/ryedida/bbo_challenge_starter_kit/example_submissions/smoothness/optimizer.py", line 109, in suggest
    betas = [self._get_smoothness_reg(guess) for guess in guesses]
  File "/home/ryedida/bbo_challenge_starter_kit/example_submissions/smoothness/optimizer.py", line 109, in <listcomp>
    betas = [self._get_smoothness_reg(guess) for guess in guesses]
  File "/home/ryedida/bbo_challenge_starter_kit/example_submissions/smoothness/optimizer.py", line 49, in _get_smoothness_reg
    if activ > Kz:
NameError: name 'activ' is not defined
suggestion time taken 0.316940 iter 12 next_points [{'alpha': 0.010959564800998502, 'batch_size': 241, 'beta_1': 0.9896175397572226, 'beta_2': 0.9996145525709986, 'epsilon': 2.3435227936014553e-07, 'hidden_layer_sizes': 54, 'learning_rate_init': 0.0002897179446215991, 'tol': 0.013130558197062797, 'validation_fraction': 0.8624284764656773}]
/home/ryedida/.local/lib/python3.9/site-packages/sklearn/neural_network/_multilayer_perceptron.py:605: UserWarning: Got `batch_size` less than 1 or larger than sample size. It is going to be clipped
  warnings.warn(

function_evaluation time 0.041901 value 151.609159 suggestion {'alpha': 0.010959564800998502, 'batch_size': 241, 'beta_1': 0.9896175397572226, 'beta_2': 0.9996145525709986, 'epsilon': 2.3435227936014553e-07, 'hidden_layer_sizes': 54, 'learning_rate_init': 0.0002897179446215991, 'tol': 0.013130558197062797, 'validation_fraction': 0.8624284764656773}
observation time 0.000006, current best 53.180695 at iter 12
Failure in optimizer suggest. Falling back to random search.
name 'activ' is not defined
Traceback (most recent call last):
  File "/home/ryedida/.local/lib/python3.9/site-packages/bayesmark/experiment.py", line 126, in run_study
    next_points = optimizer.suggest(n_suggestions)
  File "/home/ryedida/bbo_challenge_starter_kit/example_submissions/smoothness/optimizer.py", line 109, in suggest
    betas = [self._get_smoothness_reg(guess) for guess in guesses]
  File "/home/ryedida/bbo_challenge_starter_kit/example_submissions/smoothness/optimizer.py", line 109, in <listcomp>
    betas = [self._get_smoothness_reg(guess) for guess in guesses]
  File "/home/ryedida/bbo_challenge_starter_kit/example_submissions/smoothness/optimizer.py", line 49, in _get_smoothness_reg
    if activ > Kz:
NameError: name 'activ' is not defined
suggestion time taken 0.341981 iter 13 next_points [{'alpha': 6.786576629638408, 'batch_size': 48, 'beta_1': 0.5473325045729864, 'beta_2': 0.9919385675200499, 'epsilon': 6.021800079310808e-09, 'hidden_layer_sizes': 164, 'learning_rate_init': 0.0007090793104557404, 'tol': 0.06860975536026276, 'validation_fraction': 0.7352918440832305}]
function_evaluation time 0.072381 value 151.233415 suggestion {'alpha': 6.786576629638408, 'batch_size': 48, 'beta_1': 0.5473325045729864, 'beta_2': 0.9919385675200499, 'epsilon': 6.021800079310808e-09, 'hidden_layer_sizes': 164, 'learning_rate_init': 0.0007090793104557404, 'tol': 0.06860975536026276, 'validation_fraction': 0.7352918440832305}
observation time 0.000006, current best 53.180695 at iter 13
Failure in optimizer suggest. Falling back to random search.
name 'activ' is not defined
Traceback (most recent call last):
  File "/home/ryedida/.local/lib/python3.9/site-packages/bayesmark/experiment.py", line 126, in run_study
    next_points = optimizer.suggest(n_suggestions)
  File "/home/ryedida/bbo_challenge_starter_kit/example_submissions/smoothness/optimizer.py", line 109, in suggest
    betas = [self._get_smoothness_reg(guess) for guess in guesses]
  File "/home/ryedida/bbo_challenge_starter_kit/example_submissions/smoothness/optimizer.py", line 109, in <listcomp>
    betas = [self._get_smoothness_reg(guess) for guess in guesses]
  File "/home/ryedida/bbo_challenge_starter_kit/example_submissions/smoothness/optimizer.py", line 49, in _get_smoothness_reg
    if activ > Kz:
NameError: name 'activ' is not defined
suggestion time taken 0.319554 iter 14 next_points [{'alpha': 0.9340153995506136, 'batch_size': 50, 'beta_1': 0.9175806601424147, 'beta_2': 0.9999780833648794, 'epsilon': 2.4748025949389007e-08, 'hidden_layer_sizes': 175, 'learning_rate_init': 0.007580383667342479, 'tol': 0.008948984618353367, 'validation_fraction': 0.8896889822444943}]
/home/ryedida/.local/lib/python3.9/site-packages/sklearn/neural_network/_multilayer_perceptron.py:605: UserWarning: Got `batch_size` less than 1 or larger than sample size. It is going to be clipped
  warnings.warn(

function_evaluation time 0.231398 value 130.338152 suggestion {'alpha': 0.9340153995506136, 'batch_size': 50, 'beta_1': 0.9175806601424147, 'beta_2': 0.9999780833648794, 'epsilon': 2.4748025949389007e-08, 'hidden_layer_sizes': 175, 'learning_rate_init': 0.007580383667342479, 'tol': 0.008948984618353367, 'validation_fraction': 0.8896889822444943}
observation time 0.000007, current best 53.180695 at iter 14
saving meta data: {'args': {'--uuid': 'c0ce9d56c3f0573d9d2d69e1bf58a1e9', '-db-root': '/home/ryedida/bbo_challenge_starter_kit/output', '--opt-root': '/home/ryedida/bbo_challenge_starter_kit/example_submissions', '--data-root': None, '--db': 'run_20230427_004608', '--opt': 'smoothness', '--data': 'diabetes', '--classifier': 'MLP-adam', '--metric': 'mae', '--calls': 15, '--suggestions': 1, '--jobs-file': None, '--verbose': False, 'dry_run': False, 'rev': 'a376313', 'opt_rev': 'x.x.x'}, 'signature': ([{'alpha': 0.019628224813442792, 'batch_size': 182, 'beta_1': 0.9410202200271762, 'beta_2': 0.9998021557676793, 'epsilon': 1.8662266976518e-08, 'hidden_layer_sizes': 147, 'learning_rate_init': 0.0005627932047415167, 'tol': 0.03690557729213761, 'validation_fraction': 0.8846827852548593}, {'alpha': 0.0019982467392329444, 'batch_size': 200, 'beta_1': 0.919111482530466, 'beta_2': 0.9998488260436156, 'epsilon': 5.981221901152555e-07, 'hidden_layer_sizes': 61, 'learning_rate_init': 2.2310905607443014e-05, 'tol': 1.2046852412030316e-05, 'validation_fraction': 0.8117896445826539}, {'alpha': 0.46659545670218433, 'batch_size': 219, 'beta_1': 0.9889789783750891, 'beta_2': 0.9999896868093284, 'epsilon': 2.4234724484675948e-08, 'hidden_layer_sizes': 167, 'learning_rate_init': 2.972334644335654e-05, 'tol': 0.0036281404040243792, 'validation_fraction': 0.17260651658522078}, {'alpha': 4.656005689076002, 'batch_size': 135, 'beta_1': 0.870503881627747, 'beta_2': 0.9948873266941017, 'epsilon': 2.1023308743480125e-07, 'hidden_layer_sizes': 118, 'learning_rate_init': 0.0018781738757161913, 'tol': 1.1889379831773004e-05, 'validation_fraction': 0.6264327093752792}, {'alpha': 0.04705159350400542, 'batch_size': 158, 'beta_1': 0.9870884262730957, 'beta_2': 0.9999596874382349, 'epsilon': 1.1981845126013875e-08, 'hidden_layer_sizes': 116, 'learning_rate_init': 0.00617340520407431, 'tol': 1.741413418158619e-05, 'validation_fraction': 0.6754299026638921}], [151.4971925380264, 151.42763539278994, 151.47026299046811, 136.86202504264318, 75.2055865763391])}
saving results
saving timing
saving suggest log
done
