running: {'--uuid': 'c37152b87a205ca9bc0e7550febec91e', '-db-root': '/home/ryedida/bbo_challenge_starter_kit/output', '--opt-root': '/home/ryedida/bbo_challenge_starter_kit/example_submissions', '--data-root': None, '--db': 'run_20230427_004608', '--opt': 'smoothness', '--data': 'diabetes', '--classifier': 'MLP-adam', '--metric': 'mae', '--calls': 15, '--suggestions': 1, '--jobs-file': None, '--verbose': False, 'dry_run': False, 'rev': 'a376313', 'opt_rev': 'x.x.x'}
cmd: python smoothness/optimizer.py -c MLP-adam -d diabetes -o smoothness -u c37152b87a205ca9bc0e7550febec91e -m mae -n 15 -p 1 -dir /home/ryedida/bbo_challenge_starter_kit/output -b run_20230427_004608
/home/ryedida/.local/lib/python3.9/site-packages/sklearn/neural_network/_multilayer_perceptron.py:605: UserWarning: Got `batch_size` less than 1 or larger than sample size. It is going to be clipped
  warnings.warn(

/home/ryedida/.local/lib/python3.9/site-packages/sklearn/neural_network/_multilayer_perceptron.py:605: UserWarning: Got `batch_size` less than 1 or larger than sample size. It is going to be clipped
  warnings.warn(

/home/ryedida/.local/lib/python3.9/site-packages/sklearn/neural_network/_multilayer_perceptron.py:605: UserWarning: Got `batch_size` less than 1 or larger than sample size. It is going to be clipped
  warnings.warn(

/home/ryedida/.local/lib/python3.9/site-packages/sklearn/neural_network/_multilayer_perceptron.py:686: ConvergenceWarning: Stochastic Optimizer: Maximum iterations (200) reached and the optimization hasn't converged yet.
  warnings.warn(

/home/ryedida/.local/lib/python3.9/site-packages/sklearn/neural_network/_multilayer_perceptron.py:605: UserWarning: Got `batch_size` less than 1 or larger than sample size. It is going to be clipped
  warnings.warn(

/home/ryedida/.local/lib/python3.9/site-packages/sklearn/neural_network/_multilayer_perceptron.py:686: ConvergenceWarning: Stochastic Optimizer: Maximum iterations (200) reached and the optimization hasn't converged yet.
  warnings.warn(

computed signature: ([{'alpha': 0.019628224813442792, 'batch_size': 182, 'beta_1': 0.9410202200271762, 'beta_2': 0.9998021557676793, 'epsilon': 1.8662266976518e-08, 'hidden_layer_sizes': 147, 'learning_rate_init': 0.0005627932047415167, 'tol': 0.03690557729213761, 'validation_fraction': 0.8846827852548593}, {'alpha': 0.0019982467392329444, 'batch_size': 200, 'beta_1': 0.919111482530466, 'beta_2': 0.9998488260436156, 'epsilon': 5.981221901152555e-07, 'hidden_layer_sizes': 61, 'learning_rate_init': 2.2310905607443014e-05, 'tol': 1.2046852412030316e-05, 'validation_fraction': 0.8117896445826539}, {'alpha': 0.46659545670218433, 'batch_size': 219, 'beta_1': 0.9889789783750891, 'beta_2': 0.9999896868093284, 'epsilon': 2.4234724484675948e-08, 'hidden_layer_sizes': 167, 'learning_rate_init': 2.972334644335654e-05, 'tol': 0.0036281404040243792, 'validation_fraction': 0.17260651658522078}, {'alpha': 4.656005689076002, 'batch_size': 135, 'beta_1': 0.870503881627747, 'beta_2': 0.9948873266941017, 'epsilon': 2.1023308743480125e-07, 'hidden_layer_sizes': 118, 'learning_rate_init': 0.0018781738757161913, 'tol': 1.1889379831773004e-05, 'validation_fraction': 0.6264327093752792}, {'alpha': 0.04705159350400542, 'batch_size': 158, 'beta_1': 0.9870884262730957, 'beta_2': 0.9999596874382349, 'epsilon': 1.1981845126013875e-08, 'hidden_layer_sizes': 116, 'learning_rate_init': 0.00617340520407431, 'tol': 1.741413418158619e-05, 'validation_fraction': 0.6754299026638921}], [151.4971925380264, 151.42763539278994, 151.47026299046811, 136.86202504264318, 75.2055865763391])
Signature errors:
                                  0             1             2         3         4       max
MLP-adam_diabetes_mae  1.919244e-08  6.198704e-08  7.624578e-09  0.000007  0.000034  0.000034
max                    1.919244e-08  6.198704e-08  7.624578e-09  0.000007  0.000034  0.000034
starting sklearn study smoothness MLP-adam diabetes mae 15 1
with data root: None
Failure in optimizer suggest. Falling back to random search.
name 'activ' is not defined
Traceback (most recent call last):
  File "/home/ryedida/.local/lib/python3.9/site-packages/bayesmark/experiment.py", line 126, in run_study
    next_points = optimizer.suggest(n_suggestions)
  File "/home/ryedida/bbo_challenge_starter_kit/example_submissions/smoothness/optimizer.py", line 109, in suggest
    betas = [self._get_smoothness_reg(guess) for guess in guesses]
  File "/home/ryedida/bbo_challenge_starter_kit/example_submissions/smoothness/optimizer.py", line 109, in <listcomp>
    betas = [self._get_smoothness_reg(guess) for guess in guesses]
  File "/home/ryedida/bbo_challenge_starter_kit/example_submissions/smoothness/optimizer.py", line 49, in _get_smoothness_reg
    if activ > Kz:
NameError: name 'activ' is not defined
suggestion time taken 0.496543 iter 0 next_points [{'alpha': 0.0007729973690452778, 'batch_size': 160, 'beta_1': 0.5371141778935229, 'beta_2': 0.9999965987136663, 'epsilon': 3.7328509921326356e-07, 'hidden_layer_sizes': 56, 'learning_rate_init': 0.0008424428489979815, 'tol': 0.027777254719522974, 'validation_fraction': 0.5812700138556025}]
/home/ryedida/.local/lib/python3.9/site-packages/sklearn/neural_network/_multilayer_perceptron.py:605: UserWarning: Got `batch_size` less than 1 or larger than sample size. It is going to be clipped
  warnings.warn(

function_evaluation time 0.046355 value 151.616441 suggestion {'alpha': 0.0007729973690452778, 'batch_size': 160, 'beta_1': 0.5371141778935229, 'beta_2': 0.9999965987136663, 'epsilon': 3.7328509921326356e-07, 'hidden_layer_sizes': 56, 'learning_rate_init': 0.0008424428489979815, 'tol': 0.027777254719522974, 'validation_fraction': 0.5812700138556025}
observation time 0.000007, current best 151.616441 at iter 0
Failure in optimizer suggest. Falling back to random search.
name 'activ' is not defined
Traceback (most recent call last):
  File "/home/ryedida/.local/lib/python3.9/site-packages/bayesmark/experiment.py", line 126, in run_study
    next_points = optimizer.suggest(n_suggestions)
  File "/home/ryedida/bbo_challenge_starter_kit/example_submissions/smoothness/optimizer.py", line 109, in suggest
    betas = [self._get_smoothness_reg(guess) for guess in guesses]
  File "/home/ryedida/bbo_challenge_starter_kit/example_submissions/smoothness/optimizer.py", line 109, in <listcomp>
    betas = [self._get_smoothness_reg(guess) for guess in guesses]
  File "/home/ryedida/bbo_challenge_starter_kit/example_submissions/smoothness/optimizer.py", line 49, in _get_smoothness_reg
    if activ > Kz:
NameError: name 'activ' is not defined
suggestion time taken 0.328447 iter 1 next_points [{'alpha': 0.00022315470559372306, 'batch_size': 98, 'beta_1': 0.9876065207250108, 'beta_2': 0.992332430965799, 'epsilon': 4.844680113568012e-07, 'hidden_layer_sizes': 181, 'learning_rate_init': 0.0002235462848027743, 'tol': 0.0003738419937620248, 'validation_fraction': 0.8091623055439591}]
/home/ryedida/.local/lib/python3.9/site-packages/sklearn/neural_network/_multilayer_perceptron.py:605: UserWarning: Got `batch_size` less than 1 or larger than sample size. It is going to be clipped
  warnings.warn(

function_evaluation time 0.058582 value 151.582444 suggestion {'alpha': 0.00022315470559372306, 'batch_size': 98, 'beta_1': 0.9876065207250108, 'beta_2': 0.992332430965799, 'epsilon': 4.844680113568012e-07, 'hidden_layer_sizes': 181, 'learning_rate_init': 0.0002235462848027743, 'tol': 0.0003738419937620248, 'validation_fraction': 0.8091623055439591}
observation time 0.000006, current best 151.582444 at iter 1
Failure in optimizer suggest. Falling back to random search.
name 'activ' is not defined
Traceback (most recent call last):
  File "/home/ryedida/.local/lib/python3.9/site-packages/bayesmark/experiment.py", line 126, in run_study
    next_points = optimizer.suggest(n_suggestions)
  File "/home/ryedida/bbo_challenge_starter_kit/example_submissions/smoothness/optimizer.py", line 109, in suggest
    betas = [self._get_smoothness_reg(guess) for guess in guesses]
  File "/home/ryedida/bbo_challenge_starter_kit/example_submissions/smoothness/optimizer.py", line 109, in <listcomp>
    betas = [self._get_smoothness_reg(guess) for guess in guesses]
  File "/home/ryedida/bbo_challenge_starter_kit/example_submissions/smoothness/optimizer.py", line 49, in _get_smoothness_reg
    if activ > Kz:
NameError: name 'activ' is not defined
suggestion time taken 0.332190 iter 2 next_points [{'alpha': 1.0034257306250184e-05, 'batch_size': 189, 'beta_1': 0.7901051589758685, 'beta_2': 0.9999981356598383, 'epsilon': 4.0586760864041807e-08, 'hidden_layer_sizes': 76, 'learning_rate_init': 0.00011966343555528971, 'tol': 0.05258309503194598, 'validation_fraction': 0.5127294676540426}]
/home/ryedida/.local/lib/python3.9/site-packages/sklearn/neural_network/_multilayer_perceptron.py:605: UserWarning: Got `batch_size` less than 1 or larger than sample size. It is going to be clipped
  warnings.warn(

function_evaluation time 0.051609 value 151.486512 suggestion {'alpha': 1.0034257306250184e-05, 'batch_size': 189, 'beta_1': 0.7901051589758685, 'beta_2': 0.9999981356598383, 'epsilon': 4.0586760864041807e-08, 'hidden_layer_sizes': 76, 'learning_rate_init': 0.00011966343555528971, 'tol': 0.05258309503194598, 'validation_fraction': 0.5127294676540426}
observation time 0.000006, current best 151.486512 at iter 2
Failure in optimizer suggest. Falling back to random search.
name 'activ' is not defined
Traceback (most recent call last):
  File "/home/ryedida/.local/lib/python3.9/site-packages/bayesmark/experiment.py", line 126, in run_study
    next_points = optimizer.suggest(n_suggestions)
  File "/home/ryedida/bbo_challenge_starter_kit/example_submissions/smoothness/optimizer.py", line 109, in suggest
    betas = [self._get_smoothness_reg(guess) for guess in guesses]
  File "/home/ryedida/bbo_challenge_starter_kit/example_submissions/smoothness/optimizer.py", line 109, in <listcomp>
    betas = [self._get_smoothness_reg(guess) for guess in guesses]
  File "/home/ryedida/bbo_challenge_starter_kit/example_submissions/smoothness/optimizer.py", line 49, in _get_smoothness_reg
    if activ > Kz:
NameError: name 'activ' is not defined
suggestion time taken 0.327921 iter 3 next_points [{'alpha': 0.003924432618887885, 'batch_size': 85, 'beta_1': 0.9837971579899244, 'beta_2': 0.9999981860815317, 'epsilon': 9.605667368516523e-09, 'hidden_layer_sizes': 143, 'learning_rate_init': 0.00020631354477315016, 'tol': 0.0015594211841871244, 'validation_fraction': 0.8956628219485747}]
/home/ryedida/.local/lib/python3.9/site-packages/sklearn/neural_network/_multilayer_perceptron.py:605: UserWarning: Got `batch_size` less than 1 or larger than sample size. It is going to be clipped
  warnings.warn(

function_evaluation time 0.052148 value 151.663284 suggestion {'alpha': 0.003924432618887885, 'batch_size': 85, 'beta_1': 0.9837971579899244, 'beta_2': 0.9999981860815317, 'epsilon': 9.605667368516523e-09, 'hidden_layer_sizes': 143, 'learning_rate_init': 0.00020631354477315016, 'tol': 0.0015594211841871244, 'validation_fraction': 0.8956628219485747}
observation time 0.000006, current best 151.486512 at iter 3
Failure in optimizer suggest. Falling back to random search.
name 'activ' is not defined
Traceback (most recent call last):
  File "/home/ryedida/.local/lib/python3.9/site-packages/bayesmark/experiment.py", line 126, in run_study
    next_points = optimizer.suggest(n_suggestions)
  File "/home/ryedida/bbo_challenge_starter_kit/example_submissions/smoothness/optimizer.py", line 109, in suggest
    betas = [self._get_smoothness_reg(guess) for guess in guesses]
  File "/home/ryedida/bbo_challenge_starter_kit/example_submissions/smoothness/optimizer.py", line 109, in <listcomp>
    betas = [self._get_smoothness_reg(guess) for guess in guesses]
  File "/home/ryedida/bbo_challenge_starter_kit/example_submissions/smoothness/optimizer.py", line 49, in _get_smoothness_reg
    if activ > Kz:
NameError: name 'activ' is not defined
suggestion time taken 0.321777 iter 4 next_points [{'alpha': 0.0005096713169884212, 'batch_size': 22, 'beta_1': 0.9872020934369931, 'beta_2': 0.9119761164735075, 'epsilon': 2.616186196186611e-08, 'hidden_layer_sizes': 125, 'learning_rate_init': 0.00016261745202133794, 'tol': 0.0013345661448042044, 'validation_fraction': 0.5577119720515853}]
function_evaluation time 0.120223 value 151.334071 suggestion {'alpha': 0.0005096713169884212, 'batch_size': 22, 'beta_1': 0.9872020934369931, 'beta_2': 0.9119761164735075, 'epsilon': 2.616186196186611e-08, 'hidden_layer_sizes': 125, 'learning_rate_init': 0.00016261745202133794, 'tol': 0.0013345661448042044, 'validation_fraction': 0.5577119720515853}
observation time 0.000006, current best 151.334071 at iter 4
Failure in optimizer suggest. Falling back to random search.
name 'activ' is not defined
Traceback (most recent call last):
  File "/home/ryedida/.local/lib/python3.9/site-packages/bayesmark/experiment.py", line 126, in run_study
    next_points = optimizer.suggest(n_suggestions)
  File "/home/ryedida/bbo_challenge_starter_kit/example_submissions/smoothness/optimizer.py", line 109, in suggest
    betas = [self._get_smoothness_reg(guess) for guess in guesses]
  File "/home/ryedida/bbo_challenge_starter_kit/example_submissions/smoothness/optimizer.py", line 109, in <listcomp>
    betas = [self._get_smoothness_reg(guess) for guess in guesses]
  File "/home/ryedida/bbo_challenge_starter_kit/example_submissions/smoothness/optimizer.py", line 49, in _get_smoothness_reg
    if activ > Kz:
NameError: name 'activ' is not defined
suggestion time taken 0.329800 iter 5 next_points [{'alpha': 0.03536998426537448, 'batch_size': 226, 'beta_1': 0.8852473892124455, 'beta_2': 0.9175761641686965, 'epsilon': 7.799755335887895e-07, 'hidden_layer_sizes': 116, 'learning_rate_init': 0.02309427799518963, 'tol': 0.0007029435940386734, 'validation_fraction': 0.8733303821448231}]
/home/ryedida/.local/lib/python3.9/site-packages/sklearn/neural_network/_multilayer_perceptron.py:605: UserWarning: Got `batch_size` less than 1 or larger than sample size. It is going to be clipped
  warnings.warn(

function_evaluation time 0.402292 value 50.999194 suggestion {'alpha': 0.03536998426537448, 'batch_size': 226, 'beta_1': 0.8852473892124455, 'beta_2': 0.9175761641686965, 'epsilon': 7.799755335887895e-07, 'hidden_layer_sizes': 116, 'learning_rate_init': 0.02309427799518963, 'tol': 0.0007029435940386734, 'validation_fraction': 0.8733303821448231}
observation time 0.000006, current best 50.999194 at iter 5
Failure in optimizer suggest. Falling back to random search.
name 'activ' is not defined
Traceback (most recent call last):
  File "/home/ryedida/.local/lib/python3.9/site-packages/bayesmark/experiment.py", line 126, in run_study
    next_points = optimizer.suggest(n_suggestions)
  File "/home/ryedida/bbo_challenge_starter_kit/example_submissions/smoothness/optimizer.py", line 109, in suggest
    betas = [self._get_smoothness_reg(guess) for guess in guesses]
  File "/home/ryedida/bbo_challenge_starter_kit/example_submissions/smoothness/optimizer.py", line 109, in <listcomp>
    betas = [self._get_smoothness_reg(guess) for guess in guesses]
  File "/home/ryedida/bbo_challenge_starter_kit/example_submissions/smoothness/optimizer.py", line 49, in _get_smoothness_reg
    if activ > Kz:
NameError: name 'activ' is not defined
suggestion time taken 0.335133 iter 6 next_points [{'alpha': 0.14894772516192825, 'batch_size': 61, 'beta_1': 0.6585895361361331, 'beta_2': 0.9999746317864613, 'epsilon': 6.177754177316433e-08, 'hidden_layer_sizes': 186, 'learning_rate_init': 0.02926379253392937, 'tol': 2.3148448173111662e-05, 'validation_fraction': 0.32523613192671547}]
function_evaluation time 0.589086 value 44.277926 suggestion {'alpha': 0.14894772516192825, 'batch_size': 61, 'beta_1': 0.6585895361361331, 'beta_2': 0.9999746317864613, 'epsilon': 6.177754177316433e-08, 'hidden_layer_sizes': 186, 'learning_rate_init': 0.02926379253392937, 'tol': 2.3148448173111662e-05, 'validation_fraction': 0.32523613192671547}
observation time 0.000006, current best 44.277926 at iter 6
Failure in optimizer suggest. Falling back to random search.
name 'activ' is not defined
Traceback (most recent call last):
  File "/home/ryedida/.local/lib/python3.9/site-packages/bayesmark/experiment.py", line 126, in run_study
    next_points = optimizer.suggest(n_suggestions)
  File "/home/ryedida/bbo_challenge_starter_kit/example_submissions/smoothness/optimizer.py", line 109, in suggest
    betas = [self._get_smoothness_reg(guess) for guess in guesses]
  File "/home/ryedida/bbo_challenge_starter_kit/example_submissions/smoothness/optimizer.py", line 109, in <listcomp>
    betas = [self._get_smoothness_reg(guess) for guess in guesses]
  File "/home/ryedida/bbo_challenge_starter_kit/example_submissions/smoothness/optimizer.py", line 49, in _get_smoothness_reg
    if activ > Kz:
NameError: name 'activ' is not defined
suggestion time taken 0.458396 iter 7 next_points [{'alpha': 0.14834766380924602, 'batch_size': 102, 'beta_1': 0.8678654590361028, 'beta_2': 0.9996371061042828, 'epsilon': 4.0306669600651705e-09, 'hidden_layer_sizes': 124, 'learning_rate_init': 2.514248672580973e-05, 'tol': 0.031495251769702914, 'validation_fraction': 0.2131231173957259}]
function_evaluation time 0.088958 value 151.591886 suggestion {'alpha': 0.14834766380924602, 'batch_size': 102, 'beta_1': 0.8678654590361028, 'beta_2': 0.9996371061042828, 'epsilon': 4.0306669600651705e-09, 'hidden_layer_sizes': 124, 'learning_rate_init': 2.514248672580973e-05, 'tol': 0.031495251769702914, 'validation_fraction': 0.2131231173957259}
observation time 0.000004, current best 44.277926 at iter 7
Failure in optimizer suggest. Falling back to random search.
name 'activ' is not defined
Traceback (most recent call last):
  File "/home/ryedida/.local/lib/python3.9/site-packages/bayesmark/experiment.py", line 126, in run_study
    next_points = optimizer.suggest(n_suggestions)
  File "/home/ryedida/bbo_challenge_starter_kit/example_submissions/smoothness/optimizer.py", line 109, in suggest
    betas = [self._get_smoothness_reg(guess) for guess in guesses]
  File "/home/ryedida/bbo_challenge_starter_kit/example_submissions/smoothness/optimizer.py", line 109, in <listcomp>
    betas = [self._get_smoothness_reg(guess) for guess in guesses]
  File "/home/ryedida/bbo_challenge_starter_kit/example_submissions/smoothness/optimizer.py", line 49, in _get_smoothness_reg
    if activ > Kz:
NameError: name 'activ' is not defined
suggestion time taken 0.322610 iter 8 next_points [{'alpha': 9.594516608011993e-05, 'batch_size': 53, 'beta_1': 0.8713183542453685, 'beta_2': 0.9863480357386006, 'epsilon': 9.591949777255537e-09, 'hidden_layer_sizes': 66, 'learning_rate_init': 0.026082410650910368, 'tol': 0.0069935982278314275, 'validation_fraction': 0.41047723581368023}]
function_evaluation time 0.196731 value 48.610444 suggestion {'alpha': 9.594516608011993e-05, 'batch_size': 53, 'beta_1': 0.8713183542453685, 'beta_2': 0.9863480357386006, 'epsilon': 9.591949777255537e-09, 'hidden_layer_sizes': 66, 'learning_rate_init': 0.026082410650910368, 'tol': 0.0069935982278314275, 'validation_fraction': 0.41047723581368023}
observation time 0.000005, current best 44.277926 at iter 8
Failure in optimizer suggest. Falling back to random search.
name 'activ' is not defined
Traceback (most recent call last):
  File "/home/ryedida/.local/lib/python3.9/site-packages/bayesmark/experiment.py", line 126, in run_study
    next_points = optimizer.suggest(n_suggestions)
  File "/home/ryedida/bbo_challenge_starter_kit/example_submissions/smoothness/optimizer.py", line 109, in suggest
    betas = [self._get_smoothness_reg(guess) for guess in guesses]
  File "/home/ryedida/bbo_challenge_starter_kit/example_submissions/smoothness/optimizer.py", line 109, in <listcomp>
    betas = [self._get_smoothness_reg(guess) for guess in guesses]
  File "/home/ryedida/bbo_challenge_starter_kit/example_submissions/smoothness/optimizer.py", line 49, in _get_smoothness_reg
    if activ > Kz:
NameError: name 'activ' is not defined
suggestion time taken 0.330972 iter 9 next_points [{'alpha': 1.5508970570979704e-05, 'batch_size': 27, 'beta_1': 0.9827325445355988, 'beta_2': 0.999108868095295, 'epsilon': 1.515243490688131e-07, 'hidden_layer_sizes': 157, 'learning_rate_init': 4.5093317831155895e-05, 'tol': 0.00043691694171109406, 'validation_fraction': 0.22573158826211856}]
function_evaluation time 0.167816 value 151.452773 suggestion {'alpha': 1.5508970570979704e-05, 'batch_size': 27, 'beta_1': 0.9827325445355988, 'beta_2': 0.999108868095295, 'epsilon': 1.515243490688131e-07, 'hidden_layer_sizes': 157, 'learning_rate_init': 4.5093317831155895e-05, 'tol': 0.00043691694171109406, 'validation_fraction': 0.22573158826211856}
observation time 0.000006, current best 44.277926 at iter 9
Failure in optimizer suggest. Falling back to random search.
name 'activ' is not defined
Traceback (most recent call last):
  File "/home/ryedida/.local/lib/python3.9/site-packages/bayesmark/experiment.py", line 126, in run_study
    next_points = optimizer.suggest(n_suggestions)
  File "/home/ryedida/bbo_challenge_starter_kit/example_submissions/smoothness/optimizer.py", line 109, in suggest
    betas = [self._get_smoothness_reg(guess) for guess in guesses]
  File "/home/ryedida/bbo_challenge_starter_kit/example_submissions/smoothness/optimizer.py", line 109, in <listcomp>
    betas = [self._get_smoothness_reg(guess) for guess in guesses]
  File "/home/ryedida/bbo_challenge_starter_kit/example_submissions/smoothness/optimizer.py", line 49, in _get_smoothness_reg
    if activ > Kz:
NameError: name 'activ' is not defined
suggestion time taken 0.324732 iter 10 next_points [{'alpha': 0.5500760722706527, 'batch_size': 61, 'beta_1': 0.9711855248650879, 'beta_2': 0.9999928344135531, 'epsilon': 1.2956471966736322e-09, 'hidden_layer_sizes': 153, 'learning_rate_init': 0.0003994114395713865, 'tol': 0.001595118784902567, 'validation_fraction': 0.837341338673347}]
/home/ryedida/.local/lib/python3.9/site-packages/sklearn/neural_network/_multilayer_perceptron.py:605: UserWarning: Got `batch_size` less than 1 or larger than sample size. It is going to be clipped
  warnings.warn(

function_evaluation time 0.053956 value 151.357270 suggestion {'alpha': 0.5500760722706527, 'batch_size': 61, 'beta_1': 0.9711855248650879, 'beta_2': 0.9999928344135531, 'epsilon': 1.2956471966736322e-09, 'hidden_layer_sizes': 153, 'learning_rate_init': 0.0003994114395713865, 'tol': 0.001595118784902567, 'validation_fraction': 0.837341338673347}
observation time 0.000006, current best 44.277926 at iter 10
Failure in optimizer suggest. Falling back to random search.
name 'activ' is not defined
Traceback (most recent call last):
  File "/home/ryedida/.local/lib/python3.9/site-packages/bayesmark/experiment.py", line 126, in run_study
    next_points = optimizer.suggest(n_suggestions)
  File "/home/ryedida/bbo_challenge_starter_kit/example_submissions/smoothness/optimizer.py", line 109, in suggest
    betas = [self._get_smoothness_reg(guess) for guess in guesses]
  File "/home/ryedida/bbo_challenge_starter_kit/example_submissions/smoothness/optimizer.py", line 109, in <listcomp>
    betas = [self._get_smoothness_reg(guess) for guess in guesses]
  File "/home/ryedida/bbo_challenge_starter_kit/example_submissions/smoothness/optimizer.py", line 49, in _get_smoothness_reg
    if activ > Kz:
NameError: name 'activ' is not defined
suggestion time taken 0.323497 iter 11 next_points [{'alpha': 0.5031621099336713, 'batch_size': 32, 'beta_1': 0.9773342269495898, 'beta_2': 0.9998522361297644, 'epsilon': 1.1154168545359724e-07, 'hidden_layer_sizes': 165, 'learning_rate_init': 0.00010567394836379616, 'tol': 0.00013770929178170355, 'validation_fraction': 0.25081277770673954}]
/home/ryedida/.local/lib/python3.9/site-packages/sklearn/neural_network/_multilayer_perceptron.py:686: ConvergenceWarning: Stochastic Optimizer: Maximum iterations (200) reached and the optimization hasn't converged yet.
  warnings.warn(

function_evaluation time 1.801115 value 147.229566 suggestion {'alpha': 0.5031621099336713, 'batch_size': 32, 'beta_1': 0.9773342269495898, 'beta_2': 0.9998522361297644, 'epsilon': 1.1154168545359724e-07, 'hidden_layer_sizes': 165, 'learning_rate_init': 0.00010567394836379616, 'tol': 0.00013770929178170355, 'validation_fraction': 0.25081277770673954}
observation time 0.000005, current best 44.277926 at iter 11
Failure in optimizer suggest. Falling back to random search.
name 'activ' is not defined
Traceback (most recent call last):
  File "/home/ryedida/.local/lib/python3.9/site-packages/bayesmark/experiment.py", line 126, in run_study
    next_points = optimizer.suggest(n_suggestions)
  File "/home/ryedida/bbo_challenge_starter_kit/example_submissions/smoothness/optimizer.py", line 109, in suggest
    betas = [self._get_smoothness_reg(guess) for guess in guesses]
  File "/home/ryedida/bbo_challenge_starter_kit/example_submissions/smoothness/optimizer.py", line 109, in <listcomp>
    betas = [self._get_smoothness_reg(guess) for guess in guesses]
  File "/home/ryedida/bbo_challenge_starter_kit/example_submissions/smoothness/optimizer.py", line 49, in _get_smoothness_reg
    if activ > Kz:
NameError: name 'activ' is not defined
suggestion time taken 0.323322 iter 12 next_points [{'alpha': 5.8496491394001685e-05, 'batch_size': 67, 'beta_1': 0.9170509615959742, 'beta_2': 0.998854729730203, 'epsilon': 1.1446576136723714e-07, 'hidden_layer_sizes': 154, 'learning_rate_init': 0.007217355692187747, 'tol': 0.002364540540312937, 'validation_fraction': 0.4407130768199092}]
function_evaluation time 0.589038 value 50.460140 suggestion {'alpha': 5.8496491394001685e-05, 'batch_size': 67, 'beta_1': 0.9170509615959742, 'beta_2': 0.998854729730203, 'epsilon': 1.1446576136723714e-07, 'hidden_layer_sizes': 154, 'learning_rate_init': 0.007217355692187747, 'tol': 0.002364540540312937, 'validation_fraction': 0.4407130768199092}
observation time 0.000006, current best 44.277926 at iter 12
Failure in optimizer suggest. Falling back to random search.
name 'activ' is not defined
Traceback (most recent call last):
  File "/home/ryedida/.local/lib/python3.9/site-packages/bayesmark/experiment.py", line 126, in run_study
    next_points = optimizer.suggest(n_suggestions)
  File "/home/ryedida/bbo_challenge_starter_kit/example_submissions/smoothness/optimizer.py", line 109, in suggest
    betas = [self._get_smoothness_reg(guess) for guess in guesses]
  File "/home/ryedida/bbo_challenge_starter_kit/example_submissions/smoothness/optimizer.py", line 109, in <listcomp>
    betas = [self._get_smoothness_reg(guess) for guess in guesses]
  File "/home/ryedida/bbo_challenge_starter_kit/example_submissions/smoothness/optimizer.py", line 49, in _get_smoothness_reg
    if activ > Kz:
NameError: name 'activ' is not defined
suggestion time taken 0.316099 iter 13 next_points [{'alpha': 0.0033433913626772028, 'batch_size': 19, 'beta_1': 0.9612243444621733, 'beta_2': 0.9999965686836215, 'epsilon': 1.6656164984921133e-07, 'hidden_layer_sizes': 85, 'learning_rate_init': 0.0001265402827677758, 'tol': 0.002100835317322836, 'validation_fraction': 0.8021580620225917}]
function_evaluation time 0.074201 value 151.603812 suggestion {'alpha': 0.0033433913626772028, 'batch_size': 19, 'beta_1': 0.9612243444621733, 'beta_2': 0.9999965686836215, 'epsilon': 1.6656164984921133e-07, 'hidden_layer_sizes': 85, 'learning_rate_init': 0.0001265402827677758, 'tol': 0.002100835317322836, 'validation_fraction': 0.8021580620225917}
observation time 0.000006, current best 44.277926 at iter 13
Failure in optimizer suggest. Falling back to random search.
name 'activ' is not defined
Traceback (most recent call last):
  File "/home/ryedida/.local/lib/python3.9/site-packages/bayesmark/experiment.py", line 126, in run_study
    next_points = optimizer.suggest(n_suggestions)
  File "/home/ryedida/bbo_challenge_starter_kit/example_submissions/smoothness/optimizer.py", line 109, in suggest
    betas = [self._get_smoothness_reg(guess) for guess in guesses]
  File "/home/ryedida/bbo_challenge_starter_kit/example_submissions/smoothness/optimizer.py", line 109, in <listcomp>
    betas = [self._get_smoothness_reg(guess) for guess in guesses]
  File "/home/ryedida/bbo_challenge_starter_kit/example_submissions/smoothness/optimizer.py", line 49, in _get_smoothness_reg
    if activ > Kz:
NameError: name 'activ' is not defined
suggestion time taken 0.319037 iter 14 next_points [{'alpha': 9.226186669857497e-05, 'batch_size': 242, 'beta_1': 0.9841806408565482, 'beta_2': 0.9999653537651315, 'epsilon': 9.04940409708082e-09, 'hidden_layer_sizes': 152, 'learning_rate_init': 3.785476783193419e-05, 'tol': 5.695645751962039e-05, 'validation_fraction': 0.3807139619594}]
/home/ryedida/.local/lib/python3.9/site-packages/sklearn/neural_network/_multilayer_perceptron.py:605: UserWarning: Got `batch_size` less than 1 or larger than sample size. It is going to be clipped
  warnings.warn(

function_evaluation time 0.066452 value 151.522344 suggestion {'alpha': 9.226186669857497e-05, 'batch_size': 242, 'beta_1': 0.9841806408565482, 'beta_2': 0.9999653537651315, 'epsilon': 9.04940409708082e-09, 'hidden_layer_sizes': 152, 'learning_rate_init': 3.785476783193419e-05, 'tol': 5.695645751962039e-05, 'validation_fraction': 0.3807139619594}
observation time 0.000006, current best 44.277926 at iter 14
saving meta data: {'args': {'--uuid': 'c37152b87a205ca9bc0e7550febec91e', '-db-root': '/home/ryedida/bbo_challenge_starter_kit/output', '--opt-root': '/home/ryedida/bbo_challenge_starter_kit/example_submissions', '--data-root': None, '--db': 'run_20230427_004608', '--opt': 'smoothness', '--data': 'diabetes', '--classifier': 'MLP-adam', '--metric': 'mae', '--calls': 15, '--suggestions': 1, '--jobs-file': None, '--verbose': False, 'dry_run': False, 'rev': 'a376313', 'opt_rev': 'x.x.x'}, 'signature': ([{'alpha': 0.019628224813442792, 'batch_size': 182, 'beta_1': 0.9410202200271762, 'beta_2': 0.9998021557676793, 'epsilon': 1.8662266976518e-08, 'hidden_layer_sizes': 147, 'learning_rate_init': 0.0005627932047415167, 'tol': 0.03690557729213761, 'validation_fraction': 0.8846827852548593}, {'alpha': 0.0019982467392329444, 'batch_size': 200, 'beta_1': 0.919111482530466, 'beta_2': 0.9998488260436156, 'epsilon': 5.981221901152555e-07, 'hidden_layer_sizes': 61, 'learning_rate_init': 2.2310905607443014e-05, 'tol': 1.2046852412030316e-05, 'validation_fraction': 0.8117896445826539}, {'alpha': 0.46659545670218433, 'batch_size': 219, 'beta_1': 0.9889789783750891, 'beta_2': 0.9999896868093284, 'epsilon': 2.4234724484675948e-08, 'hidden_layer_sizes': 167, 'learning_rate_init': 2.972334644335654e-05, 'tol': 0.0036281404040243792, 'validation_fraction': 0.17260651658522078}, {'alpha': 4.656005689076002, 'batch_size': 135, 'beta_1': 0.870503881627747, 'beta_2': 0.9948873266941017, 'epsilon': 2.1023308743480125e-07, 'hidden_layer_sizes': 118, 'learning_rate_init': 0.0018781738757161913, 'tol': 1.1889379831773004e-05, 'validation_fraction': 0.6264327093752792}, {'alpha': 0.04705159350400542, 'batch_size': 158, 'beta_1': 0.9870884262730957, 'beta_2': 0.9999596874382349, 'epsilon': 1.1981845126013875e-08, 'hidden_layer_sizes': 116, 'learning_rate_init': 0.00617340520407431, 'tol': 1.741413418158619e-05, 'validation_fraction': 0.6754299026638921}], [151.4971925380264, 151.42763539278994, 151.47026299046811, 136.86202504264318, 75.2055865763391])}
saving results
saving timing
saving suggest log
done
