running: {'--uuid': 'c76460e484985ecdacebb171f56f4b11', '-db-root': '/home/ryedida/bbo_challenge_starter_kit/output', '--opt-root': '/home/ryedida/bbo_challenge_starter_kit/example_submissions', '--data-root': None, '--db': 'run_20230427_004608', '--opt': 'smoothness', '--data': 'diabetes', '--classifier': 'MLP-adam', '--metric': 'mse', '--calls': 15, '--suggestions': 1, '--jobs-file': None, '--verbose': False, 'dry_run': False, 'rev': 'a376313', 'opt_rev': 'x.x.x'}
cmd: python smoothness/optimizer.py -c MLP-adam -d diabetes -o smoothness -u c76460e484985ecdacebb171f56f4b11 -m mse -n 15 -p 1 -dir /home/ryedida/bbo_challenge_starter_kit/output -b run_20230427_004608
/home/ryedida/.local/lib/python3.9/site-packages/sklearn/neural_network/_multilayer_perceptron.py:605: UserWarning: Got `batch_size` less than 1 or larger than sample size. It is going to be clipped
  warnings.warn(

/home/ryedida/.local/lib/python3.9/site-packages/sklearn/neural_network/_multilayer_perceptron.py:605: UserWarning: Got `batch_size` less than 1 or larger than sample size. It is going to be clipped
  warnings.warn(

/home/ryedida/.local/lib/python3.9/site-packages/sklearn/neural_network/_multilayer_perceptron.py:605: UserWarning: Got `batch_size` less than 1 or larger than sample size. It is going to be clipped
  warnings.warn(

/home/ryedida/.local/lib/python3.9/site-packages/sklearn/neural_network/_multilayer_perceptron.py:686: ConvergenceWarning: Stochastic Optimizer: Maximum iterations (200) reached and the optimization hasn't converged yet.
  warnings.warn(

/home/ryedida/.local/lib/python3.9/site-packages/sklearn/neural_network/_multilayer_perceptron.py:605: UserWarning: Got `batch_size` less than 1 or larger than sample size. It is going to be clipped
  warnings.warn(

/home/ryedida/.local/lib/python3.9/site-packages/sklearn/neural_network/_multilayer_perceptron.py:686: ConvergenceWarning: Stochastic Optimizer: Maximum iterations (200) reached and the optimization hasn't converged yet.
  warnings.warn(

computed signature: ([{'alpha': 0.019628224813442792, 'batch_size': 182, 'beta_1': 0.9410202200271762, 'beta_2': 0.9998021557676793, 'epsilon': 1.8662266976518e-08, 'hidden_layer_sizes': 147, 'learning_rate_init': 0.0005627932047415167, 'tol': 0.03690557729213761, 'validation_fraction': 0.8846827852548593}, {'alpha': 0.0019982467392329444, 'batch_size': 200, 'beta_1': 0.919111482530466, 'beta_2': 0.9998488260436156, 'epsilon': 5.981221901152555e-07, 'hidden_layer_sizes': 61, 'learning_rate_init': 2.2310905607443014e-05, 'tol': 1.2046852412030316e-05, 'validation_fraction': 0.8117896445826539}, {'alpha': 0.46659545670218433, 'batch_size': 219, 'beta_1': 0.9889789783750891, 'beta_2': 0.9999896868093284, 'epsilon': 2.4234724484675948e-08, 'hidden_layer_sizes': 167, 'learning_rate_init': 2.972334644335654e-05, 'tol': 0.0036281404040243792, 'validation_fraction': 0.17260651658522078}, {'alpha': 4.656005689076002, 'batch_size': 135, 'beta_1': 0.870503881627747, 'beta_2': 0.9948873266941017, 'epsilon': 2.1023308743480125e-07, 'hidden_layer_sizes': 118, 'learning_rate_init': 0.0018781738757161913, 'tol': 1.1889379831773004e-05, 'validation_fraction': 0.6264327093752792}, {'alpha': 0.04705159350400542, 'batch_size': 158, 'beta_1': 0.9870884262730957, 'beta_2': 0.9999596874382349, 'epsilon': 1.1981845126013875e-08, 'hidden_layer_sizes': 116, 'learning_rate_init': 0.00617340520407431, 'tol': 1.741413418158619e-05, 'validation_fraction': 0.6754299026638921}], [29083.993548572587, 29062.423277324073, 29075.78987471409, 24626.32866834337, 9584.226858493177])
Signature errors:
                              0         1         2         3         4       max
MLP-adam_diabetes_mse  0.000007  0.000008  0.000003  0.003558  0.004952  0.004952
max                    0.000007  0.000008  0.000003  0.003558  0.004952  0.004952
starting sklearn study smoothness MLP-adam diabetes mse 15 1
with data root: None
Failure in optimizer suggest. Falling back to random search.
name 'activ' is not defined
Traceback (most recent call last):
  File "/home/ryedida/.local/lib/python3.9/site-packages/bayesmark/experiment.py", line 126, in run_study
    next_points = optimizer.suggest(n_suggestions)
  File "/home/ryedida/bbo_challenge_starter_kit/example_submissions/smoothness/optimizer.py", line 109, in suggest
    betas = [self._get_smoothness_reg(guess) for guess in guesses]
  File "/home/ryedida/bbo_challenge_starter_kit/example_submissions/smoothness/optimizer.py", line 109, in <listcomp>
    betas = [self._get_smoothness_reg(guess) for guess in guesses]
  File "/home/ryedida/bbo_challenge_starter_kit/example_submissions/smoothness/optimizer.py", line 49, in _get_smoothness_reg
    if activ > Kz:
NameError: name 'activ' is not defined
suggestion time taken 0.496313 iter 0 next_points [{'alpha': 0.01032215758492008, 'batch_size': 97, 'beta_1': 0.5534437561643838, 'beta_2': 0.9999328810484193, 'epsilon': 4.504403183024423e-09, 'hidden_layer_sizes': 127, 'learning_rate_init': 0.09466742234020188, 'tol': 4.489374813295663e-05, 'validation_fraction': 0.31050758777769216}]
function_evaluation time 0.390214 value 2960.791898 suggestion {'alpha': 0.01032215758492008, 'batch_size': 97, 'beta_1': 0.5534437561643838, 'beta_2': 0.9999328810484193, 'epsilon': 4.504403183024423e-09, 'hidden_layer_sizes': 127, 'learning_rate_init': 0.09466742234020188, 'tol': 4.489374813295663e-05, 'validation_fraction': 0.31050758777769216}
observation time 0.000007, current best 2960.791898 at iter 0
Failure in optimizer suggest. Falling back to random search.
name 'activ' is not defined
Traceback (most recent call last):
  File "/home/ryedida/.local/lib/python3.9/site-packages/bayesmark/experiment.py", line 126, in run_study
    next_points = optimizer.suggest(n_suggestions)
  File "/home/ryedida/bbo_challenge_starter_kit/example_submissions/smoothness/optimizer.py", line 109, in suggest
    betas = [self._get_smoothness_reg(guess) for guess in guesses]
  File "/home/ryedida/bbo_challenge_starter_kit/example_submissions/smoothness/optimizer.py", line 109, in <listcomp>
    betas = [self._get_smoothness_reg(guess) for guess in guesses]
  File "/home/ryedida/bbo_challenge_starter_kit/example_submissions/smoothness/optimizer.py", line 49, in _get_smoothness_reg
    if activ > Kz:
NameError: name 'activ' is not defined
suggestion time taken 0.332713 iter 1 next_points [{'alpha': 4.740067173400767, 'batch_size': 201, 'beta_1': 0.9395657432412307, 'beta_2': 0.9055591129043923, 'epsilon': 8.410699538336282e-07, 'hidden_layer_sizes': 181, 'learning_rate_init': 0.0004095102560433568, 'tol': 1.0227383939514735e-05, 'validation_fraction': 0.7499459816150612}]
/home/ryedida/.local/lib/python3.9/site-packages/sklearn/neural_network/_multilayer_perceptron.py:605: UserWarning: Got `batch_size` less than 1 or larger than sample size. It is going to be clipped
  warnings.warn(

/home/ryedida/.local/lib/python3.9/site-packages/sklearn/neural_network/_multilayer_perceptron.py:686: ConvergenceWarning: Stochastic Optimizer: Maximum iterations (200) reached and the optimization hasn't converged yet.
  warnings.warn(

function_evaluation time 0.837065 value 28591.839887 suggestion {'alpha': 4.740067173400767, 'batch_size': 201, 'beta_1': 0.9395657432412307, 'beta_2': 0.9055591129043923, 'epsilon': 8.410699538336282e-07, 'hidden_layer_sizes': 181, 'learning_rate_init': 0.0004095102560433568, 'tol': 1.0227383939514735e-05, 'validation_fraction': 0.7499459816150612}
observation time 0.000006, current best 2960.791898 at iter 1
Failure in optimizer suggest. Falling back to random search.
name 'activ' is not defined
Traceback (most recent call last):
  File "/home/ryedida/.local/lib/python3.9/site-packages/bayesmark/experiment.py", line 126, in run_study
    next_points = optimizer.suggest(n_suggestions)
  File "/home/ryedida/bbo_challenge_starter_kit/example_submissions/smoothness/optimizer.py", line 109, in suggest
    betas = [self._get_smoothness_reg(guess) for guess in guesses]
  File "/home/ryedida/bbo_challenge_starter_kit/example_submissions/smoothness/optimizer.py", line 109, in <listcomp>
    betas = [self._get_smoothness_reg(guess) for guess in guesses]
  File "/home/ryedida/bbo_challenge_starter_kit/example_submissions/smoothness/optimizer.py", line 49, in _get_smoothness_reg
    if activ > Kz:
NameError: name 'activ' is not defined
suggestion time taken 0.341579 iter 2 next_points [{'alpha': 0.00026528693851468155, 'batch_size': 235, 'beta_1': 0.9765279862053451, 'beta_2': 0.99819937152735, 'epsilon': 3.398649101664141e-08, 'hidden_layer_sizes': 87, 'learning_rate_init': 0.018236674874347047, 'tol': 0.0007927157712485801, 'validation_fraction': 0.4076139670550099}]
/home/ryedida/.local/lib/python3.9/site-packages/sklearn/neural_network/_multilayer_perceptron.py:605: UserWarning: Got `batch_size` less than 1 or larger than sample size. It is going to be clipped
  warnings.warn(

function_evaluation time 0.460924 value 4175.162361 suggestion {'alpha': 0.00026528693851468155, 'batch_size': 235, 'beta_1': 0.9765279862053451, 'beta_2': 0.99819937152735, 'epsilon': 3.398649101664141e-08, 'hidden_layer_sizes': 87, 'learning_rate_init': 0.018236674874347047, 'tol': 0.0007927157712485801, 'validation_fraction': 0.4076139670550099}
observation time 0.000005, current best 2960.791898 at iter 2
Failure in optimizer suggest. Falling back to random search.
name 'activ' is not defined
Traceback (most recent call last):
  File "/home/ryedida/.local/lib/python3.9/site-packages/bayesmark/experiment.py", line 126, in run_study
    next_points = optimizer.suggest(n_suggestions)
  File "/home/ryedida/bbo_challenge_starter_kit/example_submissions/smoothness/optimizer.py", line 109, in suggest
    betas = [self._get_smoothness_reg(guess) for guess in guesses]
  File "/home/ryedida/bbo_challenge_starter_kit/example_submissions/smoothness/optimizer.py", line 109, in <listcomp>
    betas = [self._get_smoothness_reg(guess) for guess in guesses]
  File "/home/ryedida/bbo_challenge_starter_kit/example_submissions/smoothness/optimizer.py", line 49, in _get_smoothness_reg
    if activ > Kz:
NameError: name 'activ' is not defined
suggestion time taken 0.325930 iter 3 next_points [{'alpha': 0.5718938268621482, 'batch_size': 153, 'beta_1': 0.9606446518419515, 'beta_2': 0.9999977826103833, 'epsilon': 2.399025179792078e-07, 'hidden_layer_sizes': 170, 'learning_rate_init': 0.00021953441368145868, 'tol': 0.004814109249500169, 'validation_fraction': 0.6653441907791691}]
/home/ryedida/.local/lib/python3.9/site-packages/sklearn/neural_network/_multilayer_perceptron.py:605: UserWarning: Got `batch_size` less than 1 or larger than sample size. It is going to be clipped
  warnings.warn(

function_evaluation time 0.068085 value 29090.396450 suggestion {'alpha': 0.5718938268621482, 'batch_size': 153, 'beta_1': 0.9606446518419515, 'beta_2': 0.9999977826103833, 'epsilon': 2.399025179792078e-07, 'hidden_layer_sizes': 170, 'learning_rate_init': 0.00021953441368145868, 'tol': 0.004814109249500169, 'validation_fraction': 0.6653441907791691}
observation time 0.000006, current best 2960.791898 at iter 3
Failure in optimizer suggest. Falling back to random search.
name 'activ' is not defined
Traceback (most recent call last):
  File "/home/ryedida/.local/lib/python3.9/site-packages/bayesmark/experiment.py", line 126, in run_study
    next_points = optimizer.suggest(n_suggestions)
  File "/home/ryedida/bbo_challenge_starter_kit/example_submissions/smoothness/optimizer.py", line 109, in suggest
    betas = [self._get_smoothness_reg(guess) for guess in guesses]
  File "/home/ryedida/bbo_challenge_starter_kit/example_submissions/smoothness/optimizer.py", line 109, in <listcomp>
    betas = [self._get_smoothness_reg(guess) for guess in guesses]
  File "/home/ryedida/bbo_challenge_starter_kit/example_submissions/smoothness/optimizer.py", line 49, in _get_smoothness_reg
    if activ > Kz:
NameError: name 'activ' is not defined
suggestion time taken 0.328817 iter 4 next_points [{'alpha': 2.0016397865657063, 'batch_size': 86, 'beta_1': 0.9875584405935267, 'beta_2': 0.9991591209462286, 'epsilon': 7.889842204237118e-07, 'hidden_layer_sizes': 175, 'learning_rate_init': 0.00021951638090899424, 'tol': 2.4251464265266946e-05, 'validation_fraction': 0.6632124909427949}]
/home/ryedida/.local/lib/python3.9/site-packages/sklearn/neural_network/_multilayer_perceptron.py:686: ConvergenceWarning: Stochastic Optimizer: Maximum iterations (200) reached and the optimization hasn't converged yet.
  warnings.warn(

function_evaluation time 1.087111 value 28551.756195 suggestion {'alpha': 2.0016397865657063, 'batch_size': 86, 'beta_1': 0.9875584405935267, 'beta_2': 0.9991591209462286, 'epsilon': 7.889842204237118e-07, 'hidden_layer_sizes': 175, 'learning_rate_init': 0.00021951638090899424, 'tol': 2.4251464265266946e-05, 'validation_fraction': 0.6632124909427949}
observation time 0.000006, current best 2960.791898 at iter 4
Failure in optimizer suggest. Falling back to random search.
name 'activ' is not defined
Traceback (most recent call last):
  File "/home/ryedida/.local/lib/python3.9/site-packages/bayesmark/experiment.py", line 126, in run_study
    next_points = optimizer.suggest(n_suggestions)
  File "/home/ryedida/bbo_challenge_starter_kit/example_submissions/smoothness/optimizer.py", line 109, in suggest
    betas = [self._get_smoothness_reg(guess) for guess in guesses]
  File "/home/ryedida/bbo_challenge_starter_kit/example_submissions/smoothness/optimizer.py", line 109, in <listcomp>
    betas = [self._get_smoothness_reg(guess) for guess in guesses]
  File "/home/ryedida/bbo_challenge_starter_kit/example_submissions/smoothness/optimizer.py", line 49, in _get_smoothness_reg
    if activ > Kz:
NameError: name 'activ' is not defined
suggestion time taken 0.324871 iter 5 next_points [{'alpha': 0.0012455144859925505, 'batch_size': 119, 'beta_1': 0.9237208709215016, 'beta_2': 0.9998988860948017, 'epsilon': 3.468069578863931e-09, 'hidden_layer_sizes': 98, 'learning_rate_init': 1.1482956147562792e-05, 'tol': 0.0002872443039922695, 'validation_fraction': 0.5915183641334475}]
function_evaluation time 0.055601 value 29123.086848 suggestion {'alpha': 0.0012455144859925505, 'batch_size': 119, 'beta_1': 0.9237208709215016, 'beta_2': 0.9998988860948017, 'epsilon': 3.468069578863931e-09, 'hidden_layer_sizes': 98, 'learning_rate_init': 1.1482956147562792e-05, 'tol': 0.0002872443039922695, 'validation_fraction': 0.5915183641334475}
observation time 0.000006, current best 2960.791898 at iter 5
Failure in optimizer suggest. Falling back to random search.
name 'activ' is not defined
Traceback (most recent call last):
  File "/home/ryedida/.local/lib/python3.9/site-packages/bayesmark/experiment.py", line 126, in run_study
    next_points = optimizer.suggest(n_suggestions)
  File "/home/ryedida/bbo_challenge_starter_kit/example_submissions/smoothness/optimizer.py", line 109, in suggest
    betas = [self._get_smoothness_reg(guess) for guess in guesses]
  File "/home/ryedida/bbo_challenge_starter_kit/example_submissions/smoothness/optimizer.py", line 109, in <listcomp>
    betas = [self._get_smoothness_reg(guess) for guess in guesses]
  File "/home/ryedida/bbo_challenge_starter_kit/example_submissions/smoothness/optimizer.py", line 49, in _get_smoothness_reg
    if activ > Kz:
NameError: name 'activ' is not defined
suggestion time taken 0.333376 iter 6 next_points [{'alpha': 0.00620554826572782, 'batch_size': 87, 'beta_1': 0.6376559050853505, 'beta_2': 0.9941159872016531, 'epsilon': 3.0365603957857955e-07, 'hidden_layer_sizes': 129, 'learning_rate_init': 0.02551795149256764, 'tol': 1.2318838434466933e-05, 'validation_fraction': 0.23558664489481929}]
function_evaluation time 0.644537 value 2920.622431 suggestion {'alpha': 0.00620554826572782, 'batch_size': 87, 'beta_1': 0.6376559050853505, 'beta_2': 0.9941159872016531, 'epsilon': 3.0365603957857955e-07, 'hidden_layer_sizes': 129, 'learning_rate_init': 0.02551795149256764, 'tol': 1.2318838434466933e-05, 'validation_fraction': 0.23558664489481929}
observation time 0.000006, current best 2920.622431 at iter 6
Failure in optimizer suggest. Falling back to random search.
name 'activ' is not defined
Traceback (most recent call last):
  File "/home/ryedida/.local/lib/python3.9/site-packages/bayesmark/experiment.py", line 126, in run_study
    next_points = optimizer.suggest(n_suggestions)
  File "/home/ryedida/bbo_challenge_starter_kit/example_submissions/smoothness/optimizer.py", line 109, in suggest
    betas = [self._get_smoothness_reg(guess) for guess in guesses]
  File "/home/ryedida/bbo_challenge_starter_kit/example_submissions/smoothness/optimizer.py", line 109, in <listcomp>
    betas = [self._get_smoothness_reg(guess) for guess in guesses]
  File "/home/ryedida/bbo_challenge_starter_kit/example_submissions/smoothness/optimizer.py", line 49, in _get_smoothness_reg
    if activ > Kz:
NameError: name 'activ' is not defined
suggestion time taken 0.460956 iter 7 next_points [{'alpha': 0.33902604736756653, 'batch_size': 99, 'beta_1': 0.896697958006481, 'beta_2': 0.9988290211721652, 'epsilon': 2.2831378477396844e-08, 'hidden_layer_sizes': 115, 'learning_rate_init': 0.0001640168079187399, 'tol': 0.0001476012741392837, 'validation_fraction': 0.8958063325673985}]
/home/ryedida/.local/lib/python3.9/site-packages/sklearn/neural_network/_multilayer_perceptron.py:605: UserWarning: Got `batch_size` less than 1 or larger than sample size. It is going to be clipped
  warnings.warn(

function_evaluation time 0.050050 value 29096.540412 suggestion {'alpha': 0.33902604736756653, 'batch_size': 99, 'beta_1': 0.896697958006481, 'beta_2': 0.9988290211721652, 'epsilon': 2.2831378477396844e-08, 'hidden_layer_sizes': 115, 'learning_rate_init': 0.0001640168079187399, 'tol': 0.0001476012741392837, 'validation_fraction': 0.8958063325673985}
observation time 0.000006, current best 2920.622431 at iter 7
Failure in optimizer suggest. Falling back to random search.
name 'activ' is not defined
Traceback (most recent call last):
  File "/home/ryedida/.local/lib/python3.9/site-packages/bayesmark/experiment.py", line 126, in run_study
    next_points = optimizer.suggest(n_suggestions)
  File "/home/ryedida/bbo_challenge_starter_kit/example_submissions/smoothness/optimizer.py", line 109, in suggest
    betas = [self._get_smoothness_reg(guess) for guess in guesses]
  File "/home/ryedida/bbo_challenge_starter_kit/example_submissions/smoothness/optimizer.py", line 109, in <listcomp>
    betas = [self._get_smoothness_reg(guess) for guess in guesses]
  File "/home/ryedida/bbo_challenge_starter_kit/example_submissions/smoothness/optimizer.py", line 49, in _get_smoothness_reg
    if activ > Kz:
NameError: name 'activ' is not defined
suggestion time taken 0.326754 iter 8 next_points [{'alpha': 0.0006718323851468202, 'batch_size': 77, 'beta_1': 0.6204517769666902, 'beta_2': 0.9999987198608374, 'epsilon': 4.36338978859737e-08, 'hidden_layer_sizes': 141, 'learning_rate_init': 0.0005268670219276196, 'tol': 0.0022452481628893075, 'validation_fraction': 0.8853801507431354}]
/home/ryedida/.local/lib/python3.9/site-packages/sklearn/neural_network/_multilayer_perceptron.py:605: UserWarning: Got `batch_size` less than 1 or larger than sample size. It is going to be clipped
  warnings.warn(

function_evaluation time 0.052641 value 29049.411145 suggestion {'alpha': 0.0006718323851468202, 'batch_size': 77, 'beta_1': 0.6204517769666902, 'beta_2': 0.9999987198608374, 'epsilon': 4.36338978859737e-08, 'hidden_layer_sizes': 141, 'learning_rate_init': 0.0005268670219276196, 'tol': 0.0022452481628893075, 'validation_fraction': 0.8853801507431354}
observation time 0.000006, current best 2920.622431 at iter 8
Failure in optimizer suggest. Falling back to random search.
name 'activ' is not defined
Traceback (most recent call last):
  File "/home/ryedida/.local/lib/python3.9/site-packages/bayesmark/experiment.py", line 126, in run_study
    next_points = optimizer.suggest(n_suggestions)
  File "/home/ryedida/bbo_challenge_starter_kit/example_submissions/smoothness/optimizer.py", line 109, in suggest
    betas = [self._get_smoothness_reg(guess) for guess in guesses]
  File "/home/ryedida/bbo_challenge_starter_kit/example_submissions/smoothness/optimizer.py", line 109, in <listcomp>
    betas = [self._get_smoothness_reg(guess) for guess in guesses]
  File "/home/ryedida/bbo_challenge_starter_kit/example_submissions/smoothness/optimizer.py", line 49, in _get_smoothness_reg
    if activ > Kz:
NameError: name 'activ' is not defined
suggestion time taken 0.319195 iter 9 next_points [{'alpha': 3.120127020192755, 'batch_size': 162, 'beta_1': 0.9742084739304275, 'beta_2': 0.9999795422816848, 'epsilon': 1.6831546064232116e-07, 'hidden_layer_sizes': 75, 'learning_rate_init': 0.003742069244613382, 'tol': 2.9179175619872407e-05, 'validation_fraction': 0.10378265711354766}]
/home/ryedida/.local/lib/python3.9/site-packages/sklearn/neural_network/_multilayer_perceptron.py:686: ConvergenceWarning: Stochastic Optimizer: Maximum iterations (200) reached and the optimization hasn't converged yet.
  warnings.warn(

function_evaluation time 0.936845 value 5728.428805 suggestion {'alpha': 3.120127020192755, 'batch_size': 162, 'beta_1': 0.9742084739304275, 'beta_2': 0.9999795422816848, 'epsilon': 1.6831546064232116e-07, 'hidden_layer_sizes': 75, 'learning_rate_init': 0.003742069244613382, 'tol': 2.9179175619872407e-05, 'validation_fraction': 0.10378265711354766}
observation time 0.000005, current best 2920.622431 at iter 9
Failure in optimizer suggest. Falling back to random search.
name 'activ' is not defined
Traceback (most recent call last):
  File "/home/ryedida/.local/lib/python3.9/site-packages/bayesmark/experiment.py", line 126, in run_study
    next_points = optimizer.suggest(n_suggestions)
  File "/home/ryedida/bbo_challenge_starter_kit/example_submissions/smoothness/optimizer.py", line 109, in suggest
    betas = [self._get_smoothness_reg(guess) for guess in guesses]
  File "/home/ryedida/bbo_challenge_starter_kit/example_submissions/smoothness/optimizer.py", line 109, in <listcomp>
    betas = [self._get_smoothness_reg(guess) for guess in guesses]
  File "/home/ryedida/bbo_challenge_starter_kit/example_submissions/smoothness/optimizer.py", line 49, in _get_smoothness_reg
    if activ > Kz:
NameError: name 'activ' is not defined
suggestion time taken 0.339521 iter 10 next_points [{'alpha': 0.0007976618197470994, 'batch_size': 237, 'beta_1': 0.965988784839487, 'beta_2': 0.9737644403022649, 'epsilon': 4.1918724706502556e-08, 'hidden_layer_sizes': 180, 'learning_rate_init': 0.0005194728579371128, 'tol': 0.011113604707491613, 'validation_fraction': 0.7431851114838478}]
/home/ryedida/.local/lib/python3.9/site-packages/sklearn/neural_network/_multilayer_perceptron.py:605: UserWarning: Got `batch_size` less than 1 or larger than sample size. It is going to be clipped
  warnings.warn(

function_evaluation time 0.058599 value 29058.569878 suggestion {'alpha': 0.0007976618197470994, 'batch_size': 237, 'beta_1': 0.965988784839487, 'beta_2': 0.9737644403022649, 'epsilon': 4.1918724706502556e-08, 'hidden_layer_sizes': 180, 'learning_rate_init': 0.0005194728579371128, 'tol': 0.011113604707491613, 'validation_fraction': 0.7431851114838478}
observation time 0.000006, current best 2920.622431 at iter 10
Failure in optimizer suggest. Falling back to random search.
name 'activ' is not defined
Traceback (most recent call last):
  File "/home/ryedida/.local/lib/python3.9/site-packages/bayesmark/experiment.py", line 126, in run_study
    next_points = optimizer.suggest(n_suggestions)
  File "/home/ryedida/bbo_challenge_starter_kit/example_submissions/smoothness/optimizer.py", line 109, in suggest
    betas = [self._get_smoothness_reg(guess) for guess in guesses]
  File "/home/ryedida/bbo_challenge_starter_kit/example_submissions/smoothness/optimizer.py", line 109, in <listcomp>
    betas = [self._get_smoothness_reg(guess) for guess in guesses]
  File "/home/ryedida/bbo_challenge_starter_kit/example_submissions/smoothness/optimizer.py", line 49, in _get_smoothness_reg
    if activ > Kz:
NameError: name 'activ' is not defined
suggestion time taken 0.323057 iter 11 next_points [{'alpha': 0.00044661402453879327, 'batch_size': 223, 'beta_1': 0.9374107348459254, 'beta_2': 0.9994005256634282, 'epsilon': 8.668090194968718e-07, 'hidden_layer_sizes': 69, 'learning_rate_init': 0.020571228675967196, 'tol': 0.026123156487585914, 'validation_fraction': 0.6819768628934582}]
/home/ryedida/.local/lib/python3.9/site-packages/sklearn/neural_network/_multilayer_perceptron.py:605: UserWarning: Got `batch_size` less than 1 or larger than sample size. It is going to be clipped
  warnings.warn(

function_evaluation time 0.045867 value 28154.494574 suggestion {'alpha': 0.00044661402453879327, 'batch_size': 223, 'beta_1': 0.9374107348459254, 'beta_2': 0.9994005256634282, 'epsilon': 8.668090194968718e-07, 'hidden_layer_sizes': 69, 'learning_rate_init': 0.020571228675967196, 'tol': 0.026123156487585914, 'validation_fraction': 0.6819768628934582}
observation time 0.000006, current best 2920.622431 at iter 11
Failure in optimizer suggest. Falling back to random search.
name 'activ' is not defined
Traceback (most recent call last):
  File "/home/ryedida/.local/lib/python3.9/site-packages/bayesmark/experiment.py", line 126, in run_study
    next_points = optimizer.suggest(n_suggestions)
  File "/home/ryedida/bbo_challenge_starter_kit/example_submissions/smoothness/optimizer.py", line 109, in suggest
    betas = [self._get_smoothness_reg(guess) for guess in guesses]
  File "/home/ryedida/bbo_challenge_starter_kit/example_submissions/smoothness/optimizer.py", line 109, in <listcomp>
    betas = [self._get_smoothness_reg(guess) for guess in guesses]
  File "/home/ryedida/bbo_challenge_starter_kit/example_submissions/smoothness/optimizer.py", line 49, in _get_smoothness_reg
    if activ > Kz:
NameError: name 'activ' is not defined
suggestion time taken 0.330728 iter 12 next_points [{'alpha': 0.07786931850930272, 'batch_size': 61, 'beta_1': 0.9816142547583278, 'beta_2': 0.9505878530705817, 'epsilon': 1.9940128117085556e-07, 'hidden_layer_sizes': 181, 'learning_rate_init': 0.004118622763522718, 'tol': 9.025600920819028e-05, 'validation_fraction': 0.12980755726923518}]
function_evaluation time 1.106543 value 4333.946003 suggestion {'alpha': 0.07786931850930272, 'batch_size': 61, 'beta_1': 0.9816142547583278, 'beta_2': 0.9505878530705817, 'epsilon': 1.9940128117085556e-07, 'hidden_layer_sizes': 181, 'learning_rate_init': 0.004118622763522718, 'tol': 9.025600920819028e-05, 'validation_fraction': 0.12980755726923518}
observation time 0.000005, current best 2920.622431 at iter 12
Failure in optimizer suggest. Falling back to random search.
name 'activ' is not defined
Traceback (most recent call last):
  File "/home/ryedida/.local/lib/python3.9/site-packages/bayesmark/experiment.py", line 126, in run_study
    next_points = optimizer.suggest(n_suggestions)
  File "/home/ryedida/bbo_challenge_starter_kit/example_submissions/smoothness/optimizer.py", line 109, in suggest
    betas = [self._get_smoothness_reg(guess) for guess in guesses]
  File "/home/ryedida/bbo_challenge_starter_kit/example_submissions/smoothness/optimizer.py", line 109, in <listcomp>
    betas = [self._get_smoothness_reg(guess) for guess in guesses]
  File "/home/ryedida/bbo_challenge_starter_kit/example_submissions/smoothness/optimizer.py", line 49, in _get_smoothness_reg
    if activ > Kz:
NameError: name 'activ' is not defined
suggestion time taken 0.324634 iter 13 next_points [{'alpha': 0.008049176023918084, 'batch_size': 168, 'beta_1': 0.8581826316034193, 'beta_2': 0.9808383402557576, 'epsilon': 9.726391310147446e-09, 'hidden_layer_sizes': 129, 'learning_rate_init': 0.006248465369939752, 'tol': 0.02095942696793495, 'validation_fraction': 0.6098566853303049}]
/home/ryedida/.local/lib/python3.9/site-packages/sklearn/neural_network/_multilayer_perceptron.py:605: UserWarning: Got `batch_size` less than 1 or larger than sample size. It is going to be clipped
  warnings.warn(

function_evaluation time 0.057269 value 28755.263776 suggestion {'alpha': 0.008049176023918084, 'batch_size': 168, 'beta_1': 0.8581826316034193, 'beta_2': 0.9808383402557576, 'epsilon': 9.726391310147446e-09, 'hidden_layer_sizes': 129, 'learning_rate_init': 0.006248465369939752, 'tol': 0.02095942696793495, 'validation_fraction': 0.6098566853303049}
observation time 0.000005, current best 2920.622431 at iter 13
Failure in optimizer suggest. Falling back to random search.
name 'activ' is not defined
Traceback (most recent call last):
  File "/home/ryedida/.local/lib/python3.9/site-packages/bayesmark/experiment.py", line 126, in run_study
    next_points = optimizer.suggest(n_suggestions)
  File "/home/ryedida/bbo_challenge_starter_kit/example_submissions/smoothness/optimizer.py", line 109, in suggest
    betas = [self._get_smoothness_reg(guess) for guess in guesses]
  File "/home/ryedida/bbo_challenge_starter_kit/example_submissions/smoothness/optimizer.py", line 109, in <listcomp>
    betas = [self._get_smoothness_reg(guess) for guess in guesses]
  File "/home/ryedida/bbo_challenge_starter_kit/example_submissions/smoothness/optimizer.py", line 49, in _get_smoothness_reg
    if activ > Kz:
NameError: name 'activ' is not defined
suggestion time taken 0.320053 iter 14 next_points [{'alpha': 0.034619242979734434, 'batch_size': 108, 'beta_1': 0.9281697719717908, 'beta_2': 0.9770066569853423, 'epsilon': 9.892427333386365e-08, 'hidden_layer_sizes': 186, 'learning_rate_init': 0.0014885636686441312, 'tol': 0.006379301058312335, 'validation_fraction': 0.2767300624036479}]
function_evaluation time 0.091546 value 28910.247378 suggestion {'alpha': 0.034619242979734434, 'batch_size': 108, 'beta_1': 0.9281697719717908, 'beta_2': 0.9770066569853423, 'epsilon': 9.892427333386365e-08, 'hidden_layer_sizes': 186, 'learning_rate_init': 0.0014885636686441312, 'tol': 0.006379301058312335, 'validation_fraction': 0.2767300624036479}
observation time 0.000006, current best 2920.622431 at iter 14
saving meta data: {'args': {'--uuid': 'c76460e484985ecdacebb171f56f4b11', '-db-root': '/home/ryedida/bbo_challenge_starter_kit/output', '--opt-root': '/home/ryedida/bbo_challenge_starter_kit/example_submissions', '--data-root': None, '--db': 'run_20230427_004608', '--opt': 'smoothness', '--data': 'diabetes', '--classifier': 'MLP-adam', '--metric': 'mse', '--calls': 15, '--suggestions': 1, '--jobs-file': None, '--verbose': False, 'dry_run': False, 'rev': 'a376313', 'opt_rev': 'x.x.x'}, 'signature': ([{'alpha': 0.019628224813442792, 'batch_size': 182, 'beta_1': 0.9410202200271762, 'beta_2': 0.9998021557676793, 'epsilon': 1.8662266976518e-08, 'hidden_layer_sizes': 147, 'learning_rate_init': 0.0005627932047415167, 'tol': 0.03690557729213761, 'validation_fraction': 0.8846827852548593}, {'alpha': 0.0019982467392329444, 'batch_size': 200, 'beta_1': 0.919111482530466, 'beta_2': 0.9998488260436156, 'epsilon': 5.981221901152555e-07, 'hidden_layer_sizes': 61, 'learning_rate_init': 2.2310905607443014e-05, 'tol': 1.2046852412030316e-05, 'validation_fraction': 0.8117896445826539}, {'alpha': 0.46659545670218433, 'batch_size': 219, 'beta_1': 0.9889789783750891, 'beta_2': 0.9999896868093284, 'epsilon': 2.4234724484675948e-08, 'hidden_layer_sizes': 167, 'learning_rate_init': 2.972334644335654e-05, 'tol': 0.0036281404040243792, 'validation_fraction': 0.17260651658522078}, {'alpha': 4.656005689076002, 'batch_size': 135, 'beta_1': 0.870503881627747, 'beta_2': 0.9948873266941017, 'epsilon': 2.1023308743480125e-07, 'hidden_layer_sizes': 118, 'learning_rate_init': 0.0018781738757161913, 'tol': 1.1889379831773004e-05, 'validation_fraction': 0.6264327093752792}, {'alpha': 0.04705159350400542, 'batch_size': 158, 'beta_1': 0.9870884262730957, 'beta_2': 0.9999596874382349, 'epsilon': 1.1981845126013875e-08, 'hidden_layer_sizes': 116, 'learning_rate_init': 0.00617340520407431, 'tol': 1.741413418158619e-05, 'validation_fraction': 0.6754299026638921}], [29083.993548572587, 29062.423277324073, 29075.78987471409, 24626.32866834337, 9584.226858493177])}
saving results
saving timing
saving suggest log
done
