running: {'--uuid': 'cd6f35a8a3a259db93b76da4e9d9f0b7', '-db-root': '/home/ryedida/bbo_challenge_starter_kit/output', '--opt-root': '/home/ryedida/bbo_challenge_starter_kit/example_submissions', '--data-root': None, '--db': 'run_20230427_004608', '--opt': 'smoothness', '--data': 'diabetes', '--classifier': 'MLP-adam', '--metric': 'mae', '--calls': 15, '--suggestions': 1, '--jobs-file': None, '--verbose': False, 'dry_run': False, 'rev': 'a376313', 'opt_rev': 'x.x.x'}
cmd: python smoothness/optimizer.py -c MLP-adam -d diabetes -o smoothness -u cd6f35a8a3a259db93b76da4e9d9f0b7 -m mae -n 15 -p 1 -dir /home/ryedida/bbo_challenge_starter_kit/output -b run_20230427_004608
/home/ryedida/.local/lib/python3.9/site-packages/sklearn/neural_network/_multilayer_perceptron.py:605: UserWarning: Got `batch_size` less than 1 or larger than sample size. It is going to be clipped
  warnings.warn(

/home/ryedida/.local/lib/python3.9/site-packages/sklearn/neural_network/_multilayer_perceptron.py:605: UserWarning: Got `batch_size` less than 1 or larger than sample size. It is going to be clipped
  warnings.warn(

/home/ryedida/.local/lib/python3.9/site-packages/sklearn/neural_network/_multilayer_perceptron.py:605: UserWarning: Got `batch_size` less than 1 or larger than sample size. It is going to be clipped
  warnings.warn(

/home/ryedida/.local/lib/python3.9/site-packages/sklearn/neural_network/_multilayer_perceptron.py:686: ConvergenceWarning: Stochastic Optimizer: Maximum iterations (200) reached and the optimization hasn't converged yet.
  warnings.warn(

/home/ryedida/.local/lib/python3.9/site-packages/sklearn/neural_network/_multilayer_perceptron.py:605: UserWarning: Got `batch_size` less than 1 or larger than sample size. It is going to be clipped
  warnings.warn(

/home/ryedida/.local/lib/python3.9/site-packages/sklearn/neural_network/_multilayer_perceptron.py:686: ConvergenceWarning: Stochastic Optimizer: Maximum iterations (200) reached and the optimization hasn't converged yet.
  warnings.warn(

computed signature: ([{'alpha': 0.019628224813442792, 'batch_size': 182, 'beta_1': 0.9410202200271762, 'beta_2': 0.9998021557676793, 'epsilon': 1.8662266976518e-08, 'hidden_layer_sizes': 147, 'learning_rate_init': 0.0005627932047415167, 'tol': 0.03690557729213761, 'validation_fraction': 0.8846827852548593}, {'alpha': 0.0019982467392329444, 'batch_size': 200, 'beta_1': 0.919111482530466, 'beta_2': 0.9998488260436156, 'epsilon': 5.981221901152555e-07, 'hidden_layer_sizes': 61, 'learning_rate_init': 2.2310905607443014e-05, 'tol': 1.2046852412030316e-05, 'validation_fraction': 0.8117896445826539}, {'alpha': 0.46659545670218433, 'batch_size': 219, 'beta_1': 0.9889789783750891, 'beta_2': 0.9999896868093284, 'epsilon': 2.4234724484675948e-08, 'hidden_layer_sizes': 167, 'learning_rate_init': 2.972334644335654e-05, 'tol': 0.0036281404040243792, 'validation_fraction': 0.17260651658522078}, {'alpha': 4.656005689076002, 'batch_size': 135, 'beta_1': 0.870503881627747, 'beta_2': 0.9948873266941017, 'epsilon': 2.1023308743480125e-07, 'hidden_layer_sizes': 118, 'learning_rate_init': 0.0018781738757161913, 'tol': 1.1889379831773004e-05, 'validation_fraction': 0.6264327093752792}, {'alpha': 0.04705159350400542, 'batch_size': 158, 'beta_1': 0.9870884262730957, 'beta_2': 0.9999596874382349, 'epsilon': 1.1981845126013875e-08, 'hidden_layer_sizes': 116, 'learning_rate_init': 0.00617340520407431, 'tol': 1.741413418158619e-05, 'validation_fraction': 0.6754299026638921}], [151.4971925380264, 151.42763539278994, 151.47026299046811, 136.86202504264318, 75.2055865763391])
Signature errors:
                                  0             1             2         3         4       max
MLP-adam_diabetes_mae  1.919244e-08  6.198704e-08  7.624578e-09  0.000007  0.000034  0.000034
max                    1.919244e-08  6.198704e-08  7.624578e-09  0.000007  0.000034  0.000034
starting sklearn study smoothness MLP-adam diabetes mae 15 1
with data root: None
Failure in optimizer suggest. Falling back to random search.
name 'activ' is not defined
Traceback (most recent call last):
  File "/home/ryedida/.local/lib/python3.9/site-packages/bayesmark/experiment.py", line 126, in run_study
    next_points = optimizer.suggest(n_suggestions)
  File "/home/ryedida/bbo_challenge_starter_kit/example_submissions/smoothness/optimizer.py", line 109, in suggest
    betas = [self._get_smoothness_reg(guess) for guess in guesses]
  File "/home/ryedida/bbo_challenge_starter_kit/example_submissions/smoothness/optimizer.py", line 109, in <listcomp>
    betas = [self._get_smoothness_reg(guess) for guess in guesses]
  File "/home/ryedida/bbo_challenge_starter_kit/example_submissions/smoothness/optimizer.py", line 49, in _get_smoothness_reg
    if activ > Kz:
NameError: name 'activ' is not defined
suggestion time taken 0.500157 iter 0 next_points [{'alpha': 0.007831176706061071, 'batch_size': 216, 'beta_1': 0.9465728535631479, 'beta_2': 0.9996501002179328, 'epsilon': 5.802757233896482e-07, 'hidden_layer_sizes': 131, 'learning_rate_init': 0.000416432052309283, 'tol': 0.00015338552564670116, 'validation_fraction': 0.47268066399789266}]
/home/ryedida/.local/lib/python3.9/site-packages/sklearn/neural_network/_multilayer_perceptron.py:605: UserWarning: Got `batch_size` less than 1 or larger than sample size. It is going to be clipped
  warnings.warn(

/home/ryedida/.local/lib/python3.9/site-packages/sklearn/neural_network/_multilayer_perceptron.py:686: ConvergenceWarning: Stochastic Optimizer: Maximum iterations (200) reached and the optimization hasn't converged yet.
  warnings.warn(

function_evaluation time 0.868889 value 150.139857 suggestion {'alpha': 0.007831176706061071, 'batch_size': 216, 'beta_1': 0.9465728535631479, 'beta_2': 0.9996501002179328, 'epsilon': 5.802757233896482e-07, 'hidden_layer_sizes': 131, 'learning_rate_init': 0.000416432052309283, 'tol': 0.00015338552564670116, 'validation_fraction': 0.47268066399789266}
observation time 0.000006, current best 150.139857 at iter 0
Failure in optimizer suggest. Falling back to random search.
name 'activ' is not defined
Traceback (most recent call last):
  File "/home/ryedida/.local/lib/python3.9/site-packages/bayesmark/experiment.py", line 126, in run_study
    next_points = optimizer.suggest(n_suggestions)
  File "/home/ryedida/bbo_challenge_starter_kit/example_submissions/smoothness/optimizer.py", line 109, in suggest
    betas = [self._get_smoothness_reg(guess) for guess in guesses]
  File "/home/ryedida/bbo_challenge_starter_kit/example_submissions/smoothness/optimizer.py", line 109, in <listcomp>
    betas = [self._get_smoothness_reg(guess) for guess in guesses]
  File "/home/ryedida/bbo_challenge_starter_kit/example_submissions/smoothness/optimizer.py", line 49, in _get_smoothness_reg
    if activ > Kz:
NameError: name 'activ' is not defined
suggestion time taken 0.351360 iter 1 next_points [{'alpha': 0.008454409568630939, 'batch_size': 21, 'beta_1': 0.6382693139247494, 'beta_2': 0.9999676976952323, 'epsilon': 3.030365990089571e-09, 'hidden_layer_sizes': 146, 'learning_rate_init': 2.365425889296185e-05, 'tol': 0.058284812339513964, 'validation_fraction': 0.6635955443629193}]
function_evaluation time 0.115227 value 151.618112 suggestion {'alpha': 0.008454409568630939, 'batch_size': 21, 'beta_1': 0.6382693139247494, 'beta_2': 0.9999676976952323, 'epsilon': 3.030365990089571e-09, 'hidden_layer_sizes': 146, 'learning_rate_init': 2.365425889296185e-05, 'tol': 0.058284812339513964, 'validation_fraction': 0.6635955443629193}
observation time 0.000006, current best 150.139857 at iter 1
Failure in optimizer suggest. Falling back to random search.
name 'activ' is not defined
Traceback (most recent call last):
  File "/home/ryedida/.local/lib/python3.9/site-packages/bayesmark/experiment.py", line 126, in run_study
    next_points = optimizer.suggest(n_suggestions)
  File "/home/ryedida/bbo_challenge_starter_kit/example_submissions/smoothness/optimizer.py", line 109, in suggest
    betas = [self._get_smoothness_reg(guess) for guess in guesses]
  File "/home/ryedida/bbo_challenge_starter_kit/example_submissions/smoothness/optimizer.py", line 109, in <listcomp>
    betas = [self._get_smoothness_reg(guess) for guess in guesses]
  File "/home/ryedida/bbo_challenge_starter_kit/example_submissions/smoothness/optimizer.py", line 49, in _get_smoothness_reg
    if activ > Kz:
NameError: name 'activ' is not defined
suggestion time taken 0.330478 iter 2 next_points [{'alpha': 0.06799343943335023, 'batch_size': 183, 'beta_1': 0.9327139626236727, 'beta_2': 0.999977269560811, 'epsilon': 4.6919858577274586e-08, 'hidden_layer_sizes': 101, 'learning_rate_init': 2.207822393320432e-05, 'tol': 0.01331814158221702, 'validation_fraction': 0.1748449056246001}]
function_evaluation time 0.076792 value 151.604547 suggestion {'alpha': 0.06799343943335023, 'batch_size': 183, 'beta_1': 0.9327139626236727, 'beta_2': 0.999977269560811, 'epsilon': 4.6919858577274586e-08, 'hidden_layer_sizes': 101, 'learning_rate_init': 2.207822393320432e-05, 'tol': 0.01331814158221702, 'validation_fraction': 0.1748449056246001}
observation time 0.000006, current best 150.139857 at iter 2
Failure in optimizer suggest. Falling back to random search.
name 'activ' is not defined
Traceback (most recent call last):
  File "/home/ryedida/.local/lib/python3.9/site-packages/bayesmark/experiment.py", line 126, in run_study
    next_points = optimizer.suggest(n_suggestions)
  File "/home/ryedida/bbo_challenge_starter_kit/example_submissions/smoothness/optimizer.py", line 109, in suggest
    betas = [self._get_smoothness_reg(guess) for guess in guesses]
  File "/home/ryedida/bbo_challenge_starter_kit/example_submissions/smoothness/optimizer.py", line 109, in <listcomp>
    betas = [self._get_smoothness_reg(guess) for guess in guesses]
  File "/home/ryedida/bbo_challenge_starter_kit/example_submissions/smoothness/optimizer.py", line 49, in _get_smoothness_reg
    if activ > Kz:
NameError: name 'activ' is not defined
suggestion time taken 0.333791 iter 3 next_points [{'alpha': 2.2029766950595993, 'batch_size': 227, 'beta_1': 0.9312914806125785, 'beta_2': 0.9999960881659741, 'epsilon': 4.0013564597023475e-07, 'hidden_layer_sizes': 176, 'learning_rate_init': 1.293798556143258e-05, 'tol': 6.976588485785316e-05, 'validation_fraction': 0.7716198418616926}]
/home/ryedida/.local/lib/python3.9/site-packages/sklearn/neural_network/_multilayer_perceptron.py:605: UserWarning: Got `batch_size` less than 1 or larger than sample size. It is going to be clipped
  warnings.warn(

function_evaluation time 0.058469 value 151.646852 suggestion {'alpha': 2.2029766950595993, 'batch_size': 227, 'beta_1': 0.9312914806125785, 'beta_2': 0.9999960881659741, 'epsilon': 4.0013564597023475e-07, 'hidden_layer_sizes': 176, 'learning_rate_init': 1.293798556143258e-05, 'tol': 6.976588485785316e-05, 'validation_fraction': 0.7716198418616926}
observation time 0.000005, current best 150.139857 at iter 3
Failure in optimizer suggest. Falling back to random search.
name 'activ' is not defined
Traceback (most recent call last):
  File "/home/ryedida/.local/lib/python3.9/site-packages/bayesmark/experiment.py", line 126, in run_study
    next_points = optimizer.suggest(n_suggestions)
  File "/home/ryedida/bbo_challenge_starter_kit/example_submissions/smoothness/optimizer.py", line 109, in suggest
    betas = [self._get_smoothness_reg(guess) for guess in guesses]
  File "/home/ryedida/bbo_challenge_starter_kit/example_submissions/smoothness/optimizer.py", line 109, in <listcomp>
    betas = [self._get_smoothness_reg(guess) for guess in guesses]
  File "/home/ryedida/bbo_challenge_starter_kit/example_submissions/smoothness/optimizer.py", line 49, in _get_smoothness_reg
    if activ > Kz:
NameError: name 'activ' is not defined
suggestion time taken 0.331547 iter 4 next_points [{'alpha': 0.016972468986843323, 'batch_size': 193, 'beta_1': 0.9021309226122688, 'beta_2': 0.9999820818758967, 'epsilon': 4.858201379102082e-09, 'hidden_layer_sizes': 136, 'learning_rate_init': 0.00025405586986748354, 'tol': 7.701631234289171e-05, 'validation_fraction': 0.6790611715676045}]
/home/ryedida/.local/lib/python3.9/site-packages/sklearn/neural_network/_multilayer_perceptron.py:605: UserWarning: Got `batch_size` less than 1 or larger than sample size. It is going to be clipped
  warnings.warn(

/home/ryedida/.local/lib/python3.9/site-packages/sklearn/neural_network/_multilayer_perceptron.py:686: ConvergenceWarning: Stochastic Optimizer: Maximum iterations (200) reached and the optimization hasn't converged yet.
  warnings.warn(

function_evaluation time 0.776897 value 150.749470 suggestion {'alpha': 0.016972468986843323, 'batch_size': 193, 'beta_1': 0.9021309226122688, 'beta_2': 0.9999820818758967, 'epsilon': 4.858201379102082e-09, 'hidden_layer_sizes': 136, 'learning_rate_init': 0.00025405586986748354, 'tol': 7.701631234289171e-05, 'validation_fraction': 0.6790611715676045}
observation time 0.000006, current best 150.139857 at iter 4
Failure in optimizer suggest. Falling back to random search.
name 'activ' is not defined
Traceback (most recent call last):
  File "/home/ryedida/.local/lib/python3.9/site-packages/bayesmark/experiment.py", line 126, in run_study
    next_points = optimizer.suggest(n_suggestions)
  File "/home/ryedida/bbo_challenge_starter_kit/example_submissions/smoothness/optimizer.py", line 109, in suggest
    betas = [self._get_smoothness_reg(guess) for guess in guesses]
  File "/home/ryedida/bbo_challenge_starter_kit/example_submissions/smoothness/optimizer.py", line 109, in <listcomp>
    betas = [self._get_smoothness_reg(guess) for guess in guesses]
  File "/home/ryedida/bbo_challenge_starter_kit/example_submissions/smoothness/optimizer.py", line 49, in _get_smoothness_reg
    if activ > Kz:
NameError: name 'activ' is not defined
suggestion time taken 0.350422 iter 5 next_points [{'alpha': 3.435893331473001e-05, 'batch_size': 96, 'beta_1': 0.9492635149331577, 'beta_2': 0.9999438614569659, 'epsilon': 4.5396799559239724e-09, 'hidden_layer_sizes': 135, 'learning_rate_init': 0.03615310541473925, 'tol': 1.921744175636985e-05, 'validation_fraction': 0.18442046886141295}]
function_evaluation time 0.543927 value 45.129050 suggestion {'alpha': 3.435893331473001e-05, 'batch_size': 96, 'beta_1': 0.9492635149331577, 'beta_2': 0.9999438614569659, 'epsilon': 4.5396799559239724e-09, 'hidden_layer_sizes': 135, 'learning_rate_init': 0.03615310541473925, 'tol': 1.921744175636985e-05, 'validation_fraction': 0.18442046886141295}
observation time 0.000006, current best 45.129050 at iter 5
Failure in optimizer suggest. Falling back to random search.
name 'activ' is not defined
Traceback (most recent call last):
  File "/home/ryedida/.local/lib/python3.9/site-packages/bayesmark/experiment.py", line 126, in run_study
    next_points = optimizer.suggest(n_suggestions)
  File "/home/ryedida/bbo_challenge_starter_kit/example_submissions/smoothness/optimizer.py", line 109, in suggest
    betas = [self._get_smoothness_reg(guess) for guess in guesses]
  File "/home/ryedida/bbo_challenge_starter_kit/example_submissions/smoothness/optimizer.py", line 109, in <listcomp>
    betas = [self._get_smoothness_reg(guess) for guess in guesses]
  File "/home/ryedida/bbo_challenge_starter_kit/example_submissions/smoothness/optimizer.py", line 49, in _get_smoothness_reg
    if activ > Kz:
NameError: name 'activ' is not defined
suggestion time taken 0.333101 iter 6 next_points [{'alpha': 0.5577914240725147, 'batch_size': 242, 'beta_1': 0.9617347624947646, 'beta_2': 0.9999363977434226, 'epsilon': 3.9799209037003004e-07, 'hidden_layer_sizes': 67, 'learning_rate_init': 0.0001271958725865864, 'tol': 0.0002074642083833894, 'validation_fraction': 0.6098962127712346}]
/home/ryedida/.local/lib/python3.9/site-packages/sklearn/neural_network/_multilayer_perceptron.py:605: UserWarning: Got `batch_size` less than 1 or larger than sample size. It is going to be clipped
  warnings.warn(

function_evaluation time 0.048782 value 151.722615 suggestion {'alpha': 0.5577914240725147, 'batch_size': 242, 'beta_1': 0.9617347624947646, 'beta_2': 0.9999363977434226, 'epsilon': 3.9799209037003004e-07, 'hidden_layer_sizes': 67, 'learning_rate_init': 0.0001271958725865864, 'tol': 0.0002074642083833894, 'validation_fraction': 0.6098962127712346}
observation time 0.000005, current best 45.129050 at iter 6
Failure in optimizer suggest. Falling back to random search.
name 'activ' is not defined
Traceback (most recent call last):
  File "/home/ryedida/.local/lib/python3.9/site-packages/bayesmark/experiment.py", line 126, in run_study
    next_points = optimizer.suggest(n_suggestions)
  File "/home/ryedida/bbo_challenge_starter_kit/example_submissions/smoothness/optimizer.py", line 109, in suggest
    betas = [self._get_smoothness_reg(guess) for guess in guesses]
  File "/home/ryedida/bbo_challenge_starter_kit/example_submissions/smoothness/optimizer.py", line 109, in <listcomp>
    betas = [self._get_smoothness_reg(guess) for guess in guesses]
  File "/home/ryedida/bbo_challenge_starter_kit/example_submissions/smoothness/optimizer.py", line 49, in _get_smoothness_reg
    if activ > Kz:
NameError: name 'activ' is not defined
suggestion time taken 0.466268 iter 7 next_points [{'alpha': 0.003396187907702282, 'batch_size': 241, 'beta_1': 0.9256882641165146, 'beta_2': 0.9806768814207885, 'epsilon': 2.309524378409139e-08, 'hidden_layer_sizes': 52, 'learning_rate_init': 9.685228899775512e-05, 'tol': 0.002771084440537144, 'validation_fraction': 0.44874146320758845}]
/home/ryedida/.local/lib/python3.9/site-packages/sklearn/neural_network/_multilayer_perceptron.py:605: UserWarning: Got `batch_size` less than 1 or larger than sample size. It is going to be clipped
  warnings.warn(

function_evaluation time 0.036823 value 151.330255 suggestion {'alpha': 0.003396187907702282, 'batch_size': 241, 'beta_1': 0.9256882641165146, 'beta_2': 0.9806768814207885, 'epsilon': 2.309524378409139e-08, 'hidden_layer_sizes': 52, 'learning_rate_init': 9.685228899775512e-05, 'tol': 0.002771084440537144, 'validation_fraction': 0.44874146320758845}
observation time 0.000006, current best 45.129050 at iter 7
Failure in optimizer suggest. Falling back to random search.
name 'activ' is not defined
Traceback (most recent call last):
  File "/home/ryedida/.local/lib/python3.9/site-packages/bayesmark/experiment.py", line 126, in run_study
    next_points = optimizer.suggest(n_suggestions)
  File "/home/ryedida/bbo_challenge_starter_kit/example_submissions/smoothness/optimizer.py", line 109, in suggest
    betas = [self._get_smoothness_reg(guess) for guess in guesses]
  File "/home/ryedida/bbo_challenge_starter_kit/example_submissions/smoothness/optimizer.py", line 109, in <listcomp>
    betas = [self._get_smoothness_reg(guess) for guess in guesses]
  File "/home/ryedida/bbo_challenge_starter_kit/example_submissions/smoothness/optimizer.py", line 49, in _get_smoothness_reg
    if activ > Kz:
NameError: name 'activ' is not defined
suggestion time taken 0.319758 iter 8 next_points [{'alpha': 0.004815185570303077, 'batch_size': 170, 'beta_1': 0.9066418027534473, 'beta_2': 0.9995495680528876, 'epsilon': 2.0766145030961753e-08, 'hidden_layer_sizes': 149, 'learning_rate_init': 0.01604019375521089, 'tol': 0.00034135479995676564, 'validation_fraction': 0.1088938678269499}]
function_evaluation time 0.639718 value 47.337867 suggestion {'alpha': 0.004815185570303077, 'batch_size': 170, 'beta_1': 0.9066418027534473, 'beta_2': 0.9995495680528876, 'epsilon': 2.0766145030961753e-08, 'hidden_layer_sizes': 149, 'learning_rate_init': 0.01604019375521089, 'tol': 0.00034135479995676564, 'validation_fraction': 0.1088938678269499}
observation time 0.000006, current best 45.129050 at iter 8
Failure in optimizer suggest. Falling back to random search.
name 'activ' is not defined
Traceback (most recent call last):
  File "/home/ryedida/.local/lib/python3.9/site-packages/bayesmark/experiment.py", line 126, in run_study
    next_points = optimizer.suggest(n_suggestions)
  File "/home/ryedida/bbo_challenge_starter_kit/example_submissions/smoothness/optimizer.py", line 109, in suggest
    betas = [self._get_smoothness_reg(guess) for guess in guesses]
  File "/home/ryedida/bbo_challenge_starter_kit/example_submissions/smoothness/optimizer.py", line 109, in <listcomp>
    betas = [self._get_smoothness_reg(guess) for guess in guesses]
  File "/home/ryedida/bbo_challenge_starter_kit/example_submissions/smoothness/optimizer.py", line 49, in _get_smoothness_reg
    if activ > Kz:
NameError: name 'activ' is not defined
suggestion time taken 0.325534 iter 9 next_points [{'alpha': 0.10979561852465598, 'batch_size': 142, 'beta_1': 0.9422491257414025, 'beta_2': 0.9993628094474922, 'epsilon': 2.5412825878838436e-09, 'hidden_layer_sizes': 118, 'learning_rate_init': 0.04472754753596649, 'tol': 0.029708139240017615, 'validation_fraction': 0.1414485462006886}]
function_evaluation time 0.204326 value 52.565600 suggestion {'alpha': 0.10979561852465598, 'batch_size': 142, 'beta_1': 0.9422491257414025, 'beta_2': 0.9993628094474922, 'epsilon': 2.5412825878838436e-09, 'hidden_layer_sizes': 118, 'learning_rate_init': 0.04472754753596649, 'tol': 0.029708139240017615, 'validation_fraction': 0.1414485462006886}
observation time 0.000006, current best 45.129050 at iter 9
Failure in optimizer suggest. Falling back to random search.
name 'activ' is not defined
Traceback (most recent call last):
  File "/home/ryedida/.local/lib/python3.9/site-packages/bayesmark/experiment.py", line 126, in run_study
    next_points = optimizer.suggest(n_suggestions)
  File "/home/ryedida/bbo_challenge_starter_kit/example_submissions/smoothness/optimizer.py", line 109, in suggest
    betas = [self._get_smoothness_reg(guess) for guess in guesses]
  File "/home/ryedida/bbo_challenge_starter_kit/example_submissions/smoothness/optimizer.py", line 109, in <listcomp>
    betas = [self._get_smoothness_reg(guess) for guess in guesses]
  File "/home/ryedida/bbo_challenge_starter_kit/example_submissions/smoothness/optimizer.py", line 49, in _get_smoothness_reg
    if activ > Kz:
NameError: name 'activ' is not defined
suggestion time taken 0.325058 iter 10 next_points [{'alpha': 0.7265909021983216, 'batch_size': 249, 'beta_1': 0.8547155837805015, 'beta_2': 0.9839934970824793, 'epsilon': 2.1386562773749532e-07, 'hidden_layer_sizes': 154, 'learning_rate_init': 0.006865797192501118, 'tol': 0.0036757708167903607, 'validation_fraction': 0.301223508093696}]
/home/ryedida/.local/lib/python3.9/site-packages/sklearn/neural_network/_multilayer_perceptron.py:605: UserWarning: Got `batch_size` less than 1 or larger than sample size. It is going to be clipped
  warnings.warn(

function_evaluation time 0.981297 value 53.013264 suggestion {'alpha': 0.7265909021983216, 'batch_size': 249, 'beta_1': 0.8547155837805015, 'beta_2': 0.9839934970824793, 'epsilon': 2.1386562773749532e-07, 'hidden_layer_sizes': 154, 'learning_rate_init': 0.006865797192501118, 'tol': 0.0036757708167903607, 'validation_fraction': 0.301223508093696}
observation time 0.000006, current best 45.129050 at iter 10
Failure in optimizer suggest. Falling back to random search.
name 'activ' is not defined
Traceback (most recent call last):
  File "/home/ryedida/.local/lib/python3.9/site-packages/bayesmark/experiment.py", line 126, in run_study
    next_points = optimizer.suggest(n_suggestions)
  File "/home/ryedida/bbo_challenge_starter_kit/example_submissions/smoothness/optimizer.py", line 109, in suggest
    betas = [self._get_smoothness_reg(guess) for guess in guesses]
  File "/home/ryedida/bbo_challenge_starter_kit/example_submissions/smoothness/optimizer.py", line 109, in <listcomp>
    betas = [self._get_smoothness_reg(guess) for guess in guesses]
  File "/home/ryedida/bbo_challenge_starter_kit/example_submissions/smoothness/optimizer.py", line 49, in _get_smoothness_reg
    if activ > Kz:
NameError: name 'activ' is not defined
suggestion time taken 0.323334 iter 11 next_points [{'alpha': 0.07178673337604269, 'batch_size': 241, 'beta_1': 0.8156686468611081, 'beta_2': 0.999997987994215, 'epsilon': 3.0868656910946056e-08, 'hidden_layer_sizes': 83, 'learning_rate_init': 3.402828743952409e-05, 'tol': 0.04359492974696866, 'validation_fraction': 0.7398687941014966}]
/home/ryedida/.local/lib/python3.9/site-packages/sklearn/neural_network/_multilayer_perceptron.py:605: UserWarning: Got `batch_size` less than 1 or larger than sample size. It is going to be clipped
  warnings.warn(

function_evaluation time 0.048594 value 151.790681 suggestion {'alpha': 0.07178673337604269, 'batch_size': 241, 'beta_1': 0.8156686468611081, 'beta_2': 0.999997987994215, 'epsilon': 3.0868656910946056e-08, 'hidden_layer_sizes': 83, 'learning_rate_init': 3.402828743952409e-05, 'tol': 0.04359492974696866, 'validation_fraction': 0.7398687941014966}
observation time 0.000005, current best 45.129050 at iter 11
Failure in optimizer suggest. Falling back to random search.
name 'activ' is not defined
Traceback (most recent call last):
  File "/home/ryedida/.local/lib/python3.9/site-packages/bayesmark/experiment.py", line 126, in run_study
    next_points = optimizer.suggest(n_suggestions)
  File "/home/ryedida/bbo_challenge_starter_kit/example_submissions/smoothness/optimizer.py", line 109, in suggest
    betas = [self._get_smoothness_reg(guess) for guess in guesses]
  File "/home/ryedida/bbo_challenge_starter_kit/example_submissions/smoothness/optimizer.py", line 109, in <listcomp>
    betas = [self._get_smoothness_reg(guess) for guess in guesses]
  File "/home/ryedida/bbo_challenge_starter_kit/example_submissions/smoothness/optimizer.py", line 49, in _get_smoothness_reg
    if activ > Kz:
NameError: name 'activ' is not defined
suggestion time taken 0.326922 iter 12 next_points [{'alpha': 2.998530144289907e-05, 'batch_size': 177, 'beta_1': 0.9582971622722745, 'beta_2': 0.9999862369225818, 'epsilon': 1.1131261201657808e-08, 'hidden_layer_sizes': 148, 'learning_rate_init': 1.1586551140523316e-05, 'tol': 0.0004680447743320791, 'validation_fraction': 0.8857196930160302}]
/home/ryedida/.local/lib/python3.9/site-packages/sklearn/neural_network/_multilayer_perceptron.py:605: UserWarning: Got `batch_size` less than 1 or larger than sample size. It is going to be clipped
  warnings.warn(

function_evaluation time 0.053262 value 151.533800 suggestion {'alpha': 2.998530144289907e-05, 'batch_size': 177, 'beta_1': 0.9582971622722745, 'beta_2': 0.9999862369225818, 'epsilon': 1.1131261201657808e-08, 'hidden_layer_sizes': 148, 'learning_rate_init': 1.1586551140523316e-05, 'tol': 0.0004680447743320791, 'validation_fraction': 0.8857196930160302}
observation time 0.000006, current best 45.129050 at iter 12
Failure in optimizer suggest. Falling back to random search.
name 'activ' is not defined
Traceback (most recent call last):
  File "/home/ryedida/.local/lib/python3.9/site-packages/bayesmark/experiment.py", line 126, in run_study
    next_points = optimizer.suggest(n_suggestions)
  File "/home/ryedida/bbo_challenge_starter_kit/example_submissions/smoothness/optimizer.py", line 109, in suggest
    betas = [self._get_smoothness_reg(guess) for guess in guesses]
  File "/home/ryedida/bbo_challenge_starter_kit/example_submissions/smoothness/optimizer.py", line 109, in <listcomp>
    betas = [self._get_smoothness_reg(guess) for guess in guesses]
  File "/home/ryedida/bbo_challenge_starter_kit/example_submissions/smoothness/optimizer.py", line 49, in _get_smoothness_reg
    if activ > Kz:
NameError: name 'activ' is not defined
suggestion time taken 0.322857 iter 13 next_points [{'alpha': 1.790395104088735e-05, 'batch_size': 40, 'beta_1': 0.9403338631115875, 'beta_2': 0.9965592080003264, 'epsilon': 3.910435098471819e-09, 'hidden_layer_sizes': 158, 'learning_rate_init': 0.00023705310329534614, 'tol': 0.04010061125971769, 'validation_fraction': 0.790677654586357}]
function_evaluation time 0.072450 value 151.451753 suggestion {'alpha': 1.790395104088735e-05, 'batch_size': 40, 'beta_1': 0.9403338631115875, 'beta_2': 0.9965592080003264, 'epsilon': 3.910435098471819e-09, 'hidden_layer_sizes': 158, 'learning_rate_init': 0.00023705310329534614, 'tol': 0.04010061125971769, 'validation_fraction': 0.790677654586357}
observation time 0.000005, current best 45.129050 at iter 13
Failure in optimizer suggest. Falling back to random search.
name 'activ' is not defined
Traceback (most recent call last):
  File "/home/ryedida/.local/lib/python3.9/site-packages/bayesmark/experiment.py", line 126, in run_study
    next_points = optimizer.suggest(n_suggestions)
  File "/home/ryedida/bbo_challenge_starter_kit/example_submissions/smoothness/optimizer.py", line 109, in suggest
    betas = [self._get_smoothness_reg(guess) for guess in guesses]
  File "/home/ryedida/bbo_challenge_starter_kit/example_submissions/smoothness/optimizer.py", line 109, in <listcomp>
    betas = [self._get_smoothness_reg(guess) for guess in guesses]
  File "/home/ryedida/bbo_challenge_starter_kit/example_submissions/smoothness/optimizer.py", line 49, in _get_smoothness_reg
    if activ > Kz:
NameError: name 'activ' is not defined
suggestion time taken 0.325411 iter 14 next_points [{'alpha': 0.07805351847482823, 'batch_size': 85, 'beta_1': 0.9096942460167787, 'beta_2': 0.9938237465355368, 'epsilon': 5.082309678057081e-07, 'hidden_layer_sizes': 109, 'learning_rate_init': 0.002882083468942211, 'tol': 0.01526472137215167, 'validation_fraction': 0.1477892648048488}]
function_evaluation time 0.088880 value 149.996372 suggestion {'alpha': 0.07805351847482823, 'batch_size': 85, 'beta_1': 0.9096942460167787, 'beta_2': 0.9938237465355368, 'epsilon': 5.082309678057081e-07, 'hidden_layer_sizes': 109, 'learning_rate_init': 0.002882083468942211, 'tol': 0.01526472137215167, 'validation_fraction': 0.1477892648048488}
observation time 0.000005, current best 45.129050 at iter 14
saving meta data: {'args': {'--uuid': 'cd6f35a8a3a259db93b76da4e9d9f0b7', '-db-root': '/home/ryedida/bbo_challenge_starter_kit/output', '--opt-root': '/home/ryedida/bbo_challenge_starter_kit/example_submissions', '--data-root': None, '--db': 'run_20230427_004608', '--opt': 'smoothness', '--data': 'diabetes', '--classifier': 'MLP-adam', '--metric': 'mae', '--calls': 15, '--suggestions': 1, '--jobs-file': None, '--verbose': False, 'dry_run': False, 'rev': 'a376313', 'opt_rev': 'x.x.x'}, 'signature': ([{'alpha': 0.019628224813442792, 'batch_size': 182, 'beta_1': 0.9410202200271762, 'beta_2': 0.9998021557676793, 'epsilon': 1.8662266976518e-08, 'hidden_layer_sizes': 147, 'learning_rate_init': 0.0005627932047415167, 'tol': 0.03690557729213761, 'validation_fraction': 0.8846827852548593}, {'alpha': 0.0019982467392329444, 'batch_size': 200, 'beta_1': 0.919111482530466, 'beta_2': 0.9998488260436156, 'epsilon': 5.981221901152555e-07, 'hidden_layer_sizes': 61, 'learning_rate_init': 2.2310905607443014e-05, 'tol': 1.2046852412030316e-05, 'validation_fraction': 0.8117896445826539}, {'alpha': 0.46659545670218433, 'batch_size': 219, 'beta_1': 0.9889789783750891, 'beta_2': 0.9999896868093284, 'epsilon': 2.4234724484675948e-08, 'hidden_layer_sizes': 167, 'learning_rate_init': 2.972334644335654e-05, 'tol': 0.0036281404040243792, 'validation_fraction': 0.17260651658522078}, {'alpha': 4.656005689076002, 'batch_size': 135, 'beta_1': 0.870503881627747, 'beta_2': 0.9948873266941017, 'epsilon': 2.1023308743480125e-07, 'hidden_layer_sizes': 118, 'learning_rate_init': 0.0018781738757161913, 'tol': 1.1889379831773004e-05, 'validation_fraction': 0.6264327093752792}, {'alpha': 0.04705159350400542, 'batch_size': 158, 'beta_1': 0.9870884262730957, 'beta_2': 0.9999596874382349, 'epsilon': 1.1981845126013875e-08, 'hidden_layer_sizes': 116, 'learning_rate_init': 0.00617340520407431, 'tol': 1.741413418158619e-05, 'validation_fraction': 0.6754299026638921}], [151.4971925380264, 151.42763539278994, 151.47026299046811, 136.86202504264318, 75.2055865763391])}
saving results
saving timing
saving suggest log
done
