running: {'--uuid': 'd4ccc24822f4519c957488edc9def03e', '-db-root': '/home/ryedida/bbo_challenge_starter_kit/output', '--opt-root': '/home/ryedida/bbo_challenge_starter_kit/example_submissions', '--data-root': None, '--db': 'run_20230427_004608', '--opt': 'smoothness', '--data': 'diabetes', '--classifier': 'MLP-adam', '--metric': 'mae', '--calls': 15, '--suggestions': 1, '--jobs-file': None, '--verbose': False, 'dry_run': False, 'rev': 'a376313', 'opt_rev': 'x.x.x'}
cmd: python smoothness/optimizer.py -c MLP-adam -d diabetes -o smoothness -u d4ccc24822f4519c957488edc9def03e -m mae -n 15 -p 1 -dir /home/ryedida/bbo_challenge_starter_kit/output -b run_20230427_004608
/home/ryedida/.local/lib/python3.9/site-packages/sklearn/neural_network/_multilayer_perceptron.py:605: UserWarning: Got `batch_size` less than 1 or larger than sample size. It is going to be clipped
  warnings.warn(

/home/ryedida/.local/lib/python3.9/site-packages/sklearn/neural_network/_multilayer_perceptron.py:605: UserWarning: Got `batch_size` less than 1 or larger than sample size. It is going to be clipped
  warnings.warn(

/home/ryedida/.local/lib/python3.9/site-packages/sklearn/neural_network/_multilayer_perceptron.py:605: UserWarning: Got `batch_size` less than 1 or larger than sample size. It is going to be clipped
  warnings.warn(

/home/ryedida/.local/lib/python3.9/site-packages/sklearn/neural_network/_multilayer_perceptron.py:686: ConvergenceWarning: Stochastic Optimizer: Maximum iterations (200) reached and the optimization hasn't converged yet.
  warnings.warn(

/home/ryedida/.local/lib/python3.9/site-packages/sklearn/neural_network/_multilayer_perceptron.py:605: UserWarning: Got `batch_size` less than 1 or larger than sample size. It is going to be clipped
  warnings.warn(

/home/ryedida/.local/lib/python3.9/site-packages/sklearn/neural_network/_multilayer_perceptron.py:686: ConvergenceWarning: Stochastic Optimizer: Maximum iterations (200) reached and the optimization hasn't converged yet.
  warnings.warn(

computed signature: ([{'alpha': 0.019628224813442792, 'batch_size': 182, 'beta_1': 0.9410202200271762, 'beta_2': 0.9998021557676793, 'epsilon': 1.8662266976518e-08, 'hidden_layer_sizes': 147, 'learning_rate_init': 0.0005627932047415167, 'tol': 0.03690557729213761, 'validation_fraction': 0.8846827852548593}, {'alpha': 0.0019982467392329444, 'batch_size': 200, 'beta_1': 0.919111482530466, 'beta_2': 0.9998488260436156, 'epsilon': 5.981221901152555e-07, 'hidden_layer_sizes': 61, 'learning_rate_init': 2.2310905607443014e-05, 'tol': 1.2046852412030316e-05, 'validation_fraction': 0.8117896445826539}, {'alpha': 0.46659545670218433, 'batch_size': 219, 'beta_1': 0.9889789783750891, 'beta_2': 0.9999896868093284, 'epsilon': 2.4234724484675948e-08, 'hidden_layer_sizes': 167, 'learning_rate_init': 2.972334644335654e-05, 'tol': 0.0036281404040243792, 'validation_fraction': 0.17260651658522078}, {'alpha': 4.656005689076002, 'batch_size': 135, 'beta_1': 0.870503881627747, 'beta_2': 0.9948873266941017, 'epsilon': 2.1023308743480125e-07, 'hidden_layer_sizes': 118, 'learning_rate_init': 0.0018781738757161913, 'tol': 1.1889379831773004e-05, 'validation_fraction': 0.6264327093752792}, {'alpha': 0.04705159350400542, 'batch_size': 158, 'beta_1': 0.9870884262730957, 'beta_2': 0.9999596874382349, 'epsilon': 1.1981845126013875e-08, 'hidden_layer_sizes': 116, 'learning_rate_init': 0.00617340520407431, 'tol': 1.741413418158619e-05, 'validation_fraction': 0.6754299026638921}], [151.4971925380264, 151.42763539278994, 151.47026299046811, 136.86202504264318, 75.2055865763391])
Signature errors:
                                  0             1             2         3         4       max
MLP-adam_diabetes_mae  1.919244e-08  6.198704e-08  7.624578e-09  0.000007  0.000034  0.000034
max                    1.919244e-08  6.198704e-08  7.624578e-09  0.000007  0.000034  0.000034
starting sklearn study smoothness MLP-adam diabetes mae 15 1
with data root: None
Failure in optimizer suggest. Falling back to random search.
name 'activ' is not defined
Traceback (most recent call last):
  File "/home/ryedida/.local/lib/python3.9/site-packages/bayesmark/experiment.py", line 126, in run_study
    next_points = optimizer.suggest(n_suggestions)
  File "/home/ryedida/bbo_challenge_starter_kit/example_submissions/smoothness/optimizer.py", line 109, in suggest
    betas = [self._get_smoothness_reg(guess) for guess in guesses]
  File "/home/ryedida/bbo_challenge_starter_kit/example_submissions/smoothness/optimizer.py", line 109, in <listcomp>
    betas = [self._get_smoothness_reg(guess) for guess in guesses]
  File "/home/ryedida/bbo_challenge_starter_kit/example_submissions/smoothness/optimizer.py", line 49, in _get_smoothness_reg
    if activ > Kz:
NameError: name 'activ' is not defined
suggestion time taken 0.504848 iter 0 next_points [{'alpha': 0.12653142610981577, 'batch_size': 240, 'beta_1': 0.9787753219763116, 'beta_2': 0.9999969604100883, 'epsilon': 2.128606525631074e-08, 'hidden_layer_sizes': 57, 'learning_rate_init': 0.0031149083290239726, 'tol': 0.07481468400575542, 'validation_fraction': 0.36507491950696735}]
/home/ryedida/.local/lib/python3.9/site-packages/sklearn/neural_network/_multilayer_perceptron.py:605: UserWarning: Got `batch_size` less than 1 or larger than sample size. It is going to be clipped
  warnings.warn(

function_evaluation time 0.048121 value 151.348146 suggestion {'alpha': 0.12653142610981577, 'batch_size': 240, 'beta_1': 0.9787753219763116, 'beta_2': 0.9999969604100883, 'epsilon': 2.128606525631074e-08, 'hidden_layer_sizes': 57, 'learning_rate_init': 0.0031149083290239726, 'tol': 0.07481468400575542, 'validation_fraction': 0.36507491950696735}
observation time 0.000007, current best 151.348146 at iter 0
Failure in optimizer suggest. Falling back to random search.
name 'activ' is not defined
Traceback (most recent call last):
  File "/home/ryedida/.local/lib/python3.9/site-packages/bayesmark/experiment.py", line 126, in run_study
    next_points = optimizer.suggest(n_suggestions)
  File "/home/ryedida/bbo_challenge_starter_kit/example_submissions/smoothness/optimizer.py", line 109, in suggest
    betas = [self._get_smoothness_reg(guess) for guess in guesses]
  File "/home/ryedida/bbo_challenge_starter_kit/example_submissions/smoothness/optimizer.py", line 109, in <listcomp>
    betas = [self._get_smoothness_reg(guess) for guess in guesses]
  File "/home/ryedida/bbo_challenge_starter_kit/example_submissions/smoothness/optimizer.py", line 49, in _get_smoothness_reg
    if activ > Kz:
NameError: name 'activ' is not defined
suggestion time taken 0.328727 iter 1 next_points [{'alpha': 4.7388918272782345e-05, 'batch_size': 113, 'beta_1': 0.6211594433005769, 'beta_2': 0.9930954689629661, 'epsilon': 2.328531115006211e-08, 'hidden_layer_sizes': 67, 'learning_rate_init': 0.0009157087202528434, 'tol': 0.007035451738487626, 'validation_fraction': 0.26554346193717804}]
function_evaluation time 0.045254 value 151.298964 suggestion {'alpha': 4.7388918272782345e-05, 'batch_size': 113, 'beta_1': 0.6211594433005769, 'beta_2': 0.9930954689629661, 'epsilon': 2.328531115006211e-08, 'hidden_layer_sizes': 67, 'learning_rate_init': 0.0009157087202528434, 'tol': 0.007035451738487626, 'validation_fraction': 0.26554346193717804}
observation time 0.000006, current best 151.298964 at iter 1
Failure in optimizer suggest. Falling back to random search.
name 'activ' is not defined
Traceback (most recent call last):
  File "/home/ryedida/.local/lib/python3.9/site-packages/bayesmark/experiment.py", line 126, in run_study
    next_points = optimizer.suggest(n_suggestions)
  File "/home/ryedida/bbo_challenge_starter_kit/example_submissions/smoothness/optimizer.py", line 109, in suggest
    betas = [self._get_smoothness_reg(guess) for guess in guesses]
  File "/home/ryedida/bbo_challenge_starter_kit/example_submissions/smoothness/optimizer.py", line 109, in <listcomp>
    betas = [self._get_smoothness_reg(guess) for guess in guesses]
  File "/home/ryedida/bbo_challenge_starter_kit/example_submissions/smoothness/optimizer.py", line 49, in _get_smoothness_reg
    if activ > Kz:
NameError: name 'activ' is not defined
suggestion time taken 0.329729 iter 2 next_points [{'alpha': 0.07087664762714457, 'batch_size': 100, 'beta_1': 0.9602661513228499, 'beta_2': 0.9997575677472306, 'epsilon': 5.118909521120589e-09, 'hidden_layer_sizes': 63, 'learning_rate_init': 0.0010866800906693314, 'tol': 0.0067943354159275444, 'validation_fraction': 0.7110740201599157}]
function_evaluation time 0.047266 value 151.433762 suggestion {'alpha': 0.07087664762714457, 'batch_size': 100, 'beta_1': 0.9602661513228499, 'beta_2': 0.9997575677472306, 'epsilon': 5.118909521120589e-09, 'hidden_layer_sizes': 63, 'learning_rate_init': 0.0010866800906693314, 'tol': 0.0067943354159275444, 'validation_fraction': 0.7110740201599157}
observation time 0.000006, current best 151.298964 at iter 2
Failure in optimizer suggest. Falling back to random search.
name 'activ' is not defined
Traceback (most recent call last):
  File "/home/ryedida/.local/lib/python3.9/site-packages/bayesmark/experiment.py", line 126, in run_study
    next_points = optimizer.suggest(n_suggestions)
  File "/home/ryedida/bbo_challenge_starter_kit/example_submissions/smoothness/optimizer.py", line 109, in suggest
    betas = [self._get_smoothness_reg(guess) for guess in guesses]
  File "/home/ryedida/bbo_challenge_starter_kit/example_submissions/smoothness/optimizer.py", line 109, in <listcomp>
    betas = [self._get_smoothness_reg(guess) for guess in guesses]
  File "/home/ryedida/bbo_challenge_starter_kit/example_submissions/smoothness/optimizer.py", line 49, in _get_smoothness_reg
    if activ > Kz:
NameError: name 'activ' is not defined
suggestion time taken 0.329646 iter 3 next_points [{'alpha': 8.799159945571784, 'batch_size': 13, 'beta_1': 0.7518418034378297, 'beta_2': 0.9999985147765652, 'epsilon': 3.652437361960656e-08, 'hidden_layer_sizes': 171, 'learning_rate_init': 0.0027783670029641046, 'tol': 0.0018293075882333122, 'validation_fraction': 0.17951951361780297}]
function_evaluation time 1.656299 value 49.864233 suggestion {'alpha': 8.799159945571784, 'batch_size': 13, 'beta_1': 0.7518418034378297, 'beta_2': 0.9999985147765652, 'epsilon': 3.652437361960656e-08, 'hidden_layer_sizes': 171, 'learning_rate_init': 0.0027783670029641046, 'tol': 0.0018293075882333122, 'validation_fraction': 0.17951951361780297}
observation time 0.000006, current best 49.864233 at iter 3
Failure in optimizer suggest. Falling back to random search.
name 'activ' is not defined
Traceback (most recent call last):
  File "/home/ryedida/.local/lib/python3.9/site-packages/bayesmark/experiment.py", line 126, in run_study
    next_points = optimizer.suggest(n_suggestions)
  File "/home/ryedida/bbo_challenge_starter_kit/example_submissions/smoothness/optimizer.py", line 109, in suggest
    betas = [self._get_smoothness_reg(guess) for guess in guesses]
  File "/home/ryedida/bbo_challenge_starter_kit/example_submissions/smoothness/optimizer.py", line 109, in <listcomp>
    betas = [self._get_smoothness_reg(guess) for guess in guesses]
  File "/home/ryedida/bbo_challenge_starter_kit/example_submissions/smoothness/optimizer.py", line 49, in _get_smoothness_reg
    if activ > Kz:
NameError: name 'activ' is not defined
suggestion time taken 0.341510 iter 4 next_points [{'alpha': 0.0007791246147654635, 'batch_size': 183, 'beta_1': 0.9439234897668201, 'beta_2': 0.9998658686337737, 'epsilon': 1.5649301004010807e-08, 'hidden_layer_sizes': 184, 'learning_rate_init': 0.00035690070855211596, 'tol': 0.007466411014308661, 'validation_fraction': 0.12987852430128877}]
function_evaluation time 0.102989 value 151.444388 suggestion {'alpha': 0.0007791246147654635, 'batch_size': 183, 'beta_1': 0.9439234897668201, 'beta_2': 0.9998658686337737, 'epsilon': 1.5649301004010807e-08, 'hidden_layer_sizes': 184, 'learning_rate_init': 0.00035690070855211596, 'tol': 0.007466411014308661, 'validation_fraction': 0.12987852430128877}
observation time 0.000007, current best 49.864233 at iter 4
Failure in optimizer suggest. Falling back to random search.
name 'activ' is not defined
Traceback (most recent call last):
  File "/home/ryedida/.local/lib/python3.9/site-packages/bayesmark/experiment.py", line 126, in run_study
    next_points = optimizer.suggest(n_suggestions)
  File "/home/ryedida/bbo_challenge_starter_kit/example_submissions/smoothness/optimizer.py", line 109, in suggest
    betas = [self._get_smoothness_reg(guess) for guess in guesses]
  File "/home/ryedida/bbo_challenge_starter_kit/example_submissions/smoothness/optimizer.py", line 109, in <listcomp>
    betas = [self._get_smoothness_reg(guess) for guess in guesses]
  File "/home/ryedida/bbo_challenge_starter_kit/example_submissions/smoothness/optimizer.py", line 49, in _get_smoothness_reg
    if activ > Kz:
NameError: name 'activ' is not defined
suggestion time taken 0.326306 iter 5 next_points [{'alpha': 0.00042195913417255215, 'batch_size': 161, 'beta_1': 0.9831648474379406, 'beta_2': 0.9994178464205637, 'epsilon': 1.0931426579738354e-08, 'hidden_layer_sizes': 119, 'learning_rate_init': 0.0653071173353542, 'tol': 2.0428763335911202e-05, 'validation_fraction': 0.19278302003333686}]
function_evaluation time 0.151527 value 56.879134 suggestion {'alpha': 0.00042195913417255215, 'batch_size': 161, 'beta_1': 0.9831648474379406, 'beta_2': 0.9994178464205637, 'epsilon': 1.0931426579738354e-08, 'hidden_layer_sizes': 119, 'learning_rate_init': 0.0653071173353542, 'tol': 2.0428763335911202e-05, 'validation_fraction': 0.19278302003333686}
observation time 0.000005, current best 49.864233 at iter 5
Failure in optimizer suggest. Falling back to random search.
name 'activ' is not defined
Traceback (most recent call last):
  File "/home/ryedida/.local/lib/python3.9/site-packages/bayesmark/experiment.py", line 126, in run_study
    next_points = optimizer.suggest(n_suggestions)
  File "/home/ryedida/bbo_challenge_starter_kit/example_submissions/smoothness/optimizer.py", line 109, in suggest
    betas = [self._get_smoothness_reg(guess) for guess in guesses]
  File "/home/ryedida/bbo_challenge_starter_kit/example_submissions/smoothness/optimizer.py", line 109, in <listcomp>
    betas = [self._get_smoothness_reg(guess) for guess in guesses]
  File "/home/ryedida/bbo_challenge_starter_kit/example_submissions/smoothness/optimizer.py", line 49, in _get_smoothness_reg
    if activ > Kz:
NameError: name 'activ' is not defined
suggestion time taken 0.328705 iter 6 next_points [{'alpha': 0.10743263047086635, 'batch_size': 38, 'beta_1': 0.8208078657930762, 'beta_2': 0.9952236243088728, 'epsilon': 6.503115196316053e-08, 'hidden_layer_sizes': 94, 'learning_rate_init': 0.0025267542764991413, 'tol': 4.2276288640715916e-05, 'validation_fraction': 0.6439110560974257}]
/home/ryedida/.local/lib/python3.9/site-packages/sklearn/neural_network/_multilayer_perceptron.py:686: ConvergenceWarning: Stochastic Optimizer: Maximum iterations (200) reached and the optimization hasn't converged yet.
  warnings.warn(

function_evaluation time 1.130437 value 55.761528 suggestion {'alpha': 0.10743263047086635, 'batch_size': 38, 'beta_1': 0.8208078657930762, 'beta_2': 0.9952236243088728, 'epsilon': 6.503115196316053e-08, 'hidden_layer_sizes': 94, 'learning_rate_init': 0.0025267542764991413, 'tol': 4.2276288640715916e-05, 'validation_fraction': 0.6439110560974257}
observation time 0.000006, current best 49.864233 at iter 6
Failure in optimizer suggest. Falling back to random search.
name 'activ' is not defined
Traceback (most recent call last):
  File "/home/ryedida/.local/lib/python3.9/site-packages/bayesmark/experiment.py", line 126, in run_study
    next_points = optimizer.suggest(n_suggestions)
  File "/home/ryedida/bbo_challenge_starter_kit/example_submissions/smoothness/optimizer.py", line 109, in suggest
    betas = [self._get_smoothness_reg(guess) for guess in guesses]
  File "/home/ryedida/bbo_challenge_starter_kit/example_submissions/smoothness/optimizer.py", line 109, in <listcomp>
    betas = [self._get_smoothness_reg(guess) for guess in guesses]
  File "/home/ryedida/bbo_challenge_starter_kit/example_submissions/smoothness/optimizer.py", line 49, in _get_smoothness_reg
    if activ > Kz:
NameError: name 'activ' is not defined
suggestion time taken 0.454409 iter 7 next_points [{'alpha': 0.0001327351586309415, 'batch_size': 135, 'beta_1': 0.9756828500927941, 'beta_2': 0.9999730785074241, 'epsilon': 5.279210072575146e-09, 'hidden_layer_sizes': 72, 'learning_rate_init': 2.19146028438853e-05, 'tol': 0.00022290022604652842, 'validation_fraction': 0.1464013351257401}]
function_evaluation time 0.070320 value 151.716173 suggestion {'alpha': 0.0001327351586309415, 'batch_size': 135, 'beta_1': 0.9756828500927941, 'beta_2': 0.9999730785074241, 'epsilon': 5.279210072575146e-09, 'hidden_layer_sizes': 72, 'learning_rate_init': 2.19146028438853e-05, 'tol': 0.00022290022604652842, 'validation_fraction': 0.1464013351257401}
observation time 0.000006, current best 49.864233 at iter 7
Failure in optimizer suggest. Falling back to random search.
name 'activ' is not defined
Traceback (most recent call last):
  File "/home/ryedida/.local/lib/python3.9/site-packages/bayesmark/experiment.py", line 126, in run_study
    next_points = optimizer.suggest(n_suggestions)
  File "/home/ryedida/bbo_challenge_starter_kit/example_submissions/smoothness/optimizer.py", line 109, in suggest
    betas = [self._get_smoothness_reg(guess) for guess in guesses]
  File "/home/ryedida/bbo_challenge_starter_kit/example_submissions/smoothness/optimizer.py", line 109, in <listcomp>
    betas = [self._get_smoothness_reg(guess) for guess in guesses]
  File "/home/ryedida/bbo_challenge_starter_kit/example_submissions/smoothness/optimizer.py", line 49, in _get_smoothness_reg
    if activ > Kz:
NameError: name 'activ' is not defined
suggestion time taken 0.320768 iter 8 next_points [{'alpha': 3.524017644149279e-05, 'batch_size': 169, 'beta_1': 0.872726802789359, 'beta_2': 0.9999966809317344, 'epsilon': 3.8783533214890464e-08, 'hidden_layer_sizes': 180, 'learning_rate_init': 0.004289311272513778, 'tol': 0.05043668866316296, 'validation_fraction': 0.47513674283947605}]
function_evaluation time 0.070858 value 150.718162 suggestion {'alpha': 3.524017644149279e-05, 'batch_size': 169, 'beta_1': 0.872726802789359, 'beta_2': 0.9999966809317344, 'epsilon': 3.8783533214890464e-08, 'hidden_layer_sizes': 180, 'learning_rate_init': 0.004289311272513778, 'tol': 0.05043668866316296, 'validation_fraction': 0.47513674283947605}
observation time 0.000006, current best 49.864233 at iter 8
Failure in optimizer suggest. Falling back to random search.
name 'activ' is not defined
Traceback (most recent call last):
  File "/home/ryedida/.local/lib/python3.9/site-packages/bayesmark/experiment.py", line 126, in run_study
    next_points = optimizer.suggest(n_suggestions)
  File "/home/ryedida/bbo_challenge_starter_kit/example_submissions/smoothness/optimizer.py", line 109, in suggest
    betas = [self._get_smoothness_reg(guess) for guess in guesses]
  File "/home/ryedida/bbo_challenge_starter_kit/example_submissions/smoothness/optimizer.py", line 109, in <listcomp>
    betas = [self._get_smoothness_reg(guess) for guess in guesses]
  File "/home/ryedida/bbo_challenge_starter_kit/example_submissions/smoothness/optimizer.py", line 49, in _get_smoothness_reg
    if activ > Kz:
NameError: name 'activ' is not defined
suggestion time taken 0.338557 iter 9 next_points [{'alpha': 7.802220317175374, 'batch_size': 151, 'beta_1': 0.9761208660807565, 'beta_2': 0.9999837000377837, 'epsilon': 2.9157156544711335e-09, 'hidden_layer_sizes': 119, 'learning_rate_init': 0.023566597080309643, 'tol': 0.0008419864038944994, 'validation_fraction': 0.6301798537006874}]
/home/ryedida/.local/lib/python3.9/site-packages/sklearn/neural_network/_multilayer_perceptron.py:605: UserWarning: Got `batch_size` less than 1 or larger than sample size. It is going to be clipped
  warnings.warn(

function_evaluation time 0.329567 value 54.571288 suggestion {'alpha': 7.802220317175374, 'batch_size': 151, 'beta_1': 0.9761208660807565, 'beta_2': 0.9999837000377837, 'epsilon': 2.9157156544711335e-09, 'hidden_layer_sizes': 119, 'learning_rate_init': 0.023566597080309643, 'tol': 0.0008419864038944994, 'validation_fraction': 0.6301798537006874}
observation time 0.000006, current best 49.864233 at iter 9
Failure in optimizer suggest. Falling back to random search.
name 'activ' is not defined
Traceback (most recent call last):
  File "/home/ryedida/.local/lib/python3.9/site-packages/bayesmark/experiment.py", line 126, in run_study
    next_points = optimizer.suggest(n_suggestions)
  File "/home/ryedida/bbo_challenge_starter_kit/example_submissions/smoothness/optimizer.py", line 109, in suggest
    betas = [self._get_smoothness_reg(guess) for guess in guesses]
  File "/home/ryedida/bbo_challenge_starter_kit/example_submissions/smoothness/optimizer.py", line 109, in <listcomp>
    betas = [self._get_smoothness_reg(guess) for guess in guesses]
  File "/home/ryedida/bbo_challenge_starter_kit/example_submissions/smoothness/optimizer.py", line 49, in _get_smoothness_reg
    if activ > Kz:
NameError: name 'activ' is not defined
suggestion time taken 0.324455 iter 10 next_points [{'alpha': 0.33293882519051077, 'batch_size': 189, 'beta_1': 0.9872866416699001, 'beta_2': 0.9606925018055066, 'epsilon': 4.4549826433046166e-07, 'hidden_layer_sizes': 141, 'learning_rate_init': 0.011023955368267991, 'tol': 0.016458120255818515, 'validation_fraction': 0.22306113085746487}]
function_evaluation time 0.559439 value 56.175880 suggestion {'alpha': 0.33293882519051077, 'batch_size': 189, 'beta_1': 0.9872866416699001, 'beta_2': 0.9606925018055066, 'epsilon': 4.4549826433046166e-07, 'hidden_layer_sizes': 141, 'learning_rate_init': 0.011023955368267991, 'tol': 0.016458120255818515, 'validation_fraction': 0.22306113085746487}
observation time 0.000007, current best 49.864233 at iter 10
Failure in optimizer suggest. Falling back to random search.
name 'activ' is not defined
Traceback (most recent call last):
  File "/home/ryedida/.local/lib/python3.9/site-packages/bayesmark/experiment.py", line 126, in run_study
    next_points = optimizer.suggest(n_suggestions)
  File "/home/ryedida/bbo_challenge_starter_kit/example_submissions/smoothness/optimizer.py", line 109, in suggest
    betas = [self._get_smoothness_reg(guess) for guess in guesses]
  File "/home/ryedida/bbo_challenge_starter_kit/example_submissions/smoothness/optimizer.py", line 109, in <listcomp>
    betas = [self._get_smoothness_reg(guess) for guess in guesses]
  File "/home/ryedida/bbo_challenge_starter_kit/example_submissions/smoothness/optimizer.py", line 49, in _get_smoothness_reg
    if activ > Kz:
NameError: name 'activ' is not defined
suggestion time taken 0.323599 iter 11 next_points [{'alpha': 4.261026064663936, 'batch_size': 211, 'beta_1': 0.8516836278318335, 'beta_2': 0.9999961273372215, 'epsilon': 2.8848148080919646e-09, 'hidden_layer_sizes': 110, 'learning_rate_init': 0.0008830561854143972, 'tol': 2.2656046158283973e-05, 'validation_fraction': 0.3229835884069786}]
/home/ryedida/.local/lib/python3.9/site-packages/sklearn/neural_network/_multilayer_perceptron.py:686: ConvergenceWarning: Stochastic Optimizer: Maximum iterations (200) reached and the optimization hasn't converged yet.
  warnings.warn(

function_evaluation time 0.877006 value 147.377056 suggestion {'alpha': 4.261026064663936, 'batch_size': 211, 'beta_1': 0.8516836278318335, 'beta_2': 0.9999961273372215, 'epsilon': 2.8848148080919646e-09, 'hidden_layer_sizes': 110, 'learning_rate_init': 0.0008830561854143972, 'tol': 2.2656046158283973e-05, 'validation_fraction': 0.3229835884069786}
observation time 0.000005, current best 49.864233 at iter 11
Failure in optimizer suggest. Falling back to random search.
name 'activ' is not defined
Traceback (most recent call last):
  File "/home/ryedida/.local/lib/python3.9/site-packages/bayesmark/experiment.py", line 126, in run_study
    next_points = optimizer.suggest(n_suggestions)
  File "/home/ryedida/bbo_challenge_starter_kit/example_submissions/smoothness/optimizer.py", line 109, in suggest
    betas = [self._get_smoothness_reg(guess) for guess in guesses]
  File "/home/ryedida/bbo_challenge_starter_kit/example_submissions/smoothness/optimizer.py", line 109, in <listcomp>
    betas = [self._get_smoothness_reg(guess) for guess in guesses]
  File "/home/ryedida/bbo_challenge_starter_kit/example_submissions/smoothness/optimizer.py", line 49, in _get_smoothness_reg
    if activ > Kz:
NameError: name 'activ' is not defined
suggestion time taken 0.315412 iter 12 next_points [{'alpha': 0.001386551242837579, 'batch_size': 211, 'beta_1': 0.9885559002416135, 'beta_2': 0.9977886394449438, 'epsilon': 9.98502181431565e-07, 'hidden_layer_sizes': 99, 'learning_rate_init': 0.016535123441271758, 'tol': 0.046523216323994136, 'validation_fraction': 0.2914100463233296}]
function_evaluation time 0.060531 value 148.431054 suggestion {'alpha': 0.001386551242837579, 'batch_size': 211, 'beta_1': 0.9885559002416135, 'beta_2': 0.9977886394449438, 'epsilon': 9.98502181431565e-07, 'hidden_layer_sizes': 99, 'learning_rate_init': 0.016535123441271758, 'tol': 0.046523216323994136, 'validation_fraction': 0.2914100463233296}
observation time 0.000005, current best 49.864233 at iter 12
Failure in optimizer suggest. Falling back to random search.
name 'activ' is not defined
Traceback (most recent call last):
  File "/home/ryedida/.local/lib/python3.9/site-packages/bayesmark/experiment.py", line 126, in run_study
    next_points = optimizer.suggest(n_suggestions)
  File "/home/ryedida/bbo_challenge_starter_kit/example_submissions/smoothness/optimizer.py", line 109, in suggest
    betas = [self._get_smoothness_reg(guess) for guess in guesses]
  File "/home/ryedida/bbo_challenge_starter_kit/example_submissions/smoothness/optimizer.py", line 109, in <listcomp>
    betas = [self._get_smoothness_reg(guess) for guess in guesses]
  File "/home/ryedida/bbo_challenge_starter_kit/example_submissions/smoothness/optimizer.py", line 49, in _get_smoothness_reg
    if activ > Kz:
NameError: name 'activ' is not defined
suggestion time taken 0.324336 iter 13 next_points [{'alpha': 4.3403996011044634e-05, 'batch_size': 87, 'beta_1': 0.8388340606816459, 'beta_2': 0.9999606428462587, 'epsilon': 8.200965639819102e-09, 'hidden_layer_sizes': 74, 'learning_rate_init': 0.004935337523613021, 'tol': 0.003793588728943557, 'validation_fraction': 0.778526631347976}]
/home/ryedida/.local/lib/python3.9/site-packages/sklearn/neural_network/_multilayer_perceptron.py:605: UserWarning: Got `batch_size` less than 1 or larger than sample size. It is going to be clipped
  warnings.warn(

function_evaluation time 0.046481 value 150.825361 suggestion {'alpha': 4.3403996011044634e-05, 'batch_size': 87, 'beta_1': 0.8388340606816459, 'beta_2': 0.9999606428462587, 'epsilon': 8.200965639819102e-09, 'hidden_layer_sizes': 74, 'learning_rate_init': 0.004935337523613021, 'tol': 0.003793588728943557, 'validation_fraction': 0.778526631347976}
observation time 0.000006, current best 49.864233 at iter 13
Failure in optimizer suggest. Falling back to random search.
name 'activ' is not defined
Traceback (most recent call last):
  File "/home/ryedida/.local/lib/python3.9/site-packages/bayesmark/experiment.py", line 126, in run_study
    next_points = optimizer.suggest(n_suggestions)
  File "/home/ryedida/bbo_challenge_starter_kit/example_submissions/smoothness/optimizer.py", line 109, in suggest
    betas = [self._get_smoothness_reg(guess) for guess in guesses]
  File "/home/ryedida/bbo_challenge_starter_kit/example_submissions/smoothness/optimizer.py", line 109, in <listcomp>
    betas = [self._get_smoothness_reg(guess) for guess in guesses]
  File "/home/ryedida/bbo_challenge_starter_kit/example_submissions/smoothness/optimizer.py", line 49, in _get_smoothness_reg
    if activ > Kz:
NameError: name 'activ' is not defined
suggestion time taken 0.322192 iter 14 next_points [{'alpha': 0.0033674210087548543, 'batch_size': 132, 'beta_1': 0.9866068391117897, 'beta_2': 0.9606894871304587, 'epsilon': 1.3015028702097067e-08, 'hidden_layer_sizes': 72, 'learning_rate_init': 0.013887660261212237, 'tol': 0.02239954082426303, 'validation_fraction': 0.6997592916055034}]
/home/ryedida/.local/lib/python3.9/site-packages/sklearn/neural_network/_multilayer_perceptron.py:605: UserWarning: Got `batch_size` less than 1 or larger than sample size. It is going to be clipped
  warnings.warn(

function_evaluation time 0.045571 value 149.688882 suggestion {'alpha': 0.0033674210087548543, 'batch_size': 132, 'beta_1': 0.9866068391117897, 'beta_2': 0.9606894871304587, 'epsilon': 1.3015028702097067e-08, 'hidden_layer_sizes': 72, 'learning_rate_init': 0.013887660261212237, 'tol': 0.02239954082426303, 'validation_fraction': 0.6997592916055034}
observation time 0.000005, current best 49.864233 at iter 14
saving meta data: {'args': {'--uuid': 'd4ccc24822f4519c957488edc9def03e', '-db-root': '/home/ryedida/bbo_challenge_starter_kit/output', '--opt-root': '/home/ryedida/bbo_challenge_starter_kit/example_submissions', '--data-root': None, '--db': 'run_20230427_004608', '--opt': 'smoothness', '--data': 'diabetes', '--classifier': 'MLP-adam', '--metric': 'mae', '--calls': 15, '--suggestions': 1, '--jobs-file': None, '--verbose': False, 'dry_run': False, 'rev': 'a376313', 'opt_rev': 'x.x.x'}, 'signature': ([{'alpha': 0.019628224813442792, 'batch_size': 182, 'beta_1': 0.9410202200271762, 'beta_2': 0.9998021557676793, 'epsilon': 1.8662266976518e-08, 'hidden_layer_sizes': 147, 'learning_rate_init': 0.0005627932047415167, 'tol': 0.03690557729213761, 'validation_fraction': 0.8846827852548593}, {'alpha': 0.0019982467392329444, 'batch_size': 200, 'beta_1': 0.919111482530466, 'beta_2': 0.9998488260436156, 'epsilon': 5.981221901152555e-07, 'hidden_layer_sizes': 61, 'learning_rate_init': 2.2310905607443014e-05, 'tol': 1.2046852412030316e-05, 'validation_fraction': 0.8117896445826539}, {'alpha': 0.46659545670218433, 'batch_size': 219, 'beta_1': 0.9889789783750891, 'beta_2': 0.9999896868093284, 'epsilon': 2.4234724484675948e-08, 'hidden_layer_sizes': 167, 'learning_rate_init': 2.972334644335654e-05, 'tol': 0.0036281404040243792, 'validation_fraction': 0.17260651658522078}, {'alpha': 4.656005689076002, 'batch_size': 135, 'beta_1': 0.870503881627747, 'beta_2': 0.9948873266941017, 'epsilon': 2.1023308743480125e-07, 'hidden_layer_sizes': 118, 'learning_rate_init': 0.0018781738757161913, 'tol': 1.1889379831773004e-05, 'validation_fraction': 0.6264327093752792}, {'alpha': 0.04705159350400542, 'batch_size': 158, 'beta_1': 0.9870884262730957, 'beta_2': 0.9999596874382349, 'epsilon': 1.1981845126013875e-08, 'hidden_layer_sizes': 116, 'learning_rate_init': 0.00617340520407431, 'tol': 1.741413418158619e-05, 'validation_fraction': 0.6754299026638921}], [151.4971925380264, 151.42763539278994, 151.47026299046811, 136.86202504264318, 75.2055865763391])}
saving results
saving timing
saving suggest log
done
