running: {'--uuid': 'd6eef3eeb24f5b7aa05edbc833a957bb', '-db-root': '/home/ryedida/bbo_challenge_starter_kit/output', '--opt-root': '/home/ryedida/bbo_challenge_starter_kit/example_submissions', '--data-root': None, '--db': 'run_20230427_004608', '--opt': 'smoothness', '--data': 'diabetes', '--classifier': 'MLP-adam', '--metric': 'mae', '--calls': 15, '--suggestions': 1, '--jobs-file': None, '--verbose': False, 'dry_run': False, 'rev': 'a376313', 'opt_rev': 'x.x.x'}
cmd: python smoothness/optimizer.py -c MLP-adam -d diabetes -o smoothness -u d6eef3eeb24f5b7aa05edbc833a957bb -m mae -n 15 -p 1 -dir /home/ryedida/bbo_challenge_starter_kit/output -b run_20230427_004608
/home/ryedida/.local/lib/python3.9/site-packages/sklearn/neural_network/_multilayer_perceptron.py:605: UserWarning: Got `batch_size` less than 1 or larger than sample size. It is going to be clipped
  warnings.warn(

/home/ryedida/.local/lib/python3.9/site-packages/sklearn/neural_network/_multilayer_perceptron.py:605: UserWarning: Got `batch_size` less than 1 or larger than sample size. It is going to be clipped
  warnings.warn(

/home/ryedida/.local/lib/python3.9/site-packages/sklearn/neural_network/_multilayer_perceptron.py:605: UserWarning: Got `batch_size` less than 1 or larger than sample size. It is going to be clipped
  warnings.warn(

/home/ryedida/.local/lib/python3.9/site-packages/sklearn/neural_network/_multilayer_perceptron.py:686: ConvergenceWarning: Stochastic Optimizer: Maximum iterations (200) reached and the optimization hasn't converged yet.
  warnings.warn(

/home/ryedida/.local/lib/python3.9/site-packages/sklearn/neural_network/_multilayer_perceptron.py:605: UserWarning: Got `batch_size` less than 1 or larger than sample size. It is going to be clipped
  warnings.warn(

/home/ryedida/.local/lib/python3.9/site-packages/sklearn/neural_network/_multilayer_perceptron.py:686: ConvergenceWarning: Stochastic Optimizer: Maximum iterations (200) reached and the optimization hasn't converged yet.
  warnings.warn(

computed signature: ([{'alpha': 0.019628224813442792, 'batch_size': 182, 'beta_1': 0.9410202200271762, 'beta_2': 0.9998021557676793, 'epsilon': 1.8662266976518e-08, 'hidden_layer_sizes': 147, 'learning_rate_init': 0.0005627932047415167, 'tol': 0.03690557729213761, 'validation_fraction': 0.8846827852548593}, {'alpha': 0.0019982467392329444, 'batch_size': 200, 'beta_1': 0.919111482530466, 'beta_2': 0.9998488260436156, 'epsilon': 5.981221901152555e-07, 'hidden_layer_sizes': 61, 'learning_rate_init': 2.2310905607443014e-05, 'tol': 1.2046852412030316e-05, 'validation_fraction': 0.8117896445826539}, {'alpha': 0.46659545670218433, 'batch_size': 219, 'beta_1': 0.9889789783750891, 'beta_2': 0.9999896868093284, 'epsilon': 2.4234724484675948e-08, 'hidden_layer_sizes': 167, 'learning_rate_init': 2.972334644335654e-05, 'tol': 0.0036281404040243792, 'validation_fraction': 0.17260651658522078}, {'alpha': 4.656005689076002, 'batch_size': 135, 'beta_1': 0.870503881627747, 'beta_2': 0.9948873266941017, 'epsilon': 2.1023308743480125e-07, 'hidden_layer_sizes': 118, 'learning_rate_init': 0.0018781738757161913, 'tol': 1.1889379831773004e-05, 'validation_fraction': 0.6264327093752792}, {'alpha': 0.04705159350400542, 'batch_size': 158, 'beta_1': 0.9870884262730957, 'beta_2': 0.9999596874382349, 'epsilon': 1.1981845126013875e-08, 'hidden_layer_sizes': 116, 'learning_rate_init': 0.00617340520407431, 'tol': 1.741413418158619e-05, 'validation_fraction': 0.6754299026638921}], [151.4971925380264, 151.42763539278994, 151.47026299046811, 136.86202504264318, 75.2055865763391])
Signature errors:
                                  0             1             2         3         4       max
MLP-adam_diabetes_mae  1.919244e-08  6.198704e-08  7.624578e-09  0.000007  0.000034  0.000034
max                    1.919244e-08  6.198704e-08  7.624578e-09  0.000007  0.000034  0.000034
starting sklearn study smoothness MLP-adam diabetes mae 15 1
with data root: None
Failure in optimizer suggest. Falling back to random search.
name 'activ' is not defined
Traceback (most recent call last):
  File "/home/ryedida/.local/lib/python3.9/site-packages/bayesmark/experiment.py", line 126, in run_study
    next_points = optimizer.suggest(n_suggestions)
  File "/home/ryedida/bbo_challenge_starter_kit/example_submissions/smoothness/optimizer.py", line 109, in suggest
    betas = [self._get_smoothness_reg(guess) for guess in guesses]
  File "/home/ryedida/bbo_challenge_starter_kit/example_submissions/smoothness/optimizer.py", line 109, in <listcomp>
    betas = [self._get_smoothness_reg(guess) for guess in guesses]
  File "/home/ryedida/bbo_challenge_starter_kit/example_submissions/smoothness/optimizer.py", line 49, in _get_smoothness_reg
    if activ > Kz:
NameError: name 'activ' is not defined
suggestion time taken 0.499031 iter 0 next_points [{'alpha': 0.052662279677601086, 'batch_size': 17, 'beta_1': 0.8953517564546682, 'beta_2': 0.9995748423896524, 'epsilon': 1.3628815292315347e-09, 'hidden_layer_sizes': 186, 'learning_rate_init': 0.08307032389521424, 'tol': 0.0023677467686289756, 'validation_fraction': 0.8911650174063136}]
function_evaluation time 0.231867 value 47.272303 suggestion {'alpha': 0.052662279677601086, 'batch_size': 17, 'beta_1': 0.8953517564546682, 'beta_2': 0.9995748423896524, 'epsilon': 1.3628815292315347e-09, 'hidden_layer_sizes': 186, 'learning_rate_init': 0.08307032389521424, 'tol': 0.0023677467686289756, 'validation_fraction': 0.8911650174063136}
observation time 0.000007, current best 47.272303 at iter 0
Failure in optimizer suggest. Falling back to random search.
name 'activ' is not defined
Traceback (most recent call last):
  File "/home/ryedida/.local/lib/python3.9/site-packages/bayesmark/experiment.py", line 126, in run_study
    next_points = optimizer.suggest(n_suggestions)
  File "/home/ryedida/bbo_challenge_starter_kit/example_submissions/smoothness/optimizer.py", line 109, in suggest
    betas = [self._get_smoothness_reg(guess) for guess in guesses]
  File "/home/ryedida/bbo_challenge_starter_kit/example_submissions/smoothness/optimizer.py", line 109, in <listcomp>
    betas = [self._get_smoothness_reg(guess) for guess in guesses]
  File "/home/ryedida/bbo_challenge_starter_kit/example_submissions/smoothness/optimizer.py", line 49, in _get_smoothness_reg
    if activ > Kz:
NameError: name 'activ' is not defined
suggestion time taken 0.323288 iter 1 next_points [{'alpha': 1.377303946186812, 'batch_size': 134, 'beta_1': 0.7698622254337011, 'beta_2': 0.9994170545222077, 'epsilon': 6.786936812673972e-09, 'hidden_layer_sizes': 84, 'learning_rate_init': 0.0007133327915601635, 'tol': 6.743758930345983e-05, 'validation_fraction': 0.8585740908903643}]
/home/ryedida/.local/lib/python3.9/site-packages/sklearn/neural_network/_multilayer_perceptron.py:605: UserWarning: Got `batch_size` less than 1 or larger than sample size. It is going to be clipped
  warnings.warn(

/home/ryedida/.local/lib/python3.9/site-packages/sklearn/neural_network/_multilayer_perceptron.py:686: ConvergenceWarning: Stochastic Optimizer: Maximum iterations (200) reached and the optimization hasn't converged yet.
  warnings.warn(

function_evaluation time 0.625442 value 148.964370 suggestion {'alpha': 1.377303946186812, 'batch_size': 134, 'beta_1': 0.7698622254337011, 'beta_2': 0.9994170545222077, 'epsilon': 6.786936812673972e-09, 'hidden_layer_sizes': 84, 'learning_rate_init': 0.0007133327915601635, 'tol': 6.743758930345983e-05, 'validation_fraction': 0.8585740908903643}
observation time 0.000006, current best 47.272303 at iter 1
Failure in optimizer suggest. Falling back to random search.
name 'activ' is not defined
Traceback (most recent call last):
  File "/home/ryedida/.local/lib/python3.9/site-packages/bayesmark/experiment.py", line 126, in run_study
    next_points = optimizer.suggest(n_suggestions)
  File "/home/ryedida/bbo_challenge_starter_kit/example_submissions/smoothness/optimizer.py", line 109, in suggest
    betas = [self._get_smoothness_reg(guess) for guess in guesses]
  File "/home/ryedida/bbo_challenge_starter_kit/example_submissions/smoothness/optimizer.py", line 109, in <listcomp>
    betas = [self._get_smoothness_reg(guess) for guess in guesses]
  File "/home/ryedida/bbo_challenge_starter_kit/example_submissions/smoothness/optimizer.py", line 49, in _get_smoothness_reg
    if activ > Kz:
NameError: name 'activ' is not defined
suggestion time taken 0.339363 iter 2 next_points [{'alpha': 6.10501889974372e-05, 'batch_size': 98, 'beta_1': 0.5539357606916492, 'beta_2': 0.9999878273234325, 'epsilon': 3.74091229190611e-09, 'hidden_layer_sizes': 176, 'learning_rate_init': 0.0004828857568260281, 'tol': 6.78048709847691e-05, 'validation_fraction': 0.528646307340429}]
/home/ryedida/.local/lib/python3.9/site-packages/sklearn/neural_network/_multilayer_perceptron.py:686: ConvergenceWarning: Stochastic Optimizer: Maximum iterations (200) reached and the optimization hasn't converged yet.
  warnings.warn(

function_evaluation time 1.163784 value 143.976444 suggestion {'alpha': 6.10501889974372e-05, 'batch_size': 98, 'beta_1': 0.5539357606916492, 'beta_2': 0.9999878273234325, 'epsilon': 3.74091229190611e-09, 'hidden_layer_sizes': 176, 'learning_rate_init': 0.0004828857568260281, 'tol': 6.78048709847691e-05, 'validation_fraction': 0.528646307340429}
observation time 0.000005, current best 47.272303 at iter 2
Failure in optimizer suggest. Falling back to random search.
name 'activ' is not defined
Traceback (most recent call last):
  File "/home/ryedida/.local/lib/python3.9/site-packages/bayesmark/experiment.py", line 126, in run_study
    next_points = optimizer.suggest(n_suggestions)
  File "/home/ryedida/bbo_challenge_starter_kit/example_submissions/smoothness/optimizer.py", line 109, in suggest
    betas = [self._get_smoothness_reg(guess) for guess in guesses]
  File "/home/ryedida/bbo_challenge_starter_kit/example_submissions/smoothness/optimizer.py", line 109, in <listcomp>
    betas = [self._get_smoothness_reg(guess) for guess in guesses]
  File "/home/ryedida/bbo_challenge_starter_kit/example_submissions/smoothness/optimizer.py", line 49, in _get_smoothness_reg
    if activ > Kz:
NameError: name 'activ' is not defined
suggestion time taken 0.329460 iter 3 next_points [{'alpha': 2.7937449439355612e-05, 'batch_size': 28, 'beta_1': 0.8686409078768992, 'beta_2': 0.9998508718163369, 'epsilon': 8.668954356649944e-07, 'hidden_layer_sizes': 83, 'learning_rate_init': 7.989089089665903e-05, 'tol': 5.6664172736972714e-05, 'validation_fraction': 0.8993516405305836}]
/home/ryedida/.local/lib/python3.9/site-packages/sklearn/neural_network/_multilayer_perceptron.py:686: ConvergenceWarning: Stochastic Optimizer: Maximum iterations (200) reached and the optimization hasn't converged yet.
  warnings.warn(

function_evaluation time 0.183361 value 151.484123 suggestion {'alpha': 2.7937449439355612e-05, 'batch_size': 28, 'beta_1': 0.8686409078768992, 'beta_2': 0.9998508718163369, 'epsilon': 8.668954356649944e-07, 'hidden_layer_sizes': 83, 'learning_rate_init': 7.989089089665903e-05, 'tol': 5.6664172736972714e-05, 'validation_fraction': 0.8993516405305836}
observation time 0.000006, current best 47.272303 at iter 3
Failure in optimizer suggest. Falling back to random search.
name 'activ' is not defined
Traceback (most recent call last):
  File "/home/ryedida/.local/lib/python3.9/site-packages/bayesmark/experiment.py", line 126, in run_study
    next_points = optimizer.suggest(n_suggestions)
  File "/home/ryedida/bbo_challenge_starter_kit/example_submissions/smoothness/optimizer.py", line 109, in suggest
    betas = [self._get_smoothness_reg(guess) for guess in guesses]
  File "/home/ryedida/bbo_challenge_starter_kit/example_submissions/smoothness/optimizer.py", line 109, in <listcomp>
    betas = [self._get_smoothness_reg(guess) for guess in guesses]
  File "/home/ryedida/bbo_challenge_starter_kit/example_submissions/smoothness/optimizer.py", line 49, in _get_smoothness_reg
    if activ > Kz:
NameError: name 'activ' is not defined
suggestion time taken 0.330783 iter 4 next_points [{'alpha': 0.5088239576048527, 'batch_size': 210, 'beta_1': 0.9610745227599531, 'beta_2': 0.9969992447978655, 'epsilon': 2.652248570266557e-08, 'hidden_layer_sizes': 168, 'learning_rate_init': 0.0015889339639254048, 'tol': 0.017076272533252865, 'validation_fraction': 0.6745758417565026}]
/home/ryedida/.local/lib/python3.9/site-packages/sklearn/neural_network/_multilayer_perceptron.py:605: UserWarning: Got `batch_size` less than 1 or larger than sample size. It is going to be clipped
  warnings.warn(

function_evaluation time 0.068815 value 151.135014 suggestion {'alpha': 0.5088239576048527, 'batch_size': 210, 'beta_1': 0.9610745227599531, 'beta_2': 0.9969992447978655, 'epsilon': 2.652248570266557e-08, 'hidden_layer_sizes': 168, 'learning_rate_init': 0.0015889339639254048, 'tol': 0.017076272533252865, 'validation_fraction': 0.6745758417565026}
observation time 0.000005, current best 47.272303 at iter 4
Failure in optimizer suggest. Falling back to random search.
name 'activ' is not defined
Traceback (most recent call last):
  File "/home/ryedida/.local/lib/python3.9/site-packages/bayesmark/experiment.py", line 126, in run_study
    next_points = optimizer.suggest(n_suggestions)
  File "/home/ryedida/bbo_challenge_starter_kit/example_submissions/smoothness/optimizer.py", line 109, in suggest
    betas = [self._get_smoothness_reg(guess) for guess in guesses]
  File "/home/ryedida/bbo_challenge_starter_kit/example_submissions/smoothness/optimizer.py", line 109, in <listcomp>
    betas = [self._get_smoothness_reg(guess) for guess in guesses]
  File "/home/ryedida/bbo_challenge_starter_kit/example_submissions/smoothness/optimizer.py", line 49, in _get_smoothness_reg
    if activ > Kz:
NameError: name 'activ' is not defined
suggestion time taken 0.330337 iter 5 next_points [{'alpha': 0.0003558158227920283, 'batch_size': 194, 'beta_1': 0.8233857588506378, 'beta_2': 0.9976275142201514, 'epsilon': 7.954198444141086e-07, 'hidden_layer_sizes': 160, 'learning_rate_init': 1.3924213910325113e-05, 'tol': 0.003065683604066141, 'validation_fraction': 0.7980220773328677}]
/home/ryedida/.local/lib/python3.9/site-packages/sklearn/neural_network/_multilayer_perceptron.py:605: UserWarning: Got `batch_size` less than 1 or larger than sample size. It is going to be clipped
  warnings.warn(

function_evaluation time 0.055439 value 151.538060 suggestion {'alpha': 0.0003558158227920283, 'batch_size': 194, 'beta_1': 0.8233857588506378, 'beta_2': 0.9976275142201514, 'epsilon': 7.954198444141086e-07, 'hidden_layer_sizes': 160, 'learning_rate_init': 1.3924213910325113e-05, 'tol': 0.003065683604066141, 'validation_fraction': 0.7980220773328677}
observation time 0.000006, current best 47.272303 at iter 5
Failure in optimizer suggest. Falling back to random search.
name 'activ' is not defined
Traceback (most recent call last):
  File "/home/ryedida/.local/lib/python3.9/site-packages/bayesmark/experiment.py", line 126, in run_study
    next_points = optimizer.suggest(n_suggestions)
  File "/home/ryedida/bbo_challenge_starter_kit/example_submissions/smoothness/optimizer.py", line 109, in suggest
    betas = [self._get_smoothness_reg(guess) for guess in guesses]
  File "/home/ryedida/bbo_challenge_starter_kit/example_submissions/smoothness/optimizer.py", line 109, in <listcomp>
    betas = [self._get_smoothness_reg(guess) for guess in guesses]
  File "/home/ryedida/bbo_challenge_starter_kit/example_submissions/smoothness/optimizer.py", line 49, in _get_smoothness_reg
    if activ > Kz:
NameError: name 'activ' is not defined
suggestion time taken 0.329595 iter 6 next_points [{'alpha': 0.2564036514794286, 'batch_size': 137, 'beta_1': 0.8820198731378399, 'beta_2': 0.9997848492206587, 'epsilon': 1.682494888592472e-09, 'hidden_layer_sizes': 181, 'learning_rate_init': 0.002537216194082847, 'tol': 0.0001452340550915738, 'validation_fraction': 0.8128249368830064}]
/home/ryedida/.local/lib/python3.9/site-packages/sklearn/neural_network/_multilayer_perceptron.py:605: UserWarning: Got `batch_size` less than 1 or larger than sample size. It is going to be clipped
  warnings.warn(

/home/ryedida/.local/lib/python3.9/site-packages/sklearn/neural_network/_multilayer_perceptron.py:686: ConvergenceWarning: Stochastic Optimizer: Maximum iterations (200) reached and the optimization hasn't converged yet.
  warnings.warn(

function_evaluation time 0.796062 value 106.248899 suggestion {'alpha': 0.2564036514794286, 'batch_size': 137, 'beta_1': 0.8820198731378399, 'beta_2': 0.9997848492206587, 'epsilon': 1.682494888592472e-09, 'hidden_layer_sizes': 181, 'learning_rate_init': 0.002537216194082847, 'tol': 0.0001452340550915738, 'validation_fraction': 0.8128249368830064}
observation time 0.000005, current best 47.272303 at iter 6
Failure in optimizer suggest. Falling back to random search.
name 'activ' is not defined
Traceback (most recent call last):
  File "/home/ryedida/.local/lib/python3.9/site-packages/bayesmark/experiment.py", line 126, in run_study
    next_points = optimizer.suggest(n_suggestions)
  File "/home/ryedida/bbo_challenge_starter_kit/example_submissions/smoothness/optimizer.py", line 109, in suggest
    betas = [self._get_smoothness_reg(guess) for guess in guesses]
  File "/home/ryedida/bbo_challenge_starter_kit/example_submissions/smoothness/optimizer.py", line 109, in <listcomp>
    betas = [self._get_smoothness_reg(guess) for guess in guesses]
  File "/home/ryedida/bbo_challenge_starter_kit/example_submissions/smoothness/optimizer.py", line 49, in _get_smoothness_reg
    if activ > Kz:
NameError: name 'activ' is not defined
suggestion time taken 0.457426 iter 7 next_points [{'alpha': 0.19910368231274897, 'batch_size': 17, 'beta_1': 0.7943966710668426, 'beta_2': 0.9999929261323073, 'epsilon': 5.436787524485705e-09, 'hidden_layer_sizes': 73, 'learning_rate_init': 0.033844490127268693, 'tol': 0.005990853650036915, 'validation_fraction': 0.5735766825005969}]
function_evaluation time 0.433121 value 46.210630 suggestion {'alpha': 0.19910368231274897, 'batch_size': 17, 'beta_1': 0.7943966710668426, 'beta_2': 0.9999929261323073, 'epsilon': 5.436787524485705e-09, 'hidden_layer_sizes': 73, 'learning_rate_init': 0.033844490127268693, 'tol': 0.005990853650036915, 'validation_fraction': 0.5735766825005969}
observation time 0.000006, current best 46.210630 at iter 7
Failure in optimizer suggest. Falling back to random search.
name 'activ' is not defined
Traceback (most recent call last):
  File "/home/ryedida/.local/lib/python3.9/site-packages/bayesmark/experiment.py", line 126, in run_study
    next_points = optimizer.suggest(n_suggestions)
  File "/home/ryedida/bbo_challenge_starter_kit/example_submissions/smoothness/optimizer.py", line 109, in suggest
    betas = [self._get_smoothness_reg(guess) for guess in guesses]
  File "/home/ryedida/bbo_challenge_starter_kit/example_submissions/smoothness/optimizer.py", line 109, in <listcomp>
    betas = [self._get_smoothness_reg(guess) for guess in guesses]
  File "/home/ryedida/bbo_challenge_starter_kit/example_submissions/smoothness/optimizer.py", line 49, in _get_smoothness_reg
    if activ > Kz:
NameError: name 'activ' is not defined
suggestion time taken 0.324342 iter 8 next_points [{'alpha': 1.515348255911544e-05, 'batch_size': 38, 'beta_1': 0.8286504924202024, 'beta_2': 0.9992412438773619, 'epsilon': 1.880438220930478e-09, 'hidden_layer_sizes': 148, 'learning_rate_init': 0.0010064906886275487, 'tol': 0.014853460126003276, 'validation_fraction': 0.19354910895281796}]
function_evaluation time 0.093864 value 150.115699 suggestion {'alpha': 1.515348255911544e-05, 'batch_size': 38, 'beta_1': 0.8286504924202024, 'beta_2': 0.9992412438773619, 'epsilon': 1.880438220930478e-09, 'hidden_layer_sizes': 148, 'learning_rate_init': 0.0010064906886275487, 'tol': 0.014853460126003276, 'validation_fraction': 0.19354910895281796}
observation time 0.000006, current best 46.210630 at iter 8
Failure in optimizer suggest. Falling back to random search.
name 'activ' is not defined
Traceback (most recent call last):
  File "/home/ryedida/.local/lib/python3.9/site-packages/bayesmark/experiment.py", line 126, in run_study
    next_points = optimizer.suggest(n_suggestions)
  File "/home/ryedida/bbo_challenge_starter_kit/example_submissions/smoothness/optimizer.py", line 109, in suggest
    betas = [self._get_smoothness_reg(guess) for guess in guesses]
  File "/home/ryedida/bbo_challenge_starter_kit/example_submissions/smoothness/optimizer.py", line 109, in <listcomp>
    betas = [self._get_smoothness_reg(guess) for guess in guesses]
  File "/home/ryedida/bbo_challenge_starter_kit/example_submissions/smoothness/optimizer.py", line 49, in _get_smoothness_reg
    if activ > Kz:
NameError: name 'activ' is not defined
suggestion time taken 0.322886 iter 9 next_points [{'alpha': 0.06705758937112627, 'batch_size': 117, 'beta_1': 0.8706099575082341, 'beta_2': 0.9999956092938944, 'epsilon': 3.796975255916534e-07, 'hidden_layer_sizes': 84, 'learning_rate_init': 0.0178313408688992, 'tol': 4.09394878988264e-05, 'validation_fraction': 0.1134195670605352}]
function_evaluation time 0.523689 value 50.293715 suggestion {'alpha': 0.06705758937112627, 'batch_size': 117, 'beta_1': 0.8706099575082341, 'beta_2': 0.9999956092938944, 'epsilon': 3.796975255916534e-07, 'hidden_layer_sizes': 84, 'learning_rate_init': 0.0178313408688992, 'tol': 4.09394878988264e-05, 'validation_fraction': 0.1134195670605352}
observation time 0.000006, current best 46.210630 at iter 9
Failure in optimizer suggest. Falling back to random search.
name 'activ' is not defined
Traceback (most recent call last):
  File "/home/ryedida/.local/lib/python3.9/site-packages/bayesmark/experiment.py", line 126, in run_study
    next_points = optimizer.suggest(n_suggestions)
  File "/home/ryedida/bbo_challenge_starter_kit/example_submissions/smoothness/optimizer.py", line 109, in suggest
    betas = [self._get_smoothness_reg(guess) for guess in guesses]
  File "/home/ryedida/bbo_challenge_starter_kit/example_submissions/smoothness/optimizer.py", line 109, in <listcomp>
    betas = [self._get_smoothness_reg(guess) for guess in guesses]
  File "/home/ryedida/bbo_challenge_starter_kit/example_submissions/smoothness/optimizer.py", line 49, in _get_smoothness_reg
    if activ > Kz:
NameError: name 'activ' is not defined
suggestion time taken 0.324213 iter 10 next_points [{'alpha': 0.008764280102283887, 'batch_size': 222, 'beta_1': 0.7764444530620711, 'beta_2': 0.9822742610190511, 'epsilon': 1.4205476249772622e-07, 'hidden_layer_sizes': 155, 'learning_rate_init': 0.001696003820786178, 'tol': 0.0003601166269523123, 'validation_fraction': 0.8696475222265896}]
/home/ryedida/.local/lib/python3.9/site-packages/sklearn/neural_network/_multilayer_perceptron.py:605: UserWarning: Got `batch_size` less than 1 or larger than sample size. It is going to be clipped
  warnings.warn(

/home/ryedida/.local/lib/python3.9/site-packages/sklearn/neural_network/_multilayer_perceptron.py:686: ConvergenceWarning: Stochastic Optimizer: Maximum iterations (200) reached and the optimization hasn't converged yet.
  warnings.warn(

function_evaluation time 0.736420 value 138.011997 suggestion {'alpha': 0.008764280102283887, 'batch_size': 222, 'beta_1': 0.7764444530620711, 'beta_2': 0.9822742610190511, 'epsilon': 1.4205476249772622e-07, 'hidden_layer_sizes': 155, 'learning_rate_init': 0.001696003820786178, 'tol': 0.0003601166269523123, 'validation_fraction': 0.8696475222265896}
observation time 0.000006, current best 46.210630 at iter 10
Failure in optimizer suggest. Falling back to random search.
name 'activ' is not defined
Traceback (most recent call last):
  File "/home/ryedida/.local/lib/python3.9/site-packages/bayesmark/experiment.py", line 126, in run_study
    next_points = optimizer.suggest(n_suggestions)
  File "/home/ryedida/bbo_challenge_starter_kit/example_submissions/smoothness/optimizer.py", line 109, in suggest
    betas = [self._get_smoothness_reg(guess) for guess in guesses]
  File "/home/ryedida/bbo_challenge_starter_kit/example_submissions/smoothness/optimizer.py", line 109, in <listcomp>
    betas = [self._get_smoothness_reg(guess) for guess in guesses]
  File "/home/ryedida/bbo_challenge_starter_kit/example_submissions/smoothness/optimizer.py", line 49, in _get_smoothness_reg
    if activ > Kz:
NameError: name 'activ' is not defined
suggestion time taken 0.337876 iter 11 next_points [{'alpha': 0.0008251286817828128, 'batch_size': 225, 'beta_1': 0.685078007581442, 'beta_2': 0.999941287668156, 'epsilon': 4.711387972915823e-08, 'hidden_layer_sizes': 197, 'learning_rate_init': 0.0014967829363060968, 'tol': 0.09285684694851194, 'validation_fraction': 0.2258024348167333}]
function_evaluation time 0.081325 value 151.353753 suggestion {'alpha': 0.0008251286817828128, 'batch_size': 225, 'beta_1': 0.685078007581442, 'beta_2': 0.999941287668156, 'epsilon': 4.711387972915823e-08, 'hidden_layer_sizes': 197, 'learning_rate_init': 0.0014967829363060968, 'tol': 0.09285684694851194, 'validation_fraction': 0.2258024348167333}
observation time 0.000005, current best 46.210630 at iter 11
Failure in optimizer suggest. Falling back to random search.
name 'activ' is not defined
Traceback (most recent call last):
  File "/home/ryedida/.local/lib/python3.9/site-packages/bayesmark/experiment.py", line 126, in run_study
    next_points = optimizer.suggest(n_suggestions)
  File "/home/ryedida/bbo_challenge_starter_kit/example_submissions/smoothness/optimizer.py", line 109, in suggest
    betas = [self._get_smoothness_reg(guess) for guess in guesses]
  File "/home/ryedida/bbo_challenge_starter_kit/example_submissions/smoothness/optimizer.py", line 109, in <listcomp>
    betas = [self._get_smoothness_reg(guess) for guess in guesses]
  File "/home/ryedida/bbo_challenge_starter_kit/example_submissions/smoothness/optimizer.py", line 49, in _get_smoothness_reg
    if activ > Kz:
NameError: name 'activ' is not defined
suggestion time taken 0.324999 iter 12 next_points [{'alpha': 0.00017693588350846357, 'batch_size': 51, 'beta_1': 0.7022958117522552, 'beta_2': 0.999988248775336, 'epsilon': 6.704820409027938e-07, 'hidden_layer_sizes': 70, 'learning_rate_init': 7.526118589134788e-05, 'tol': 0.02452212593436243, 'validation_fraction': 0.5016982696502451}]
function_evaluation time 0.077706 value 151.629032 suggestion {'alpha': 0.00017693588350846357, 'batch_size': 51, 'beta_1': 0.7022958117522552, 'beta_2': 0.999988248775336, 'epsilon': 6.704820409027938e-07, 'hidden_layer_sizes': 70, 'learning_rate_init': 7.526118589134788e-05, 'tol': 0.02452212593436243, 'validation_fraction': 0.5016982696502451}
observation time 0.000005, current best 46.210630 at iter 12
Failure in optimizer suggest. Falling back to random search.
name 'activ' is not defined
Traceback (most recent call last):
  File "/home/ryedida/.local/lib/python3.9/site-packages/bayesmark/experiment.py", line 126, in run_study
    next_points = optimizer.suggest(n_suggestions)
  File "/home/ryedida/bbo_challenge_starter_kit/example_submissions/smoothness/optimizer.py", line 109, in suggest
    betas = [self._get_smoothness_reg(guess) for guess in guesses]
  File "/home/ryedida/bbo_challenge_starter_kit/example_submissions/smoothness/optimizer.py", line 109, in <listcomp>
    betas = [self._get_smoothness_reg(guess) for guess in guesses]
  File "/home/ryedida/bbo_challenge_starter_kit/example_submissions/smoothness/optimizer.py", line 49, in _get_smoothness_reg
    if activ > Kz:
NameError: name 'activ' is not defined
suggestion time taken 0.321070 iter 13 next_points [{'alpha': 0.00021587635977310792, 'batch_size': 238, 'beta_1': 0.9203905370340031, 'beta_2': 0.9721660661490293, 'epsilon': 8.194796496449657e-07, 'hidden_layer_sizes': 181, 'learning_rate_init': 0.0007683954992644481, 'tol': 0.003317902535249122, 'validation_fraction': 0.10209754792906967}]
function_evaluation time 0.095601 value 151.314098 suggestion {'alpha': 0.00021587635977310792, 'batch_size': 238, 'beta_1': 0.9203905370340031, 'beta_2': 0.9721660661490293, 'epsilon': 8.194796496449657e-07, 'hidden_layer_sizes': 181, 'learning_rate_init': 0.0007683954992644481, 'tol': 0.003317902535249122, 'validation_fraction': 0.10209754792906967}
observation time 0.000005, current best 46.210630 at iter 13
Failure in optimizer suggest. Falling back to random search.
name 'activ' is not defined
Traceback (most recent call last):
  File "/home/ryedida/.local/lib/python3.9/site-packages/bayesmark/experiment.py", line 126, in run_study
    next_points = optimizer.suggest(n_suggestions)
  File "/home/ryedida/bbo_challenge_starter_kit/example_submissions/smoothness/optimizer.py", line 109, in suggest
    betas = [self._get_smoothness_reg(guess) for guess in guesses]
  File "/home/ryedida/bbo_challenge_starter_kit/example_submissions/smoothness/optimizer.py", line 109, in <listcomp>
    betas = [self._get_smoothness_reg(guess) for guess in guesses]
  File "/home/ryedida/bbo_challenge_starter_kit/example_submissions/smoothness/optimizer.py", line 49, in _get_smoothness_reg
    if activ > Kz:
NameError: name 'activ' is not defined
suggestion time taken 0.322261 iter 14 next_points [{'alpha': 1.4063789667965892e-05, 'batch_size': 177, 'beta_1': 0.5806116117318926, 'beta_2': 0.9420460086964625, 'epsilon': 1.3357922491693042e-08, 'hidden_layer_sizes': 172, 'learning_rate_init': 0.016979756051832724, 'tol': 0.004886593507217379, 'validation_fraction': 0.35337932204143324}]
function_evaluation time 0.513128 value 49.882815 suggestion {'alpha': 1.4063789667965892e-05, 'batch_size': 177, 'beta_1': 0.5806116117318926, 'beta_2': 0.9420460086964625, 'epsilon': 1.3357922491693042e-08, 'hidden_layer_sizes': 172, 'learning_rate_init': 0.016979756051832724, 'tol': 0.004886593507217379, 'validation_fraction': 0.35337932204143324}
observation time 0.000007, current best 46.210630 at iter 14
saving meta data: {'args': {'--uuid': 'd6eef3eeb24f5b7aa05edbc833a957bb', '-db-root': '/home/ryedida/bbo_challenge_starter_kit/output', '--opt-root': '/home/ryedida/bbo_challenge_starter_kit/example_submissions', '--data-root': None, '--db': 'run_20230427_004608', '--opt': 'smoothness', '--data': 'diabetes', '--classifier': 'MLP-adam', '--metric': 'mae', '--calls': 15, '--suggestions': 1, '--jobs-file': None, '--verbose': False, 'dry_run': False, 'rev': 'a376313', 'opt_rev': 'x.x.x'}, 'signature': ([{'alpha': 0.019628224813442792, 'batch_size': 182, 'beta_1': 0.9410202200271762, 'beta_2': 0.9998021557676793, 'epsilon': 1.8662266976518e-08, 'hidden_layer_sizes': 147, 'learning_rate_init': 0.0005627932047415167, 'tol': 0.03690557729213761, 'validation_fraction': 0.8846827852548593}, {'alpha': 0.0019982467392329444, 'batch_size': 200, 'beta_1': 0.919111482530466, 'beta_2': 0.9998488260436156, 'epsilon': 5.981221901152555e-07, 'hidden_layer_sizes': 61, 'learning_rate_init': 2.2310905607443014e-05, 'tol': 1.2046852412030316e-05, 'validation_fraction': 0.8117896445826539}, {'alpha': 0.46659545670218433, 'batch_size': 219, 'beta_1': 0.9889789783750891, 'beta_2': 0.9999896868093284, 'epsilon': 2.4234724484675948e-08, 'hidden_layer_sizes': 167, 'learning_rate_init': 2.972334644335654e-05, 'tol': 0.0036281404040243792, 'validation_fraction': 0.17260651658522078}, {'alpha': 4.656005689076002, 'batch_size': 135, 'beta_1': 0.870503881627747, 'beta_2': 0.9948873266941017, 'epsilon': 2.1023308743480125e-07, 'hidden_layer_sizes': 118, 'learning_rate_init': 0.0018781738757161913, 'tol': 1.1889379831773004e-05, 'validation_fraction': 0.6264327093752792}, {'alpha': 0.04705159350400542, 'batch_size': 158, 'beta_1': 0.9870884262730957, 'beta_2': 0.9999596874382349, 'epsilon': 1.1981845126013875e-08, 'hidden_layer_sizes': 116, 'learning_rate_init': 0.00617340520407431, 'tol': 1.741413418158619e-05, 'validation_fraction': 0.6754299026638921}], [151.4971925380264, 151.42763539278994, 151.47026299046811, 136.86202504264318, 75.2055865763391])}
saving results
saving timing
saving suggest log
done
