running: {'--uuid': 'f8d00417ffe35624b5197561feca1220', '-db-root': '/home/ryedida/bbo_challenge_starter_kit/output', '--opt-root': '/home/ryedida/bbo_challenge_starter_kit/example_submissions', '--data-root': None, '--db': 'run_20230427_004608', '--opt': 'smoothness', '--data': 'diabetes', '--classifier': 'MLP-adam', '--metric': 'mse', '--calls': 15, '--suggestions': 1, '--jobs-file': None, '--verbose': False, 'dry_run': False, 'rev': 'a376313', 'opt_rev': 'x.x.x'}
cmd: python smoothness/optimizer.py -c MLP-adam -d diabetes -o smoothness -u f8d00417ffe35624b5197561feca1220 -m mse -n 15 -p 1 -dir /home/ryedida/bbo_challenge_starter_kit/output -b run_20230427_004608
/home/ryedida/.local/lib/python3.9/site-packages/sklearn/neural_network/_multilayer_perceptron.py:605: UserWarning: Got `batch_size` less than 1 or larger than sample size. It is going to be clipped
  warnings.warn(

/home/ryedida/.local/lib/python3.9/site-packages/sklearn/neural_network/_multilayer_perceptron.py:605: UserWarning: Got `batch_size` less than 1 or larger than sample size. It is going to be clipped
  warnings.warn(

/home/ryedida/.local/lib/python3.9/site-packages/sklearn/neural_network/_multilayer_perceptron.py:605: UserWarning: Got `batch_size` less than 1 or larger than sample size. It is going to be clipped
  warnings.warn(

/home/ryedida/.local/lib/python3.9/site-packages/sklearn/neural_network/_multilayer_perceptron.py:686: ConvergenceWarning: Stochastic Optimizer: Maximum iterations (200) reached and the optimization hasn't converged yet.
  warnings.warn(

/home/ryedida/.local/lib/python3.9/site-packages/sklearn/neural_network/_multilayer_perceptron.py:605: UserWarning: Got `batch_size` less than 1 or larger than sample size. It is going to be clipped
  warnings.warn(

/home/ryedida/.local/lib/python3.9/site-packages/sklearn/neural_network/_multilayer_perceptron.py:686: ConvergenceWarning: Stochastic Optimizer: Maximum iterations (200) reached and the optimization hasn't converged yet.
  warnings.warn(

computed signature: ([{'alpha': 0.019628224813442792, 'batch_size': 182, 'beta_1': 0.9410202200271762, 'beta_2': 0.9998021557676793, 'epsilon': 1.8662266976518e-08, 'hidden_layer_sizes': 147, 'learning_rate_init': 0.0005627932047415167, 'tol': 0.03690557729213761, 'validation_fraction': 0.8846827852548593}, {'alpha': 0.0019982467392329444, 'batch_size': 200, 'beta_1': 0.919111482530466, 'beta_2': 0.9998488260436156, 'epsilon': 5.981221901152555e-07, 'hidden_layer_sizes': 61, 'learning_rate_init': 2.2310905607443014e-05, 'tol': 1.2046852412030316e-05, 'validation_fraction': 0.8117896445826539}, {'alpha': 0.46659545670218433, 'batch_size': 219, 'beta_1': 0.9889789783750891, 'beta_2': 0.9999896868093284, 'epsilon': 2.4234724484675948e-08, 'hidden_layer_sizes': 167, 'learning_rate_init': 2.972334644335654e-05, 'tol': 0.0036281404040243792, 'validation_fraction': 0.17260651658522078}, {'alpha': 4.656005689076002, 'batch_size': 135, 'beta_1': 0.870503881627747, 'beta_2': 0.9948873266941017, 'epsilon': 2.1023308743480125e-07, 'hidden_layer_sizes': 118, 'learning_rate_init': 0.0018781738757161913, 'tol': 1.1889379831773004e-05, 'validation_fraction': 0.6264327093752792}, {'alpha': 0.04705159350400542, 'batch_size': 158, 'beta_1': 0.9870884262730957, 'beta_2': 0.9999596874382349, 'epsilon': 1.1981845126013875e-08, 'hidden_layer_sizes': 116, 'learning_rate_init': 0.00617340520407431, 'tol': 1.741413418158619e-05, 'validation_fraction': 0.6754299026638921}], [29083.993548572587, 29062.423277324073, 29075.78987471409, 24626.32866834337, 9584.226858493177])
Signature errors:
                              0         1         2         3         4       max
MLP-adam_diabetes_mse  0.000007  0.000008  0.000003  0.003558  0.004952  0.004952
max                    0.000007  0.000008  0.000003  0.003558  0.004952  0.004952
starting sklearn study smoothness MLP-adam diabetes mse 15 1
with data root: None
Failure in optimizer suggest. Falling back to random search.
name 'activ' is not defined
Traceback (most recent call last):
  File "/home/ryedida/.local/lib/python3.9/site-packages/bayesmark/experiment.py", line 126, in run_study
    next_points = optimizer.suggest(n_suggestions)
  File "/home/ryedida/bbo_challenge_starter_kit/example_submissions/smoothness/optimizer.py", line 109, in suggest
    betas = [self._get_smoothness_reg(guess) for guess in guesses]
  File "/home/ryedida/bbo_challenge_starter_kit/example_submissions/smoothness/optimizer.py", line 109, in <listcomp>
    betas = [self._get_smoothness_reg(guess) for guess in guesses]
  File "/home/ryedida/bbo_challenge_starter_kit/example_submissions/smoothness/optimizer.py", line 49, in _get_smoothness_reg
    if activ > Kz:
NameError: name 'activ' is not defined
suggestion time taken 0.505832 iter 0 next_points [{'alpha': 0.0008341115842257037, 'batch_size': 181, 'beta_1': 0.7020635769578373, 'beta_2': 0.9996615643645321, 'epsilon': 3.3577408686689856e-08, 'hidden_layer_sizes': 122, 'learning_rate_init': 0.0004294011169756142, 'tol': 0.00112963190545799, 'validation_fraction': 0.6349713446079238}]
/home/ryedida/.local/lib/python3.9/site-packages/sklearn/neural_network/_multilayer_perceptron.py:605: UserWarning: Got `batch_size` less than 1 or larger than sample size. It is going to be clipped
  warnings.warn(

function_evaluation time 0.055496 value 29088.896672 suggestion {'alpha': 0.0008341115842257037, 'batch_size': 181, 'beta_1': 0.7020635769578373, 'beta_2': 0.9996615643645321, 'epsilon': 3.3577408686689856e-08, 'hidden_layer_sizes': 122, 'learning_rate_init': 0.0004294011169756142, 'tol': 0.00112963190545799, 'validation_fraction': 0.6349713446079238}
observation time 0.000007, current best 29088.896672 at iter 0
Failure in optimizer suggest. Falling back to random search.
name 'activ' is not defined
Traceback (most recent call last):
  File "/home/ryedida/.local/lib/python3.9/site-packages/bayesmark/experiment.py", line 126, in run_study
    next_points = optimizer.suggest(n_suggestions)
  File "/home/ryedida/bbo_challenge_starter_kit/example_submissions/smoothness/optimizer.py", line 109, in suggest
    betas = [self._get_smoothness_reg(guess) for guess in guesses]
  File "/home/ryedida/bbo_challenge_starter_kit/example_submissions/smoothness/optimizer.py", line 109, in <listcomp>
    betas = [self._get_smoothness_reg(guess) for guess in guesses]
  File "/home/ryedida/bbo_challenge_starter_kit/example_submissions/smoothness/optimizer.py", line 49, in _get_smoothness_reg
    if activ > Kz:
NameError: name 'activ' is not defined
suggestion time taken 0.328875 iter 1 next_points [{'alpha': 0.0029721862334446147, 'batch_size': 16, 'beta_1': 0.8798614969066175, 'beta_2': 0.9999959597655075, 'epsilon': 2.563684504351732e-09, 'hidden_layer_sizes': 75, 'learning_rate_init': 0.06160302426435671, 'tol': 6.735996024672604e-05, 'validation_fraction': 0.1127894029343114}]
function_evaluation time 0.303571 value 2988.703539 suggestion {'alpha': 0.0029721862334446147, 'batch_size': 16, 'beta_1': 0.8798614969066175, 'beta_2': 0.9999959597655075, 'epsilon': 2.563684504351732e-09, 'hidden_layer_sizes': 75, 'learning_rate_init': 0.06160302426435671, 'tol': 6.735996024672604e-05, 'validation_fraction': 0.1127894029343114}
observation time 0.000006, current best 2988.703539 at iter 1
Failure in optimizer suggest. Falling back to random search.
name 'activ' is not defined
Traceback (most recent call last):
  File "/home/ryedida/.local/lib/python3.9/site-packages/bayesmark/experiment.py", line 126, in run_study
    next_points = optimizer.suggest(n_suggestions)
  File "/home/ryedida/bbo_challenge_starter_kit/example_submissions/smoothness/optimizer.py", line 109, in suggest
    betas = [self._get_smoothness_reg(guess) for guess in guesses]
  File "/home/ryedida/bbo_challenge_starter_kit/example_submissions/smoothness/optimizer.py", line 109, in <listcomp>
    betas = [self._get_smoothness_reg(guess) for guess in guesses]
  File "/home/ryedida/bbo_challenge_starter_kit/example_submissions/smoothness/optimizer.py", line 49, in _get_smoothness_reg
    if activ > Kz:
NameError: name 'activ' is not defined
suggestion time taken 0.326676 iter 2 next_points [{'alpha': 0.38033340110008845, 'batch_size': 153, 'beta_1': 0.9816679782924727, 'beta_2': 0.999673902124655, 'epsilon': 1.264896130805342e-07, 'hidden_layer_sizes': 98, 'learning_rate_init': 0.011796378212707183, 'tol': 1.5953412191363125e-05, 'validation_fraction': 0.8720822494953087}]
/home/ryedida/.local/lib/python3.9/site-packages/sklearn/neural_network/_multilayer_perceptron.py:605: UserWarning: Got `batch_size` less than 1 or larger than sample size. It is going to be clipped
  warnings.warn(

function_evaluation time 0.583789 value 4153.517377 suggestion {'alpha': 0.38033340110008845, 'batch_size': 153, 'beta_1': 0.9816679782924727, 'beta_2': 0.999673902124655, 'epsilon': 1.264896130805342e-07, 'hidden_layer_sizes': 98, 'learning_rate_init': 0.011796378212707183, 'tol': 1.5953412191363125e-05, 'validation_fraction': 0.8720822494953087}
observation time 0.000007, current best 2988.703539 at iter 2
Failure in optimizer suggest. Falling back to random search.
name 'activ' is not defined
Traceback (most recent call last):
  File "/home/ryedida/.local/lib/python3.9/site-packages/bayesmark/experiment.py", line 126, in run_study
    next_points = optimizer.suggest(n_suggestions)
  File "/home/ryedida/bbo_challenge_starter_kit/example_submissions/smoothness/optimizer.py", line 109, in suggest
    betas = [self._get_smoothness_reg(guess) for guess in guesses]
  File "/home/ryedida/bbo_challenge_starter_kit/example_submissions/smoothness/optimizer.py", line 109, in <listcomp>
    betas = [self._get_smoothness_reg(guess) for guess in guesses]
  File "/home/ryedida/bbo_challenge_starter_kit/example_submissions/smoothness/optimizer.py", line 49, in _get_smoothness_reg
    if activ > Kz:
NameError: name 'activ' is not defined
suggestion time taken 0.329036 iter 3 next_points [{'alpha': 0.07711019119411198, 'batch_size': 238, 'beta_1': 0.5447666398384209, 'beta_2': 0.9730087151165553, 'epsilon': 8.728881286845301e-08, 'hidden_layer_sizes': 152, 'learning_rate_init': 0.014334751061873834, 'tol': 0.0066338092494020225, 'validation_fraction': 0.7744282383786287}]
/home/ryedida/.local/lib/python3.9/site-packages/sklearn/neural_network/_multilayer_perceptron.py:605: UserWarning: Got `batch_size` less than 1 or larger than sample size. It is going to be clipped
  warnings.warn(

function_evaluation time 0.401008 value 3918.355580 suggestion {'alpha': 0.07711019119411198, 'batch_size': 238, 'beta_1': 0.5447666398384209, 'beta_2': 0.9730087151165553, 'epsilon': 8.728881286845301e-08, 'hidden_layer_sizes': 152, 'learning_rate_init': 0.014334751061873834, 'tol': 0.0066338092494020225, 'validation_fraction': 0.7744282383786287}
observation time 0.000006, current best 2988.703539 at iter 3
Failure in optimizer suggest. Falling back to random search.
name 'activ' is not defined
Traceback (most recent call last):
  File "/home/ryedida/.local/lib/python3.9/site-packages/bayesmark/experiment.py", line 126, in run_study
    next_points = optimizer.suggest(n_suggestions)
  File "/home/ryedida/bbo_challenge_starter_kit/example_submissions/smoothness/optimizer.py", line 109, in suggest
    betas = [self._get_smoothness_reg(guess) for guess in guesses]
  File "/home/ryedida/bbo_challenge_starter_kit/example_submissions/smoothness/optimizer.py", line 109, in <listcomp>
    betas = [self._get_smoothness_reg(guess) for guess in guesses]
  File "/home/ryedida/bbo_challenge_starter_kit/example_submissions/smoothness/optimizer.py", line 49, in _get_smoothness_reg
    if activ > Kz:
NameError: name 'activ' is not defined
suggestion time taken 0.332438 iter 4 next_points [{'alpha': 0.48838013871461294, 'batch_size': 225, 'beta_1': 0.9866027060149501, 'beta_2': 0.9999937199425355, 'epsilon': 4.382939703027378e-09, 'hidden_layer_sizes': 125, 'learning_rate_init': 0.00023137313771673756, 'tol': 1.3375545306454319e-05, 'validation_fraction': 0.20959120104188725}]
/home/ryedida/.local/lib/python3.9/site-packages/sklearn/neural_network/_multilayer_perceptron.py:686: ConvergenceWarning: Stochastic Optimizer: Maximum iterations (200) reached and the optimization hasn't converged yet.
  warnings.warn(

function_evaluation time 0.955255 value 28940.137908 suggestion {'alpha': 0.48838013871461294, 'batch_size': 225, 'beta_1': 0.9866027060149501, 'beta_2': 0.9999937199425355, 'epsilon': 4.382939703027378e-09, 'hidden_layer_sizes': 125, 'learning_rate_init': 0.00023137313771673756, 'tol': 1.3375545306454319e-05, 'validation_fraction': 0.20959120104188725}
observation time 0.000006, current best 2988.703539 at iter 4
Failure in optimizer suggest. Falling back to random search.
name 'activ' is not defined
Traceback (most recent call last):
  File "/home/ryedida/.local/lib/python3.9/site-packages/bayesmark/experiment.py", line 126, in run_study
    next_points = optimizer.suggest(n_suggestions)
  File "/home/ryedida/bbo_challenge_starter_kit/example_submissions/smoothness/optimizer.py", line 109, in suggest
    betas = [self._get_smoothness_reg(guess) for guess in guesses]
  File "/home/ryedida/bbo_challenge_starter_kit/example_submissions/smoothness/optimizer.py", line 109, in <listcomp>
    betas = [self._get_smoothness_reg(guess) for guess in guesses]
  File "/home/ryedida/bbo_challenge_starter_kit/example_submissions/smoothness/optimizer.py", line 49, in _get_smoothness_reg
    if activ > Kz:
NameError: name 'activ' is not defined
suggestion time taken 0.320130 iter 5 next_points [{'alpha': 1.7827016195635026, 'batch_size': 167, 'beta_1': 0.7080845549839008, 'beta_2': 0.9999494540339603, 'epsilon': 1.6723167262492417e-09, 'hidden_layer_sizes': 166, 'learning_rate_init': 9.03928326815528e-05, 'tol': 0.005686029660587106, 'validation_fraction': 0.7828618306634144}]
/home/ryedida/.local/lib/python3.9/site-packages/sklearn/neural_network/_multilayer_perceptron.py:605: UserWarning: Got `batch_size` less than 1 or larger than sample size. It is going to be clipped
  warnings.warn(

function_evaluation time 0.057706 value 29141.503232 suggestion {'alpha': 1.7827016195635026, 'batch_size': 167, 'beta_1': 0.7080845549839008, 'beta_2': 0.9999494540339603, 'epsilon': 1.6723167262492417e-09, 'hidden_layer_sizes': 166, 'learning_rate_init': 9.03928326815528e-05, 'tol': 0.005686029660587106, 'validation_fraction': 0.7828618306634144}
observation time 0.000006, current best 2988.703539 at iter 5
Failure in optimizer suggest. Falling back to random search.
name 'activ' is not defined
Traceback (most recent call last):
  File "/home/ryedida/.local/lib/python3.9/site-packages/bayesmark/experiment.py", line 126, in run_study
    next_points = optimizer.suggest(n_suggestions)
  File "/home/ryedida/bbo_challenge_starter_kit/example_submissions/smoothness/optimizer.py", line 109, in suggest
    betas = [self._get_smoothness_reg(guess) for guess in guesses]
  File "/home/ryedida/bbo_challenge_starter_kit/example_submissions/smoothness/optimizer.py", line 109, in <listcomp>
    betas = [self._get_smoothness_reg(guess) for guess in guesses]
  File "/home/ryedida/bbo_challenge_starter_kit/example_submissions/smoothness/optimizer.py", line 49, in _get_smoothness_reg
    if activ > Kz:
NameError: name 'activ' is not defined
suggestion time taken 0.326795 iter 6 next_points [{'alpha': 2.0751229061358374, 'batch_size': 79, 'beta_1': 0.7898624023052672, 'beta_2': 0.9999966755213107, 'epsilon': 3.120499704041587e-08, 'hidden_layer_sizes': 128, 'learning_rate_init': 2.1248274397232093e-05, 'tol': 0.0996528812065017, 'validation_fraction': 0.34800830477367445}]
function_evaluation time 0.085521 value 29107.313923 suggestion {'alpha': 2.0751229061358374, 'batch_size': 79, 'beta_1': 0.7898624023052672, 'beta_2': 0.9999966755213107, 'epsilon': 3.120499704041587e-08, 'hidden_layer_sizes': 128, 'learning_rate_init': 2.1248274397232093e-05, 'tol': 0.0996528812065017, 'validation_fraction': 0.34800830477367445}
observation time 0.000004, current best 2988.703539 at iter 6
Failure in optimizer suggest. Falling back to random search.
name 'activ' is not defined
Traceback (most recent call last):
  File "/home/ryedida/.local/lib/python3.9/site-packages/bayesmark/experiment.py", line 126, in run_study
    next_points = optimizer.suggest(n_suggestions)
  File "/home/ryedida/bbo_challenge_starter_kit/example_submissions/smoothness/optimizer.py", line 109, in suggest
    betas = [self._get_smoothness_reg(guess) for guess in guesses]
  File "/home/ryedida/bbo_challenge_starter_kit/example_submissions/smoothness/optimizer.py", line 109, in <listcomp>
    betas = [self._get_smoothness_reg(guess) for guess in guesses]
  File "/home/ryedida/bbo_challenge_starter_kit/example_submissions/smoothness/optimizer.py", line 49, in _get_smoothness_reg
    if activ > Kz:
NameError: name 'activ' is not defined
suggestion time taken 0.455445 iter 7 next_points [{'alpha': 0.000847513764193632, 'batch_size': 156, 'beta_1': 0.9873129056416801, 'beta_2': 0.9999643567990637, 'epsilon': 2.817169689645097e-07, 'hidden_layer_sizes': 118, 'learning_rate_init': 0.00011341912473390423, 'tol': 0.033509301952006514, 'validation_fraction': 0.13428945313168647}]
function_evaluation time 0.079745 value 29066.277124 suggestion {'alpha': 0.000847513764193632, 'batch_size': 156, 'beta_1': 0.9873129056416801, 'beta_2': 0.9999643567990637, 'epsilon': 2.817169689645097e-07, 'hidden_layer_sizes': 118, 'learning_rate_init': 0.00011341912473390423, 'tol': 0.033509301952006514, 'validation_fraction': 0.13428945313168647}
observation time 0.000007, current best 2988.703539 at iter 7
Failure in optimizer suggest. Falling back to random search.
name 'activ' is not defined
Traceback (most recent call last):
  File "/home/ryedida/.local/lib/python3.9/site-packages/bayesmark/experiment.py", line 126, in run_study
    next_points = optimizer.suggest(n_suggestions)
  File "/home/ryedida/bbo_challenge_starter_kit/example_submissions/smoothness/optimizer.py", line 109, in suggest
    betas = [self._get_smoothness_reg(guess) for guess in guesses]
  File "/home/ryedida/bbo_challenge_starter_kit/example_submissions/smoothness/optimizer.py", line 109, in <listcomp>
    betas = [self._get_smoothness_reg(guess) for guess in guesses]
  File "/home/ryedida/bbo_challenge_starter_kit/example_submissions/smoothness/optimizer.py", line 49, in _get_smoothness_reg
    if activ > Kz:
NameError: name 'activ' is not defined
suggestion time taken 0.332425 iter 8 next_points [{'alpha': 0.0023250347844809348, 'batch_size': 74, 'beta_1': 0.9833012085204292, 'beta_2': 0.9986921950733254, 'epsilon': 1.7073337717284598e-07, 'hidden_layer_sizes': 152, 'learning_rate_init': 1.3668648467917886e-05, 'tol': 2.283191321042068e-05, 'validation_fraction': 0.8434251132048198}]
/home/ryedida/.local/lib/python3.9/site-packages/sklearn/neural_network/_multilayer_perceptron.py:605: UserWarning: Got `batch_size` less than 1 or larger than sample size. It is going to be clipped
  warnings.warn(

function_evaluation time 0.053589 value 29115.158913 suggestion {'alpha': 0.0023250347844809348, 'batch_size': 74, 'beta_1': 0.9833012085204292, 'beta_2': 0.9986921950733254, 'epsilon': 1.7073337717284598e-07, 'hidden_layer_sizes': 152, 'learning_rate_init': 1.3668648467917886e-05, 'tol': 2.283191321042068e-05, 'validation_fraction': 0.8434251132048198}
observation time 0.000007, current best 2988.703539 at iter 8
Failure in optimizer suggest. Falling back to random search.
name 'activ' is not defined
Traceback (most recent call last):
  File "/home/ryedida/.local/lib/python3.9/site-packages/bayesmark/experiment.py", line 126, in run_study
    next_points = optimizer.suggest(n_suggestions)
  File "/home/ryedida/bbo_challenge_starter_kit/example_submissions/smoothness/optimizer.py", line 109, in suggest
    betas = [self._get_smoothness_reg(guess) for guess in guesses]
  File "/home/ryedida/bbo_challenge_starter_kit/example_submissions/smoothness/optimizer.py", line 109, in <listcomp>
    betas = [self._get_smoothness_reg(guess) for guess in guesses]
  File "/home/ryedida/bbo_challenge_starter_kit/example_submissions/smoothness/optimizer.py", line 49, in _get_smoothness_reg
    if activ > Kz:
NameError: name 'activ' is not defined
suggestion time taken 0.322544 iter 9 next_points [{'alpha': 6.966068486457257e-05, 'batch_size': 240, 'beta_1': 0.5340561761858987, 'beta_2': 0.9999924264931944, 'epsilon': 1.1194589846855583e-08, 'hidden_layer_sizes': 98, 'learning_rate_init': 0.0003946937271191598, 'tol': 0.00024007670838098292, 'validation_fraction': 0.36696334208682607}]
/home/ryedida/.local/lib/python3.9/site-packages/sklearn/neural_network/_multilayer_perceptron.py:605: UserWarning: Got `batch_size` less than 1 or larger than sample size. It is going to be clipped
  warnings.warn(

/home/ryedida/.local/lib/python3.9/site-packages/sklearn/neural_network/_multilayer_perceptron.py:686: ConvergenceWarning: Stochastic Optimizer: Maximum iterations (200) reached and the optimization hasn't converged yet.
  warnings.warn(

function_evaluation time 0.431356 value 28911.740290 suggestion {'alpha': 6.966068486457257e-05, 'batch_size': 240, 'beta_1': 0.5340561761858987, 'beta_2': 0.9999924264931944, 'epsilon': 1.1194589846855583e-08, 'hidden_layer_sizes': 98, 'learning_rate_init': 0.0003946937271191598, 'tol': 0.00024007670838098292, 'validation_fraction': 0.36696334208682607}
observation time 0.000007, current best 2988.703539 at iter 9
Failure in optimizer suggest. Falling back to random search.
name 'activ' is not defined
Traceback (most recent call last):
  File "/home/ryedida/.local/lib/python3.9/site-packages/bayesmark/experiment.py", line 126, in run_study
    next_points = optimizer.suggest(n_suggestions)
  File "/home/ryedida/bbo_challenge_starter_kit/example_submissions/smoothness/optimizer.py", line 109, in suggest
    betas = [self._get_smoothness_reg(guess) for guess in guesses]
  File "/home/ryedida/bbo_challenge_starter_kit/example_submissions/smoothness/optimizer.py", line 109, in <listcomp>
    betas = [self._get_smoothness_reg(guess) for guess in guesses]
  File "/home/ryedida/bbo_challenge_starter_kit/example_submissions/smoothness/optimizer.py", line 49, in _get_smoothness_reg
    if activ > Kz:
NameError: name 'activ' is not defined
suggestion time taken 0.311953 iter 10 next_points [{'alpha': 0.026715521673620575, 'batch_size': 154, 'beta_1': 0.9865635893154957, 'beta_2': 0.9999981230927983, 'epsilon': 8.293802356540219e-07, 'hidden_layer_sizes': 84, 'learning_rate_init': 1.7001661160717763e-05, 'tol': 0.006192122808775989, 'validation_fraction': 0.6900110716360202}]
/home/ryedida/.local/lib/python3.9/site-packages/sklearn/neural_network/_multilayer_perceptron.py:605: UserWarning: Got `batch_size` less than 1 or larger than sample size. It is going to be clipped
  warnings.warn(

function_evaluation time 0.048314 value 29115.588378 suggestion {'alpha': 0.026715521673620575, 'batch_size': 154, 'beta_1': 0.9865635893154957, 'beta_2': 0.9999981230927983, 'epsilon': 8.293802356540219e-07, 'hidden_layer_sizes': 84, 'learning_rate_init': 1.7001661160717763e-05, 'tol': 0.006192122808775989, 'validation_fraction': 0.6900110716360202}
observation time 0.000007, current best 2988.703539 at iter 10
Failure in optimizer suggest. Falling back to random search.
name 'activ' is not defined
Traceback (most recent call last):
  File "/home/ryedida/.local/lib/python3.9/site-packages/bayesmark/experiment.py", line 126, in run_study
    next_points = optimizer.suggest(n_suggestions)
  File "/home/ryedida/bbo_challenge_starter_kit/example_submissions/smoothness/optimizer.py", line 109, in suggest
    betas = [self._get_smoothness_reg(guess) for guess in guesses]
  File "/home/ryedida/bbo_challenge_starter_kit/example_submissions/smoothness/optimizer.py", line 109, in <listcomp>
    betas = [self._get_smoothness_reg(guess) for guess in guesses]
  File "/home/ryedida/bbo_challenge_starter_kit/example_submissions/smoothness/optimizer.py", line 49, in _get_smoothness_reg
    if activ > Kz:
NameError: name 'activ' is not defined
suggestion time taken 0.318328 iter 11 next_points [{'alpha': 5.916094885240372, 'batch_size': 67, 'beta_1': 0.9498590205464592, 'beta_2': 0.9729512108343807, 'epsilon': 9.238268791993391e-07, 'hidden_layer_sizes': 179, 'learning_rate_init': 0.06590290044737773, 'tol': 0.00025938564489060283, 'validation_fraction': 0.3939113946196262}]
function_evaluation time 0.304639 value 3023.218346 suggestion {'alpha': 5.916094885240372, 'batch_size': 67, 'beta_1': 0.9498590205464592, 'beta_2': 0.9729512108343807, 'epsilon': 9.238268791993391e-07, 'hidden_layer_sizes': 179, 'learning_rate_init': 0.06590290044737773, 'tol': 0.00025938564489060283, 'validation_fraction': 0.3939113946196262}
observation time 0.000006, current best 2988.703539 at iter 11
Failure in optimizer suggest. Falling back to random search.
name 'activ' is not defined
Traceback (most recent call last):
  File "/home/ryedida/.local/lib/python3.9/site-packages/bayesmark/experiment.py", line 126, in run_study
    next_points = optimizer.suggest(n_suggestions)
  File "/home/ryedida/bbo_challenge_starter_kit/example_submissions/smoothness/optimizer.py", line 109, in suggest
    betas = [self._get_smoothness_reg(guess) for guess in guesses]
  File "/home/ryedida/bbo_challenge_starter_kit/example_submissions/smoothness/optimizer.py", line 109, in <listcomp>
    betas = [self._get_smoothness_reg(guess) for guess in guesses]
  File "/home/ryedida/bbo_challenge_starter_kit/example_submissions/smoothness/optimizer.py", line 49, in _get_smoothness_reg
    if activ > Kz:
NameError: name 'activ' is not defined
suggestion time taken 0.318944 iter 12 next_points [{'alpha': 0.012254826604985457, 'batch_size': 146, 'beta_1': 0.8628877467908592, 'beta_2': 0.999184022327945, 'epsilon': 1.003715948409844e-08, 'hidden_layer_sizes': 129, 'learning_rate_init': 0.006976553067331752, 'tol': 0.08389958845568846, 'validation_fraction': 0.2535131564198925}]
function_evaluation time 0.078457 value 27973.675228 suggestion {'alpha': 0.012254826604985457, 'batch_size': 146, 'beta_1': 0.8628877467908592, 'beta_2': 0.999184022327945, 'epsilon': 1.003715948409844e-08, 'hidden_layer_sizes': 129, 'learning_rate_init': 0.006976553067331752, 'tol': 0.08389958845568846, 'validation_fraction': 0.2535131564198925}
observation time 0.000007, current best 2988.703539 at iter 12
Failure in optimizer suggest. Falling back to random search.
name 'activ' is not defined
Traceback (most recent call last):
  File "/home/ryedida/.local/lib/python3.9/site-packages/bayesmark/experiment.py", line 126, in run_study
    next_points = optimizer.suggest(n_suggestions)
  File "/home/ryedida/bbo_challenge_starter_kit/example_submissions/smoothness/optimizer.py", line 109, in suggest
    betas = [self._get_smoothness_reg(guess) for guess in guesses]
  File "/home/ryedida/bbo_challenge_starter_kit/example_submissions/smoothness/optimizer.py", line 109, in <listcomp>
    betas = [self._get_smoothness_reg(guess) for guess in guesses]
  File "/home/ryedida/bbo_challenge_starter_kit/example_submissions/smoothness/optimizer.py", line 49, in _get_smoothness_reg
    if activ > Kz:
NameError: name 'activ' is not defined
suggestion time taken 0.315522 iter 13 next_points [{'alpha': 1.0045406260044678e-05, 'batch_size': 89, 'beta_1': 0.5825756659278872, 'beta_2': 0.9999058127105521, 'epsilon': 3.1897138572071677e-09, 'hidden_layer_sizes': 75, 'learning_rate_init': 0.0018268015351441793, 'tol': 6.647060422866162e-05, 'validation_fraction': 0.8593242645790863}]
/home/ryedida/.local/lib/python3.9/site-packages/sklearn/neural_network/_multilayer_perceptron.py:605: UserWarning: Got `batch_size` less than 1 or larger than sample size. It is going to be clipped
  warnings.warn(

/home/ryedida/.local/lib/python3.9/site-packages/sklearn/neural_network/_multilayer_perceptron.py:686: ConvergenceWarning: Stochastic Optimizer: Maximum iterations (200) reached and the optimization hasn't converged yet.
  warnings.warn(

function_evaluation time 0.615349 value 25878.542534 suggestion {'alpha': 1.0045406260044678e-05, 'batch_size': 89, 'beta_1': 0.5825756659278872, 'beta_2': 0.9999058127105521, 'epsilon': 3.1897138572071677e-09, 'hidden_layer_sizes': 75, 'learning_rate_init': 0.0018268015351441793, 'tol': 6.647060422866162e-05, 'validation_fraction': 0.8593242645790863}
observation time 0.000007, current best 2988.703539 at iter 13
Failure in optimizer suggest. Falling back to random search.
name 'activ' is not defined
Traceback (most recent call last):
  File "/home/ryedida/.local/lib/python3.9/site-packages/bayesmark/experiment.py", line 126, in run_study
    next_points = optimizer.suggest(n_suggestions)
  File "/home/ryedida/bbo_challenge_starter_kit/example_submissions/smoothness/optimizer.py", line 109, in suggest
    betas = [self._get_smoothness_reg(guess) for guess in guesses]
  File "/home/ryedida/bbo_challenge_starter_kit/example_submissions/smoothness/optimizer.py", line 109, in <listcomp>
    betas = [self._get_smoothness_reg(guess) for guess in guesses]
  File "/home/ryedida/bbo_challenge_starter_kit/example_submissions/smoothness/optimizer.py", line 49, in _get_smoothness_reg
    if activ > Kz:
NameError: name 'activ' is not defined
suggestion time taken 0.320368 iter 14 next_points [{'alpha': 0.0002515549257393469, 'batch_size': 93, 'beta_1': 0.6413182347217966, 'beta_2': 0.9979155632437798, 'epsilon': 5.33642433401618e-07, 'hidden_layer_sizes': 74, 'learning_rate_init': 0.016975839644524024, 'tol': 0.016733925436377202, 'validation_fraction': 0.11716543486624498}]
function_evaluation time 0.174634 value 3747.123313 suggestion {'alpha': 0.0002515549257393469, 'batch_size': 93, 'beta_1': 0.6413182347217966, 'beta_2': 0.9979155632437798, 'epsilon': 5.33642433401618e-07, 'hidden_layer_sizes': 74, 'learning_rate_init': 0.016975839644524024, 'tol': 0.016733925436377202, 'validation_fraction': 0.11716543486624498}
observation time 0.000006, current best 2988.703539 at iter 14
saving meta data: {'args': {'--uuid': 'f8d00417ffe35624b5197561feca1220', '-db-root': '/home/ryedida/bbo_challenge_starter_kit/output', '--opt-root': '/home/ryedida/bbo_challenge_starter_kit/example_submissions', '--data-root': None, '--db': 'run_20230427_004608', '--opt': 'smoothness', '--data': 'diabetes', '--classifier': 'MLP-adam', '--metric': 'mse', '--calls': 15, '--suggestions': 1, '--jobs-file': None, '--verbose': False, 'dry_run': False, 'rev': 'a376313', 'opt_rev': 'x.x.x'}, 'signature': ([{'alpha': 0.019628224813442792, 'batch_size': 182, 'beta_1': 0.9410202200271762, 'beta_2': 0.9998021557676793, 'epsilon': 1.8662266976518e-08, 'hidden_layer_sizes': 147, 'learning_rate_init': 0.0005627932047415167, 'tol': 0.03690557729213761, 'validation_fraction': 0.8846827852548593}, {'alpha': 0.0019982467392329444, 'batch_size': 200, 'beta_1': 0.919111482530466, 'beta_2': 0.9998488260436156, 'epsilon': 5.981221901152555e-07, 'hidden_layer_sizes': 61, 'learning_rate_init': 2.2310905607443014e-05, 'tol': 1.2046852412030316e-05, 'validation_fraction': 0.8117896445826539}, {'alpha': 0.46659545670218433, 'batch_size': 219, 'beta_1': 0.9889789783750891, 'beta_2': 0.9999896868093284, 'epsilon': 2.4234724484675948e-08, 'hidden_layer_sizes': 167, 'learning_rate_init': 2.972334644335654e-05, 'tol': 0.0036281404040243792, 'validation_fraction': 0.17260651658522078}, {'alpha': 4.656005689076002, 'batch_size': 135, 'beta_1': 0.870503881627747, 'beta_2': 0.9948873266941017, 'epsilon': 2.1023308743480125e-07, 'hidden_layer_sizes': 118, 'learning_rate_init': 0.0018781738757161913, 'tol': 1.1889379831773004e-05, 'validation_fraction': 0.6264327093752792}, {'alpha': 0.04705159350400542, 'batch_size': 158, 'beta_1': 0.9870884262730957, 'beta_2': 0.9999596874382349, 'epsilon': 1.1981845126013875e-08, 'hidden_layer_sizes': 116, 'learning_rate_init': 0.00617340520407431, 'tol': 1.741413418158619e-05, 'validation_fraction': 0.6754299026638921}], [29083.993548572587, 29062.423277324073, 29075.78987471409, 24626.32866834337, 9584.226858493177])}
saving results
saving timing
saving suggest log
done
