running: {'--uuid': 'fbc009fefe3b58fba3908fdc5934692f', '-db-root': '/home/ryedida/bbo_challenge_starter_kit/output', '--opt-root': '/home/ryedida/bbo_challenge_starter_kit/example_submissions', '--data-root': None, '--db': 'run_20230427_004608', '--opt': 'smoothness', '--data': 'diabetes', '--classifier': 'MLP-adam', '--metric': 'mse', '--calls': 15, '--suggestions': 1, '--jobs-file': None, '--verbose': False, 'dry_run': False, 'rev': 'a376313', 'opt_rev': 'x.x.x'}
cmd: python smoothness/optimizer.py -c MLP-adam -d diabetes -o smoothness -u fbc009fefe3b58fba3908fdc5934692f -m mse -n 15 -p 1 -dir /home/ryedida/bbo_challenge_starter_kit/output -b run_20230427_004608
/home/ryedida/.local/lib/python3.9/site-packages/sklearn/neural_network/_multilayer_perceptron.py:605: UserWarning: Got `batch_size` less than 1 or larger than sample size. It is going to be clipped
  warnings.warn(

/home/ryedida/.local/lib/python3.9/site-packages/sklearn/neural_network/_multilayer_perceptron.py:605: UserWarning: Got `batch_size` less than 1 or larger than sample size. It is going to be clipped
  warnings.warn(

/home/ryedida/.local/lib/python3.9/site-packages/sklearn/neural_network/_multilayer_perceptron.py:605: UserWarning: Got `batch_size` less than 1 or larger than sample size. It is going to be clipped
  warnings.warn(

/home/ryedida/.local/lib/python3.9/site-packages/sklearn/neural_network/_multilayer_perceptron.py:686: ConvergenceWarning: Stochastic Optimizer: Maximum iterations (200) reached and the optimization hasn't converged yet.
  warnings.warn(

/home/ryedida/.local/lib/python3.9/site-packages/sklearn/neural_network/_multilayer_perceptron.py:605: UserWarning: Got `batch_size` less than 1 or larger than sample size. It is going to be clipped
  warnings.warn(

/home/ryedida/.local/lib/python3.9/site-packages/sklearn/neural_network/_multilayer_perceptron.py:686: ConvergenceWarning: Stochastic Optimizer: Maximum iterations (200) reached and the optimization hasn't converged yet.
  warnings.warn(

computed signature: ([{'alpha': 0.019628224813442792, 'batch_size': 182, 'beta_1': 0.9410202200271762, 'beta_2': 0.9998021557676793, 'epsilon': 1.8662266976518e-08, 'hidden_layer_sizes': 147, 'learning_rate_init': 0.0005627932047415167, 'tol': 0.03690557729213761, 'validation_fraction': 0.8846827852548593}, {'alpha': 0.0019982467392329444, 'batch_size': 200, 'beta_1': 0.919111482530466, 'beta_2': 0.9998488260436156, 'epsilon': 5.981221901152555e-07, 'hidden_layer_sizes': 61, 'learning_rate_init': 2.2310905607443014e-05, 'tol': 1.2046852412030316e-05, 'validation_fraction': 0.8117896445826539}, {'alpha': 0.46659545670218433, 'batch_size': 219, 'beta_1': 0.9889789783750891, 'beta_2': 0.9999896868093284, 'epsilon': 2.4234724484675948e-08, 'hidden_layer_sizes': 167, 'learning_rate_init': 2.972334644335654e-05, 'tol': 0.0036281404040243792, 'validation_fraction': 0.17260651658522078}, {'alpha': 4.656005689076002, 'batch_size': 135, 'beta_1': 0.870503881627747, 'beta_2': 0.9948873266941017, 'epsilon': 2.1023308743480125e-07, 'hidden_layer_sizes': 118, 'learning_rate_init': 0.0018781738757161913, 'tol': 1.1889379831773004e-05, 'validation_fraction': 0.6264327093752792}, {'alpha': 0.04705159350400542, 'batch_size': 158, 'beta_1': 0.9870884262730957, 'beta_2': 0.9999596874382349, 'epsilon': 1.1981845126013875e-08, 'hidden_layer_sizes': 116, 'learning_rate_init': 0.00617340520407431, 'tol': 1.741413418158619e-05, 'validation_fraction': 0.6754299026638921}], [29083.993548572587, 29062.423277324073, 29075.78987471409, 24626.32866834337, 9584.226858493177])
Signature errors:
                              0         1         2         3         4       max
MLP-adam_diabetes_mse  0.000007  0.000008  0.000003  0.003558  0.004952  0.004952
max                    0.000007  0.000008  0.000003  0.003558  0.004952  0.004952
starting sklearn study smoothness MLP-adam diabetes mse 15 1
with data root: None
Failure in optimizer suggest. Falling back to random search.
name 'activ' is not defined
Traceback (most recent call last):
  File "/home/ryedida/.local/lib/python3.9/site-packages/bayesmark/experiment.py", line 126, in run_study
    next_points = optimizer.suggest(n_suggestions)
  File "/home/ryedida/bbo_challenge_starter_kit/example_submissions/smoothness/optimizer.py", line 109, in suggest
    betas = [self._get_smoothness_reg(guess) for guess in guesses]
  File "/home/ryedida/bbo_challenge_starter_kit/example_submissions/smoothness/optimizer.py", line 109, in <listcomp>
    betas = [self._get_smoothness_reg(guess) for guess in guesses]
  File "/home/ryedida/bbo_challenge_starter_kit/example_submissions/smoothness/optimizer.py", line 49, in _get_smoothness_reg
    if activ > Kz:
NameError: name 'activ' is not defined
suggestion time taken 0.492951 iter 0 next_points [{'alpha': 1.2542487687566623e-05, 'batch_size': 190, 'beta_1': 0.7404423659749187, 'beta_2': 0.9999875261264327, 'epsilon': 2.7686835329941887e-07, 'hidden_layer_sizes': 108, 'learning_rate_init': 1.7122536029836162e-05, 'tol': 0.03379025362530233, 'validation_fraction': 0.3998346990761792}]
function_evaluation time 0.062452 value 29078.829535 suggestion {'alpha': 1.2542487687566623e-05, 'batch_size': 190, 'beta_1': 0.7404423659749187, 'beta_2': 0.9999875261264327, 'epsilon': 2.7686835329941887e-07, 'hidden_layer_sizes': 108, 'learning_rate_init': 1.7122536029836162e-05, 'tol': 0.03379025362530233, 'validation_fraction': 0.3998346990761792}
observation time 0.000006, current best 29078.829535 at iter 0
Failure in optimizer suggest. Falling back to random search.
name 'activ' is not defined
Traceback (most recent call last):
  File "/home/ryedida/.local/lib/python3.9/site-packages/bayesmark/experiment.py", line 126, in run_study
    next_points = optimizer.suggest(n_suggestions)
  File "/home/ryedida/bbo_challenge_starter_kit/example_submissions/smoothness/optimizer.py", line 109, in suggest
    betas = [self._get_smoothness_reg(guess) for guess in guesses]
  File "/home/ryedida/bbo_challenge_starter_kit/example_submissions/smoothness/optimizer.py", line 109, in <listcomp>
    betas = [self._get_smoothness_reg(guess) for guess in guesses]
  File "/home/ryedida/bbo_challenge_starter_kit/example_submissions/smoothness/optimizer.py", line 49, in _get_smoothness_reg
    if activ > Kz:
NameError: name 'activ' is not defined
suggestion time taken 0.326776 iter 1 next_points [{'alpha': 0.0006066052424774958, 'batch_size': 30, 'beta_1': 0.9833876004385879, 'beta_2': 0.9998971705011429, 'epsilon': 9.240127082977673e-07, 'hidden_layer_sizes': 163, 'learning_rate_init': 5.2040581221071126e-05, 'tol': 0.0008942738011206041, 'validation_fraction': 0.2351453159736006}]
function_evaluation time 0.163325 value 29104.931635 suggestion {'alpha': 0.0006066052424774958, 'batch_size': 30, 'beta_1': 0.9833876004385879, 'beta_2': 0.9998971705011429, 'epsilon': 9.240127082977673e-07, 'hidden_layer_sizes': 163, 'learning_rate_init': 5.2040581221071126e-05, 'tol': 0.0008942738011206041, 'validation_fraction': 0.2351453159736006}
observation time 0.000005, current best 29078.829535 at iter 1
Failure in optimizer suggest. Falling back to random search.
name 'activ' is not defined
Traceback (most recent call last):
  File "/home/ryedida/.local/lib/python3.9/site-packages/bayesmark/experiment.py", line 126, in run_study
    next_points = optimizer.suggest(n_suggestions)
  File "/home/ryedida/bbo_challenge_starter_kit/example_submissions/smoothness/optimizer.py", line 109, in suggest
    betas = [self._get_smoothness_reg(guess) for guess in guesses]
  File "/home/ryedida/bbo_challenge_starter_kit/example_submissions/smoothness/optimizer.py", line 109, in <listcomp>
    betas = [self._get_smoothness_reg(guess) for guess in guesses]
  File "/home/ryedida/bbo_challenge_starter_kit/example_submissions/smoothness/optimizer.py", line 49, in _get_smoothness_reg
    if activ > Kz:
NameError: name 'activ' is not defined
suggestion time taken 0.326766 iter 2 next_points [{'alpha': 5.2706080677782285, 'batch_size': 29, 'beta_1': 0.7644333870703304, 'beta_2': 0.9975281386435474, 'epsilon': 7.774056611101822e-07, 'hidden_layer_sizes': 94, 'learning_rate_init': 0.0026981592062198245, 'tol': 3.942349150370094e-05, 'validation_fraction': 0.11484722026746534}]
/home/ryedida/.local/lib/python3.9/site-packages/sklearn/neural_network/_multilayer_perceptron.py:686: ConvergenceWarning: Stochastic Optimizer: Maximum iterations (200) reached and the optimization hasn't converged yet.
  warnings.warn(

function_evaluation time 1.621616 value 3099.565846 suggestion {'alpha': 5.2706080677782285, 'batch_size': 29, 'beta_1': 0.7644333870703304, 'beta_2': 0.9975281386435474, 'epsilon': 7.774056611101822e-07, 'hidden_layer_sizes': 94, 'learning_rate_init': 0.0026981592062198245, 'tol': 3.942349150370094e-05, 'validation_fraction': 0.11484722026746534}
observation time 0.000005, current best 3099.565846 at iter 2
Failure in optimizer suggest. Falling back to random search.
name 'activ' is not defined
Traceback (most recent call last):
  File "/home/ryedida/.local/lib/python3.9/site-packages/bayesmark/experiment.py", line 126, in run_study
    next_points = optimizer.suggest(n_suggestions)
  File "/home/ryedida/bbo_challenge_starter_kit/example_submissions/smoothness/optimizer.py", line 109, in suggest
    betas = [self._get_smoothness_reg(guess) for guess in guesses]
  File "/home/ryedida/bbo_challenge_starter_kit/example_submissions/smoothness/optimizer.py", line 109, in <listcomp>
    betas = [self._get_smoothness_reg(guess) for guess in guesses]
  File "/home/ryedida/bbo_challenge_starter_kit/example_submissions/smoothness/optimizer.py", line 49, in _get_smoothness_reg
    if activ > Kz:
NameError: name 'activ' is not defined
suggestion time taken 0.349484 iter 3 next_points [{'alpha': 0.005361230242467861, 'batch_size': 62, 'beta_1': 0.9675837547362326, 'beta_2': 0.9999983234877633, 'epsilon': 7.134455610344693e-08, 'hidden_layer_sizes': 116, 'learning_rate_init': 1.7636991918125974e-05, 'tol': 0.00017522407282099305, 'validation_fraction': 0.7469762566942533}]
function_evaluation time 0.065354 value 29106.216892 suggestion {'alpha': 0.005361230242467861, 'batch_size': 62, 'beta_1': 0.9675837547362326, 'beta_2': 0.9999983234877633, 'epsilon': 7.134455610344693e-08, 'hidden_layer_sizes': 116, 'learning_rate_init': 1.7636991918125974e-05, 'tol': 0.00017522407282099305, 'validation_fraction': 0.7469762566942533}
observation time 0.000005, current best 3099.565846 at iter 3
Failure in optimizer suggest. Falling back to random search.
name 'activ' is not defined
Traceback (most recent call last):
  File "/home/ryedida/.local/lib/python3.9/site-packages/bayesmark/experiment.py", line 126, in run_study
    next_points = optimizer.suggest(n_suggestions)
  File "/home/ryedida/bbo_challenge_starter_kit/example_submissions/smoothness/optimizer.py", line 109, in suggest
    betas = [self._get_smoothness_reg(guess) for guess in guesses]
  File "/home/ryedida/bbo_challenge_starter_kit/example_submissions/smoothness/optimizer.py", line 109, in <listcomp>
    betas = [self._get_smoothness_reg(guess) for guess in guesses]
  File "/home/ryedida/bbo_challenge_starter_kit/example_submissions/smoothness/optimizer.py", line 49, in _get_smoothness_reg
    if activ > Kz:
NameError: name 'activ' is not defined
suggestion time taken 0.327511 iter 4 next_points [{'alpha': 0.007825536937957843, 'batch_size': 177, 'beta_1': 0.9482469211314238, 'beta_2': 0.9917604765769024, 'epsilon': 5.652027926094174e-07, 'hidden_layer_sizes': 153, 'learning_rate_init': 0.0495381296373656, 'tol': 0.0005283441760100487, 'validation_fraction': 0.6009645910513872}]
/home/ryedida/.local/lib/python3.9/site-packages/sklearn/neural_network/_multilayer_perceptron.py:605: UserWarning: Got `batch_size` less than 1 or larger than sample size. It is going to be clipped
  warnings.warn(

function_evaluation time 0.189220 value 4086.271533 suggestion {'alpha': 0.007825536937957843, 'batch_size': 177, 'beta_1': 0.9482469211314238, 'beta_2': 0.9917604765769024, 'epsilon': 5.652027926094174e-07, 'hidden_layer_sizes': 153, 'learning_rate_init': 0.0495381296373656, 'tol': 0.0005283441760100487, 'validation_fraction': 0.6009645910513872}
observation time 0.000005, current best 3099.565846 at iter 4
Failure in optimizer suggest. Falling back to random search.
name 'activ' is not defined
Traceback (most recent call last):
  File "/home/ryedida/.local/lib/python3.9/site-packages/bayesmark/experiment.py", line 126, in run_study
    next_points = optimizer.suggest(n_suggestions)
  File "/home/ryedida/bbo_challenge_starter_kit/example_submissions/smoothness/optimizer.py", line 109, in suggest
    betas = [self._get_smoothness_reg(guess) for guess in guesses]
  File "/home/ryedida/bbo_challenge_starter_kit/example_submissions/smoothness/optimizer.py", line 109, in <listcomp>
    betas = [self._get_smoothness_reg(guess) for guess in guesses]
  File "/home/ryedida/bbo_challenge_starter_kit/example_submissions/smoothness/optimizer.py", line 49, in _get_smoothness_reg
    if activ > Kz:
NameError: name 'activ' is not defined
suggestion time taken 0.330651 iter 5 next_points [{'alpha': 5.861991271543008, 'batch_size': 106, 'beta_1': 0.9879809571694834, 'beta_2': 0.9909847561625683, 'epsilon': 3.834917355809453e-07, 'hidden_layer_sizes': 157, 'learning_rate_init': 0.000344318790814721, 'tol': 0.0006263313874348624, 'validation_fraction': 0.8553144970865726}]
/home/ryedida/.local/lib/python3.9/site-packages/sklearn/neural_network/_multilayer_perceptron.py:605: UserWarning: Got `batch_size` less than 1 or larger than sample size. It is going to be clipped
  warnings.warn(

function_evaluation time 0.055014 value 29096.753083 suggestion {'alpha': 5.861991271543008, 'batch_size': 106, 'beta_1': 0.9879809571694834, 'beta_2': 0.9909847561625683, 'epsilon': 3.834917355809453e-07, 'hidden_layer_sizes': 157, 'learning_rate_init': 0.000344318790814721, 'tol': 0.0006263313874348624, 'validation_fraction': 0.8553144970865726}
observation time 0.000005, current best 3099.565846 at iter 5
Failure in optimizer suggest. Falling back to random search.
name 'activ' is not defined
Traceback (most recent call last):
  File "/home/ryedida/.local/lib/python3.9/site-packages/bayesmark/experiment.py", line 126, in run_study
    next_points = optimizer.suggest(n_suggestions)
  File "/home/ryedida/bbo_challenge_starter_kit/example_submissions/smoothness/optimizer.py", line 109, in suggest
    betas = [self._get_smoothness_reg(guess) for guess in guesses]
  File "/home/ryedida/bbo_challenge_starter_kit/example_submissions/smoothness/optimizer.py", line 109, in <listcomp>
    betas = [self._get_smoothness_reg(guess) for guess in guesses]
  File "/home/ryedida/bbo_challenge_starter_kit/example_submissions/smoothness/optimizer.py", line 49, in _get_smoothness_reg
    if activ > Kz:
NameError: name 'activ' is not defined
suggestion time taken 0.330928 iter 6 next_points [{'alpha': 5.855056895476583, 'batch_size': 242, 'beta_1': 0.9180556565486514, 'beta_2': 0.999998355068972, 'epsilon': 1.8787428340574662e-08, 'hidden_layer_sizes': 170, 'learning_rate_init': 0.0003856382564312422, 'tol': 0.0002549842420017551, 'validation_fraction': 0.7903842005273931}]
/home/ryedida/.local/lib/python3.9/site-packages/sklearn/neural_network/_multilayer_perceptron.py:605: UserWarning: Got `batch_size` less than 1 or larger than sample size. It is going to be clipped
  warnings.warn(

/home/ryedida/.local/lib/python3.9/site-packages/sklearn/neural_network/_multilayer_perceptron.py:686: ConvergenceWarning: Stochastic Optimizer: Maximum iterations (200) reached and the optimization hasn't converged yet.
  warnings.warn(

function_evaluation time 0.784680 value 28586.177617 suggestion {'alpha': 5.855056895476583, 'batch_size': 242, 'beta_1': 0.9180556565486514, 'beta_2': 0.999998355068972, 'epsilon': 1.8787428340574662e-08, 'hidden_layer_sizes': 170, 'learning_rate_init': 0.0003856382564312422, 'tol': 0.0002549842420017551, 'validation_fraction': 0.7903842005273931}
observation time 0.000004, current best 3099.565846 at iter 6
Failure in optimizer suggest. Falling back to random search.
name 'activ' is not defined
Traceback (most recent call last):
  File "/home/ryedida/.local/lib/python3.9/site-packages/bayesmark/experiment.py", line 126, in run_study
    next_points = optimizer.suggest(n_suggestions)
  File "/home/ryedida/bbo_challenge_starter_kit/example_submissions/smoothness/optimizer.py", line 109, in suggest
    betas = [self._get_smoothness_reg(guess) for guess in guesses]
  File "/home/ryedida/bbo_challenge_starter_kit/example_submissions/smoothness/optimizer.py", line 109, in <listcomp>
    betas = [self._get_smoothness_reg(guess) for guess in guesses]
  File "/home/ryedida/bbo_challenge_starter_kit/example_submissions/smoothness/optimizer.py", line 49, in _get_smoothness_reg
    if activ > Kz:
NameError: name 'activ' is not defined
suggestion time taken 0.464527 iter 7 next_points [{'alpha': 0.00015068649697258104, 'batch_size': 204, 'beta_1': 0.8766115092026274, 'beta_2': 0.9810631811121002, 'epsilon': 7.980493216799699e-08, 'hidden_layer_sizes': 172, 'learning_rate_init': 0.0003428924634480539, 'tol': 0.00045465480795351044, 'validation_fraction': 0.12617560785829546}]
/home/ryedida/.local/lib/python3.9/site-packages/sklearn/neural_network/_multilayer_perceptron.py:686: ConvergenceWarning: Stochastic Optimizer: Maximum iterations (200) reached and the optimization hasn't converged yet.
  warnings.warn(

function_evaluation time 1.376076 value 28137.405352 suggestion {'alpha': 0.00015068649697258104, 'batch_size': 204, 'beta_1': 0.8766115092026274, 'beta_2': 0.9810631811121002, 'epsilon': 7.980493216799699e-08, 'hidden_layer_sizes': 172, 'learning_rate_init': 0.0003428924634480539, 'tol': 0.00045465480795351044, 'validation_fraction': 0.12617560785829546}
observation time 0.000006, current best 3099.565846 at iter 7
Failure in optimizer suggest. Falling back to random search.
name 'activ' is not defined
Traceback (most recent call last):
  File "/home/ryedida/.local/lib/python3.9/site-packages/bayesmark/experiment.py", line 126, in run_study
    next_points = optimizer.suggest(n_suggestions)
  File "/home/ryedida/bbo_challenge_starter_kit/example_submissions/smoothness/optimizer.py", line 109, in suggest
    betas = [self._get_smoothness_reg(guess) for guess in guesses]
  File "/home/ryedida/bbo_challenge_starter_kit/example_submissions/smoothness/optimizer.py", line 109, in <listcomp>
    betas = [self._get_smoothness_reg(guess) for guess in guesses]
  File "/home/ryedida/bbo_challenge_starter_kit/example_submissions/smoothness/optimizer.py", line 49, in _get_smoothness_reg
    if activ > Kz:
NameError: name 'activ' is not defined
suggestion time taken 0.317846 iter 8 next_points [{'alpha': 0.00029620017619516066, 'batch_size': 188, 'beta_1': 0.9703510197093647, 'beta_2': 0.9089587661850127, 'epsilon': 1.7096662620937552e-07, 'hidden_layer_sizes': 65, 'learning_rate_init': 0.00012347041501411352, 'tol': 0.00025627601412583456, 'validation_fraction': 0.8202641443407052}]
/home/ryedida/.local/lib/python3.9/site-packages/sklearn/neural_network/_multilayer_perceptron.py:605: UserWarning: Got `batch_size` less than 1 or larger than sample size. It is going to be clipped
  warnings.warn(

function_evaluation time 0.044973 value 29110.380516 suggestion {'alpha': 0.00029620017619516066, 'batch_size': 188, 'beta_1': 0.9703510197093647, 'beta_2': 0.9089587661850127, 'epsilon': 1.7096662620937552e-07, 'hidden_layer_sizes': 65, 'learning_rate_init': 0.00012347041501411352, 'tol': 0.00025627601412583456, 'validation_fraction': 0.8202641443407052}
observation time 0.000005, current best 3099.565846 at iter 8
Failure in optimizer suggest. Falling back to random search.
name 'activ' is not defined
Traceback (most recent call last):
  File "/home/ryedida/.local/lib/python3.9/site-packages/bayesmark/experiment.py", line 126, in run_study
    next_points = optimizer.suggest(n_suggestions)
  File "/home/ryedida/bbo_challenge_starter_kit/example_submissions/smoothness/optimizer.py", line 109, in suggest
    betas = [self._get_smoothness_reg(guess) for guess in guesses]
  File "/home/ryedida/bbo_challenge_starter_kit/example_submissions/smoothness/optimizer.py", line 109, in <listcomp>
    betas = [self._get_smoothness_reg(guess) for guess in guesses]
  File "/home/ryedida/bbo_challenge_starter_kit/example_submissions/smoothness/optimizer.py", line 49, in _get_smoothness_reg
    if activ > Kz:
NameError: name 'activ' is not defined
suggestion time taken 0.321809 iter 9 next_points [{'alpha': 0.002917265843492154, 'batch_size': 79, 'beta_1': 0.7111724471547075, 'beta_2': 0.9997562095577245, 'epsilon': 8.603184636060208e-07, 'hidden_layer_sizes': 188, 'learning_rate_init': 0.004471650379954246, 'tol': 1.2251276788795182e-05, 'validation_fraction': 0.16843240334954324}]
/home/ryedida/.local/lib/python3.9/site-packages/sklearn/neural_network/_multilayer_perceptron.py:686: ConvergenceWarning: Stochastic Optimizer: Maximum iterations (200) reached and the optimization hasn't converged yet.
  warnings.warn(

function_evaluation time 1.611516 value 3081.889869 suggestion {'alpha': 0.002917265843492154, 'batch_size': 79, 'beta_1': 0.7111724471547075, 'beta_2': 0.9997562095577245, 'epsilon': 8.603184636060208e-07, 'hidden_layer_sizes': 188, 'learning_rate_init': 0.004471650379954246, 'tol': 1.2251276788795182e-05, 'validation_fraction': 0.16843240334954324}
observation time 0.000005, current best 3081.889869 at iter 9
Failure in optimizer suggest. Falling back to random search.
name 'activ' is not defined
Traceback (most recent call last):
  File "/home/ryedida/.local/lib/python3.9/site-packages/bayesmark/experiment.py", line 126, in run_study
    next_points = optimizer.suggest(n_suggestions)
  File "/home/ryedida/bbo_challenge_starter_kit/example_submissions/smoothness/optimizer.py", line 109, in suggest
    betas = [self._get_smoothness_reg(guess) for guess in guesses]
  File "/home/ryedida/bbo_challenge_starter_kit/example_submissions/smoothness/optimizer.py", line 109, in <listcomp>
    betas = [self._get_smoothness_reg(guess) for guess in guesses]
  File "/home/ryedida/bbo_challenge_starter_kit/example_submissions/smoothness/optimizer.py", line 49, in _get_smoothness_reg
    if activ > Kz:
NameError: name 'activ' is not defined
suggestion time taken 0.319794 iter 10 next_points [{'alpha': 3.820873649502709e-05, 'batch_size': 57, 'beta_1': 0.8347137421781138, 'beta_2': 0.9994440806463878, 'epsilon': 6.23968047260918e-08, 'hidden_layer_sizes': 127, 'learning_rate_init': 0.02761800658819118, 'tol': 0.0016649117800014192, 'validation_fraction': 0.1307421583982192}]
function_evaluation time 0.341071 value 2891.960922 suggestion {'alpha': 3.820873649502709e-05, 'batch_size': 57, 'beta_1': 0.8347137421781138, 'beta_2': 0.9994440806463878, 'epsilon': 6.23968047260918e-08, 'hidden_layer_sizes': 127, 'learning_rate_init': 0.02761800658819118, 'tol': 0.0016649117800014192, 'validation_fraction': 0.1307421583982192}
observation time 0.000006, current best 2891.960922 at iter 10
Failure in optimizer suggest. Falling back to random search.
name 'activ' is not defined
Traceback (most recent call last):
  File "/home/ryedida/.local/lib/python3.9/site-packages/bayesmark/experiment.py", line 126, in run_study
    next_points = optimizer.suggest(n_suggestions)
  File "/home/ryedida/bbo_challenge_starter_kit/example_submissions/smoothness/optimizer.py", line 109, in suggest
    betas = [self._get_smoothness_reg(guess) for guess in guesses]
  File "/home/ryedida/bbo_challenge_starter_kit/example_submissions/smoothness/optimizer.py", line 109, in <listcomp>
    betas = [self._get_smoothness_reg(guess) for guess in guesses]
  File "/home/ryedida/bbo_challenge_starter_kit/example_submissions/smoothness/optimizer.py", line 49, in _get_smoothness_reg
    if activ > Kz:
NameError: name 'activ' is not defined
suggestion time taken 0.333988 iter 11 next_points [{'alpha': 0.23490799269925966, 'batch_size': 233, 'beta_1': 0.9179645281967432, 'beta_2': 0.9999984899958384, 'epsilon': 1.7806518998502476e-08, 'hidden_layer_sizes': 115, 'learning_rate_init': 3.658919965425491e-05, 'tol': 1.5557975474802974e-05, 'validation_fraction': 0.5887008301423533}]
/home/ryedida/.local/lib/python3.9/site-packages/sklearn/neural_network/_multilayer_perceptron.py:605: UserWarning: Got `batch_size` less than 1 or larger than sample size. It is going to be clipped
  warnings.warn(

/home/ryedida/.local/lib/python3.9/site-packages/sklearn/neural_network/_multilayer_perceptron.py:686: ConvergenceWarning: Stochastic Optimizer: Maximum iterations (200) reached and the optimization hasn't converged yet.
  warnings.warn(

function_evaluation time 0.764389 value 29051.916443 suggestion {'alpha': 0.23490799269925966, 'batch_size': 233, 'beta_1': 0.9179645281967432, 'beta_2': 0.9999984899958384, 'epsilon': 1.7806518998502476e-08, 'hidden_layer_sizes': 115, 'learning_rate_init': 3.658919965425491e-05, 'tol': 1.5557975474802974e-05, 'validation_fraction': 0.5887008301423533}
observation time 0.000005, current best 2891.960922 at iter 11
Failure in optimizer suggest. Falling back to random search.
name 'activ' is not defined
Traceback (most recent call last):
  File "/home/ryedida/.local/lib/python3.9/site-packages/bayesmark/experiment.py", line 126, in run_study
    next_points = optimizer.suggest(n_suggestions)
  File "/home/ryedida/bbo_challenge_starter_kit/example_submissions/smoothness/optimizer.py", line 109, in suggest
    betas = [self._get_smoothness_reg(guess) for guess in guesses]
  File "/home/ryedida/bbo_challenge_starter_kit/example_submissions/smoothness/optimizer.py", line 109, in <listcomp>
    betas = [self._get_smoothness_reg(guess) for guess in guesses]
  File "/home/ryedida/bbo_challenge_starter_kit/example_submissions/smoothness/optimizer.py", line 49, in _get_smoothness_reg
    if activ > Kz:
NameError: name 'activ' is not defined
suggestion time taken 0.319592 iter 12 next_points [{'alpha': 6.179928798994204e-05, 'batch_size': 96, 'beta_1': 0.934671156388221, 'beta_2': 0.9999863523885452, 'epsilon': 1.9388262414823532e-07, 'hidden_layer_sizes': 82, 'learning_rate_init': 0.025311639155603666, 'tol': 0.0010065413959280392, 'validation_fraction': 0.1230289713456262}]
function_evaluation time 0.379170 value 2914.447090 suggestion {'alpha': 6.179928798994204e-05, 'batch_size': 96, 'beta_1': 0.934671156388221, 'beta_2': 0.9999863523885452, 'epsilon': 1.9388262414823532e-07, 'hidden_layer_sizes': 82, 'learning_rate_init': 0.025311639155603666, 'tol': 0.0010065413959280392, 'validation_fraction': 0.1230289713456262}
observation time 0.000005, current best 2891.960922 at iter 12
Failure in optimizer suggest. Falling back to random search.
name 'activ' is not defined
Traceback (most recent call last):
  File "/home/ryedida/.local/lib/python3.9/site-packages/bayesmark/experiment.py", line 126, in run_study
    next_points = optimizer.suggest(n_suggestions)
  File "/home/ryedida/bbo_challenge_starter_kit/example_submissions/smoothness/optimizer.py", line 109, in suggest
    betas = [self._get_smoothness_reg(guess) for guess in guesses]
  File "/home/ryedida/bbo_challenge_starter_kit/example_submissions/smoothness/optimizer.py", line 109, in <listcomp>
    betas = [self._get_smoothness_reg(guess) for guess in guesses]
  File "/home/ryedida/bbo_challenge_starter_kit/example_submissions/smoothness/optimizer.py", line 49, in _get_smoothness_reg
    if activ > Kz:
NameError: name 'activ' is not defined
suggestion time taken 0.319096 iter 13 next_points [{'alpha': 0.035995174896471416, 'batch_size': 171, 'beta_1': 0.8279477438240928, 'beta_2': 0.9999986317901014, 'epsilon': 1.135594076214812e-09, 'hidden_layer_sizes': 197, 'learning_rate_init': 8.906296168513269e-05, 'tol': 1.7926757697027893e-05, 'validation_fraction': 0.8987578129294551}]
/home/ryedida/.local/lib/python3.9/site-packages/sklearn/neural_network/_multilayer_perceptron.py:605: UserWarning: Got `batch_size` less than 1 or larger than sample size. It is going to be clipped
  warnings.warn(

/home/ryedida/.local/lib/python3.9/site-packages/sklearn/neural_network/_multilayer_perceptron.py:686: ConvergenceWarning: Stochastic Optimizer: Maximum iterations (200) reached and the optimization hasn't converged yet.
  warnings.warn(

function_evaluation time 0.777008 value 28983.310028 suggestion {'alpha': 0.035995174896471416, 'batch_size': 171, 'beta_1': 0.8279477438240928, 'beta_2': 0.9999986317901014, 'epsilon': 1.135594076214812e-09, 'hidden_layer_sizes': 197, 'learning_rate_init': 8.906296168513269e-05, 'tol': 1.7926757697027893e-05, 'validation_fraction': 0.8987578129294551}
observation time 0.000005, current best 2891.960922 at iter 13
Failure in optimizer suggest. Falling back to random search.
name 'activ' is not defined
Traceback (most recent call last):
  File "/home/ryedida/.local/lib/python3.9/site-packages/bayesmark/experiment.py", line 126, in run_study
    next_points = optimizer.suggest(n_suggestions)
  File "/home/ryedida/bbo_challenge_starter_kit/example_submissions/smoothness/optimizer.py", line 109, in suggest
    betas = [self._get_smoothness_reg(guess) for guess in guesses]
  File "/home/ryedida/bbo_challenge_starter_kit/example_submissions/smoothness/optimizer.py", line 109, in <listcomp>
    betas = [self._get_smoothness_reg(guess) for guess in guesses]
  File "/home/ryedida/bbo_challenge_starter_kit/example_submissions/smoothness/optimizer.py", line 49, in _get_smoothness_reg
    if activ > Kz:
NameError: name 'activ' is not defined
suggestion time taken 0.328194 iter 14 next_points [{'alpha': 2.0133821042500313, 'batch_size': 193, 'beta_1': 0.9848438034940018, 'beta_2': 0.9815243782919018, 'epsilon': 7.711762648528619e-09, 'hidden_layer_sizes': 181, 'learning_rate_init': 0.0034364657143813263, 'tol': 0.0002978627579510248, 'validation_fraction': 0.5370008886555423}]
/home/ryedida/.local/lib/python3.9/site-packages/sklearn/neural_network/_multilayer_perceptron.py:605: UserWarning: Got `batch_size` less than 1 or larger than sample size. It is going to be clipped
  warnings.warn(

/home/ryedida/.local/lib/python3.9/site-packages/sklearn/neural_network/_multilayer_perceptron.py:686: ConvergenceWarning: Stochastic Optimizer: Maximum iterations (200) reached and the optimization hasn't converged yet.
  warnings.warn(

function_evaluation time 0.928399 value 19216.286979 suggestion {'alpha': 2.0133821042500313, 'batch_size': 193, 'beta_1': 0.9848438034940018, 'beta_2': 0.9815243782919018, 'epsilon': 7.711762648528619e-09, 'hidden_layer_sizes': 181, 'learning_rate_init': 0.0034364657143813263, 'tol': 0.0002978627579510248, 'validation_fraction': 0.5370008886555423}
observation time 0.000005, current best 2891.960922 at iter 14
saving meta data: {'args': {'--uuid': 'fbc009fefe3b58fba3908fdc5934692f', '-db-root': '/home/ryedida/bbo_challenge_starter_kit/output', '--opt-root': '/home/ryedida/bbo_challenge_starter_kit/example_submissions', '--data-root': None, '--db': 'run_20230427_004608', '--opt': 'smoothness', '--data': 'diabetes', '--classifier': 'MLP-adam', '--metric': 'mse', '--calls': 15, '--suggestions': 1, '--jobs-file': None, '--verbose': False, 'dry_run': False, 'rev': 'a376313', 'opt_rev': 'x.x.x'}, 'signature': ([{'alpha': 0.019628224813442792, 'batch_size': 182, 'beta_1': 0.9410202200271762, 'beta_2': 0.9998021557676793, 'epsilon': 1.8662266976518e-08, 'hidden_layer_sizes': 147, 'learning_rate_init': 0.0005627932047415167, 'tol': 0.03690557729213761, 'validation_fraction': 0.8846827852548593}, {'alpha': 0.0019982467392329444, 'batch_size': 200, 'beta_1': 0.919111482530466, 'beta_2': 0.9998488260436156, 'epsilon': 5.981221901152555e-07, 'hidden_layer_sizes': 61, 'learning_rate_init': 2.2310905607443014e-05, 'tol': 1.2046852412030316e-05, 'validation_fraction': 0.8117896445826539}, {'alpha': 0.46659545670218433, 'batch_size': 219, 'beta_1': 0.9889789783750891, 'beta_2': 0.9999896868093284, 'epsilon': 2.4234724484675948e-08, 'hidden_layer_sizes': 167, 'learning_rate_init': 2.972334644335654e-05, 'tol': 0.0036281404040243792, 'validation_fraction': 0.17260651658522078}, {'alpha': 4.656005689076002, 'batch_size': 135, 'beta_1': 0.870503881627747, 'beta_2': 0.9948873266941017, 'epsilon': 2.1023308743480125e-07, 'hidden_layer_sizes': 118, 'learning_rate_init': 0.0018781738757161913, 'tol': 1.1889379831773004e-05, 'validation_fraction': 0.6264327093752792}, {'alpha': 0.04705159350400542, 'batch_size': 158, 'beta_1': 0.9870884262730957, 'beta_2': 0.9999596874382349, 'epsilon': 1.1981845126013875e-08, 'hidden_layer_sizes': 116, 'learning_rate_init': 0.00617340520407431, 'tol': 1.741413418158619e-05, 'validation_fraction': 0.6754299026638921}], [29083.993548572587, 29062.423277324073, 29075.78987471409, 24626.32866834337, 9584.226858493177])}
saving results
saving timing
saving suggest log
done
