running: {'--uuid': 'fcb9837777a75e11847aa2661d77f725', '-db-root': '/home/ryedida/bbo_challenge_starter_kit/output', '--opt-root': '/home/ryedida/bbo_challenge_starter_kit/example_submissions', '--data-root': None, '--db': 'run_20230427_004608', '--opt': 'smoothness', '--data': 'diabetes', '--classifier': 'MLP-adam', '--metric': 'mse', '--calls': 15, '--suggestions': 1, '--jobs-file': None, '--verbose': False, 'dry_run': False, 'rev': 'a376313', 'opt_rev': 'x.x.x'}
cmd: python smoothness/optimizer.py -c MLP-adam -d diabetes -o smoothness -u fcb9837777a75e11847aa2661d77f725 -m mse -n 15 -p 1 -dir /home/ryedida/bbo_challenge_starter_kit/output -b run_20230427_004608
/home/ryedida/.local/lib/python3.9/site-packages/sklearn/neural_network/_multilayer_perceptron.py:605: UserWarning: Got `batch_size` less than 1 or larger than sample size. It is going to be clipped
  warnings.warn(

/home/ryedida/.local/lib/python3.9/site-packages/sklearn/neural_network/_multilayer_perceptron.py:605: UserWarning: Got `batch_size` less than 1 or larger than sample size. It is going to be clipped
  warnings.warn(

/home/ryedida/.local/lib/python3.9/site-packages/sklearn/neural_network/_multilayer_perceptron.py:605: UserWarning: Got `batch_size` less than 1 or larger than sample size. It is going to be clipped
  warnings.warn(

/home/ryedida/.local/lib/python3.9/site-packages/sklearn/neural_network/_multilayer_perceptron.py:686: ConvergenceWarning: Stochastic Optimizer: Maximum iterations (200) reached and the optimization hasn't converged yet.
  warnings.warn(

/home/ryedida/.local/lib/python3.9/site-packages/sklearn/neural_network/_multilayer_perceptron.py:605: UserWarning: Got `batch_size` less than 1 or larger than sample size. It is going to be clipped
  warnings.warn(

/home/ryedida/.local/lib/python3.9/site-packages/sklearn/neural_network/_multilayer_perceptron.py:686: ConvergenceWarning: Stochastic Optimizer: Maximum iterations (200) reached and the optimization hasn't converged yet.
  warnings.warn(

computed signature: ([{'alpha': 0.019628224813442792, 'batch_size': 182, 'beta_1': 0.9410202200271762, 'beta_2': 0.9998021557676793, 'epsilon': 1.8662266976518e-08, 'hidden_layer_sizes': 147, 'learning_rate_init': 0.0005627932047415167, 'tol': 0.03690557729213761, 'validation_fraction': 0.8846827852548593}, {'alpha': 0.0019982467392329444, 'batch_size': 200, 'beta_1': 0.919111482530466, 'beta_2': 0.9998488260436156, 'epsilon': 5.981221901152555e-07, 'hidden_layer_sizes': 61, 'learning_rate_init': 2.2310905607443014e-05, 'tol': 1.2046852412030316e-05, 'validation_fraction': 0.8117896445826539}, {'alpha': 0.46659545670218433, 'batch_size': 219, 'beta_1': 0.9889789783750891, 'beta_2': 0.9999896868093284, 'epsilon': 2.4234724484675948e-08, 'hidden_layer_sizes': 167, 'learning_rate_init': 2.972334644335654e-05, 'tol': 0.0036281404040243792, 'validation_fraction': 0.17260651658522078}, {'alpha': 4.656005689076002, 'batch_size': 135, 'beta_1': 0.870503881627747, 'beta_2': 0.9948873266941017, 'epsilon': 2.1023308743480125e-07, 'hidden_layer_sizes': 118, 'learning_rate_init': 0.0018781738757161913, 'tol': 1.1889379831773004e-05, 'validation_fraction': 0.6264327093752792}, {'alpha': 0.04705159350400542, 'batch_size': 158, 'beta_1': 0.9870884262730957, 'beta_2': 0.9999596874382349, 'epsilon': 1.1981845126013875e-08, 'hidden_layer_sizes': 116, 'learning_rate_init': 0.00617340520407431, 'tol': 1.741413418158619e-05, 'validation_fraction': 0.6754299026638921}], [29083.993548572587, 29062.423277324073, 29075.78987471409, 24626.32866834337, 9584.226858493177])
Signature errors:
                              0         1         2         3         4       max
MLP-adam_diabetes_mse  0.000007  0.000008  0.000003  0.003558  0.004952  0.004952
max                    0.000007  0.000008  0.000003  0.003558  0.004952  0.004952
starting sklearn study smoothness MLP-adam diabetes mse 15 1
with data root: None
Failure in optimizer suggest. Falling back to random search.
name 'activ' is not defined
Traceback (most recent call last):
  File "/home/ryedida/.local/lib/python3.9/site-packages/bayesmark/experiment.py", line 126, in run_study
    next_points = optimizer.suggest(n_suggestions)
  File "/home/ryedida/bbo_challenge_starter_kit/example_submissions/smoothness/optimizer.py", line 109, in suggest
    betas = [self._get_smoothness_reg(guess) for guess in guesses]
  File "/home/ryedida/bbo_challenge_starter_kit/example_submissions/smoothness/optimizer.py", line 109, in <listcomp>
    betas = [self._get_smoothness_reg(guess) for guess in guesses]
  File "/home/ryedida/bbo_challenge_starter_kit/example_submissions/smoothness/optimizer.py", line 49, in _get_smoothness_reg
    if activ > Kz:
NameError: name 'activ' is not defined
suggestion time taken 0.495137 iter 0 next_points [{'alpha': 0.0012201018602892746, 'batch_size': 24, 'beta_1': 0.9188945733568173, 'beta_2': 0.9969016949607867, 'epsilon': 1.0628742662028867e-08, 'hidden_layer_sizes': 87, 'learning_rate_init': 0.025103541599386204, 'tol': 0.0006936510526949107, 'validation_fraction': 0.7203153090741578}]
function_evaluation time 0.571404 value 3064.822926 suggestion {'alpha': 0.0012201018602892746, 'batch_size': 24, 'beta_1': 0.9188945733568173, 'beta_2': 0.9969016949607867, 'epsilon': 1.0628742662028867e-08, 'hidden_layer_sizes': 87, 'learning_rate_init': 0.025103541599386204, 'tol': 0.0006936510526949107, 'validation_fraction': 0.7203153090741578}
observation time 0.000006, current best 3064.822926 at iter 0
Failure in optimizer suggest. Falling back to random search.
name 'activ' is not defined
Traceback (most recent call last):
  File "/home/ryedida/.local/lib/python3.9/site-packages/bayesmark/experiment.py", line 126, in run_study
    next_points = optimizer.suggest(n_suggestions)
  File "/home/ryedida/bbo_challenge_starter_kit/example_submissions/smoothness/optimizer.py", line 109, in suggest
    betas = [self._get_smoothness_reg(guess) for guess in guesses]
  File "/home/ryedida/bbo_challenge_starter_kit/example_submissions/smoothness/optimizer.py", line 109, in <listcomp>
    betas = [self._get_smoothness_reg(guess) for guess in guesses]
  File "/home/ryedida/bbo_challenge_starter_kit/example_submissions/smoothness/optimizer.py", line 49, in _get_smoothness_reg
    if activ > Kz:
NameError: name 'activ' is not defined
suggestion time taken 0.336943 iter 1 next_points [{'alpha': 0.16153352588799946, 'batch_size': 79, 'beta_1': 0.824776481600434, 'beta_2': 0.9997408128306776, 'epsilon': 7.575925053125246e-08, 'hidden_layer_sizes': 88, 'learning_rate_init': 0.002258151643579969, 'tol': 2.295331207173064e-05, 'validation_fraction': 0.20393536410179552}]
/home/ryedida/.local/lib/python3.9/site-packages/sklearn/neural_network/_multilayer_perceptron.py:686: ConvergenceWarning: Stochastic Optimizer: Maximum iterations (200) reached and the optimization hasn't converged yet.
  warnings.warn(

function_evaluation time 0.825451 value 4790.296358 suggestion {'alpha': 0.16153352588799946, 'batch_size': 79, 'beta_1': 0.824776481600434, 'beta_2': 0.9997408128306776, 'epsilon': 7.575925053125246e-08, 'hidden_layer_sizes': 88, 'learning_rate_init': 0.002258151643579969, 'tol': 2.295331207173064e-05, 'validation_fraction': 0.20393536410179552}
observation time 0.000006, current best 3064.822926 at iter 1
Failure in optimizer suggest. Falling back to random search.
name 'activ' is not defined
Traceback (most recent call last):
  File "/home/ryedida/.local/lib/python3.9/site-packages/bayesmark/experiment.py", line 126, in run_study
    next_points = optimizer.suggest(n_suggestions)
  File "/home/ryedida/bbo_challenge_starter_kit/example_submissions/smoothness/optimizer.py", line 109, in suggest
    betas = [self._get_smoothness_reg(guess) for guess in guesses]
  File "/home/ryedida/bbo_challenge_starter_kit/example_submissions/smoothness/optimizer.py", line 109, in <listcomp>
    betas = [self._get_smoothness_reg(guess) for guess in guesses]
  File "/home/ryedida/bbo_challenge_starter_kit/example_submissions/smoothness/optimizer.py", line 49, in _get_smoothness_reg
    if activ > Kz:
NameError: name 'activ' is not defined
suggestion time taken 0.329459 iter 2 next_points [{'alpha': 0.009441572853258787, 'batch_size': 89, 'beta_1': 0.8919814142533787, 'beta_2': 0.9987358111795108, 'epsilon': 1.3493051270470196e-09, 'hidden_layer_sizes': 114, 'learning_rate_init': 8.932223869505359e-05, 'tol': 0.007446770482569888, 'validation_fraction': 0.25032569571103164}]
function_evaluation time 0.088578 value 29096.613069 suggestion {'alpha': 0.009441572853258787, 'batch_size': 89, 'beta_1': 0.8919814142533787, 'beta_2': 0.9987358111795108, 'epsilon': 1.3493051270470196e-09, 'hidden_layer_sizes': 114, 'learning_rate_init': 8.932223869505359e-05, 'tol': 0.007446770482569888, 'validation_fraction': 0.25032569571103164}
observation time 0.000005, current best 3064.822926 at iter 2
Failure in optimizer suggest. Falling back to random search.
name 'activ' is not defined
Traceback (most recent call last):
  File "/home/ryedida/.local/lib/python3.9/site-packages/bayesmark/experiment.py", line 126, in run_study
    next_points = optimizer.suggest(n_suggestions)
  File "/home/ryedida/bbo_challenge_starter_kit/example_submissions/smoothness/optimizer.py", line 109, in suggest
    betas = [self._get_smoothness_reg(guess) for guess in guesses]
  File "/home/ryedida/bbo_challenge_starter_kit/example_submissions/smoothness/optimizer.py", line 109, in <listcomp>
    betas = [self._get_smoothness_reg(guess) for guess in guesses]
  File "/home/ryedida/bbo_challenge_starter_kit/example_submissions/smoothness/optimizer.py", line 49, in _get_smoothness_reg
    if activ > Kz:
NameError: name 'activ' is not defined
suggestion time taken 0.321699 iter 3 next_points [{'alpha': 4.688238947992582, 'batch_size': 28, 'beta_1': 0.9532510208430394, 'beta_2': 0.9999985924740251, 'epsilon': 8.86680087418933e-08, 'hidden_layer_sizes': 151, 'learning_rate_init': 0.024567780098016273, 'tol': 0.005469404122148342, 'validation_fraction': 0.8741566805532694}]
function_evaluation time 0.282454 value 4044.984124 suggestion {'alpha': 4.688238947992582, 'batch_size': 28, 'beta_1': 0.9532510208430394, 'beta_2': 0.9999985924740251, 'epsilon': 8.86680087418933e-08, 'hidden_layer_sizes': 151, 'learning_rate_init': 0.024567780098016273, 'tol': 0.005469404122148342, 'validation_fraction': 0.8741566805532694}
observation time 0.000006, current best 3064.822926 at iter 3
Failure in optimizer suggest. Falling back to random search.
name 'activ' is not defined
Traceback (most recent call last):
  File "/home/ryedida/.local/lib/python3.9/site-packages/bayesmark/experiment.py", line 126, in run_study
    next_points = optimizer.suggest(n_suggestions)
  File "/home/ryedida/bbo_challenge_starter_kit/example_submissions/smoothness/optimizer.py", line 109, in suggest
    betas = [self._get_smoothness_reg(guess) for guess in guesses]
  File "/home/ryedida/bbo_challenge_starter_kit/example_submissions/smoothness/optimizer.py", line 109, in <listcomp>
    betas = [self._get_smoothness_reg(guess) for guess in guesses]
  File "/home/ryedida/bbo_challenge_starter_kit/example_submissions/smoothness/optimizer.py", line 49, in _get_smoothness_reg
    if activ > Kz:
NameError: name 'activ' is not defined
suggestion time taken 0.346025 iter 4 next_points [{'alpha': 0.045916689909344055, 'batch_size': 198, 'beta_1': 0.9159044352594983, 'beta_2': 0.9982200298079932, 'epsilon': 6.338188663358296e-07, 'hidden_layer_sizes': 70, 'learning_rate_init': 0.00013338122676598033, 'tol': 0.002827986038406223, 'validation_fraction': 0.8236479099970824}]
/home/ryedida/.local/lib/python3.9/site-packages/sklearn/neural_network/_multilayer_perceptron.py:605: UserWarning: Got `batch_size` less than 1 or larger than sample size. It is going to be clipped
  warnings.warn(

function_evaluation time 0.046117 value 29122.559960 suggestion {'alpha': 0.045916689909344055, 'batch_size': 198, 'beta_1': 0.9159044352594983, 'beta_2': 0.9982200298079932, 'epsilon': 6.338188663358296e-07, 'hidden_layer_sizes': 70, 'learning_rate_init': 0.00013338122676598033, 'tol': 0.002827986038406223, 'validation_fraction': 0.8236479099970824}
observation time 0.000006, current best 3064.822926 at iter 4
Failure in optimizer suggest. Falling back to random search.
name 'activ' is not defined
Traceback (most recent call last):
  File "/home/ryedida/.local/lib/python3.9/site-packages/bayesmark/experiment.py", line 126, in run_study
    next_points = optimizer.suggest(n_suggestions)
  File "/home/ryedida/bbo_challenge_starter_kit/example_submissions/smoothness/optimizer.py", line 109, in suggest
    betas = [self._get_smoothness_reg(guess) for guess in guesses]
  File "/home/ryedida/bbo_challenge_starter_kit/example_submissions/smoothness/optimizer.py", line 109, in <listcomp>
    betas = [self._get_smoothness_reg(guess) for guess in guesses]
  File "/home/ryedida/bbo_challenge_starter_kit/example_submissions/smoothness/optimizer.py", line 49, in _get_smoothness_reg
    if activ > Kz:
NameError: name 'activ' is not defined
suggestion time taken 0.330670 iter 5 next_points [{'alpha': 0.7730245292882164, 'batch_size': 69, 'beta_1': 0.6692329144406509, 'beta_2': 0.9998211903523282, 'epsilon': 3.665214076946979e-09, 'hidden_layer_sizes': 73, 'learning_rate_init': 0.00018554184288909108, 'tol': 2.1653007740338217e-05, 'validation_fraction': 0.8302002811840569}]
/home/ryedida/.local/lib/python3.9/site-packages/sklearn/neural_network/_multilayer_perceptron.py:605: UserWarning: Got `batch_size` less than 1 or larger than sample size. It is going to be clipped
  warnings.warn(

/home/ryedida/.local/lib/python3.9/site-packages/sklearn/neural_network/_multilayer_perceptron.py:686: ConvergenceWarning: Stochastic Optimizer: Maximum iterations (200) reached and the optimization hasn't converged yet.
  warnings.warn(

function_evaluation time 0.622774 value 28962.617953 suggestion {'alpha': 0.7730245292882164, 'batch_size': 69, 'beta_1': 0.6692329144406509, 'beta_2': 0.9998211903523282, 'epsilon': 3.665214076946979e-09, 'hidden_layer_sizes': 73, 'learning_rate_init': 0.00018554184288909108, 'tol': 2.1653007740338217e-05, 'validation_fraction': 0.8302002811840569}
observation time 0.000005, current best 3064.822926 at iter 5
Failure in optimizer suggest. Falling back to random search.
name 'activ' is not defined
Traceback (most recent call last):
  File "/home/ryedida/.local/lib/python3.9/site-packages/bayesmark/experiment.py", line 126, in run_study
    next_points = optimizer.suggest(n_suggestions)
  File "/home/ryedida/bbo_challenge_starter_kit/example_submissions/smoothness/optimizer.py", line 109, in suggest
    betas = [self._get_smoothness_reg(guess) for guess in guesses]
  File "/home/ryedida/bbo_challenge_starter_kit/example_submissions/smoothness/optimizer.py", line 109, in <listcomp>
    betas = [self._get_smoothness_reg(guess) for guess in guesses]
  File "/home/ryedida/bbo_challenge_starter_kit/example_submissions/smoothness/optimizer.py", line 49, in _get_smoothness_reg
    if activ > Kz:
NameError: name 'activ' is not defined
suggestion time taken 0.328385 iter 6 next_points [{'alpha': 0.0001041644205155554, 'batch_size': 141, 'beta_1': 0.9802443152173298, 'beta_2': 0.986453408854136, 'epsilon': 4.016179943429789e-09, 'hidden_layer_sizes': 161, 'learning_rate_init': 2.9411124760858183e-05, 'tol': 6.763432257190451e-05, 'validation_fraction': 0.35496205834496464}]
function_evaluation time 0.084174 value 29083.028476 suggestion {'alpha': 0.0001041644205155554, 'batch_size': 141, 'beta_1': 0.9802443152173298, 'beta_2': 0.986453408854136, 'epsilon': 4.016179943429789e-09, 'hidden_layer_sizes': 161, 'learning_rate_init': 2.9411124760858183e-05, 'tol': 6.763432257190451e-05, 'validation_fraction': 0.35496205834496464}
observation time 0.000005, current best 3064.822926 at iter 6
Failure in optimizer suggest. Falling back to random search.
name 'activ' is not defined
Traceback (most recent call last):
  File "/home/ryedida/.local/lib/python3.9/site-packages/bayesmark/experiment.py", line 126, in run_study
    next_points = optimizer.suggest(n_suggestions)
  File "/home/ryedida/bbo_challenge_starter_kit/example_submissions/smoothness/optimizer.py", line 109, in suggest
    betas = [self._get_smoothness_reg(guess) for guess in guesses]
  File "/home/ryedida/bbo_challenge_starter_kit/example_submissions/smoothness/optimizer.py", line 109, in <listcomp>
    betas = [self._get_smoothness_reg(guess) for guess in guesses]
  File "/home/ryedida/bbo_challenge_starter_kit/example_submissions/smoothness/optimizer.py", line 49, in _get_smoothness_reg
    if activ > Kz:
NameError: name 'activ' is not defined
suggestion time taken 0.458358 iter 7 next_points [{'alpha': 0.0016418884367484922, 'batch_size': 207, 'beta_1': 0.974706565905407, 'beta_2': 0.9999809132269794, 'epsilon': 5.270760892788125e-09, 'hidden_layer_sizes': 102, 'learning_rate_init': 0.01867265013925967, 'tol': 0.046727608371590984, 'validation_fraction': 0.8902168728624259}]
/home/ryedida/.local/lib/python3.9/site-packages/sklearn/neural_network/_multilayer_perceptron.py:605: UserWarning: Got `batch_size` less than 1 or larger than sample size. It is going to be clipped
  warnings.warn(

function_evaluation time 0.055760 value 28049.271363 suggestion {'alpha': 0.0016418884367484922, 'batch_size': 207, 'beta_1': 0.974706565905407, 'beta_2': 0.9999809132269794, 'epsilon': 5.270760892788125e-09, 'hidden_layer_sizes': 102, 'learning_rate_init': 0.01867265013925967, 'tol': 0.046727608371590984, 'validation_fraction': 0.8902168728624259}
observation time 0.000006, current best 3064.822926 at iter 7
Failure in optimizer suggest. Falling back to random search.
name 'activ' is not defined
Traceback (most recent call last):
  File "/home/ryedida/.local/lib/python3.9/site-packages/bayesmark/experiment.py", line 126, in run_study
    next_points = optimizer.suggest(n_suggestions)
  File "/home/ryedida/bbo_challenge_starter_kit/example_submissions/smoothness/optimizer.py", line 109, in suggest
    betas = [self._get_smoothness_reg(guess) for guess in guesses]
  File "/home/ryedida/bbo_challenge_starter_kit/example_submissions/smoothness/optimizer.py", line 109, in <listcomp>
    betas = [self._get_smoothness_reg(guess) for guess in guesses]
  File "/home/ryedida/bbo_challenge_starter_kit/example_submissions/smoothness/optimizer.py", line 49, in _get_smoothness_reg
    if activ > Kz:
NameError: name 'activ' is not defined
suggestion time taken 0.323399 iter 8 next_points [{'alpha': 0.011239099151134186, 'batch_size': 159, 'beta_1': 0.9314179229863169, 'beta_2': 0.9999874196753213, 'epsilon': 5.491533017895335e-07, 'hidden_layer_sizes': 170, 'learning_rate_init': 0.02357736612735011, 'tol': 0.0001281820921329083, 'validation_fraction': 0.12050437608408093}]
function_evaluation time 0.478214 value 3743.841261 suggestion {'alpha': 0.011239099151134186, 'batch_size': 159, 'beta_1': 0.9314179229863169, 'beta_2': 0.9999874196753213, 'epsilon': 5.491533017895335e-07, 'hidden_layer_sizes': 170, 'learning_rate_init': 0.02357736612735011, 'tol': 0.0001281820921329083, 'validation_fraction': 0.12050437608408093}
observation time 0.000006, current best 3064.822926 at iter 8
Failure in optimizer suggest. Falling back to random search.
name 'activ' is not defined
Traceback (most recent call last):
  File "/home/ryedida/.local/lib/python3.9/site-packages/bayesmark/experiment.py", line 126, in run_study
    next_points = optimizer.suggest(n_suggestions)
  File "/home/ryedida/bbo_challenge_starter_kit/example_submissions/smoothness/optimizer.py", line 109, in suggest
    betas = [self._get_smoothness_reg(guess) for guess in guesses]
  File "/home/ryedida/bbo_challenge_starter_kit/example_submissions/smoothness/optimizer.py", line 109, in <listcomp>
    betas = [self._get_smoothness_reg(guess) for guess in guesses]
  File "/home/ryedida/bbo_challenge_starter_kit/example_submissions/smoothness/optimizer.py", line 49, in _get_smoothness_reg
    if activ > Kz:
NameError: name 'activ' is not defined
suggestion time taken 0.322705 iter 9 next_points [{'alpha': 0.00035601066567322696, 'batch_size': 104, 'beta_1': 0.5307945107740981, 'beta_2': 0.9982270430599487, 'epsilon': 1.3064598926802163e-09, 'hidden_layer_sizes': 170, 'learning_rate_init': 0.0008945738559875704, 'tol': 0.0005359258254630783, 'validation_fraction': 0.762123477741943}]
/home/ryedida/.local/lib/python3.9/site-packages/sklearn/neural_network/_multilayer_perceptron.py:605: UserWarning: Got `batch_size` less than 1 or larger than sample size. It is going to be clipped
  warnings.warn(

/home/ryedida/.local/lib/python3.9/site-packages/sklearn/neural_network/_multilayer_perceptron.py:686: ConvergenceWarning: Stochastic Optimizer: Maximum iterations (200) reached and the optimization hasn't converged yet.
  warnings.warn(

function_evaluation time 0.825761 value 27042.786118 suggestion {'alpha': 0.00035601066567322696, 'batch_size': 104, 'beta_1': 0.5307945107740981, 'beta_2': 0.9982270430599487, 'epsilon': 1.3064598926802163e-09, 'hidden_layer_sizes': 170, 'learning_rate_init': 0.0008945738559875704, 'tol': 0.0005359258254630783, 'validation_fraction': 0.762123477741943}
observation time 0.000006, current best 3064.822926 at iter 9
Failure in optimizer suggest. Falling back to random search.
name 'activ' is not defined
Traceback (most recent call last):
  File "/home/ryedida/.local/lib/python3.9/site-packages/bayesmark/experiment.py", line 126, in run_study
    next_points = optimizer.suggest(n_suggestions)
  File "/home/ryedida/bbo_challenge_starter_kit/example_submissions/smoothness/optimizer.py", line 109, in suggest
    betas = [self._get_smoothness_reg(guess) for guess in guesses]
  File "/home/ryedida/bbo_challenge_starter_kit/example_submissions/smoothness/optimizer.py", line 109, in <listcomp>
    betas = [self._get_smoothness_reg(guess) for guess in guesses]
  File "/home/ryedida/bbo_challenge_starter_kit/example_submissions/smoothness/optimizer.py", line 49, in _get_smoothness_reg
    if activ > Kz:
NameError: name 'activ' is not defined
suggestion time taken 0.324801 iter 10 next_points [{'alpha': 0.03442012360208227, 'batch_size': 18, 'beta_1': 0.9797610622067311, 'beta_2': 0.9999341787392428, 'epsilon': 6.878784595143477e-08, 'hidden_layer_sizes': 55, 'learning_rate_init': 0.00013847916564610366, 'tol': 0.0005674872384299708, 'validation_fraction': 0.36222421251811526}]
/home/ryedida/.local/lib/python3.9/site-packages/sklearn/neural_network/_multilayer_perceptron.py:686: ConvergenceWarning: Stochastic Optimizer: Maximum iterations (200) reached and the optimization hasn't converged yet.
  warnings.warn(

function_evaluation time 1.436566 value 27706.896762 suggestion {'alpha': 0.03442012360208227, 'batch_size': 18, 'beta_1': 0.9797610622067311, 'beta_2': 0.9999341787392428, 'epsilon': 6.878784595143477e-08, 'hidden_layer_sizes': 55, 'learning_rate_init': 0.00013847916564610366, 'tol': 0.0005674872384299708, 'validation_fraction': 0.36222421251811526}
observation time 0.000006, current best 3064.822926 at iter 10
Failure in optimizer suggest. Falling back to random search.
name 'activ' is not defined
Traceback (most recent call last):
  File "/home/ryedida/.local/lib/python3.9/site-packages/bayesmark/experiment.py", line 126, in run_study
    next_points = optimizer.suggest(n_suggestions)
  File "/home/ryedida/bbo_challenge_starter_kit/example_submissions/smoothness/optimizer.py", line 109, in suggest
    betas = [self._get_smoothness_reg(guess) for guess in guesses]
  File "/home/ryedida/bbo_challenge_starter_kit/example_submissions/smoothness/optimizer.py", line 109, in <listcomp>
    betas = [self._get_smoothness_reg(guess) for guess in guesses]
  File "/home/ryedida/bbo_challenge_starter_kit/example_submissions/smoothness/optimizer.py", line 49, in _get_smoothness_reg
    if activ > Kz:
NameError: name 'activ' is not defined
suggestion time taken 0.323046 iter 11 next_points [{'alpha': 0.0053942097783545645, 'batch_size': 83, 'beta_1': 0.8482388464687981, 'beta_2': 0.9999852516733382, 'epsilon': 2.161914439341704e-09, 'hidden_layer_sizes': 136, 'learning_rate_init': 1.7211972153630103e-05, 'tol': 0.0019590123943344405, 'validation_fraction': 0.20308909046326554}]
function_evaluation time 0.096221 value 29130.889039 suggestion {'alpha': 0.0053942097783545645, 'batch_size': 83, 'beta_1': 0.8482388464687981, 'beta_2': 0.9999852516733382, 'epsilon': 2.161914439341704e-09, 'hidden_layer_sizes': 136, 'learning_rate_init': 1.7211972153630103e-05, 'tol': 0.0019590123943344405, 'validation_fraction': 0.20308909046326554}
observation time 0.000006, current best 3064.822926 at iter 11
Failure in optimizer suggest. Falling back to random search.
name 'activ' is not defined
Traceback (most recent call last):
  File "/home/ryedida/.local/lib/python3.9/site-packages/bayesmark/experiment.py", line 126, in run_study
    next_points = optimizer.suggest(n_suggestions)
  File "/home/ryedida/bbo_challenge_starter_kit/example_submissions/smoothness/optimizer.py", line 109, in suggest
    betas = [self._get_smoothness_reg(guess) for guess in guesses]
  File "/home/ryedida/bbo_challenge_starter_kit/example_submissions/smoothness/optimizer.py", line 109, in <listcomp>
    betas = [self._get_smoothness_reg(guess) for guess in guesses]
  File "/home/ryedida/bbo_challenge_starter_kit/example_submissions/smoothness/optimizer.py", line 49, in _get_smoothness_reg
    if activ > Kz:
NameError: name 'activ' is not defined
suggestion time taken 0.320356 iter 12 next_points [{'alpha': 0.0002910510847189705, 'batch_size': 53, 'beta_1': 0.9595320200654333, 'beta_2': 0.9774332845675193, 'epsilon': 4.744251451735181e-08, 'hidden_layer_sizes': 121, 'learning_rate_init': 0.014869336201591005, 'tol': 0.0008623647180847409, 'validation_fraction': 0.7135428346643826}]
function_evaluation time 0.337358 value 4161.813027 suggestion {'alpha': 0.0002910510847189705, 'batch_size': 53, 'beta_1': 0.9595320200654333, 'beta_2': 0.9774332845675193, 'epsilon': 4.744251451735181e-08, 'hidden_layer_sizes': 121, 'learning_rate_init': 0.014869336201591005, 'tol': 0.0008623647180847409, 'validation_fraction': 0.7135428346643826}
observation time 0.000009, current best 3064.822926 at iter 12
Failure in optimizer suggest. Falling back to random search.
name 'activ' is not defined
Traceback (most recent call last):
  File "/home/ryedida/.local/lib/python3.9/site-packages/bayesmark/experiment.py", line 126, in run_study
    next_points = optimizer.suggest(n_suggestions)
  File "/home/ryedida/bbo_challenge_starter_kit/example_submissions/smoothness/optimizer.py", line 109, in suggest
    betas = [self._get_smoothness_reg(guess) for guess in guesses]
  File "/home/ryedida/bbo_challenge_starter_kit/example_submissions/smoothness/optimizer.py", line 109, in <listcomp>
    betas = [self._get_smoothness_reg(guess) for guess in guesses]
  File "/home/ryedida/bbo_challenge_starter_kit/example_submissions/smoothness/optimizer.py", line 49, in _get_smoothness_reg
    if activ > Kz:
NameError: name 'activ' is not defined
suggestion time taken 0.330048 iter 13 next_points [{'alpha': 1.1084644006302053, 'batch_size': 23, 'beta_1': 0.6879897190669797, 'beta_2': 0.9999964477905919, 'epsilon': 1.1360026629982667e-08, 'hidden_layer_sizes': 110, 'learning_rate_init': 0.0017026389704366221, 'tol': 0.0007056552682426929, 'validation_fraction': 0.5108440706023701}]
/home/ryedida/.local/lib/python3.9/site-packages/sklearn/neural_network/_multilayer_perceptron.py:686: ConvergenceWarning: Stochastic Optimizer: Maximum iterations (200) reached and the optimization hasn't converged yet.
  warnings.warn(

function_evaluation time 1.824918 value 3738.746247 suggestion {'alpha': 1.1084644006302053, 'batch_size': 23, 'beta_1': 0.6879897190669797, 'beta_2': 0.9999964477905919, 'epsilon': 1.1360026629982667e-08, 'hidden_layer_sizes': 110, 'learning_rate_init': 0.0017026389704366221, 'tol': 0.0007056552682426929, 'validation_fraction': 0.5108440706023701}
observation time 0.000007, current best 3064.822926 at iter 13
Failure in optimizer suggest. Falling back to random search.
name 'activ' is not defined
Traceback (most recent call last):
  File "/home/ryedida/.local/lib/python3.9/site-packages/bayesmark/experiment.py", line 126, in run_study
    next_points = optimizer.suggest(n_suggestions)
  File "/home/ryedida/bbo_challenge_starter_kit/example_submissions/smoothness/optimizer.py", line 109, in suggest
    betas = [self._get_smoothness_reg(guess) for guess in guesses]
  File "/home/ryedida/bbo_challenge_starter_kit/example_submissions/smoothness/optimizer.py", line 109, in <listcomp>
    betas = [self._get_smoothness_reg(guess) for guess in guesses]
  File "/home/ryedida/bbo_challenge_starter_kit/example_submissions/smoothness/optimizer.py", line 49, in _get_smoothness_reg
    if activ > Kz:
NameError: name 'activ' is not defined
suggestion time taken 0.341970 iter 14 next_points [{'alpha': 0.5977987896474002, 'batch_size': 172, 'beta_1': 0.8896994223237548, 'beta_2': 0.9999974821884152, 'epsilon': 3.121542772618449e-07, 'hidden_layer_sizes': 190, 'learning_rate_init': 0.00010256389597091531, 'tol': 0.0003501015507716636, 'validation_fraction': 0.2973240333955761}]
function_evaluation time 0.090996 value 29097.955356 suggestion {'alpha': 0.5977987896474002, 'batch_size': 172, 'beta_1': 0.8896994223237548, 'beta_2': 0.9999974821884152, 'epsilon': 3.121542772618449e-07, 'hidden_layer_sizes': 190, 'learning_rate_init': 0.00010256389597091531, 'tol': 0.0003501015507716636, 'validation_fraction': 0.2973240333955761}
observation time 0.000006, current best 3064.822926 at iter 14
saving meta data: {'args': {'--uuid': 'fcb9837777a75e11847aa2661d77f725', '-db-root': '/home/ryedida/bbo_challenge_starter_kit/output', '--opt-root': '/home/ryedida/bbo_challenge_starter_kit/example_submissions', '--data-root': None, '--db': 'run_20230427_004608', '--opt': 'smoothness', '--data': 'diabetes', '--classifier': 'MLP-adam', '--metric': 'mse', '--calls': 15, '--suggestions': 1, '--jobs-file': None, '--verbose': False, 'dry_run': False, 'rev': 'a376313', 'opt_rev': 'x.x.x'}, 'signature': ([{'alpha': 0.019628224813442792, 'batch_size': 182, 'beta_1': 0.9410202200271762, 'beta_2': 0.9998021557676793, 'epsilon': 1.8662266976518e-08, 'hidden_layer_sizes': 147, 'learning_rate_init': 0.0005627932047415167, 'tol': 0.03690557729213761, 'validation_fraction': 0.8846827852548593}, {'alpha': 0.0019982467392329444, 'batch_size': 200, 'beta_1': 0.919111482530466, 'beta_2': 0.9998488260436156, 'epsilon': 5.981221901152555e-07, 'hidden_layer_sizes': 61, 'learning_rate_init': 2.2310905607443014e-05, 'tol': 1.2046852412030316e-05, 'validation_fraction': 0.8117896445826539}, {'alpha': 0.46659545670218433, 'batch_size': 219, 'beta_1': 0.9889789783750891, 'beta_2': 0.9999896868093284, 'epsilon': 2.4234724484675948e-08, 'hidden_layer_sizes': 167, 'learning_rate_init': 2.972334644335654e-05, 'tol': 0.0036281404040243792, 'validation_fraction': 0.17260651658522078}, {'alpha': 4.656005689076002, 'batch_size': 135, 'beta_1': 0.870503881627747, 'beta_2': 0.9948873266941017, 'epsilon': 2.1023308743480125e-07, 'hidden_layer_sizes': 118, 'learning_rate_init': 0.0018781738757161913, 'tol': 1.1889379831773004e-05, 'validation_fraction': 0.6264327093752792}, {'alpha': 0.04705159350400542, 'batch_size': 158, 'beta_1': 0.9870884262730957, 'beta_2': 0.9999596874382349, 'epsilon': 1.1981845126013875e-08, 'hidden_layer_sizes': 116, 'learning_rate_init': 0.00617340520407431, 'tol': 1.741413418158619e-05, 'validation_fraction': 0.6754299026638921}], [29083.993548572587, 29062.423277324073, 29075.78987471409, 24626.32866834337, 9584.226858493177])}
saving results
saving timing
saving suggest log
done
