running: {'--uuid': 'fa9997aa673751208baab704ce110976', '-db-root': '/home/ryedida/bbo_challenge_starter_kit/output', '--opt-root': '/home/ryedida/bbo_challenge_starter_kit/example_submissions', '--data-root': None, '--db': 'run_20230429_190633', '--opt': 'smoothness', '--data': 'digits', '--classifier': 'MLP-adam', '--metric': 'acc', '--calls': 15, '--suggestions': 1, '--jobs-file': None, '--verbose': False, 'dry_run': False, 'rev': 'a376313', 'opt_rev': 'x.x.x'}
cmd: python smoothness/optimizer.py -c MLP-adam -d digits -o smoothness -u fa9997aa673751208baab704ce110976 -m acc -n 15 -p 1 -dir /home/ryedida/bbo_challenge_starter_kit/output -b run_20230429_190633
/home/ryedida/.local/lib/python3.9/site-packages/sklearn/neural_network/_multilayer_perceptron.py:605: UserWarning: Got `batch_size` less than 1 or larger than sample size. It is going to be clipped
  warnings.warn(

/home/ryedida/.local/lib/python3.9/site-packages/sklearn/neural_network/_multilayer_perceptron.py:686: ConvergenceWarning: Stochastic Optimizer: Maximum iterations (200) reached and the optimization hasn't converged yet.
  warnings.warn(

computed signature: ([{'alpha': 0.019628224813442792, 'batch_size': 182, 'beta_1': 0.9410202200271762, 'beta_2': 0.9998021557676793, 'epsilon': 1.8662266976518e-08, 'hidden_layer_sizes': 147, 'learning_rate_init': 0.0005627932047415167, 'tol': 0.03690557729213761, 'validation_fraction': 0.8846827852548593}, {'alpha': 0.0019982467392329444, 'batch_size': 200, 'beta_1': 0.919111482530466, 'beta_2': 0.9998488260436156, 'epsilon': 5.981221901152555e-07, 'hidden_layer_sizes': 61, 'learning_rate_init': 2.2310905607443014e-05, 'tol': 1.2046852412030316e-05, 'validation_fraction': 0.8117896445826539}, {'alpha': 0.46659545670218433, 'batch_size': 219, 'beta_1': 0.9889789783750891, 'beta_2': 0.9999896868093284, 'epsilon': 2.4234724484675948e-08, 'hidden_layer_sizes': 167, 'learning_rate_init': 2.972334644335654e-05, 'tol': 0.0036281404040243792, 'validation_fraction': 0.17260651658522078}, {'alpha': 4.656005689076002, 'batch_size': 135, 'beta_1': 0.870503881627747, 'beta_2': 0.9948873266941017, 'epsilon': 2.1023308743480125e-07, 'hidden_layer_sizes': 118, 'learning_rate_init': 0.0018781738757161913, 'tol': 1.1889379831773004e-05, 'validation_fraction': 0.6264327093752792}, {'alpha': 0.04705159350400542, 'batch_size': 158, 'beta_1': 0.9870884262730957, 'beta_2': 0.9999596874382349, 'epsilon': 1.1981845126013875e-08, 'hidden_layer_sizes': 116, 'learning_rate_init': 0.00617340520407431, 'tol': 1.741413418158619e-05, 'validation_fraction': 0.6754299026638921}], [-0.21081107239643826, -0.1295489740611692, -0.27999177313201706, -0.9422522260936896, -0.9332050909794812])
/home/ryedida/.local/lib/python3.9/site-packages/bayesmark/signatures.py:85: RuntimeWarning: Signature diverged on MLP-adam_digits_acc betwen [-0.2181506  -0.12954897 -0.42701514 -0.94997127 -0.93320509] and [-0.21081107 -0.11575494 -0.27999177 -0.94225223 -0.93253861]
  warnings.warn(

Signature errors:
                           0         1         2         3         4       max
MLP-adam_digits_acc  0.00734  0.013794  0.147023  0.007719  0.000666  0.147023
max                  0.00734  0.013794  0.147023  0.007719  0.000666  0.147023
starting sklearn study smoothness MLP-adam digits acc 15 1
with data root: None
Failure in optimizer suggest. Falling back to random search.
name 'activ' is not defined
Traceback (most recent call last):
  File "/home/ryedida/.local/lib/python3.9/site-packages/bayesmark/experiment.py", line 126, in run_study
    next_points = optimizer.suggest(n_suggestions)
  File "/home/ryedida/bbo_challenge_starter_kit/example_submissions/smoothness/optimizer.py", line 109, in suggest
    betas = [self._get_smoothness_reg(guess) for guess in guesses]
  File "/home/ryedida/bbo_challenge_starter_kit/example_submissions/smoothness/optimizer.py", line 109, in <listcomp>
    betas = [self._get_smoothness_reg(guess) for guess in guesses]
  File "/home/ryedida/bbo_challenge_starter_kit/example_submissions/smoothness/optimizer.py", line 50, in _get_smoothness_reg
    if activ > Kz:
NameError: name 'activ' is not defined
suggestion time taken 0.504381 iter 0 next_points [{'alpha': 0.33609680074950005, 'batch_size': 77, 'beta_1': 0.8950567398800588, 'beta_2': 0.9867951703734363, 'epsilon': 6.68868719583692e-08, 'hidden_layer_sizes': 104, 'learning_rate_init': 0.0005815722977276861, 'tol': 0.002655998827038677, 'validation_fraction': 0.5988909327660948}]
function_evaluation time 1.438889 value -0.936685 suggestion {'alpha': 0.33609680074950005, 'batch_size': 77, 'beta_1': 0.8950567398800588, 'beta_2': 0.9867951703734363, 'epsilon': 6.68868719583692e-08, 'hidden_layer_sizes': 104, 'learning_rate_init': 0.0005815722977276861, 'tol': 0.002655998827038677, 'validation_fraction': 0.5988909327660948}
observation time 0.000006, current best -0.936685 at iter 0
Failure in optimizer suggest. Falling back to random search.
name 'activ' is not defined
Traceback (most recent call last):
  File "/home/ryedida/.local/lib/python3.9/site-packages/bayesmark/experiment.py", line 126, in run_study
    next_points = optimizer.suggest(n_suggestions)
  File "/home/ryedida/bbo_challenge_starter_kit/example_submissions/smoothness/optimizer.py", line 109, in suggest
    betas = [self._get_smoothness_reg(guess) for guess in guesses]
  File "/home/ryedida/bbo_challenge_starter_kit/example_submissions/smoothness/optimizer.py", line 109, in <listcomp>
    betas = [self._get_smoothness_reg(guess) for guess in guesses]
  File "/home/ryedida/bbo_challenge_starter_kit/example_submissions/smoothness/optimizer.py", line 50, in _get_smoothness_reg
    if activ > Kz:
NameError: name 'activ' is not defined
suggestion time taken 0.331727 iter 1 next_points [{'alpha': 0.00014121929112061543, 'batch_size': 36, 'beta_1': 0.5869312153109186, 'beta_2': 0.9945563401107465, 'epsilon': 2.7218648875641103e-07, 'hidden_layer_sizes': 69, 'learning_rate_init': 5.3971541822257934e-05, 'tol': 0.012116297572913846, 'validation_fraction': 0.5635971715142863}]
function_evaluation time 1.442728 value -0.561810 suggestion {'alpha': 0.00014121929112061543, 'batch_size': 36, 'beta_1': 0.5869312153109186, 'beta_2': 0.9945563401107465, 'epsilon': 2.7218648875641103e-07, 'hidden_layer_sizes': 69, 'learning_rate_init': 5.3971541822257934e-05, 'tol': 0.012116297572913846, 'validation_fraction': 0.5635971715142863}
observation time 0.000006, current best -0.936685 at iter 1
Failure in optimizer suggest. Falling back to random search.
name 'activ' is not defined
Traceback (most recent call last):
  File "/home/ryedida/.local/lib/python3.9/site-packages/bayesmark/experiment.py", line 126, in run_study
    next_points = optimizer.suggest(n_suggestions)
  File "/home/ryedida/bbo_challenge_starter_kit/example_submissions/smoothness/optimizer.py", line 109, in suggest
    betas = [self._get_smoothness_reg(guess) for guess in guesses]
  File "/home/ryedida/bbo_challenge_starter_kit/example_submissions/smoothness/optimizer.py", line 109, in <listcomp>
    betas = [self._get_smoothness_reg(guess) for guess in guesses]
  File "/home/ryedida/bbo_challenge_starter_kit/example_submissions/smoothness/optimizer.py", line 50, in _get_smoothness_reg
    if activ > Kz:
NameError: name 'activ' is not defined
suggestion time taken 0.329325 iter 2 next_points [{'alpha': 4.5211784381081555e-05, 'batch_size': 178, 'beta_1': 0.6092267254809527, 'beta_2': 0.9999988617622197, 'epsilon': 1.6693011618006054e-08, 'hidden_layer_sizes': 156, 'learning_rate_init': 0.0021730948215301464, 'tol': 4.610182124162992e-05, 'validation_fraction': 0.8991313397481545}]
/home/ryedida/.local/lib/python3.9/site-packages/sklearn/neural_network/_multilayer_perceptron.py:605: UserWarning: Got `batch_size` less than 1 or larger than sample size. It is going to be clipped
  warnings.warn(

function_evaluation time 1.429657 value -0.869183 suggestion {'alpha': 4.5211784381081555e-05, 'batch_size': 178, 'beta_1': 0.6092267254809527, 'beta_2': 0.9999988617622197, 'epsilon': 1.6693011618006054e-08, 'hidden_layer_sizes': 156, 'learning_rate_init': 0.0021730948215301464, 'tol': 4.610182124162992e-05, 'validation_fraction': 0.8991313397481545}
observation time 0.000006, current best -0.936685 at iter 2
Failure in optimizer suggest. Falling back to random search.
name 'activ' is not defined
Traceback (most recent call last):
  File "/home/ryedida/.local/lib/python3.9/site-packages/bayesmark/experiment.py", line 126, in run_study
    next_points = optimizer.suggest(n_suggestions)
  File "/home/ryedida/bbo_challenge_starter_kit/example_submissions/smoothness/optimizer.py", line 109, in suggest
    betas = [self._get_smoothness_reg(guess) for guess in guesses]
  File "/home/ryedida/bbo_challenge_starter_kit/example_submissions/smoothness/optimizer.py", line 109, in <listcomp>
    betas = [self._get_smoothness_reg(guess) for guess in guesses]
  File "/home/ryedida/bbo_challenge_starter_kit/example_submissions/smoothness/optimizer.py", line 50, in _get_smoothness_reg
    if activ > Kz:
NameError: name 'activ' is not defined
suggestion time taken 0.332220 iter 3 next_points [{'alpha': 7.237914635631851e-05, 'batch_size': 27, 'beta_1': 0.8871690894623985, 'beta_2': 0.9170251241261522, 'epsilon': 1.3131243885962477e-08, 'hidden_layer_sizes': 89, 'learning_rate_init': 0.0008828784882485763, 'tol': 1.6905848507339167e-05, 'validation_fraction': 0.7876251667231312}]
function_evaluation time 1.871979 value -0.945028 suggestion {'alpha': 7.237914635631851e-05, 'batch_size': 27, 'beta_1': 0.8871690894623985, 'beta_2': 0.9170251241261522, 'epsilon': 1.3131243885962477e-08, 'hidden_layer_sizes': 89, 'learning_rate_init': 0.0008828784882485763, 'tol': 1.6905848507339167e-05, 'validation_fraction': 0.7876251667231312}
observation time 0.000006, current best -0.945028 at iter 3
Failure in optimizer suggest. Falling back to random search.
name 'activ' is not defined
Traceback (most recent call last):
  File "/home/ryedida/.local/lib/python3.9/site-packages/bayesmark/experiment.py", line 126, in run_study
    next_points = optimizer.suggest(n_suggestions)
  File "/home/ryedida/bbo_challenge_starter_kit/example_submissions/smoothness/optimizer.py", line 109, in suggest
    betas = [self._get_smoothness_reg(guess) for guess in guesses]
  File "/home/ryedida/bbo_challenge_starter_kit/example_submissions/smoothness/optimizer.py", line 109, in <listcomp>
    betas = [self._get_smoothness_reg(guess) for guess in guesses]
  File "/home/ryedida/bbo_challenge_starter_kit/example_submissions/smoothness/optimizer.py", line 50, in _get_smoothness_reg
    if activ > Kz:
NameError: name 'activ' is not defined
suggestion time taken 0.330801 iter 4 next_points [{'alpha': 0.6980256300706533, 'batch_size': 172, 'beta_1': 0.9893294198243788, 'beta_2': 0.997354823455789, 'epsilon': 5.590306624391906e-08, 'hidden_layer_sizes': 129, 'learning_rate_init': 0.0005557164324468495, 'tol': 0.00501237521780015, 'validation_fraction': 0.13100827150849564}]
function_evaluation time 1.429420 value -0.941570 suggestion {'alpha': 0.6980256300706533, 'batch_size': 172, 'beta_1': 0.9893294198243788, 'beta_2': 0.997354823455789, 'epsilon': 5.590306624391906e-08, 'hidden_layer_sizes': 129, 'learning_rate_init': 0.0005557164324468495, 'tol': 0.00501237521780015, 'validation_fraction': 0.13100827150849564}
observation time 0.000006, current best -0.945028 at iter 4
Failure in optimizer suggest. Falling back to random search.
name 'activ' is not defined
Traceback (most recent call last):
  File "/home/ryedida/.local/lib/python3.9/site-packages/bayesmark/experiment.py", line 126, in run_study
    next_points = optimizer.suggest(n_suggestions)
  File "/home/ryedida/bbo_challenge_starter_kit/example_submissions/smoothness/optimizer.py", line 109, in suggest
    betas = [self._get_smoothness_reg(guess) for guess in guesses]
  File "/home/ryedida/bbo_challenge_starter_kit/example_submissions/smoothness/optimizer.py", line 109, in <listcomp>
    betas = [self._get_smoothness_reg(guess) for guess in guesses]
  File "/home/ryedida/bbo_challenge_starter_kit/example_submissions/smoothness/optimizer.py", line 50, in _get_smoothness_reg
    if activ > Kz:
NameError: name 'activ' is not defined
suggestion time taken 0.340194 iter 5 next_points [{'alpha': 0.0057048145261024445, 'batch_size': 87, 'beta_1': 0.596191592520685, 'beta_2': 0.9995976328116641, 'epsilon': 5.8366654122545773e-08, 'hidden_layer_sizes': 113, 'learning_rate_init': 0.021278619595153044, 'tol': 0.0023952962243752184, 'validation_fraction': 0.8882264498274464}]
function_evaluation time 0.398725 value -0.868486 suggestion {'alpha': 0.0057048145261024445, 'batch_size': 87, 'beta_1': 0.596191592520685, 'beta_2': 0.9995976328116641, 'epsilon': 5.8366654122545773e-08, 'hidden_layer_sizes': 113, 'learning_rate_init': 0.021278619595153044, 'tol': 0.0023952962243752184, 'validation_fraction': 0.8882264498274464}
observation time 0.000006, current best -0.945028 at iter 5
Failure in optimizer suggest. Falling back to random search.
name 'activ' is not defined
Traceback (most recent call last):
  File "/home/ryedida/.local/lib/python3.9/site-packages/bayesmark/experiment.py", line 126, in run_study
    next_points = optimizer.suggest(n_suggestions)
  File "/home/ryedida/bbo_challenge_starter_kit/example_submissions/smoothness/optimizer.py", line 109, in suggest
    betas = [self._get_smoothness_reg(guess) for guess in guesses]
  File "/home/ryedida/bbo_challenge_starter_kit/example_submissions/smoothness/optimizer.py", line 109, in <listcomp>
    betas = [self._get_smoothness_reg(guess) for guess in guesses]
  File "/home/ryedida/bbo_challenge_starter_kit/example_submissions/smoothness/optimizer.py", line 50, in _get_smoothness_reg
    if activ > Kz:
NameError: name 'activ' is not defined
suggestion time taken 0.328949 iter 6 next_points [{'alpha': 0.001375084048698117, 'batch_size': 115, 'beta_1': 0.7635021299765128, 'beta_2': 0.9935295193006791, 'epsilon': 1.0323668504561558e-09, 'hidden_layer_sizes': 84, 'learning_rate_init': 0.04497870283149474, 'tol': 0.0024617770201099355, 'validation_fraction': 0.21975902233637754}]
function_evaluation time 0.803942 value -0.952671 suggestion {'alpha': 0.001375084048698117, 'batch_size': 115, 'beta_1': 0.7635021299765128, 'beta_2': 0.9935295193006791, 'epsilon': 1.0323668504561558e-09, 'hidden_layer_sizes': 84, 'learning_rate_init': 0.04497870283149474, 'tol': 0.0024617770201099355, 'validation_fraction': 0.21975902233637754}
observation time 0.000006, current best -0.952671 at iter 6
Failure in optimizer suggest. Falling back to random search.
name 'activ' is not defined
Traceback (most recent call last):
  File "/home/ryedida/.local/lib/python3.9/site-packages/bayesmark/experiment.py", line 126, in run_study
    next_points = optimizer.suggest(n_suggestions)
  File "/home/ryedida/bbo_challenge_starter_kit/example_submissions/smoothness/optimizer.py", line 109, in suggest
    betas = [self._get_smoothness_reg(guess) for guess in guesses]
  File "/home/ryedida/bbo_challenge_starter_kit/example_submissions/smoothness/optimizer.py", line 109, in <listcomp>
    betas = [self._get_smoothness_reg(guess) for guess in guesses]
  File "/home/ryedida/bbo_challenge_starter_kit/example_submissions/smoothness/optimizer.py", line 50, in _get_smoothness_reg
    if activ > Kz:
NameError: name 'activ' is not defined
suggestion time taken 0.460851 iter 7 next_points [{'alpha': 0.02352410279273579, 'batch_size': 69, 'beta_1': 0.9578460365077903, 'beta_2': 0.9932207395463529, 'epsilon': 1.014635402338502e-09, 'hidden_layer_sizes': 181, 'learning_rate_init': 0.0016419313550878236, 'tol': 0.04139375912141674, 'validation_fraction': 0.7739291248439889}]
function_evaluation time 0.404987 value -0.903291 suggestion {'alpha': 0.02352410279273579, 'batch_size': 69, 'beta_1': 0.9578460365077903, 'beta_2': 0.9932207395463529, 'epsilon': 1.014635402338502e-09, 'hidden_layer_sizes': 181, 'learning_rate_init': 0.0016419313550878236, 'tol': 0.04139375912141674, 'validation_fraction': 0.7739291248439889}
observation time 0.000007, current best -0.952671 at iter 7
Failure in optimizer suggest. Falling back to random search.
name 'activ' is not defined
Traceback (most recent call last):
  File "/home/ryedida/.local/lib/python3.9/site-packages/bayesmark/experiment.py", line 126, in run_study
    next_points = optimizer.suggest(n_suggestions)
  File "/home/ryedida/bbo_challenge_starter_kit/example_submissions/smoothness/optimizer.py", line 109, in suggest
    betas = [self._get_smoothness_reg(guess) for guess in guesses]
  File "/home/ryedida/bbo_challenge_starter_kit/example_submissions/smoothness/optimizer.py", line 109, in <listcomp>
    betas = [self._get_smoothness_reg(guess) for guess in guesses]
  File "/home/ryedida/bbo_challenge_starter_kit/example_submissions/smoothness/optimizer.py", line 50, in _get_smoothness_reg
    if activ > Kz:
NameError: name 'activ' is not defined
suggestion time taken 0.326636 iter 8 next_points [{'alpha': 0.07124459373098105, 'batch_size': 118, 'beta_1': 0.9730399287747268, 'beta_2': 0.9997061769248665, 'epsilon': 4.885688712185807e-07, 'hidden_layer_sizes': 121, 'learning_rate_init': 2.3739431325739093e-05, 'tol': 2.7075309529302574e-05, 'validation_fraction': 0.1268688385310738}]
function_evaluation time 4.147615 value -0.517908 suggestion {'alpha': 0.07124459373098105, 'batch_size': 118, 'beta_1': 0.9730399287747268, 'beta_2': 0.9997061769248665, 'epsilon': 4.885688712185807e-07, 'hidden_layer_sizes': 121, 'learning_rate_init': 2.3739431325739093e-05, 'tol': 2.7075309529302574e-05, 'validation_fraction': 0.1268688385310738}
observation time 0.000006, current best -0.952671 at iter 8
Failure in optimizer suggest. Falling back to random search.
name 'activ' is not defined
Traceback (most recent call last):
  File "/home/ryedida/.local/lib/python3.9/site-packages/bayesmark/experiment.py", line 126, in run_study
    next_points = optimizer.suggest(n_suggestions)
  File "/home/ryedida/bbo_challenge_starter_kit/example_submissions/smoothness/optimizer.py", line 109, in suggest
    betas = [self._get_smoothness_reg(guess) for guess in guesses]
  File "/home/ryedida/bbo_challenge_starter_kit/example_submissions/smoothness/optimizer.py", line 109, in <listcomp>
    betas = [self._get_smoothness_reg(guess) for guess in guesses]
  File "/home/ryedida/bbo_challenge_starter_kit/example_submissions/smoothness/optimizer.py", line 50, in _get_smoothness_reg
    if activ > Kz:
NameError: name 'activ' is not defined
suggestion time taken 0.321223 iter 9 next_points [{'alpha': 0.00021022481802690296, 'batch_size': 241, 'beta_1': 0.9247026469383387, 'beta_2': 0.9998315742368671, 'epsilon': 1.743584617270752e-09, 'hidden_layer_sizes': 57, 'learning_rate_init': 0.003088207164092195, 'tol': 0.00025214100756089944, 'validation_fraction': 0.5301025424895112}]
function_evaluation time 0.950460 value -0.928320 suggestion {'alpha': 0.00021022481802690296, 'batch_size': 241, 'beta_1': 0.9247026469383387, 'beta_2': 0.9998315742368671, 'epsilon': 1.743584617270752e-09, 'hidden_layer_sizes': 57, 'learning_rate_init': 0.003088207164092195, 'tol': 0.00025214100756089944, 'validation_fraction': 0.5301025424895112}
observation time 0.000005, current best -0.952671 at iter 9
Failure in optimizer suggest. Falling back to random search.
name 'activ' is not defined
Traceback (most recent call last):
  File "/home/ryedida/.local/lib/python3.9/site-packages/bayesmark/experiment.py", line 126, in run_study
    next_points = optimizer.suggest(n_suggestions)
  File "/home/ryedida/bbo_challenge_starter_kit/example_submissions/smoothness/optimizer.py", line 109, in suggest
    betas = [self._get_smoothness_reg(guess) for guess in guesses]
  File "/home/ryedida/bbo_challenge_starter_kit/example_submissions/smoothness/optimizer.py", line 109, in <listcomp>
    betas = [self._get_smoothness_reg(guess) for guess in guesses]
  File "/home/ryedida/bbo_challenge_starter_kit/example_submissions/smoothness/optimizer.py", line 50, in _get_smoothness_reg
    if activ > Kz:
NameError: name 'activ' is not defined
suggestion time taken 0.319732 iter 10 next_points [{'alpha': 0.5495337471684686, 'batch_size': 219, 'beta_1': 0.7570487664853245, 'beta_2': 0.9999932615091612, 'epsilon': 2.0045089924364202e-07, 'hidden_layer_sizes': 87, 'learning_rate_init': 0.021158530698083967, 'tol': 4.0234776346907484e-05, 'validation_fraction': 0.8120288610575263}]
function_evaluation time 0.633051 value -0.926241 suggestion {'alpha': 0.5495337471684686, 'batch_size': 219, 'beta_1': 0.7570487664853245, 'beta_2': 0.9999932615091612, 'epsilon': 2.0045089924364202e-07, 'hidden_layer_sizes': 87, 'learning_rate_init': 0.021158530698083967, 'tol': 4.0234776346907484e-05, 'validation_fraction': 0.8120288610575263}
observation time 0.000006, current best -0.952671 at iter 10
Failure in optimizer suggest. Falling back to random search.
name 'activ' is not defined
Traceback (most recent call last):
  File "/home/ryedida/.local/lib/python3.9/site-packages/bayesmark/experiment.py", line 126, in run_study
    next_points = optimizer.suggest(n_suggestions)
  File "/home/ryedida/bbo_challenge_starter_kit/example_submissions/smoothness/optimizer.py", line 109, in suggest
    betas = [self._get_smoothness_reg(guess) for guess in guesses]
  File "/home/ryedida/bbo_challenge_starter_kit/example_submissions/smoothness/optimizer.py", line 109, in <listcomp>
    betas = [self._get_smoothness_reg(guess) for guess in guesses]
  File "/home/ryedida/bbo_challenge_starter_kit/example_submissions/smoothness/optimizer.py", line 50, in _get_smoothness_reg
    if activ > Kz:
NameError: name 'activ' is not defined
suggestion time taken 0.320640 iter 11 next_points [{'alpha': 0.0017767717910196696, 'batch_size': 242, 'beta_1': 0.9462479607199086, 'beta_2': 0.9813600449190061, 'epsilon': 9.648797985924947e-07, 'hidden_layer_sizes': 113, 'learning_rate_init': 0.0007489979486686501, 'tol': 1.7969127754097334e-05, 'validation_fraction': 0.2097647264604839}]
function_evaluation time 1.485591 value -0.942235 suggestion {'alpha': 0.0017767717910196696, 'batch_size': 242, 'beta_1': 0.9462479607199086, 'beta_2': 0.9813600449190061, 'epsilon': 9.648797985924947e-07, 'hidden_layer_sizes': 113, 'learning_rate_init': 0.0007489979486686501, 'tol': 1.7969127754097334e-05, 'validation_fraction': 0.2097647264604839}
observation time 0.000007, current best -0.952671 at iter 11
Failure in optimizer suggest. Falling back to random search.
name 'activ' is not defined
Traceback (most recent call last):
  File "/home/ryedida/.local/lib/python3.9/site-packages/bayesmark/experiment.py", line 126, in run_study
    next_points = optimizer.suggest(n_suggestions)
  File "/home/ryedida/bbo_challenge_starter_kit/example_submissions/smoothness/optimizer.py", line 109, in suggest
    betas = [self._get_smoothness_reg(guess) for guess in guesses]
  File "/home/ryedida/bbo_challenge_starter_kit/example_submissions/smoothness/optimizer.py", line 109, in <listcomp>
    betas = [self._get_smoothness_reg(guess) for guess in guesses]
  File "/home/ryedida/bbo_challenge_starter_kit/example_submissions/smoothness/optimizer.py", line 50, in _get_smoothness_reg
    if activ > Kz:
NameError: name 'activ' is not defined
suggestion time taken 0.322710 iter 12 next_points [{'alpha': 0.0025411592741774844, 'batch_size': 141, 'beta_1': 0.9452822217899979, 'beta_2': 0.9925111811654388, 'epsilon': 1.6537818634142592e-08, 'hidden_layer_sizes': 102, 'learning_rate_init': 0.0002794913299789988, 'tol': 0.00010204918109466381, 'validation_fraction': 0.3261741229357731}]
function_evaluation time 2.421117 value -0.944333 suggestion {'alpha': 0.0025411592741774844, 'batch_size': 141, 'beta_1': 0.9452822217899979, 'beta_2': 0.9925111811654388, 'epsilon': 1.6537818634142592e-08, 'hidden_layer_sizes': 102, 'learning_rate_init': 0.0002794913299789988, 'tol': 0.00010204918109466381, 'validation_fraction': 0.3261741229357731}
observation time 0.000007, current best -0.952671 at iter 12
Failure in optimizer suggest. Falling back to random search.
name 'activ' is not defined
Traceback (most recent call last):
  File "/home/ryedida/.local/lib/python3.9/site-packages/bayesmark/experiment.py", line 126, in run_study
    next_points = optimizer.suggest(n_suggestions)
  File "/home/ryedida/bbo_challenge_starter_kit/example_submissions/smoothness/optimizer.py", line 109, in suggest
    betas = [self._get_smoothness_reg(guess) for guess in guesses]
  File "/home/ryedida/bbo_challenge_starter_kit/example_submissions/smoothness/optimizer.py", line 109, in <listcomp>
    betas = [self._get_smoothness_reg(guess) for guess in guesses]
  File "/home/ryedida/bbo_challenge_starter_kit/example_submissions/smoothness/optimizer.py", line 50, in _get_smoothness_reg
    if activ > Kz:
NameError: name 'activ' is not defined
suggestion time taken 0.323184 iter 13 next_points [{'alpha': 6.999337517029806, 'batch_size': 27, 'beta_1': 0.9137332696856239, 'beta_2': 0.9999989314508579, 'epsilon': 1.2494633937140776e-08, 'hidden_layer_sizes': 86, 'learning_rate_init': 0.07100168420432189, 'tol': 0.00036552485454655444, 'validation_fraction': 0.8904278440603699}]
function_evaluation time 0.607952 value -0.885163 suggestion {'alpha': 6.999337517029806, 'batch_size': 27, 'beta_1': 0.9137332696856239, 'beta_2': 0.9999989314508579, 'epsilon': 1.2494633937140776e-08, 'hidden_layer_sizes': 86, 'learning_rate_init': 0.07100168420432189, 'tol': 0.00036552485454655444, 'validation_fraction': 0.8904278440603699}
observation time 0.000006, current best -0.952671 at iter 13
Failure in optimizer suggest. Falling back to random search.
name 'activ' is not defined
Traceback (most recent call last):
  File "/home/ryedida/.local/lib/python3.9/site-packages/bayesmark/experiment.py", line 126, in run_study
    next_points = optimizer.suggest(n_suggestions)
  File "/home/ryedida/bbo_challenge_starter_kit/example_submissions/smoothness/optimizer.py", line 109, in suggest
    betas = [self._get_smoothness_reg(guess) for guess in guesses]
  File "/home/ryedida/bbo_challenge_starter_kit/example_submissions/smoothness/optimizer.py", line 109, in <listcomp>
    betas = [self._get_smoothness_reg(guess) for guess in guesses]
  File "/home/ryedida/bbo_challenge_starter_kit/example_submissions/smoothness/optimizer.py", line 50, in _get_smoothness_reg
    if activ > Kz:
NameError: name 'activ' is not defined
suggestion time taken 0.322700 iter 14 next_points [{'alpha': 3.289883292179983e-05, 'batch_size': 176, 'beta_1': 0.7805807229647185, 'beta_2': 0.9661222321259864, 'epsilon': 2.076830328091652e-09, 'hidden_layer_sizes': 90, 'learning_rate_init': 0.0001593609576511538, 'tol': 1.8818631913966424e-05, 'validation_fraction': 0.5512120975774798}]
/home/ryedida/.local/lib/python3.9/site-packages/sklearn/neural_network/_multilayer_perceptron.py:686: ConvergenceWarning: Stochastic Optimizer: Maximum iterations (200) reached and the optimization hasn't converged yet.
  warnings.warn(

function_evaluation time 3.157456 value -0.922759 suggestion {'alpha': 3.289883292179983e-05, 'batch_size': 176, 'beta_1': 0.7805807229647185, 'beta_2': 0.9661222321259864, 'epsilon': 2.076830328091652e-09, 'hidden_layer_sizes': 90, 'learning_rate_init': 0.0001593609576511538, 'tol': 1.8818631913966424e-05, 'validation_fraction': 0.5512120975774798}
observation time 0.000006, current best -0.952671 at iter 14
saving meta data: {'args': {'--uuid': 'fa9997aa673751208baab704ce110976', '-db-root': '/home/ryedida/bbo_challenge_starter_kit/output', '--opt-root': '/home/ryedida/bbo_challenge_starter_kit/example_submissions', '--data-root': None, '--db': 'run_20230429_190633', '--opt': 'smoothness', '--data': 'digits', '--classifier': 'MLP-adam', '--metric': 'acc', '--calls': 15, '--suggestions': 1, '--jobs-file': None, '--verbose': False, 'dry_run': False, 'rev': 'a376313', 'opt_rev': 'x.x.x'}, 'signature': ([{'alpha': 0.019628224813442792, 'batch_size': 182, 'beta_1': 0.9410202200271762, 'beta_2': 0.9998021557676793, 'epsilon': 1.8662266976518e-08, 'hidden_layer_sizes': 147, 'learning_rate_init': 0.0005627932047415167, 'tol': 0.03690557729213761, 'validation_fraction': 0.8846827852548593}, {'alpha': 0.0019982467392329444, 'batch_size': 200, 'beta_1': 0.919111482530466, 'beta_2': 0.9998488260436156, 'epsilon': 5.981221901152555e-07, 'hidden_layer_sizes': 61, 'learning_rate_init': 2.2310905607443014e-05, 'tol': 1.2046852412030316e-05, 'validation_fraction': 0.8117896445826539}, {'alpha': 0.46659545670218433, 'batch_size': 219, 'beta_1': 0.9889789783750891, 'beta_2': 0.9999896868093284, 'epsilon': 2.4234724484675948e-08, 'hidden_layer_sizes': 167, 'learning_rate_init': 2.972334644335654e-05, 'tol': 0.0036281404040243792, 'validation_fraction': 0.17260651658522078}, {'alpha': 4.656005689076002, 'batch_size': 135, 'beta_1': 0.870503881627747, 'beta_2': 0.9948873266941017, 'epsilon': 2.1023308743480125e-07, 'hidden_layer_sizes': 118, 'learning_rate_init': 0.0018781738757161913, 'tol': 1.1889379831773004e-05, 'validation_fraction': 0.6264327093752792}, {'alpha': 0.04705159350400542, 'batch_size': 158, 'beta_1': 0.9870884262730957, 'beta_2': 0.9999596874382349, 'epsilon': 1.1981845126013875e-08, 'hidden_layer_sizes': 116, 'learning_rate_init': 0.00617340520407431, 'tol': 1.741413418158619e-05, 'validation_fraction': 0.6754299026638921}], [-0.21081107239643826, -0.1295489740611692, -0.27999177313201706, -0.9422522260936896, -0.9332050909794812])}
saving results
saving timing
saving suggest log
done
