running: {'--uuid': '8474fed9174c5d83a835290e57a32b31', '-db-root': '/home/ryedida/bbo_challenge_starter_kit/output', '--opt-root': '/home/ryedida/bbo_challenge_starter_kit/example_submissions', '--data-root': None, '--db': 'run_20230429_190633', '--opt': 'smoothness', '--data': 'digits', '--classifier': 'MLP-adam', '--metric': 'nll', '--calls': 15, '--suggestions': 1, '--jobs-file': None, '--verbose': False, 'dry_run': False, 'rev': 'a376313', 'opt_rev': 'x.x.x'}
cmd: python smoothness/optimizer.py -c MLP-adam -d digits -o smoothness -u 8474fed9174c5d83a835290e57a32b31 -m nll -n 15 -p 1 -dir /home/ryedida/bbo_challenge_starter_kit/output -b run_20230429_190633
/home/ryedida/.local/lib/python3.9/site-packages/sklearn/neural_network/_multilayer_perceptron.py:605: UserWarning: Got `batch_size` less than 1 or larger than sample size. It is going to be clipped
  warnings.warn(

/home/ryedida/.local/lib/python3.9/site-packages/sklearn/neural_network/_multilayer_perceptron.py:686: ConvergenceWarning: Stochastic Optimizer: Maximum iterations (200) reached and the optimization hasn't converged yet.
  warnings.warn(

computed signature: ([{'alpha': 0.019628224813442792, 'batch_size': 182, 'beta_1': 0.9410202200271762, 'beta_2': 0.9998021557676793, 'epsilon': 1.8662266976518e-08, 'hidden_layer_sizes': 147, 'learning_rate_init': 0.0005627932047415167, 'tol': 0.03690557729213761, 'validation_fraction': 0.8846827852548593}, {'alpha': 0.0019982467392329444, 'batch_size': 200, 'beta_1': 0.919111482530466, 'beta_2': 0.9998488260436156, 'epsilon': 5.981221901152555e-07, 'hidden_layer_sizes': 61, 'learning_rate_init': 2.2310905607443014e-05, 'tol': 1.2046852412030316e-05, 'validation_fraction': 0.8117896445826539}, {'alpha': 0.46659545670218433, 'batch_size': 219, 'beta_1': 0.9889789783750891, 'beta_2': 0.9999896868093284, 'epsilon': 2.4234724484675948e-08, 'hidden_layer_sizes': 167, 'learning_rate_init': 2.972334644335654e-05, 'tol': 0.0036281404040243792, 'validation_fraction': 0.17260651658522078}, {'alpha': 4.656005689076002, 'batch_size': 135, 'beta_1': 0.870503881627747, 'beta_2': 0.9948873266941017, 'epsilon': 2.1023308743480125e-07, 'hidden_layer_sizes': 118, 'learning_rate_init': 0.0018781738757161913, 'tol': 1.1889379831773004e-05, 'validation_fraction': 0.6264327093752792}, {'alpha': 0.04705159350400542, 'batch_size': 158, 'beta_1': 0.9870884262730957, 'beta_2': 0.9999596874382349, 'epsilon': 1.1981845126013875e-08, 'hidden_layer_sizes': 116, 'learning_rate_init': 0.00617340520407431, 'tol': 1.741413418158619e-05, 'validation_fraction': 0.6754299026638921}], [4.8709522768835765, 9.712622772033223, 5.950791832993735, 0.19438427080405424, 0.251902166999456])
/home/ryedida/.local/lib/python3.9/site-packages/bayesmark/signatures.py:85: RuntimeWarning: Signature diverged on MLP-adam_digits_nll betwen [4.71022664 9.71262277 5.92543888 0.18972466 0.25190217] and [ 4.87095228 10.02890359  5.95079183  0.19438427  0.26094505]
  warnings.warn(

Signature errors:
                            0         1         2        3         4       max
MLP-adam_digits_nll  0.160726  0.316281  0.025353  0.00466  0.009043  0.316281
max                  0.160726  0.316281  0.025353  0.00466  0.009043  0.316281
starting sklearn study smoothness MLP-adam digits nll 15 1
with data root: None
Failure in optimizer suggest. Falling back to random search.
name 'activ' is not defined
Traceback (most recent call last):
  File "/home/ryedida/.local/lib/python3.9/site-packages/bayesmark/experiment.py", line 126, in run_study
    next_points = optimizer.suggest(n_suggestions)
  File "/home/ryedida/bbo_challenge_starter_kit/example_submissions/smoothness/optimizer.py", line 109, in suggest
    betas = [self._get_smoothness_reg(guess) for guess in guesses]
  File "/home/ryedida/bbo_challenge_starter_kit/example_submissions/smoothness/optimizer.py", line 109, in <listcomp>
    betas = [self._get_smoothness_reg(guess) for guess in guesses]
  File "/home/ryedida/bbo_challenge_starter_kit/example_submissions/smoothness/optimizer.py", line 50, in _get_smoothness_reg
    if activ > Kz:
NameError: name 'activ' is not defined
suggestion time taken 0.500930 iter 0 next_points [{'alpha': 0.10081673808200588, 'batch_size': 50, 'beta_1': 0.9791812526621474, 'beta_2': 0.9987826949233549, 'epsilon': 7.16006917729473e-09, 'hidden_layer_sizes': 128, 'learning_rate_init': 0.0003606459005116118, 'tol': 0.0020039083936059503, 'validation_fraction': 0.5426967765261579}]
function_evaluation time 1.957696 value 0.239155 suggestion {'alpha': 0.10081673808200588, 'batch_size': 50, 'beta_1': 0.9791812526621474, 'beta_2': 0.9987826949233549, 'epsilon': 7.16006917729473e-09, 'hidden_layer_sizes': 128, 'learning_rate_init': 0.0003606459005116118, 'tol': 0.0020039083936059503, 'validation_fraction': 0.5426967765261579}
observation time 0.000007, current best 0.239155 at iter 0
Failure in optimizer suggest. Falling back to random search.
name 'activ' is not defined
Traceback (most recent call last):
  File "/home/ryedida/.local/lib/python3.9/site-packages/bayesmark/experiment.py", line 126, in run_study
    next_points = optimizer.suggest(n_suggestions)
  File "/home/ryedida/bbo_challenge_starter_kit/example_submissions/smoothness/optimizer.py", line 109, in suggest
    betas = [self._get_smoothness_reg(guess) for guess in guesses]
  File "/home/ryedida/bbo_challenge_starter_kit/example_submissions/smoothness/optimizer.py", line 109, in <listcomp>
    betas = [self._get_smoothness_reg(guess) for guess in guesses]
  File "/home/ryedida/bbo_challenge_starter_kit/example_submissions/smoothness/optimizer.py", line 50, in _get_smoothness_reg
    if activ > Kz:
NameError: name 'activ' is not defined
suggestion time taken 0.331572 iter 1 next_points [{'alpha': 2.4797060295741178e-05, 'batch_size': 31, 'beta_1': 0.9711395703779051, 'beta_2': 0.9439655963665607, 'epsilon': 5.7594699154570444e-08, 'hidden_layer_sizes': 80, 'learning_rate_init': 0.0013031188458501935, 'tol': 4.555663812677946e-05, 'validation_fraction': 0.17087426186663743}]
function_evaluation time 1.889452 value 0.105765 suggestion {'alpha': 2.4797060295741178e-05, 'batch_size': 31, 'beta_1': 0.9711395703779051, 'beta_2': 0.9439655963665607, 'epsilon': 5.7594699154570444e-08, 'hidden_layer_sizes': 80, 'learning_rate_init': 0.0013031188458501935, 'tol': 4.555663812677946e-05, 'validation_fraction': 0.17087426186663743}
observation time 0.000006, current best 0.105765 at iter 1
Failure in optimizer suggest. Falling back to random search.
name 'activ' is not defined
Traceback (most recent call last):
  File "/home/ryedida/.local/lib/python3.9/site-packages/bayesmark/experiment.py", line 126, in run_study
    next_points = optimizer.suggest(n_suggestions)
  File "/home/ryedida/bbo_challenge_starter_kit/example_submissions/smoothness/optimizer.py", line 109, in suggest
    betas = [self._get_smoothness_reg(guess) for guess in guesses]
  File "/home/ryedida/bbo_challenge_starter_kit/example_submissions/smoothness/optimizer.py", line 109, in <listcomp>
    betas = [self._get_smoothness_reg(guess) for guess in guesses]
  File "/home/ryedida/bbo_challenge_starter_kit/example_submissions/smoothness/optimizer.py", line 50, in _get_smoothness_reg
    if activ > Kz:
NameError: name 'activ' is not defined
suggestion time taken 0.332403 iter 2 next_points [{'alpha': 6.716975451516064, 'batch_size': 153, 'beta_1': 0.8227990871468217, 'beta_2': 0.9999975418547342, 'epsilon': 1.8738347678018101e-07, 'hidden_layer_sizes': 139, 'learning_rate_init': 0.017985342982468795, 'tol': 0.003207295790975907, 'validation_fraction': 0.5619708065025968}]
function_evaluation time 0.608368 value 0.190089 suggestion {'alpha': 6.716975451516064, 'batch_size': 153, 'beta_1': 0.8227990871468217, 'beta_2': 0.9999975418547342, 'epsilon': 1.8738347678018101e-07, 'hidden_layer_sizes': 139, 'learning_rate_init': 0.017985342982468795, 'tol': 0.003207295790975907, 'validation_fraction': 0.5619708065025968}
observation time 0.000007, current best 0.105765 at iter 2
Failure in optimizer suggest. Falling back to random search.
name 'activ' is not defined
Traceback (most recent call last):
  File "/home/ryedida/.local/lib/python3.9/site-packages/bayesmark/experiment.py", line 126, in run_study
    next_points = optimizer.suggest(n_suggestions)
  File "/home/ryedida/bbo_challenge_starter_kit/example_submissions/smoothness/optimizer.py", line 109, in suggest
    betas = [self._get_smoothness_reg(guess) for guess in guesses]
  File "/home/ryedida/bbo_challenge_starter_kit/example_submissions/smoothness/optimizer.py", line 109, in <listcomp>
    betas = [self._get_smoothness_reg(guess) for guess in guesses]
  File "/home/ryedida/bbo_challenge_starter_kit/example_submissions/smoothness/optimizer.py", line 50, in _get_smoothness_reg
    if activ > Kz:
NameError: name 'activ' is not defined
suggestion time taken 0.326091 iter 3 next_points [{'alpha': 0.06521543022526816, 'batch_size': 194, 'beta_1': 0.5924155058597054, 'beta_2': 0.9991700092549453, 'epsilon': 6.703850393858154e-07, 'hidden_layer_sizes': 80, 'learning_rate_init': 0.00179890275779184, 'tol': 4.955920984727243e-05, 'validation_fraction': 0.49033847800536495}]
function_evaluation time 1.321581 value 0.202134 suggestion {'alpha': 0.06521543022526816, 'batch_size': 194, 'beta_1': 0.5924155058597054, 'beta_2': 0.9991700092549453, 'epsilon': 6.703850393858154e-07, 'hidden_layer_sizes': 80, 'learning_rate_init': 0.00179890275779184, 'tol': 4.955920984727243e-05, 'validation_fraction': 0.49033847800536495}
observation time 0.000007, current best 0.105765 at iter 3
Failure in optimizer suggest. Falling back to random search.
name 'activ' is not defined
Traceback (most recent call last):
  File "/home/ryedida/.local/lib/python3.9/site-packages/bayesmark/experiment.py", line 126, in run_study
    next_points = optimizer.suggest(n_suggestions)
  File "/home/ryedida/bbo_challenge_starter_kit/example_submissions/smoothness/optimizer.py", line 109, in suggest
    betas = [self._get_smoothness_reg(guess) for guess in guesses]
  File "/home/ryedida/bbo_challenge_starter_kit/example_submissions/smoothness/optimizer.py", line 109, in <listcomp>
    betas = [self._get_smoothness_reg(guess) for guess in guesses]
  File "/home/ryedida/bbo_challenge_starter_kit/example_submissions/smoothness/optimizer.py", line 50, in _get_smoothness_reg
    if activ > Kz:
NameError: name 'activ' is not defined
suggestion time taken 0.341973 iter 4 next_points [{'alpha': 0.5428837284944487, 'batch_size': 37, 'beta_1': 0.8356717435869068, 'beta_2': 0.9956960238736675, 'epsilon': 1.443590095285246e-07, 'hidden_layer_sizes': 82, 'learning_rate_init': 0.0018791850418647786, 'tol': 0.00028083340083928345, 'validation_fraction': 0.34519122385458567}]
function_evaluation time 1.952564 value 0.110872 suggestion {'alpha': 0.5428837284944487, 'batch_size': 37, 'beta_1': 0.8356717435869068, 'beta_2': 0.9956960238736675, 'epsilon': 1.443590095285246e-07, 'hidden_layer_sizes': 82, 'learning_rate_init': 0.0018791850418647786, 'tol': 0.00028083340083928345, 'validation_fraction': 0.34519122385458567}
observation time 0.000007, current best 0.105765 at iter 4
Failure in optimizer suggest. Falling back to random search.
name 'activ' is not defined
Traceback (most recent call last):
  File "/home/ryedida/.local/lib/python3.9/site-packages/bayesmark/experiment.py", line 126, in run_study
    next_points = optimizer.suggest(n_suggestions)
  File "/home/ryedida/bbo_challenge_starter_kit/example_submissions/smoothness/optimizer.py", line 109, in suggest
    betas = [self._get_smoothness_reg(guess) for guess in guesses]
  File "/home/ryedida/bbo_challenge_starter_kit/example_submissions/smoothness/optimizer.py", line 109, in <listcomp>
    betas = [self._get_smoothness_reg(guess) for guess in guesses]
  File "/home/ryedida/bbo_challenge_starter_kit/example_submissions/smoothness/optimizer.py", line 50, in _get_smoothness_reg
    if activ > Kz:
NameError: name 'activ' is not defined
suggestion time taken 0.328900 iter 5 next_points [{'alpha': 8.810493073533179, 'batch_size': 160, 'beta_1': 0.9633651892175149, 'beta_2': 0.9999123712734896, 'epsilon': 3.118470990798313e-07, 'hidden_layer_sizes': 144, 'learning_rate_init': 0.0065736786747236965, 'tol': 1.2787113343749174e-05, 'validation_fraction': 0.1551254766274903}]
function_evaluation time 0.986896 value 0.234882 suggestion {'alpha': 8.810493073533179, 'batch_size': 160, 'beta_1': 0.9633651892175149, 'beta_2': 0.9999123712734896, 'epsilon': 3.118470990798313e-07, 'hidden_layer_sizes': 144, 'learning_rate_init': 0.0065736786747236965, 'tol': 1.2787113343749174e-05, 'validation_fraction': 0.1551254766274903}
observation time 0.000006, current best 0.105765 at iter 5
Failure in optimizer suggest. Falling back to random search.
name 'activ' is not defined
Traceback (most recent call last):
  File "/home/ryedida/.local/lib/python3.9/site-packages/bayesmark/experiment.py", line 126, in run_study
    next_points = optimizer.suggest(n_suggestions)
  File "/home/ryedida/bbo_challenge_starter_kit/example_submissions/smoothness/optimizer.py", line 109, in suggest
    betas = [self._get_smoothness_reg(guess) for guess in guesses]
  File "/home/ryedida/bbo_challenge_starter_kit/example_submissions/smoothness/optimizer.py", line 109, in <listcomp>
    betas = [self._get_smoothness_reg(guess) for guess in guesses]
  File "/home/ryedida/bbo_challenge_starter_kit/example_submissions/smoothness/optimizer.py", line 50, in _get_smoothness_reg
    if activ > Kz:
NameError: name 'activ' is not defined
suggestion time taken 0.327380 iter 6 next_points [{'alpha': 5.0411275657326496e-05, 'batch_size': 213, 'beta_1': 0.9065239578026578, 'beta_2': 0.9870494111574459, 'epsilon': 8.571255795732168e-08, 'hidden_layer_sizes': 128, 'learning_rate_init': 0.001370116873192117, 'tol': 0.06793739026312992, 'validation_fraction': 0.8951883554998233}]
/home/ryedida/.local/lib/python3.9/site-packages/sklearn/neural_network/_multilayer_perceptron.py:605: UserWarning: Got `batch_size` less than 1 or larger than sample size. It is going to be clipped
  warnings.warn(

function_evaluation time 0.206083 value 1.513865 suggestion {'alpha': 5.0411275657326496e-05, 'batch_size': 213, 'beta_1': 0.9065239578026578, 'beta_2': 0.9870494111574459, 'epsilon': 8.571255795732168e-08, 'hidden_layer_sizes': 128, 'learning_rate_init': 0.001370116873192117, 'tol': 0.06793739026312992, 'validation_fraction': 0.8951883554998233}
observation time 0.000006, current best 0.105765 at iter 6
Failure in optimizer suggest. Falling back to random search.
name 'activ' is not defined
Traceback (most recent call last):
  File "/home/ryedida/.local/lib/python3.9/site-packages/bayesmark/experiment.py", line 126, in run_study
    next_points = optimizer.suggest(n_suggestions)
  File "/home/ryedida/bbo_challenge_starter_kit/example_submissions/smoothness/optimizer.py", line 109, in suggest
    betas = [self._get_smoothness_reg(guess) for guess in guesses]
  File "/home/ryedida/bbo_challenge_starter_kit/example_submissions/smoothness/optimizer.py", line 109, in <listcomp>
    betas = [self._get_smoothness_reg(guess) for guess in guesses]
  File "/home/ryedida/bbo_challenge_starter_kit/example_submissions/smoothness/optimizer.py", line 50, in _get_smoothness_reg
    if activ > Kz:
NameError: name 'activ' is not defined
suggestion time taken 0.463205 iter 7 next_points [{'alpha': 0.167217146416763, 'batch_size': 140, 'beta_1': 0.9803763833191557, 'beta_2': 0.9845632981305389, 'epsilon': 8.002814232300246e-09, 'hidden_layer_sizes': 58, 'learning_rate_init': 0.0005156970385513927, 'tol': 0.0016631228168207065, 'validation_fraction': 0.14055405149795722}]
function_evaluation time 1.264030 value 0.266871 suggestion {'alpha': 0.167217146416763, 'batch_size': 140, 'beta_1': 0.9803763833191557, 'beta_2': 0.9845632981305389, 'epsilon': 8.002814232300246e-09, 'hidden_layer_sizes': 58, 'learning_rate_init': 0.0005156970385513927, 'tol': 0.0016631228168207065, 'validation_fraction': 0.14055405149795722}
observation time 0.000007, current best 0.105765 at iter 7
Failure in optimizer suggest. Falling back to random search.
name 'activ' is not defined
Traceback (most recent call last):
  File "/home/ryedida/.local/lib/python3.9/site-packages/bayesmark/experiment.py", line 126, in run_study
    next_points = optimizer.suggest(n_suggestions)
  File "/home/ryedida/bbo_challenge_starter_kit/example_submissions/smoothness/optimizer.py", line 109, in suggest
    betas = [self._get_smoothness_reg(guess) for guess in guesses]
  File "/home/ryedida/bbo_challenge_starter_kit/example_submissions/smoothness/optimizer.py", line 109, in <listcomp>
    betas = [self._get_smoothness_reg(guess) for guess in guesses]
  File "/home/ryedida/bbo_challenge_starter_kit/example_submissions/smoothness/optimizer.py", line 50, in _get_smoothness_reg
    if activ > Kz:
NameError: name 'activ' is not defined
suggestion time taken 0.327075 iter 8 next_points [{'alpha': 0.008052862694984408, 'batch_size': 25, 'beta_1': 0.9420432811117674, 'beta_2': 0.9687179444038491, 'epsilon': 5.581392353272491e-08, 'hidden_layer_sizes': 92, 'learning_rate_init': 1.8005421150905827e-05, 'tol': 0.00010708656515065641, 'validation_fraction': 0.1724065237368289}]
function_evaluation time 7.997922 value 1.778125 suggestion {'alpha': 0.008052862694984408, 'batch_size': 25, 'beta_1': 0.9420432811117674, 'beta_2': 0.9687179444038491, 'epsilon': 5.581392353272491e-08, 'hidden_layer_sizes': 92, 'learning_rate_init': 1.8005421150905827e-05, 'tol': 0.00010708656515065641, 'validation_fraction': 0.1724065237368289}
observation time 0.000006, current best 0.105765 at iter 8
Failure in optimizer suggest. Falling back to random search.
name 'activ' is not defined
Traceback (most recent call last):
  File "/home/ryedida/.local/lib/python3.9/site-packages/bayesmark/experiment.py", line 126, in run_study
    next_points = optimizer.suggest(n_suggestions)
  File "/home/ryedida/bbo_challenge_starter_kit/example_submissions/smoothness/optimizer.py", line 109, in suggest
    betas = [self._get_smoothness_reg(guess) for guess in guesses]
  File "/home/ryedida/bbo_challenge_starter_kit/example_submissions/smoothness/optimizer.py", line 109, in <listcomp>
    betas = [self._get_smoothness_reg(guess) for guess in guesses]
  File "/home/ryedida/bbo_challenge_starter_kit/example_submissions/smoothness/optimizer.py", line 50, in _get_smoothness_reg
    if activ > Kz:
NameError: name 'activ' is not defined
suggestion time taken 0.323632 iter 9 next_points [{'alpha': 1.6796038404768026, 'batch_size': 237, 'beta_1': 0.8802784860867312, 'beta_2': 0.9998481149375159, 'epsilon': 7.228455429202889e-08, 'hidden_layer_sizes': 59, 'learning_rate_init': 0.07320384864337869, 'tol': 0.07002614895275708, 'validation_fraction': 0.5788085633193053}]
function_evaluation time 0.365754 value 2.076620 suggestion {'alpha': 1.6796038404768026, 'batch_size': 237, 'beta_1': 0.8802784860867312, 'beta_2': 0.9998481149375159, 'epsilon': 7.228455429202889e-08, 'hidden_layer_sizes': 59, 'learning_rate_init': 0.07320384864337869, 'tol': 0.07002614895275708, 'validation_fraction': 0.5788085633193053}
observation time 0.000006, current best 0.105765 at iter 9
Failure in optimizer suggest. Falling back to random search.
name 'activ' is not defined
Traceback (most recent call last):
  File "/home/ryedida/.local/lib/python3.9/site-packages/bayesmark/experiment.py", line 126, in run_study
    next_points = optimizer.suggest(n_suggestions)
  File "/home/ryedida/bbo_challenge_starter_kit/example_submissions/smoothness/optimizer.py", line 109, in suggest
    betas = [self._get_smoothness_reg(guess) for guess in guesses]
  File "/home/ryedida/bbo_challenge_starter_kit/example_submissions/smoothness/optimizer.py", line 109, in <listcomp>
    betas = [self._get_smoothness_reg(guess) for guess in guesses]
  File "/home/ryedida/bbo_challenge_starter_kit/example_submissions/smoothness/optimizer.py", line 50, in _get_smoothness_reg
    if activ > Kz:
NameError: name 'activ' is not defined
suggestion time taken 0.331377 iter 10 next_points [{'alpha': 0.0001920170960092489, 'batch_size': 128, 'beta_1': 0.9793781446580967, 'beta_2': 0.9626076859743894, 'epsilon': 2.9832142017626948e-09, 'hidden_layer_sizes': 74, 'learning_rate_init': 0.0004251226685131741, 'tol': 1.3279236260161821e-05, 'validation_fraction': 0.6813278157594738}]
function_evaluation time 1.595722 value 0.278951 suggestion {'alpha': 0.0001920170960092489, 'batch_size': 128, 'beta_1': 0.9793781446580967, 'beta_2': 0.9626076859743894, 'epsilon': 2.9832142017626948e-09, 'hidden_layer_sizes': 74, 'learning_rate_init': 0.0004251226685131741, 'tol': 1.3279236260161821e-05, 'validation_fraction': 0.6813278157594738}
observation time 0.000007, current best 0.105765 at iter 10
Failure in optimizer suggest. Falling back to random search.
name 'activ' is not defined
Traceback (most recent call last):
  File "/home/ryedida/.local/lib/python3.9/site-packages/bayesmark/experiment.py", line 126, in run_study
    next_points = optimizer.suggest(n_suggestions)
  File "/home/ryedida/bbo_challenge_starter_kit/example_submissions/smoothness/optimizer.py", line 109, in suggest
    betas = [self._get_smoothness_reg(guess) for guess in guesses]
  File "/home/ryedida/bbo_challenge_starter_kit/example_submissions/smoothness/optimizer.py", line 109, in <listcomp>
    betas = [self._get_smoothness_reg(guess) for guess in guesses]
  File "/home/ryedida/bbo_challenge_starter_kit/example_submissions/smoothness/optimizer.py", line 50, in _get_smoothness_reg
    if activ > Kz:
NameError: name 'activ' is not defined
suggestion time taken 0.327618 iter 11 next_points [{'alpha': 1.2111725061122558, 'batch_size': 190, 'beta_1': 0.9526022038372653, 'beta_2': 0.9830246421520142, 'epsilon': 4.935767956795109e-08, 'hidden_layer_sizes': 131, 'learning_rate_init': 0.07092976575323455, 'tol': 0.021867748145880432, 'validation_fraction': 0.6274194402864167}]
function_evaluation time 0.513953 value 0.502518 suggestion {'alpha': 1.2111725061122558, 'batch_size': 190, 'beta_1': 0.9526022038372653, 'beta_2': 0.9830246421520142, 'epsilon': 4.935767956795109e-08, 'hidden_layer_sizes': 131, 'learning_rate_init': 0.07092976575323455, 'tol': 0.021867748145880432, 'validation_fraction': 0.6274194402864167}
observation time 0.000006, current best 0.105765 at iter 11
Failure in optimizer suggest. Falling back to random search.
name 'activ' is not defined
Traceback (most recent call last):
  File "/home/ryedida/.local/lib/python3.9/site-packages/bayesmark/experiment.py", line 126, in run_study
    next_points = optimizer.suggest(n_suggestions)
  File "/home/ryedida/bbo_challenge_starter_kit/example_submissions/smoothness/optimizer.py", line 109, in suggest
    betas = [self._get_smoothness_reg(guess) for guess in guesses]
  File "/home/ryedida/bbo_challenge_starter_kit/example_submissions/smoothness/optimizer.py", line 109, in <listcomp>
    betas = [self._get_smoothness_reg(guess) for guess in guesses]
  File "/home/ryedida/bbo_challenge_starter_kit/example_submissions/smoothness/optimizer.py", line 50, in _get_smoothness_reg
    if activ > Kz:
NameError: name 'activ' is not defined
suggestion time taken 0.324892 iter 12 next_points [{'alpha': 1.0128139634555238e-05, 'batch_size': 246, 'beta_1': 0.915377369364916, 'beta_2': 0.9994786860544391, 'epsilon': 1.7515474279799992e-09, 'hidden_layer_sizes': 151, 'learning_rate_init': 0.05421526056584359, 'tol': 5.5787298264048035e-05, 'validation_fraction': 0.3038952128965598}]
function_evaluation time 1.391622 value 0.420546 suggestion {'alpha': 1.0128139634555238e-05, 'batch_size': 246, 'beta_1': 0.915377369364916, 'beta_2': 0.9994786860544391, 'epsilon': 1.7515474279799992e-09, 'hidden_layer_sizes': 151, 'learning_rate_init': 0.05421526056584359, 'tol': 5.5787298264048035e-05, 'validation_fraction': 0.3038952128965598}
observation time 0.000006, current best 0.105765 at iter 12
Failure in optimizer suggest. Falling back to random search.
name 'activ' is not defined
Traceback (most recent call last):
  File "/home/ryedida/.local/lib/python3.9/site-packages/bayesmark/experiment.py", line 126, in run_study
    next_points = optimizer.suggest(n_suggestions)
  File "/home/ryedida/bbo_challenge_starter_kit/example_submissions/smoothness/optimizer.py", line 109, in suggest
    betas = [self._get_smoothness_reg(guess) for guess in guesses]
  File "/home/ryedida/bbo_challenge_starter_kit/example_submissions/smoothness/optimizer.py", line 109, in <listcomp>
    betas = [self._get_smoothness_reg(guess) for guess in guesses]
  File "/home/ryedida/bbo_challenge_starter_kit/example_submissions/smoothness/optimizer.py", line 50, in _get_smoothness_reg
    if activ > Kz:
NameError: name 'activ' is not defined
suggestion time taken 0.325380 iter 13 next_points [{'alpha': 4.7361914448815494e-05, 'batch_size': 54, 'beta_1': 0.737995016591283, 'beta_2': 0.9967874350942505, 'epsilon': 2.903148190025962e-08, 'hidden_layer_sizes': 158, 'learning_rate_init': 1.0835279528415074e-05, 'tol': 0.00021231583370537725, 'validation_fraction': 0.8441919374150352}]
/home/ryedida/.local/lib/python3.9/site-packages/sklearn/neural_network/_multilayer_perceptron.py:686: ConvergenceWarning: Stochastic Optimizer: Maximum iterations (200) reached and the optimization hasn't converged yet.
  warnings.warn(

function_evaluation time 2.047052 value 6.395891 suggestion {'alpha': 4.7361914448815494e-05, 'batch_size': 54, 'beta_1': 0.737995016591283, 'beta_2': 0.9967874350942505, 'epsilon': 2.903148190025962e-08, 'hidden_layer_sizes': 158, 'learning_rate_init': 1.0835279528415074e-05, 'tol': 0.00021231583370537725, 'validation_fraction': 0.8441919374150352}
observation time 0.000006, current best 0.105765 at iter 13
Failure in optimizer suggest. Falling back to random search.
name 'activ' is not defined
Traceback (most recent call last):
  File "/home/ryedida/.local/lib/python3.9/site-packages/bayesmark/experiment.py", line 126, in run_study
    next_points = optimizer.suggest(n_suggestions)
  File "/home/ryedida/bbo_challenge_starter_kit/example_submissions/smoothness/optimizer.py", line 109, in suggest
    betas = [self._get_smoothness_reg(guess) for guess in guesses]
  File "/home/ryedida/bbo_challenge_starter_kit/example_submissions/smoothness/optimizer.py", line 109, in <listcomp>
    betas = [self._get_smoothness_reg(guess) for guess in guesses]
  File "/home/ryedida/bbo_challenge_starter_kit/example_submissions/smoothness/optimizer.py", line 50, in _get_smoothness_reg
    if activ > Kz:
NameError: name 'activ' is not defined
suggestion time taken 0.326266 iter 14 next_points [{'alpha': 0.2049340481366116, 'batch_size': 11, 'beta_1': 0.8528650848281553, 'beta_2': 0.9999978668134332, 'epsilon': 4.334363879025765e-08, 'hidden_layer_sizes': 140, 'learning_rate_init': 0.0006260162925868229, 'tol': 0.027676891151237802, 'validation_fraction': 0.6990927749031194}]
function_evaluation time 1.033002 value 0.239999 suggestion {'alpha': 0.2049340481366116, 'batch_size': 11, 'beta_1': 0.8528650848281553, 'beta_2': 0.9999978668134332, 'epsilon': 4.334363879025765e-08, 'hidden_layer_sizes': 140, 'learning_rate_init': 0.0006260162925868229, 'tol': 0.027676891151237802, 'validation_fraction': 0.6990927749031194}
observation time 0.000007, current best 0.105765 at iter 14
saving meta data: {'args': {'--uuid': '8474fed9174c5d83a835290e57a32b31', '-db-root': '/home/ryedida/bbo_challenge_starter_kit/output', '--opt-root': '/home/ryedida/bbo_challenge_starter_kit/example_submissions', '--data-root': None, '--db': 'run_20230429_190633', '--opt': 'smoothness', '--data': 'digits', '--classifier': 'MLP-adam', '--metric': 'nll', '--calls': 15, '--suggestions': 1, '--jobs-file': None, '--verbose': False, 'dry_run': False, 'rev': 'a376313', 'opt_rev': 'x.x.x'}, 'signature': ([{'alpha': 0.019628224813442792, 'batch_size': 182, 'beta_1': 0.9410202200271762, 'beta_2': 0.9998021557676793, 'epsilon': 1.8662266976518e-08, 'hidden_layer_sizes': 147, 'learning_rate_init': 0.0005627932047415167, 'tol': 0.03690557729213761, 'validation_fraction': 0.8846827852548593}, {'alpha': 0.0019982467392329444, 'batch_size': 200, 'beta_1': 0.919111482530466, 'beta_2': 0.9998488260436156, 'epsilon': 5.981221901152555e-07, 'hidden_layer_sizes': 61, 'learning_rate_init': 2.2310905607443014e-05, 'tol': 1.2046852412030316e-05, 'validation_fraction': 0.8117896445826539}, {'alpha': 0.46659545670218433, 'batch_size': 219, 'beta_1': 0.9889789783750891, 'beta_2': 0.9999896868093284, 'epsilon': 2.4234724484675948e-08, 'hidden_layer_sizes': 167, 'learning_rate_init': 2.972334644335654e-05, 'tol': 0.0036281404040243792, 'validation_fraction': 0.17260651658522078}, {'alpha': 4.656005689076002, 'batch_size': 135, 'beta_1': 0.870503881627747, 'beta_2': 0.9948873266941017, 'epsilon': 2.1023308743480125e-07, 'hidden_layer_sizes': 118, 'learning_rate_init': 0.0018781738757161913, 'tol': 1.1889379831773004e-05, 'validation_fraction': 0.6264327093752792}, {'alpha': 0.04705159350400542, 'batch_size': 158, 'beta_1': 0.9870884262730957, 'beta_2': 0.9999596874382349, 'epsilon': 1.1981845126013875e-08, 'hidden_layer_sizes': 116, 'learning_rate_init': 0.00617340520407431, 'tol': 1.741413418158619e-05, 'validation_fraction': 0.6754299026638921}], [4.8709522768835765, 9.712622772033223, 5.950791832993735, 0.19438427080405424, 0.251902166999456])}
saving results
saving timing
saving suggest log
done
