running: {'--uuid': '060f00aa27c65b0fb4db56050ae5d4e8', '-db-root': '/home/ryedida/bbo_challenge_starter_kit/output', '--opt-root': '/home/ryedida/bbo_challenge_starter_kit/example_submissions', '--data-root': None, '--db': 'run_20230425_055340', '--opt': 'smoothness', '--data': 'diabetes', '--classifier': 'MLP-adam', '--metric': 'mse', '--calls': 15, '--suggestions': 1, '--jobs-file': None, '--verbose': False, 'dry_run': False, 'rev': 'a376313', 'opt_rev': 'x.x.x'}
cmd: python smoothness/optimizer.py -c MLP-adam -d diabetes -o smoothness -u 060f00aa27c65b0fb4db56050ae5d4e8 -m mse -n 15 -p 1 -dir /home/ryedida/bbo_challenge_starter_kit/output -b run_20230425_055340
/home/ryedida/.local/lib/python3.9/site-packages/sklearn/neural_network/_multilayer_perceptron.py:605: UserWarning: Got `batch_size` less than 1 or larger than sample size. It is going to be clipped
  warnings.warn(

/home/ryedida/.local/lib/python3.9/site-packages/sklearn/neural_network/_multilayer_perceptron.py:605: UserWarning: Got `batch_size` less than 1 or larger than sample size. It is going to be clipped
  warnings.warn(

/home/ryedida/.local/lib/python3.9/site-packages/sklearn/neural_network/_multilayer_perceptron.py:605: UserWarning: Got `batch_size` less than 1 or larger than sample size. It is going to be clipped
  warnings.warn(

/home/ryedida/.local/lib/python3.9/site-packages/sklearn/neural_network/_multilayer_perceptron.py:686: ConvergenceWarning: Stochastic Optimizer: Maximum iterations (200) reached and the optimization hasn't converged yet.
  warnings.warn(

/home/ryedida/.local/lib/python3.9/site-packages/sklearn/neural_network/_multilayer_perceptron.py:605: UserWarning: Got `batch_size` less than 1 or larger than sample size. It is going to be clipped
  warnings.warn(

/home/ryedida/.local/lib/python3.9/site-packages/sklearn/neural_network/_multilayer_perceptron.py:686: ConvergenceWarning: Stochastic Optimizer: Maximum iterations (200) reached and the optimization hasn't converged yet.
  warnings.warn(

computed signature: ([{'alpha': 0.019628224813442792, 'batch_size': 182, 'beta_1': 0.9410202200271762, 'beta_2': 0.9998021557676793, 'epsilon': 1.8662266976518e-08, 'hidden_layer_sizes': 147, 'learning_rate_init': 0.0005627932047415167, 'tol': 0.03690557729213761, 'validation_fraction': 0.8846827852548593}, {'alpha': 0.0019982467392329444, 'batch_size': 200, 'beta_1': 0.919111482530466, 'beta_2': 0.9998488260436156, 'epsilon': 5.981221901152555e-07, 'hidden_layer_sizes': 61, 'learning_rate_init': 2.2310905607443014e-05, 'tol': 1.2046852412030316e-05, 'validation_fraction': 0.8117896445826539}, {'alpha': 0.46659545670218433, 'batch_size': 219, 'beta_1': 0.9889789783750891, 'beta_2': 0.9999896868093284, 'epsilon': 2.4234724484675948e-08, 'hidden_layer_sizes': 167, 'learning_rate_init': 2.972334644335654e-05, 'tol': 0.0036281404040243792, 'validation_fraction': 0.17260651658522078}, {'alpha': 4.656005689076002, 'batch_size': 135, 'beta_1': 0.870503881627747, 'beta_2': 0.9948873266941017, 'epsilon': 2.1023308743480125e-07, 'hidden_layer_sizes': 118, 'learning_rate_init': 0.0018781738757161913, 'tol': 1.1889379831773004e-05, 'validation_fraction': 0.6264327093752792}, {'alpha': 0.04705159350400542, 'batch_size': 158, 'beta_1': 0.9870884262730957, 'beta_2': 0.9999596874382349, 'epsilon': 1.1981845126013875e-08, 'hidden_layer_sizes': 116, 'learning_rate_init': 0.00617340520407431, 'tol': 1.741413418158619e-05, 'validation_fraction': 0.6754299026638921}], [29083.993548572587, 29062.423277324073, 29075.78987471409, 24626.32866834337, 9584.226858493177])
Signature errors:
                              0         1         2         3         4       max
MLP-adam_diabetes_mse  0.000007  0.000008  0.000003  0.003558  0.004952  0.004952
max                    0.000007  0.000008  0.000003  0.003558  0.004952  0.004952
starting sklearn study smoothness MLP-adam diabetes mse 15 1
with data root: None
Failure in optimizer suggest. Falling back to random search.
name 'activ' is not defined
Traceback (most recent call last):
  File "/home/ryedida/.local/lib/python3.9/site-packages/bayesmark/experiment.py", line 126, in run_study
    next_points = optimizer.suggest(n_suggestions)
  File "/home/ryedida/bbo_challenge_starter_kit/example_submissions/smoothness/optimizer.py", line 105, in suggest
    betas = [self._get_smoothness_reg(guess) for guess in guesses]
  File "/home/ryedida/bbo_challenge_starter_kit/example_submissions/smoothness/optimizer.py", line 105, in <listcomp>
    betas = [self._get_smoothness_reg(guess) for guess in guesses]
  File "/home/ryedida/bbo_challenge_starter_kit/example_submissions/smoothness/optimizer.py", line 48, in _get_smoothness_reg
    if activ > Kz:
NameError: name 'activ' is not defined
suggestion time taken 0.494437 iter 0 next_points [{'alpha': 1.7641059247038813e-05, 'batch_size': 233, 'beta_1': 0.8553434631115758, 'beta_2': 0.999671011656757, 'epsilon': 3.305823801501625e-07, 'hidden_layer_sizes': 195, 'learning_rate_init': 1.612275450762499e-05, 'tol': 0.005123980205545329, 'validation_fraction': 0.5982961720463038}]
/home/ryedida/.local/lib/python3.9/site-packages/sklearn/neural_network/_multilayer_perceptron.py:605: UserWarning: Got `batch_size` less than 1 or larger than sample size. It is going to be clipped
  warnings.warn(

function_evaluation time 0.066189 value 29104.853167 suggestion {'alpha': 1.7641059247038813e-05, 'batch_size': 233, 'beta_1': 0.8553434631115758, 'beta_2': 0.999671011656757, 'epsilon': 3.305823801501625e-07, 'hidden_layer_sizes': 195, 'learning_rate_init': 1.612275450762499e-05, 'tol': 0.005123980205545329, 'validation_fraction': 0.5982961720463038}
observation time 0.000006, current best 29104.853167 at iter 0
Failure in optimizer suggest. Falling back to random search.
name 'activ' is not defined
Traceback (most recent call last):
  File "/home/ryedida/.local/lib/python3.9/site-packages/bayesmark/experiment.py", line 126, in run_study
    next_points = optimizer.suggest(n_suggestions)
  File "/home/ryedida/bbo_challenge_starter_kit/example_submissions/smoothness/optimizer.py", line 105, in suggest
    betas = [self._get_smoothness_reg(guess) for guess in guesses]
  File "/home/ryedida/bbo_challenge_starter_kit/example_submissions/smoothness/optimizer.py", line 105, in <listcomp>
    betas = [self._get_smoothness_reg(guess) for guess in guesses]
  File "/home/ryedida/bbo_challenge_starter_kit/example_submissions/smoothness/optimizer.py", line 48, in _get_smoothness_reg
    if activ > Kz:
NameError: name 'activ' is not defined
suggestion time taken 0.325913 iter 1 next_points [{'alpha': 0.2714429728854651, 'batch_size': 194, 'beta_1': 0.759692975203403, 'beta_2': 0.95308614336807, 'epsilon': 2.6401568500555852e-09, 'hidden_layer_sizes': 121, 'learning_rate_init': 0.006618603736185282, 'tol': 9.750355388666894e-05, 'validation_fraction': 0.2639259177586589}]
/home/ryedida/.local/lib/python3.9/site-packages/sklearn/neural_network/_multilayer_perceptron.py:686: ConvergenceWarning: Stochastic Optimizer: Maximum iterations (200) reached and the optimization hasn't converged yet.
  warnings.warn(

function_evaluation time 1.034998 value 3688.461786 suggestion {'alpha': 0.2714429728854651, 'batch_size': 194, 'beta_1': 0.759692975203403, 'beta_2': 0.95308614336807, 'epsilon': 2.6401568500555852e-09, 'hidden_layer_sizes': 121, 'learning_rate_init': 0.006618603736185282, 'tol': 9.750355388666894e-05, 'validation_fraction': 0.2639259177586589}
observation time 0.000005, current best 3688.461786 at iter 1
Failure in optimizer suggest. Falling back to random search.
name 'activ' is not defined
Traceback (most recent call last):
  File "/home/ryedida/.local/lib/python3.9/site-packages/bayesmark/experiment.py", line 126, in run_study
    next_points = optimizer.suggest(n_suggestions)
  File "/home/ryedida/bbo_challenge_starter_kit/example_submissions/smoothness/optimizer.py", line 105, in suggest
    betas = [self._get_smoothness_reg(guess) for guess in guesses]
  File "/home/ryedida/bbo_challenge_starter_kit/example_submissions/smoothness/optimizer.py", line 105, in <listcomp>
    betas = [self._get_smoothness_reg(guess) for guess in guesses]
  File "/home/ryedida/bbo_challenge_starter_kit/example_submissions/smoothness/optimizer.py", line 48, in _get_smoothness_reg
    if activ > Kz:
NameError: name 'activ' is not defined
suggestion time taken 0.335153 iter 2 next_points [{'alpha': 0.0006179647183486003, 'batch_size': 178, 'beta_1': 0.7109212765703222, 'beta_2': 0.9525232747460971, 'epsilon': 2.4415010978568406e-08, 'hidden_layer_sizes': 66, 'learning_rate_init': 4.570319378213358e-05, 'tol': 0.05776376478770343, 'validation_fraction': 0.483557791405549}]
function_evaluation time 0.051636 value 29132.148349 suggestion {'alpha': 0.0006179647183486003, 'batch_size': 178, 'beta_1': 0.7109212765703222, 'beta_2': 0.9525232747460971, 'epsilon': 2.4415010978568406e-08, 'hidden_layer_sizes': 66, 'learning_rate_init': 4.570319378213358e-05, 'tol': 0.05776376478770343, 'validation_fraction': 0.483557791405549}
observation time 0.000006, current best 3688.461786 at iter 2
Failure in optimizer suggest. Falling back to random search.
name 'activ' is not defined
Traceback (most recent call last):
  File "/home/ryedida/.local/lib/python3.9/site-packages/bayesmark/experiment.py", line 126, in run_study
    next_points = optimizer.suggest(n_suggestions)
  File "/home/ryedida/bbo_challenge_starter_kit/example_submissions/smoothness/optimizer.py", line 105, in suggest
    betas = [self._get_smoothness_reg(guess) for guess in guesses]
  File "/home/ryedida/bbo_challenge_starter_kit/example_submissions/smoothness/optimizer.py", line 105, in <listcomp>
    betas = [self._get_smoothness_reg(guess) for guess in guesses]
  File "/home/ryedida/bbo_challenge_starter_kit/example_submissions/smoothness/optimizer.py", line 48, in _get_smoothness_reg
    if activ > Kz:
NameError: name 'activ' is not defined
suggestion time taken 0.328285 iter 3 next_points [{'alpha': 1.2383240389461209e-05, 'batch_size': 28, 'beta_1': 0.9758083540220013, 'beta_2': 0.9224654066511706, 'epsilon': 8.653579721952198e-09, 'hidden_layer_sizes': 59, 'learning_rate_init': 0.018353765412783822, 'tol': 0.0047602876547559935, 'validation_fraction': 0.8942612808728206}]
function_evaluation time 0.359717 value 5093.600069 suggestion {'alpha': 1.2383240389461209e-05, 'batch_size': 28, 'beta_1': 0.9758083540220013, 'beta_2': 0.9224654066511706, 'epsilon': 8.653579721952198e-09, 'hidden_layer_sizes': 59, 'learning_rate_init': 0.018353765412783822, 'tol': 0.0047602876547559935, 'validation_fraction': 0.8942612808728206}
observation time 0.000005, current best 3688.461786 at iter 3
Failure in optimizer suggest. Falling back to random search.
name 'activ' is not defined
Traceback (most recent call last):
  File "/home/ryedida/.local/lib/python3.9/site-packages/bayesmark/experiment.py", line 126, in run_study
    next_points = optimizer.suggest(n_suggestions)
  File "/home/ryedida/bbo_challenge_starter_kit/example_submissions/smoothness/optimizer.py", line 105, in suggest
    betas = [self._get_smoothness_reg(guess) for guess in guesses]
  File "/home/ryedida/bbo_challenge_starter_kit/example_submissions/smoothness/optimizer.py", line 105, in <listcomp>
    betas = [self._get_smoothness_reg(guess) for guess in guesses]
  File "/home/ryedida/bbo_challenge_starter_kit/example_submissions/smoothness/optimizer.py", line 48, in _get_smoothness_reg
    if activ > Kz:
NameError: name 'activ' is not defined
suggestion time taken 0.328911 iter 4 next_points [{'alpha': 4.328776163607867, 'batch_size': 163, 'beta_1': 0.5345292986095477, 'beta_2': 0.9998660022289408, 'epsilon': 1.1907906053090021e-08, 'hidden_layer_sizes': 64, 'learning_rate_init': 0.01842982772077881, 'tol': 0.001689580841814392, 'validation_fraction': 0.6024400317205296}]
/home/ryedida/.local/lib/python3.9/site-packages/sklearn/neural_network/_multilayer_perceptron.py:605: UserWarning: Got `batch_size` less than 1 or larger than sample size. It is going to be clipped
  warnings.warn(

function_evaluation time 0.433505 value 3610.421155 suggestion {'alpha': 4.328776163607867, 'batch_size': 163, 'beta_1': 0.5345292986095477, 'beta_2': 0.9998660022289408, 'epsilon': 1.1907906053090021e-08, 'hidden_layer_sizes': 64, 'learning_rate_init': 0.01842982772077881, 'tol': 0.001689580841814392, 'validation_fraction': 0.6024400317205296}
observation time 0.000005, current best 3610.421155 at iter 4
Failure in optimizer suggest. Falling back to random search.
name 'activ' is not defined
Traceback (most recent call last):
  File "/home/ryedida/.local/lib/python3.9/site-packages/bayesmark/experiment.py", line 126, in run_study
    next_points = optimizer.suggest(n_suggestions)
  File "/home/ryedida/bbo_challenge_starter_kit/example_submissions/smoothness/optimizer.py", line 105, in suggest
    betas = [self._get_smoothness_reg(guess) for guess in guesses]
  File "/home/ryedida/bbo_challenge_starter_kit/example_submissions/smoothness/optimizer.py", line 105, in <listcomp>
    betas = [self._get_smoothness_reg(guess) for guess in guesses]
  File "/home/ryedida/bbo_challenge_starter_kit/example_submissions/smoothness/optimizer.py", line 48, in _get_smoothness_reg
    if activ > Kz:
NameError: name 'activ' is not defined
suggestion time taken 0.324684 iter 5 next_points [{'alpha': 0.00033324368817876337, 'batch_size': 76, 'beta_1': 0.9657809828733074, 'beta_2': 0.9999955400814489, 'epsilon': 2.819027374762611e-07, 'hidden_layer_sizes': 170, 'learning_rate_init': 5.954188470937983e-05, 'tol': 0.0010672655668086625, 'validation_fraction': 0.8613271286652658}]
/home/ryedida/.local/lib/python3.9/site-packages/sklearn/neural_network/_multilayer_perceptron.py:605: UserWarning: Got `batch_size` less than 1 or larger than sample size. It is going to be clipped
  warnings.warn(

function_evaluation time 0.053320 value 29126.055797 suggestion {'alpha': 0.00033324368817876337, 'batch_size': 76, 'beta_1': 0.9657809828733074, 'beta_2': 0.9999955400814489, 'epsilon': 2.819027374762611e-07, 'hidden_layer_sizes': 170, 'learning_rate_init': 5.954188470937983e-05, 'tol': 0.0010672655668086625, 'validation_fraction': 0.8613271286652658}
observation time 0.000007, current best 3610.421155 at iter 5
Failure in optimizer suggest. Falling back to random search.
name 'activ' is not defined
Traceback (most recent call last):
  File "/home/ryedida/.local/lib/python3.9/site-packages/bayesmark/experiment.py", line 126, in run_study
    next_points = optimizer.suggest(n_suggestions)
  File "/home/ryedida/bbo_challenge_starter_kit/example_submissions/smoothness/optimizer.py", line 105, in suggest
    betas = [self._get_smoothness_reg(guess) for guess in guesses]
  File "/home/ryedida/bbo_challenge_starter_kit/example_submissions/smoothness/optimizer.py", line 105, in <listcomp>
    betas = [self._get_smoothness_reg(guess) for guess in guesses]
  File "/home/ryedida/bbo_challenge_starter_kit/example_submissions/smoothness/optimizer.py", line 48, in _get_smoothness_reg
    if activ > Kz:
NameError: name 'activ' is not defined
suggestion time taken 0.327303 iter 6 next_points [{'alpha': 0.00012008247543957589, 'batch_size': 105, 'beta_1': 0.6462836696516585, 'beta_2': 0.9998536477398237, 'epsilon': 4.794034180510376e-07, 'hidden_layer_sizes': 154, 'learning_rate_init': 5.4691064451920826e-05, 'tol': 0.002966483722889288, 'validation_fraction': 0.20374009392120102}]
function_evaluation time 0.099386 value 29128.039942 suggestion {'alpha': 0.00012008247543957589, 'batch_size': 105, 'beta_1': 0.6462836696516585, 'beta_2': 0.9998536477398237, 'epsilon': 4.794034180510376e-07, 'hidden_layer_sizes': 154, 'learning_rate_init': 5.4691064451920826e-05, 'tol': 0.002966483722889288, 'validation_fraction': 0.20374009392120102}
observation time 0.000006, current best 3610.421155 at iter 6
Failure in optimizer suggest. Falling back to random search.
name 'activ' is not defined
Traceback (most recent call last):
  File "/home/ryedida/.local/lib/python3.9/site-packages/bayesmark/experiment.py", line 126, in run_study
    next_points = optimizer.suggest(n_suggestions)
  File "/home/ryedida/bbo_challenge_starter_kit/example_submissions/smoothness/optimizer.py", line 105, in suggest
    betas = [self._get_smoothness_reg(guess) for guess in guesses]
  File "/home/ryedida/bbo_challenge_starter_kit/example_submissions/smoothness/optimizer.py", line 105, in <listcomp>
    betas = [self._get_smoothness_reg(guess) for guess in guesses]
  File "/home/ryedida/bbo_challenge_starter_kit/example_submissions/smoothness/optimizer.py", line 48, in _get_smoothness_reg
    if activ > Kz:
NameError: name 'activ' is not defined
suggestion time taken 0.460580 iter 7 next_points [{'alpha': 0.05412430228010749, 'batch_size': 179, 'beta_1': 0.9859038072441931, 'beta_2': 0.9999886571427709, 'epsilon': 2.840291587258671e-07, 'hidden_layer_sizes': 102, 'learning_rate_init': 0.0014166457875403847, 'tol': 0.00018669196211141778, 'validation_fraction': 0.8451631754900416}]
/home/ryedida/.local/lib/python3.9/site-packages/sklearn/neural_network/_multilayer_perceptron.py:605: UserWarning: Got `batch_size` less than 1 or larger than sample size. It is going to be clipped
  warnings.warn(

/home/ryedida/.local/lib/python3.9/site-packages/sklearn/neural_network/_multilayer_perceptron.py:686: ConvergenceWarning: Stochastic Optimizer: Maximum iterations (200) reached and the optimization hasn't converged yet.
  warnings.warn(

function_evaluation time 0.648401 value 27247.752996 suggestion {'alpha': 0.05412430228010749, 'batch_size': 179, 'beta_1': 0.9859038072441931, 'beta_2': 0.9999886571427709, 'epsilon': 2.840291587258671e-07, 'hidden_layer_sizes': 102, 'learning_rate_init': 0.0014166457875403847, 'tol': 0.00018669196211141778, 'validation_fraction': 0.8451631754900416}
observation time 0.000006, current best 3610.421155 at iter 7
Failure in optimizer suggest. Falling back to random search.
name 'activ' is not defined
Traceback (most recent call last):
  File "/home/ryedida/.local/lib/python3.9/site-packages/bayesmark/experiment.py", line 126, in run_study
    next_points = optimizer.suggest(n_suggestions)
  File "/home/ryedida/bbo_challenge_starter_kit/example_submissions/smoothness/optimizer.py", line 105, in suggest
    betas = [self._get_smoothness_reg(guess) for guess in guesses]
  File "/home/ryedida/bbo_challenge_starter_kit/example_submissions/smoothness/optimizer.py", line 105, in <listcomp>
    betas = [self._get_smoothness_reg(guess) for guess in guesses]
  File "/home/ryedida/bbo_challenge_starter_kit/example_submissions/smoothness/optimizer.py", line 48, in _get_smoothness_reg
    if activ > Kz:
NameError: name 'activ' is not defined
suggestion time taken 0.322473 iter 8 next_points [{'alpha': 0.00014479405501365654, 'batch_size': 166, 'beta_1': 0.972162357245864, 'beta_2': 0.9999984656260845, 'epsilon': 2.9397346660771655e-07, 'hidden_layer_sizes': 112, 'learning_rate_init': 0.0007809332862998073, 'tol': 0.0006409908612529189, 'validation_fraction': 0.8015917454086794}]
/home/ryedida/.local/lib/python3.9/site-packages/sklearn/neural_network/_multilayer_perceptron.py:605: UserWarning: Got `batch_size` less than 1 or larger than sample size. It is going to be clipped
  warnings.warn(

function_evaluation time 0.050263 value 29076.521399 suggestion {'alpha': 0.00014479405501365654, 'batch_size': 166, 'beta_1': 0.972162357245864, 'beta_2': 0.9999984656260845, 'epsilon': 2.9397346660771655e-07, 'hidden_layer_sizes': 112, 'learning_rate_init': 0.0007809332862998073, 'tol': 0.0006409908612529189, 'validation_fraction': 0.8015917454086794}
observation time 0.000006, current best 3610.421155 at iter 8
Failure in optimizer suggest. Falling back to random search.
name 'activ' is not defined
Traceback (most recent call last):
  File "/home/ryedida/.local/lib/python3.9/site-packages/bayesmark/experiment.py", line 126, in run_study
    next_points = optimizer.suggest(n_suggestions)
  File "/home/ryedida/bbo_challenge_starter_kit/example_submissions/smoothness/optimizer.py", line 105, in suggest
    betas = [self._get_smoothness_reg(guess) for guess in guesses]
  File "/home/ryedida/bbo_challenge_starter_kit/example_submissions/smoothness/optimizer.py", line 105, in <listcomp>
    betas = [self._get_smoothness_reg(guess) for guess in guesses]
  File "/home/ryedida/bbo_challenge_starter_kit/example_submissions/smoothness/optimizer.py", line 48, in _get_smoothness_reg
    if activ > Kz:
NameError: name 'activ' is not defined
suggestion time taken 0.320767 iter 9 next_points [{'alpha': 0.003175191833253332, 'batch_size': 173, 'beta_1': 0.9716414308553194, 'beta_2': 0.9998800590436814, 'epsilon': 1.0372926161647878e-07, 'hidden_layer_sizes': 118, 'learning_rate_init': 0.005730246617648495, 'tol': 1.0177536640096502e-05, 'validation_fraction': 0.8452747589277211}]
/home/ryedida/.local/lib/python3.9/site-packages/sklearn/neural_network/_multilayer_perceptron.py:605: UserWarning: Got `batch_size` less than 1 or larger than sample size. It is going to be clipped
  warnings.warn(

/home/ryedida/.local/lib/python3.9/site-packages/sklearn/neural_network/_multilayer_perceptron.py:686: ConvergenceWarning: Stochastic Optimizer: Maximum iterations (200) reached and the optimization hasn't converged yet.
  warnings.warn(

function_evaluation time 0.677387 value 7919.777662 suggestion {'alpha': 0.003175191833253332, 'batch_size': 173, 'beta_1': 0.9716414308553194, 'beta_2': 0.9998800590436814, 'epsilon': 1.0372926161647878e-07, 'hidden_layer_sizes': 118, 'learning_rate_init': 0.005730246617648495, 'tol': 1.0177536640096502e-05, 'validation_fraction': 0.8452747589277211}
observation time 0.000006, current best 3610.421155 at iter 9
Failure in optimizer suggest. Falling back to random search.
name 'activ' is not defined
Traceback (most recent call last):
  File "/home/ryedida/.local/lib/python3.9/site-packages/bayesmark/experiment.py", line 126, in run_study
    next_points = optimizer.suggest(n_suggestions)
  File "/home/ryedida/bbo_challenge_starter_kit/example_submissions/smoothness/optimizer.py", line 105, in suggest
    betas = [self._get_smoothness_reg(guess) for guess in guesses]
  File "/home/ryedida/bbo_challenge_starter_kit/example_submissions/smoothness/optimizer.py", line 105, in <listcomp>
    betas = [self._get_smoothness_reg(guess) for guess in guesses]
  File "/home/ryedida/bbo_challenge_starter_kit/example_submissions/smoothness/optimizer.py", line 48, in _get_smoothness_reg
    if activ > Kz:
NameError: name 'activ' is not defined
suggestion time taken 0.317134 iter 10 next_points [{'alpha': 0.3763290191908543, 'batch_size': 221, 'beta_1': 0.9680703231016254, 'beta_2': 0.9999862581084312, 'epsilon': 1.0095530753852402e-07, 'hidden_layer_sizes': 102, 'learning_rate_init': 7.707585371380389e-05, 'tol': 3.890240912132815e-05, 'validation_fraction': 0.8574117014974102}]
/home/ryedida/.local/lib/python3.9/site-packages/sklearn/neural_network/_multilayer_perceptron.py:605: UserWarning: Got `batch_size` less than 1 or larger than sample size. It is going to be clipped
  warnings.warn(

/home/ryedida/.local/lib/python3.9/site-packages/sklearn/neural_network/_multilayer_perceptron.py:686: ConvergenceWarning: Stochastic Optimizer: Maximum iterations (200) reached and the optimization hasn't converged yet.
  warnings.warn(

function_evaluation time 0.556264 value 29057.528816 suggestion {'alpha': 0.3763290191908543, 'batch_size': 221, 'beta_1': 0.9680703231016254, 'beta_2': 0.9999862581084312, 'epsilon': 1.0095530753852402e-07, 'hidden_layer_sizes': 102, 'learning_rate_init': 7.707585371380389e-05, 'tol': 3.890240912132815e-05, 'validation_fraction': 0.8574117014974102}
observation time 0.000005, current best 3610.421155 at iter 10
Failure in optimizer suggest. Falling back to random search.
name 'activ' is not defined
Traceback (most recent call last):
  File "/home/ryedida/.local/lib/python3.9/site-packages/bayesmark/experiment.py", line 126, in run_study
    next_points = optimizer.suggest(n_suggestions)
  File "/home/ryedida/bbo_challenge_starter_kit/example_submissions/smoothness/optimizer.py", line 105, in suggest
    betas = [self._get_smoothness_reg(guess) for guess in guesses]
  File "/home/ryedida/bbo_challenge_starter_kit/example_submissions/smoothness/optimizer.py", line 105, in <listcomp>
    betas = [self._get_smoothness_reg(guess) for guess in guesses]
  File "/home/ryedida/bbo_challenge_starter_kit/example_submissions/smoothness/optimizer.py", line 48, in _get_smoothness_reg
    if activ > Kz:
NameError: name 'activ' is not defined
suggestion time taken 0.312063 iter 11 next_points [{'alpha': 3.051646444033322e-05, 'batch_size': 69, 'beta_1': 0.9856909275428353, 'beta_2': 0.9995335355776409, 'epsilon': 2.4934466371270394e-09, 'hidden_layer_sizes': 75, 'learning_rate_init': 4.841088582612226e-05, 'tol': 0.0006999088684111576, 'validation_fraction': 0.3981028741274501}]
function_evaluation time 0.058844 value 29106.398396 suggestion {'alpha': 3.051646444033322e-05, 'batch_size': 69, 'beta_1': 0.9856909275428353, 'beta_2': 0.9995335355776409, 'epsilon': 2.4934466371270394e-09, 'hidden_layer_sizes': 75, 'learning_rate_init': 4.841088582612226e-05, 'tol': 0.0006999088684111576, 'validation_fraction': 0.3981028741274501}
observation time 0.000006, current best 3610.421155 at iter 11
Failure in optimizer suggest. Falling back to random search.
name 'activ' is not defined
Traceback (most recent call last):
  File "/home/ryedida/.local/lib/python3.9/site-packages/bayesmark/experiment.py", line 126, in run_study
    next_points = optimizer.suggest(n_suggestions)
  File "/home/ryedida/bbo_challenge_starter_kit/example_submissions/smoothness/optimizer.py", line 105, in suggest
    betas = [self._get_smoothness_reg(guess) for guess in guesses]
  File "/home/ryedida/bbo_challenge_starter_kit/example_submissions/smoothness/optimizer.py", line 105, in <listcomp>
    betas = [self._get_smoothness_reg(guess) for guess in guesses]
  File "/home/ryedida/bbo_challenge_starter_kit/example_submissions/smoothness/optimizer.py", line 48, in _get_smoothness_reg
    if activ > Kz:
NameError: name 'activ' is not defined
suggestion time taken 0.319455 iter 12 next_points [{'alpha': 2.514297278008753e-05, 'batch_size': 168, 'beta_1': 0.9423158332145057, 'beta_2': 0.9936993719609142, 'epsilon': 4.400526397797098e-08, 'hidden_layer_sizes': 99, 'learning_rate_init': 0.00012065297452505004, 'tol': 0.021003305895067513, 'validation_fraction': 0.46489665168346683}]
function_evaluation time 0.058702 value 29084.291061 suggestion {'alpha': 2.514297278008753e-05, 'batch_size': 168, 'beta_1': 0.9423158332145057, 'beta_2': 0.9936993719609142, 'epsilon': 4.400526397797098e-08, 'hidden_layer_sizes': 99, 'learning_rate_init': 0.00012065297452505004, 'tol': 0.021003305895067513, 'validation_fraction': 0.46489665168346683}
observation time 0.000006, current best 3610.421155 at iter 12
Failure in optimizer suggest. Falling back to random search.
name 'activ' is not defined
Traceback (most recent call last):
  File "/home/ryedida/.local/lib/python3.9/site-packages/bayesmark/experiment.py", line 126, in run_study
    next_points = optimizer.suggest(n_suggestions)
  File "/home/ryedida/bbo_challenge_starter_kit/example_submissions/smoothness/optimizer.py", line 105, in suggest
    betas = [self._get_smoothness_reg(guess) for guess in guesses]
  File "/home/ryedida/bbo_challenge_starter_kit/example_submissions/smoothness/optimizer.py", line 105, in <listcomp>
    betas = [self._get_smoothness_reg(guess) for guess in guesses]
  File "/home/ryedida/bbo_challenge_starter_kit/example_submissions/smoothness/optimizer.py", line 48, in _get_smoothness_reg
    if activ > Kz:
NameError: name 'activ' is not defined
suggestion time taken 0.318300 iter 13 next_points [{'alpha': 2.7991774252921095e-05, 'batch_size': 173, 'beta_1': 0.977557842675165, 'beta_2': 0.9873257190110827, 'epsilon': 1.5046073620398481e-09, 'hidden_layer_sizes': 121, 'learning_rate_init': 0.0004508927365341784, 'tol': 0.0006613870439498814, 'validation_fraction': 0.7104441260722489}]
/home/ryedida/.local/lib/python3.9/site-packages/sklearn/neural_network/_multilayer_perceptron.py:605: UserWarning: Got `batch_size` less than 1 or larger than sample size. It is going to be clipped
  warnings.warn(

function_evaluation time 0.052811 value 29042.247483 suggestion {'alpha': 2.7991774252921095e-05, 'batch_size': 173, 'beta_1': 0.977557842675165, 'beta_2': 0.9873257190110827, 'epsilon': 1.5046073620398481e-09, 'hidden_layer_sizes': 121, 'learning_rate_init': 0.0004508927365341784, 'tol': 0.0006613870439498814, 'validation_fraction': 0.7104441260722489}
observation time 0.000006, current best 3610.421155 at iter 13
Failure in optimizer suggest. Falling back to random search.
name 'activ' is not defined
Traceback (most recent call last):
  File "/home/ryedida/.local/lib/python3.9/site-packages/bayesmark/experiment.py", line 126, in run_study
    next_points = optimizer.suggest(n_suggestions)
  File "/home/ryedida/bbo_challenge_starter_kit/example_submissions/smoothness/optimizer.py", line 105, in suggest
    betas = [self._get_smoothness_reg(guess) for guess in guesses]
  File "/home/ryedida/bbo_challenge_starter_kit/example_submissions/smoothness/optimizer.py", line 105, in <listcomp>
    betas = [self._get_smoothness_reg(guess) for guess in guesses]
  File "/home/ryedida/bbo_challenge_starter_kit/example_submissions/smoothness/optimizer.py", line 48, in _get_smoothness_reg
    if activ > Kz:
NameError: name 'activ' is not defined
suggestion time taken 0.336009 iter 14 next_points [{'alpha': 6.578646454253446, 'batch_size': 108, 'beta_1': 0.780611850261986, 'beta_2': 0.9998255713560695, 'epsilon': 4.2738241978729465e-09, 'hidden_layer_sizes': 145, 'learning_rate_init': 0.09047356084227368, 'tol': 0.0006633417640647247, 'validation_fraction': 0.7822249718524813}]
/home/ryedida/.local/lib/python3.9/site-packages/sklearn/neural_network/_multilayer_perceptron.py:605: UserWarning: Got `batch_size` less than 1 or larger than sample size. It is going to be clipped
  warnings.warn(

function_evaluation time 0.261324 value 3044.117180 suggestion {'alpha': 6.578646454253446, 'batch_size': 108, 'beta_1': 0.780611850261986, 'beta_2': 0.9998255713560695, 'epsilon': 4.2738241978729465e-09, 'hidden_layer_sizes': 145, 'learning_rate_init': 0.09047356084227368, 'tol': 0.0006633417640647247, 'validation_fraction': 0.7822249718524813}
observation time 0.000005, current best 3044.117180 at iter 14
saving meta data: {'args': {'--uuid': '060f00aa27c65b0fb4db56050ae5d4e8', '-db-root': '/home/ryedida/bbo_challenge_starter_kit/output', '--opt-root': '/home/ryedida/bbo_challenge_starter_kit/example_submissions', '--data-root': None, '--db': 'run_20230425_055340', '--opt': 'smoothness', '--data': 'diabetes', '--classifier': 'MLP-adam', '--metric': 'mse', '--calls': 15, '--suggestions': 1, '--jobs-file': None, '--verbose': False, 'dry_run': False, 'rev': 'a376313', 'opt_rev': 'x.x.x'}, 'signature': ([{'alpha': 0.019628224813442792, 'batch_size': 182, 'beta_1': 0.9410202200271762, 'beta_2': 0.9998021557676793, 'epsilon': 1.8662266976518e-08, 'hidden_layer_sizes': 147, 'learning_rate_init': 0.0005627932047415167, 'tol': 0.03690557729213761, 'validation_fraction': 0.8846827852548593}, {'alpha': 0.0019982467392329444, 'batch_size': 200, 'beta_1': 0.919111482530466, 'beta_2': 0.9998488260436156, 'epsilon': 5.981221901152555e-07, 'hidden_layer_sizes': 61, 'learning_rate_init': 2.2310905607443014e-05, 'tol': 1.2046852412030316e-05, 'validation_fraction': 0.8117896445826539}, {'alpha': 0.46659545670218433, 'batch_size': 219, 'beta_1': 0.9889789783750891, 'beta_2': 0.9999896868093284, 'epsilon': 2.4234724484675948e-08, 'hidden_layer_sizes': 167, 'learning_rate_init': 2.972334644335654e-05, 'tol': 0.0036281404040243792, 'validation_fraction': 0.17260651658522078}, {'alpha': 4.656005689076002, 'batch_size': 135, 'beta_1': 0.870503881627747, 'beta_2': 0.9948873266941017, 'epsilon': 2.1023308743480125e-07, 'hidden_layer_sizes': 118, 'learning_rate_init': 0.0018781738757161913, 'tol': 1.1889379831773004e-05, 'validation_fraction': 0.6264327093752792}, {'alpha': 0.04705159350400542, 'batch_size': 158, 'beta_1': 0.9870884262730957, 'beta_2': 0.9999596874382349, 'epsilon': 1.1981845126013875e-08, 'hidden_layer_sizes': 116, 'learning_rate_init': 0.00617340520407431, 'tol': 1.741413418158619e-05, 'validation_fraction': 0.6754299026638921}], [29083.993548572587, 29062.423277324073, 29075.78987471409, 24626.32866834337, 9584.226858493177])}
saving results
saving timing
saving suggest log
done
