running: {'--uuid': '0979517ed427588e9c134626a42f2ba8', '-db-root': '/home/ryedida/bbo_challenge_starter_kit/output', '--opt-root': '/home/ryedida/bbo_challenge_starter_kit/example_submissions', '--data-root': None, '--db': 'run_20230425_055340', '--opt': 'smoothness', '--data': 'diabetes', '--classifier': 'MLP-adam', '--metric': 'mse', '--calls': 15, '--suggestions': 1, '--jobs-file': None, '--verbose': False, 'dry_run': False, 'rev': 'a376313', 'opt_rev': 'x.x.x'}
cmd: python smoothness/optimizer.py -c MLP-adam -d diabetes -o smoothness -u 0979517ed427588e9c134626a42f2ba8 -m mse -n 15 -p 1 -dir /home/ryedida/bbo_challenge_starter_kit/output -b run_20230425_055340
/home/ryedida/.local/lib/python3.9/site-packages/sklearn/neural_network/_multilayer_perceptron.py:605: UserWarning: Got `batch_size` less than 1 or larger than sample size. It is going to be clipped
  warnings.warn(

/home/ryedida/.local/lib/python3.9/site-packages/sklearn/neural_network/_multilayer_perceptron.py:605: UserWarning: Got `batch_size` less than 1 or larger than sample size. It is going to be clipped
  warnings.warn(

/home/ryedida/.local/lib/python3.9/site-packages/sklearn/neural_network/_multilayer_perceptron.py:605: UserWarning: Got `batch_size` less than 1 or larger than sample size. It is going to be clipped
  warnings.warn(

/home/ryedida/.local/lib/python3.9/site-packages/sklearn/neural_network/_multilayer_perceptron.py:686: ConvergenceWarning: Stochastic Optimizer: Maximum iterations (200) reached and the optimization hasn't converged yet.
  warnings.warn(

/home/ryedida/.local/lib/python3.9/site-packages/sklearn/neural_network/_multilayer_perceptron.py:605: UserWarning: Got `batch_size` less than 1 or larger than sample size. It is going to be clipped
  warnings.warn(

/home/ryedida/.local/lib/python3.9/site-packages/sklearn/neural_network/_multilayer_perceptron.py:686: ConvergenceWarning: Stochastic Optimizer: Maximum iterations (200) reached and the optimization hasn't converged yet.
  warnings.warn(

computed signature: ([{'alpha': 0.019628224813442792, 'batch_size': 182, 'beta_1': 0.9410202200271762, 'beta_2': 0.9998021557676793, 'epsilon': 1.8662266976518e-08, 'hidden_layer_sizes': 147, 'learning_rate_init': 0.0005627932047415167, 'tol': 0.03690557729213761, 'validation_fraction': 0.8846827852548593}, {'alpha': 0.0019982467392329444, 'batch_size': 200, 'beta_1': 0.919111482530466, 'beta_2': 0.9998488260436156, 'epsilon': 5.981221901152555e-07, 'hidden_layer_sizes': 61, 'learning_rate_init': 2.2310905607443014e-05, 'tol': 1.2046852412030316e-05, 'validation_fraction': 0.8117896445826539}, {'alpha': 0.46659545670218433, 'batch_size': 219, 'beta_1': 0.9889789783750891, 'beta_2': 0.9999896868093284, 'epsilon': 2.4234724484675948e-08, 'hidden_layer_sizes': 167, 'learning_rate_init': 2.972334644335654e-05, 'tol': 0.0036281404040243792, 'validation_fraction': 0.17260651658522078}, {'alpha': 4.656005689076002, 'batch_size': 135, 'beta_1': 0.870503881627747, 'beta_2': 0.9948873266941017, 'epsilon': 2.1023308743480125e-07, 'hidden_layer_sizes': 118, 'learning_rate_init': 0.0018781738757161913, 'tol': 1.1889379831773004e-05, 'validation_fraction': 0.6264327093752792}, {'alpha': 0.04705159350400542, 'batch_size': 158, 'beta_1': 0.9870884262730957, 'beta_2': 0.9999596874382349, 'epsilon': 1.1981845126013875e-08, 'hidden_layer_sizes': 116, 'learning_rate_init': 0.00617340520407431, 'tol': 1.741413418158619e-05, 'validation_fraction': 0.6754299026638921}], [29083.993548572587, 29062.423277324073, 29075.78987471409, 24626.32866834337, 9584.226858493177])
Signature errors:
                              0         1         2         3         4       max
MLP-adam_diabetes_mse  0.000007  0.000008  0.000003  0.003558  0.004952  0.004952
max                    0.000007  0.000008  0.000003  0.003558  0.004952  0.004952
starting sklearn study smoothness MLP-adam diabetes mse 15 1
with data root: None
Failure in optimizer suggest. Falling back to random search.
name 'activ' is not defined
Traceback (most recent call last):
  File "/home/ryedida/.local/lib/python3.9/site-packages/bayesmark/experiment.py", line 126, in run_study
    next_points = optimizer.suggest(n_suggestions)
  File "/home/ryedida/bbo_challenge_starter_kit/example_submissions/smoothness/optimizer.py", line 105, in suggest
    betas = [self._get_smoothness_reg(guess) for guess in guesses]
  File "/home/ryedida/bbo_challenge_starter_kit/example_submissions/smoothness/optimizer.py", line 105, in <listcomp>
    betas = [self._get_smoothness_reg(guess) for guess in guesses]
  File "/home/ryedida/bbo_challenge_starter_kit/example_submissions/smoothness/optimizer.py", line 48, in _get_smoothness_reg
    if activ > Kz:
NameError: name 'activ' is not defined
suggestion time taken 0.496283 iter 0 next_points [{'alpha': 9.35072499564151, 'batch_size': 103, 'beta_1': 0.9717717228240923, 'beta_2': 0.9983236493822245, 'epsilon': 8.926887766013212e-08, 'hidden_layer_sizes': 62, 'learning_rate_init': 0.02359410974531731, 'tol': 0.00010410979145849766, 'validation_fraction': 0.4355477705974498}]
function_evaluation time 0.188100 value 4062.637327 suggestion {'alpha': 9.35072499564151, 'batch_size': 103, 'beta_1': 0.9717717228240923, 'beta_2': 0.9983236493822245, 'epsilon': 8.926887766013212e-08, 'hidden_layer_sizes': 62, 'learning_rate_init': 0.02359410974531731, 'tol': 0.00010410979145849766, 'validation_fraction': 0.4355477705974498}
observation time 0.000006, current best 4062.637327 at iter 0
Failure in optimizer suggest. Falling back to random search.
name 'activ' is not defined
Traceback (most recent call last):
  File "/home/ryedida/.local/lib/python3.9/site-packages/bayesmark/experiment.py", line 126, in run_study
    next_points = optimizer.suggest(n_suggestions)
  File "/home/ryedida/bbo_challenge_starter_kit/example_submissions/smoothness/optimizer.py", line 105, in suggest
    betas = [self._get_smoothness_reg(guess) for guess in guesses]
  File "/home/ryedida/bbo_challenge_starter_kit/example_submissions/smoothness/optimizer.py", line 105, in <listcomp>
    betas = [self._get_smoothness_reg(guess) for guess in guesses]
  File "/home/ryedida/bbo_challenge_starter_kit/example_submissions/smoothness/optimizer.py", line 48, in _get_smoothness_reg
    if activ > Kz:
NameError: name 'activ' is not defined
suggestion time taken 0.335544 iter 1 next_points [{'alpha': 0.21522025825393268, 'batch_size': 168, 'beta_1': 0.9814863229757972, 'beta_2': 0.9999845920561673, 'epsilon': 1.0455054995906226e-08, 'hidden_layer_sizes': 144, 'learning_rate_init': 0.00031941696217140954, 'tol': 0.008087216052276905, 'validation_fraction': 0.3274994376117705}]
function_evaluation time 0.080147 value 29109.815520 suggestion {'alpha': 0.21522025825393268, 'batch_size': 168, 'beta_1': 0.9814863229757972, 'beta_2': 0.9999845920561673, 'epsilon': 1.0455054995906226e-08, 'hidden_layer_sizes': 144, 'learning_rate_init': 0.00031941696217140954, 'tol': 0.008087216052276905, 'validation_fraction': 0.3274994376117705}
observation time 0.000006, current best 4062.637327 at iter 1
Failure in optimizer suggest. Falling back to random search.
name 'activ' is not defined
Traceback (most recent call last):
  File "/home/ryedida/.local/lib/python3.9/site-packages/bayesmark/experiment.py", line 126, in run_study
    next_points = optimizer.suggest(n_suggestions)
  File "/home/ryedida/bbo_challenge_starter_kit/example_submissions/smoothness/optimizer.py", line 105, in suggest
    betas = [self._get_smoothness_reg(guess) for guess in guesses]
  File "/home/ryedida/bbo_challenge_starter_kit/example_submissions/smoothness/optimizer.py", line 105, in <listcomp>
    betas = [self._get_smoothness_reg(guess) for guess in guesses]
  File "/home/ryedida/bbo_challenge_starter_kit/example_submissions/smoothness/optimizer.py", line 48, in _get_smoothness_reg
    if activ > Kz:
NameError: name 'activ' is not defined
suggestion time taken 0.333070 iter 2 next_points [{'alpha': 4.262015448641753, 'batch_size': 109, 'beta_1': 0.8020349577699303, 'beta_2': 0.9996078769911332, 'epsilon': 7.223306064435653e-07, 'hidden_layer_sizes': 164, 'learning_rate_init': 0.0006648458779165508, 'tol': 1.6857561011296173e-05, 'validation_fraction': 0.3531579042375994}]
/home/ryedida/.local/lib/python3.9/site-packages/sklearn/neural_network/_multilayer_perceptron.py:686: ConvergenceWarning: Stochastic Optimizer: Maximum iterations (200) reached and the optimization hasn't converged yet.
  warnings.warn(

function_evaluation time 1.275095 value 24925.690469 suggestion {'alpha': 4.262015448641753, 'batch_size': 109, 'beta_1': 0.8020349577699303, 'beta_2': 0.9996078769911332, 'epsilon': 7.223306064435653e-07, 'hidden_layer_sizes': 164, 'learning_rate_init': 0.0006648458779165508, 'tol': 1.6857561011296173e-05, 'validation_fraction': 0.3531579042375994}
observation time 0.000006, current best 4062.637327 at iter 2
Failure in optimizer suggest. Falling back to random search.
name 'activ' is not defined
Traceback (most recent call last):
  File "/home/ryedida/.local/lib/python3.9/site-packages/bayesmark/experiment.py", line 126, in run_study
    next_points = optimizer.suggest(n_suggestions)
  File "/home/ryedida/bbo_challenge_starter_kit/example_submissions/smoothness/optimizer.py", line 105, in suggest
    betas = [self._get_smoothness_reg(guess) for guess in guesses]
  File "/home/ryedida/bbo_challenge_starter_kit/example_submissions/smoothness/optimizer.py", line 105, in <listcomp>
    betas = [self._get_smoothness_reg(guess) for guess in guesses]
  File "/home/ryedida/bbo_challenge_starter_kit/example_submissions/smoothness/optimizer.py", line 48, in _get_smoothness_reg
    if activ > Kz:
NameError: name 'activ' is not defined
suggestion time taken 0.329663 iter 3 next_points [{'alpha': 0.04077126464562596, 'batch_size': 134, 'beta_1': 0.690363504893739, 'beta_2': 0.9995522828485562, 'epsilon': 7.742278837793975e-09, 'hidden_layer_sizes': 78, 'learning_rate_init': 1.7546432136960887e-05, 'tol': 0.02012438681256408, 'validation_fraction': 0.10319999372083938}]
function_evaluation time 0.070454 value 29065.744894 suggestion {'alpha': 0.04077126464562596, 'batch_size': 134, 'beta_1': 0.690363504893739, 'beta_2': 0.9995522828485562, 'epsilon': 7.742278837793975e-09, 'hidden_layer_sizes': 78, 'learning_rate_init': 1.7546432136960887e-05, 'tol': 0.02012438681256408, 'validation_fraction': 0.10319999372083938}
observation time 0.000006, current best 4062.637327 at iter 3
Failure in optimizer suggest. Falling back to random search.
name 'activ' is not defined
Traceback (most recent call last):
  File "/home/ryedida/.local/lib/python3.9/site-packages/bayesmark/experiment.py", line 126, in run_study
    next_points = optimizer.suggest(n_suggestions)
  File "/home/ryedida/bbo_challenge_starter_kit/example_submissions/smoothness/optimizer.py", line 105, in suggest
    betas = [self._get_smoothness_reg(guess) for guess in guesses]
  File "/home/ryedida/bbo_challenge_starter_kit/example_submissions/smoothness/optimizer.py", line 105, in <listcomp>
    betas = [self._get_smoothness_reg(guess) for guess in guesses]
  File "/home/ryedida/bbo_challenge_starter_kit/example_submissions/smoothness/optimizer.py", line 48, in _get_smoothness_reg
    if activ > Kz:
NameError: name 'activ' is not defined
suggestion time taken 0.329319 iter 4 next_points [{'alpha': 4.74421125672092, 'batch_size': 123, 'beta_1': 0.8936694550483519, 'beta_2': 0.999730225870223, 'epsilon': 2.7773468687597833e-09, 'hidden_layer_sizes': 169, 'learning_rate_init': 0.024364084336406164, 'tol': 0.002084498358209897, 'validation_fraction': 0.7781865445822422}]
/home/ryedida/.local/lib/python3.9/site-packages/sklearn/neural_network/_multilayer_perceptron.py:605: UserWarning: Got `batch_size` less than 1 or larger than sample size. It is going to be clipped
  warnings.warn(

function_evaluation time 0.283325 value 3905.199289 suggestion {'alpha': 4.74421125672092, 'batch_size': 123, 'beta_1': 0.8936694550483519, 'beta_2': 0.999730225870223, 'epsilon': 2.7773468687597833e-09, 'hidden_layer_sizes': 169, 'learning_rate_init': 0.024364084336406164, 'tol': 0.002084498358209897, 'validation_fraction': 0.7781865445822422}
observation time 0.000006, current best 3905.199289 at iter 4
Failure in optimizer suggest. Falling back to random search.
name 'activ' is not defined
Traceback (most recent call last):
  File "/home/ryedida/.local/lib/python3.9/site-packages/bayesmark/experiment.py", line 126, in run_study
    next_points = optimizer.suggest(n_suggestions)
  File "/home/ryedida/bbo_challenge_starter_kit/example_submissions/smoothness/optimizer.py", line 105, in suggest
    betas = [self._get_smoothness_reg(guess) for guess in guesses]
  File "/home/ryedida/bbo_challenge_starter_kit/example_submissions/smoothness/optimizer.py", line 105, in <listcomp>
    betas = [self._get_smoothness_reg(guess) for guess in guesses]
  File "/home/ryedida/bbo_challenge_starter_kit/example_submissions/smoothness/optimizer.py", line 48, in _get_smoothness_reg
    if activ > Kz:
NameError: name 'activ' is not defined
suggestion time taken 0.326999 iter 5 next_points [{'alpha': 0.00012557157643752832, 'batch_size': 175, 'beta_1': 0.5425335514872854, 'beta_2': 0.9998959090790372, 'epsilon': 2.104907162656508e-09, 'hidden_layer_sizes': 74, 'learning_rate_init': 0.0010502608953843163, 'tol': 0.0033957806067230305, 'validation_fraction': 0.4362689250170055}]
function_evaluation time 0.054497 value 29048.913184 suggestion {'alpha': 0.00012557157643752832, 'batch_size': 175, 'beta_1': 0.5425335514872854, 'beta_2': 0.9998959090790372, 'epsilon': 2.104907162656508e-09, 'hidden_layer_sizes': 74, 'learning_rate_init': 0.0010502608953843163, 'tol': 0.0033957806067230305, 'validation_fraction': 0.4362689250170055}
observation time 0.000007, current best 3905.199289 at iter 5
Failure in optimizer suggest. Falling back to random search.
name 'activ' is not defined
Traceback (most recent call last):
  File "/home/ryedida/.local/lib/python3.9/site-packages/bayesmark/experiment.py", line 126, in run_study
    next_points = optimizer.suggest(n_suggestions)
  File "/home/ryedida/bbo_challenge_starter_kit/example_submissions/smoothness/optimizer.py", line 105, in suggest
    betas = [self._get_smoothness_reg(guess) for guess in guesses]
  File "/home/ryedida/bbo_challenge_starter_kit/example_submissions/smoothness/optimizer.py", line 105, in <listcomp>
    betas = [self._get_smoothness_reg(guess) for guess in guesses]
  File "/home/ryedida/bbo_challenge_starter_kit/example_submissions/smoothness/optimizer.py", line 48, in _get_smoothness_reg
    if activ > Kz:
NameError: name 'activ' is not defined
suggestion time taken 0.331883 iter 6 next_points [{'alpha': 0.6769576282477269, 'batch_size': 31, 'beta_1': 0.9855409988096367, 'beta_2': 0.9999462474375207, 'epsilon': 2.2291809705366645e-08, 'hidden_layer_sizes': 72, 'learning_rate_init': 0.0003859120636201897, 'tol': 0.0001528028166820616, 'validation_fraction': 0.882672915459059}]
/home/ryedida/.local/lib/python3.9/site-packages/sklearn/neural_network/_multilayer_perceptron.py:686: ConvergenceWarning: Stochastic Optimizer: Maximum iterations (200) reached and the optimization hasn't converged yet.
  warnings.warn(

function_evaluation time 0.808828 value 28613.973505 suggestion {'alpha': 0.6769576282477269, 'batch_size': 31, 'beta_1': 0.9855409988096367, 'beta_2': 0.9999462474375207, 'epsilon': 2.2291809705366645e-08, 'hidden_layer_sizes': 72, 'learning_rate_init': 0.0003859120636201897, 'tol': 0.0001528028166820616, 'validation_fraction': 0.882672915459059}
observation time 0.000005, current best 3905.199289 at iter 6
Failure in optimizer suggest. Falling back to random search.
name 'activ' is not defined
Traceback (most recent call last):
  File "/home/ryedida/.local/lib/python3.9/site-packages/bayesmark/experiment.py", line 126, in run_study
    next_points = optimizer.suggest(n_suggestions)
  File "/home/ryedida/bbo_challenge_starter_kit/example_submissions/smoothness/optimizer.py", line 105, in suggest
    betas = [self._get_smoothness_reg(guess) for guess in guesses]
  File "/home/ryedida/bbo_challenge_starter_kit/example_submissions/smoothness/optimizer.py", line 105, in <listcomp>
    betas = [self._get_smoothness_reg(guess) for guess in guesses]
  File "/home/ryedida/bbo_challenge_starter_kit/example_submissions/smoothness/optimizer.py", line 48, in _get_smoothness_reg
    if activ > Kz:
NameError: name 'activ' is not defined
suggestion time taken 0.463917 iter 7 next_points [{'alpha': 5.341655826910968e-05, 'batch_size': 243, 'beta_1': 0.6086122866433431, 'beta_2': 0.9997387141832768, 'epsilon': 7.696981596255186e-07, 'hidden_layer_sizes': 77, 'learning_rate_init': 0.019684899480347982, 'tol': 7.035080750588393e-05, 'validation_fraction': 0.1070461454017544}]
function_evaluation time 0.708104 value 3192.082415 suggestion {'alpha': 5.341655826910968e-05, 'batch_size': 243, 'beta_1': 0.6086122866433431, 'beta_2': 0.9997387141832768, 'epsilon': 7.696981596255186e-07, 'hidden_layer_sizes': 77, 'learning_rate_init': 0.019684899480347982, 'tol': 7.035080750588393e-05, 'validation_fraction': 0.1070461454017544}
observation time 0.000005, current best 3192.082415 at iter 7
Failure in optimizer suggest. Falling back to random search.
name 'activ' is not defined
Traceback (most recent call last):
  File "/home/ryedida/.local/lib/python3.9/site-packages/bayesmark/experiment.py", line 126, in run_study
    next_points = optimizer.suggest(n_suggestions)
  File "/home/ryedida/bbo_challenge_starter_kit/example_submissions/smoothness/optimizer.py", line 105, in suggest
    betas = [self._get_smoothness_reg(guess) for guess in guesses]
  File "/home/ryedida/bbo_challenge_starter_kit/example_submissions/smoothness/optimizer.py", line 105, in <listcomp>
    betas = [self._get_smoothness_reg(guess) for guess in guesses]
  File "/home/ryedida/bbo_challenge_starter_kit/example_submissions/smoothness/optimizer.py", line 48, in _get_smoothness_reg
    if activ > Kz:
NameError: name 'activ' is not defined
suggestion time taken 0.328782 iter 8 next_points [{'alpha': 0.0004038847688808405, 'batch_size': 59, 'beta_1': 0.9885778506806835, 'beta_2': 0.9990759720354812, 'epsilon': 3.965417506232188e-07, 'hidden_layer_sizes': 153, 'learning_rate_init': 0.012105566193787574, 'tol': 0.03054042271305609, 'validation_fraction': 0.8488127411909656}]
/home/ryedida/.local/lib/python3.9/site-packages/sklearn/neural_network/_multilayer_perceptron.py:605: UserWarning: Got `batch_size` less than 1 or larger than sample size. It is going to be clipped
  warnings.warn(

function_evaluation time 0.053563 value 28272.380200 suggestion {'alpha': 0.0004038847688808405, 'batch_size': 59, 'beta_1': 0.9885778506806835, 'beta_2': 0.9990759720354812, 'epsilon': 3.965417506232188e-07, 'hidden_layer_sizes': 153, 'learning_rate_init': 0.012105566193787574, 'tol': 0.03054042271305609, 'validation_fraction': 0.8488127411909656}
observation time 0.000007, current best 3192.082415 at iter 8
Failure in optimizer suggest. Falling back to random search.
name 'activ' is not defined
Traceback (most recent call last):
  File "/home/ryedida/.local/lib/python3.9/site-packages/bayesmark/experiment.py", line 126, in run_study
    next_points = optimizer.suggest(n_suggestions)
  File "/home/ryedida/bbo_challenge_starter_kit/example_submissions/smoothness/optimizer.py", line 105, in suggest
    betas = [self._get_smoothness_reg(guess) for guess in guesses]
  File "/home/ryedida/bbo_challenge_starter_kit/example_submissions/smoothness/optimizer.py", line 105, in <listcomp>
    betas = [self._get_smoothness_reg(guess) for guess in guesses]
  File "/home/ryedida/bbo_challenge_starter_kit/example_submissions/smoothness/optimizer.py", line 48, in _get_smoothness_reg
    if activ > Kz:
NameError: name 'activ' is not defined
suggestion time taken 0.329524 iter 9 next_points [{'alpha': 0.02778592360582046, 'batch_size': 226, 'beta_1': 0.7409115798476353, 'beta_2': 0.9401159412162483, 'epsilon': 2.0162682779028747e-07, 'hidden_layer_sizes': 128, 'learning_rate_init': 0.0009014990890432293, 'tol': 0.0020503568566985404, 'validation_fraction': 0.8716507918129436}]
/home/ryedida/.local/lib/python3.9/site-packages/sklearn/neural_network/_multilayer_perceptron.py:605: UserWarning: Got `batch_size` less than 1 or larger than sample size. It is going to be clipped
  warnings.warn(

function_evaluation time 0.054374 value 29081.136327 suggestion {'alpha': 0.02778592360582046, 'batch_size': 226, 'beta_1': 0.7409115798476353, 'beta_2': 0.9401159412162483, 'epsilon': 2.0162682779028747e-07, 'hidden_layer_sizes': 128, 'learning_rate_init': 0.0009014990890432293, 'tol': 0.0020503568566985404, 'validation_fraction': 0.8716507918129436}
observation time 0.000005, current best 3192.082415 at iter 9
Failure in optimizer suggest. Falling back to random search.
name 'activ' is not defined
Traceback (most recent call last):
  File "/home/ryedida/.local/lib/python3.9/site-packages/bayesmark/experiment.py", line 126, in run_study
    next_points = optimizer.suggest(n_suggestions)
  File "/home/ryedida/bbo_challenge_starter_kit/example_submissions/smoothness/optimizer.py", line 105, in suggest
    betas = [self._get_smoothness_reg(guess) for guess in guesses]
  File "/home/ryedida/bbo_challenge_starter_kit/example_submissions/smoothness/optimizer.py", line 105, in <listcomp>
    betas = [self._get_smoothness_reg(guess) for guess in guesses]
  File "/home/ryedida/bbo_challenge_starter_kit/example_submissions/smoothness/optimizer.py", line 48, in _get_smoothness_reg
    if activ > Kz:
NameError: name 'activ' is not defined
suggestion time taken 0.321476 iter 10 next_points [{'alpha': 0.0010727870218962313, 'batch_size': 231, 'beta_1': 0.9840240217852201, 'beta_2': 0.9981927397471634, 'epsilon': 3.97522169059408e-08, 'hidden_layer_sizes': 135, 'learning_rate_init': 0.00046480171823551944, 'tol': 0.00023357568229397842, 'validation_fraction': 0.21800212314074272}]
/home/ryedida/.local/lib/python3.9/site-packages/sklearn/neural_network/_multilayer_perceptron.py:686: ConvergenceWarning: Stochastic Optimizer: Maximum iterations (200) reached and the optimization hasn't converged yet.
  warnings.warn(

function_evaluation time 0.991897 value 28600.378951 suggestion {'alpha': 0.0010727870218962313, 'batch_size': 231, 'beta_1': 0.9840240217852201, 'beta_2': 0.9981927397471634, 'epsilon': 3.97522169059408e-08, 'hidden_layer_sizes': 135, 'learning_rate_init': 0.00046480171823551944, 'tol': 0.00023357568229397842, 'validation_fraction': 0.21800212314074272}
observation time 0.000006, current best 3192.082415 at iter 10
Failure in optimizer suggest. Falling back to random search.
name 'activ' is not defined
Traceback (most recent call last):
  File "/home/ryedida/.local/lib/python3.9/site-packages/bayesmark/experiment.py", line 126, in run_study
    next_points = optimizer.suggest(n_suggestions)
  File "/home/ryedida/bbo_challenge_starter_kit/example_submissions/smoothness/optimizer.py", line 105, in suggest
    betas = [self._get_smoothness_reg(guess) for guess in guesses]
  File "/home/ryedida/bbo_challenge_starter_kit/example_submissions/smoothness/optimizer.py", line 105, in <listcomp>
    betas = [self._get_smoothness_reg(guess) for guess in guesses]
  File "/home/ryedida/bbo_challenge_starter_kit/example_submissions/smoothness/optimizer.py", line 48, in _get_smoothness_reg
    if activ > Kz:
NameError: name 'activ' is not defined
suggestion time taken 0.327481 iter 11 next_points [{'alpha': 0.1779314878241986, 'batch_size': 234, 'beta_1': 0.9854751021080358, 'beta_2': 0.9999982016683672, 'epsilon': 7.720767921058403e-09, 'hidden_layer_sizes': 98, 'learning_rate_init': 2.0900809144665244e-05, 'tol': 0.0009222460251145235, 'validation_fraction': 0.7022090909703275}]
/home/ryedida/.local/lib/python3.9/site-packages/sklearn/neural_network/_multilayer_perceptron.py:605: UserWarning: Got `batch_size` less than 1 or larger than sample size. It is going to be clipped
  warnings.warn(

function_evaluation time 0.050820 value 29128.602161 suggestion {'alpha': 0.1779314878241986, 'batch_size': 234, 'beta_1': 0.9854751021080358, 'beta_2': 0.9999982016683672, 'epsilon': 7.720767921058403e-09, 'hidden_layer_sizes': 98, 'learning_rate_init': 2.0900809144665244e-05, 'tol': 0.0009222460251145235, 'validation_fraction': 0.7022090909703275}
observation time 0.000005, current best 3192.082415 at iter 11
Failure in optimizer suggest. Falling back to random search.
name 'activ' is not defined
Traceback (most recent call last):
  File "/home/ryedida/.local/lib/python3.9/site-packages/bayesmark/experiment.py", line 126, in run_study
    next_points = optimizer.suggest(n_suggestions)
  File "/home/ryedida/bbo_challenge_starter_kit/example_submissions/smoothness/optimizer.py", line 105, in suggest
    betas = [self._get_smoothness_reg(guess) for guess in guesses]
  File "/home/ryedida/bbo_challenge_starter_kit/example_submissions/smoothness/optimizer.py", line 105, in <listcomp>
    betas = [self._get_smoothness_reg(guess) for guess in guesses]
  File "/home/ryedida/bbo_challenge_starter_kit/example_submissions/smoothness/optimizer.py", line 48, in _get_smoothness_reg
    if activ > Kz:
NameError: name 'activ' is not defined
suggestion time taken 0.320933 iter 12 next_points [{'alpha': 5.072359249369658, 'batch_size': 180, 'beta_1': 0.861195664910057, 'beta_2': 0.9999862118717741, 'epsilon': 1.81744413918455e-07, 'hidden_layer_sizes': 172, 'learning_rate_init': 0.024873017100984038, 'tol': 0.0009098743761904646, 'validation_fraction': 0.870630109903964}]
/home/ryedida/.local/lib/python3.9/site-packages/sklearn/neural_network/_multilayer_perceptron.py:605: UserWarning: Got `batch_size` less than 1 or larger than sample size. It is going to be clipped
  warnings.warn(

function_evaluation time 0.364259 value 3668.933105 suggestion {'alpha': 5.072359249369658, 'batch_size': 180, 'beta_1': 0.861195664910057, 'beta_2': 0.9999862118717741, 'epsilon': 1.81744413918455e-07, 'hidden_layer_sizes': 172, 'learning_rate_init': 0.024873017100984038, 'tol': 0.0009098743761904646, 'validation_fraction': 0.870630109903964}
observation time 0.000005, current best 3192.082415 at iter 12
Failure in optimizer suggest. Falling back to random search.
name 'activ' is not defined
Traceback (most recent call last):
  File "/home/ryedida/.local/lib/python3.9/site-packages/bayesmark/experiment.py", line 126, in run_study
    next_points = optimizer.suggest(n_suggestions)
  File "/home/ryedida/bbo_challenge_starter_kit/example_submissions/smoothness/optimizer.py", line 105, in suggest
    betas = [self._get_smoothness_reg(guess) for guess in guesses]
  File "/home/ryedida/bbo_challenge_starter_kit/example_submissions/smoothness/optimizer.py", line 105, in <listcomp>
    betas = [self._get_smoothness_reg(guess) for guess in guesses]
  File "/home/ryedida/bbo_challenge_starter_kit/example_submissions/smoothness/optimizer.py", line 48, in _get_smoothness_reg
    if activ > Kz:
NameError: name 'activ' is not defined
suggestion time taken 0.323946 iter 13 next_points [{'alpha': 4.747354211805764, 'batch_size': 52, 'beta_1': 0.9612893972048422, 'beta_2': 0.9999859885142863, 'epsilon': 1.778770872675886e-07, 'hidden_layer_sizes': 158, 'learning_rate_init': 0.002872759588065587, 'tol': 5.478527977799321e-05, 'validation_fraction': 0.5502169688477875}]
/home/ryedida/.local/lib/python3.9/site-packages/sklearn/neural_network/_multilayer_perceptron.py:686: ConvergenceWarning: Stochastic Optimizer: Maximum iterations (200) reached and the optimization hasn't converged yet.
  warnings.warn(

function_evaluation time 1.308973 value 3796.227280 suggestion {'alpha': 4.747354211805764, 'batch_size': 52, 'beta_1': 0.9612893972048422, 'beta_2': 0.9999859885142863, 'epsilon': 1.778770872675886e-07, 'hidden_layer_sizes': 158, 'learning_rate_init': 0.002872759588065587, 'tol': 5.478527977799321e-05, 'validation_fraction': 0.5502169688477875}
observation time 0.000005, current best 3192.082415 at iter 13
Failure in optimizer suggest. Falling back to random search.
name 'activ' is not defined
Traceback (most recent call last):
  File "/home/ryedida/.local/lib/python3.9/site-packages/bayesmark/experiment.py", line 126, in run_study
    next_points = optimizer.suggest(n_suggestions)
  File "/home/ryedida/bbo_challenge_starter_kit/example_submissions/smoothness/optimizer.py", line 105, in suggest
    betas = [self._get_smoothness_reg(guess) for guess in guesses]
  File "/home/ryedida/bbo_challenge_starter_kit/example_submissions/smoothness/optimizer.py", line 105, in <listcomp>
    betas = [self._get_smoothness_reg(guess) for guess in guesses]
  File "/home/ryedida/bbo_challenge_starter_kit/example_submissions/smoothness/optimizer.py", line 48, in _get_smoothness_reg
    if activ > Kz:
NameError: name 'activ' is not defined
suggestion time taken 0.329824 iter 14 next_points [{'alpha': 2.7371834262677366e-05, 'batch_size': 79, 'beta_1': 0.7311200765689717, 'beta_2': 0.9917794641796329, 'epsilon': 9.694665108171515e-09, 'hidden_layer_sizes': 55, 'learning_rate_init': 0.0226427290134444, 'tol': 0.0007335237725058687, 'validation_fraction': 0.6900830214487962}]
function_evaluation time 0.486151 value 3181.829268 suggestion {'alpha': 2.7371834262677366e-05, 'batch_size': 79, 'beta_1': 0.7311200765689717, 'beta_2': 0.9917794641796329, 'epsilon': 9.694665108171515e-09, 'hidden_layer_sizes': 55, 'learning_rate_init': 0.0226427290134444, 'tol': 0.0007335237725058687, 'validation_fraction': 0.6900830214487962}
observation time 0.000005, current best 3181.829268 at iter 14
saving meta data: {'args': {'--uuid': '0979517ed427588e9c134626a42f2ba8', '-db-root': '/home/ryedida/bbo_challenge_starter_kit/output', '--opt-root': '/home/ryedida/bbo_challenge_starter_kit/example_submissions', '--data-root': None, '--db': 'run_20230425_055340', '--opt': 'smoothness', '--data': 'diabetes', '--classifier': 'MLP-adam', '--metric': 'mse', '--calls': 15, '--suggestions': 1, '--jobs-file': None, '--verbose': False, 'dry_run': False, 'rev': 'a376313', 'opt_rev': 'x.x.x'}, 'signature': ([{'alpha': 0.019628224813442792, 'batch_size': 182, 'beta_1': 0.9410202200271762, 'beta_2': 0.9998021557676793, 'epsilon': 1.8662266976518e-08, 'hidden_layer_sizes': 147, 'learning_rate_init': 0.0005627932047415167, 'tol': 0.03690557729213761, 'validation_fraction': 0.8846827852548593}, {'alpha': 0.0019982467392329444, 'batch_size': 200, 'beta_1': 0.919111482530466, 'beta_2': 0.9998488260436156, 'epsilon': 5.981221901152555e-07, 'hidden_layer_sizes': 61, 'learning_rate_init': 2.2310905607443014e-05, 'tol': 1.2046852412030316e-05, 'validation_fraction': 0.8117896445826539}, {'alpha': 0.46659545670218433, 'batch_size': 219, 'beta_1': 0.9889789783750891, 'beta_2': 0.9999896868093284, 'epsilon': 2.4234724484675948e-08, 'hidden_layer_sizes': 167, 'learning_rate_init': 2.972334644335654e-05, 'tol': 0.0036281404040243792, 'validation_fraction': 0.17260651658522078}, {'alpha': 4.656005689076002, 'batch_size': 135, 'beta_1': 0.870503881627747, 'beta_2': 0.9948873266941017, 'epsilon': 2.1023308743480125e-07, 'hidden_layer_sizes': 118, 'learning_rate_init': 0.0018781738757161913, 'tol': 1.1889379831773004e-05, 'validation_fraction': 0.6264327093752792}, {'alpha': 0.04705159350400542, 'batch_size': 158, 'beta_1': 0.9870884262730957, 'beta_2': 0.9999596874382349, 'epsilon': 1.1981845126013875e-08, 'hidden_layer_sizes': 116, 'learning_rate_init': 0.00617340520407431, 'tol': 1.741413418158619e-05, 'validation_fraction': 0.6754299026638921}], [29083.993548572587, 29062.423277324073, 29075.78987471409, 24626.32866834337, 9584.226858493177])}
saving results
saving timing
saving suggest log
done
