running: {'--uuid': '1094c65343805246a952448a349549df', '-db-root': '/home/ryedida/bbo_challenge_starter_kit/output', '--opt-root': '/home/ryedida/bbo_challenge_starter_kit/example_submissions', '--data-root': None, '--db': 'run_20230425_055340', '--opt': 'smoothness', '--data': 'diabetes', '--classifier': 'MLP-adam', '--metric': 'mae', '--calls': 15, '--suggestions': 1, '--jobs-file': None, '--verbose': False, 'dry_run': False, 'rev': 'a376313', 'opt_rev': 'x.x.x'}
cmd: python smoothness/optimizer.py -c MLP-adam -d diabetes -o smoothness -u 1094c65343805246a952448a349549df -m mae -n 15 -p 1 -dir /home/ryedida/bbo_challenge_starter_kit/output -b run_20230425_055340
/home/ryedida/.local/lib/python3.9/site-packages/sklearn/neural_network/_multilayer_perceptron.py:605: UserWarning: Got `batch_size` less than 1 or larger than sample size. It is going to be clipped
  warnings.warn(

/home/ryedida/.local/lib/python3.9/site-packages/sklearn/neural_network/_multilayer_perceptron.py:605: UserWarning: Got `batch_size` less than 1 or larger than sample size. It is going to be clipped
  warnings.warn(

/home/ryedida/.local/lib/python3.9/site-packages/sklearn/neural_network/_multilayer_perceptron.py:605: UserWarning: Got `batch_size` less than 1 or larger than sample size. It is going to be clipped
  warnings.warn(

/home/ryedida/.local/lib/python3.9/site-packages/sklearn/neural_network/_multilayer_perceptron.py:686: ConvergenceWarning: Stochastic Optimizer: Maximum iterations (200) reached and the optimization hasn't converged yet.
  warnings.warn(

/home/ryedida/.local/lib/python3.9/site-packages/sklearn/neural_network/_multilayer_perceptron.py:605: UserWarning: Got `batch_size` less than 1 or larger than sample size. It is going to be clipped
  warnings.warn(

/home/ryedida/.local/lib/python3.9/site-packages/sklearn/neural_network/_multilayer_perceptron.py:686: ConvergenceWarning: Stochastic Optimizer: Maximum iterations (200) reached and the optimization hasn't converged yet.
  warnings.warn(

computed signature: ([{'alpha': 0.019628224813442792, 'batch_size': 182, 'beta_1': 0.9410202200271762, 'beta_2': 0.9998021557676793, 'epsilon': 1.8662266976518e-08, 'hidden_layer_sizes': 147, 'learning_rate_init': 0.0005627932047415167, 'tol': 0.03690557729213761, 'validation_fraction': 0.8846827852548593}, {'alpha': 0.0019982467392329444, 'batch_size': 200, 'beta_1': 0.919111482530466, 'beta_2': 0.9998488260436156, 'epsilon': 5.981221901152555e-07, 'hidden_layer_sizes': 61, 'learning_rate_init': 2.2310905607443014e-05, 'tol': 1.2046852412030316e-05, 'validation_fraction': 0.8117896445826539}, {'alpha': 0.46659545670218433, 'batch_size': 219, 'beta_1': 0.9889789783750891, 'beta_2': 0.9999896868093284, 'epsilon': 2.4234724484675948e-08, 'hidden_layer_sizes': 167, 'learning_rate_init': 2.972334644335654e-05, 'tol': 0.0036281404040243792, 'validation_fraction': 0.17260651658522078}, {'alpha': 4.656005689076002, 'batch_size': 135, 'beta_1': 0.870503881627747, 'beta_2': 0.9948873266941017, 'epsilon': 2.1023308743480125e-07, 'hidden_layer_sizes': 118, 'learning_rate_init': 0.0018781738757161913, 'tol': 1.1889379831773004e-05, 'validation_fraction': 0.6264327093752792}, {'alpha': 0.04705159350400542, 'batch_size': 158, 'beta_1': 0.9870884262730957, 'beta_2': 0.9999596874382349, 'epsilon': 1.1981845126013875e-08, 'hidden_layer_sizes': 116, 'learning_rate_init': 0.00617340520407431, 'tol': 1.741413418158619e-05, 'validation_fraction': 0.6754299026638921}], [151.4971925380264, 151.42763539278994, 151.47026299046811, 136.86202504264318, 75.2055865763391])
Signature errors:
                                  0             1             2         3         4       max
MLP-adam_diabetes_mae  1.919244e-08  6.198704e-08  7.624578e-09  0.000007  0.000034  0.000034
max                    1.919244e-08  6.198704e-08  7.624578e-09  0.000007  0.000034  0.000034
starting sklearn study smoothness MLP-adam diabetes mae 15 1
with data root: None
Failure in optimizer suggest. Falling back to random search.
name 'activ' is not defined
Traceback (most recent call last):
  File "/home/ryedida/.local/lib/python3.9/site-packages/bayesmark/experiment.py", line 126, in run_study
    next_points = optimizer.suggest(n_suggestions)
  File "/home/ryedida/bbo_challenge_starter_kit/example_submissions/smoothness/optimizer.py", line 105, in suggest
    betas = [self._get_smoothness_reg(guess) for guess in guesses]
  File "/home/ryedida/bbo_challenge_starter_kit/example_submissions/smoothness/optimizer.py", line 105, in <listcomp>
    betas = [self._get_smoothness_reg(guess) for guess in guesses]
  File "/home/ryedida/bbo_challenge_starter_kit/example_submissions/smoothness/optimizer.py", line 48, in _get_smoothness_reg
    if activ > Kz:
NameError: name 'activ' is not defined
suggestion time taken 0.499969 iter 0 next_points [{'alpha': 0.001283520734574621, 'batch_size': 187, 'beta_1': 0.706675648608013, 'beta_2': 0.9999968593538644, 'epsilon': 2.6062528931191987e-07, 'hidden_layer_sizes': 194, 'learning_rate_init': 0.0008062715651757467, 'tol': 0.05557951220246328, 'validation_fraction': 0.4822750266569354}]
/home/ryedida/.local/lib/python3.9/site-packages/sklearn/neural_network/_multilayer_perceptron.py:605: UserWarning: Got `batch_size` less than 1 or larger than sample size. It is going to be clipped
  warnings.warn(

function_evaluation time 0.077154 value 151.376768 suggestion {'alpha': 0.001283520734574621, 'batch_size': 187, 'beta_1': 0.706675648608013, 'beta_2': 0.9999968593538644, 'epsilon': 2.6062528931191987e-07, 'hidden_layer_sizes': 194, 'learning_rate_init': 0.0008062715651757467, 'tol': 0.05557951220246328, 'validation_fraction': 0.4822750266569354}
observation time 0.000007, current best 151.376768 at iter 0
Failure in optimizer suggest. Falling back to random search.
name 'activ' is not defined
Traceback (most recent call last):
  File "/home/ryedida/.local/lib/python3.9/site-packages/bayesmark/experiment.py", line 126, in run_study
    next_points = optimizer.suggest(n_suggestions)
  File "/home/ryedida/bbo_challenge_starter_kit/example_submissions/smoothness/optimizer.py", line 105, in suggest
    betas = [self._get_smoothness_reg(guess) for guess in guesses]
  File "/home/ryedida/bbo_challenge_starter_kit/example_submissions/smoothness/optimizer.py", line 105, in <listcomp>
    betas = [self._get_smoothness_reg(guess) for guess in guesses]
  File "/home/ryedida/bbo_challenge_starter_kit/example_submissions/smoothness/optimizer.py", line 48, in _get_smoothness_reg
    if activ > Kz:
NameError: name 'activ' is not defined
suggestion time taken 0.327427 iter 1 next_points [{'alpha': 0.011267556099612372, 'batch_size': 31, 'beta_1': 0.9598178775970088, 'beta_2': 0.9999807796218756, 'epsilon': 8.034032858986042e-08, 'hidden_layer_sizes': 120, 'learning_rate_init': 0.03181715158126994, 'tol': 2.1710679418225816e-05, 'validation_fraction': 0.5722540103828085}]
function_evaluation time 0.546012 value 44.923187 suggestion {'alpha': 0.011267556099612372, 'batch_size': 31, 'beta_1': 0.9598178775970088, 'beta_2': 0.9999807796218756, 'epsilon': 8.034032858986042e-08, 'hidden_layer_sizes': 120, 'learning_rate_init': 0.03181715158126994, 'tol': 2.1710679418225816e-05, 'validation_fraction': 0.5722540103828085}
observation time 0.000006, current best 44.923187 at iter 1
Failure in optimizer suggest. Falling back to random search.
name 'activ' is not defined
Traceback (most recent call last):
  File "/home/ryedida/.local/lib/python3.9/site-packages/bayesmark/experiment.py", line 126, in run_study
    next_points = optimizer.suggest(n_suggestions)
  File "/home/ryedida/bbo_challenge_starter_kit/example_submissions/smoothness/optimizer.py", line 105, in suggest
    betas = [self._get_smoothness_reg(guess) for guess in guesses]
  File "/home/ryedida/bbo_challenge_starter_kit/example_submissions/smoothness/optimizer.py", line 105, in <listcomp>
    betas = [self._get_smoothness_reg(guess) for guess in guesses]
  File "/home/ryedida/bbo_challenge_starter_kit/example_submissions/smoothness/optimizer.py", line 48, in _get_smoothness_reg
    if activ > Kz:
NameError: name 'activ' is not defined
suggestion time taken 0.326633 iter 2 next_points [{'alpha': 0.00408962229902114, 'batch_size': 245, 'beta_1': 0.9700792330668282, 'beta_2': 0.9999583638770636, 'epsilon': 1.6513799492838352e-09, 'hidden_layer_sizes': 92, 'learning_rate_init': 0.0006968665110145008, 'tol': 8.656018168101423e-05, 'validation_fraction': 0.3446402682789027}]
/home/ryedida/.local/lib/python3.9/site-packages/sklearn/neural_network/_multilayer_perceptron.py:605: UserWarning: Got `batch_size` less than 1 or larger than sample size. It is going to be clipped
  warnings.warn(

/home/ryedida/.local/lib/python3.9/site-packages/sklearn/neural_network/_multilayer_perceptron.py:686: ConvergenceWarning: Stochastic Optimizer: Maximum iterations (200) reached and the optimization hasn't converged yet.
  warnings.warn(

function_evaluation time 0.772007 value 149.416703 suggestion {'alpha': 0.00408962229902114, 'batch_size': 245, 'beta_1': 0.9700792330668282, 'beta_2': 0.9999583638770636, 'epsilon': 1.6513799492838352e-09, 'hidden_layer_sizes': 92, 'learning_rate_init': 0.0006968665110145008, 'tol': 8.656018168101423e-05, 'validation_fraction': 0.3446402682789027}
observation time 0.000006, current best 44.923187 at iter 2
Failure in optimizer suggest. Falling back to random search.
name 'activ' is not defined
Traceback (most recent call last):
  File "/home/ryedida/.local/lib/python3.9/site-packages/bayesmark/experiment.py", line 126, in run_study
    next_points = optimizer.suggest(n_suggestions)
  File "/home/ryedida/bbo_challenge_starter_kit/example_submissions/smoothness/optimizer.py", line 105, in suggest
    betas = [self._get_smoothness_reg(guess) for guess in guesses]
  File "/home/ryedida/bbo_challenge_starter_kit/example_submissions/smoothness/optimizer.py", line 105, in <listcomp>
    betas = [self._get_smoothness_reg(guess) for guess in guesses]
  File "/home/ryedida/bbo_challenge_starter_kit/example_submissions/smoothness/optimizer.py", line 48, in _get_smoothness_reg
    if activ > Kz:
NameError: name 'activ' is not defined
suggestion time taken 0.329162 iter 3 next_points [{'alpha': 0.7253954860469807, 'batch_size': 111, 'beta_1': 0.7775643537099792, 'beta_2': 0.99888010909708, 'epsilon': 7.884257244802277e-08, 'hidden_layer_sizes': 177, 'learning_rate_init': 0.002950321775421652, 'tol': 0.09919073433084818, 'validation_fraction': 0.8422727840178291}]
/home/ryedida/.local/lib/python3.9/site-packages/sklearn/neural_network/_multilayer_perceptron.py:605: UserWarning: Got `batch_size` less than 1 or larger than sample size. It is going to be clipped
  warnings.warn(

function_evaluation time 0.055302 value 150.960394 suggestion {'alpha': 0.7253954860469807, 'batch_size': 111, 'beta_1': 0.7775643537099792, 'beta_2': 0.99888010909708, 'epsilon': 7.884257244802277e-08, 'hidden_layer_sizes': 177, 'learning_rate_init': 0.002950321775421652, 'tol': 0.09919073433084818, 'validation_fraction': 0.8422727840178291}
observation time 0.000005, current best 44.923187 at iter 3
Failure in optimizer suggest. Falling back to random search.
name 'activ' is not defined
Traceback (most recent call last):
  File "/home/ryedida/.local/lib/python3.9/site-packages/bayesmark/experiment.py", line 126, in run_study
    next_points = optimizer.suggest(n_suggestions)
  File "/home/ryedida/bbo_challenge_starter_kit/example_submissions/smoothness/optimizer.py", line 105, in suggest
    betas = [self._get_smoothness_reg(guess) for guess in guesses]
  File "/home/ryedida/bbo_challenge_starter_kit/example_submissions/smoothness/optimizer.py", line 105, in <listcomp>
    betas = [self._get_smoothness_reg(guess) for guess in guesses]
  File "/home/ryedida/bbo_challenge_starter_kit/example_submissions/smoothness/optimizer.py", line 48, in _get_smoothness_reg
    if activ > Kz:
NameError: name 'activ' is not defined
suggestion time taken 0.325776 iter 4 next_points [{'alpha': 2.118551105288765, 'batch_size': 108, 'beta_1': 0.9230897690916159, 'beta_2': 0.9231531516646676, 'epsilon': 3.777363515893719e-09, 'hidden_layer_sizes': 149, 'learning_rate_init': 0.00044388614557775807, 'tol': 0.002813081900423666, 'validation_fraction': 0.3474394991664678}]
function_evaluation time 0.084914 value 151.444128 suggestion {'alpha': 2.118551105288765, 'batch_size': 108, 'beta_1': 0.9230897690916159, 'beta_2': 0.9231531516646676, 'epsilon': 3.777363515893719e-09, 'hidden_layer_sizes': 149, 'learning_rate_init': 0.00044388614557775807, 'tol': 0.002813081900423666, 'validation_fraction': 0.3474394991664678}
observation time 0.000005, current best 44.923187 at iter 4
Failure in optimizer suggest. Falling back to random search.
name 'activ' is not defined
Traceback (most recent call last):
  File "/home/ryedida/.local/lib/python3.9/site-packages/bayesmark/experiment.py", line 126, in run_study
    next_points = optimizer.suggest(n_suggestions)
  File "/home/ryedida/bbo_challenge_starter_kit/example_submissions/smoothness/optimizer.py", line 105, in suggest
    betas = [self._get_smoothness_reg(guess) for guess in guesses]
  File "/home/ryedida/bbo_challenge_starter_kit/example_submissions/smoothness/optimizer.py", line 105, in <listcomp>
    betas = [self._get_smoothness_reg(guess) for guess in guesses]
  File "/home/ryedida/bbo_challenge_starter_kit/example_submissions/smoothness/optimizer.py", line 48, in _get_smoothness_reg
    if activ > Kz:
NameError: name 'activ' is not defined
suggestion time taken 0.325822 iter 5 next_points [{'alpha': 0.00010956141639408038, 'batch_size': 173, 'beta_1': 0.9404788285528055, 'beta_2': 0.9998869025682539, 'epsilon': 4.236073773359894e-08, 'hidden_layer_sizes': 192, 'learning_rate_init': 9.479968205765784e-05, 'tol': 0.004230257474027711, 'validation_fraction': 0.1249698612340946}]
function_evaluation time 0.095586 value 151.442372 suggestion {'alpha': 0.00010956141639408038, 'batch_size': 173, 'beta_1': 0.9404788285528055, 'beta_2': 0.9998869025682539, 'epsilon': 4.236073773359894e-08, 'hidden_layer_sizes': 192, 'learning_rate_init': 9.479968205765784e-05, 'tol': 0.004230257474027711, 'validation_fraction': 0.1249698612340946}
observation time 0.000005, current best 44.923187 at iter 5
Failure in optimizer suggest. Falling back to random search.
name 'activ' is not defined
Traceback (most recent call last):
  File "/home/ryedida/.local/lib/python3.9/site-packages/bayesmark/experiment.py", line 126, in run_study
    next_points = optimizer.suggest(n_suggestions)
  File "/home/ryedida/bbo_challenge_starter_kit/example_submissions/smoothness/optimizer.py", line 105, in suggest
    betas = [self._get_smoothness_reg(guess) for guess in guesses]
  File "/home/ryedida/bbo_challenge_starter_kit/example_submissions/smoothness/optimizer.py", line 105, in <listcomp>
    betas = [self._get_smoothness_reg(guess) for guess in guesses]
  File "/home/ryedida/bbo_challenge_starter_kit/example_submissions/smoothness/optimizer.py", line 48, in _get_smoothness_reg
    if activ > Kz:
NameError: name 'activ' is not defined
suggestion time taken 0.323932 iter 6 next_points [{'alpha': 0.004520172775049528, 'batch_size': 198, 'beta_1': 0.9526697357572753, 'beta_2': 0.9992922708451938, 'epsilon': 7.672111827432245e-08, 'hidden_layer_sizes': 79, 'learning_rate_init': 0.012263938250620167, 'tol': 0.06851184381603365, 'validation_fraction': 0.6136448215362755}]
/home/ryedida/.local/lib/python3.9/site-packages/sklearn/neural_network/_multilayer_perceptron.py:605: UserWarning: Got `batch_size` less than 1 or larger than sample size. It is going to be clipped
  warnings.warn(

function_evaluation time 0.048291 value 149.767297 suggestion {'alpha': 0.004520172775049528, 'batch_size': 198, 'beta_1': 0.9526697357572753, 'beta_2': 0.9992922708451938, 'epsilon': 7.672111827432245e-08, 'hidden_layer_sizes': 79, 'learning_rate_init': 0.012263938250620167, 'tol': 0.06851184381603365, 'validation_fraction': 0.6136448215362755}
observation time 0.000005, current best 44.923187 at iter 6
Failure in optimizer suggest. Falling back to random search.
name 'activ' is not defined
Traceback (most recent call last):
  File "/home/ryedida/.local/lib/python3.9/site-packages/bayesmark/experiment.py", line 126, in run_study
    next_points = optimizer.suggest(n_suggestions)
  File "/home/ryedida/bbo_challenge_starter_kit/example_submissions/smoothness/optimizer.py", line 105, in suggest
    betas = [self._get_smoothness_reg(guess) for guess in guesses]
  File "/home/ryedida/bbo_challenge_starter_kit/example_submissions/smoothness/optimizer.py", line 105, in <listcomp>
    betas = [self._get_smoothness_reg(guess) for guess in guesses]
  File "/home/ryedida/bbo_challenge_starter_kit/example_submissions/smoothness/optimizer.py", line 48, in _get_smoothness_reg
    if activ > Kz:
NameError: name 'activ' is not defined
suggestion time taken 0.461622 iter 7 next_points [{'alpha': 0.06056067525025688, 'batch_size': 133, 'beta_1': 0.7812012609078286, 'beta_2': 0.9999966174559082, 'epsilon': 3.602320033913352e-08, 'hidden_layer_sizes': 99, 'learning_rate_init': 0.0007329424499667428, 'tol': 0.010172081922488778, 'validation_fraction': 0.7975711030108706}]
/home/ryedida/.local/lib/python3.9/site-packages/sklearn/neural_network/_multilayer_perceptron.py:605: UserWarning: Got `batch_size` less than 1 or larger than sample size. It is going to be clipped
  warnings.warn(

function_evaluation time 0.050085 value 151.590420 suggestion {'alpha': 0.06056067525025688, 'batch_size': 133, 'beta_1': 0.7812012609078286, 'beta_2': 0.9999966174559082, 'epsilon': 3.602320033913352e-08, 'hidden_layer_sizes': 99, 'learning_rate_init': 0.0007329424499667428, 'tol': 0.010172081922488778, 'validation_fraction': 0.7975711030108706}
observation time 0.000006, current best 44.923187 at iter 7
Failure in optimizer suggest. Falling back to random search.
name 'activ' is not defined
Traceback (most recent call last):
  File "/home/ryedida/.local/lib/python3.9/site-packages/bayesmark/experiment.py", line 126, in run_study
    next_points = optimizer.suggest(n_suggestions)
  File "/home/ryedida/bbo_challenge_starter_kit/example_submissions/smoothness/optimizer.py", line 105, in suggest
    betas = [self._get_smoothness_reg(guess) for guess in guesses]
  File "/home/ryedida/bbo_challenge_starter_kit/example_submissions/smoothness/optimizer.py", line 105, in <listcomp>
    betas = [self._get_smoothness_reg(guess) for guess in guesses]
  File "/home/ryedida/bbo_challenge_starter_kit/example_submissions/smoothness/optimizer.py", line 48, in _get_smoothness_reg
    if activ > Kz:
NameError: name 'activ' is not defined
suggestion time taken 0.321646 iter 8 next_points [{'alpha': 0.24758490273075273, 'batch_size': 194, 'beta_1': 0.5323383752971335, 'beta_2': 0.9976584137546826, 'epsilon': 2.3586155604139572e-07, 'hidden_layer_sizes': 105, 'learning_rate_init': 0.027621475080102566, 'tol': 0.010818954642661922, 'validation_fraction': 0.27417490350174933}]
function_evaluation time 0.234563 value 51.327127 suggestion {'alpha': 0.24758490273075273, 'batch_size': 194, 'beta_1': 0.5323383752971335, 'beta_2': 0.9976584137546826, 'epsilon': 2.3586155604139572e-07, 'hidden_layer_sizes': 105, 'learning_rate_init': 0.027621475080102566, 'tol': 0.010818954642661922, 'validation_fraction': 0.27417490350174933}
observation time 0.000005, current best 44.923187 at iter 8
Failure in optimizer suggest. Falling back to random search.
name 'activ' is not defined
Traceback (most recent call last):
  File "/home/ryedida/.local/lib/python3.9/site-packages/bayesmark/experiment.py", line 126, in run_study
    next_points = optimizer.suggest(n_suggestions)
  File "/home/ryedida/bbo_challenge_starter_kit/example_submissions/smoothness/optimizer.py", line 105, in suggest
    betas = [self._get_smoothness_reg(guess) for guess in guesses]
  File "/home/ryedida/bbo_challenge_starter_kit/example_submissions/smoothness/optimizer.py", line 105, in <listcomp>
    betas = [self._get_smoothness_reg(guess) for guess in guesses]
  File "/home/ryedida/bbo_challenge_starter_kit/example_submissions/smoothness/optimizer.py", line 48, in _get_smoothness_reg
    if activ > Kz:
NameError: name 'activ' is not defined
suggestion time taken 0.319568 iter 9 next_points [{'alpha': 0.004088660087645711, 'batch_size': 197, 'beta_1': 0.7575628641865585, 'beta_2': 0.9999914666760497, 'epsilon': 8.968188443287506e-07, 'hidden_layer_sizes': 186, 'learning_rate_init': 1.529941923089465e-05, 'tol': 0.018415899981198566, 'validation_fraction': 0.10730817948248865}]
function_evaluation time 0.094898 value 151.559663 suggestion {'alpha': 0.004088660087645711, 'batch_size': 197, 'beta_1': 0.7575628641865585, 'beta_2': 0.9999914666760497, 'epsilon': 8.968188443287506e-07, 'hidden_layer_sizes': 186, 'learning_rate_init': 1.529941923089465e-05, 'tol': 0.018415899981198566, 'validation_fraction': 0.10730817948248865}
observation time 0.000006, current best 44.923187 at iter 9
Failure in optimizer suggest. Falling back to random search.
name 'activ' is not defined
Traceback (most recent call last):
  File "/home/ryedida/.local/lib/python3.9/site-packages/bayesmark/experiment.py", line 126, in run_study
    next_points = optimizer.suggest(n_suggestions)
  File "/home/ryedida/bbo_challenge_starter_kit/example_submissions/smoothness/optimizer.py", line 105, in suggest
    betas = [self._get_smoothness_reg(guess) for guess in guesses]
  File "/home/ryedida/bbo_challenge_starter_kit/example_submissions/smoothness/optimizer.py", line 105, in <listcomp>
    betas = [self._get_smoothness_reg(guess) for guess in guesses]
  File "/home/ryedida/bbo_challenge_starter_kit/example_submissions/smoothness/optimizer.py", line 48, in _get_smoothness_reg
    if activ > Kz:
NameError: name 'activ' is not defined
suggestion time taken 0.319850 iter 10 next_points [{'alpha': 1.0822245366095835, 'batch_size': 94, 'beta_1': 0.9744753887633079, 'beta_2': 0.9730201186961894, 'epsilon': 5.287110920463117e-09, 'hidden_layer_sizes': 175, 'learning_rate_init': 0.000859407748570157, 'tol': 0.0008952273612047414, 'validation_fraction': 0.10050977765966393}]
/home/ryedida/.local/lib/python3.9/site-packages/sklearn/neural_network/_multilayer_perceptron.py:686: ConvergenceWarning: Stochastic Optimizer: Maximum iterations (200) reached and the optimization hasn't converged yet.
  warnings.warn(

function_evaluation time 1.648586 value 127.184293 suggestion {'alpha': 1.0822245366095835, 'batch_size': 94, 'beta_1': 0.9744753887633079, 'beta_2': 0.9730201186961894, 'epsilon': 5.287110920463117e-09, 'hidden_layer_sizes': 175, 'learning_rate_init': 0.000859407748570157, 'tol': 0.0008952273612047414, 'validation_fraction': 0.10050977765966393}
observation time 0.000005, current best 44.923187 at iter 10
Failure in optimizer suggest. Falling back to random search.
name 'activ' is not defined
Traceback (most recent call last):
  File "/home/ryedida/.local/lib/python3.9/site-packages/bayesmark/experiment.py", line 126, in run_study
    next_points = optimizer.suggest(n_suggestions)
  File "/home/ryedida/bbo_challenge_starter_kit/example_submissions/smoothness/optimizer.py", line 105, in suggest
    betas = [self._get_smoothness_reg(guess) for guess in guesses]
  File "/home/ryedida/bbo_challenge_starter_kit/example_submissions/smoothness/optimizer.py", line 105, in <listcomp>
    betas = [self._get_smoothness_reg(guess) for guess in guesses]
  File "/home/ryedida/bbo_challenge_starter_kit/example_submissions/smoothness/optimizer.py", line 48, in _get_smoothness_reg
    if activ > Kz:
NameError: name 'activ' is not defined
suggestion time taken 0.320937 iter 11 next_points [{'alpha': 7.009561999824213e-05, 'batch_size': 30, 'beta_1': 0.8252489239107202, 'beta_2': 0.9974872959773599, 'epsilon': 1.2053641257519524e-08, 'hidden_layer_sizes': 192, 'learning_rate_init': 0.00748867908032678, 'tol': 0.03968561421521145, 'validation_fraction': 0.31605292909558264}]
function_evaluation time 0.351019 value 50.957324 suggestion {'alpha': 7.009561999824213e-05, 'batch_size': 30, 'beta_1': 0.8252489239107202, 'beta_2': 0.9974872959773599, 'epsilon': 1.2053641257519524e-08, 'hidden_layer_sizes': 192, 'learning_rate_init': 0.00748867908032678, 'tol': 0.03968561421521145, 'validation_fraction': 0.31605292909558264}
observation time 0.000006, current best 44.923187 at iter 11
Failure in optimizer suggest. Falling back to random search.
name 'activ' is not defined
Traceback (most recent call last):
  File "/home/ryedida/.local/lib/python3.9/site-packages/bayesmark/experiment.py", line 126, in run_study
    next_points = optimizer.suggest(n_suggestions)
  File "/home/ryedida/bbo_challenge_starter_kit/example_submissions/smoothness/optimizer.py", line 105, in suggest
    betas = [self._get_smoothness_reg(guess) for guess in guesses]
  File "/home/ryedida/bbo_challenge_starter_kit/example_submissions/smoothness/optimizer.py", line 105, in <listcomp>
    betas = [self._get_smoothness_reg(guess) for guess in guesses]
  File "/home/ryedida/bbo_challenge_starter_kit/example_submissions/smoothness/optimizer.py", line 48, in _get_smoothness_reg
    if activ > Kz:
NameError: name 'activ' is not defined
suggestion time taken 0.323440 iter 12 next_points [{'alpha': 0.00022607376441480769, 'batch_size': 176, 'beta_1': 0.5835572504293634, 'beta_2': 0.9996675905403046, 'epsilon': 8.541681240532989e-08, 'hidden_layer_sizes': 124, 'learning_rate_init': 2.2594105136391066e-05, 'tol': 0.005957022207376071, 'validation_fraction': 0.8102360189278854}]
/home/ryedida/.local/lib/python3.9/site-packages/sklearn/neural_network/_multilayer_perceptron.py:605: UserWarning: Got `batch_size` less than 1 or larger than sample size. It is going to be clipped
  warnings.warn(

function_evaluation time 0.051550 value 151.684090 suggestion {'alpha': 0.00022607376441480769, 'batch_size': 176, 'beta_1': 0.5835572504293634, 'beta_2': 0.9996675905403046, 'epsilon': 8.541681240532989e-08, 'hidden_layer_sizes': 124, 'learning_rate_init': 2.2594105136391066e-05, 'tol': 0.005957022207376071, 'validation_fraction': 0.8102360189278854}
observation time 0.000005, current best 44.923187 at iter 12
Failure in optimizer suggest. Falling back to random search.
name 'activ' is not defined
Traceback (most recent call last):
  File "/home/ryedida/.local/lib/python3.9/site-packages/bayesmark/experiment.py", line 126, in run_study
    next_points = optimizer.suggest(n_suggestions)
  File "/home/ryedida/bbo_challenge_starter_kit/example_submissions/smoothness/optimizer.py", line 105, in suggest
    betas = [self._get_smoothness_reg(guess) for guess in guesses]
  File "/home/ryedida/bbo_challenge_starter_kit/example_submissions/smoothness/optimizer.py", line 105, in <listcomp>
    betas = [self._get_smoothness_reg(guess) for guess in guesses]
  File "/home/ryedida/bbo_challenge_starter_kit/example_submissions/smoothness/optimizer.py", line 48, in _get_smoothness_reg
    if activ > Kz:
NameError: name 'activ' is not defined
suggestion time taken 0.312641 iter 13 next_points [{'alpha': 0.017254979781552666, 'batch_size': 151, 'beta_1': 0.745209090223722, 'beta_2': 0.9999807671337001, 'epsilon': 4.6257722749012254e-07, 'hidden_layer_sizes': 183, 'learning_rate_init': 1.7955611658354947e-05, 'tol': 0.03703427255190041, 'validation_fraction': 0.7780916498728876}]
/home/ryedida/.local/lib/python3.9/site-packages/sklearn/neural_network/_multilayer_perceptron.py:605: UserWarning: Got `batch_size` less than 1 or larger than sample size. It is going to be clipped
  warnings.warn(

function_evaluation time 0.058342 value 151.511325 suggestion {'alpha': 0.017254979781552666, 'batch_size': 151, 'beta_1': 0.745209090223722, 'beta_2': 0.9999807671337001, 'epsilon': 4.6257722749012254e-07, 'hidden_layer_sizes': 183, 'learning_rate_init': 1.7955611658354947e-05, 'tol': 0.03703427255190041, 'validation_fraction': 0.7780916498728876}
observation time 0.000006, current best 44.923187 at iter 13
Failure in optimizer suggest. Falling back to random search.
name 'activ' is not defined
Traceback (most recent call last):
  File "/home/ryedida/.local/lib/python3.9/site-packages/bayesmark/experiment.py", line 126, in run_study
    next_points = optimizer.suggest(n_suggestions)
  File "/home/ryedida/bbo_challenge_starter_kit/example_submissions/smoothness/optimizer.py", line 105, in suggest
    betas = [self._get_smoothness_reg(guess) for guess in guesses]
  File "/home/ryedida/bbo_challenge_starter_kit/example_submissions/smoothness/optimizer.py", line 105, in <listcomp>
    betas = [self._get_smoothness_reg(guess) for guess in guesses]
  File "/home/ryedida/bbo_challenge_starter_kit/example_submissions/smoothness/optimizer.py", line 48, in _get_smoothness_reg
    if activ > Kz:
NameError: name 'activ' is not defined
suggestion time taken 0.312599 iter 14 next_points [{'alpha': 0.013718689456309833, 'batch_size': 28, 'beta_1': 0.9830132316550496, 'beta_2': 0.9990395678670397, 'epsilon': 2.4948819621718616e-08, 'hidden_layer_sizes': 172, 'learning_rate_init': 0.0010457993268982052, 'tol': 0.005374816327397899, 'validation_fraction': 0.7190884056897806}]
function_evaluation time 0.087051 value 150.862905 suggestion {'alpha': 0.013718689456309833, 'batch_size': 28, 'beta_1': 0.9830132316550496, 'beta_2': 0.9990395678670397, 'epsilon': 2.4948819621718616e-08, 'hidden_layer_sizes': 172, 'learning_rate_init': 0.0010457993268982052, 'tol': 0.005374816327397899, 'validation_fraction': 0.7190884056897806}
observation time 0.000007, current best 44.923187 at iter 14
saving meta data: {'args': {'--uuid': '1094c65343805246a952448a349549df', '-db-root': '/home/ryedida/bbo_challenge_starter_kit/output', '--opt-root': '/home/ryedida/bbo_challenge_starter_kit/example_submissions', '--data-root': None, '--db': 'run_20230425_055340', '--opt': 'smoothness', '--data': 'diabetes', '--classifier': 'MLP-adam', '--metric': 'mae', '--calls': 15, '--suggestions': 1, '--jobs-file': None, '--verbose': False, 'dry_run': False, 'rev': 'a376313', 'opt_rev': 'x.x.x'}, 'signature': ([{'alpha': 0.019628224813442792, 'batch_size': 182, 'beta_1': 0.9410202200271762, 'beta_2': 0.9998021557676793, 'epsilon': 1.8662266976518e-08, 'hidden_layer_sizes': 147, 'learning_rate_init': 0.0005627932047415167, 'tol': 0.03690557729213761, 'validation_fraction': 0.8846827852548593}, {'alpha': 0.0019982467392329444, 'batch_size': 200, 'beta_1': 0.919111482530466, 'beta_2': 0.9998488260436156, 'epsilon': 5.981221901152555e-07, 'hidden_layer_sizes': 61, 'learning_rate_init': 2.2310905607443014e-05, 'tol': 1.2046852412030316e-05, 'validation_fraction': 0.8117896445826539}, {'alpha': 0.46659545670218433, 'batch_size': 219, 'beta_1': 0.9889789783750891, 'beta_2': 0.9999896868093284, 'epsilon': 2.4234724484675948e-08, 'hidden_layer_sizes': 167, 'learning_rate_init': 2.972334644335654e-05, 'tol': 0.0036281404040243792, 'validation_fraction': 0.17260651658522078}, {'alpha': 4.656005689076002, 'batch_size': 135, 'beta_1': 0.870503881627747, 'beta_2': 0.9948873266941017, 'epsilon': 2.1023308743480125e-07, 'hidden_layer_sizes': 118, 'learning_rate_init': 0.0018781738757161913, 'tol': 1.1889379831773004e-05, 'validation_fraction': 0.6264327093752792}, {'alpha': 0.04705159350400542, 'batch_size': 158, 'beta_1': 0.9870884262730957, 'beta_2': 0.9999596874382349, 'epsilon': 1.1981845126013875e-08, 'hidden_layer_sizes': 116, 'learning_rate_init': 0.00617340520407431, 'tol': 1.741413418158619e-05, 'validation_fraction': 0.6754299026638921}], [151.4971925380264, 151.42763539278994, 151.47026299046811, 136.86202504264318, 75.2055865763391])}
saving results
saving timing
saving suggest log
done
