running: {'--uuid': '182bf0550de45e0e9a7f950daa76a4f2', '-db-root': '/home/ryedida/bbo_challenge_starter_kit/output', '--opt-root': '/home/ryedida/bbo_challenge_starter_kit/example_submissions', '--data-root': None, '--db': 'run_20230425_055340', '--opt': 'smoothness', '--data': 'diabetes', '--classifier': 'MLP-adam', '--metric': 'mse', '--calls': 15, '--suggestions': 1, '--jobs-file': None, '--verbose': False, 'dry_run': False, 'rev': 'a376313', 'opt_rev': 'x.x.x'}
cmd: python smoothness/optimizer.py -c MLP-adam -d diabetes -o smoothness -u 182bf0550de45e0e9a7f950daa76a4f2 -m mse -n 15 -p 1 -dir /home/ryedida/bbo_challenge_starter_kit/output -b run_20230425_055340
/home/ryedida/.local/lib/python3.9/site-packages/sklearn/neural_network/_multilayer_perceptron.py:605: UserWarning: Got `batch_size` less than 1 or larger than sample size. It is going to be clipped
  warnings.warn(

/home/ryedida/.local/lib/python3.9/site-packages/sklearn/neural_network/_multilayer_perceptron.py:605: UserWarning: Got `batch_size` less than 1 or larger than sample size. It is going to be clipped
  warnings.warn(

/home/ryedida/.local/lib/python3.9/site-packages/sklearn/neural_network/_multilayer_perceptron.py:605: UserWarning: Got `batch_size` less than 1 or larger than sample size. It is going to be clipped
  warnings.warn(

/home/ryedida/.local/lib/python3.9/site-packages/sklearn/neural_network/_multilayer_perceptron.py:686: ConvergenceWarning: Stochastic Optimizer: Maximum iterations (200) reached and the optimization hasn't converged yet.
  warnings.warn(

/home/ryedida/.local/lib/python3.9/site-packages/sklearn/neural_network/_multilayer_perceptron.py:605: UserWarning: Got `batch_size` less than 1 or larger than sample size. It is going to be clipped
  warnings.warn(

/home/ryedida/.local/lib/python3.9/site-packages/sklearn/neural_network/_multilayer_perceptron.py:686: ConvergenceWarning: Stochastic Optimizer: Maximum iterations (200) reached and the optimization hasn't converged yet.
  warnings.warn(

computed signature: ([{'alpha': 0.019628224813442792, 'batch_size': 182, 'beta_1': 0.9410202200271762, 'beta_2': 0.9998021557676793, 'epsilon': 1.8662266976518e-08, 'hidden_layer_sizes': 147, 'learning_rate_init': 0.0005627932047415167, 'tol': 0.03690557729213761, 'validation_fraction': 0.8846827852548593}, {'alpha': 0.0019982467392329444, 'batch_size': 200, 'beta_1': 0.919111482530466, 'beta_2': 0.9998488260436156, 'epsilon': 5.981221901152555e-07, 'hidden_layer_sizes': 61, 'learning_rate_init': 2.2310905607443014e-05, 'tol': 1.2046852412030316e-05, 'validation_fraction': 0.8117896445826539}, {'alpha': 0.46659545670218433, 'batch_size': 219, 'beta_1': 0.9889789783750891, 'beta_2': 0.9999896868093284, 'epsilon': 2.4234724484675948e-08, 'hidden_layer_sizes': 167, 'learning_rate_init': 2.972334644335654e-05, 'tol': 0.0036281404040243792, 'validation_fraction': 0.17260651658522078}, {'alpha': 4.656005689076002, 'batch_size': 135, 'beta_1': 0.870503881627747, 'beta_2': 0.9948873266941017, 'epsilon': 2.1023308743480125e-07, 'hidden_layer_sizes': 118, 'learning_rate_init': 0.0018781738757161913, 'tol': 1.1889379831773004e-05, 'validation_fraction': 0.6264327093752792}, {'alpha': 0.04705159350400542, 'batch_size': 158, 'beta_1': 0.9870884262730957, 'beta_2': 0.9999596874382349, 'epsilon': 1.1981845126013875e-08, 'hidden_layer_sizes': 116, 'learning_rate_init': 0.00617340520407431, 'tol': 1.741413418158619e-05, 'validation_fraction': 0.6754299026638921}], [29083.993548572587, 29062.423277324073, 29075.78987471409, 24626.32866834337, 9584.226858493177])
Signature errors:
                              0         1         2         3         4       max
MLP-adam_diabetes_mse  0.000007  0.000008  0.000003  0.003558  0.004952  0.004952
max                    0.000007  0.000008  0.000003  0.003558  0.004952  0.004952
starting sklearn study smoothness MLP-adam diabetes mse 15 1
with data root: None
Failure in optimizer suggest. Falling back to random search.
name 'activ' is not defined
Traceback (most recent call last):
  File "/home/ryedida/.local/lib/python3.9/site-packages/bayesmark/experiment.py", line 126, in run_study
    next_points = optimizer.suggest(n_suggestions)
  File "/home/ryedida/bbo_challenge_starter_kit/example_submissions/smoothness/optimizer.py", line 105, in suggest
    betas = [self._get_smoothness_reg(guess) for guess in guesses]
  File "/home/ryedida/bbo_challenge_starter_kit/example_submissions/smoothness/optimizer.py", line 105, in <listcomp>
    betas = [self._get_smoothness_reg(guess) for guess in guesses]
  File "/home/ryedida/bbo_challenge_starter_kit/example_submissions/smoothness/optimizer.py", line 48, in _get_smoothness_reg
    if activ > Kz:
NameError: name 'activ' is not defined
suggestion time taken 0.496115 iter 0 next_points [{'alpha': 0.00029866624747763973, 'batch_size': 84, 'beta_1': 0.8516845397344889, 'beta_2': 0.9726320405082746, 'epsilon': 1.508507715748752e-08, 'hidden_layer_sizes': 94, 'learning_rate_init': 0.007824989101678004, 'tol': 0.0019147743184713035, 'validation_fraction': 0.7671693936784597}]
/home/ryedida/.local/lib/python3.9/site-packages/sklearn/neural_network/_multilayer_perceptron.py:605: UserWarning: Got `batch_size` less than 1 or larger than sample size. It is going to be clipped
  warnings.warn(

/home/ryedida/.local/lib/python3.9/site-packages/sklearn/neural_network/_multilayer_perceptron.py:686: ConvergenceWarning: Stochastic Optimizer: Maximum iterations (200) reached and the optimization hasn't converged yet.
  warnings.warn(

function_evaluation time 0.635932 value 5105.291744 suggestion {'alpha': 0.00029866624747763973, 'batch_size': 84, 'beta_1': 0.8516845397344889, 'beta_2': 0.9726320405082746, 'epsilon': 1.508507715748752e-08, 'hidden_layer_sizes': 94, 'learning_rate_init': 0.007824989101678004, 'tol': 0.0019147743184713035, 'validation_fraction': 0.7671693936784597}
observation time 0.000006, current best 5105.291744 at iter 0
Failure in optimizer suggest. Falling back to random search.
name 'activ' is not defined
Traceback (most recent call last):
  File "/home/ryedida/.local/lib/python3.9/site-packages/bayesmark/experiment.py", line 126, in run_study
    next_points = optimizer.suggest(n_suggestions)
  File "/home/ryedida/bbo_challenge_starter_kit/example_submissions/smoothness/optimizer.py", line 105, in suggest
    betas = [self._get_smoothness_reg(guess) for guess in guesses]
  File "/home/ryedida/bbo_challenge_starter_kit/example_submissions/smoothness/optimizer.py", line 105, in <listcomp>
    betas = [self._get_smoothness_reg(guess) for guess in guesses]
  File "/home/ryedida/bbo_challenge_starter_kit/example_submissions/smoothness/optimizer.py", line 48, in _get_smoothness_reg
    if activ > Kz:
NameError: name 'activ' is not defined
suggestion time taken 0.330198 iter 1 next_points [{'alpha': 0.0016976845214755904, 'batch_size': 16, 'beta_1': 0.863275986597072, 'beta_2': 0.9999809307250656, 'epsilon': 3.2976156122939593e-09, 'hidden_layer_sizes': 193, 'learning_rate_init': 0.025249962145731594, 'tol': 0.009295938925207617, 'validation_fraction': 0.8246129412774158}]
function_evaluation time 0.338331 value 3406.841450 suggestion {'alpha': 0.0016976845214755904, 'batch_size': 16, 'beta_1': 0.863275986597072, 'beta_2': 0.9999809307250656, 'epsilon': 3.2976156122939593e-09, 'hidden_layer_sizes': 193, 'learning_rate_init': 0.025249962145731594, 'tol': 0.009295938925207617, 'validation_fraction': 0.8246129412774158}
observation time 0.000005, current best 3406.841450 at iter 1
Failure in optimizer suggest. Falling back to random search.
name 'activ' is not defined
Traceback (most recent call last):
  File "/home/ryedida/.local/lib/python3.9/site-packages/bayesmark/experiment.py", line 126, in run_study
    next_points = optimizer.suggest(n_suggestions)
  File "/home/ryedida/bbo_challenge_starter_kit/example_submissions/smoothness/optimizer.py", line 105, in suggest
    betas = [self._get_smoothness_reg(guess) for guess in guesses]
  File "/home/ryedida/bbo_challenge_starter_kit/example_submissions/smoothness/optimizer.py", line 105, in <listcomp>
    betas = [self._get_smoothness_reg(guess) for guess in guesses]
  File "/home/ryedida/bbo_challenge_starter_kit/example_submissions/smoothness/optimizer.py", line 48, in _get_smoothness_reg
    if activ > Kz:
NameError: name 'activ' is not defined
suggestion time taken 0.339234 iter 2 next_points [{'alpha': 7.132173817745203, 'batch_size': 95, 'beta_1': 0.8829230238000048, 'beta_2': 0.9999865894788597, 'epsilon': 6.478172845593635e-08, 'hidden_layer_sizes': 116, 'learning_rate_init': 1.011814444509562e-05, 'tol': 0.0006619751072914074, 'validation_fraction': 0.7996579475468579}]
/home/ryedida/.local/lib/python3.9/site-packages/sklearn/neural_network/_multilayer_perceptron.py:605: UserWarning: Got `batch_size` less than 1 or larger than sample size. It is going to be clipped
  warnings.warn(

function_evaluation time 0.051999 value 29131.096659 suggestion {'alpha': 7.132173817745203, 'batch_size': 95, 'beta_1': 0.8829230238000048, 'beta_2': 0.9999865894788597, 'epsilon': 6.478172845593635e-08, 'hidden_layer_sizes': 116, 'learning_rate_init': 1.011814444509562e-05, 'tol': 0.0006619751072914074, 'validation_fraction': 0.7996579475468579}
observation time 0.000006, current best 3406.841450 at iter 2
Failure in optimizer suggest. Falling back to random search.
name 'activ' is not defined
Traceback (most recent call last):
  File "/home/ryedida/.local/lib/python3.9/site-packages/bayesmark/experiment.py", line 126, in run_study
    next_points = optimizer.suggest(n_suggestions)
  File "/home/ryedida/bbo_challenge_starter_kit/example_submissions/smoothness/optimizer.py", line 105, in suggest
    betas = [self._get_smoothness_reg(guess) for guess in guesses]
  File "/home/ryedida/bbo_challenge_starter_kit/example_submissions/smoothness/optimizer.py", line 105, in <listcomp>
    betas = [self._get_smoothness_reg(guess) for guess in guesses]
  File "/home/ryedida/bbo_challenge_starter_kit/example_submissions/smoothness/optimizer.py", line 48, in _get_smoothness_reg
    if activ > Kz:
NameError: name 'activ' is not defined
suggestion time taken 0.329494 iter 3 next_points [{'alpha': 2.7039947083958885e-05, 'batch_size': 212, 'beta_1': 0.5715007142293406, 'beta_2': 0.9921530203449195, 'epsilon': 7.627620262712346e-07, 'hidden_layer_sizes': 196, 'learning_rate_init': 0.022752214477798103, 'tol': 0.009202038853940268, 'validation_fraction': 0.7127279573674711}]
/home/ryedida/.local/lib/python3.9/site-packages/sklearn/neural_network/_multilayer_perceptron.py:605: UserWarning: Got `batch_size` less than 1 or larger than sample size. It is going to be clipped
  warnings.warn(

function_evaluation time 0.267503 value 3542.145990 suggestion {'alpha': 2.7039947083958885e-05, 'batch_size': 212, 'beta_1': 0.5715007142293406, 'beta_2': 0.9921530203449195, 'epsilon': 7.627620262712346e-07, 'hidden_layer_sizes': 196, 'learning_rate_init': 0.022752214477798103, 'tol': 0.009202038853940268, 'validation_fraction': 0.7127279573674711}
observation time 0.000006, current best 3406.841450 at iter 3
Failure in optimizer suggest. Falling back to random search.
name 'activ' is not defined
Traceback (most recent call last):
  File "/home/ryedida/.local/lib/python3.9/site-packages/bayesmark/experiment.py", line 126, in run_study
    next_points = optimizer.suggest(n_suggestions)
  File "/home/ryedida/bbo_challenge_starter_kit/example_submissions/smoothness/optimizer.py", line 105, in suggest
    betas = [self._get_smoothness_reg(guess) for guess in guesses]
  File "/home/ryedida/bbo_challenge_starter_kit/example_submissions/smoothness/optimizer.py", line 105, in <listcomp>
    betas = [self._get_smoothness_reg(guess) for guess in guesses]
  File "/home/ryedida/bbo_challenge_starter_kit/example_submissions/smoothness/optimizer.py", line 48, in _get_smoothness_reg
    if activ > Kz:
NameError: name 'activ' is not defined
suggestion time taken 0.333244 iter 4 next_points [{'alpha': 0.0047829421934752385, 'batch_size': 40, 'beta_1': 0.6426339723779, 'beta_2': 0.9984439045797213, 'epsilon': 2.3739096243271822e-07, 'hidden_layer_sizes': 68, 'learning_rate_init': 9.523831661236099e-05, 'tol': 0.021201854573663775, 'validation_fraction': 0.8494665917930613}]
function_evaluation time 0.055658 value 29051.838484 suggestion {'alpha': 0.0047829421934752385, 'batch_size': 40, 'beta_1': 0.6426339723779, 'beta_2': 0.9984439045797213, 'epsilon': 2.3739096243271822e-07, 'hidden_layer_sizes': 68, 'learning_rate_init': 9.523831661236099e-05, 'tol': 0.021201854573663775, 'validation_fraction': 0.8494665917930613}
observation time 0.000006, current best 3406.841450 at iter 4
Failure in optimizer suggest. Falling back to random search.
name 'activ' is not defined
Traceback (most recent call last):
  File "/home/ryedida/.local/lib/python3.9/site-packages/bayesmark/experiment.py", line 126, in run_study
    next_points = optimizer.suggest(n_suggestions)
  File "/home/ryedida/bbo_challenge_starter_kit/example_submissions/smoothness/optimizer.py", line 105, in suggest
    betas = [self._get_smoothness_reg(guess) for guess in guesses]
  File "/home/ryedida/bbo_challenge_starter_kit/example_submissions/smoothness/optimizer.py", line 105, in <listcomp>
    betas = [self._get_smoothness_reg(guess) for guess in guesses]
  File "/home/ryedida/bbo_challenge_starter_kit/example_submissions/smoothness/optimizer.py", line 48, in _get_smoothness_reg
    if activ > Kz:
NameError: name 'activ' is not defined
suggestion time taken 0.325091 iter 5 next_points [{'alpha': 3.982881991888521e-05, 'batch_size': 144, 'beta_1': 0.6219683097001758, 'beta_2': 0.9995795614244338, 'epsilon': 8.351236966386378e-08, 'hidden_layer_sizes': 121, 'learning_rate_init': 0.0002355541349431195, 'tol': 0.000276972500898454, 'validation_fraction': 0.3147625458894638}]
/home/ryedida/.local/lib/python3.9/site-packages/sklearn/neural_network/_multilayer_perceptron.py:686: ConvergenceWarning: Stochastic Optimizer: Maximum iterations (200) reached and the optimization hasn't converged yet.
  warnings.warn(

function_evaluation time 1.084191 value 28483.768942 suggestion {'alpha': 3.982881991888521e-05, 'batch_size': 144, 'beta_1': 0.6219683097001758, 'beta_2': 0.9995795614244338, 'epsilon': 8.351236966386378e-08, 'hidden_layer_sizes': 121, 'learning_rate_init': 0.0002355541349431195, 'tol': 0.000276972500898454, 'validation_fraction': 0.3147625458894638}
observation time 0.000005, current best 3406.841450 at iter 5
Failure in optimizer suggest. Falling back to random search.
name 'activ' is not defined
Traceback (most recent call last):
  File "/home/ryedida/.local/lib/python3.9/site-packages/bayesmark/experiment.py", line 126, in run_study
    next_points = optimizer.suggest(n_suggestions)
  File "/home/ryedida/bbo_challenge_starter_kit/example_submissions/smoothness/optimizer.py", line 105, in suggest
    betas = [self._get_smoothness_reg(guess) for guess in guesses]
  File "/home/ryedida/bbo_challenge_starter_kit/example_submissions/smoothness/optimizer.py", line 105, in <listcomp>
    betas = [self._get_smoothness_reg(guess) for guess in guesses]
  File "/home/ryedida/bbo_challenge_starter_kit/example_submissions/smoothness/optimizer.py", line 48, in _get_smoothness_reg
    if activ > Kz:
NameError: name 'activ' is not defined
suggestion time taken 0.325428 iter 6 next_points [{'alpha': 0.0035134984067796892, 'batch_size': 247, 'beta_1': 0.7140163295677096, 'beta_2': 0.997154682480498, 'epsilon': 7.830143385519401e-08, 'hidden_layer_sizes': 130, 'learning_rate_init': 0.0017916554138683815, 'tol': 0.00017473042418872112, 'validation_fraction': 0.7790001224959019}]
/home/ryedida/.local/lib/python3.9/site-packages/sklearn/neural_network/_multilayer_perceptron.py:605: UserWarning: Got `batch_size` less than 1 or larger than sample size. It is going to be clipped
  warnings.warn(

/home/ryedida/.local/lib/python3.9/site-packages/sklearn/neural_network/_multilayer_perceptron.py:686: ConvergenceWarning: Stochastic Optimizer: Maximum iterations (200) reached and the optimization hasn't converged yet.
  warnings.warn(

function_evaluation time 0.726724 value 23687.081813 suggestion {'alpha': 0.0035134984067796892, 'batch_size': 247, 'beta_1': 0.7140163295677096, 'beta_2': 0.997154682480498, 'epsilon': 7.830143385519401e-08, 'hidden_layer_sizes': 130, 'learning_rate_init': 0.0017916554138683815, 'tol': 0.00017473042418872112, 'validation_fraction': 0.7790001224959019}
observation time 0.000006, current best 3406.841450 at iter 6
Failure in optimizer suggest. Falling back to random search.
name 'activ' is not defined
Traceback (most recent call last):
  File "/home/ryedida/.local/lib/python3.9/site-packages/bayesmark/experiment.py", line 126, in run_study
    next_points = optimizer.suggest(n_suggestions)
  File "/home/ryedida/bbo_challenge_starter_kit/example_submissions/smoothness/optimizer.py", line 105, in suggest
    betas = [self._get_smoothness_reg(guess) for guess in guesses]
  File "/home/ryedida/bbo_challenge_starter_kit/example_submissions/smoothness/optimizer.py", line 105, in <listcomp>
    betas = [self._get_smoothness_reg(guess) for guess in guesses]
  File "/home/ryedida/bbo_challenge_starter_kit/example_submissions/smoothness/optimizer.py", line 48, in _get_smoothness_reg
    if activ > Kz:
NameError: name 'activ' is not defined
suggestion time taken 0.457303 iter 7 next_points [{'alpha': 0.00011136791207969961, 'batch_size': 75, 'beta_1': 0.8050582544933672, 'beta_2': 0.9999976296397066, 'epsilon': 8.526568756287753e-07, 'hidden_layer_sizes': 181, 'learning_rate_init': 0.002963432550843166, 'tol': 4.387421525382313e-05, 'validation_fraction': 0.1908281924678516}]
/home/ryedida/.local/lib/python3.9/site-packages/sklearn/neural_network/_multilayer_perceptron.py:686: ConvergenceWarning: Stochastic Optimizer: Maximum iterations (200) reached and the optimization hasn't converged yet.
  warnings.warn(

function_evaluation time 1.865411 value 3472.003005 suggestion {'alpha': 0.00011136791207969961, 'batch_size': 75, 'beta_1': 0.8050582544933672, 'beta_2': 0.9999976296397066, 'epsilon': 8.526568756287753e-07, 'hidden_layer_sizes': 181, 'learning_rate_init': 0.002963432550843166, 'tol': 4.387421525382313e-05, 'validation_fraction': 0.1908281924678516}
observation time 0.000006, current best 3406.841450 at iter 7
Failure in optimizer suggest. Falling back to random search.
name 'activ' is not defined
Traceback (most recent call last):
  File "/home/ryedida/.local/lib/python3.9/site-packages/bayesmark/experiment.py", line 126, in run_study
    next_points = optimizer.suggest(n_suggestions)
  File "/home/ryedida/bbo_challenge_starter_kit/example_submissions/smoothness/optimizer.py", line 105, in suggest
    betas = [self._get_smoothness_reg(guess) for guess in guesses]
  File "/home/ryedida/bbo_challenge_starter_kit/example_submissions/smoothness/optimizer.py", line 105, in <listcomp>
    betas = [self._get_smoothness_reg(guess) for guess in guesses]
  File "/home/ryedida/bbo_challenge_starter_kit/example_submissions/smoothness/optimizer.py", line 48, in _get_smoothness_reg
    if activ > Kz:
NameError: name 'activ' is not defined
suggestion time taken 0.321822 iter 8 next_points [{'alpha': 0.23997192579530705, 'batch_size': 218, 'beta_1': 0.7623442786139192, 'beta_2': 0.9999844374527175, 'epsilon': 2.2377772743836903e-07, 'hidden_layer_sizes': 56, 'learning_rate_init': 0.017676098416900324, 'tol': 1.2767444661272597e-05, 'validation_fraction': 0.11696245161387347}]
/home/ryedida/.local/lib/python3.9/site-packages/sklearn/neural_network/_multilayer_perceptron.py:686: ConvergenceWarning: Stochastic Optimizer: Maximum iterations (200) reached and the optimization hasn't converged yet.
  warnings.warn(

function_evaluation time 0.848543 value 2987.423063 suggestion {'alpha': 0.23997192579530705, 'batch_size': 218, 'beta_1': 0.7623442786139192, 'beta_2': 0.9999844374527175, 'epsilon': 2.2377772743836903e-07, 'hidden_layer_sizes': 56, 'learning_rate_init': 0.017676098416900324, 'tol': 1.2767444661272597e-05, 'validation_fraction': 0.11696245161387347}
observation time 0.000005, current best 2987.423063 at iter 8
Failure in optimizer suggest. Falling back to random search.
name 'activ' is not defined
Traceback (most recent call last):
  File "/home/ryedida/.local/lib/python3.9/site-packages/bayesmark/experiment.py", line 126, in run_study
    next_points = optimizer.suggest(n_suggestions)
  File "/home/ryedida/bbo_challenge_starter_kit/example_submissions/smoothness/optimizer.py", line 105, in suggest
    betas = [self._get_smoothness_reg(guess) for guess in guesses]
  File "/home/ryedida/bbo_challenge_starter_kit/example_submissions/smoothness/optimizer.py", line 105, in <listcomp>
    betas = [self._get_smoothness_reg(guess) for guess in guesses]
  File "/home/ryedida/bbo_challenge_starter_kit/example_submissions/smoothness/optimizer.py", line 48, in _get_smoothness_reg
    if activ > Kz:
NameError: name 'activ' is not defined
suggestion time taken 0.323982 iter 9 next_points [{'alpha': 0.7715527691407366, 'batch_size': 193, 'beta_1': 0.9578937390149791, 'beta_2': 0.9997043268181596, 'epsilon': 6.230095585865374e-08, 'hidden_layer_sizes': 125, 'learning_rate_init': 0.0028973087544190423, 'tol': 5.9441657104329454e-05, 'validation_fraction': 0.6159741102622748}]
/home/ryedida/.local/lib/python3.9/site-packages/sklearn/neural_network/_multilayer_perceptron.py:605: UserWarning: Got `batch_size` less than 1 or larger than sample size. It is going to be clipped
  warnings.warn(

/home/ryedida/.local/lib/python3.9/site-packages/sklearn/neural_network/_multilayer_perceptron.py:686: ConvergenceWarning: Stochastic Optimizer: Maximum iterations (200) reached and the optimization hasn't converged yet.
  warnings.warn(

function_evaluation time 0.772004 value 19557.276879 suggestion {'alpha': 0.7715527691407366, 'batch_size': 193, 'beta_1': 0.9578937390149791, 'beta_2': 0.9997043268181596, 'epsilon': 6.230095585865374e-08, 'hidden_layer_sizes': 125, 'learning_rate_init': 0.0028973087544190423, 'tol': 5.9441657104329454e-05, 'validation_fraction': 0.6159741102622748}
observation time 0.000005, current best 2987.423063 at iter 9
Failure in optimizer suggest. Falling back to random search.
name 'activ' is not defined
Traceback (most recent call last):
  File "/home/ryedida/.local/lib/python3.9/site-packages/bayesmark/experiment.py", line 126, in run_study
    next_points = optimizer.suggest(n_suggestions)
  File "/home/ryedida/bbo_challenge_starter_kit/example_submissions/smoothness/optimizer.py", line 105, in suggest
    betas = [self._get_smoothness_reg(guess) for guess in guesses]
  File "/home/ryedida/bbo_challenge_starter_kit/example_submissions/smoothness/optimizer.py", line 105, in <listcomp>
    betas = [self._get_smoothness_reg(guess) for guess in guesses]
  File "/home/ryedida/bbo_challenge_starter_kit/example_submissions/smoothness/optimizer.py", line 48, in _get_smoothness_reg
    if activ > Kz:
NameError: name 'activ' is not defined
suggestion time taken 0.322924 iter 10 next_points [{'alpha': 0.002532073584067559, 'batch_size': 107, 'beta_1': 0.5326580838583992, 'beta_2': 0.9999644106712147, 'epsilon': 2.998327833304843e-07, 'hidden_layer_sizes': 81, 'learning_rate_init': 3.1242601463093947e-05, 'tol': 0.0005007296261969821, 'validation_fraction': 0.7285305191681734}]
/home/ryedida/.local/lib/python3.9/site-packages/sklearn/neural_network/_multilayer_perceptron.py:605: UserWarning: Got `batch_size` less than 1 or larger than sample size. It is going to be clipped
  warnings.warn(

function_evaluation time 0.048209 value 29077.575715 suggestion {'alpha': 0.002532073584067559, 'batch_size': 107, 'beta_1': 0.5326580838583992, 'beta_2': 0.9999644106712147, 'epsilon': 2.998327833304843e-07, 'hidden_layer_sizes': 81, 'learning_rate_init': 3.1242601463093947e-05, 'tol': 0.0005007296261969821, 'validation_fraction': 0.7285305191681734}
observation time 0.000006, current best 2987.423063 at iter 10
Failure in optimizer suggest. Falling back to random search.
name 'activ' is not defined
Traceback (most recent call last):
  File "/home/ryedida/.local/lib/python3.9/site-packages/bayesmark/experiment.py", line 126, in run_study
    next_points = optimizer.suggest(n_suggestions)
  File "/home/ryedida/bbo_challenge_starter_kit/example_submissions/smoothness/optimizer.py", line 105, in suggest
    betas = [self._get_smoothness_reg(guess) for guess in guesses]
  File "/home/ryedida/bbo_challenge_starter_kit/example_submissions/smoothness/optimizer.py", line 105, in <listcomp>
    betas = [self._get_smoothness_reg(guess) for guess in guesses]
  File "/home/ryedida/bbo_challenge_starter_kit/example_submissions/smoothness/optimizer.py", line 48, in _get_smoothness_reg
    if activ > Kz:
NameError: name 'activ' is not defined
suggestion time taken 0.319562 iter 11 next_points [{'alpha': 0.004200733207634461, 'batch_size': 218, 'beta_1': 0.9576387195161119, 'beta_2': 0.9999822620484224, 'epsilon': 2.5802016156615605e-08, 'hidden_layer_sizes': 158, 'learning_rate_init': 0.08887716352369415, 'tol': 0.07769225828941083, 'validation_fraction': 0.17502320099913318}]
function_evaluation time 0.167001 value 3562.467223 suggestion {'alpha': 0.004200733207634461, 'batch_size': 218, 'beta_1': 0.9576387195161119, 'beta_2': 0.9999822620484224, 'epsilon': 2.5802016156615605e-08, 'hidden_layer_sizes': 158, 'learning_rate_init': 0.08887716352369415, 'tol': 0.07769225828941083, 'validation_fraction': 0.17502320099913318}
observation time 0.000006, current best 2987.423063 at iter 11
Failure in optimizer suggest. Falling back to random search.
name 'activ' is not defined
Traceback (most recent call last):
  File "/home/ryedida/.local/lib/python3.9/site-packages/bayesmark/experiment.py", line 126, in run_study
    next_points = optimizer.suggest(n_suggestions)
  File "/home/ryedida/bbo_challenge_starter_kit/example_submissions/smoothness/optimizer.py", line 105, in suggest
    betas = [self._get_smoothness_reg(guess) for guess in guesses]
  File "/home/ryedida/bbo_challenge_starter_kit/example_submissions/smoothness/optimizer.py", line 105, in <listcomp>
    betas = [self._get_smoothness_reg(guess) for guess in guesses]
  File "/home/ryedida/bbo_challenge_starter_kit/example_submissions/smoothness/optimizer.py", line 48, in _get_smoothness_reg
    if activ > Kz:
NameError: name 'activ' is not defined
suggestion time taken 0.320369 iter 12 next_points [{'alpha': 5.049179444495978, 'batch_size': 61, 'beta_1': 0.5536646940542216, 'beta_2': 0.988136927874507, 'epsilon': 5.346776851380024e-08, 'hidden_layer_sizes': 111, 'learning_rate_init': 0.001078530050845265, 'tol': 0.04162635819812781, 'validation_fraction': 0.10824390352921595}]
function_evaluation time 0.077747 value 28836.182870 suggestion {'alpha': 5.049179444495978, 'batch_size': 61, 'beta_1': 0.5536646940542216, 'beta_2': 0.988136927874507, 'epsilon': 5.346776851380024e-08, 'hidden_layer_sizes': 111, 'learning_rate_init': 0.001078530050845265, 'tol': 0.04162635819812781, 'validation_fraction': 0.10824390352921595}
observation time 0.000006, current best 2987.423063 at iter 12
Failure in optimizer suggest. Falling back to random search.
name 'activ' is not defined
Traceback (most recent call last):
  File "/home/ryedida/.local/lib/python3.9/site-packages/bayesmark/experiment.py", line 126, in run_study
    next_points = optimizer.suggest(n_suggestions)
  File "/home/ryedida/bbo_challenge_starter_kit/example_submissions/smoothness/optimizer.py", line 105, in suggest
    betas = [self._get_smoothness_reg(guess) for guess in guesses]
  File "/home/ryedida/bbo_challenge_starter_kit/example_submissions/smoothness/optimizer.py", line 105, in <listcomp>
    betas = [self._get_smoothness_reg(guess) for guess in guesses]
  File "/home/ryedida/bbo_challenge_starter_kit/example_submissions/smoothness/optimizer.py", line 48, in _get_smoothness_reg
    if activ > Kz:
NameError: name 'activ' is not defined
suggestion time taken 0.326974 iter 13 next_points [{'alpha': 0.002563294768658504, 'batch_size': 19, 'beta_1': 0.6028380761570034, 'beta_2': 0.9980558205474891, 'epsilon': 7.398334745710036e-08, 'hidden_layer_sizes': 86, 'learning_rate_init': 0.0054741597891820055, 'tol': 0.0030566744537210136, 'validation_fraction': 0.18655038238847116}]
function_evaluation time 1.016834 value 3064.063549 suggestion {'alpha': 0.002563294768658504, 'batch_size': 19, 'beta_1': 0.6028380761570034, 'beta_2': 0.9980558205474891, 'epsilon': 7.398334745710036e-08, 'hidden_layer_sizes': 86, 'learning_rate_init': 0.0054741597891820055, 'tol': 0.0030566744537210136, 'validation_fraction': 0.18655038238847116}
observation time 0.000006, current best 2987.423063 at iter 13
Failure in optimizer suggest. Falling back to random search.
name 'activ' is not defined
Traceback (most recent call last):
  File "/home/ryedida/.local/lib/python3.9/site-packages/bayesmark/experiment.py", line 126, in run_study
    next_points = optimizer.suggest(n_suggestions)
  File "/home/ryedida/bbo_challenge_starter_kit/example_submissions/smoothness/optimizer.py", line 105, in suggest
    betas = [self._get_smoothness_reg(guess) for guess in guesses]
  File "/home/ryedida/bbo_challenge_starter_kit/example_submissions/smoothness/optimizer.py", line 105, in <listcomp>
    betas = [self._get_smoothness_reg(guess) for guess in guesses]
  File "/home/ryedida/bbo_challenge_starter_kit/example_submissions/smoothness/optimizer.py", line 48, in _get_smoothness_reg
    if activ > Kz:
NameError: name 'activ' is not defined
suggestion time taken 0.326057 iter 14 next_points [{'alpha': 1.278973356248349e-05, 'batch_size': 245, 'beta_1': 0.7423855397557196, 'beta_2': 0.9968546090584853, 'epsilon': 8.984761836643764e-08, 'hidden_layer_sizes': 119, 'learning_rate_init': 0.0006389453422151001, 'tol': 5.407987179792483e-05, 'validation_fraction': 0.14133295798523896}]
/home/ryedida/.local/lib/python3.9/site-packages/sklearn/neural_network/_multilayer_perceptron.py:686: ConvergenceWarning: Stochastic Optimizer: Maximum iterations (200) reached and the optimization hasn't converged yet.
  warnings.warn(

function_evaluation time 0.953600 value 28206.665609 suggestion {'alpha': 1.278973356248349e-05, 'batch_size': 245, 'beta_1': 0.7423855397557196, 'beta_2': 0.9968546090584853, 'epsilon': 8.984761836643764e-08, 'hidden_layer_sizes': 119, 'learning_rate_init': 0.0006389453422151001, 'tol': 5.407987179792483e-05, 'validation_fraction': 0.14133295798523896}
observation time 0.000006, current best 2987.423063 at iter 14
saving meta data: {'args': {'--uuid': '182bf0550de45e0e9a7f950daa76a4f2', '-db-root': '/home/ryedida/bbo_challenge_starter_kit/output', '--opt-root': '/home/ryedida/bbo_challenge_starter_kit/example_submissions', '--data-root': None, '--db': 'run_20230425_055340', '--opt': 'smoothness', '--data': 'diabetes', '--classifier': 'MLP-adam', '--metric': 'mse', '--calls': 15, '--suggestions': 1, '--jobs-file': None, '--verbose': False, 'dry_run': False, 'rev': 'a376313', 'opt_rev': 'x.x.x'}, 'signature': ([{'alpha': 0.019628224813442792, 'batch_size': 182, 'beta_1': 0.9410202200271762, 'beta_2': 0.9998021557676793, 'epsilon': 1.8662266976518e-08, 'hidden_layer_sizes': 147, 'learning_rate_init': 0.0005627932047415167, 'tol': 0.03690557729213761, 'validation_fraction': 0.8846827852548593}, {'alpha': 0.0019982467392329444, 'batch_size': 200, 'beta_1': 0.919111482530466, 'beta_2': 0.9998488260436156, 'epsilon': 5.981221901152555e-07, 'hidden_layer_sizes': 61, 'learning_rate_init': 2.2310905607443014e-05, 'tol': 1.2046852412030316e-05, 'validation_fraction': 0.8117896445826539}, {'alpha': 0.46659545670218433, 'batch_size': 219, 'beta_1': 0.9889789783750891, 'beta_2': 0.9999896868093284, 'epsilon': 2.4234724484675948e-08, 'hidden_layer_sizes': 167, 'learning_rate_init': 2.972334644335654e-05, 'tol': 0.0036281404040243792, 'validation_fraction': 0.17260651658522078}, {'alpha': 4.656005689076002, 'batch_size': 135, 'beta_1': 0.870503881627747, 'beta_2': 0.9948873266941017, 'epsilon': 2.1023308743480125e-07, 'hidden_layer_sizes': 118, 'learning_rate_init': 0.0018781738757161913, 'tol': 1.1889379831773004e-05, 'validation_fraction': 0.6264327093752792}, {'alpha': 0.04705159350400542, 'batch_size': 158, 'beta_1': 0.9870884262730957, 'beta_2': 0.9999596874382349, 'epsilon': 1.1981845126013875e-08, 'hidden_layer_sizes': 116, 'learning_rate_init': 0.00617340520407431, 'tol': 1.741413418158619e-05, 'validation_fraction': 0.6754299026638921}], [29083.993548572587, 29062.423277324073, 29075.78987471409, 24626.32866834337, 9584.226858493177])}
saving results
saving timing
saving suggest log
done
