running: {'--uuid': '2c48223655cc50e8a03ee5d8c08a59c4', '-db-root': '/home/ryedida/bbo_challenge_starter_kit/output', '--opt-root': '/home/ryedida/bbo_challenge_starter_kit/example_submissions', '--data-root': None, '--db': 'run_20230425_055340', '--opt': 'smoothness', '--data': 'diabetes', '--classifier': 'MLP-adam', '--metric': 'mae', '--calls': 15, '--suggestions': 1, '--jobs-file': None, '--verbose': False, 'dry_run': False, 'rev': 'a376313', 'opt_rev': 'x.x.x'}
cmd: python smoothness/optimizer.py -c MLP-adam -d diabetes -o smoothness -u 2c48223655cc50e8a03ee5d8c08a59c4 -m mae -n 15 -p 1 -dir /home/ryedida/bbo_challenge_starter_kit/output -b run_20230425_055340
/home/ryedida/.local/lib/python3.9/site-packages/sklearn/neural_network/_multilayer_perceptron.py:605: UserWarning: Got `batch_size` less than 1 or larger than sample size. It is going to be clipped
  warnings.warn(

/home/ryedida/.local/lib/python3.9/site-packages/sklearn/neural_network/_multilayer_perceptron.py:605: UserWarning: Got `batch_size` less than 1 or larger than sample size. It is going to be clipped
  warnings.warn(

/home/ryedida/.local/lib/python3.9/site-packages/sklearn/neural_network/_multilayer_perceptron.py:605: UserWarning: Got `batch_size` less than 1 or larger than sample size. It is going to be clipped
  warnings.warn(

/home/ryedida/.local/lib/python3.9/site-packages/sklearn/neural_network/_multilayer_perceptron.py:686: ConvergenceWarning: Stochastic Optimizer: Maximum iterations (200) reached and the optimization hasn't converged yet.
  warnings.warn(

/home/ryedida/.local/lib/python3.9/site-packages/sklearn/neural_network/_multilayer_perceptron.py:605: UserWarning: Got `batch_size` less than 1 or larger than sample size. It is going to be clipped
  warnings.warn(

/home/ryedida/.local/lib/python3.9/site-packages/sklearn/neural_network/_multilayer_perceptron.py:686: ConvergenceWarning: Stochastic Optimizer: Maximum iterations (200) reached and the optimization hasn't converged yet.
  warnings.warn(

computed signature: ([{'alpha': 0.019628224813442792, 'batch_size': 182, 'beta_1': 0.9410202200271762, 'beta_2': 0.9998021557676793, 'epsilon': 1.8662266976518e-08, 'hidden_layer_sizes': 147, 'learning_rate_init': 0.0005627932047415167, 'tol': 0.03690557729213761, 'validation_fraction': 0.8846827852548593}, {'alpha': 0.0019982467392329444, 'batch_size': 200, 'beta_1': 0.919111482530466, 'beta_2': 0.9998488260436156, 'epsilon': 5.981221901152555e-07, 'hidden_layer_sizes': 61, 'learning_rate_init': 2.2310905607443014e-05, 'tol': 1.2046852412030316e-05, 'validation_fraction': 0.8117896445826539}, {'alpha': 0.46659545670218433, 'batch_size': 219, 'beta_1': 0.9889789783750891, 'beta_2': 0.9999896868093284, 'epsilon': 2.4234724484675948e-08, 'hidden_layer_sizes': 167, 'learning_rate_init': 2.972334644335654e-05, 'tol': 0.0036281404040243792, 'validation_fraction': 0.17260651658522078}, {'alpha': 4.656005689076002, 'batch_size': 135, 'beta_1': 0.870503881627747, 'beta_2': 0.9948873266941017, 'epsilon': 2.1023308743480125e-07, 'hidden_layer_sizes': 118, 'learning_rate_init': 0.0018781738757161913, 'tol': 1.1889379831773004e-05, 'validation_fraction': 0.6264327093752792}, {'alpha': 0.04705159350400542, 'batch_size': 158, 'beta_1': 0.9870884262730957, 'beta_2': 0.9999596874382349, 'epsilon': 1.1981845126013875e-08, 'hidden_layer_sizes': 116, 'learning_rate_init': 0.00617340520407431, 'tol': 1.741413418158619e-05, 'validation_fraction': 0.6754299026638921}], [151.4971925380264, 151.42763539278994, 151.47026299046811, 136.86202504264318, 75.2055865763391])
Signature errors:
                                  0             1             2         3         4       max
MLP-adam_diabetes_mae  1.919244e-08  6.198704e-08  7.624578e-09  0.000007  0.000034  0.000034
max                    1.919244e-08  6.198704e-08  7.624578e-09  0.000007  0.000034  0.000034
starting sklearn study smoothness MLP-adam diabetes mae 15 1
with data root: None
Failure in optimizer suggest. Falling back to random search.
name 'activ' is not defined
Traceback (most recent call last):
  File "/home/ryedida/.local/lib/python3.9/site-packages/bayesmark/experiment.py", line 126, in run_study
    next_points = optimizer.suggest(n_suggestions)
  File "/home/ryedida/bbo_challenge_starter_kit/example_submissions/smoothness/optimizer.py", line 105, in suggest
    betas = [self._get_smoothness_reg(guess) for guess in guesses]
  File "/home/ryedida/bbo_challenge_starter_kit/example_submissions/smoothness/optimizer.py", line 105, in <listcomp>
    betas = [self._get_smoothness_reg(guess) for guess in guesses]
  File "/home/ryedida/bbo_challenge_starter_kit/example_submissions/smoothness/optimizer.py", line 48, in _get_smoothness_reg
    if activ > Kz:
NameError: name 'activ' is not defined
suggestion time taken 0.493266 iter 0 next_points [{'alpha': 1.8642840693978358, 'batch_size': 180, 'beta_1': 0.8748524354230326, 'beta_2': 0.9904141526935979, 'epsilon': 1.2998435401064672e-07, 'hidden_layer_sizes': 78, 'learning_rate_init': 0.0008327472482531061, 'tol': 0.0043797337610826225, 'validation_fraction': 0.13587349314533786}]
function_evaluation time 0.066692 value 151.511343 suggestion {'alpha': 1.8642840693978358, 'batch_size': 180, 'beta_1': 0.8748524354230326, 'beta_2': 0.9904141526935979, 'epsilon': 1.2998435401064672e-07, 'hidden_layer_sizes': 78, 'learning_rate_init': 0.0008327472482531061, 'tol': 0.0043797337610826225, 'validation_fraction': 0.13587349314533786}
observation time 0.000007, current best 151.511343 at iter 0
Failure in optimizer suggest. Falling back to random search.
name 'activ' is not defined
Traceback (most recent call last):
  File "/home/ryedida/.local/lib/python3.9/site-packages/bayesmark/experiment.py", line 126, in run_study
    next_points = optimizer.suggest(n_suggestions)
  File "/home/ryedida/bbo_challenge_starter_kit/example_submissions/smoothness/optimizer.py", line 105, in suggest
    betas = [self._get_smoothness_reg(guess) for guess in guesses]
  File "/home/ryedida/bbo_challenge_starter_kit/example_submissions/smoothness/optimizer.py", line 105, in <listcomp>
    betas = [self._get_smoothness_reg(guess) for guess in guesses]
  File "/home/ryedida/bbo_challenge_starter_kit/example_submissions/smoothness/optimizer.py", line 48, in _get_smoothness_reg
    if activ > Kz:
NameError: name 'activ' is not defined
suggestion time taken 0.325052 iter 1 next_points [{'alpha': 9.870537598199917, 'batch_size': 219, 'beta_1': 0.9657819827524133, 'beta_2': 0.9999981300600472, 'epsilon': 1.0969371060894182e-07, 'hidden_layer_sizes': 92, 'learning_rate_init': 0.04645363303684245, 'tol': 0.044688691450613424, 'validation_fraction': 0.20866772085016905}]
function_evaluation time 0.175447 value 59.626287 suggestion {'alpha': 9.870537598199917, 'batch_size': 219, 'beta_1': 0.9657819827524133, 'beta_2': 0.9999981300600472, 'epsilon': 1.0969371060894182e-07, 'hidden_layer_sizes': 92, 'learning_rate_init': 0.04645363303684245, 'tol': 0.044688691450613424, 'validation_fraction': 0.20866772085016905}
observation time 0.000005, current best 59.626287 at iter 1
Failure in optimizer suggest. Falling back to random search.
name 'activ' is not defined
Traceback (most recent call last):
  File "/home/ryedida/.local/lib/python3.9/site-packages/bayesmark/experiment.py", line 126, in run_study
    next_points = optimizer.suggest(n_suggestions)
  File "/home/ryedida/bbo_challenge_starter_kit/example_submissions/smoothness/optimizer.py", line 105, in suggest
    betas = [self._get_smoothness_reg(guess) for guess in guesses]
  File "/home/ryedida/bbo_challenge_starter_kit/example_submissions/smoothness/optimizer.py", line 105, in <listcomp>
    betas = [self._get_smoothness_reg(guess) for guess in guesses]
  File "/home/ryedida/bbo_challenge_starter_kit/example_submissions/smoothness/optimizer.py", line 48, in _get_smoothness_reg
    if activ > Kz:
NameError: name 'activ' is not defined
suggestion time taken 0.346185 iter 2 next_points [{'alpha': 0.011514418065580024, 'batch_size': 51, 'beta_1': 0.9047735186685348, 'beta_2': 0.9962025036864498, 'epsilon': 5.907790897488255e-07, 'hidden_layer_sizes': 96, 'learning_rate_init': 0.04913200058532242, 'tol': 0.005130309813170277, 'validation_fraction': 0.6638726225109579}]
function_evaluation time 0.220390 value 45.313804 suggestion {'alpha': 0.011514418065580024, 'batch_size': 51, 'beta_1': 0.9047735186685348, 'beta_2': 0.9962025036864498, 'epsilon': 5.907790897488255e-07, 'hidden_layer_sizes': 96, 'learning_rate_init': 0.04913200058532242, 'tol': 0.005130309813170277, 'validation_fraction': 0.6638726225109579}
observation time 0.000005, current best 45.313804 at iter 2
Failure in optimizer suggest. Falling back to random search.
name 'activ' is not defined
Traceback (most recent call last):
  File "/home/ryedida/.local/lib/python3.9/site-packages/bayesmark/experiment.py", line 126, in run_study
    next_points = optimizer.suggest(n_suggestions)
  File "/home/ryedida/bbo_challenge_starter_kit/example_submissions/smoothness/optimizer.py", line 105, in suggest
    betas = [self._get_smoothness_reg(guess) for guess in guesses]
  File "/home/ryedida/bbo_challenge_starter_kit/example_submissions/smoothness/optimizer.py", line 105, in <listcomp>
    betas = [self._get_smoothness_reg(guess) for guess in guesses]
  File "/home/ryedida/bbo_challenge_starter_kit/example_submissions/smoothness/optimizer.py", line 48, in _get_smoothness_reg
    if activ > Kz:
NameError: name 'activ' is not defined
suggestion time taken 0.328680 iter 3 next_points [{'alpha': 0.014234269500839294, 'batch_size': 94, 'beta_1': 0.9811820532507698, 'beta_2': 0.9999981734393463, 'epsilon': 4.245726343778542e-07, 'hidden_layer_sizes': 98, 'learning_rate_init': 9.263119685909722e-05, 'tol': 0.00011420712110038281, 'validation_fraction': 0.8877435281321074}]
/home/ryedida/.local/lib/python3.9/site-packages/sklearn/neural_network/_multilayer_perceptron.py:605: UserWarning: Got `batch_size` less than 1 or larger than sample size. It is going to be clipped
  warnings.warn(

function_evaluation time 0.048558 value 151.537634 suggestion {'alpha': 0.014234269500839294, 'batch_size': 94, 'beta_1': 0.9811820532507698, 'beta_2': 0.9999981734393463, 'epsilon': 4.245726343778542e-07, 'hidden_layer_sizes': 98, 'learning_rate_init': 9.263119685909722e-05, 'tol': 0.00011420712110038281, 'validation_fraction': 0.8877435281321074}
observation time 0.000005, current best 45.313804 at iter 3
Failure in optimizer suggest. Falling back to random search.
name 'activ' is not defined
Traceback (most recent call last):
  File "/home/ryedida/.local/lib/python3.9/site-packages/bayesmark/experiment.py", line 126, in run_study
    next_points = optimizer.suggest(n_suggestions)
  File "/home/ryedida/bbo_challenge_starter_kit/example_submissions/smoothness/optimizer.py", line 105, in suggest
    betas = [self._get_smoothness_reg(guess) for guess in guesses]
  File "/home/ryedida/bbo_challenge_starter_kit/example_submissions/smoothness/optimizer.py", line 105, in <listcomp>
    betas = [self._get_smoothness_reg(guess) for guess in guesses]
  File "/home/ryedida/bbo_challenge_starter_kit/example_submissions/smoothness/optimizer.py", line 48, in _get_smoothness_reg
    if activ > Kz:
NameError: name 'activ' is not defined
suggestion time taken 0.328167 iter 4 next_points [{'alpha': 4.5503093503532135, 'batch_size': 249, 'beta_1': 0.8153117883704937, 'beta_2': 0.9929607507515191, 'epsilon': 1.922323122492312e-09, 'hidden_layer_sizes': 71, 'learning_rate_init': 0.010952325231935792, 'tol': 0.0027316451637300204, 'validation_fraction': 0.31808007922884596}]
/home/ryedida/.local/lib/python3.9/site-packages/sklearn/neural_network/_multilayer_perceptron.py:605: UserWarning: Got `batch_size` less than 1 or larger than sample size. It is going to be clipped
  warnings.warn(

function_evaluation time 0.682365 value 53.261373 suggestion {'alpha': 4.5503093503532135, 'batch_size': 249, 'beta_1': 0.8153117883704937, 'beta_2': 0.9929607507515191, 'epsilon': 1.922323122492312e-09, 'hidden_layer_sizes': 71, 'learning_rate_init': 0.010952325231935792, 'tol': 0.0027316451637300204, 'validation_fraction': 0.31808007922884596}
observation time 0.000006, current best 45.313804 at iter 4
Failure in optimizer suggest. Falling back to random search.
name 'activ' is not defined
Traceback (most recent call last):
  File "/home/ryedida/.local/lib/python3.9/site-packages/bayesmark/experiment.py", line 126, in run_study
    next_points = optimizer.suggest(n_suggestions)
  File "/home/ryedida/bbo_challenge_starter_kit/example_submissions/smoothness/optimizer.py", line 105, in suggest
    betas = [self._get_smoothness_reg(guess) for guess in guesses]
  File "/home/ryedida/bbo_challenge_starter_kit/example_submissions/smoothness/optimizer.py", line 105, in <listcomp>
    betas = [self._get_smoothness_reg(guess) for guess in guesses]
  File "/home/ryedida/bbo_challenge_starter_kit/example_submissions/smoothness/optimizer.py", line 48, in _get_smoothness_reg
    if activ > Kz:
NameError: name 'activ' is not defined
suggestion time taken 0.324007 iter 5 next_points [{'alpha': 0.0002628456261130082, 'batch_size': 20, 'beta_1': 0.9625877716395337, 'beta_2': 0.9999988935871635, 'epsilon': 3.778771713989753e-08, 'hidden_layer_sizes': 184, 'learning_rate_init': 2.225049448199097e-05, 'tol': 0.0003702407851613962, 'validation_fraction': 0.8485513470996506}]
function_evaluation time 0.082482 value 151.468602 suggestion {'alpha': 0.0002628456261130082, 'batch_size': 20, 'beta_1': 0.9625877716395337, 'beta_2': 0.9999988935871635, 'epsilon': 3.778771713989753e-08, 'hidden_layer_sizes': 184, 'learning_rate_init': 2.225049448199097e-05, 'tol': 0.0003702407851613962, 'validation_fraction': 0.8485513470996506}
observation time 0.000005, current best 45.313804 at iter 5
Failure in optimizer suggest. Falling back to random search.
name 'activ' is not defined
Traceback (most recent call last):
  File "/home/ryedida/.local/lib/python3.9/site-packages/bayesmark/experiment.py", line 126, in run_study
    next_points = optimizer.suggest(n_suggestions)
  File "/home/ryedida/bbo_challenge_starter_kit/example_submissions/smoothness/optimizer.py", line 105, in suggest
    betas = [self._get_smoothness_reg(guess) for guess in guesses]
  File "/home/ryedida/bbo_challenge_starter_kit/example_submissions/smoothness/optimizer.py", line 105, in <listcomp>
    betas = [self._get_smoothness_reg(guess) for guess in guesses]
  File "/home/ryedida/bbo_challenge_starter_kit/example_submissions/smoothness/optimizer.py", line 48, in _get_smoothness_reg
    if activ > Kz:
NameError: name 'activ' is not defined
suggestion time taken 0.331373 iter 6 next_points [{'alpha': 0.0258092363153015, 'batch_size': 88, 'beta_1': 0.84482078104065, 'beta_2': 0.9985497111088482, 'epsilon': 3.3105672659228444e-07, 'hidden_layer_sizes': 113, 'learning_rate_init': 0.00024215829493666103, 'tol': 0.02747507135536522, 'validation_fraction': 0.2425145289236743}]
function_evaluation time 0.089136 value 151.388999 suggestion {'alpha': 0.0258092363153015, 'batch_size': 88, 'beta_1': 0.84482078104065, 'beta_2': 0.9985497111088482, 'epsilon': 3.3105672659228444e-07, 'hidden_layer_sizes': 113, 'learning_rate_init': 0.00024215829493666103, 'tol': 0.02747507135536522, 'validation_fraction': 0.2425145289236743}
observation time 0.000005, current best 45.313804 at iter 6
Failure in optimizer suggest. Falling back to random search.
name 'activ' is not defined
Traceback (most recent call last):
  File "/home/ryedida/.local/lib/python3.9/site-packages/bayesmark/experiment.py", line 126, in run_study
    next_points = optimizer.suggest(n_suggestions)
  File "/home/ryedida/bbo_challenge_starter_kit/example_submissions/smoothness/optimizer.py", line 105, in suggest
    betas = [self._get_smoothness_reg(guess) for guess in guesses]
  File "/home/ryedida/bbo_challenge_starter_kit/example_submissions/smoothness/optimizer.py", line 105, in <listcomp>
    betas = [self._get_smoothness_reg(guess) for guess in guesses]
  File "/home/ryedida/bbo_challenge_starter_kit/example_submissions/smoothness/optimizer.py", line 48, in _get_smoothness_reg
    if activ > Kz:
NameError: name 'activ' is not defined
suggestion time taken 0.462205 iter 7 next_points [{'alpha': 1.1858645990269182e-05, 'batch_size': 63, 'beta_1': 0.8289193740344539, 'beta_2': 0.999997089080632, 'epsilon': 1.5576805837901518e-07, 'hidden_layer_sizes': 80, 'learning_rate_init': 0.0007965832934990047, 'tol': 0.03481809330688342, 'validation_fraction': 0.6719864887132843}]
function_evaluation time 0.060744 value 151.333924 suggestion {'alpha': 1.1858645990269182e-05, 'batch_size': 63, 'beta_1': 0.8289193740344539, 'beta_2': 0.999997089080632, 'epsilon': 1.5576805837901518e-07, 'hidden_layer_sizes': 80, 'learning_rate_init': 0.0007965832934990047, 'tol': 0.03481809330688342, 'validation_fraction': 0.6719864887132843}
observation time 0.000005, current best 45.313804 at iter 7
Failure in optimizer suggest. Falling back to random search.
name 'activ' is not defined
Traceback (most recent call last):
  File "/home/ryedida/.local/lib/python3.9/site-packages/bayesmark/experiment.py", line 126, in run_study
    next_points = optimizer.suggest(n_suggestions)
  File "/home/ryedida/bbo_challenge_starter_kit/example_submissions/smoothness/optimizer.py", line 105, in suggest
    betas = [self._get_smoothness_reg(guess) for guess in guesses]
  File "/home/ryedida/bbo_challenge_starter_kit/example_submissions/smoothness/optimizer.py", line 105, in <listcomp>
    betas = [self._get_smoothness_reg(guess) for guess in guesses]
  File "/home/ryedida/bbo_challenge_starter_kit/example_submissions/smoothness/optimizer.py", line 48, in _get_smoothness_reg
    if activ > Kz:
NameError: name 'activ' is not defined
suggestion time taken 0.321530 iter 8 next_points [{'alpha': 2.231168619528168e-05, 'batch_size': 224, 'beta_1': 0.9027874734769039, 'beta_2': 0.9999776030481415, 'epsilon': 2.5405199330189446e-07, 'hidden_layer_sizes': 135, 'learning_rate_init': 0.0026820634474716927, 'tol': 0.0070479672078443125, 'validation_fraction': 0.18958561741479324}]
function_evaluation time 0.083610 value 150.507266 suggestion {'alpha': 2.231168619528168e-05, 'batch_size': 224, 'beta_1': 0.9027874734769039, 'beta_2': 0.9999776030481415, 'epsilon': 2.5405199330189446e-07, 'hidden_layer_sizes': 135, 'learning_rate_init': 0.0026820634474716927, 'tol': 0.0070479672078443125, 'validation_fraction': 0.18958561741479324}
observation time 0.000005, current best 45.313804 at iter 8
Failure in optimizer suggest. Falling back to random search.
name 'activ' is not defined
Traceback (most recent call last):
  File "/home/ryedida/.local/lib/python3.9/site-packages/bayesmark/experiment.py", line 126, in run_study
    next_points = optimizer.suggest(n_suggestions)
  File "/home/ryedida/bbo_challenge_starter_kit/example_submissions/smoothness/optimizer.py", line 105, in suggest
    betas = [self._get_smoothness_reg(guess) for guess in guesses]
  File "/home/ryedida/bbo_challenge_starter_kit/example_submissions/smoothness/optimizer.py", line 105, in <listcomp>
    betas = [self._get_smoothness_reg(guess) for guess in guesses]
  File "/home/ryedida/bbo_challenge_starter_kit/example_submissions/smoothness/optimizer.py", line 48, in _get_smoothness_reg
    if activ > Kz:
NameError: name 'activ' is not defined
suggestion time taken 0.321418 iter 9 next_points [{'alpha': 0.003861288244309492, 'batch_size': 225, 'beta_1': 0.9356936365799173, 'beta_2': 0.9932289830126526, 'epsilon': 5.516321445598683e-07, 'hidden_layer_sizes': 157, 'learning_rate_init': 0.012618889132440105, 'tol': 0.004499013228202619, 'validation_fraction': 0.8149127166151292}]
/home/ryedida/.local/lib/python3.9/site-packages/sklearn/neural_network/_multilayer_perceptron.py:605: UserWarning: Got `batch_size` less than 1 or larger than sample size. It is going to be clipped
  warnings.warn(

function_evaluation time 0.454948 value 53.462213 suggestion {'alpha': 0.003861288244309492, 'batch_size': 225, 'beta_1': 0.9356936365799173, 'beta_2': 0.9932289830126526, 'epsilon': 5.516321445598683e-07, 'hidden_layer_sizes': 157, 'learning_rate_init': 0.012618889132440105, 'tol': 0.004499013228202619, 'validation_fraction': 0.8149127166151292}
observation time 0.000005, current best 45.313804 at iter 9
Failure in optimizer suggest. Falling back to random search.
name 'activ' is not defined
Traceback (most recent call last):
  File "/home/ryedida/.local/lib/python3.9/site-packages/bayesmark/experiment.py", line 126, in run_study
    next_points = optimizer.suggest(n_suggestions)
  File "/home/ryedida/bbo_challenge_starter_kit/example_submissions/smoothness/optimizer.py", line 105, in suggest
    betas = [self._get_smoothness_reg(guess) for guess in guesses]
  File "/home/ryedida/bbo_challenge_starter_kit/example_submissions/smoothness/optimizer.py", line 105, in <listcomp>
    betas = [self._get_smoothness_reg(guess) for guess in guesses]
  File "/home/ryedida/bbo_challenge_starter_kit/example_submissions/smoothness/optimizer.py", line 48, in _get_smoothness_reg
    if activ > Kz:
NameError: name 'activ' is not defined
suggestion time taken 0.322181 iter 10 next_points [{'alpha': 0.0006727361046028974, 'batch_size': 103, 'beta_1': 0.9843559178700833, 'beta_2': 0.9999984988470899, 'epsilon': 7.685050651285799e-07, 'hidden_layer_sizes': 147, 'learning_rate_init': 0.00025209858975637766, 'tol': 0.020816789787073152, 'validation_fraction': 0.5189080231911805}]
function_evaluation time 0.076841 value 151.447364 suggestion {'alpha': 0.0006727361046028974, 'batch_size': 103, 'beta_1': 0.9843559178700833, 'beta_2': 0.9999984988470899, 'epsilon': 7.685050651285799e-07, 'hidden_layer_sizes': 147, 'learning_rate_init': 0.00025209858975637766, 'tol': 0.020816789787073152, 'validation_fraction': 0.5189080231911805}
observation time 0.000005, current best 45.313804 at iter 10
Failure in optimizer suggest. Falling back to random search.
name 'activ' is not defined
Traceback (most recent call last):
  File "/home/ryedida/.local/lib/python3.9/site-packages/bayesmark/experiment.py", line 126, in run_study
    next_points = optimizer.suggest(n_suggestions)
  File "/home/ryedida/bbo_challenge_starter_kit/example_submissions/smoothness/optimizer.py", line 105, in suggest
    betas = [self._get_smoothness_reg(guess) for guess in guesses]
  File "/home/ryedida/bbo_challenge_starter_kit/example_submissions/smoothness/optimizer.py", line 105, in <listcomp>
    betas = [self._get_smoothness_reg(guess) for guess in guesses]
  File "/home/ryedida/bbo_challenge_starter_kit/example_submissions/smoothness/optimizer.py", line 48, in _get_smoothness_reg
    if activ > Kz:
NameError: name 'activ' is not defined
suggestion time taken 0.315913 iter 11 next_points [{'alpha': 1.2641966267773133, 'batch_size': 139, 'beta_1': 0.5699139303461414, 'beta_2': 0.9969066029568296, 'epsilon': 1.7131239756444566e-07, 'hidden_layer_sizes': 54, 'learning_rate_init': 0.05333527494078942, 'tol': 0.029000098429016866, 'validation_fraction': 0.7975292063228968}]
/home/ryedida/.local/lib/python3.9/site-packages/sklearn/neural_network/_multilayer_perceptron.py:605: UserWarning: Got `batch_size` less than 1 or larger than sample size. It is going to be clipped
  warnings.warn(

function_evaluation time 0.139206 value 50.758545 suggestion {'alpha': 1.2641966267773133, 'batch_size': 139, 'beta_1': 0.5699139303461414, 'beta_2': 0.9969066029568296, 'epsilon': 1.7131239756444566e-07, 'hidden_layer_sizes': 54, 'learning_rate_init': 0.05333527494078942, 'tol': 0.029000098429016866, 'validation_fraction': 0.7975292063228968}
observation time 0.000006, current best 45.313804 at iter 11
Failure in optimizer suggest. Falling back to random search.
name 'activ' is not defined
Traceback (most recent call last):
  File "/home/ryedida/.local/lib/python3.9/site-packages/bayesmark/experiment.py", line 126, in run_study
    next_points = optimizer.suggest(n_suggestions)
  File "/home/ryedida/bbo_challenge_starter_kit/example_submissions/smoothness/optimizer.py", line 105, in suggest
    betas = [self._get_smoothness_reg(guess) for guess in guesses]
  File "/home/ryedida/bbo_challenge_starter_kit/example_submissions/smoothness/optimizer.py", line 105, in <listcomp>
    betas = [self._get_smoothness_reg(guess) for guess in guesses]
  File "/home/ryedida/bbo_challenge_starter_kit/example_submissions/smoothness/optimizer.py", line 48, in _get_smoothness_reg
    if activ > Kz:
NameError: name 'activ' is not defined
suggestion time taken 0.318516 iter 12 next_points [{'alpha': 0.0007198356414968722, 'batch_size': 112, 'beta_1': 0.6738568124570263, 'beta_2': 0.9999794049193653, 'epsilon': 4.633698756320943e-07, 'hidden_layer_sizes': 150, 'learning_rate_init': 0.04022007766749419, 'tol': 5.065734180317637e-05, 'validation_fraction': 0.1147868451094645}]
function_evaluation time 0.583571 value 44.711708 suggestion {'alpha': 0.0007198356414968722, 'batch_size': 112, 'beta_1': 0.6738568124570263, 'beta_2': 0.9999794049193653, 'epsilon': 4.633698756320943e-07, 'hidden_layer_sizes': 150, 'learning_rate_init': 0.04022007766749419, 'tol': 5.065734180317637e-05, 'validation_fraction': 0.1147868451094645}
observation time 0.000006, current best 44.711708 at iter 12
Failure in optimizer suggest. Falling back to random search.
name 'activ' is not defined
Traceback (most recent call last):
  File "/home/ryedida/.local/lib/python3.9/site-packages/bayesmark/experiment.py", line 126, in run_study
    next_points = optimizer.suggest(n_suggestions)
  File "/home/ryedida/bbo_challenge_starter_kit/example_submissions/smoothness/optimizer.py", line 105, in suggest
    betas = [self._get_smoothness_reg(guess) for guess in guesses]
  File "/home/ryedida/bbo_challenge_starter_kit/example_submissions/smoothness/optimizer.py", line 105, in <listcomp>
    betas = [self._get_smoothness_reg(guess) for guess in guesses]
  File "/home/ryedida/bbo_challenge_starter_kit/example_submissions/smoothness/optimizer.py", line 48, in _get_smoothness_reg
    if activ > Kz:
NameError: name 'activ' is not defined
suggestion time taken 0.319797 iter 13 next_points [{'alpha': 0.0003387172245067139, 'batch_size': 171, 'beta_1': 0.5301569439037287, 'beta_2': 0.9999910624276146, 'epsilon': 5.642601174784805e-09, 'hidden_layer_sizes': 60, 'learning_rate_init': 3.261424277833061e-05, 'tol': 2.8998187164646373e-05, 'validation_fraction': 0.7715047048519571}]
/home/ryedida/.local/lib/python3.9/site-packages/sklearn/neural_network/_multilayer_perceptron.py:605: UserWarning: Got `batch_size` less than 1 or larger than sample size. It is going to be clipped
  warnings.warn(

function_evaluation time 0.044903 value 151.432181 suggestion {'alpha': 0.0003387172245067139, 'batch_size': 171, 'beta_1': 0.5301569439037287, 'beta_2': 0.9999910624276146, 'epsilon': 5.642601174784805e-09, 'hidden_layer_sizes': 60, 'learning_rate_init': 3.261424277833061e-05, 'tol': 2.8998187164646373e-05, 'validation_fraction': 0.7715047048519571}
observation time 0.000005, current best 44.711708 at iter 13
Failure in optimizer suggest. Falling back to random search.
name 'activ' is not defined
Traceback (most recent call last):
  File "/home/ryedida/.local/lib/python3.9/site-packages/bayesmark/experiment.py", line 126, in run_study
    next_points = optimizer.suggest(n_suggestions)
  File "/home/ryedida/bbo_challenge_starter_kit/example_submissions/smoothness/optimizer.py", line 105, in suggest
    betas = [self._get_smoothness_reg(guess) for guess in guesses]
  File "/home/ryedida/bbo_challenge_starter_kit/example_submissions/smoothness/optimizer.py", line 105, in <listcomp>
    betas = [self._get_smoothness_reg(guess) for guess in guesses]
  File "/home/ryedida/bbo_challenge_starter_kit/example_submissions/smoothness/optimizer.py", line 48, in _get_smoothness_reg
    if activ > Kz:
NameError: name 'activ' is not defined
suggestion time taken 0.322864 iter 14 next_points [{'alpha': 5.594297344742204e-05, 'batch_size': 232, 'beta_1': 0.9860361294014942, 'beta_2': 0.9997649000072797, 'epsilon': 2.855830792058571e-09, 'hidden_layer_sizes': 71, 'learning_rate_init': 0.004742247608810104, 'tol': 3.368019067573054e-05, 'validation_fraction': 0.4795275743604253}]
/home/ryedida/.local/lib/python3.9/site-packages/sklearn/neural_network/_multilayer_perceptron.py:605: UserWarning: Got `batch_size` less than 1 or larger than sample size. It is going to be clipped
  warnings.warn(

/home/ryedida/.local/lib/python3.9/site-packages/sklearn/neural_network/_multilayer_perceptron.py:686: ConvergenceWarning: Stochastic Optimizer: Maximum iterations (200) reached and the optimization hasn't converged yet.
  warnings.warn(

function_evaluation time 0.683534 value 120.386683 suggestion {'alpha': 5.594297344742204e-05, 'batch_size': 232, 'beta_1': 0.9860361294014942, 'beta_2': 0.9997649000072797, 'epsilon': 2.855830792058571e-09, 'hidden_layer_sizes': 71, 'learning_rate_init': 0.004742247608810104, 'tol': 3.368019067573054e-05, 'validation_fraction': 0.4795275743604253}
observation time 0.000005, current best 44.711708 at iter 14
saving meta data: {'args': {'--uuid': '2c48223655cc50e8a03ee5d8c08a59c4', '-db-root': '/home/ryedida/bbo_challenge_starter_kit/output', '--opt-root': '/home/ryedida/bbo_challenge_starter_kit/example_submissions', '--data-root': None, '--db': 'run_20230425_055340', '--opt': 'smoothness', '--data': 'diabetes', '--classifier': 'MLP-adam', '--metric': 'mae', '--calls': 15, '--suggestions': 1, '--jobs-file': None, '--verbose': False, 'dry_run': False, 'rev': 'a376313', 'opt_rev': 'x.x.x'}, 'signature': ([{'alpha': 0.019628224813442792, 'batch_size': 182, 'beta_1': 0.9410202200271762, 'beta_2': 0.9998021557676793, 'epsilon': 1.8662266976518e-08, 'hidden_layer_sizes': 147, 'learning_rate_init': 0.0005627932047415167, 'tol': 0.03690557729213761, 'validation_fraction': 0.8846827852548593}, {'alpha': 0.0019982467392329444, 'batch_size': 200, 'beta_1': 0.919111482530466, 'beta_2': 0.9998488260436156, 'epsilon': 5.981221901152555e-07, 'hidden_layer_sizes': 61, 'learning_rate_init': 2.2310905607443014e-05, 'tol': 1.2046852412030316e-05, 'validation_fraction': 0.8117896445826539}, {'alpha': 0.46659545670218433, 'batch_size': 219, 'beta_1': 0.9889789783750891, 'beta_2': 0.9999896868093284, 'epsilon': 2.4234724484675948e-08, 'hidden_layer_sizes': 167, 'learning_rate_init': 2.972334644335654e-05, 'tol': 0.0036281404040243792, 'validation_fraction': 0.17260651658522078}, {'alpha': 4.656005689076002, 'batch_size': 135, 'beta_1': 0.870503881627747, 'beta_2': 0.9948873266941017, 'epsilon': 2.1023308743480125e-07, 'hidden_layer_sizes': 118, 'learning_rate_init': 0.0018781738757161913, 'tol': 1.1889379831773004e-05, 'validation_fraction': 0.6264327093752792}, {'alpha': 0.04705159350400542, 'batch_size': 158, 'beta_1': 0.9870884262730957, 'beta_2': 0.9999596874382349, 'epsilon': 1.1981845126013875e-08, 'hidden_layer_sizes': 116, 'learning_rate_init': 0.00617340520407431, 'tol': 1.741413418158619e-05, 'validation_fraction': 0.6754299026638921}], [151.4971925380264, 151.42763539278994, 151.47026299046811, 136.86202504264318, 75.2055865763391])}
saving results
saving timing
saving suggest log
done
