running: {'--uuid': '2c706c5ebcc859bbac17819e09bdda4d', '-db-root': '/home/ryedida/bbo_challenge_starter_kit/output', '--opt-root': '/home/ryedida/bbo_challenge_starter_kit/example_submissions', '--data-root': None, '--db': 'run_20230425_055340', '--opt': 'smoothness', '--data': 'diabetes', '--classifier': 'MLP-adam', '--metric': 'mse', '--calls': 15, '--suggestions': 1, '--jobs-file': None, '--verbose': False, 'dry_run': False, 'rev': 'a376313', 'opt_rev': 'x.x.x'}
cmd: python smoothness/optimizer.py -c MLP-adam -d diabetes -o smoothness -u 2c706c5ebcc859bbac17819e09bdda4d -m mse -n 15 -p 1 -dir /home/ryedida/bbo_challenge_starter_kit/output -b run_20230425_055340
/home/ryedida/.local/lib/python3.9/site-packages/sklearn/neural_network/_multilayer_perceptron.py:605: UserWarning: Got `batch_size` less than 1 or larger than sample size. It is going to be clipped
  warnings.warn(

/home/ryedida/.local/lib/python3.9/site-packages/sklearn/neural_network/_multilayer_perceptron.py:605: UserWarning: Got `batch_size` less than 1 or larger than sample size. It is going to be clipped
  warnings.warn(

/home/ryedida/.local/lib/python3.9/site-packages/sklearn/neural_network/_multilayer_perceptron.py:605: UserWarning: Got `batch_size` less than 1 or larger than sample size. It is going to be clipped
  warnings.warn(

/home/ryedida/.local/lib/python3.9/site-packages/sklearn/neural_network/_multilayer_perceptron.py:686: ConvergenceWarning: Stochastic Optimizer: Maximum iterations (200) reached and the optimization hasn't converged yet.
  warnings.warn(

/home/ryedida/.local/lib/python3.9/site-packages/sklearn/neural_network/_multilayer_perceptron.py:605: UserWarning: Got `batch_size` less than 1 or larger than sample size. It is going to be clipped
  warnings.warn(

/home/ryedida/.local/lib/python3.9/site-packages/sklearn/neural_network/_multilayer_perceptron.py:686: ConvergenceWarning: Stochastic Optimizer: Maximum iterations (200) reached and the optimization hasn't converged yet.
  warnings.warn(

computed signature: ([{'alpha': 0.019628224813442792, 'batch_size': 182, 'beta_1': 0.9410202200271762, 'beta_2': 0.9998021557676793, 'epsilon': 1.8662266976518e-08, 'hidden_layer_sizes': 147, 'learning_rate_init': 0.0005627932047415167, 'tol': 0.03690557729213761, 'validation_fraction': 0.8846827852548593}, {'alpha': 0.0019982467392329444, 'batch_size': 200, 'beta_1': 0.919111482530466, 'beta_2': 0.9998488260436156, 'epsilon': 5.981221901152555e-07, 'hidden_layer_sizes': 61, 'learning_rate_init': 2.2310905607443014e-05, 'tol': 1.2046852412030316e-05, 'validation_fraction': 0.8117896445826539}, {'alpha': 0.46659545670218433, 'batch_size': 219, 'beta_1': 0.9889789783750891, 'beta_2': 0.9999896868093284, 'epsilon': 2.4234724484675948e-08, 'hidden_layer_sizes': 167, 'learning_rate_init': 2.972334644335654e-05, 'tol': 0.0036281404040243792, 'validation_fraction': 0.17260651658522078}, {'alpha': 4.656005689076002, 'batch_size': 135, 'beta_1': 0.870503881627747, 'beta_2': 0.9948873266941017, 'epsilon': 2.1023308743480125e-07, 'hidden_layer_sizes': 118, 'learning_rate_init': 0.0018781738757161913, 'tol': 1.1889379831773004e-05, 'validation_fraction': 0.6264327093752792}, {'alpha': 0.04705159350400542, 'batch_size': 158, 'beta_1': 0.9870884262730957, 'beta_2': 0.9999596874382349, 'epsilon': 1.1981845126013875e-08, 'hidden_layer_sizes': 116, 'learning_rate_init': 0.00617340520407431, 'tol': 1.741413418158619e-05, 'validation_fraction': 0.6754299026638921}], [29083.993548572587, 29062.423277324073, 29075.78987471409, 24626.32866834337, 9584.226858493177])
Signature errors:
                              0         1         2         3         4       max
MLP-adam_diabetes_mse  0.000007  0.000008  0.000003  0.003558  0.004952  0.004952
max                    0.000007  0.000008  0.000003  0.003558  0.004952  0.004952
starting sklearn study smoothness MLP-adam diabetes mse 15 1
with data root: None
Failure in optimizer suggest. Falling back to random search.
name 'activ' is not defined
Traceback (most recent call last):
  File "/home/ryedida/.local/lib/python3.9/site-packages/bayesmark/experiment.py", line 126, in run_study
    next_points = optimizer.suggest(n_suggestions)
  File "/home/ryedida/bbo_challenge_starter_kit/example_submissions/smoothness/optimizer.py", line 105, in suggest
    betas = [self._get_smoothness_reg(guess) for guess in guesses]
  File "/home/ryedida/bbo_challenge_starter_kit/example_submissions/smoothness/optimizer.py", line 105, in <listcomp>
    betas = [self._get_smoothness_reg(guess) for guess in guesses]
  File "/home/ryedida/bbo_challenge_starter_kit/example_submissions/smoothness/optimizer.py", line 48, in _get_smoothness_reg
    if activ > Kz:
NameError: name 'activ' is not defined
suggestion time taken 0.496339 iter 0 next_points [{'alpha': 1.9218701096842, 'batch_size': 66, 'beta_1': 0.9724794537420551, 'beta_2': 0.951552980315075, 'epsilon': 2.786169792741456e-07, 'hidden_layer_sizes': 144, 'learning_rate_init': 0.000976878959492738, 'tol': 0.04477780225619637, 'validation_fraction': 0.32113945189950666}]
function_evaluation time 0.093438 value 28964.039554 suggestion {'alpha': 1.9218701096842, 'batch_size': 66, 'beta_1': 0.9724794537420551, 'beta_2': 0.951552980315075, 'epsilon': 2.786169792741456e-07, 'hidden_layer_sizes': 144, 'learning_rate_init': 0.000976878959492738, 'tol': 0.04477780225619637, 'validation_fraction': 0.32113945189950666}
observation time 0.000007, current best 28964.039554 at iter 0
Failure in optimizer suggest. Falling back to random search.
name 'activ' is not defined
Traceback (most recent call last):
  File "/home/ryedida/.local/lib/python3.9/site-packages/bayesmark/experiment.py", line 126, in run_study
    next_points = optimizer.suggest(n_suggestions)
  File "/home/ryedida/bbo_challenge_starter_kit/example_submissions/smoothness/optimizer.py", line 105, in suggest
    betas = [self._get_smoothness_reg(guess) for guess in guesses]
  File "/home/ryedida/bbo_challenge_starter_kit/example_submissions/smoothness/optimizer.py", line 105, in <listcomp>
    betas = [self._get_smoothness_reg(guess) for guess in guesses]
  File "/home/ryedida/bbo_challenge_starter_kit/example_submissions/smoothness/optimizer.py", line 48, in _get_smoothness_reg
    if activ > Kz:
NameError: name 'activ' is not defined
suggestion time taken 0.327022 iter 1 next_points [{'alpha': 0.009153823100665126, 'batch_size': 55, 'beta_1': 0.5351207890798875, 'beta_2': 0.9999756996079368, 'epsilon': 8.970385731684258e-07, 'hidden_layer_sizes': 130, 'learning_rate_init': 2.0868381544742108e-05, 'tol': 0.01781461095976529, 'validation_fraction': 0.5880003087998013}]
function_evaluation time 0.086871 value 29117.801901 suggestion {'alpha': 0.009153823100665126, 'batch_size': 55, 'beta_1': 0.5351207890798875, 'beta_2': 0.9999756996079368, 'epsilon': 8.970385731684258e-07, 'hidden_layer_sizes': 130, 'learning_rate_init': 2.0868381544742108e-05, 'tol': 0.01781461095976529, 'validation_fraction': 0.5880003087998013}
observation time 0.000006, current best 28964.039554 at iter 1
Failure in optimizer suggest. Falling back to random search.
name 'activ' is not defined
Traceback (most recent call last):
  File "/home/ryedida/.local/lib/python3.9/site-packages/bayesmark/experiment.py", line 126, in run_study
    next_points = optimizer.suggest(n_suggestions)
  File "/home/ryedida/bbo_challenge_starter_kit/example_submissions/smoothness/optimizer.py", line 105, in suggest
    betas = [self._get_smoothness_reg(guess) for guess in guesses]
  File "/home/ryedida/bbo_challenge_starter_kit/example_submissions/smoothness/optimizer.py", line 105, in <listcomp>
    betas = [self._get_smoothness_reg(guess) for guess in guesses]
  File "/home/ryedida/bbo_challenge_starter_kit/example_submissions/smoothness/optimizer.py", line 48, in _get_smoothness_reg
    if activ > Kz:
NameError: name 'activ' is not defined
suggestion time taken 0.335448 iter 2 next_points [{'alpha': 1.1310805644296232e-05, 'batch_size': 22, 'beta_1': 0.9885129550429455, 'beta_2': 0.9902001741341787, 'epsilon': 7.660041651752377e-08, 'hidden_layer_sizes': 88, 'learning_rate_init': 0.00017146811658724697, 'tol': 0.01625962820694088, 'validation_fraction': 0.8808607920382522}]
function_evaluation time 0.059627 value 29106.082084 suggestion {'alpha': 1.1310805644296232e-05, 'batch_size': 22, 'beta_1': 0.9885129550429455, 'beta_2': 0.9902001741341787, 'epsilon': 7.660041651752377e-08, 'hidden_layer_sizes': 88, 'learning_rate_init': 0.00017146811658724697, 'tol': 0.01625962820694088, 'validation_fraction': 0.8808607920382522}
observation time 0.000005, current best 28964.039554 at iter 2
Failure in optimizer suggest. Falling back to random search.
name 'activ' is not defined
Traceback (most recent call last):
  File "/home/ryedida/.local/lib/python3.9/site-packages/bayesmark/experiment.py", line 126, in run_study
    next_points = optimizer.suggest(n_suggestions)
  File "/home/ryedida/bbo_challenge_starter_kit/example_submissions/smoothness/optimizer.py", line 105, in suggest
    betas = [self._get_smoothness_reg(guess) for guess in guesses]
  File "/home/ryedida/bbo_challenge_starter_kit/example_submissions/smoothness/optimizer.py", line 105, in <listcomp>
    betas = [self._get_smoothness_reg(guess) for guess in guesses]
  File "/home/ryedida/bbo_challenge_starter_kit/example_submissions/smoothness/optimizer.py", line 48, in _get_smoothness_reg
    if activ > Kz:
NameError: name 'activ' is not defined
suggestion time taken 0.327894 iter 3 next_points [{'alpha': 0.06010254357153403, 'batch_size': 138, 'beta_1': 0.9850501320822286, 'beta_2': 0.9802483024618902, 'epsilon': 4.074194133514262e-08, 'hidden_layer_sizes': 137, 'learning_rate_init': 0.0001913130982041326, 'tol': 0.0046752154099314915, 'validation_fraction': 0.78946202811024}]
/home/ryedida/.local/lib/python3.9/site-packages/sklearn/neural_network/_multilayer_perceptron.py:605: UserWarning: Got `batch_size` less than 1 or larger than sample size. It is going to be clipped
  warnings.warn(

function_evaluation time 0.054803 value 29127.301096 suggestion {'alpha': 0.06010254357153403, 'batch_size': 138, 'beta_1': 0.9850501320822286, 'beta_2': 0.9802483024618902, 'epsilon': 4.074194133514262e-08, 'hidden_layer_sizes': 137, 'learning_rate_init': 0.0001913130982041326, 'tol': 0.0046752154099314915, 'validation_fraction': 0.78946202811024}
observation time 0.000005, current best 28964.039554 at iter 3
Failure in optimizer suggest. Falling back to random search.
name 'activ' is not defined
Traceback (most recent call last):
  File "/home/ryedida/.local/lib/python3.9/site-packages/bayesmark/experiment.py", line 126, in run_study
    next_points = optimizer.suggest(n_suggestions)
  File "/home/ryedida/bbo_challenge_starter_kit/example_submissions/smoothness/optimizer.py", line 105, in suggest
    betas = [self._get_smoothness_reg(guess) for guess in guesses]
  File "/home/ryedida/bbo_challenge_starter_kit/example_submissions/smoothness/optimizer.py", line 105, in <listcomp>
    betas = [self._get_smoothness_reg(guess) for guess in guesses]
  File "/home/ryedida/bbo_challenge_starter_kit/example_submissions/smoothness/optimizer.py", line 48, in _get_smoothness_reg
    if activ > Kz:
NameError: name 'activ' is not defined
suggestion time taken 0.346766 iter 4 next_points [{'alpha': 0.34409562942183397, 'batch_size': 227, 'beta_1': 0.7481155700266616, 'beta_2': 0.9792160559857942, 'epsilon': 1.1592374687097001e-09, 'hidden_layer_sizes': 139, 'learning_rate_init': 0.018411034369654772, 'tol': 0.0011671908769736526, 'validation_fraction': 0.1471733215529649}]
function_evaluation time 0.764255 value 3227.053220 suggestion {'alpha': 0.34409562942183397, 'batch_size': 227, 'beta_1': 0.7481155700266616, 'beta_2': 0.9792160559857942, 'epsilon': 1.1592374687097001e-09, 'hidden_layer_sizes': 139, 'learning_rate_init': 0.018411034369654772, 'tol': 0.0011671908769736526, 'validation_fraction': 0.1471733215529649}
observation time 0.000005, current best 3227.053220 at iter 4
Failure in optimizer suggest. Falling back to random search.
name 'activ' is not defined
Traceback (most recent call last):
  File "/home/ryedida/.local/lib/python3.9/site-packages/bayesmark/experiment.py", line 126, in run_study
    next_points = optimizer.suggest(n_suggestions)
  File "/home/ryedida/bbo_challenge_starter_kit/example_submissions/smoothness/optimizer.py", line 105, in suggest
    betas = [self._get_smoothness_reg(guess) for guess in guesses]
  File "/home/ryedida/bbo_challenge_starter_kit/example_submissions/smoothness/optimizer.py", line 105, in <listcomp>
    betas = [self._get_smoothness_reg(guess) for guess in guesses]
  File "/home/ryedida/bbo_challenge_starter_kit/example_submissions/smoothness/optimizer.py", line 48, in _get_smoothness_reg
    if activ > Kz:
NameError: name 'activ' is not defined
suggestion time taken 0.326125 iter 5 next_points [{'alpha': 0.09974038133688772, 'batch_size': 146, 'beta_1': 0.9373417350136236, 'beta_2': 0.9806649675055775, 'epsilon': 2.0690357622436003e-09, 'hidden_layer_sizes': 96, 'learning_rate_init': 0.011677360293171339, 'tol': 0.00023914515338820672, 'validation_fraction': 0.6607873281423688}]
/home/ryedida/.local/lib/python3.9/site-packages/sklearn/neural_network/_multilayer_perceptron.py:605: UserWarning: Got `batch_size` less than 1 or larger than sample size. It is going to be clipped
  warnings.warn(

/home/ryedida/.local/lib/python3.9/site-packages/sklearn/neural_network/_multilayer_perceptron.py:686: ConvergenceWarning: Stochastic Optimizer: Maximum iterations (200) reached and the optimization hasn't converged yet.
  warnings.warn(

function_evaluation time 0.687225 value 3900.073998 suggestion {'alpha': 0.09974038133688772, 'batch_size': 146, 'beta_1': 0.9373417350136236, 'beta_2': 0.9806649675055775, 'epsilon': 2.0690357622436003e-09, 'hidden_layer_sizes': 96, 'learning_rate_init': 0.011677360293171339, 'tol': 0.00023914515338820672, 'validation_fraction': 0.6607873281423688}
observation time 0.000011, current best 3227.053220 at iter 5
Failure in optimizer suggest. Falling back to random search.
name 'activ' is not defined
Traceback (most recent call last):
  File "/home/ryedida/.local/lib/python3.9/site-packages/bayesmark/experiment.py", line 126, in run_study
    next_points = optimizer.suggest(n_suggestions)
  File "/home/ryedida/bbo_challenge_starter_kit/example_submissions/smoothness/optimizer.py", line 105, in suggest
    betas = [self._get_smoothness_reg(guess) for guess in guesses]
  File "/home/ryedida/bbo_challenge_starter_kit/example_submissions/smoothness/optimizer.py", line 105, in <listcomp>
    betas = [self._get_smoothness_reg(guess) for guess in guesses]
  File "/home/ryedida/bbo_challenge_starter_kit/example_submissions/smoothness/optimizer.py", line 48, in _get_smoothness_reg
    if activ > Kz:
NameError: name 'activ' is not defined
suggestion time taken 0.326185 iter 6 next_points [{'alpha': 0.00014106882994419643, 'batch_size': 60, 'beta_1': 0.909955107840641, 'beta_2': 0.9787938021774946, 'epsilon': 7.003518739858005e-09, 'hidden_layer_sizes': 195, 'learning_rate_init': 0.039364317582147056, 'tol': 1.2592420330002423e-05, 'validation_fraction': 0.17980104240175035}]
function_evaluation time 0.504589 value 2942.448368 suggestion {'alpha': 0.00014106882994419643, 'batch_size': 60, 'beta_1': 0.909955107840641, 'beta_2': 0.9787938021774946, 'epsilon': 7.003518739858005e-09, 'hidden_layer_sizes': 195, 'learning_rate_init': 0.039364317582147056, 'tol': 1.2592420330002423e-05, 'validation_fraction': 0.17980104240175035}
observation time 0.000004, current best 2942.448368 at iter 6
Failure in optimizer suggest. Falling back to random search.
name 'activ' is not defined
Traceback (most recent call last):
  File "/home/ryedida/.local/lib/python3.9/site-packages/bayesmark/experiment.py", line 126, in run_study
    next_points = optimizer.suggest(n_suggestions)
  File "/home/ryedida/bbo_challenge_starter_kit/example_submissions/smoothness/optimizer.py", line 105, in suggest
    betas = [self._get_smoothness_reg(guess) for guess in guesses]
  File "/home/ryedida/bbo_challenge_starter_kit/example_submissions/smoothness/optimizer.py", line 105, in <listcomp>
    betas = [self._get_smoothness_reg(guess) for guess in guesses]
  File "/home/ryedida/bbo_challenge_starter_kit/example_submissions/smoothness/optimizer.py", line 48, in _get_smoothness_reg
    if activ > Kz:
NameError: name 'activ' is not defined
suggestion time taken 0.465856 iter 7 next_points [{'alpha': 0.3227304129314736, 'batch_size': 227, 'beta_1': 0.9638920869067434, 'beta_2': 0.9999599616934199, 'epsilon': 5.501731665831604e-08, 'hidden_layer_sizes': 103, 'learning_rate_init': 0.004426653853578761, 'tol': 3.384436144382729e-05, 'validation_fraction': 0.2344499388985585}]
/home/ryedida/.local/lib/python3.9/site-packages/sklearn/neural_network/_multilayer_perceptron.py:686: ConvergenceWarning: Stochastic Optimizer: Maximum iterations (200) reached and the optimization hasn't converged yet.
  warnings.warn(

function_evaluation time 0.918412 value 13840.482337 suggestion {'alpha': 0.3227304129314736, 'batch_size': 227, 'beta_1': 0.9638920869067434, 'beta_2': 0.9999599616934199, 'epsilon': 5.501731665831604e-08, 'hidden_layer_sizes': 103, 'learning_rate_init': 0.004426653853578761, 'tol': 3.384436144382729e-05, 'validation_fraction': 0.2344499388985585}
observation time 0.000006, current best 2942.448368 at iter 7
Failure in optimizer suggest. Falling back to random search.
name 'activ' is not defined
Traceback (most recent call last):
  File "/home/ryedida/.local/lib/python3.9/site-packages/bayesmark/experiment.py", line 126, in run_study
    next_points = optimizer.suggest(n_suggestions)
  File "/home/ryedida/bbo_challenge_starter_kit/example_submissions/smoothness/optimizer.py", line 105, in suggest
    betas = [self._get_smoothness_reg(guess) for guess in guesses]
  File "/home/ryedida/bbo_challenge_starter_kit/example_submissions/smoothness/optimizer.py", line 105, in <listcomp>
    betas = [self._get_smoothness_reg(guess) for guess in guesses]
  File "/home/ryedida/bbo_challenge_starter_kit/example_submissions/smoothness/optimizer.py", line 48, in _get_smoothness_reg
    if activ > Kz:
NameError: name 'activ' is not defined
suggestion time taken 0.321975 iter 8 next_points [{'alpha': 0.00013618623546336842, 'batch_size': 138, 'beta_1': 0.7899136845224823, 'beta_2': 0.9999785309033478, 'epsilon': 5.051353717114029e-08, 'hidden_layer_sizes': 186, 'learning_rate_init': 0.00020498385806224777, 'tol': 0.0002704793448030393, 'validation_fraction': 0.3515316520569673}]
/home/ryedida/.local/lib/python3.9/site-packages/sklearn/neural_network/_multilayer_perceptron.py:686: ConvergenceWarning: Stochastic Optimizer: Maximum iterations (200) reached and the optimization hasn't converged yet.
  warnings.warn(

function_evaluation time 1.328112 value 28468.632648 suggestion {'alpha': 0.00013618623546336842, 'batch_size': 138, 'beta_1': 0.7899136845224823, 'beta_2': 0.9999785309033478, 'epsilon': 5.051353717114029e-08, 'hidden_layer_sizes': 186, 'learning_rate_init': 0.00020498385806224777, 'tol': 0.0002704793448030393, 'validation_fraction': 0.3515316520569673}
observation time 0.000006, current best 2942.448368 at iter 8
Failure in optimizer suggest. Falling back to random search.
name 'activ' is not defined
Traceback (most recent call last):
  File "/home/ryedida/.local/lib/python3.9/site-packages/bayesmark/experiment.py", line 126, in run_study
    next_points = optimizer.suggest(n_suggestions)
  File "/home/ryedida/bbo_challenge_starter_kit/example_submissions/smoothness/optimizer.py", line 105, in suggest
    betas = [self._get_smoothness_reg(guess) for guess in guesses]
  File "/home/ryedida/bbo_challenge_starter_kit/example_submissions/smoothness/optimizer.py", line 105, in <listcomp>
    betas = [self._get_smoothness_reg(guess) for guess in guesses]
  File "/home/ryedida/bbo_challenge_starter_kit/example_submissions/smoothness/optimizer.py", line 48, in _get_smoothness_reg
    if activ > Kz:
NameError: name 'activ' is not defined
suggestion time taken 0.316542 iter 9 next_points [{'alpha': 0.001443071517956032, 'batch_size': 205, 'beta_1': 0.9840963300350417, 'beta_2': 0.9999987081721323, 'epsilon': 1.2566616907921321e-09, 'hidden_layer_sizes': 111, 'learning_rate_init': 0.0013409631927970417, 'tol': 1.5380632822500414e-05, 'validation_fraction': 0.180585030670373}]
/home/ryedida/.local/lib/python3.9/site-packages/sklearn/neural_network/_multilayer_perceptron.py:686: ConvergenceWarning: Stochastic Optimizer: Maximum iterations (200) reached and the optimization hasn't converged yet.
  warnings.warn(

function_evaluation time 1.152229 value 22253.692045 suggestion {'alpha': 0.001443071517956032, 'batch_size': 205, 'beta_1': 0.9840963300350417, 'beta_2': 0.9999987081721323, 'epsilon': 1.2566616907921321e-09, 'hidden_layer_sizes': 111, 'learning_rate_init': 0.0013409631927970417, 'tol': 1.5380632822500414e-05, 'validation_fraction': 0.180585030670373}
observation time 0.000005, current best 2942.448368 at iter 9
Failure in optimizer suggest. Falling back to random search.
name 'activ' is not defined
Traceback (most recent call last):
  File "/home/ryedida/.local/lib/python3.9/site-packages/bayesmark/experiment.py", line 126, in run_study
    next_points = optimizer.suggest(n_suggestions)
  File "/home/ryedida/bbo_challenge_starter_kit/example_submissions/smoothness/optimizer.py", line 105, in suggest
    betas = [self._get_smoothness_reg(guess) for guess in guesses]
  File "/home/ryedida/bbo_challenge_starter_kit/example_submissions/smoothness/optimizer.py", line 105, in <listcomp>
    betas = [self._get_smoothness_reg(guess) for guess in guesses]
  File "/home/ryedida/bbo_challenge_starter_kit/example_submissions/smoothness/optimizer.py", line 48, in _get_smoothness_reg
    if activ > Kz:
NameError: name 'activ' is not defined
suggestion time taken 0.330323 iter 10 next_points [{'alpha': 0.0024991776003356375, 'batch_size': 225, 'beta_1': 0.9657251670198147, 'beta_2': 0.9233252964094539, 'epsilon': 5.076542787737489e-07, 'hidden_layer_sizes': 140, 'learning_rate_init': 1.4125123614038796e-05, 'tol': 0.050896842736858794, 'validation_fraction': 0.5673123520931632}]
/home/ryedida/.local/lib/python3.9/site-packages/sklearn/neural_network/_multilayer_perceptron.py:605: UserWarning: Got `batch_size` less than 1 or larger than sample size. It is going to be clipped
  warnings.warn(

function_evaluation time 0.061802 value 29105.605444 suggestion {'alpha': 0.0024991776003356375, 'batch_size': 225, 'beta_1': 0.9657251670198147, 'beta_2': 0.9233252964094539, 'epsilon': 5.076542787737489e-07, 'hidden_layer_sizes': 140, 'learning_rate_init': 1.4125123614038796e-05, 'tol': 0.050896842736858794, 'validation_fraction': 0.5673123520931632}
observation time 0.000005, current best 2942.448368 at iter 10
Failure in optimizer suggest. Falling back to random search.
name 'activ' is not defined
Traceback (most recent call last):
  File "/home/ryedida/.local/lib/python3.9/site-packages/bayesmark/experiment.py", line 126, in run_study
    next_points = optimizer.suggest(n_suggestions)
  File "/home/ryedida/bbo_challenge_starter_kit/example_submissions/smoothness/optimizer.py", line 105, in suggest
    betas = [self._get_smoothness_reg(guess) for guess in guesses]
  File "/home/ryedida/bbo_challenge_starter_kit/example_submissions/smoothness/optimizer.py", line 105, in <listcomp>
    betas = [self._get_smoothness_reg(guess) for guess in guesses]
  File "/home/ryedida/bbo_challenge_starter_kit/example_submissions/smoothness/optimizer.py", line 48, in _get_smoothness_reg
    if activ > Kz:
NameError: name 'activ' is not defined
suggestion time taken 0.323126 iter 11 next_points [{'alpha': 0.0003060606464425901, 'batch_size': 112, 'beta_1': 0.9358519483542916, 'beta_2': 0.9999969792581702, 'epsilon': 3.267978398198957e-08, 'hidden_layer_sizes': 150, 'learning_rate_init': 0.017700972864378432, 'tol': 0.0006327442866244776, 'validation_fraction': 0.8960241574037856}]
/home/ryedida/.local/lib/python3.9/site-packages/sklearn/neural_network/_multilayer_perceptron.py:605: UserWarning: Got `batch_size` less than 1 or larger than sample size. It is going to be clipped
  warnings.warn(

function_evaluation time 0.446688 value 4232.890848 suggestion {'alpha': 0.0003060606464425901, 'batch_size': 112, 'beta_1': 0.9358519483542916, 'beta_2': 0.9999969792581702, 'epsilon': 3.267978398198957e-08, 'hidden_layer_sizes': 150, 'learning_rate_init': 0.017700972864378432, 'tol': 0.0006327442866244776, 'validation_fraction': 0.8960241574037856}
observation time 0.000005, current best 2942.448368 at iter 11
Failure in optimizer suggest. Falling back to random search.
name 'activ' is not defined
Traceback (most recent call last):
  File "/home/ryedida/.local/lib/python3.9/site-packages/bayesmark/experiment.py", line 126, in run_study
    next_points = optimizer.suggest(n_suggestions)
  File "/home/ryedida/bbo_challenge_starter_kit/example_submissions/smoothness/optimizer.py", line 105, in suggest
    betas = [self._get_smoothness_reg(guess) for guess in guesses]
  File "/home/ryedida/bbo_challenge_starter_kit/example_submissions/smoothness/optimizer.py", line 105, in <listcomp>
    betas = [self._get_smoothness_reg(guess) for guess in guesses]
  File "/home/ryedida/bbo_challenge_starter_kit/example_submissions/smoothness/optimizer.py", line 48, in _get_smoothness_reg
    if activ > Kz:
NameError: name 'activ' is not defined
suggestion time taken 0.322413 iter 12 next_points [{'alpha': 2.413355115716496e-05, 'batch_size': 183, 'beta_1': 0.6935447078834065, 'beta_2': 0.9999025263928916, 'epsilon': 6.549120963127067e-08, 'hidden_layer_sizes': 114, 'learning_rate_init': 0.028839642930431817, 'tol': 0.00012897148761297194, 'validation_fraction': 0.25130126833678534}]
function_evaluation time 0.665421 value 2979.260181 suggestion {'alpha': 2.413355115716496e-05, 'batch_size': 183, 'beta_1': 0.6935447078834065, 'beta_2': 0.9999025263928916, 'epsilon': 6.549120963127067e-08, 'hidden_layer_sizes': 114, 'learning_rate_init': 0.028839642930431817, 'tol': 0.00012897148761297194, 'validation_fraction': 0.25130126833678534}
observation time 0.000005, current best 2942.448368 at iter 12
Failure in optimizer suggest. Falling back to random search.
name 'activ' is not defined
Traceback (most recent call last):
  File "/home/ryedida/.local/lib/python3.9/site-packages/bayesmark/experiment.py", line 126, in run_study
    next_points = optimizer.suggest(n_suggestions)
  File "/home/ryedida/bbo_challenge_starter_kit/example_submissions/smoothness/optimizer.py", line 105, in suggest
    betas = [self._get_smoothness_reg(guess) for guess in guesses]
  File "/home/ryedida/bbo_challenge_starter_kit/example_submissions/smoothness/optimizer.py", line 105, in <listcomp>
    betas = [self._get_smoothness_reg(guess) for guess in guesses]
  File "/home/ryedida/bbo_challenge_starter_kit/example_submissions/smoothness/optimizer.py", line 48, in _get_smoothness_reg
    if activ > Kz:
NameError: name 'activ' is not defined
suggestion time taken 0.318554 iter 13 next_points [{'alpha': 0.008278765535700358, 'batch_size': 18, 'beta_1': 0.7785338111004665, 'beta_2': 0.999753925528531, 'epsilon': 5.252478034583218e-09, 'hidden_layer_sizes': 146, 'learning_rate_init': 0.0009496235699827259, 'tol': 0.0028686924383338574, 'validation_fraction': 0.10765467390917266}]
function_evaluation time 1.789717 value 3794.623406 suggestion {'alpha': 0.008278765535700358, 'batch_size': 18, 'beta_1': 0.7785338111004665, 'beta_2': 0.999753925528531, 'epsilon': 5.252478034583218e-09, 'hidden_layer_sizes': 146, 'learning_rate_init': 0.0009496235699827259, 'tol': 0.0028686924383338574, 'validation_fraction': 0.10765467390917266}
observation time 0.000006, current best 2942.448368 at iter 13
Failure in optimizer suggest. Falling back to random search.
name 'activ' is not defined
Traceback (most recent call last):
  File "/home/ryedida/.local/lib/python3.9/site-packages/bayesmark/experiment.py", line 126, in run_study
    next_points = optimizer.suggest(n_suggestions)
  File "/home/ryedida/bbo_challenge_starter_kit/example_submissions/smoothness/optimizer.py", line 105, in suggest
    betas = [self._get_smoothness_reg(guess) for guess in guesses]
  File "/home/ryedida/bbo_challenge_starter_kit/example_submissions/smoothness/optimizer.py", line 105, in <listcomp>
    betas = [self._get_smoothness_reg(guess) for guess in guesses]
  File "/home/ryedida/bbo_challenge_starter_kit/example_submissions/smoothness/optimizer.py", line 48, in _get_smoothness_reg
    if activ > Kz:
NameError: name 'activ' is not defined
suggestion time taken 0.323060 iter 14 next_points [{'alpha': 0.0020380728860270887, 'batch_size': 36, 'beta_1': 0.5602617277354218, 'beta_2': 0.9938264337274506, 'epsilon': 1.185467746687714e-09, 'hidden_layer_sizes': 144, 'learning_rate_init': 0.00011231388497580018, 'tol': 0.0005951483553814279, 'validation_fraction': 0.11769892351312006}]
/home/ryedida/.local/lib/python3.9/site-packages/sklearn/neural_network/_multilayer_perceptron.py:686: ConvergenceWarning: Stochastic Optimizer: Maximum iterations (200) reached and the optimization hasn't converged yet.
  warnings.warn(

function_evaluation time 1.226627 value 28425.934731 suggestion {'alpha': 0.0020380728860270887, 'batch_size': 36, 'beta_1': 0.5602617277354218, 'beta_2': 0.9938264337274506, 'epsilon': 1.185467746687714e-09, 'hidden_layer_sizes': 144, 'learning_rate_init': 0.00011231388497580018, 'tol': 0.0005951483553814279, 'validation_fraction': 0.11769892351312006}
observation time 0.000005, current best 2942.448368 at iter 14
saving meta data: {'args': {'--uuid': '2c706c5ebcc859bbac17819e09bdda4d', '-db-root': '/home/ryedida/bbo_challenge_starter_kit/output', '--opt-root': '/home/ryedida/bbo_challenge_starter_kit/example_submissions', '--data-root': None, '--db': 'run_20230425_055340', '--opt': 'smoothness', '--data': 'diabetes', '--classifier': 'MLP-adam', '--metric': 'mse', '--calls': 15, '--suggestions': 1, '--jobs-file': None, '--verbose': False, 'dry_run': False, 'rev': 'a376313', 'opt_rev': 'x.x.x'}, 'signature': ([{'alpha': 0.019628224813442792, 'batch_size': 182, 'beta_1': 0.9410202200271762, 'beta_2': 0.9998021557676793, 'epsilon': 1.8662266976518e-08, 'hidden_layer_sizes': 147, 'learning_rate_init': 0.0005627932047415167, 'tol': 0.03690557729213761, 'validation_fraction': 0.8846827852548593}, {'alpha': 0.0019982467392329444, 'batch_size': 200, 'beta_1': 0.919111482530466, 'beta_2': 0.9998488260436156, 'epsilon': 5.981221901152555e-07, 'hidden_layer_sizes': 61, 'learning_rate_init': 2.2310905607443014e-05, 'tol': 1.2046852412030316e-05, 'validation_fraction': 0.8117896445826539}, {'alpha': 0.46659545670218433, 'batch_size': 219, 'beta_1': 0.9889789783750891, 'beta_2': 0.9999896868093284, 'epsilon': 2.4234724484675948e-08, 'hidden_layer_sizes': 167, 'learning_rate_init': 2.972334644335654e-05, 'tol': 0.0036281404040243792, 'validation_fraction': 0.17260651658522078}, {'alpha': 4.656005689076002, 'batch_size': 135, 'beta_1': 0.870503881627747, 'beta_2': 0.9948873266941017, 'epsilon': 2.1023308743480125e-07, 'hidden_layer_sizes': 118, 'learning_rate_init': 0.0018781738757161913, 'tol': 1.1889379831773004e-05, 'validation_fraction': 0.6264327093752792}, {'alpha': 0.04705159350400542, 'batch_size': 158, 'beta_1': 0.9870884262730957, 'beta_2': 0.9999596874382349, 'epsilon': 1.1981845126013875e-08, 'hidden_layer_sizes': 116, 'learning_rate_init': 0.00617340520407431, 'tol': 1.741413418158619e-05, 'validation_fraction': 0.6754299026638921}], [29083.993548572587, 29062.423277324073, 29075.78987471409, 24626.32866834337, 9584.226858493177])}
saving results
saving timing
saving suggest log
done
