running: {'--uuid': '3b684f1d17105ab8a90a6defed6633e8', '-db-root': '/home/ryedida/bbo_challenge_starter_kit/output', '--opt-root': '/home/ryedida/bbo_challenge_starter_kit/example_submissions', '--data-root': None, '--db': 'run_20230425_055340', '--opt': 'smoothness', '--data': 'diabetes', '--classifier': 'MLP-adam', '--metric': 'mae', '--calls': 15, '--suggestions': 1, '--jobs-file': None, '--verbose': False, 'dry_run': False, 'rev': 'a376313', 'opt_rev': 'x.x.x'}
cmd: python smoothness/optimizer.py -c MLP-adam -d diabetes -o smoothness -u 3b684f1d17105ab8a90a6defed6633e8 -m mae -n 15 -p 1 -dir /home/ryedida/bbo_challenge_starter_kit/output -b run_20230425_055340
/home/ryedida/.local/lib/python3.9/site-packages/sklearn/neural_network/_multilayer_perceptron.py:605: UserWarning: Got `batch_size` less than 1 or larger than sample size. It is going to be clipped
  warnings.warn(

/home/ryedida/.local/lib/python3.9/site-packages/sklearn/neural_network/_multilayer_perceptron.py:605: UserWarning: Got `batch_size` less than 1 or larger than sample size. It is going to be clipped
  warnings.warn(

/home/ryedida/.local/lib/python3.9/site-packages/sklearn/neural_network/_multilayer_perceptron.py:605: UserWarning: Got `batch_size` less than 1 or larger than sample size. It is going to be clipped
  warnings.warn(

/home/ryedida/.local/lib/python3.9/site-packages/sklearn/neural_network/_multilayer_perceptron.py:686: ConvergenceWarning: Stochastic Optimizer: Maximum iterations (200) reached and the optimization hasn't converged yet.
  warnings.warn(

/home/ryedida/.local/lib/python3.9/site-packages/sklearn/neural_network/_multilayer_perceptron.py:605: UserWarning: Got `batch_size` less than 1 or larger than sample size. It is going to be clipped
  warnings.warn(

/home/ryedida/.local/lib/python3.9/site-packages/sklearn/neural_network/_multilayer_perceptron.py:686: ConvergenceWarning: Stochastic Optimizer: Maximum iterations (200) reached and the optimization hasn't converged yet.
  warnings.warn(

computed signature: ([{'alpha': 0.019628224813442792, 'batch_size': 182, 'beta_1': 0.9410202200271762, 'beta_2': 0.9998021557676793, 'epsilon': 1.8662266976518e-08, 'hidden_layer_sizes': 147, 'learning_rate_init': 0.0005627932047415167, 'tol': 0.03690557729213761, 'validation_fraction': 0.8846827852548593}, {'alpha': 0.0019982467392329444, 'batch_size': 200, 'beta_1': 0.919111482530466, 'beta_2': 0.9998488260436156, 'epsilon': 5.981221901152555e-07, 'hidden_layer_sizes': 61, 'learning_rate_init': 2.2310905607443014e-05, 'tol': 1.2046852412030316e-05, 'validation_fraction': 0.8117896445826539}, {'alpha': 0.46659545670218433, 'batch_size': 219, 'beta_1': 0.9889789783750891, 'beta_2': 0.9999896868093284, 'epsilon': 2.4234724484675948e-08, 'hidden_layer_sizes': 167, 'learning_rate_init': 2.972334644335654e-05, 'tol': 0.0036281404040243792, 'validation_fraction': 0.17260651658522078}, {'alpha': 4.656005689076002, 'batch_size': 135, 'beta_1': 0.870503881627747, 'beta_2': 0.9948873266941017, 'epsilon': 2.1023308743480125e-07, 'hidden_layer_sizes': 118, 'learning_rate_init': 0.0018781738757161913, 'tol': 1.1889379831773004e-05, 'validation_fraction': 0.6264327093752792}, {'alpha': 0.04705159350400542, 'batch_size': 158, 'beta_1': 0.9870884262730957, 'beta_2': 0.9999596874382349, 'epsilon': 1.1981845126013875e-08, 'hidden_layer_sizes': 116, 'learning_rate_init': 0.00617340520407431, 'tol': 1.741413418158619e-05, 'validation_fraction': 0.6754299026638921}], [151.4971925380264, 151.42763539278994, 151.47026299046811, 136.86202504264318, 75.2055865763391])
Signature errors:
                                  0             1             2         3         4       max
MLP-adam_diabetes_mae  1.919244e-08  6.198704e-08  7.624578e-09  0.000007  0.000034  0.000034
max                    1.919244e-08  6.198704e-08  7.624578e-09  0.000007  0.000034  0.000034
starting sklearn study smoothness MLP-adam diabetes mae 15 1
with data root: None
Failure in optimizer suggest. Falling back to random search.
name 'activ' is not defined
Traceback (most recent call last):
  File "/home/ryedida/.local/lib/python3.9/site-packages/bayesmark/experiment.py", line 126, in run_study
    next_points = optimizer.suggest(n_suggestions)
  File "/home/ryedida/bbo_challenge_starter_kit/example_submissions/smoothness/optimizer.py", line 105, in suggest
    betas = [self._get_smoothness_reg(guess) for guess in guesses]
  File "/home/ryedida/bbo_challenge_starter_kit/example_submissions/smoothness/optimizer.py", line 105, in <listcomp>
    betas = [self._get_smoothness_reg(guess) for guess in guesses]
  File "/home/ryedida/bbo_challenge_starter_kit/example_submissions/smoothness/optimizer.py", line 48, in _get_smoothness_reg
    if activ > Kz:
NameError: name 'activ' is not defined
suggestion time taken 0.493435 iter 0 next_points [{'alpha': 0.010597676475510513, 'batch_size': 156, 'beta_1': 0.967820653150642, 'beta_2': 0.9298159379156145, 'epsilon': 5.21259518626402e-07, 'hidden_layer_sizes': 120, 'learning_rate_init': 0.06272198499757287, 'tol': 0.005692139669404564, 'validation_fraction': 0.36165979291173495}]
function_evaluation time 0.195251 value 55.421099 suggestion {'alpha': 0.010597676475510513, 'batch_size': 156, 'beta_1': 0.967820653150642, 'beta_2': 0.9298159379156145, 'epsilon': 5.21259518626402e-07, 'hidden_layer_sizes': 120, 'learning_rate_init': 0.06272198499757287, 'tol': 0.005692139669404564, 'validation_fraction': 0.36165979291173495}
observation time 0.000006, current best 55.421099 at iter 0
Failure in optimizer suggest. Falling back to random search.
name 'activ' is not defined
Traceback (most recent call last):
  File "/home/ryedida/.local/lib/python3.9/site-packages/bayesmark/experiment.py", line 126, in run_study
    next_points = optimizer.suggest(n_suggestions)
  File "/home/ryedida/bbo_challenge_starter_kit/example_submissions/smoothness/optimizer.py", line 105, in suggest
    betas = [self._get_smoothness_reg(guess) for guess in guesses]
  File "/home/ryedida/bbo_challenge_starter_kit/example_submissions/smoothness/optimizer.py", line 105, in <listcomp>
    betas = [self._get_smoothness_reg(guess) for guess in guesses]
  File "/home/ryedida/bbo_challenge_starter_kit/example_submissions/smoothness/optimizer.py", line 48, in _get_smoothness_reg
    if activ > Kz:
NameError: name 'activ' is not defined
suggestion time taken 0.329089 iter 1 next_points [{'alpha': 1.5525054160300076e-05, 'batch_size': 74, 'beta_1': 0.9831232130975744, 'beta_2': 0.9999874131063837, 'epsilon': 4.197881036132813e-07, 'hidden_layer_sizes': 54, 'learning_rate_init': 0.015199807816815725, 'tol': 0.000677238491269322, 'validation_fraction': 0.11021281178142314}]
function_evaluation time 0.226395 value 55.473423 suggestion {'alpha': 1.5525054160300076e-05, 'batch_size': 74, 'beta_1': 0.9831232130975744, 'beta_2': 0.9999874131063837, 'epsilon': 4.197881036132813e-07, 'hidden_layer_sizes': 54, 'learning_rate_init': 0.015199807816815725, 'tol': 0.000677238491269322, 'validation_fraction': 0.11021281178142314}
observation time 0.000005, current best 55.421099 at iter 1
Failure in optimizer suggest. Falling back to random search.
name 'activ' is not defined
Traceback (most recent call last):
  File "/home/ryedida/.local/lib/python3.9/site-packages/bayesmark/experiment.py", line 126, in run_study
    next_points = optimizer.suggest(n_suggestions)
  File "/home/ryedida/bbo_challenge_starter_kit/example_submissions/smoothness/optimizer.py", line 105, in suggest
    betas = [self._get_smoothness_reg(guess) for guess in guesses]
  File "/home/ryedida/bbo_challenge_starter_kit/example_submissions/smoothness/optimizer.py", line 105, in <listcomp>
    betas = [self._get_smoothness_reg(guess) for guess in guesses]
  File "/home/ryedida/bbo_challenge_starter_kit/example_submissions/smoothness/optimizer.py", line 48, in _get_smoothness_reg
    if activ > Kz:
NameError: name 'activ' is not defined
suggestion time taken 0.327373 iter 2 next_points [{'alpha': 0.0011227173584380456, 'batch_size': 22, 'beta_1': 0.9372609660261372, 'beta_2': 0.974627617233725, 'epsilon': 1.8047323977372323e-09, 'hidden_layer_sizes': 173, 'learning_rate_init': 1.3057418057594543e-05, 'tol': 1.605356045286286e-05, 'validation_fraction': 0.7566468885513357}]
/home/ryedida/.local/lib/python3.9/site-packages/sklearn/neural_network/_multilayer_perceptron.py:686: ConvergenceWarning: Stochastic Optimizer: Maximum iterations (200) reached and the optimization hasn't converged yet.
  warnings.warn(

function_evaluation time 1.485048 value 151.546482 suggestion {'alpha': 0.0011227173584380456, 'batch_size': 22, 'beta_1': 0.9372609660261372, 'beta_2': 0.974627617233725, 'epsilon': 1.8047323977372323e-09, 'hidden_layer_sizes': 173, 'learning_rate_init': 1.3057418057594543e-05, 'tol': 1.605356045286286e-05, 'validation_fraction': 0.7566468885513357}
observation time 0.000005, current best 55.421099 at iter 2
Failure in optimizer suggest. Falling back to random search.
name 'activ' is not defined
Traceback (most recent call last):
  File "/home/ryedida/.local/lib/python3.9/site-packages/bayesmark/experiment.py", line 126, in run_study
    next_points = optimizer.suggest(n_suggestions)
  File "/home/ryedida/bbo_challenge_starter_kit/example_submissions/smoothness/optimizer.py", line 105, in suggest
    betas = [self._get_smoothness_reg(guess) for guess in guesses]
  File "/home/ryedida/bbo_challenge_starter_kit/example_submissions/smoothness/optimizer.py", line 105, in <listcomp>
    betas = [self._get_smoothness_reg(guess) for guess in guesses]
  File "/home/ryedida/bbo_challenge_starter_kit/example_submissions/smoothness/optimizer.py", line 48, in _get_smoothness_reg
    if activ > Kz:
NameError: name 'activ' is not defined
suggestion time taken 0.327349 iter 3 next_points [{'alpha': 0.014457870886372692, 'batch_size': 169, 'beta_1': 0.9824085179238619, 'beta_2': 0.9999939217913907, 'epsilon': 2.9531298005750126e-09, 'hidden_layer_sizes': 173, 'learning_rate_init': 1.1159682699681812e-05, 'tol': 0.010386286628923132, 'validation_fraction': 0.7411630308703829}]
/home/ryedida/.local/lib/python3.9/site-packages/sklearn/neural_network/_multilayer_perceptron.py:605: UserWarning: Got `batch_size` less than 1 or larger than sample size. It is going to be clipped
  warnings.warn(

function_evaluation time 0.059364 value 151.675630 suggestion {'alpha': 0.014457870886372692, 'batch_size': 169, 'beta_1': 0.9824085179238619, 'beta_2': 0.9999939217913907, 'epsilon': 2.9531298005750126e-09, 'hidden_layer_sizes': 173, 'learning_rate_init': 1.1159682699681812e-05, 'tol': 0.010386286628923132, 'validation_fraction': 0.7411630308703829}
observation time 0.000004, current best 55.421099 at iter 3
Failure in optimizer suggest. Falling back to random search.
name 'activ' is not defined
Traceback (most recent call last):
  File "/home/ryedida/.local/lib/python3.9/site-packages/bayesmark/experiment.py", line 126, in run_study
    next_points = optimizer.suggest(n_suggestions)
  File "/home/ryedida/bbo_challenge_starter_kit/example_submissions/smoothness/optimizer.py", line 105, in suggest
    betas = [self._get_smoothness_reg(guess) for guess in guesses]
  File "/home/ryedida/bbo_challenge_starter_kit/example_submissions/smoothness/optimizer.py", line 105, in <listcomp>
    betas = [self._get_smoothness_reg(guess) for guess in guesses]
  File "/home/ryedida/bbo_challenge_starter_kit/example_submissions/smoothness/optimizer.py", line 48, in _get_smoothness_reg
    if activ > Kz:
NameError: name 'activ' is not defined
suggestion time taken 0.327053 iter 4 next_points [{'alpha': 0.5113919847714251, 'batch_size': 197, 'beta_1': 0.787648782940885, 'beta_2': 0.9957319140628801, 'epsilon': 3.4420603082160256e-07, 'hidden_layer_sizes': 190, 'learning_rate_init': 9.303098446589877e-05, 'tol': 9.874617010476118e-05, 'validation_fraction': 0.11044140605608901}]
/home/ryedida/.local/lib/python3.9/site-packages/sklearn/neural_network/_multilayer_perceptron.py:686: ConvergenceWarning: Stochastic Optimizer: Maximum iterations (200) reached and the optimization hasn't converged yet.
  warnings.warn(

function_evaluation time 1.438857 value 150.923720 suggestion {'alpha': 0.5113919847714251, 'batch_size': 197, 'beta_1': 0.787648782940885, 'beta_2': 0.9957319140628801, 'epsilon': 3.4420603082160256e-07, 'hidden_layer_sizes': 190, 'learning_rate_init': 9.303098446589877e-05, 'tol': 9.874617010476118e-05, 'validation_fraction': 0.11044140605608901}
observation time 0.000005, current best 55.421099 at iter 4
Failure in optimizer suggest. Falling back to random search.
name 'activ' is not defined
Traceback (most recent call last):
  File "/home/ryedida/.local/lib/python3.9/site-packages/bayesmark/experiment.py", line 126, in run_study
    next_points = optimizer.suggest(n_suggestions)
  File "/home/ryedida/bbo_challenge_starter_kit/example_submissions/smoothness/optimizer.py", line 105, in suggest
    betas = [self._get_smoothness_reg(guess) for guess in guesses]
  File "/home/ryedida/bbo_challenge_starter_kit/example_submissions/smoothness/optimizer.py", line 105, in <listcomp>
    betas = [self._get_smoothness_reg(guess) for guess in guesses]
  File "/home/ryedida/bbo_challenge_starter_kit/example_submissions/smoothness/optimizer.py", line 48, in _get_smoothness_reg
    if activ > Kz:
NameError: name 'activ' is not defined
suggestion time taken 0.344368 iter 5 next_points [{'alpha': 1.0700239250053207, 'batch_size': 104, 'beta_1': 0.6608112450392168, 'beta_2': 0.9999967980510793, 'epsilon': 2.6090829528706835e-09, 'hidden_layer_sizes': 179, 'learning_rate_init': 1.1083795768047906e-05, 'tol': 0.00016764828388169336, 'validation_fraction': 0.17617326530143315}]
function_evaluation time 0.105893 value 151.567286 suggestion {'alpha': 1.0700239250053207, 'batch_size': 104, 'beta_1': 0.6608112450392168, 'beta_2': 0.9999967980510793, 'epsilon': 2.6090829528706835e-09, 'hidden_layer_sizes': 179, 'learning_rate_init': 1.1083795768047906e-05, 'tol': 0.00016764828388169336, 'validation_fraction': 0.17617326530143315}
observation time 0.000004, current best 55.421099 at iter 5
Failure in optimizer suggest. Falling back to random search.
name 'activ' is not defined
Traceback (most recent call last):
  File "/home/ryedida/.local/lib/python3.9/site-packages/bayesmark/experiment.py", line 126, in run_study
    next_points = optimizer.suggest(n_suggestions)
  File "/home/ryedida/bbo_challenge_starter_kit/example_submissions/smoothness/optimizer.py", line 105, in suggest
    betas = [self._get_smoothness_reg(guess) for guess in guesses]
  File "/home/ryedida/bbo_challenge_starter_kit/example_submissions/smoothness/optimizer.py", line 105, in <listcomp>
    betas = [self._get_smoothness_reg(guess) for guess in guesses]
  File "/home/ryedida/bbo_challenge_starter_kit/example_submissions/smoothness/optimizer.py", line 48, in _get_smoothness_reg
    if activ > Kz:
NameError: name 'activ' is not defined
suggestion time taken 0.329062 iter 6 next_points [{'alpha': 0.01746198150616672, 'batch_size': 54, 'beta_1': 0.659496286091515, 'beta_2': 0.9999889472869954, 'epsilon': 1.43828015469332e-09, 'hidden_layer_sizes': 127, 'learning_rate_init': 0.004053666989864693, 'tol': 1.4826401104848764e-05, 'validation_fraction': 0.5915725518034517}]
/home/ryedida/.local/lib/python3.9/site-packages/sklearn/neural_network/_multilayer_perceptron.py:686: ConvergenceWarning: Stochastic Optimizer: Maximum iterations (200) reached and the optimization hasn't converged yet.
  warnings.warn(

function_evaluation time 1.150194 value 50.135121 suggestion {'alpha': 0.01746198150616672, 'batch_size': 54, 'beta_1': 0.659496286091515, 'beta_2': 0.9999889472869954, 'epsilon': 1.43828015469332e-09, 'hidden_layer_sizes': 127, 'learning_rate_init': 0.004053666989864693, 'tol': 1.4826401104848764e-05, 'validation_fraction': 0.5915725518034517}
observation time 0.000005, current best 50.135121 at iter 6
Failure in optimizer suggest. Falling back to random search.
name 'activ' is not defined
Traceback (most recent call last):
  File "/home/ryedida/.local/lib/python3.9/site-packages/bayesmark/experiment.py", line 126, in run_study
    next_points = optimizer.suggest(n_suggestions)
  File "/home/ryedida/bbo_challenge_starter_kit/example_submissions/smoothness/optimizer.py", line 105, in suggest
    betas = [self._get_smoothness_reg(guess) for guess in guesses]
  File "/home/ryedida/bbo_challenge_starter_kit/example_submissions/smoothness/optimizer.py", line 105, in <listcomp>
    betas = [self._get_smoothness_reg(guess) for guess in guesses]
  File "/home/ryedida/bbo_challenge_starter_kit/example_submissions/smoothness/optimizer.py", line 48, in _get_smoothness_reg
    if activ > Kz:
NameError: name 'activ' is not defined
suggestion time taken 0.465690 iter 7 next_points [{'alpha': 0.14503714580080407, 'batch_size': 89, 'beta_1': 0.5266945438665954, 'beta_2': 0.9923515004678712, 'epsilon': 2.2910718913424756e-09, 'hidden_layer_sizes': 148, 'learning_rate_init': 0.0022116795564916924, 'tol': 0.002103130694615164, 'validation_fraction': 0.7785965463112772}]
/home/ryedida/.local/lib/python3.9/site-packages/sklearn/neural_network/_multilayer_perceptron.py:605: UserWarning: Got `batch_size` less than 1 or larger than sample size. It is going to be clipped
  warnings.warn(

function_evaluation time 0.055949 value 151.294981 suggestion {'alpha': 0.14503714580080407, 'batch_size': 89, 'beta_1': 0.5266945438665954, 'beta_2': 0.9923515004678712, 'epsilon': 2.2910718913424756e-09, 'hidden_layer_sizes': 148, 'learning_rate_init': 0.0022116795564916924, 'tol': 0.002103130694615164, 'validation_fraction': 0.7785965463112772}
observation time 0.000004, current best 50.135121 at iter 7
Failure in optimizer suggest. Falling back to random search.
name 'activ' is not defined
Traceback (most recent call last):
  File "/home/ryedida/.local/lib/python3.9/site-packages/bayesmark/experiment.py", line 126, in run_study
    next_points = optimizer.suggest(n_suggestions)
  File "/home/ryedida/bbo_challenge_starter_kit/example_submissions/smoothness/optimizer.py", line 105, in suggest
    betas = [self._get_smoothness_reg(guess) for guess in guesses]
  File "/home/ryedida/bbo_challenge_starter_kit/example_submissions/smoothness/optimizer.py", line 105, in <listcomp>
    betas = [self._get_smoothness_reg(guess) for guess in guesses]
  File "/home/ryedida/bbo_challenge_starter_kit/example_submissions/smoothness/optimizer.py", line 48, in _get_smoothness_reg
    if activ > Kz:
NameError: name 'activ' is not defined
suggestion time taken 0.322347 iter 8 next_points [{'alpha': 2.321945446671256, 'batch_size': 229, 'beta_1': 0.959483259354423, 'beta_2': 0.9997051091794127, 'epsilon': 1.2480919737241756e-08, 'hidden_layer_sizes': 77, 'learning_rate_init': 0.00020793848253170477, 'tol': 1.8189943340136303e-05, 'validation_fraction': 0.15338517433024138}]
/home/ryedida/.local/lib/python3.9/site-packages/sklearn/neural_network/_multilayer_perceptron.py:686: ConvergenceWarning: Stochastic Optimizer: Maximum iterations (200) reached and the optimization hasn't converged yet.
  warnings.warn(

function_evaluation time 1.027674 value 150.369559 suggestion {'alpha': 2.321945446671256, 'batch_size': 229, 'beta_1': 0.959483259354423, 'beta_2': 0.9997051091794127, 'epsilon': 1.2480919737241756e-08, 'hidden_layer_sizes': 77, 'learning_rate_init': 0.00020793848253170477, 'tol': 1.8189943340136303e-05, 'validation_fraction': 0.15338517433024138}
observation time 0.000005, current best 50.135121 at iter 8
Failure in optimizer suggest. Falling back to random search.
name 'activ' is not defined
Traceback (most recent call last):
  File "/home/ryedida/.local/lib/python3.9/site-packages/bayesmark/experiment.py", line 126, in run_study
    next_points = optimizer.suggest(n_suggestions)
  File "/home/ryedida/bbo_challenge_starter_kit/example_submissions/smoothness/optimizer.py", line 105, in suggest
    betas = [self._get_smoothness_reg(guess) for guess in guesses]
  File "/home/ryedida/bbo_challenge_starter_kit/example_submissions/smoothness/optimizer.py", line 105, in <listcomp>
    betas = [self._get_smoothness_reg(guess) for guess in guesses]
  File "/home/ryedida/bbo_challenge_starter_kit/example_submissions/smoothness/optimizer.py", line 48, in _get_smoothness_reg
    if activ > Kz:
NameError: name 'activ' is not defined
suggestion time taken 0.318635 iter 9 next_points [{'alpha': 0.00013119437492082933, 'batch_size': 48, 'beta_1': 0.8046401819484789, 'beta_2': 0.9999979864857956, 'epsilon': 2.9576151569926533e-09, 'hidden_layer_sizes': 89, 'learning_rate_init': 0.006278872063320249, 'tol': 3.9781624584063686e-05, 'validation_fraction': 0.12810974599122554}]
function_evaluation time 1.007414 value 46.246422 suggestion {'alpha': 0.00013119437492082933, 'batch_size': 48, 'beta_1': 0.8046401819484789, 'beta_2': 0.9999979864857956, 'epsilon': 2.9576151569926533e-09, 'hidden_layer_sizes': 89, 'learning_rate_init': 0.006278872063320249, 'tol': 3.9781624584063686e-05, 'validation_fraction': 0.12810974599122554}
observation time 0.000004, current best 46.246422 at iter 9
Failure in optimizer suggest. Falling back to random search.
name 'activ' is not defined
Traceback (most recent call last):
  File "/home/ryedida/.local/lib/python3.9/site-packages/bayesmark/experiment.py", line 126, in run_study
    next_points = optimizer.suggest(n_suggestions)
  File "/home/ryedida/bbo_challenge_starter_kit/example_submissions/smoothness/optimizer.py", line 105, in suggest
    betas = [self._get_smoothness_reg(guess) for guess in guesses]
  File "/home/ryedida/bbo_challenge_starter_kit/example_submissions/smoothness/optimizer.py", line 105, in <listcomp>
    betas = [self._get_smoothness_reg(guess) for guess in guesses]
  File "/home/ryedida/bbo_challenge_starter_kit/example_submissions/smoothness/optimizer.py", line 48, in _get_smoothness_reg
    if activ > Kz:
NameError: name 'activ' is not defined
suggestion time taken 0.322401 iter 10 next_points [{'alpha': 8.3921417084988, 'batch_size': 127, 'beta_1': 0.9685079743393171, 'beta_2': 0.9988579005717824, 'epsilon': 1.281381953263007e-09, 'hidden_layer_sizes': 55, 'learning_rate_init': 0.07091317650814835, 'tol': 0.002136014010028195, 'validation_fraction': 0.8334324086649083}]
/home/ryedida/.local/lib/python3.9/site-packages/sklearn/neural_network/_multilayer_perceptron.py:605: UserWarning: Got `batch_size` less than 1 or larger than sample size. It is going to be clipped
  warnings.warn(

function_evaluation time 0.147198 value 55.636150 suggestion {'alpha': 8.3921417084988, 'batch_size': 127, 'beta_1': 0.9685079743393171, 'beta_2': 0.9988579005717824, 'epsilon': 1.281381953263007e-09, 'hidden_layer_sizes': 55, 'learning_rate_init': 0.07091317650814835, 'tol': 0.002136014010028195, 'validation_fraction': 0.8334324086649083}
observation time 0.000004, current best 46.246422 at iter 10
Failure in optimizer suggest. Falling back to random search.
name 'activ' is not defined
Traceback (most recent call last):
  File "/home/ryedida/.local/lib/python3.9/site-packages/bayesmark/experiment.py", line 126, in run_study
    next_points = optimizer.suggest(n_suggestions)
  File "/home/ryedida/bbo_challenge_starter_kit/example_submissions/smoothness/optimizer.py", line 105, in suggest
    betas = [self._get_smoothness_reg(guess) for guess in guesses]
  File "/home/ryedida/bbo_challenge_starter_kit/example_submissions/smoothness/optimizer.py", line 105, in <listcomp>
    betas = [self._get_smoothness_reg(guess) for guess in guesses]
  File "/home/ryedida/bbo_challenge_starter_kit/example_submissions/smoothness/optimizer.py", line 48, in _get_smoothness_reg
    if activ > Kz:
NameError: name 'activ' is not defined
suggestion time taken 0.323946 iter 11 next_points [{'alpha': 0.035274512999342394, 'batch_size': 210, 'beta_1': 0.9887437465796478, 'beta_2': 0.9727489140026859, 'epsilon': 2.511400112600696e-09, 'hidden_layer_sizes': 174, 'learning_rate_init': 9.310061419456211e-05, 'tol': 0.01591045860030595, 'validation_fraction': 0.11149495234348548}]
function_evaluation time 0.092934 value 151.487308 suggestion {'alpha': 0.035274512999342394, 'batch_size': 210, 'beta_1': 0.9887437465796478, 'beta_2': 0.9727489140026859, 'epsilon': 2.511400112600696e-09, 'hidden_layer_sizes': 174, 'learning_rate_init': 9.310061419456211e-05, 'tol': 0.01591045860030595, 'validation_fraction': 0.11149495234348548}
observation time 0.000004, current best 46.246422 at iter 11
Failure in optimizer suggest. Falling back to random search.
name 'activ' is not defined
Traceback (most recent call last):
  File "/home/ryedida/.local/lib/python3.9/site-packages/bayesmark/experiment.py", line 126, in run_study
    next_points = optimizer.suggest(n_suggestions)
  File "/home/ryedida/bbo_challenge_starter_kit/example_submissions/smoothness/optimizer.py", line 105, in suggest
    betas = [self._get_smoothness_reg(guess) for guess in guesses]
  File "/home/ryedida/bbo_challenge_starter_kit/example_submissions/smoothness/optimizer.py", line 105, in <listcomp>
    betas = [self._get_smoothness_reg(guess) for guess in guesses]
  File "/home/ryedida/bbo_challenge_starter_kit/example_submissions/smoothness/optimizer.py", line 48, in _get_smoothness_reg
    if activ > Kz:
NameError: name 'activ' is not defined
suggestion time taken 0.322931 iter 12 next_points [{'alpha': 0.14482108390957685, 'batch_size': 65, 'beta_1': 0.6576997247387028, 'beta_2': 0.96729974069699, 'epsilon': 1.4111252246066771e-08, 'hidden_layer_sizes': 177, 'learning_rate_init': 7.51928955157635e-05, 'tol': 0.0168197613552607, 'validation_fraction': 0.2764727078682246}]
function_evaluation time 0.117502 value 151.519531 suggestion {'alpha': 0.14482108390957685, 'batch_size': 65, 'beta_1': 0.6576997247387028, 'beta_2': 0.96729974069699, 'epsilon': 1.4111252246066771e-08, 'hidden_layer_sizes': 177, 'learning_rate_init': 7.51928955157635e-05, 'tol': 0.0168197613552607, 'validation_fraction': 0.2764727078682246}
observation time 0.000005, current best 46.246422 at iter 12
Failure in optimizer suggest. Falling back to random search.
name 'activ' is not defined
Traceback (most recent call last):
  File "/home/ryedida/.local/lib/python3.9/site-packages/bayesmark/experiment.py", line 126, in run_study
    next_points = optimizer.suggest(n_suggestions)
  File "/home/ryedida/bbo_challenge_starter_kit/example_submissions/smoothness/optimizer.py", line 105, in suggest
    betas = [self._get_smoothness_reg(guess) for guess in guesses]
  File "/home/ryedida/bbo_challenge_starter_kit/example_submissions/smoothness/optimizer.py", line 105, in <listcomp>
    betas = [self._get_smoothness_reg(guess) for guess in guesses]
  File "/home/ryedida/bbo_challenge_starter_kit/example_submissions/smoothness/optimizer.py", line 48, in _get_smoothness_reg
    if activ > Kz:
NameError: name 'activ' is not defined
suggestion time taken 0.331169 iter 13 next_points [{'alpha': 0.04447681232266303, 'batch_size': 191, 'beta_1': 0.8985029323695208, 'beta_2': 0.9999907389653254, 'epsilon': 1.816802319692177e-07, 'hidden_layer_sizes': 184, 'learning_rate_init': 0.00022921183179543074, 'tol': 0.0054110977816829615, 'validation_fraction': 0.3665412281008952}]
function_evaluation time 0.073902 value 151.507889 suggestion {'alpha': 0.04447681232266303, 'batch_size': 191, 'beta_1': 0.8985029323695208, 'beta_2': 0.9999907389653254, 'epsilon': 1.816802319692177e-07, 'hidden_layer_sizes': 184, 'learning_rate_init': 0.00022921183179543074, 'tol': 0.0054110977816829615, 'validation_fraction': 0.3665412281008952}
observation time 0.000003, current best 46.246422 at iter 13
Failure in optimizer suggest. Falling back to random search.
name 'activ' is not defined
Traceback (most recent call last):
  File "/home/ryedida/.local/lib/python3.9/site-packages/bayesmark/experiment.py", line 126, in run_study
    next_points = optimizer.suggest(n_suggestions)
  File "/home/ryedida/bbo_challenge_starter_kit/example_submissions/smoothness/optimizer.py", line 105, in suggest
    betas = [self._get_smoothness_reg(guess) for guess in guesses]
  File "/home/ryedida/bbo_challenge_starter_kit/example_submissions/smoothness/optimizer.py", line 105, in <listcomp>
    betas = [self._get_smoothness_reg(guess) for guess in guesses]
  File "/home/ryedida/bbo_challenge_starter_kit/example_submissions/smoothness/optimizer.py", line 48, in _get_smoothness_reg
    if activ > Kz:
NameError: name 'activ' is not defined
suggestion time taken 0.328151 iter 14 next_points [{'alpha': 7.154282086363871e-05, 'batch_size': 177, 'beta_1': 0.695030076361538, 'beta_2': 0.9999932166470434, 'epsilon': 1.4341456055373833e-08, 'hidden_layer_sizes': 81, 'learning_rate_init': 0.010106838115039821, 'tol': 4.177688055248956e-05, 'validation_fraction': 0.42817052054253224}]
/home/ryedida/.local/lib/python3.9/site-packages/sklearn/neural_network/_multilayer_perceptron.py:686: ConvergenceWarning: Stochastic Optimizer: Maximum iterations (200) reached and the optimization hasn't converged yet.
  warnings.warn(

function_evaluation time 0.761338 value 50.048199 suggestion {'alpha': 7.154282086363871e-05, 'batch_size': 177, 'beta_1': 0.695030076361538, 'beta_2': 0.9999932166470434, 'epsilon': 1.4341456055373833e-08, 'hidden_layer_sizes': 81, 'learning_rate_init': 0.010106838115039821, 'tol': 4.177688055248956e-05, 'validation_fraction': 0.42817052054253224}
observation time 0.000004, current best 46.246422 at iter 14
saving meta data: {'args': {'--uuid': '3b684f1d17105ab8a90a6defed6633e8', '-db-root': '/home/ryedida/bbo_challenge_starter_kit/output', '--opt-root': '/home/ryedida/bbo_challenge_starter_kit/example_submissions', '--data-root': None, '--db': 'run_20230425_055340', '--opt': 'smoothness', '--data': 'diabetes', '--classifier': 'MLP-adam', '--metric': 'mae', '--calls': 15, '--suggestions': 1, '--jobs-file': None, '--verbose': False, 'dry_run': False, 'rev': 'a376313', 'opt_rev': 'x.x.x'}, 'signature': ([{'alpha': 0.019628224813442792, 'batch_size': 182, 'beta_1': 0.9410202200271762, 'beta_2': 0.9998021557676793, 'epsilon': 1.8662266976518e-08, 'hidden_layer_sizes': 147, 'learning_rate_init': 0.0005627932047415167, 'tol': 0.03690557729213761, 'validation_fraction': 0.8846827852548593}, {'alpha': 0.0019982467392329444, 'batch_size': 200, 'beta_1': 0.919111482530466, 'beta_2': 0.9998488260436156, 'epsilon': 5.981221901152555e-07, 'hidden_layer_sizes': 61, 'learning_rate_init': 2.2310905607443014e-05, 'tol': 1.2046852412030316e-05, 'validation_fraction': 0.8117896445826539}, {'alpha': 0.46659545670218433, 'batch_size': 219, 'beta_1': 0.9889789783750891, 'beta_2': 0.9999896868093284, 'epsilon': 2.4234724484675948e-08, 'hidden_layer_sizes': 167, 'learning_rate_init': 2.972334644335654e-05, 'tol': 0.0036281404040243792, 'validation_fraction': 0.17260651658522078}, {'alpha': 4.656005689076002, 'batch_size': 135, 'beta_1': 0.870503881627747, 'beta_2': 0.9948873266941017, 'epsilon': 2.1023308743480125e-07, 'hidden_layer_sizes': 118, 'learning_rate_init': 0.0018781738757161913, 'tol': 1.1889379831773004e-05, 'validation_fraction': 0.6264327093752792}, {'alpha': 0.04705159350400542, 'batch_size': 158, 'beta_1': 0.9870884262730957, 'beta_2': 0.9999596874382349, 'epsilon': 1.1981845126013875e-08, 'hidden_layer_sizes': 116, 'learning_rate_init': 0.00617340520407431, 'tol': 1.741413418158619e-05, 'validation_fraction': 0.6754299026638921}], [151.4971925380264, 151.42763539278994, 151.47026299046811, 136.86202504264318, 75.2055865763391])}
saving results
saving timing
saving suggest log
done
