running: {'--uuid': '47730934e6465016997a5308df27fd57', '-db-root': '/home/ryedida/bbo_challenge_starter_kit/output', '--opt-root': '/home/ryedida/bbo_challenge_starter_kit/example_submissions', '--data-root': None, '--db': 'run_20230425_055340', '--opt': 'smoothness', '--data': 'diabetes', '--classifier': 'MLP-adam', '--metric': 'mae', '--calls': 15, '--suggestions': 1, '--jobs-file': None, '--verbose': False, 'dry_run': False, 'rev': 'a376313', 'opt_rev': 'x.x.x'}
cmd: python smoothness/optimizer.py -c MLP-adam -d diabetes -o smoothness -u 47730934e6465016997a5308df27fd57 -m mae -n 15 -p 1 -dir /home/ryedida/bbo_challenge_starter_kit/output -b run_20230425_055340
/home/ryedida/.local/lib/python3.9/site-packages/sklearn/neural_network/_multilayer_perceptron.py:605: UserWarning: Got `batch_size` less than 1 or larger than sample size. It is going to be clipped
  warnings.warn(

/home/ryedida/.local/lib/python3.9/site-packages/sklearn/neural_network/_multilayer_perceptron.py:605: UserWarning: Got `batch_size` less than 1 or larger than sample size. It is going to be clipped
  warnings.warn(

/home/ryedida/.local/lib/python3.9/site-packages/sklearn/neural_network/_multilayer_perceptron.py:605: UserWarning: Got `batch_size` less than 1 or larger than sample size. It is going to be clipped
  warnings.warn(

/home/ryedida/.local/lib/python3.9/site-packages/sklearn/neural_network/_multilayer_perceptron.py:686: ConvergenceWarning: Stochastic Optimizer: Maximum iterations (200) reached and the optimization hasn't converged yet.
  warnings.warn(

/home/ryedida/.local/lib/python3.9/site-packages/sklearn/neural_network/_multilayer_perceptron.py:605: UserWarning: Got `batch_size` less than 1 or larger than sample size. It is going to be clipped
  warnings.warn(

/home/ryedida/.local/lib/python3.9/site-packages/sklearn/neural_network/_multilayer_perceptron.py:686: ConvergenceWarning: Stochastic Optimizer: Maximum iterations (200) reached and the optimization hasn't converged yet.
  warnings.warn(

computed signature: ([{'alpha': 0.019628224813442792, 'batch_size': 182, 'beta_1': 0.9410202200271762, 'beta_2': 0.9998021557676793, 'epsilon': 1.8662266976518e-08, 'hidden_layer_sizes': 147, 'learning_rate_init': 0.0005627932047415167, 'tol': 0.03690557729213761, 'validation_fraction': 0.8846827852548593}, {'alpha': 0.0019982467392329444, 'batch_size': 200, 'beta_1': 0.919111482530466, 'beta_2': 0.9998488260436156, 'epsilon': 5.981221901152555e-07, 'hidden_layer_sizes': 61, 'learning_rate_init': 2.2310905607443014e-05, 'tol': 1.2046852412030316e-05, 'validation_fraction': 0.8117896445826539}, {'alpha': 0.46659545670218433, 'batch_size': 219, 'beta_1': 0.9889789783750891, 'beta_2': 0.9999896868093284, 'epsilon': 2.4234724484675948e-08, 'hidden_layer_sizes': 167, 'learning_rate_init': 2.972334644335654e-05, 'tol': 0.0036281404040243792, 'validation_fraction': 0.17260651658522078}, {'alpha': 4.656005689076002, 'batch_size': 135, 'beta_1': 0.870503881627747, 'beta_2': 0.9948873266941017, 'epsilon': 2.1023308743480125e-07, 'hidden_layer_sizes': 118, 'learning_rate_init': 0.0018781738757161913, 'tol': 1.1889379831773004e-05, 'validation_fraction': 0.6264327093752792}, {'alpha': 0.04705159350400542, 'batch_size': 158, 'beta_1': 0.9870884262730957, 'beta_2': 0.9999596874382349, 'epsilon': 1.1981845126013875e-08, 'hidden_layer_sizes': 116, 'learning_rate_init': 0.00617340520407431, 'tol': 1.741413418158619e-05, 'validation_fraction': 0.6754299026638921}], [151.4971925380264, 151.42763539278994, 151.47026299046811, 136.86202504264318, 75.2055865763391])
Signature errors:
                                  0             1             2         3         4       max
MLP-adam_diabetes_mae  1.919244e-08  6.198704e-08  7.624578e-09  0.000007  0.000034  0.000034
max                    1.919244e-08  6.198704e-08  7.624578e-09  0.000007  0.000034  0.000034
starting sklearn study smoothness MLP-adam diabetes mae 15 1
with data root: None
Failure in optimizer suggest. Falling back to random search.
name 'activ' is not defined
Traceback (most recent call last):
  File "/home/ryedida/.local/lib/python3.9/site-packages/bayesmark/experiment.py", line 126, in run_study
    next_points = optimizer.suggest(n_suggestions)
  File "/home/ryedida/bbo_challenge_starter_kit/example_submissions/smoothness/optimizer.py", line 105, in suggest
    betas = [self._get_smoothness_reg(guess) for guess in guesses]
  File "/home/ryedida/bbo_challenge_starter_kit/example_submissions/smoothness/optimizer.py", line 105, in <listcomp>
    betas = [self._get_smoothness_reg(guess) for guess in guesses]
  File "/home/ryedida/bbo_challenge_starter_kit/example_submissions/smoothness/optimizer.py", line 48, in _get_smoothness_reg
    if activ > Kz:
NameError: name 'activ' is not defined
suggestion time taken 0.517809 iter 0 next_points [{'alpha': 0.02200050931798895, 'batch_size': 231, 'beta_1': 0.9599649120663658, 'beta_2': 0.9986663487205723, 'epsilon': 1.2237114598870985e-08, 'hidden_layer_sizes': 192, 'learning_rate_init': 0.0883238499406805, 'tol': 0.0003928518759164859, 'validation_fraction': 0.15926147073457927}]
function_evaluation time 0.299223 value 49.352777 suggestion {'alpha': 0.02200050931798895, 'batch_size': 231, 'beta_1': 0.9599649120663658, 'beta_2': 0.9986663487205723, 'epsilon': 1.2237114598870985e-08, 'hidden_layer_sizes': 192, 'learning_rate_init': 0.0883238499406805, 'tol': 0.0003928518759164859, 'validation_fraction': 0.15926147073457927}
observation time 0.000007, current best 49.352777 at iter 0
Failure in optimizer suggest. Falling back to random search.
name 'activ' is not defined
Traceback (most recent call last):
  File "/home/ryedida/.local/lib/python3.9/site-packages/bayesmark/experiment.py", line 126, in run_study
    next_points = optimizer.suggest(n_suggestions)
  File "/home/ryedida/bbo_challenge_starter_kit/example_submissions/smoothness/optimizer.py", line 105, in suggest
    betas = [self._get_smoothness_reg(guess) for guess in guesses]
  File "/home/ryedida/bbo_challenge_starter_kit/example_submissions/smoothness/optimizer.py", line 105, in <listcomp>
    betas = [self._get_smoothness_reg(guess) for guess in guesses]
  File "/home/ryedida/bbo_challenge_starter_kit/example_submissions/smoothness/optimizer.py", line 48, in _get_smoothness_reg
    if activ > Kz:
NameError: name 'activ' is not defined
suggestion time taken 0.331940 iter 1 next_points [{'alpha': 3.5044348042347098, 'batch_size': 133, 'beta_1': 0.932419249942004, 'beta_2': 0.9999801093904004, 'epsilon': 5.302733169164048e-08, 'hidden_layer_sizes': 132, 'learning_rate_init': 0.008091846088690279, 'tol': 0.017488826817562184, 'validation_fraction': 0.2688381699682571}]
function_evaluation time 0.521832 value 53.090200 suggestion {'alpha': 3.5044348042347098, 'batch_size': 133, 'beta_1': 0.932419249942004, 'beta_2': 0.9999801093904004, 'epsilon': 5.302733169164048e-08, 'hidden_layer_sizes': 132, 'learning_rate_init': 0.008091846088690279, 'tol': 0.017488826817562184, 'validation_fraction': 0.2688381699682571}
observation time 0.000005, current best 49.352777 at iter 1
Failure in optimizer suggest. Falling back to random search.
name 'activ' is not defined
Traceback (most recent call last):
  File "/home/ryedida/.local/lib/python3.9/site-packages/bayesmark/experiment.py", line 126, in run_study
    next_points = optimizer.suggest(n_suggestions)
  File "/home/ryedida/bbo_challenge_starter_kit/example_submissions/smoothness/optimizer.py", line 105, in suggest
    betas = [self._get_smoothness_reg(guess) for guess in guesses]
  File "/home/ryedida/bbo_challenge_starter_kit/example_submissions/smoothness/optimizer.py", line 105, in <listcomp>
    betas = [self._get_smoothness_reg(guess) for guess in guesses]
  File "/home/ryedida/bbo_challenge_starter_kit/example_submissions/smoothness/optimizer.py", line 48, in _get_smoothness_reg
    if activ > Kz:
NameError: name 'activ' is not defined
suggestion time taken 0.330784 iter 2 next_points [{'alpha': 1.653903935235919, 'batch_size': 19, 'beta_1': 0.6924411744253339, 'beta_2': 0.9999855322918193, 'epsilon': 2.7783958510218504e-08, 'hidden_layer_sizes': 85, 'learning_rate_init': 1.4424078289167327e-05, 'tol': 7.268483570753548e-05, 'validation_fraction': 0.8526527086519272}]
function_evaluation time 0.078526 value 151.517430 suggestion {'alpha': 1.653903935235919, 'batch_size': 19, 'beta_1': 0.6924411744253339, 'beta_2': 0.9999855322918193, 'epsilon': 2.7783958510218504e-08, 'hidden_layer_sizes': 85, 'learning_rate_init': 1.4424078289167327e-05, 'tol': 7.268483570753548e-05, 'validation_fraction': 0.8526527086519272}
observation time 0.000005, current best 49.352777 at iter 2
Failure in optimizer suggest. Falling back to random search.
name 'activ' is not defined
Traceback (most recent call last):
  File "/home/ryedida/.local/lib/python3.9/site-packages/bayesmark/experiment.py", line 126, in run_study
    next_points = optimizer.suggest(n_suggestions)
  File "/home/ryedida/bbo_challenge_starter_kit/example_submissions/smoothness/optimizer.py", line 105, in suggest
    betas = [self._get_smoothness_reg(guess) for guess in guesses]
  File "/home/ryedida/bbo_challenge_starter_kit/example_submissions/smoothness/optimizer.py", line 105, in <listcomp>
    betas = [self._get_smoothness_reg(guess) for guess in guesses]
  File "/home/ryedida/bbo_challenge_starter_kit/example_submissions/smoothness/optimizer.py", line 48, in _get_smoothness_reg
    if activ > Kz:
NameError: name 'activ' is not defined
suggestion time taken 0.326084 iter 3 next_points [{'alpha': 2.0476091600489883, 'batch_size': 95, 'beta_1': 0.5598954333664768, 'beta_2': 0.9993348947264793, 'epsilon': 3.4465575559320912e-09, 'hidden_layer_sizes': 52, 'learning_rate_init': 0.0201783018144287, 'tol': 0.002229253809415822, 'validation_fraction': 0.6383373354179949}]
function_evaluation time 0.351415 value 53.376397 suggestion {'alpha': 2.0476091600489883, 'batch_size': 95, 'beta_1': 0.5598954333664768, 'beta_2': 0.9993348947264793, 'epsilon': 3.4465575559320912e-09, 'hidden_layer_sizes': 52, 'learning_rate_init': 0.0201783018144287, 'tol': 0.002229253809415822, 'validation_fraction': 0.6383373354179949}
observation time 0.000005, current best 49.352777 at iter 3
Failure in optimizer suggest. Falling back to random search.
name 'activ' is not defined
Traceback (most recent call last):
  File "/home/ryedida/.local/lib/python3.9/site-packages/bayesmark/experiment.py", line 126, in run_study
    next_points = optimizer.suggest(n_suggestions)
  File "/home/ryedida/bbo_challenge_starter_kit/example_submissions/smoothness/optimizer.py", line 105, in suggest
    betas = [self._get_smoothness_reg(guess) for guess in guesses]
  File "/home/ryedida/bbo_challenge_starter_kit/example_submissions/smoothness/optimizer.py", line 105, in <listcomp>
    betas = [self._get_smoothness_reg(guess) for guess in guesses]
  File "/home/ryedida/bbo_challenge_starter_kit/example_submissions/smoothness/optimizer.py", line 48, in _get_smoothness_reg
    if activ > Kz:
NameError: name 'activ' is not defined
suggestion time taken 0.329578 iter 4 next_points [{'alpha': 1.4574961036957776, 'batch_size': 208, 'beta_1': 0.9717565267901458, 'beta_2': 0.9999884565315487, 'epsilon': 5.5304860238445325e-09, 'hidden_layer_sizes': 123, 'learning_rate_init': 0.006814766983970766, 'tol': 0.0001794250660879546, 'validation_fraction': 0.7986085989758734}]
/home/ryedida/.local/lib/python3.9/site-packages/sklearn/neural_network/_multilayer_perceptron.py:605: UserWarning: Got `batch_size` less than 1 or larger than sample size. It is going to be clipped
  warnings.warn(

/home/ryedida/.local/lib/python3.9/site-packages/sklearn/neural_network/_multilayer_perceptron.py:686: ConvergenceWarning: Stochastic Optimizer: Maximum iterations (200) reached and the optimization hasn't converged yet.
  warnings.warn(

function_evaluation time 0.705320 value 58.380901 suggestion {'alpha': 1.4574961036957776, 'batch_size': 208, 'beta_1': 0.9717565267901458, 'beta_2': 0.9999884565315487, 'epsilon': 5.5304860238445325e-09, 'hidden_layer_sizes': 123, 'learning_rate_init': 0.006814766983970766, 'tol': 0.0001794250660879546, 'validation_fraction': 0.7986085989758734}
observation time 0.000005, current best 49.352777 at iter 4
Failure in optimizer suggest. Falling back to random search.
name 'activ' is not defined
Traceback (most recent call last):
  File "/home/ryedida/.local/lib/python3.9/site-packages/bayesmark/experiment.py", line 126, in run_study
    next_points = optimizer.suggest(n_suggestions)
  File "/home/ryedida/bbo_challenge_starter_kit/example_submissions/smoothness/optimizer.py", line 105, in suggest
    betas = [self._get_smoothness_reg(guess) for guess in guesses]
  File "/home/ryedida/bbo_challenge_starter_kit/example_submissions/smoothness/optimizer.py", line 105, in <listcomp>
    betas = [self._get_smoothness_reg(guess) for guess in guesses]
  File "/home/ryedida/bbo_challenge_starter_kit/example_submissions/smoothness/optimizer.py", line 48, in _get_smoothness_reg
    if activ > Kz:
NameError: name 'activ' is not defined
suggestion time taken 0.328599 iter 5 next_points [{'alpha': 0.004208888041507638, 'batch_size': 174, 'beta_1': 0.9647228859598924, 'beta_2': 0.9999873876654635, 'epsilon': 2.404493415486295e-07, 'hidden_layer_sizes': 160, 'learning_rate_init': 0.03394158163405387, 'tol': 0.00015594386558452118, 'validation_fraction': 0.7635023271035293}]
/home/ryedida/.local/lib/python3.9/site-packages/sklearn/neural_network/_multilayer_perceptron.py:605: UserWarning: Got `batch_size` less than 1 or larger than sample size. It is going to be clipped
  warnings.warn(

function_evaluation time 0.228169 value 54.854740 suggestion {'alpha': 0.004208888041507638, 'batch_size': 174, 'beta_1': 0.9647228859598924, 'beta_2': 0.9999873876654635, 'epsilon': 2.404493415486295e-07, 'hidden_layer_sizes': 160, 'learning_rate_init': 0.03394158163405387, 'tol': 0.00015594386558452118, 'validation_fraction': 0.7635023271035293}
observation time 0.000006, current best 49.352777 at iter 5
Failure in optimizer suggest. Falling back to random search.
name 'activ' is not defined
Traceback (most recent call last):
  File "/home/ryedida/.local/lib/python3.9/site-packages/bayesmark/experiment.py", line 126, in run_study
    next_points = optimizer.suggest(n_suggestions)
  File "/home/ryedida/bbo_challenge_starter_kit/example_submissions/smoothness/optimizer.py", line 105, in suggest
    betas = [self._get_smoothness_reg(guess) for guess in guesses]
  File "/home/ryedida/bbo_challenge_starter_kit/example_submissions/smoothness/optimizer.py", line 105, in <listcomp>
    betas = [self._get_smoothness_reg(guess) for guess in guesses]
  File "/home/ryedida/bbo_challenge_starter_kit/example_submissions/smoothness/optimizer.py", line 48, in _get_smoothness_reg
    if activ > Kz:
NameError: name 'activ' is not defined
suggestion time taken 0.328975 iter 6 next_points [{'alpha': 0.035459189606141577, 'batch_size': 227, 'beta_1': 0.9697448068707915, 'beta_2': 0.9999982831142741, 'epsilon': 1.061180399973148e-09, 'hidden_layer_sizes': 179, 'learning_rate_init': 0.003301546519344977, 'tol': 2.0226571167527922e-05, 'validation_fraction': 0.5117890193799194}]
/home/ryedida/.local/lib/python3.9/site-packages/sklearn/neural_network/_multilayer_perceptron.py:605: UserWarning: Got `batch_size` less than 1 or larger than sample size. It is going to be clipped
  warnings.warn(

/home/ryedida/.local/lib/python3.9/site-packages/sklearn/neural_network/_multilayer_perceptron.py:686: ConvergenceWarning: Stochastic Optimizer: Maximum iterations (200) reached and the optimization hasn't converged yet.
  warnings.warn(

function_evaluation time 0.944676 value 100.013427 suggestion {'alpha': 0.035459189606141577, 'batch_size': 227, 'beta_1': 0.9697448068707915, 'beta_2': 0.9999982831142741, 'epsilon': 1.061180399973148e-09, 'hidden_layer_sizes': 179, 'learning_rate_init': 0.003301546519344977, 'tol': 2.0226571167527922e-05, 'validation_fraction': 0.5117890193799194}
observation time 0.000006, current best 49.352777 at iter 6
Failure in optimizer suggest. Falling back to random search.
name 'activ' is not defined
Traceback (most recent call last):
  File "/home/ryedida/.local/lib/python3.9/site-packages/bayesmark/experiment.py", line 126, in run_study
    next_points = optimizer.suggest(n_suggestions)
  File "/home/ryedida/bbo_challenge_starter_kit/example_submissions/smoothness/optimizer.py", line 105, in suggest
    betas = [self._get_smoothness_reg(guess) for guess in guesses]
  File "/home/ryedida/bbo_challenge_starter_kit/example_submissions/smoothness/optimizer.py", line 105, in <listcomp>
    betas = [self._get_smoothness_reg(guess) for guess in guesses]
  File "/home/ryedida/bbo_challenge_starter_kit/example_submissions/smoothness/optimizer.py", line 48, in _get_smoothness_reg
    if activ > Kz:
NameError: name 'activ' is not defined
suggestion time taken 0.472811 iter 7 next_points [{'alpha': 1.1724487609032544e-05, 'batch_size': 108, 'beta_1': 0.6871412650024037, 'beta_2': 0.9999988819884568, 'epsilon': 2.7518679049446538e-09, 'hidden_layer_sizes': 70, 'learning_rate_init': 2.984330395146586e-05, 'tol': 0.03328323621616601, 'validation_fraction': 0.6132384569691219}]
function_evaluation time 0.060194 value 151.533656 suggestion {'alpha': 1.1724487609032544e-05, 'batch_size': 108, 'beta_1': 0.6871412650024037, 'beta_2': 0.9999988819884568, 'epsilon': 2.7518679049446538e-09, 'hidden_layer_sizes': 70, 'learning_rate_init': 2.984330395146586e-05, 'tol': 0.03328323621616601, 'validation_fraction': 0.6132384569691219}
observation time 0.000006, current best 49.352777 at iter 7
Failure in optimizer suggest. Falling back to random search.
name 'activ' is not defined
Traceback (most recent call last):
  File "/home/ryedida/.local/lib/python3.9/site-packages/bayesmark/experiment.py", line 126, in run_study
    next_points = optimizer.suggest(n_suggestions)
  File "/home/ryedida/bbo_challenge_starter_kit/example_submissions/smoothness/optimizer.py", line 105, in suggest
    betas = [self._get_smoothness_reg(guess) for guess in guesses]
  File "/home/ryedida/bbo_challenge_starter_kit/example_submissions/smoothness/optimizer.py", line 105, in <listcomp>
    betas = [self._get_smoothness_reg(guess) for guess in guesses]
  File "/home/ryedida/bbo_challenge_starter_kit/example_submissions/smoothness/optimizer.py", line 48, in _get_smoothness_reg
    if activ > Kz:
NameError: name 'activ' is not defined
suggestion time taken 0.322493 iter 8 next_points [{'alpha': 0.0001224451866291393, 'batch_size': 23, 'beta_1': 0.9764594319278173, 'beta_2': 0.9999978509937143, 'epsilon': 1.0899834937274249e-07, 'hidden_layer_sizes': 189, 'learning_rate_init': 0.0007534514368864589, 'tol': 0.00999495530217284, 'validation_fraction': 0.8635783492567299}]
function_evaluation time 0.075351 value 151.116911 suggestion {'alpha': 0.0001224451866291393, 'batch_size': 23, 'beta_1': 0.9764594319278173, 'beta_2': 0.9999978509937143, 'epsilon': 1.0899834937274249e-07, 'hidden_layer_sizes': 189, 'learning_rate_init': 0.0007534514368864589, 'tol': 0.00999495530217284, 'validation_fraction': 0.8635783492567299}
observation time 0.000005, current best 49.352777 at iter 8
Failure in optimizer suggest. Falling back to random search.
name 'activ' is not defined
Traceback (most recent call last):
  File "/home/ryedida/.local/lib/python3.9/site-packages/bayesmark/experiment.py", line 126, in run_study
    next_points = optimizer.suggest(n_suggestions)
  File "/home/ryedida/bbo_challenge_starter_kit/example_submissions/smoothness/optimizer.py", line 105, in suggest
    betas = [self._get_smoothness_reg(guess) for guess in guesses]
  File "/home/ryedida/bbo_challenge_starter_kit/example_submissions/smoothness/optimizer.py", line 105, in <listcomp>
    betas = [self._get_smoothness_reg(guess) for guess in guesses]
  File "/home/ryedida/bbo_challenge_starter_kit/example_submissions/smoothness/optimizer.py", line 48, in _get_smoothness_reg
    if activ > Kz:
NameError: name 'activ' is not defined
suggestion time taken 0.321324 iter 9 next_points [{'alpha': 0.012906516813925982, 'batch_size': 58, 'beta_1': 0.6450849198946369, 'beta_2': 0.9817418121935108, 'epsilon': 4.806826482189532e-09, 'hidden_layer_sizes': 57, 'learning_rate_init': 0.00014112830834596982, 'tol': 0.006139724963500694, 'validation_fraction': 0.38045178118931855}]
function_evaluation time 0.055753 value 151.640687 suggestion {'alpha': 0.012906516813925982, 'batch_size': 58, 'beta_1': 0.6450849198946369, 'beta_2': 0.9817418121935108, 'epsilon': 4.806826482189532e-09, 'hidden_layer_sizes': 57, 'learning_rate_init': 0.00014112830834596982, 'tol': 0.006139724963500694, 'validation_fraction': 0.38045178118931855}
observation time 0.000006, current best 49.352777 at iter 9
Failure in optimizer suggest. Falling back to random search.
name 'activ' is not defined
Traceback (most recent call last):
  File "/home/ryedida/.local/lib/python3.9/site-packages/bayesmark/experiment.py", line 126, in run_study
    next_points = optimizer.suggest(n_suggestions)
  File "/home/ryedida/bbo_challenge_starter_kit/example_submissions/smoothness/optimizer.py", line 105, in suggest
    betas = [self._get_smoothness_reg(guess) for guess in guesses]
  File "/home/ryedida/bbo_challenge_starter_kit/example_submissions/smoothness/optimizer.py", line 105, in <listcomp>
    betas = [self._get_smoothness_reg(guess) for guess in guesses]
  File "/home/ryedida/bbo_challenge_starter_kit/example_submissions/smoothness/optimizer.py", line 48, in _get_smoothness_reg
    if activ > Kz:
NameError: name 'activ' is not defined
suggestion time taken 0.324804 iter 10 next_points [{'alpha': 5.337497076036489e-05, 'batch_size': 45, 'beta_1': 0.9823890960443995, 'beta_2': 0.9989495137120966, 'epsilon': 1.0887512209401137e-07, 'hidden_layer_sizes': 61, 'learning_rate_init': 0.0011726126624705942, 'tol': 8.594292671409073e-05, 'validation_fraction': 0.5730446529559418}]
/home/ryedida/.local/lib/python3.9/site-packages/sklearn/neural_network/_multilayer_perceptron.py:686: ConvergenceWarning: Stochastic Optimizer: Maximum iterations (200) reached and the optimization hasn't converged yet.
  warnings.warn(

function_evaluation time 1.031317 value 130.697583 suggestion {'alpha': 5.337497076036489e-05, 'batch_size': 45, 'beta_1': 0.9823890960443995, 'beta_2': 0.9989495137120966, 'epsilon': 1.0887512209401137e-07, 'hidden_layer_sizes': 61, 'learning_rate_init': 0.0011726126624705942, 'tol': 8.594292671409073e-05, 'validation_fraction': 0.5730446529559418}
observation time 0.000006, current best 49.352777 at iter 10
Failure in optimizer suggest. Falling back to random search.
name 'activ' is not defined
Traceback (most recent call last):
  File "/home/ryedida/.local/lib/python3.9/site-packages/bayesmark/experiment.py", line 126, in run_study
    next_points = optimizer.suggest(n_suggestions)
  File "/home/ryedida/bbo_challenge_starter_kit/example_submissions/smoothness/optimizer.py", line 105, in suggest
    betas = [self._get_smoothness_reg(guess) for guess in guesses]
  File "/home/ryedida/bbo_challenge_starter_kit/example_submissions/smoothness/optimizer.py", line 105, in <listcomp>
    betas = [self._get_smoothness_reg(guess) for guess in guesses]
  File "/home/ryedida/bbo_challenge_starter_kit/example_submissions/smoothness/optimizer.py", line 48, in _get_smoothness_reg
    if activ > Kz:
NameError: name 'activ' is not defined
suggestion time taken 0.316051 iter 11 next_points [{'alpha': 0.019759674301518048, 'batch_size': 21, 'beta_1': 0.5640396742315459, 'beta_2': 0.9999278412225207, 'epsilon': 1.0357484941624862e-07, 'hidden_layer_sizes': 129, 'learning_rate_init': 0.00016848757293666988, 'tol': 0.027942860036221942, 'validation_fraction': 0.5786901594173122}]
function_evaluation time 0.130753 value 151.265984 suggestion {'alpha': 0.019759674301518048, 'batch_size': 21, 'beta_1': 0.5640396742315459, 'beta_2': 0.9999278412225207, 'epsilon': 1.0357484941624862e-07, 'hidden_layer_sizes': 129, 'learning_rate_init': 0.00016848757293666988, 'tol': 0.027942860036221942, 'validation_fraction': 0.5786901594173122}
observation time 0.000006, current best 49.352777 at iter 11
Failure in optimizer suggest. Falling back to random search.
name 'activ' is not defined
Traceback (most recent call last):
  File "/home/ryedida/.local/lib/python3.9/site-packages/bayesmark/experiment.py", line 126, in run_study
    next_points = optimizer.suggest(n_suggestions)
  File "/home/ryedida/bbo_challenge_starter_kit/example_submissions/smoothness/optimizer.py", line 105, in suggest
    betas = [self._get_smoothness_reg(guess) for guess in guesses]
  File "/home/ryedida/bbo_challenge_starter_kit/example_submissions/smoothness/optimizer.py", line 105, in <listcomp>
    betas = [self._get_smoothness_reg(guess) for guess in guesses]
  File "/home/ryedida/bbo_challenge_starter_kit/example_submissions/smoothness/optimizer.py", line 48, in _get_smoothness_reg
    if activ > Kz:
NameError: name 'activ' is not defined
suggestion time taken 0.320003 iter 12 next_points [{'alpha': 7.965897906351181, 'batch_size': 146, 'beta_1': 0.5914155337703144, 'beta_2': 0.9993876116550056, 'epsilon': 2.7134526654569643e-08, 'hidden_layer_sizes': 83, 'learning_rate_init': 0.03029399096741072, 'tol': 0.00014399702795859172, 'validation_fraction': 0.7370169729024338}]
/home/ryedida/.local/lib/python3.9/site-packages/sklearn/neural_network/_multilayer_perceptron.py:605: UserWarning: Got `batch_size` less than 1 or larger than sample size. It is going to be clipped
  warnings.warn(

/home/ryedida/.local/lib/python3.9/site-packages/sklearn/neural_network/_multilayer_perceptron.py:686: ConvergenceWarning: Stochastic Optimizer: Maximum iterations (200) reached and the optimization hasn't converged yet.
  warnings.warn(

function_evaluation time 0.637798 value 45.915616 suggestion {'alpha': 7.965897906351181, 'batch_size': 146, 'beta_1': 0.5914155337703144, 'beta_2': 0.9993876116550056, 'epsilon': 2.7134526654569643e-08, 'hidden_layer_sizes': 83, 'learning_rate_init': 0.03029399096741072, 'tol': 0.00014399702795859172, 'validation_fraction': 0.7370169729024338}
observation time 0.000006, current best 45.915616 at iter 12
Failure in optimizer suggest. Falling back to random search.
name 'activ' is not defined
Traceback (most recent call last):
  File "/home/ryedida/.local/lib/python3.9/site-packages/bayesmark/experiment.py", line 126, in run_study
    next_points = optimizer.suggest(n_suggestions)
  File "/home/ryedida/bbo_challenge_starter_kit/example_submissions/smoothness/optimizer.py", line 105, in suggest
    betas = [self._get_smoothness_reg(guess) for guess in guesses]
  File "/home/ryedida/bbo_challenge_starter_kit/example_submissions/smoothness/optimizer.py", line 105, in <listcomp>
    betas = [self._get_smoothness_reg(guess) for guess in guesses]
  File "/home/ryedida/bbo_challenge_starter_kit/example_submissions/smoothness/optimizer.py", line 48, in _get_smoothness_reg
    if activ > Kz:
NameError: name 'activ' is not defined
suggestion time taken 0.321251 iter 13 next_points [{'alpha': 2.6956183137429488e-05, 'batch_size': 220, 'beta_1': 0.8334985808713306, 'beta_2': 0.9999489538140883, 'epsilon': 3.5525175255147455e-09, 'hidden_layer_sizes': 65, 'learning_rate_init': 0.00015163758638664907, 'tol': 0.0008296798047377154, 'validation_fraction': 0.8008294247687262}]
/home/ryedida/.local/lib/python3.9/site-packages/sklearn/neural_network/_multilayer_perceptron.py:605: UserWarning: Got `batch_size` less than 1 or larger than sample size. It is going to be clipped
  warnings.warn(

function_evaluation time 0.044489 value 151.678648 suggestion {'alpha': 2.6956183137429488e-05, 'batch_size': 220, 'beta_1': 0.8334985808713306, 'beta_2': 0.9999489538140883, 'epsilon': 3.5525175255147455e-09, 'hidden_layer_sizes': 65, 'learning_rate_init': 0.00015163758638664907, 'tol': 0.0008296798047377154, 'validation_fraction': 0.8008294247687262}
observation time 0.000006, current best 45.915616 at iter 13
Failure in optimizer suggest. Falling back to random search.
name 'activ' is not defined
Traceback (most recent call last):
  File "/home/ryedida/.local/lib/python3.9/site-packages/bayesmark/experiment.py", line 126, in run_study
    next_points = optimizer.suggest(n_suggestions)
  File "/home/ryedida/bbo_challenge_starter_kit/example_submissions/smoothness/optimizer.py", line 105, in suggest
    betas = [self._get_smoothness_reg(guess) for guess in guesses]
  File "/home/ryedida/bbo_challenge_starter_kit/example_submissions/smoothness/optimizer.py", line 105, in <listcomp>
    betas = [self._get_smoothness_reg(guess) for guess in guesses]
  File "/home/ryedida/bbo_challenge_starter_kit/example_submissions/smoothness/optimizer.py", line 48, in _get_smoothness_reg
    if activ > Kz:
NameError: name 'activ' is not defined
suggestion time taken 0.324289 iter 14 next_points [{'alpha': 5.607878580445861e-05, 'batch_size': 49, 'beta_1': 0.9687639333541487, 'beta_2': 0.9999881261627068, 'epsilon': 2.115773083367334e-09, 'hidden_layer_sizes': 152, 'learning_rate_init': 0.0010923122379794177, 'tol': 0.00033015423263976426, 'validation_fraction': 0.42812456738477495}]
/home/ryedida/.local/lib/python3.9/site-packages/sklearn/neural_network/_multilayer_perceptron.py:686: ConvergenceWarning: Stochastic Optimizer: Maximum iterations (200) reached and the optimization hasn't converged yet.
  warnings.warn(

function_evaluation time 1.472886 value 66.510380 suggestion {'alpha': 5.607878580445861e-05, 'batch_size': 49, 'beta_1': 0.9687639333541487, 'beta_2': 0.9999881261627068, 'epsilon': 2.115773083367334e-09, 'hidden_layer_sizes': 152, 'learning_rate_init': 0.0010923122379794177, 'tol': 0.00033015423263976426, 'validation_fraction': 0.42812456738477495}
observation time 0.000006, current best 45.915616 at iter 14
saving meta data: {'args': {'--uuid': '47730934e6465016997a5308df27fd57', '-db-root': '/home/ryedida/bbo_challenge_starter_kit/output', '--opt-root': '/home/ryedida/bbo_challenge_starter_kit/example_submissions', '--data-root': None, '--db': 'run_20230425_055340', '--opt': 'smoothness', '--data': 'diabetes', '--classifier': 'MLP-adam', '--metric': 'mae', '--calls': 15, '--suggestions': 1, '--jobs-file': None, '--verbose': False, 'dry_run': False, 'rev': 'a376313', 'opt_rev': 'x.x.x'}, 'signature': ([{'alpha': 0.019628224813442792, 'batch_size': 182, 'beta_1': 0.9410202200271762, 'beta_2': 0.9998021557676793, 'epsilon': 1.8662266976518e-08, 'hidden_layer_sizes': 147, 'learning_rate_init': 0.0005627932047415167, 'tol': 0.03690557729213761, 'validation_fraction': 0.8846827852548593}, {'alpha': 0.0019982467392329444, 'batch_size': 200, 'beta_1': 0.919111482530466, 'beta_2': 0.9998488260436156, 'epsilon': 5.981221901152555e-07, 'hidden_layer_sizes': 61, 'learning_rate_init': 2.2310905607443014e-05, 'tol': 1.2046852412030316e-05, 'validation_fraction': 0.8117896445826539}, {'alpha': 0.46659545670218433, 'batch_size': 219, 'beta_1': 0.9889789783750891, 'beta_2': 0.9999896868093284, 'epsilon': 2.4234724484675948e-08, 'hidden_layer_sizes': 167, 'learning_rate_init': 2.972334644335654e-05, 'tol': 0.0036281404040243792, 'validation_fraction': 0.17260651658522078}, {'alpha': 4.656005689076002, 'batch_size': 135, 'beta_1': 0.870503881627747, 'beta_2': 0.9948873266941017, 'epsilon': 2.1023308743480125e-07, 'hidden_layer_sizes': 118, 'learning_rate_init': 0.0018781738757161913, 'tol': 1.1889379831773004e-05, 'validation_fraction': 0.6264327093752792}, {'alpha': 0.04705159350400542, 'batch_size': 158, 'beta_1': 0.9870884262730957, 'beta_2': 0.9999596874382349, 'epsilon': 1.1981845126013875e-08, 'hidden_layer_sizes': 116, 'learning_rate_init': 0.00617340520407431, 'tol': 1.741413418158619e-05, 'validation_fraction': 0.6754299026638921}], [151.4971925380264, 151.42763539278994, 151.47026299046811, 136.86202504264318, 75.2055865763391])}
saving results
saving timing
saving suggest log
done
