running: {'--uuid': '513d2a4d82fd5ed8a9082949f870adda', '-db-root': '/home/ryedida/bbo_challenge_starter_kit/output', '--opt-root': '/home/ryedida/bbo_challenge_starter_kit/example_submissions', '--data-root': None, '--db': 'run_20230425_055340', '--opt': 'smoothness', '--data': 'diabetes', '--classifier': 'MLP-adam', '--metric': 'mae', '--calls': 15, '--suggestions': 1, '--jobs-file': None, '--verbose': False, 'dry_run': False, 'rev': 'a376313', 'opt_rev': 'x.x.x'}
cmd: python smoothness/optimizer.py -c MLP-adam -d diabetes -o smoothness -u 513d2a4d82fd5ed8a9082949f870adda -m mae -n 15 -p 1 -dir /home/ryedida/bbo_challenge_starter_kit/output -b run_20230425_055340
/home/ryedida/.local/lib/python3.9/site-packages/sklearn/neural_network/_multilayer_perceptron.py:605: UserWarning: Got `batch_size` less than 1 or larger than sample size. It is going to be clipped
  warnings.warn(

/home/ryedida/.local/lib/python3.9/site-packages/sklearn/neural_network/_multilayer_perceptron.py:605: UserWarning: Got `batch_size` less than 1 or larger than sample size. It is going to be clipped
  warnings.warn(

/home/ryedida/.local/lib/python3.9/site-packages/sklearn/neural_network/_multilayer_perceptron.py:605: UserWarning: Got `batch_size` less than 1 or larger than sample size. It is going to be clipped
  warnings.warn(

/home/ryedida/.local/lib/python3.9/site-packages/sklearn/neural_network/_multilayer_perceptron.py:686: ConvergenceWarning: Stochastic Optimizer: Maximum iterations (200) reached and the optimization hasn't converged yet.
  warnings.warn(

/home/ryedida/.local/lib/python3.9/site-packages/sklearn/neural_network/_multilayer_perceptron.py:605: UserWarning: Got `batch_size` less than 1 or larger than sample size. It is going to be clipped
  warnings.warn(

/home/ryedida/.local/lib/python3.9/site-packages/sklearn/neural_network/_multilayer_perceptron.py:686: ConvergenceWarning: Stochastic Optimizer: Maximum iterations (200) reached and the optimization hasn't converged yet.
  warnings.warn(

computed signature: ([{'alpha': 0.019628224813442792, 'batch_size': 182, 'beta_1': 0.9410202200271762, 'beta_2': 0.9998021557676793, 'epsilon': 1.8662266976518e-08, 'hidden_layer_sizes': 147, 'learning_rate_init': 0.0005627932047415167, 'tol': 0.03690557729213761, 'validation_fraction': 0.8846827852548593}, {'alpha': 0.0019982467392329444, 'batch_size': 200, 'beta_1': 0.919111482530466, 'beta_2': 0.9998488260436156, 'epsilon': 5.981221901152555e-07, 'hidden_layer_sizes': 61, 'learning_rate_init': 2.2310905607443014e-05, 'tol': 1.2046852412030316e-05, 'validation_fraction': 0.8117896445826539}, {'alpha': 0.46659545670218433, 'batch_size': 219, 'beta_1': 0.9889789783750891, 'beta_2': 0.9999896868093284, 'epsilon': 2.4234724484675948e-08, 'hidden_layer_sizes': 167, 'learning_rate_init': 2.972334644335654e-05, 'tol': 0.0036281404040243792, 'validation_fraction': 0.17260651658522078}, {'alpha': 4.656005689076002, 'batch_size': 135, 'beta_1': 0.870503881627747, 'beta_2': 0.9948873266941017, 'epsilon': 2.1023308743480125e-07, 'hidden_layer_sizes': 118, 'learning_rate_init': 0.0018781738757161913, 'tol': 1.1889379831773004e-05, 'validation_fraction': 0.6264327093752792}, {'alpha': 0.04705159350400542, 'batch_size': 158, 'beta_1': 0.9870884262730957, 'beta_2': 0.9999596874382349, 'epsilon': 1.1981845126013875e-08, 'hidden_layer_sizes': 116, 'learning_rate_init': 0.00617340520407431, 'tol': 1.741413418158619e-05, 'validation_fraction': 0.6754299026638921}], [151.4971925380264, 151.42763539278994, 151.47026299046811, 136.86202504264318, 75.2055865763391])
Signature errors:
                                  0             1             2         3         4       max
MLP-adam_diabetes_mae  1.919244e-08  6.198704e-08  7.624578e-09  0.000007  0.000034  0.000034
max                    1.919244e-08  6.198704e-08  7.624578e-09  0.000007  0.000034  0.000034
starting sklearn study smoothness MLP-adam diabetes mae 15 1
with data root: None
Failure in optimizer suggest. Falling back to random search.
name 'activ' is not defined
Traceback (most recent call last):
  File "/home/ryedida/.local/lib/python3.9/site-packages/bayesmark/experiment.py", line 126, in run_study
    next_points = optimizer.suggest(n_suggestions)
  File "/home/ryedida/bbo_challenge_starter_kit/example_submissions/smoothness/optimizer.py", line 105, in suggest
    betas = [self._get_smoothness_reg(guess) for guess in guesses]
  File "/home/ryedida/bbo_challenge_starter_kit/example_submissions/smoothness/optimizer.py", line 105, in <listcomp>
    betas = [self._get_smoothness_reg(guess) for guess in guesses]
  File "/home/ryedida/bbo_challenge_starter_kit/example_submissions/smoothness/optimizer.py", line 48, in _get_smoothness_reg
    if activ > Kz:
NameError: name 'activ' is not defined
suggestion time taken 0.492713 iter 0 next_points [{'alpha': 0.0005652514255958815, 'batch_size': 163, 'beta_1': 0.9728621886059565, 'beta_2': 0.9999932633179062, 'epsilon': 8.53668711425059e-09, 'hidden_layer_sizes': 184, 'learning_rate_init': 1.825297000584407e-05, 'tol': 0.0019786068611629417, 'validation_fraction': 0.44268767596316233}]
function_evaluation time 0.072237 value 151.583496 suggestion {'alpha': 0.0005652514255958815, 'batch_size': 163, 'beta_1': 0.9728621886059565, 'beta_2': 0.9999932633179062, 'epsilon': 8.53668711425059e-09, 'hidden_layer_sizes': 184, 'learning_rate_init': 1.825297000584407e-05, 'tol': 0.0019786068611629417, 'validation_fraction': 0.44268767596316233}
observation time 0.000007, current best 151.583496 at iter 0
Failure in optimizer suggest. Falling back to random search.
name 'activ' is not defined
Traceback (most recent call last):
  File "/home/ryedida/.local/lib/python3.9/site-packages/bayesmark/experiment.py", line 126, in run_study
    next_points = optimizer.suggest(n_suggestions)
  File "/home/ryedida/bbo_challenge_starter_kit/example_submissions/smoothness/optimizer.py", line 105, in suggest
    betas = [self._get_smoothness_reg(guess) for guess in guesses]
  File "/home/ryedida/bbo_challenge_starter_kit/example_submissions/smoothness/optimizer.py", line 105, in <listcomp>
    betas = [self._get_smoothness_reg(guess) for guess in guesses]
  File "/home/ryedida/bbo_challenge_starter_kit/example_submissions/smoothness/optimizer.py", line 48, in _get_smoothness_reg
    if activ > Kz:
NameError: name 'activ' is not defined
suggestion time taken 0.329219 iter 1 next_points [{'alpha': 0.9639671033886256, 'batch_size': 136, 'beta_1': 0.7196177264872462, 'beta_2': 0.9556980001527711, 'epsilon': 3.6126819142861565e-08, 'hidden_layer_sizes': 65, 'learning_rate_init': 5.8412776871766125e-05, 'tol': 0.000454358860272681, 'validation_fraction': 0.4746137260328205}]
function_evaluation time 0.047134 value 151.548174 suggestion {'alpha': 0.9639671033886256, 'batch_size': 136, 'beta_1': 0.7196177264872462, 'beta_2': 0.9556980001527711, 'epsilon': 3.6126819142861565e-08, 'hidden_layer_sizes': 65, 'learning_rate_init': 5.8412776871766125e-05, 'tol': 0.000454358860272681, 'validation_fraction': 0.4746137260328205}
observation time 0.000005, current best 151.548174 at iter 1
Failure in optimizer suggest. Falling back to random search.
name 'activ' is not defined
Traceback (most recent call last):
  File "/home/ryedida/.local/lib/python3.9/site-packages/bayesmark/experiment.py", line 126, in run_study
    next_points = optimizer.suggest(n_suggestions)
  File "/home/ryedida/bbo_challenge_starter_kit/example_submissions/smoothness/optimizer.py", line 105, in suggest
    betas = [self._get_smoothness_reg(guess) for guess in guesses]
  File "/home/ryedida/bbo_challenge_starter_kit/example_submissions/smoothness/optimizer.py", line 105, in <listcomp>
    betas = [self._get_smoothness_reg(guess) for guess in guesses]
  File "/home/ryedida/bbo_challenge_starter_kit/example_submissions/smoothness/optimizer.py", line 48, in _get_smoothness_reg
    if activ > Kz:
NameError: name 'activ' is not defined
suggestion time taken 0.327707 iter 2 next_points [{'alpha': 0.09609398926502306, 'batch_size': 40, 'beta_1': 0.9680544235314003, 'beta_2': 0.9999467525440577, 'epsilon': 3.2190113430902315e-08, 'hidden_layer_sizes': 197, 'learning_rate_init': 0.0038602029790938313, 'tol': 0.0029850598350842712, 'validation_fraction': 0.4139821047047925}]
function_evaluation time 0.786747 value 54.109387 suggestion {'alpha': 0.09609398926502306, 'batch_size': 40, 'beta_1': 0.9680544235314003, 'beta_2': 0.9999467525440577, 'epsilon': 3.2190113430902315e-08, 'hidden_layer_sizes': 197, 'learning_rate_init': 0.0038602029790938313, 'tol': 0.0029850598350842712, 'validation_fraction': 0.4139821047047925}
observation time 0.000005, current best 54.109387 at iter 2
Failure in optimizer suggest. Falling back to random search.
name 'activ' is not defined
Traceback (most recent call last):
  File "/home/ryedida/.local/lib/python3.9/site-packages/bayesmark/experiment.py", line 126, in run_study
    next_points = optimizer.suggest(n_suggestions)
  File "/home/ryedida/bbo_challenge_starter_kit/example_submissions/smoothness/optimizer.py", line 105, in suggest
    betas = [self._get_smoothness_reg(guess) for guess in guesses]
  File "/home/ryedida/bbo_challenge_starter_kit/example_submissions/smoothness/optimizer.py", line 105, in <listcomp>
    betas = [self._get_smoothness_reg(guess) for guess in guesses]
  File "/home/ryedida/bbo_challenge_starter_kit/example_submissions/smoothness/optimizer.py", line 48, in _get_smoothness_reg
    if activ > Kz:
NameError: name 'activ' is not defined
suggestion time taken 0.335289 iter 3 next_points [{'alpha': 0.8150543740060703, 'batch_size': 76, 'beta_1': 0.8454775144829259, 'beta_2': 0.9996985492613183, 'epsilon': 4.047179555894121e-07, 'hidden_layer_sizes': 134, 'learning_rate_init': 0.09107619308557262, 'tol': 3.756988669843813e-05, 'validation_fraction': 0.5141359343491679}]
function_evaluation time 0.336410 value 44.018449 suggestion {'alpha': 0.8150543740060703, 'batch_size': 76, 'beta_1': 0.8454775144829259, 'beta_2': 0.9996985492613183, 'epsilon': 4.047179555894121e-07, 'hidden_layer_sizes': 134, 'learning_rate_init': 0.09107619308557262, 'tol': 3.756988669843813e-05, 'validation_fraction': 0.5141359343491679}
observation time 0.000005, current best 44.018449 at iter 3
Failure in optimizer suggest. Falling back to random search.
name 'activ' is not defined
Traceback (most recent call last):
  File "/home/ryedida/.local/lib/python3.9/site-packages/bayesmark/experiment.py", line 126, in run_study
    next_points = optimizer.suggest(n_suggestions)
  File "/home/ryedida/bbo_challenge_starter_kit/example_submissions/smoothness/optimizer.py", line 105, in suggest
    betas = [self._get_smoothness_reg(guess) for guess in guesses]
  File "/home/ryedida/bbo_challenge_starter_kit/example_submissions/smoothness/optimizer.py", line 105, in <listcomp>
    betas = [self._get_smoothness_reg(guess) for guess in guesses]
  File "/home/ryedida/bbo_challenge_starter_kit/example_submissions/smoothness/optimizer.py", line 48, in _get_smoothness_reg
    if activ > Kz:
NameError: name 'activ' is not defined
suggestion time taken 0.329241 iter 4 next_points [{'alpha': 1.7480059265887572e-05, 'batch_size': 58, 'beta_1': 0.9827103828119624, 'beta_2': 0.9931568991145344, 'epsilon': 1.87543782261885e-09, 'hidden_layer_sizes': 80, 'learning_rate_init': 0.00046398288802395904, 'tol': 0.00022789154329078224, 'validation_fraction': 0.1915409523848553}]
/home/ryedida/.local/lib/python3.9/site-packages/sklearn/neural_network/_multilayer_perceptron.py:686: ConvergenceWarning: Stochastic Optimizer: Maximum iterations (200) reached and the optimization hasn't converged yet.
  warnings.warn(

function_evaluation time 0.929632 value 143.356712 suggestion {'alpha': 1.7480059265887572e-05, 'batch_size': 58, 'beta_1': 0.9827103828119624, 'beta_2': 0.9931568991145344, 'epsilon': 1.87543782261885e-09, 'hidden_layer_sizes': 80, 'learning_rate_init': 0.00046398288802395904, 'tol': 0.00022789154329078224, 'validation_fraction': 0.1915409523848553}
observation time 0.000005, current best 44.018449 at iter 4
Failure in optimizer suggest. Falling back to random search.
name 'activ' is not defined
Traceback (most recent call last):
  File "/home/ryedida/.local/lib/python3.9/site-packages/bayesmark/experiment.py", line 126, in run_study
    next_points = optimizer.suggest(n_suggestions)
  File "/home/ryedida/bbo_challenge_starter_kit/example_submissions/smoothness/optimizer.py", line 105, in suggest
    betas = [self._get_smoothness_reg(guess) for guess in guesses]
  File "/home/ryedida/bbo_challenge_starter_kit/example_submissions/smoothness/optimizer.py", line 105, in <listcomp>
    betas = [self._get_smoothness_reg(guess) for guess in guesses]
  File "/home/ryedida/bbo_challenge_starter_kit/example_submissions/smoothness/optimizer.py", line 48, in _get_smoothness_reg
    if activ > Kz:
NameError: name 'activ' is not defined
suggestion time taken 0.330535 iter 5 next_points [{'alpha': 0.05840305405780823, 'batch_size': 46, 'beta_1': 0.9558241806218497, 'beta_2': 0.9992432570713301, 'epsilon': 5.38530503001989e-07, 'hidden_layer_sizes': 153, 'learning_rate_init': 0.05918942388174978, 'tol': 1.9696485918678784e-05, 'validation_fraction': 0.26851541720276134}]
function_evaluation time 0.341224 value 44.394251 suggestion {'alpha': 0.05840305405780823, 'batch_size': 46, 'beta_1': 0.9558241806218497, 'beta_2': 0.9992432570713301, 'epsilon': 5.38530503001989e-07, 'hidden_layer_sizes': 153, 'learning_rate_init': 0.05918942388174978, 'tol': 1.9696485918678784e-05, 'validation_fraction': 0.26851541720276134}
observation time 0.000005, current best 44.018449 at iter 5
Failure in optimizer suggest. Falling back to random search.
name 'activ' is not defined
Traceback (most recent call last):
  File "/home/ryedida/.local/lib/python3.9/site-packages/bayesmark/experiment.py", line 126, in run_study
    next_points = optimizer.suggest(n_suggestions)
  File "/home/ryedida/bbo_challenge_starter_kit/example_submissions/smoothness/optimizer.py", line 105, in suggest
    betas = [self._get_smoothness_reg(guess) for guess in guesses]
  File "/home/ryedida/bbo_challenge_starter_kit/example_submissions/smoothness/optimizer.py", line 105, in <listcomp>
    betas = [self._get_smoothness_reg(guess) for guess in guesses]
  File "/home/ryedida/bbo_challenge_starter_kit/example_submissions/smoothness/optimizer.py", line 48, in _get_smoothness_reg
    if activ > Kz:
NameError: name 'activ' is not defined
suggestion time taken 0.328392 iter 6 next_points [{'alpha': 0.017670163325799675, 'batch_size': 57, 'beta_1': 0.8341972970582132, 'beta_2': 0.9318782161460537, 'epsilon': 3.267020030444329e-07, 'hidden_layer_sizes': 195, 'learning_rate_init': 0.0820497721842628, 'tol': 3.6400850683774816e-05, 'validation_fraction': 0.8668109405632034}]
/home/ryedida/.local/lib/python3.9/site-packages/sklearn/neural_network/_multilayer_perceptron.py:605: UserWarning: Got `batch_size` less than 1 or larger than sample size. It is going to be clipped
  warnings.warn(

function_evaluation time 0.229723 value 49.114967 suggestion {'alpha': 0.017670163325799675, 'batch_size': 57, 'beta_1': 0.8341972970582132, 'beta_2': 0.9318782161460537, 'epsilon': 3.267020030444329e-07, 'hidden_layer_sizes': 195, 'learning_rate_init': 0.0820497721842628, 'tol': 3.6400850683774816e-05, 'validation_fraction': 0.8668109405632034}
observation time 0.000005, current best 44.018449 at iter 6
Failure in optimizer suggest. Falling back to random search.
name 'activ' is not defined
Traceback (most recent call last):
  File "/home/ryedida/.local/lib/python3.9/site-packages/bayesmark/experiment.py", line 126, in run_study
    next_points = optimizer.suggest(n_suggestions)
  File "/home/ryedida/bbo_challenge_starter_kit/example_submissions/smoothness/optimizer.py", line 105, in suggest
    betas = [self._get_smoothness_reg(guess) for guess in guesses]
  File "/home/ryedida/bbo_challenge_starter_kit/example_submissions/smoothness/optimizer.py", line 105, in <listcomp>
    betas = [self._get_smoothness_reg(guess) for guess in guesses]
  File "/home/ryedida/bbo_challenge_starter_kit/example_submissions/smoothness/optimizer.py", line 48, in _get_smoothness_reg
    if activ > Kz:
NameError: name 'activ' is not defined
suggestion time taken 0.454249 iter 7 next_points [{'alpha': 0.0009863782692321973, 'batch_size': 30, 'beta_1': 0.9697716878753097, 'beta_2': 0.9828538095853449, 'epsilon': 1.9494678678019844e-08, 'hidden_layer_sizes': 128, 'learning_rate_init': 0.07064222247089318, 'tol': 0.005194173315118127, 'validation_fraction': 0.8997022316091282}]
function_evaluation time 0.140123 value 58.402422 suggestion {'alpha': 0.0009863782692321973, 'batch_size': 30, 'beta_1': 0.9697716878753097, 'beta_2': 0.9828538095853449, 'epsilon': 1.9494678678019844e-08, 'hidden_layer_sizes': 128, 'learning_rate_init': 0.07064222247089318, 'tol': 0.005194173315118127, 'validation_fraction': 0.8997022316091282}
observation time 0.000005, current best 44.018449 at iter 7
Failure in optimizer suggest. Falling back to random search.
name 'activ' is not defined
Traceback (most recent call last):
  File "/home/ryedida/.local/lib/python3.9/site-packages/bayesmark/experiment.py", line 126, in run_study
    next_points = optimizer.suggest(n_suggestions)
  File "/home/ryedida/bbo_challenge_starter_kit/example_submissions/smoothness/optimizer.py", line 105, in suggest
    betas = [self._get_smoothness_reg(guess) for guess in guesses]
  File "/home/ryedida/bbo_challenge_starter_kit/example_submissions/smoothness/optimizer.py", line 105, in <listcomp>
    betas = [self._get_smoothness_reg(guess) for guess in guesses]
  File "/home/ryedida/bbo_challenge_starter_kit/example_submissions/smoothness/optimizer.py", line 48, in _get_smoothness_reg
    if activ > Kz:
NameError: name 'activ' is not defined
suggestion time taken 0.329061 iter 8 next_points [{'alpha': 1.5423717380223823e-05, 'batch_size': 122, 'beta_1': 0.9798808468166377, 'beta_2': 0.9984620195543189, 'epsilon': 3.541273056313029e-07, 'hidden_layer_sizes': 166, 'learning_rate_init': 0.002986753459425165, 'tol': 4.2393875918867764e-05, 'validation_fraction': 0.3097549323701841}]
/home/ryedida/.local/lib/python3.9/site-packages/sklearn/neural_network/_multilayer_perceptron.py:686: ConvergenceWarning: Stochastic Optimizer: Maximum iterations (200) reached and the optimization hasn't converged yet.
  warnings.warn(

function_evaluation time 1.241595 value 56.039281 suggestion {'alpha': 1.5423717380223823e-05, 'batch_size': 122, 'beta_1': 0.9798808468166377, 'beta_2': 0.9984620195543189, 'epsilon': 3.541273056313029e-07, 'hidden_layer_sizes': 166, 'learning_rate_init': 0.002986753459425165, 'tol': 4.2393875918867764e-05, 'validation_fraction': 0.3097549323701841}
observation time 0.000007, current best 44.018449 at iter 8
Failure in optimizer suggest. Falling back to random search.
name 'activ' is not defined
Traceback (most recent call last):
  File "/home/ryedida/.local/lib/python3.9/site-packages/bayesmark/experiment.py", line 126, in run_study
    next_points = optimizer.suggest(n_suggestions)
  File "/home/ryedida/bbo_challenge_starter_kit/example_submissions/smoothness/optimizer.py", line 105, in suggest
    betas = [self._get_smoothness_reg(guess) for guess in guesses]
  File "/home/ryedida/bbo_challenge_starter_kit/example_submissions/smoothness/optimizer.py", line 105, in <listcomp>
    betas = [self._get_smoothness_reg(guess) for guess in guesses]
  File "/home/ryedida/bbo_challenge_starter_kit/example_submissions/smoothness/optimizer.py", line 48, in _get_smoothness_reg
    if activ > Kz:
NameError: name 'activ' is not defined
suggestion time taken 0.316192 iter 9 next_points [{'alpha': 2.324486812767926e-05, 'batch_size': 218, 'beta_1': 0.8541648309671936, 'beta_2': 0.9983202380811386, 'epsilon': 1.2384865066711512e-08, 'hidden_layer_sizes': 80, 'learning_rate_init': 5.492263630215934e-05, 'tol': 0.00048255698596807534, 'validation_fraction': 0.6804428468039366}]
/home/ryedida/.local/lib/python3.9/site-packages/sklearn/neural_network/_multilayer_perceptron.py:605: UserWarning: Got `batch_size` less than 1 or larger than sample size. It is going to be clipped
  warnings.warn(

function_evaluation time 0.047341 value 151.749468 suggestion {'alpha': 2.324486812767926e-05, 'batch_size': 218, 'beta_1': 0.8541648309671936, 'beta_2': 0.9983202380811386, 'epsilon': 1.2384865066711512e-08, 'hidden_layer_sizes': 80, 'learning_rate_init': 5.492263630215934e-05, 'tol': 0.00048255698596807534, 'validation_fraction': 0.6804428468039366}
observation time 0.000005, current best 44.018449 at iter 9
Failure in optimizer suggest. Falling back to random search.
name 'activ' is not defined
Traceback (most recent call last):
  File "/home/ryedida/.local/lib/python3.9/site-packages/bayesmark/experiment.py", line 126, in run_study
    next_points = optimizer.suggest(n_suggestions)
  File "/home/ryedida/bbo_challenge_starter_kit/example_submissions/smoothness/optimizer.py", line 105, in suggest
    betas = [self._get_smoothness_reg(guess) for guess in guesses]
  File "/home/ryedida/bbo_challenge_starter_kit/example_submissions/smoothness/optimizer.py", line 105, in <listcomp>
    betas = [self._get_smoothness_reg(guess) for guess in guesses]
  File "/home/ryedida/bbo_challenge_starter_kit/example_submissions/smoothness/optimizer.py", line 48, in _get_smoothness_reg
    if activ > Kz:
NameError: name 'activ' is not defined
suggestion time taken 0.320064 iter 10 next_points [{'alpha': 0.0336059658015393, 'batch_size': 228, 'beta_1': 0.946615285461034, 'beta_2': 0.9999962708283766, 'epsilon': 1.4143550674080032e-08, 'hidden_layer_sizes': 93, 'learning_rate_init': 0.09278745740759634, 'tol': 2.9131082104250654e-05, 'validation_fraction': 0.6564092964630242}]
/home/ryedida/.local/lib/python3.9/site-packages/sklearn/neural_network/_multilayer_perceptron.py:605: UserWarning: Got `batch_size` less than 1 or larger than sample size. It is going to be clipped
  warnings.warn(

function_evaluation time 0.124456 value 54.805870 suggestion {'alpha': 0.0336059658015393, 'batch_size': 228, 'beta_1': 0.946615285461034, 'beta_2': 0.9999962708283766, 'epsilon': 1.4143550674080032e-08, 'hidden_layer_sizes': 93, 'learning_rate_init': 0.09278745740759634, 'tol': 2.9131082104250654e-05, 'validation_fraction': 0.6564092964630242}
observation time 0.000005, current best 44.018449 at iter 10
Failure in optimizer suggest. Falling back to random search.
name 'activ' is not defined
Traceback (most recent call last):
  File "/home/ryedida/.local/lib/python3.9/site-packages/bayesmark/experiment.py", line 126, in run_study
    next_points = optimizer.suggest(n_suggestions)
  File "/home/ryedida/bbo_challenge_starter_kit/example_submissions/smoothness/optimizer.py", line 105, in suggest
    betas = [self._get_smoothness_reg(guess) for guess in guesses]
  File "/home/ryedida/bbo_challenge_starter_kit/example_submissions/smoothness/optimizer.py", line 105, in <listcomp>
    betas = [self._get_smoothness_reg(guess) for guess in guesses]
  File "/home/ryedida/bbo_challenge_starter_kit/example_submissions/smoothness/optimizer.py", line 48, in _get_smoothness_reg
    if activ > Kz:
NameError: name 'activ' is not defined
suggestion time taken 0.316005 iter 11 next_points [{'alpha': 0.9882993285507037, 'batch_size': 64, 'beta_1': 0.8955418908386052, 'beta_2': 0.9988941004705153, 'epsilon': 5.489271332934582e-08, 'hidden_layer_sizes': 187, 'learning_rate_init': 0.0002173763849718891, 'tol': 0.0009014840012018478, 'validation_fraction': 0.4769446976395829}]
function_evaluation time 0.095023 value 151.544488 suggestion {'alpha': 0.9882993285507037, 'batch_size': 64, 'beta_1': 0.8955418908386052, 'beta_2': 0.9988941004705153, 'epsilon': 5.489271332934582e-08, 'hidden_layer_sizes': 187, 'learning_rate_init': 0.0002173763849718891, 'tol': 0.0009014840012018478, 'validation_fraction': 0.4769446976395829}
observation time 0.000005, current best 44.018449 at iter 11
Failure in optimizer suggest. Falling back to random search.
name 'activ' is not defined
Traceback (most recent call last):
  File "/home/ryedida/.local/lib/python3.9/site-packages/bayesmark/experiment.py", line 126, in run_study
    next_points = optimizer.suggest(n_suggestions)
  File "/home/ryedida/bbo_challenge_starter_kit/example_submissions/smoothness/optimizer.py", line 105, in suggest
    betas = [self._get_smoothness_reg(guess) for guess in guesses]
  File "/home/ryedida/bbo_challenge_starter_kit/example_submissions/smoothness/optimizer.py", line 105, in <listcomp>
    betas = [self._get_smoothness_reg(guess) for guess in guesses]
  File "/home/ryedida/bbo_challenge_starter_kit/example_submissions/smoothness/optimizer.py", line 48, in _get_smoothness_reg
    if activ > Kz:
NameError: name 'activ' is not defined
suggestion time taken 0.324322 iter 12 next_points [{'alpha': 0.015366508001589016, 'batch_size': 152, 'beta_1': 0.6526198629168152, 'beta_2': 0.9994812062778019, 'epsilon': 5.1379655497526896e-09, 'hidden_layer_sizes': 104, 'learning_rate_init': 0.00010482454523285847, 'tol': 0.015817893330396657, 'validation_fraction': 0.2875029783572464}]
function_evaluation time 0.071184 value 151.557164 suggestion {'alpha': 0.015366508001589016, 'batch_size': 152, 'beta_1': 0.6526198629168152, 'beta_2': 0.9994812062778019, 'epsilon': 5.1379655497526896e-09, 'hidden_layer_sizes': 104, 'learning_rate_init': 0.00010482454523285847, 'tol': 0.015817893330396657, 'validation_fraction': 0.2875029783572464}
observation time 0.000006, current best 44.018449 at iter 12
Failure in optimizer suggest. Falling back to random search.
name 'activ' is not defined
Traceback (most recent call last):
  File "/home/ryedida/.local/lib/python3.9/site-packages/bayesmark/experiment.py", line 126, in run_study
    next_points = optimizer.suggest(n_suggestions)
  File "/home/ryedida/bbo_challenge_starter_kit/example_submissions/smoothness/optimizer.py", line 105, in suggest
    betas = [self._get_smoothness_reg(guess) for guess in guesses]
  File "/home/ryedida/bbo_challenge_starter_kit/example_submissions/smoothness/optimizer.py", line 105, in <listcomp>
    betas = [self._get_smoothness_reg(guess) for guess in guesses]
  File "/home/ryedida/bbo_challenge_starter_kit/example_submissions/smoothness/optimizer.py", line 48, in _get_smoothness_reg
    if activ > Kz:
NameError: name 'activ' is not defined
suggestion time taken 0.318664 iter 13 next_points [{'alpha': 0.001026524577849809, 'batch_size': 242, 'beta_1': 0.9677549235555609, 'beta_2': 0.9999976456958682, 'epsilon': 2.682419295498831e-07, 'hidden_layer_sizes': 140, 'learning_rate_init': 0.007700335427223364, 'tol': 0.0008420605620984642, 'validation_fraction': 0.7790294277928342}]
/home/ryedida/.local/lib/python3.9/site-packages/sklearn/neural_network/_multilayer_perceptron.py:605: UserWarning: Got `batch_size` less than 1 or larger than sample size. It is going to be clipped
  warnings.warn(

/home/ryedida/.local/lib/python3.9/site-packages/sklearn/neural_network/_multilayer_perceptron.py:686: ConvergenceWarning: Stochastic Optimizer: Maximum iterations (200) reached and the optimization hasn't converged yet.
  warnings.warn(

function_evaluation time 0.715770 value 54.415774 suggestion {'alpha': 0.001026524577849809, 'batch_size': 242, 'beta_1': 0.9677549235555609, 'beta_2': 0.9999976456958682, 'epsilon': 2.682419295498831e-07, 'hidden_layer_sizes': 140, 'learning_rate_init': 0.007700335427223364, 'tol': 0.0008420605620984642, 'validation_fraction': 0.7790294277928342}
observation time 0.000005, current best 44.018449 at iter 13
Failure in optimizer suggest. Falling back to random search.
name 'activ' is not defined
Traceback (most recent call last):
  File "/home/ryedida/.local/lib/python3.9/site-packages/bayesmark/experiment.py", line 126, in run_study
    next_points = optimizer.suggest(n_suggestions)
  File "/home/ryedida/bbo_challenge_starter_kit/example_submissions/smoothness/optimizer.py", line 105, in suggest
    betas = [self._get_smoothness_reg(guess) for guess in guesses]
  File "/home/ryedida/bbo_challenge_starter_kit/example_submissions/smoothness/optimizer.py", line 105, in <listcomp>
    betas = [self._get_smoothness_reg(guess) for guess in guesses]
  File "/home/ryedida/bbo_challenge_starter_kit/example_submissions/smoothness/optimizer.py", line 48, in _get_smoothness_reg
    if activ > Kz:
NameError: name 'activ' is not defined
suggestion time taken 0.328014 iter 14 next_points [{'alpha': 0.2586705759856098, 'batch_size': 126, 'beta_1': 0.9201042712744505, 'beta_2': 0.9997227163876709, 'epsilon': 1.3146662433247296e-07, 'hidden_layer_sizes': 117, 'learning_rate_init': 0.00636765871073685, 'tol': 0.0032855265976115427, 'validation_fraction': 0.15694660558924114}]
function_evaluation time 0.684627 value 53.286325 suggestion {'alpha': 0.2586705759856098, 'batch_size': 126, 'beta_1': 0.9201042712744505, 'beta_2': 0.9997227163876709, 'epsilon': 1.3146662433247296e-07, 'hidden_layer_sizes': 117, 'learning_rate_init': 0.00636765871073685, 'tol': 0.0032855265976115427, 'validation_fraction': 0.15694660558924114}
observation time 0.000005, current best 44.018449 at iter 14
saving meta data: {'args': {'--uuid': '513d2a4d82fd5ed8a9082949f870adda', '-db-root': '/home/ryedida/bbo_challenge_starter_kit/output', '--opt-root': '/home/ryedida/bbo_challenge_starter_kit/example_submissions', '--data-root': None, '--db': 'run_20230425_055340', '--opt': 'smoothness', '--data': 'diabetes', '--classifier': 'MLP-adam', '--metric': 'mae', '--calls': 15, '--suggestions': 1, '--jobs-file': None, '--verbose': False, 'dry_run': False, 'rev': 'a376313', 'opt_rev': 'x.x.x'}, 'signature': ([{'alpha': 0.019628224813442792, 'batch_size': 182, 'beta_1': 0.9410202200271762, 'beta_2': 0.9998021557676793, 'epsilon': 1.8662266976518e-08, 'hidden_layer_sizes': 147, 'learning_rate_init': 0.0005627932047415167, 'tol': 0.03690557729213761, 'validation_fraction': 0.8846827852548593}, {'alpha': 0.0019982467392329444, 'batch_size': 200, 'beta_1': 0.919111482530466, 'beta_2': 0.9998488260436156, 'epsilon': 5.981221901152555e-07, 'hidden_layer_sizes': 61, 'learning_rate_init': 2.2310905607443014e-05, 'tol': 1.2046852412030316e-05, 'validation_fraction': 0.8117896445826539}, {'alpha': 0.46659545670218433, 'batch_size': 219, 'beta_1': 0.9889789783750891, 'beta_2': 0.9999896868093284, 'epsilon': 2.4234724484675948e-08, 'hidden_layer_sizes': 167, 'learning_rate_init': 2.972334644335654e-05, 'tol': 0.0036281404040243792, 'validation_fraction': 0.17260651658522078}, {'alpha': 4.656005689076002, 'batch_size': 135, 'beta_1': 0.870503881627747, 'beta_2': 0.9948873266941017, 'epsilon': 2.1023308743480125e-07, 'hidden_layer_sizes': 118, 'learning_rate_init': 0.0018781738757161913, 'tol': 1.1889379831773004e-05, 'validation_fraction': 0.6264327093752792}, {'alpha': 0.04705159350400542, 'batch_size': 158, 'beta_1': 0.9870884262730957, 'beta_2': 0.9999596874382349, 'epsilon': 1.1981845126013875e-08, 'hidden_layer_sizes': 116, 'learning_rate_init': 0.00617340520407431, 'tol': 1.741413418158619e-05, 'validation_fraction': 0.6754299026638921}], [151.4971925380264, 151.42763539278994, 151.47026299046811, 136.86202504264318, 75.2055865763391])}
saving results
saving timing
saving suggest log
done
