running: {'--uuid': '662bcf45d0465046985e9a2a979ad40a', '-db-root': '/home/ryedida/bbo_challenge_starter_kit/output', '--opt-root': '/home/ryedida/bbo_challenge_starter_kit/example_submissions', '--data-root': None, '--db': 'run_20230425_055340', '--opt': 'smoothness', '--data': 'diabetes', '--classifier': 'MLP-adam', '--metric': 'mae', '--calls': 15, '--suggestions': 1, '--jobs-file': None, '--verbose': False, 'dry_run': False, 'rev': 'a376313', 'opt_rev': 'x.x.x'}
cmd: python smoothness/optimizer.py -c MLP-adam -d diabetes -o smoothness -u 662bcf45d0465046985e9a2a979ad40a -m mae -n 15 -p 1 -dir /home/ryedida/bbo_challenge_starter_kit/output -b run_20230425_055340
/home/ryedida/.local/lib/python3.9/site-packages/sklearn/neural_network/_multilayer_perceptron.py:605: UserWarning: Got `batch_size` less than 1 or larger than sample size. It is going to be clipped
  warnings.warn(

/home/ryedida/.local/lib/python3.9/site-packages/sklearn/neural_network/_multilayer_perceptron.py:605: UserWarning: Got `batch_size` less than 1 or larger than sample size. It is going to be clipped
  warnings.warn(

/home/ryedida/.local/lib/python3.9/site-packages/sklearn/neural_network/_multilayer_perceptron.py:605: UserWarning: Got `batch_size` less than 1 or larger than sample size. It is going to be clipped
  warnings.warn(

/home/ryedida/.local/lib/python3.9/site-packages/sklearn/neural_network/_multilayer_perceptron.py:686: ConvergenceWarning: Stochastic Optimizer: Maximum iterations (200) reached and the optimization hasn't converged yet.
  warnings.warn(

/home/ryedida/.local/lib/python3.9/site-packages/sklearn/neural_network/_multilayer_perceptron.py:605: UserWarning: Got `batch_size` less than 1 or larger than sample size. It is going to be clipped
  warnings.warn(

/home/ryedida/.local/lib/python3.9/site-packages/sklearn/neural_network/_multilayer_perceptron.py:686: ConvergenceWarning: Stochastic Optimizer: Maximum iterations (200) reached and the optimization hasn't converged yet.
  warnings.warn(

computed signature: ([{'alpha': 0.019628224813442792, 'batch_size': 182, 'beta_1': 0.9410202200271762, 'beta_2': 0.9998021557676793, 'epsilon': 1.8662266976518e-08, 'hidden_layer_sizes': 147, 'learning_rate_init': 0.0005627932047415167, 'tol': 0.03690557729213761, 'validation_fraction': 0.8846827852548593}, {'alpha': 0.0019982467392329444, 'batch_size': 200, 'beta_1': 0.919111482530466, 'beta_2': 0.9998488260436156, 'epsilon': 5.981221901152555e-07, 'hidden_layer_sizes': 61, 'learning_rate_init': 2.2310905607443014e-05, 'tol': 1.2046852412030316e-05, 'validation_fraction': 0.8117896445826539}, {'alpha': 0.46659545670218433, 'batch_size': 219, 'beta_1': 0.9889789783750891, 'beta_2': 0.9999896868093284, 'epsilon': 2.4234724484675948e-08, 'hidden_layer_sizes': 167, 'learning_rate_init': 2.972334644335654e-05, 'tol': 0.0036281404040243792, 'validation_fraction': 0.17260651658522078}, {'alpha': 4.656005689076002, 'batch_size': 135, 'beta_1': 0.870503881627747, 'beta_2': 0.9948873266941017, 'epsilon': 2.1023308743480125e-07, 'hidden_layer_sizes': 118, 'learning_rate_init': 0.0018781738757161913, 'tol': 1.1889379831773004e-05, 'validation_fraction': 0.6264327093752792}, {'alpha': 0.04705159350400542, 'batch_size': 158, 'beta_1': 0.9870884262730957, 'beta_2': 0.9999596874382349, 'epsilon': 1.1981845126013875e-08, 'hidden_layer_sizes': 116, 'learning_rate_init': 0.00617340520407431, 'tol': 1.741413418158619e-05, 'validation_fraction': 0.6754299026638921}], [151.4971925380264, 151.42763539278994, 151.47026299046811, 136.86202504264318, 75.2055865763391])
Signature errors:
                                  0             1             2         3         4       max
MLP-adam_diabetes_mae  1.919244e-08  6.198704e-08  7.624578e-09  0.000007  0.000034  0.000034
max                    1.919244e-08  6.198704e-08  7.624578e-09  0.000007  0.000034  0.000034
starting sklearn study smoothness MLP-adam diabetes mae 15 1
with data root: None
Failure in optimizer suggest. Falling back to random search.
name 'activ' is not defined
Traceback (most recent call last):
  File "/home/ryedida/.local/lib/python3.9/site-packages/bayesmark/experiment.py", line 126, in run_study
    next_points = optimizer.suggest(n_suggestions)
  File "/home/ryedida/bbo_challenge_starter_kit/example_submissions/smoothness/optimizer.py", line 105, in suggest
    betas = [self._get_smoothness_reg(guess) for guess in guesses]
  File "/home/ryedida/bbo_challenge_starter_kit/example_submissions/smoothness/optimizer.py", line 105, in <listcomp>
    betas = [self._get_smoothness_reg(guess) for guess in guesses]
  File "/home/ryedida/bbo_challenge_starter_kit/example_submissions/smoothness/optimizer.py", line 48, in _get_smoothness_reg
    if activ > Kz:
NameError: name 'activ' is not defined
suggestion time taken 0.495166 iter 0 next_points [{'alpha': 0.0040686537745450455, 'batch_size': 48, 'beta_1': 0.9412051699522488, 'beta_2': 0.9976875250361847, 'epsilon': 9.204072815371953e-08, 'hidden_layer_sizes': 74, 'learning_rate_init': 0.0001510558222484889, 'tol': 0.008407534844122216, 'validation_fraction': 0.8455901217041272}]
function_evaluation time 0.048142 value 151.429214 suggestion {'alpha': 0.0040686537745450455, 'batch_size': 48, 'beta_1': 0.9412051699522488, 'beta_2': 0.9976875250361847, 'epsilon': 9.204072815371953e-08, 'hidden_layer_sizes': 74, 'learning_rate_init': 0.0001510558222484889, 'tol': 0.008407534844122216, 'validation_fraction': 0.8455901217041272}
observation time 0.000007, current best 151.429214 at iter 0
Failure in optimizer suggest. Falling back to random search.
name 'activ' is not defined
Traceback (most recent call last):
  File "/home/ryedida/.local/lib/python3.9/site-packages/bayesmark/experiment.py", line 126, in run_study
    next_points = optimizer.suggest(n_suggestions)
  File "/home/ryedida/bbo_challenge_starter_kit/example_submissions/smoothness/optimizer.py", line 105, in suggest
    betas = [self._get_smoothness_reg(guess) for guess in guesses]
  File "/home/ryedida/bbo_challenge_starter_kit/example_submissions/smoothness/optimizer.py", line 105, in <listcomp>
    betas = [self._get_smoothness_reg(guess) for guess in guesses]
  File "/home/ryedida/bbo_challenge_starter_kit/example_submissions/smoothness/optimizer.py", line 48, in _get_smoothness_reg
    if activ > Kz:
NameError: name 'activ' is not defined
suggestion time taken 0.345378 iter 1 next_points [{'alpha': 0.0012342551664174695, 'batch_size': 222, 'beta_1': 0.8182867536881085, 'beta_2': 0.979422598537173, 'epsilon': 3.687150073233373e-09, 'hidden_layer_sizes': 130, 'learning_rate_init': 0.00040232903540452734, 'tol': 0.03634140928845868, 'validation_fraction': 0.4909478005728586}]
/home/ryedida/.local/lib/python3.9/site-packages/sklearn/neural_network/_multilayer_perceptron.py:605: UserWarning: Got `batch_size` less than 1 or larger than sample size. It is going to be clipped
  warnings.warn(

function_evaluation time 0.059472 value 151.560416 suggestion {'alpha': 0.0012342551664174695, 'batch_size': 222, 'beta_1': 0.8182867536881085, 'beta_2': 0.979422598537173, 'epsilon': 3.687150073233373e-09, 'hidden_layer_sizes': 130, 'learning_rate_init': 0.00040232903540452734, 'tol': 0.03634140928845868, 'validation_fraction': 0.4909478005728586}
observation time 0.000005, current best 151.429214 at iter 1
Failure in optimizer suggest. Falling back to random search.
name 'activ' is not defined
Traceback (most recent call last):
  File "/home/ryedida/.local/lib/python3.9/site-packages/bayesmark/experiment.py", line 126, in run_study
    next_points = optimizer.suggest(n_suggestions)
  File "/home/ryedida/bbo_challenge_starter_kit/example_submissions/smoothness/optimizer.py", line 105, in suggest
    betas = [self._get_smoothness_reg(guess) for guess in guesses]
  File "/home/ryedida/bbo_challenge_starter_kit/example_submissions/smoothness/optimizer.py", line 105, in <listcomp>
    betas = [self._get_smoothness_reg(guess) for guess in guesses]
  File "/home/ryedida/bbo_challenge_starter_kit/example_submissions/smoothness/optimizer.py", line 48, in _get_smoothness_reg
    if activ > Kz:
NameError: name 'activ' is not defined
suggestion time taken 0.330672 iter 2 next_points [{'alpha': 1.7088024399586687e-05, 'batch_size': 203, 'beta_1': 0.9093410935123318, 'beta_2': 0.9998952006627825, 'epsilon': 4.332654130212566e-09, 'hidden_layer_sizes': 184, 'learning_rate_init': 0.004702182760896418, 'tol': 0.0019149099498229542, 'validation_fraction': 0.8279687956967137}]
/home/ryedida/.local/lib/python3.9/site-packages/sklearn/neural_network/_multilayer_perceptron.py:605: UserWarning: Got `batch_size` less than 1 or larger than sample size. It is going to be clipped
  warnings.warn(

/home/ryedida/.local/lib/python3.9/site-packages/sklearn/neural_network/_multilayer_perceptron.py:686: ConvergenceWarning: Stochastic Optimizer: Maximum iterations (200) reached and the optimization hasn't converged yet.
  warnings.warn(

function_evaluation time 0.770133 value 60.490244 suggestion {'alpha': 1.7088024399586687e-05, 'batch_size': 203, 'beta_1': 0.9093410935123318, 'beta_2': 0.9998952006627825, 'epsilon': 4.332654130212566e-09, 'hidden_layer_sizes': 184, 'learning_rate_init': 0.004702182760896418, 'tol': 0.0019149099498229542, 'validation_fraction': 0.8279687956967137}
observation time 0.000005, current best 60.490244 at iter 2
Failure in optimizer suggest. Falling back to random search.
name 'activ' is not defined
Traceback (most recent call last):
  File "/home/ryedida/.local/lib/python3.9/site-packages/bayesmark/experiment.py", line 126, in run_study
    next_points = optimizer.suggest(n_suggestions)
  File "/home/ryedida/bbo_challenge_starter_kit/example_submissions/smoothness/optimizer.py", line 105, in suggest
    betas = [self._get_smoothness_reg(guess) for guess in guesses]
  File "/home/ryedida/bbo_challenge_starter_kit/example_submissions/smoothness/optimizer.py", line 105, in <listcomp>
    betas = [self._get_smoothness_reg(guess) for guess in guesses]
  File "/home/ryedida/bbo_challenge_starter_kit/example_submissions/smoothness/optimizer.py", line 48, in _get_smoothness_reg
    if activ > Kz:
NameError: name 'activ' is not defined
suggestion time taken 0.338256 iter 3 next_points [{'alpha': 1.2643018134478263, 'batch_size': 224, 'beta_1': 0.6856662137873296, 'beta_2': 0.9978823750778171, 'epsilon': 2.194700834670369e-07, 'hidden_layer_sizes': 86, 'learning_rate_init': 0.02644755020892684, 'tol': 0.001791362024291814, 'validation_fraction': 0.7427806985394145}]
/home/ryedida/.local/lib/python3.9/site-packages/sklearn/neural_network/_multilayer_perceptron.py:605: UserWarning: Got `batch_size` less than 1 or larger than sample size. It is going to be clipped
  warnings.warn(

function_evaluation time 0.309452 value 50.870420 suggestion {'alpha': 1.2643018134478263, 'batch_size': 224, 'beta_1': 0.6856662137873296, 'beta_2': 0.9978823750778171, 'epsilon': 2.194700834670369e-07, 'hidden_layer_sizes': 86, 'learning_rate_init': 0.02644755020892684, 'tol': 0.001791362024291814, 'validation_fraction': 0.7427806985394145}
observation time 0.000006, current best 50.870420 at iter 3
Failure in optimizer suggest. Falling back to random search.
name 'activ' is not defined
Traceback (most recent call last):
  File "/home/ryedida/.local/lib/python3.9/site-packages/bayesmark/experiment.py", line 126, in run_study
    next_points = optimizer.suggest(n_suggestions)
  File "/home/ryedida/bbo_challenge_starter_kit/example_submissions/smoothness/optimizer.py", line 105, in suggest
    betas = [self._get_smoothness_reg(guess) for guess in guesses]
  File "/home/ryedida/bbo_challenge_starter_kit/example_submissions/smoothness/optimizer.py", line 105, in <listcomp>
    betas = [self._get_smoothness_reg(guess) for guess in guesses]
  File "/home/ryedida/bbo_challenge_starter_kit/example_submissions/smoothness/optimizer.py", line 48, in _get_smoothness_reg
    if activ > Kz:
NameError: name 'activ' is not defined
suggestion time taken 0.328876 iter 4 next_points [{'alpha': 1.195243454276322e-05, 'batch_size': 189, 'beta_1': 0.8608743367299893, 'beta_2': 0.9998548754112891, 'epsilon': 1.480217466980038e-08, 'hidden_layer_sizes': 134, 'learning_rate_init': 0.0006267680276837885, 'tol': 0.011682566774990428, 'validation_fraction': 0.1459310296287392}]
function_evaluation time 0.083585 value 151.322221 suggestion {'alpha': 1.195243454276322e-05, 'batch_size': 189, 'beta_1': 0.8608743367299893, 'beta_2': 0.9998548754112891, 'epsilon': 1.480217466980038e-08, 'hidden_layer_sizes': 134, 'learning_rate_init': 0.0006267680276837885, 'tol': 0.011682566774990428, 'validation_fraction': 0.1459310296287392}
observation time 0.000006, current best 50.870420 at iter 4
Failure in optimizer suggest. Falling back to random search.
name 'activ' is not defined
Traceback (most recent call last):
  File "/home/ryedida/.local/lib/python3.9/site-packages/bayesmark/experiment.py", line 126, in run_study
    next_points = optimizer.suggest(n_suggestions)
  File "/home/ryedida/bbo_challenge_starter_kit/example_submissions/smoothness/optimizer.py", line 105, in suggest
    betas = [self._get_smoothness_reg(guess) for guess in guesses]
  File "/home/ryedida/bbo_challenge_starter_kit/example_submissions/smoothness/optimizer.py", line 105, in <listcomp>
    betas = [self._get_smoothness_reg(guess) for guess in guesses]
  File "/home/ryedida/bbo_challenge_starter_kit/example_submissions/smoothness/optimizer.py", line 48, in _get_smoothness_reg
    if activ > Kz:
NameError: name 'activ' is not defined
suggestion time taken 0.328297 iter 5 next_points [{'alpha': 2.8679912741144314e-05, 'batch_size': 205, 'beta_1': 0.6016220629235662, 'beta_2': 0.9485158117532982, 'epsilon': 1.2319718944253468e-09, 'hidden_layer_sizes': 112, 'learning_rate_init': 0.00030490767804686164, 'tol': 0.003162266966695027, 'validation_fraction': 0.5058159299821335}]
/home/ryedida/.local/lib/python3.9/site-packages/sklearn/neural_network/_multilayer_perceptron.py:605: UserWarning: Got `batch_size` less than 1 or larger than sample size. It is going to be clipped
  warnings.warn(

function_evaluation time 0.056872 value 151.568163 suggestion {'alpha': 2.8679912741144314e-05, 'batch_size': 205, 'beta_1': 0.6016220629235662, 'beta_2': 0.9485158117532982, 'epsilon': 1.2319718944253468e-09, 'hidden_layer_sizes': 112, 'learning_rate_init': 0.00030490767804686164, 'tol': 0.003162266966695027, 'validation_fraction': 0.5058159299821335}
observation time 0.000006, current best 50.870420 at iter 5
Failure in optimizer suggest. Falling back to random search.
name 'activ' is not defined
Traceback (most recent call last):
  File "/home/ryedida/.local/lib/python3.9/site-packages/bayesmark/experiment.py", line 126, in run_study
    next_points = optimizer.suggest(n_suggestions)
  File "/home/ryedida/bbo_challenge_starter_kit/example_submissions/smoothness/optimizer.py", line 105, in suggest
    betas = [self._get_smoothness_reg(guess) for guess in guesses]
  File "/home/ryedida/bbo_challenge_starter_kit/example_submissions/smoothness/optimizer.py", line 105, in <listcomp>
    betas = [self._get_smoothness_reg(guess) for guess in guesses]
  File "/home/ryedida/bbo_challenge_starter_kit/example_submissions/smoothness/optimizer.py", line 48, in _get_smoothness_reg
    if activ > Kz:
NameError: name 'activ' is not defined
suggestion time taken 0.330136 iter 6 next_points [{'alpha': 3.535622838135341e-05, 'batch_size': 30, 'beta_1': 0.8367856377794858, 'beta_2': 0.9999194848922391, 'epsilon': 5.237280682621075e-09, 'hidden_layer_sizes': 185, 'learning_rate_init': 0.0018674379468697135, 'tol': 0.00012267812253786476, 'validation_fraction': 0.21358421651928383}]
/home/ryedida/.local/lib/python3.9/site-packages/sklearn/neural_network/_multilayer_perceptron.py:686: ConvergenceWarning: Stochastic Optimizer: Maximum iterations (200) reached and the optimization hasn't converged yet.
  warnings.warn(

function_evaluation time 2.497377 value 46.127659 suggestion {'alpha': 3.535622838135341e-05, 'batch_size': 30, 'beta_1': 0.8367856377794858, 'beta_2': 0.9999194848922391, 'epsilon': 5.237280682621075e-09, 'hidden_layer_sizes': 185, 'learning_rate_init': 0.0018674379468697135, 'tol': 0.00012267812253786476, 'validation_fraction': 0.21358421651928383}
observation time 0.000006, current best 46.127659 at iter 6
Failure in optimizer suggest. Falling back to random search.
name 'activ' is not defined
Traceback (most recent call last):
  File "/home/ryedida/.local/lib/python3.9/site-packages/bayesmark/experiment.py", line 126, in run_study
    next_points = optimizer.suggest(n_suggestions)
  File "/home/ryedida/bbo_challenge_starter_kit/example_submissions/smoothness/optimizer.py", line 105, in suggest
    betas = [self._get_smoothness_reg(guess) for guess in guesses]
  File "/home/ryedida/bbo_challenge_starter_kit/example_submissions/smoothness/optimizer.py", line 105, in <listcomp>
    betas = [self._get_smoothness_reg(guess) for guess in guesses]
  File "/home/ryedida/bbo_challenge_starter_kit/example_submissions/smoothness/optimizer.py", line 48, in _get_smoothness_reg
    if activ > Kz:
NameError: name 'activ' is not defined
suggestion time taken 0.484245 iter 7 next_points [{'alpha': 8.469721377044603, 'batch_size': 210, 'beta_1': 0.6192416513286364, 'beta_2': 0.9998950693123078, 'epsilon': 1.1448893525637454e-07, 'hidden_layer_sizes': 53, 'learning_rate_init': 0.0017933556994868612, 'tol': 0.08850972148165041, 'validation_fraction': 0.5200840349473204}]
/home/ryedida/.local/lib/python3.9/site-packages/sklearn/neural_network/_multilayer_perceptron.py:605: UserWarning: Got `batch_size` less than 1 or larger than sample size. It is going to be clipped
  warnings.warn(

function_evaluation time 0.035490 value 151.393975 suggestion {'alpha': 8.469721377044603, 'batch_size': 210, 'beta_1': 0.6192416513286364, 'beta_2': 0.9998950693123078, 'epsilon': 1.1448893525637454e-07, 'hidden_layer_sizes': 53, 'learning_rate_init': 0.0017933556994868612, 'tol': 0.08850972148165041, 'validation_fraction': 0.5200840349473204}
observation time 0.000005, current best 46.127659 at iter 7
Failure in optimizer suggest. Falling back to random search.
name 'activ' is not defined
Traceback (most recent call last):
  File "/home/ryedida/.local/lib/python3.9/site-packages/bayesmark/experiment.py", line 126, in run_study
    next_points = optimizer.suggest(n_suggestions)
  File "/home/ryedida/bbo_challenge_starter_kit/example_submissions/smoothness/optimizer.py", line 105, in suggest
    betas = [self._get_smoothness_reg(guess) for guess in guesses]
  File "/home/ryedida/bbo_challenge_starter_kit/example_submissions/smoothness/optimizer.py", line 105, in <listcomp>
    betas = [self._get_smoothness_reg(guess) for guess in guesses]
  File "/home/ryedida/bbo_challenge_starter_kit/example_submissions/smoothness/optimizer.py", line 48, in _get_smoothness_reg
    if activ > Kz:
NameError: name 'activ' is not defined
suggestion time taken 0.323860 iter 8 next_points [{'alpha': 2.1525825790069167e-05, 'batch_size': 105, 'beta_1': 0.8753814050659765, 'beta_2': 0.9569352747527062, 'epsilon': 2.3888573976051612e-08, 'hidden_layer_sizes': 110, 'learning_rate_init': 0.0031348745885014287, 'tol': 0.0005710585574324786, 'validation_fraction': 0.5346789479580599}]
/home/ryedida/.local/lib/python3.9/site-packages/sklearn/neural_network/_multilayer_perceptron.py:686: ConvergenceWarning: Stochastic Optimizer: Maximum iterations (200) reached and the optimization hasn't converged yet.
  warnings.warn(

function_evaluation time 0.955488 value 71.099666 suggestion {'alpha': 2.1525825790069167e-05, 'batch_size': 105, 'beta_1': 0.8753814050659765, 'beta_2': 0.9569352747527062, 'epsilon': 2.3888573976051612e-08, 'hidden_layer_sizes': 110, 'learning_rate_init': 0.0031348745885014287, 'tol': 0.0005710585574324786, 'validation_fraction': 0.5346789479580599}
observation time 0.000005, current best 46.127659 at iter 8
Failure in optimizer suggest. Falling back to random search.
name 'activ' is not defined
Traceback (most recent call last):
  File "/home/ryedida/.local/lib/python3.9/site-packages/bayesmark/experiment.py", line 126, in run_study
    next_points = optimizer.suggest(n_suggestions)
  File "/home/ryedida/bbo_challenge_starter_kit/example_submissions/smoothness/optimizer.py", line 105, in suggest
    betas = [self._get_smoothness_reg(guess) for guess in guesses]
  File "/home/ryedida/bbo_challenge_starter_kit/example_submissions/smoothness/optimizer.py", line 105, in <listcomp>
    betas = [self._get_smoothness_reg(guess) for guess in guesses]
  File "/home/ryedida/bbo_challenge_starter_kit/example_submissions/smoothness/optimizer.py", line 48, in _get_smoothness_reg
    if activ > Kz:
NameError: name 'activ' is not defined
suggestion time taken 0.327316 iter 9 next_points [{'alpha': 2.6318068528121272e-05, 'batch_size': 132, 'beta_1': 0.9672507996298487, 'beta_2': 0.9997743001595794, 'epsilon': 7.990240419732131e-07, 'hidden_layer_sizes': 116, 'learning_rate_init': 3.822712893449159e-05, 'tol': 0.0013096700872717488, 'validation_fraction': 0.21869472314359403}]
function_evaluation time 0.077784 value 151.505607 suggestion {'alpha': 2.6318068528121272e-05, 'batch_size': 132, 'beta_1': 0.9672507996298487, 'beta_2': 0.9997743001595794, 'epsilon': 7.990240419732131e-07, 'hidden_layer_sizes': 116, 'learning_rate_init': 3.822712893449159e-05, 'tol': 0.0013096700872717488, 'validation_fraction': 0.21869472314359403}
observation time 0.000005, current best 46.127659 at iter 9
Failure in optimizer suggest. Falling back to random search.
name 'activ' is not defined
Traceback (most recent call last):
  File "/home/ryedida/.local/lib/python3.9/site-packages/bayesmark/experiment.py", line 126, in run_study
    next_points = optimizer.suggest(n_suggestions)
  File "/home/ryedida/bbo_challenge_starter_kit/example_submissions/smoothness/optimizer.py", line 105, in suggest
    betas = [self._get_smoothness_reg(guess) for guess in guesses]
  File "/home/ryedida/bbo_challenge_starter_kit/example_submissions/smoothness/optimizer.py", line 105, in <listcomp>
    betas = [self._get_smoothness_reg(guess) for guess in guesses]
  File "/home/ryedida/bbo_challenge_starter_kit/example_submissions/smoothness/optimizer.py", line 48, in _get_smoothness_reg
    if activ > Kz:
NameError: name 'activ' is not defined
suggestion time taken 0.322382 iter 10 next_points [{'alpha': 4.00526020063375e-05, 'batch_size': 32, 'beta_1': 0.9518865063543388, 'beta_2': 0.9996712932082595, 'epsilon': 1.9971619689878778e-08, 'hidden_layer_sizes': 150, 'learning_rate_init': 0.0151644421680731, 'tol': 0.0009025391208743718, 'validation_fraction': 0.15441442533098976}]
function_evaluation time 0.554470 value 45.696780 suggestion {'alpha': 4.00526020063375e-05, 'batch_size': 32, 'beta_1': 0.9518865063543388, 'beta_2': 0.9996712932082595, 'epsilon': 1.9971619689878778e-08, 'hidden_layer_sizes': 150, 'learning_rate_init': 0.0151644421680731, 'tol': 0.0009025391208743718, 'validation_fraction': 0.15441442533098976}
observation time 0.000005, current best 45.696780 at iter 10
Failure in optimizer suggest. Falling back to random search.
name 'activ' is not defined
Traceback (most recent call last):
  File "/home/ryedida/.local/lib/python3.9/site-packages/bayesmark/experiment.py", line 126, in run_study
    next_points = optimizer.suggest(n_suggestions)
  File "/home/ryedida/bbo_challenge_starter_kit/example_submissions/smoothness/optimizer.py", line 105, in suggest
    betas = [self._get_smoothness_reg(guess) for guess in guesses]
  File "/home/ryedida/bbo_challenge_starter_kit/example_submissions/smoothness/optimizer.py", line 105, in <listcomp>
    betas = [self._get_smoothness_reg(guess) for guess in guesses]
  File "/home/ryedida/bbo_challenge_starter_kit/example_submissions/smoothness/optimizer.py", line 48, in _get_smoothness_reg
    if activ > Kz:
NameError: name 'activ' is not defined
suggestion time taken 0.331409 iter 11 next_points [{'alpha': 0.009950872384082732, 'batch_size': 112, 'beta_1': 0.5721179987585716, 'beta_2': 0.9991096424860948, 'epsilon': 1.0852088937422627e-09, 'hidden_layer_sizes': 142, 'learning_rate_init': 0.0020085100763761175, 'tol': 4.238039447615899e-05, 'validation_fraction': 0.7897752017955063}]
/home/ryedida/.local/lib/python3.9/site-packages/sklearn/neural_network/_multilayer_perceptron.py:605: UserWarning: Got `batch_size` less than 1 or larger than sample size. It is going to be clipped
  warnings.warn(

/home/ryedida/.local/lib/python3.9/site-packages/sklearn/neural_network/_multilayer_perceptron.py:686: ConvergenceWarning: Stochastic Optimizer: Maximum iterations (200) reached and the optimization hasn't converged yet.
  warnings.warn(

function_evaluation time 0.724249 value 124.990346 suggestion {'alpha': 0.009950872384082732, 'batch_size': 112, 'beta_1': 0.5721179987585716, 'beta_2': 0.9991096424860948, 'epsilon': 1.0852088937422627e-09, 'hidden_layer_sizes': 142, 'learning_rate_init': 0.0020085100763761175, 'tol': 4.238039447615899e-05, 'validation_fraction': 0.7897752017955063}
observation time 0.000006, current best 45.696780 at iter 11
Failure in optimizer suggest. Falling back to random search.
name 'activ' is not defined
Traceback (most recent call last):
  File "/home/ryedida/.local/lib/python3.9/site-packages/bayesmark/experiment.py", line 126, in run_study
    next_points = optimizer.suggest(n_suggestions)
  File "/home/ryedida/bbo_challenge_starter_kit/example_submissions/smoothness/optimizer.py", line 105, in suggest
    betas = [self._get_smoothness_reg(guess) for guess in guesses]
  File "/home/ryedida/bbo_challenge_starter_kit/example_submissions/smoothness/optimizer.py", line 105, in <listcomp>
    betas = [self._get_smoothness_reg(guess) for guess in guesses]
  File "/home/ryedida/bbo_challenge_starter_kit/example_submissions/smoothness/optimizer.py", line 48, in _get_smoothness_reg
    if activ > Kz:
NameError: name 'activ' is not defined
suggestion time taken 0.328862 iter 12 next_points [{'alpha': 6.114474558207935e-05, 'batch_size': 134, 'beta_1': 0.6706802120515463, 'beta_2': 0.9999929197035501, 'epsilon': 3.0399671552575977e-07, 'hidden_layer_sizes': 82, 'learning_rate_init': 1.8334462094041587e-05, 'tol': 0.0008235071846322663, 'validation_fraction': 0.7274744696613871}]
/home/ryedida/.local/lib/python3.9/site-packages/sklearn/neural_network/_multilayer_perceptron.py:605: UserWarning: Got `batch_size` less than 1 or larger than sample size. It is going to be clipped
  warnings.warn(

function_evaluation time 0.047069 value 151.548468 suggestion {'alpha': 6.114474558207935e-05, 'batch_size': 134, 'beta_1': 0.6706802120515463, 'beta_2': 0.9999929197035501, 'epsilon': 3.0399671552575977e-07, 'hidden_layer_sizes': 82, 'learning_rate_init': 1.8334462094041587e-05, 'tol': 0.0008235071846322663, 'validation_fraction': 0.7274744696613871}
observation time 0.000005, current best 45.696780 at iter 12
Failure in optimizer suggest. Falling back to random search.
name 'activ' is not defined
Traceback (most recent call last):
  File "/home/ryedida/.local/lib/python3.9/site-packages/bayesmark/experiment.py", line 126, in run_study
    next_points = optimizer.suggest(n_suggestions)
  File "/home/ryedida/bbo_challenge_starter_kit/example_submissions/smoothness/optimizer.py", line 105, in suggest
    betas = [self._get_smoothness_reg(guess) for guess in guesses]
  File "/home/ryedida/bbo_challenge_starter_kit/example_submissions/smoothness/optimizer.py", line 105, in <listcomp>
    betas = [self._get_smoothness_reg(guess) for guess in guesses]
  File "/home/ryedida/bbo_challenge_starter_kit/example_submissions/smoothness/optimizer.py", line 48, in _get_smoothness_reg
    if activ > Kz:
NameError: name 'activ' is not defined
suggestion time taken 0.324048 iter 13 next_points [{'alpha': 0.02119341705897742, 'batch_size': 134, 'beta_1': 0.5343747814881417, 'beta_2': 0.9958224614805343, 'epsilon': 1.2056292545633848e-07, 'hidden_layer_sizes': 58, 'learning_rate_init': 0.0016966924181149054, 'tol': 4.7326507967799755e-05, 'validation_fraction': 0.24038148737257306}]
/home/ryedida/.local/lib/python3.9/site-packages/sklearn/neural_network/_multilayer_perceptron.py:686: ConvergenceWarning: Stochastic Optimizer: Maximum iterations (200) reached and the optimization hasn't converged yet.
  warnings.warn(

function_evaluation time 0.594000 value 124.168813 suggestion {'alpha': 0.02119341705897742, 'batch_size': 134, 'beta_1': 0.5343747814881417, 'beta_2': 0.9958224614805343, 'epsilon': 1.2056292545633848e-07, 'hidden_layer_sizes': 58, 'learning_rate_init': 0.0016966924181149054, 'tol': 4.7326507967799755e-05, 'validation_fraction': 0.24038148737257306}
observation time 0.000006, current best 45.696780 at iter 13
Failure in optimizer suggest. Falling back to random search.
name 'activ' is not defined
Traceback (most recent call last):
  File "/home/ryedida/.local/lib/python3.9/site-packages/bayesmark/experiment.py", line 126, in run_study
    next_points = optimizer.suggest(n_suggestions)
  File "/home/ryedida/bbo_challenge_starter_kit/example_submissions/smoothness/optimizer.py", line 105, in suggest
    betas = [self._get_smoothness_reg(guess) for guess in guesses]
  File "/home/ryedida/bbo_challenge_starter_kit/example_submissions/smoothness/optimizer.py", line 105, in <listcomp>
    betas = [self._get_smoothness_reg(guess) for guess in guesses]
  File "/home/ryedida/bbo_challenge_starter_kit/example_submissions/smoothness/optimizer.py", line 48, in _get_smoothness_reg
    if activ > Kz:
NameError: name 'activ' is not defined
suggestion time taken 0.324877 iter 14 next_points [{'alpha': 0.3672607572912758, 'batch_size': 46, 'beta_1': 0.8120723282904505, 'beta_2': 0.9998305719761295, 'epsilon': 5.818354575046052e-07, 'hidden_layer_sizes': 154, 'learning_rate_init': 0.0011132244690082009, 'tol': 0.002234048211293307, 'validation_fraction': 0.8436541662870883}]
function_evaluation time 0.055904 value 151.327191 suggestion {'alpha': 0.3672607572912758, 'batch_size': 46, 'beta_1': 0.8120723282904505, 'beta_2': 0.9998305719761295, 'epsilon': 5.818354575046052e-07, 'hidden_layer_sizes': 154, 'learning_rate_init': 0.0011132244690082009, 'tol': 0.002234048211293307, 'validation_fraction': 0.8436541662870883}
observation time 0.000005, current best 45.696780 at iter 14
saving meta data: {'args': {'--uuid': '662bcf45d0465046985e9a2a979ad40a', '-db-root': '/home/ryedida/bbo_challenge_starter_kit/output', '--opt-root': '/home/ryedida/bbo_challenge_starter_kit/example_submissions', '--data-root': None, '--db': 'run_20230425_055340', '--opt': 'smoothness', '--data': 'diabetes', '--classifier': 'MLP-adam', '--metric': 'mae', '--calls': 15, '--suggestions': 1, '--jobs-file': None, '--verbose': False, 'dry_run': False, 'rev': 'a376313', 'opt_rev': 'x.x.x'}, 'signature': ([{'alpha': 0.019628224813442792, 'batch_size': 182, 'beta_1': 0.9410202200271762, 'beta_2': 0.9998021557676793, 'epsilon': 1.8662266976518e-08, 'hidden_layer_sizes': 147, 'learning_rate_init': 0.0005627932047415167, 'tol': 0.03690557729213761, 'validation_fraction': 0.8846827852548593}, {'alpha': 0.0019982467392329444, 'batch_size': 200, 'beta_1': 0.919111482530466, 'beta_2': 0.9998488260436156, 'epsilon': 5.981221901152555e-07, 'hidden_layer_sizes': 61, 'learning_rate_init': 2.2310905607443014e-05, 'tol': 1.2046852412030316e-05, 'validation_fraction': 0.8117896445826539}, {'alpha': 0.46659545670218433, 'batch_size': 219, 'beta_1': 0.9889789783750891, 'beta_2': 0.9999896868093284, 'epsilon': 2.4234724484675948e-08, 'hidden_layer_sizes': 167, 'learning_rate_init': 2.972334644335654e-05, 'tol': 0.0036281404040243792, 'validation_fraction': 0.17260651658522078}, {'alpha': 4.656005689076002, 'batch_size': 135, 'beta_1': 0.870503881627747, 'beta_2': 0.9948873266941017, 'epsilon': 2.1023308743480125e-07, 'hidden_layer_sizes': 118, 'learning_rate_init': 0.0018781738757161913, 'tol': 1.1889379831773004e-05, 'validation_fraction': 0.6264327093752792}, {'alpha': 0.04705159350400542, 'batch_size': 158, 'beta_1': 0.9870884262730957, 'beta_2': 0.9999596874382349, 'epsilon': 1.1981845126013875e-08, 'hidden_layer_sizes': 116, 'learning_rate_init': 0.00617340520407431, 'tol': 1.741413418158619e-05, 'validation_fraction': 0.6754299026638921}], [151.4971925380264, 151.42763539278994, 151.47026299046811, 136.86202504264318, 75.2055865763391])}
saving results
saving timing
saving suggest log
done
