running: {'--uuid': '77ada96168ef5decb2481d28675ec162', '-db-root': '/home/ryedida/bbo_challenge_starter_kit/output', '--opt-root': '/home/ryedida/bbo_challenge_starter_kit/example_submissions', '--data-root': None, '--db': 'run_20230425_055340', '--opt': 'smoothness', '--data': 'diabetes', '--classifier': 'MLP-adam', '--metric': 'mae', '--calls': 15, '--suggestions': 1, '--jobs-file': None, '--verbose': False, 'dry_run': False, 'rev': 'a376313', 'opt_rev': 'x.x.x'}
cmd: python smoothness/optimizer.py -c MLP-adam -d diabetes -o smoothness -u 77ada96168ef5decb2481d28675ec162 -m mae -n 15 -p 1 -dir /home/ryedida/bbo_challenge_starter_kit/output -b run_20230425_055340
/home/ryedida/.local/lib/python3.9/site-packages/sklearn/neural_network/_multilayer_perceptron.py:605: UserWarning: Got `batch_size` less than 1 or larger than sample size. It is going to be clipped
  warnings.warn(

/home/ryedida/.local/lib/python3.9/site-packages/sklearn/neural_network/_multilayer_perceptron.py:605: UserWarning: Got `batch_size` less than 1 or larger than sample size. It is going to be clipped
  warnings.warn(

/home/ryedida/.local/lib/python3.9/site-packages/sklearn/neural_network/_multilayer_perceptron.py:605: UserWarning: Got `batch_size` less than 1 or larger than sample size. It is going to be clipped
  warnings.warn(

/home/ryedida/.local/lib/python3.9/site-packages/sklearn/neural_network/_multilayer_perceptron.py:686: ConvergenceWarning: Stochastic Optimizer: Maximum iterations (200) reached and the optimization hasn't converged yet.
  warnings.warn(

/home/ryedida/.local/lib/python3.9/site-packages/sklearn/neural_network/_multilayer_perceptron.py:605: UserWarning: Got `batch_size` less than 1 or larger than sample size. It is going to be clipped
  warnings.warn(

/home/ryedida/.local/lib/python3.9/site-packages/sklearn/neural_network/_multilayer_perceptron.py:686: ConvergenceWarning: Stochastic Optimizer: Maximum iterations (200) reached and the optimization hasn't converged yet.
  warnings.warn(

computed signature: ([{'alpha': 0.019628224813442792, 'batch_size': 182, 'beta_1': 0.9410202200271762, 'beta_2': 0.9998021557676793, 'epsilon': 1.8662266976518e-08, 'hidden_layer_sizes': 147, 'learning_rate_init': 0.0005627932047415167, 'tol': 0.03690557729213761, 'validation_fraction': 0.8846827852548593}, {'alpha': 0.0019982467392329444, 'batch_size': 200, 'beta_1': 0.919111482530466, 'beta_2': 0.9998488260436156, 'epsilon': 5.981221901152555e-07, 'hidden_layer_sizes': 61, 'learning_rate_init': 2.2310905607443014e-05, 'tol': 1.2046852412030316e-05, 'validation_fraction': 0.8117896445826539}, {'alpha': 0.46659545670218433, 'batch_size': 219, 'beta_1': 0.9889789783750891, 'beta_2': 0.9999896868093284, 'epsilon': 2.4234724484675948e-08, 'hidden_layer_sizes': 167, 'learning_rate_init': 2.972334644335654e-05, 'tol': 0.0036281404040243792, 'validation_fraction': 0.17260651658522078}, {'alpha': 4.656005689076002, 'batch_size': 135, 'beta_1': 0.870503881627747, 'beta_2': 0.9948873266941017, 'epsilon': 2.1023308743480125e-07, 'hidden_layer_sizes': 118, 'learning_rate_init': 0.0018781738757161913, 'tol': 1.1889379831773004e-05, 'validation_fraction': 0.6264327093752792}, {'alpha': 0.04705159350400542, 'batch_size': 158, 'beta_1': 0.9870884262730957, 'beta_2': 0.9999596874382349, 'epsilon': 1.1981845126013875e-08, 'hidden_layer_sizes': 116, 'learning_rate_init': 0.00617340520407431, 'tol': 1.741413418158619e-05, 'validation_fraction': 0.6754299026638921}], [151.4971925380264, 151.42763539278994, 151.47026299046811, 136.86202504264318, 75.2055865763391])
Signature errors:
                                  0             1             2         3         4       max
MLP-adam_diabetes_mae  1.919244e-08  6.198704e-08  7.624578e-09  0.000007  0.000034  0.000034
max                    1.919244e-08  6.198704e-08  7.624578e-09  0.000007  0.000034  0.000034
starting sklearn study smoothness MLP-adam diabetes mae 15 1
with data root: None
Failure in optimizer suggest. Falling back to random search.
name 'activ' is not defined
Traceback (most recent call last):
  File "/home/ryedida/.local/lib/python3.9/site-packages/bayesmark/experiment.py", line 126, in run_study
    next_points = optimizer.suggest(n_suggestions)
  File "/home/ryedida/bbo_challenge_starter_kit/example_submissions/smoothness/optimizer.py", line 105, in suggest
    betas = [self._get_smoothness_reg(guess) for guess in guesses]
  File "/home/ryedida/bbo_challenge_starter_kit/example_submissions/smoothness/optimizer.py", line 105, in <listcomp>
    betas = [self._get_smoothness_reg(guess) for guess in guesses]
  File "/home/ryedida/bbo_challenge_starter_kit/example_submissions/smoothness/optimizer.py", line 48, in _get_smoothness_reg
    if activ > Kz:
NameError: name 'activ' is not defined
suggestion time taken 0.492862 iter 0 next_points [{'alpha': 0.7286202457136814, 'batch_size': 130, 'beta_1': 0.9861379738480367, 'beta_2': 0.9942561915943782, 'epsilon': 4.9998674964705575e-08, 'hidden_layer_sizes': 133, 'learning_rate_init': 0.03943231709840881, 'tol': 0.007593514352297342, 'validation_fraction': 0.1757761198487949}]
function_evaluation time 0.231198 value 55.138494 suggestion {'alpha': 0.7286202457136814, 'batch_size': 130, 'beta_1': 0.9861379738480367, 'beta_2': 0.9942561915943782, 'epsilon': 4.9998674964705575e-08, 'hidden_layer_sizes': 133, 'learning_rate_init': 0.03943231709840881, 'tol': 0.007593514352297342, 'validation_fraction': 0.1757761198487949}
observation time 0.000007, current best 55.138494 at iter 0
Failure in optimizer suggest. Falling back to random search.
name 'activ' is not defined
Traceback (most recent call last):
  File "/home/ryedida/.local/lib/python3.9/site-packages/bayesmark/experiment.py", line 126, in run_study
    next_points = optimizer.suggest(n_suggestions)
  File "/home/ryedida/bbo_challenge_starter_kit/example_submissions/smoothness/optimizer.py", line 105, in suggest
    betas = [self._get_smoothness_reg(guess) for guess in guesses]
  File "/home/ryedida/bbo_challenge_starter_kit/example_submissions/smoothness/optimizer.py", line 105, in <listcomp>
    betas = [self._get_smoothness_reg(guess) for guess in guesses]
  File "/home/ryedida/bbo_challenge_starter_kit/example_submissions/smoothness/optimizer.py", line 48, in _get_smoothness_reg
    if activ > Kz:
NameError: name 'activ' is not defined
suggestion time taken 0.345992 iter 1 next_points [{'alpha': 6.4982728189494505, 'batch_size': 149, 'beta_1': 0.8431867092457296, 'beta_2': 0.9988223232990402, 'epsilon': 3.701192159850935e-09, 'hidden_layer_sizes': 148, 'learning_rate_init': 1.1746456861170798e-05, 'tol': 0.0007853610889948247, 'validation_fraction': 0.5888260430513576}]
/home/ryedida/.local/lib/python3.9/site-packages/sklearn/neural_network/_multilayer_perceptron.py:605: UserWarning: Got `batch_size` less than 1 or larger than sample size. It is going to be clipped
  warnings.warn(

function_evaluation time 0.060378 value 151.637597 suggestion {'alpha': 6.4982728189494505, 'batch_size': 149, 'beta_1': 0.8431867092457296, 'beta_2': 0.9988223232990402, 'epsilon': 3.701192159850935e-09, 'hidden_layer_sizes': 148, 'learning_rate_init': 1.1746456861170798e-05, 'tol': 0.0007853610889948247, 'validation_fraction': 0.5888260430513576}
observation time 0.000006, current best 55.138494 at iter 1
Failure in optimizer suggest. Falling back to random search.
name 'activ' is not defined
Traceback (most recent call last):
  File "/home/ryedida/.local/lib/python3.9/site-packages/bayesmark/experiment.py", line 126, in run_study
    next_points = optimizer.suggest(n_suggestions)
  File "/home/ryedida/bbo_challenge_starter_kit/example_submissions/smoothness/optimizer.py", line 105, in suggest
    betas = [self._get_smoothness_reg(guess) for guess in guesses]
  File "/home/ryedida/bbo_challenge_starter_kit/example_submissions/smoothness/optimizer.py", line 105, in <listcomp>
    betas = [self._get_smoothness_reg(guess) for guess in guesses]
  File "/home/ryedida/bbo_challenge_starter_kit/example_submissions/smoothness/optimizer.py", line 48, in _get_smoothness_reg
    if activ > Kz:
NameError: name 'activ' is not defined
suggestion time taken 0.330538 iter 2 next_points [{'alpha': 0.012379814201838407, 'batch_size': 216, 'beta_1': 0.8372747624474196, 'beta_2': 0.9997031132889239, 'epsilon': 8.751460081773867e-09, 'hidden_layer_sizes': 88, 'learning_rate_init': 0.00018318443176741086, 'tol': 0.0010103490083108663, 'validation_fraction': 0.5737030992281072}]
/home/ryedida/.local/lib/python3.9/site-packages/sklearn/neural_network/_multilayer_perceptron.py:605: UserWarning: Got `batch_size` less than 1 or larger than sample size. It is going to be clipped
  warnings.warn(

function_evaluation time 0.050516 value 151.657429 suggestion {'alpha': 0.012379814201838407, 'batch_size': 216, 'beta_1': 0.8372747624474196, 'beta_2': 0.9997031132889239, 'epsilon': 8.751460081773867e-09, 'hidden_layer_sizes': 88, 'learning_rate_init': 0.00018318443176741086, 'tol': 0.0010103490083108663, 'validation_fraction': 0.5737030992281072}
observation time 0.000006, current best 55.138494 at iter 2
Failure in optimizer suggest. Falling back to random search.
name 'activ' is not defined
Traceback (most recent call last):
  File "/home/ryedida/.local/lib/python3.9/site-packages/bayesmark/experiment.py", line 126, in run_study
    next_points = optimizer.suggest(n_suggestions)
  File "/home/ryedida/bbo_challenge_starter_kit/example_submissions/smoothness/optimizer.py", line 105, in suggest
    betas = [self._get_smoothness_reg(guess) for guess in guesses]
  File "/home/ryedida/bbo_challenge_starter_kit/example_submissions/smoothness/optimizer.py", line 105, in <listcomp>
    betas = [self._get_smoothness_reg(guess) for guess in guesses]
  File "/home/ryedida/bbo_challenge_starter_kit/example_submissions/smoothness/optimizer.py", line 48, in _get_smoothness_reg
    if activ > Kz:
NameError: name 'activ' is not defined
suggestion time taken 0.330309 iter 3 next_points [{'alpha': 0.0016857224594974734, 'batch_size': 249, 'beta_1': 0.8385876982851211, 'beta_2': 0.9999930955258942, 'epsilon': 3.971466281541904e-09, 'hidden_layer_sizes': 119, 'learning_rate_init': 1.6746841916548175e-05, 'tol': 0.0009340399814855817, 'validation_fraction': 0.30614148529158774}]
/home/ryedida/.local/lib/python3.9/site-packages/sklearn/neural_network/_multilayer_perceptron.py:605: UserWarning: Got `batch_size` less than 1 or larger than sample size. It is going to be clipped
  warnings.warn(

function_evaluation time 0.062908 value 151.786717 suggestion {'alpha': 0.0016857224594974734, 'batch_size': 249, 'beta_1': 0.8385876982851211, 'beta_2': 0.9999930955258942, 'epsilon': 3.971466281541904e-09, 'hidden_layer_sizes': 119, 'learning_rate_init': 1.6746841916548175e-05, 'tol': 0.0009340399814855817, 'validation_fraction': 0.30614148529158774}
observation time 0.000007, current best 55.138494 at iter 3
Failure in optimizer suggest. Falling back to random search.
name 'activ' is not defined
Traceback (most recent call last):
  File "/home/ryedida/.local/lib/python3.9/site-packages/bayesmark/experiment.py", line 126, in run_study
    next_points = optimizer.suggest(n_suggestions)
  File "/home/ryedida/bbo_challenge_starter_kit/example_submissions/smoothness/optimizer.py", line 105, in suggest
    betas = [self._get_smoothness_reg(guess) for guess in guesses]
  File "/home/ryedida/bbo_challenge_starter_kit/example_submissions/smoothness/optimizer.py", line 105, in <listcomp>
    betas = [self._get_smoothness_reg(guess) for guess in guesses]
  File "/home/ryedida/bbo_challenge_starter_kit/example_submissions/smoothness/optimizer.py", line 48, in _get_smoothness_reg
    if activ > Kz:
NameError: name 'activ' is not defined
suggestion time taken 0.326367 iter 4 next_points [{'alpha': 3.899056954656027, 'batch_size': 75, 'beta_1': 0.9370616241528748, 'beta_2': 0.9996969722896224, 'epsilon': 1.4907218544502566e-08, 'hidden_layer_sizes': 94, 'learning_rate_init': 0.0015838086645947938, 'tol': 0.013915018937437379, 'validation_fraction': 0.7360369786059714}]
function_evaluation time 0.049449 value 151.407263 suggestion {'alpha': 3.899056954656027, 'batch_size': 75, 'beta_1': 0.9370616241528748, 'beta_2': 0.9996969722896224, 'epsilon': 1.4907218544502566e-08, 'hidden_layer_sizes': 94, 'learning_rate_init': 0.0015838086645947938, 'tol': 0.013915018937437379, 'validation_fraction': 0.7360369786059714}
observation time 0.000006, current best 55.138494 at iter 4
Failure in optimizer suggest. Falling back to random search.
name 'activ' is not defined
Traceback (most recent call last):
  File "/home/ryedida/.local/lib/python3.9/site-packages/bayesmark/experiment.py", line 126, in run_study
    next_points = optimizer.suggest(n_suggestions)
  File "/home/ryedida/bbo_challenge_starter_kit/example_submissions/smoothness/optimizer.py", line 105, in suggest
    betas = [self._get_smoothness_reg(guess) for guess in guesses]
  File "/home/ryedida/bbo_challenge_starter_kit/example_submissions/smoothness/optimizer.py", line 105, in <listcomp>
    betas = [self._get_smoothness_reg(guess) for guess in guesses]
  File "/home/ryedida/bbo_challenge_starter_kit/example_submissions/smoothness/optimizer.py", line 48, in _get_smoothness_reg
    if activ > Kz:
NameError: name 'activ' is not defined
suggestion time taken 0.326024 iter 5 next_points [{'alpha': 3.2720373736381556e-05, 'batch_size': 157, 'beta_1': 0.9523615589914567, 'beta_2': 0.9999591061556312, 'epsilon': 2.4969703058304417e-08, 'hidden_layer_sizes': 169, 'learning_rate_init': 6.68207634305894e-05, 'tol': 0.00014817590839111166, 'validation_fraction': 0.46453431055598376}]
function_evaluation time 0.069486 value 151.523460 suggestion {'alpha': 3.2720373736381556e-05, 'batch_size': 157, 'beta_1': 0.9523615589914567, 'beta_2': 0.9999591061556312, 'epsilon': 2.4969703058304417e-08, 'hidden_layer_sizes': 169, 'learning_rate_init': 6.68207634305894e-05, 'tol': 0.00014817590839111166, 'validation_fraction': 0.46453431055598376}
observation time 0.000005, current best 55.138494 at iter 5
Failure in optimizer suggest. Falling back to random search.
name 'activ' is not defined
Traceback (most recent call last):
  File "/home/ryedida/.local/lib/python3.9/site-packages/bayesmark/experiment.py", line 126, in run_study
    next_points = optimizer.suggest(n_suggestions)
  File "/home/ryedida/bbo_challenge_starter_kit/example_submissions/smoothness/optimizer.py", line 105, in suggest
    betas = [self._get_smoothness_reg(guess) for guess in guesses]
  File "/home/ryedida/bbo_challenge_starter_kit/example_submissions/smoothness/optimizer.py", line 105, in <listcomp>
    betas = [self._get_smoothness_reg(guess) for guess in guesses]
  File "/home/ryedida/bbo_challenge_starter_kit/example_submissions/smoothness/optimizer.py", line 48, in _get_smoothness_reg
    if activ > Kz:
NameError: name 'activ' is not defined
suggestion time taken 0.330525 iter 6 next_points [{'alpha': 1.2349019063341657, 'batch_size': 66, 'beta_1': 0.9345432490956528, 'beta_2': 0.9919480284566292, 'epsilon': 5.772718080919544e-07, 'hidden_layer_sizes': 54, 'learning_rate_init': 2.469001723283824e-05, 'tol': 1.6569450107074435e-05, 'validation_fraction': 0.8252228652452803}]
/home/ryedida/.local/lib/python3.9/site-packages/sklearn/neural_network/_multilayer_perceptron.py:605: UserWarning: Got `batch_size` less than 1 or larger than sample size. It is going to be clipped
  warnings.warn(

function_evaluation time 0.042398 value 151.678641 suggestion {'alpha': 1.2349019063341657, 'batch_size': 66, 'beta_1': 0.9345432490956528, 'beta_2': 0.9919480284566292, 'epsilon': 5.772718080919544e-07, 'hidden_layer_sizes': 54, 'learning_rate_init': 2.469001723283824e-05, 'tol': 1.6569450107074435e-05, 'validation_fraction': 0.8252228652452803}
observation time 0.000006, current best 55.138494 at iter 6
Failure in optimizer suggest. Falling back to random search.
name 'activ' is not defined
Traceback (most recent call last):
  File "/home/ryedida/.local/lib/python3.9/site-packages/bayesmark/experiment.py", line 126, in run_study
    next_points = optimizer.suggest(n_suggestions)
  File "/home/ryedida/bbo_challenge_starter_kit/example_submissions/smoothness/optimizer.py", line 105, in suggest
    betas = [self._get_smoothness_reg(guess) for guess in guesses]
  File "/home/ryedida/bbo_challenge_starter_kit/example_submissions/smoothness/optimizer.py", line 105, in <listcomp>
    betas = [self._get_smoothness_reg(guess) for guess in guesses]
  File "/home/ryedida/bbo_challenge_starter_kit/example_submissions/smoothness/optimizer.py", line 48, in _get_smoothness_reg
    if activ > Kz:
NameError: name 'activ' is not defined
suggestion time taken 0.456560 iter 7 next_points [{'alpha': 0.0005912214813799608, 'batch_size': 184, 'beta_1': 0.567626850955903, 'beta_2': 0.9999187390101426, 'epsilon': 1.1527250051563155e-08, 'hidden_layer_sizes': 98, 'learning_rate_init': 0.0006590491372208912, 'tol': 0.05601597274614323, 'validation_fraction': 0.31978773587889087}]
function_evaluation time 0.071947 value 151.414469 suggestion {'alpha': 0.0005912214813799608, 'batch_size': 184, 'beta_1': 0.567626850955903, 'beta_2': 0.9999187390101426, 'epsilon': 1.1527250051563155e-08, 'hidden_layer_sizes': 98, 'learning_rate_init': 0.0006590491372208912, 'tol': 0.05601597274614323, 'validation_fraction': 0.31978773587889087}
observation time 0.000005, current best 55.138494 at iter 7
Failure in optimizer suggest. Falling back to random search.
name 'activ' is not defined
Traceback (most recent call last):
  File "/home/ryedida/.local/lib/python3.9/site-packages/bayesmark/experiment.py", line 126, in run_study
    next_points = optimizer.suggest(n_suggestions)
  File "/home/ryedida/bbo_challenge_starter_kit/example_submissions/smoothness/optimizer.py", line 105, in suggest
    betas = [self._get_smoothness_reg(guess) for guess in guesses]
  File "/home/ryedida/bbo_challenge_starter_kit/example_submissions/smoothness/optimizer.py", line 105, in <listcomp>
    betas = [self._get_smoothness_reg(guess) for guess in guesses]
  File "/home/ryedida/bbo_challenge_starter_kit/example_submissions/smoothness/optimizer.py", line 48, in _get_smoothness_reg
    if activ > Kz:
NameError: name 'activ' is not defined
suggestion time taken 0.325607 iter 8 next_points [{'alpha': 0.0004608066153606087, 'batch_size': 71, 'beta_1': 0.975317198011581, 'beta_2': 0.9999941806152254, 'epsilon': 7.288015910818284e-07, 'hidden_layer_sizes': 78, 'learning_rate_init': 0.0008529204530621511, 'tol': 0.012012637583020938, 'validation_fraction': 0.20712281859931508}]
function_evaluation time 0.062574 value 151.134299 suggestion {'alpha': 0.0004608066153606087, 'batch_size': 71, 'beta_1': 0.975317198011581, 'beta_2': 0.9999941806152254, 'epsilon': 7.288015910818284e-07, 'hidden_layer_sizes': 78, 'learning_rate_init': 0.0008529204530621511, 'tol': 0.012012637583020938, 'validation_fraction': 0.20712281859931508}
observation time 0.000006, current best 55.138494 at iter 8
Failure in optimizer suggest. Falling back to random search.
name 'activ' is not defined
Traceback (most recent call last):
  File "/home/ryedida/.local/lib/python3.9/site-packages/bayesmark/experiment.py", line 126, in run_study
    next_points = optimizer.suggest(n_suggestions)
  File "/home/ryedida/bbo_challenge_starter_kit/example_submissions/smoothness/optimizer.py", line 105, in suggest
    betas = [self._get_smoothness_reg(guess) for guess in guesses]
  File "/home/ryedida/bbo_challenge_starter_kit/example_submissions/smoothness/optimizer.py", line 105, in <listcomp>
    betas = [self._get_smoothness_reg(guess) for guess in guesses]
  File "/home/ryedida/bbo_challenge_starter_kit/example_submissions/smoothness/optimizer.py", line 48, in _get_smoothness_reg
    if activ > Kz:
NameError: name 'activ' is not defined
suggestion time taken 0.325342 iter 9 next_points [{'alpha': 0.8643692988411747, 'batch_size': 205, 'beta_1': 0.9496614235550921, 'beta_2': 0.9999985681693688, 'epsilon': 1.884667495222836e-08, 'hidden_layer_sizes': 117, 'learning_rate_init': 1.9810678310586144e-05, 'tol': 0.007489899676518575, 'validation_fraction': 0.1130318644820094}]
function_evaluation time 0.079312 value 151.613909 suggestion {'alpha': 0.8643692988411747, 'batch_size': 205, 'beta_1': 0.9496614235550921, 'beta_2': 0.9999985681693688, 'epsilon': 1.884667495222836e-08, 'hidden_layer_sizes': 117, 'learning_rate_init': 1.9810678310586144e-05, 'tol': 0.007489899676518575, 'validation_fraction': 0.1130318644820094}
observation time 0.000005, current best 55.138494 at iter 9
Failure in optimizer suggest. Falling back to random search.
name 'activ' is not defined
Traceback (most recent call last):
  File "/home/ryedida/.local/lib/python3.9/site-packages/bayesmark/experiment.py", line 126, in run_study
    next_points = optimizer.suggest(n_suggestions)
  File "/home/ryedida/bbo_challenge_starter_kit/example_submissions/smoothness/optimizer.py", line 105, in suggest
    betas = [self._get_smoothness_reg(guess) for guess in guesses]
  File "/home/ryedida/bbo_challenge_starter_kit/example_submissions/smoothness/optimizer.py", line 105, in <listcomp>
    betas = [self._get_smoothness_reg(guess) for guess in guesses]
  File "/home/ryedida/bbo_challenge_starter_kit/example_submissions/smoothness/optimizer.py", line 48, in _get_smoothness_reg
    if activ > Kz:
NameError: name 'activ' is not defined
suggestion time taken 0.322497 iter 10 next_points [{'alpha': 0.00469837967954264, 'batch_size': 190, 'beta_1': 0.9731035721319197, 'beta_2': 0.9995868906121781, 'epsilon': 2.136936715136655e-07, 'hidden_layer_sizes': 138, 'learning_rate_init': 0.0003146847540891189, 'tol': 1.2911132087390812e-05, 'validation_fraction': 0.8574583857584865}]
/home/ryedida/.local/lib/python3.9/site-packages/sklearn/neural_network/_multilayer_perceptron.py:605: UserWarning: Got `batch_size` less than 1 or larger than sample size. It is going to be clipped
  warnings.warn(

/home/ryedida/.local/lib/python3.9/site-packages/sklearn/neural_network/_multilayer_perceptron.py:686: ConvergenceWarning: Stochastic Optimizer: Maximum iterations (200) reached and the optimization hasn't converged yet.
  warnings.warn(

function_evaluation time 0.707542 value 150.484899 suggestion {'alpha': 0.00469837967954264, 'batch_size': 190, 'beta_1': 0.9731035721319197, 'beta_2': 0.9995868906121781, 'epsilon': 2.136936715136655e-07, 'hidden_layer_sizes': 138, 'learning_rate_init': 0.0003146847540891189, 'tol': 1.2911132087390812e-05, 'validation_fraction': 0.8574583857584865}
observation time 0.000006, current best 55.138494 at iter 10
Failure in optimizer suggest. Falling back to random search.
name 'activ' is not defined
Traceback (most recent call last):
  File "/home/ryedida/.local/lib/python3.9/site-packages/bayesmark/experiment.py", line 126, in run_study
    next_points = optimizer.suggest(n_suggestions)
  File "/home/ryedida/bbo_challenge_starter_kit/example_submissions/smoothness/optimizer.py", line 105, in suggest
    betas = [self._get_smoothness_reg(guess) for guess in guesses]
  File "/home/ryedida/bbo_challenge_starter_kit/example_submissions/smoothness/optimizer.py", line 105, in <listcomp>
    betas = [self._get_smoothness_reg(guess) for guess in guesses]
  File "/home/ryedida/bbo_challenge_starter_kit/example_submissions/smoothness/optimizer.py", line 48, in _get_smoothness_reg
    if activ > Kz:
NameError: name 'activ' is not defined
suggestion time taken 0.321792 iter 11 next_points [{'alpha': 2.0519337761975196, 'batch_size': 100, 'beta_1': 0.9474125675810066, 'beta_2': 0.9999962929975981, 'epsilon': 8.648944921225851e-07, 'hidden_layer_sizes': 114, 'learning_rate_init': 0.07126592736528611, 'tol': 0.00377990350140306, 'validation_fraction': 0.8735795524332336}]
/home/ryedida/.local/lib/python3.9/site-packages/sklearn/neural_network/_multilayer_perceptron.py:605: UserWarning: Got `batch_size` less than 1 or larger than sample size. It is going to be clipped
  warnings.warn(

function_evaluation time 0.139363 value 58.788181 suggestion {'alpha': 2.0519337761975196, 'batch_size': 100, 'beta_1': 0.9474125675810066, 'beta_2': 0.9999962929975981, 'epsilon': 8.648944921225851e-07, 'hidden_layer_sizes': 114, 'learning_rate_init': 0.07126592736528611, 'tol': 0.00377990350140306, 'validation_fraction': 0.8735795524332336}
observation time 0.000005, current best 55.138494 at iter 11
Failure in optimizer suggest. Falling back to random search.
name 'activ' is not defined
Traceback (most recent call last):
  File "/home/ryedida/.local/lib/python3.9/site-packages/bayesmark/experiment.py", line 126, in run_study
    next_points = optimizer.suggest(n_suggestions)
  File "/home/ryedida/bbo_challenge_starter_kit/example_submissions/smoothness/optimizer.py", line 105, in suggest
    betas = [self._get_smoothness_reg(guess) for guess in guesses]
  File "/home/ryedida/bbo_challenge_starter_kit/example_submissions/smoothness/optimizer.py", line 105, in <listcomp>
    betas = [self._get_smoothness_reg(guess) for guess in guesses]
  File "/home/ryedida/bbo_challenge_starter_kit/example_submissions/smoothness/optimizer.py", line 48, in _get_smoothness_reg
    if activ > Kz:
NameError: name 'activ' is not defined
suggestion time taken 0.321058 iter 12 next_points [{'alpha': 4.866974379547119e-05, 'batch_size': 49, 'beta_1': 0.9047564782339469, 'beta_2': 0.9999969309717356, 'epsilon': 7.989599007446915e-09, 'hidden_layer_sizes': 142, 'learning_rate_init': 0.07955081744770587, 'tol': 0.00010107131042069685, 'validation_fraction': 0.5398471068471931}]
function_evaluation time 0.257561 value 45.259029 suggestion {'alpha': 4.866974379547119e-05, 'batch_size': 49, 'beta_1': 0.9047564782339469, 'beta_2': 0.9999969309717356, 'epsilon': 7.989599007446915e-09, 'hidden_layer_sizes': 142, 'learning_rate_init': 0.07955081744770587, 'tol': 0.00010107131042069685, 'validation_fraction': 0.5398471068471931}
observation time 0.000006, current best 45.259029 at iter 12
Failure in optimizer suggest. Falling back to random search.
name 'activ' is not defined
Traceback (most recent call last):
  File "/home/ryedida/.local/lib/python3.9/site-packages/bayesmark/experiment.py", line 126, in run_study
    next_points = optimizer.suggest(n_suggestions)
  File "/home/ryedida/bbo_challenge_starter_kit/example_submissions/smoothness/optimizer.py", line 105, in suggest
    betas = [self._get_smoothness_reg(guess) for guess in guesses]
  File "/home/ryedida/bbo_challenge_starter_kit/example_submissions/smoothness/optimizer.py", line 105, in <listcomp>
    betas = [self._get_smoothness_reg(guess) for guess in guesses]
  File "/home/ryedida/bbo_challenge_starter_kit/example_submissions/smoothness/optimizer.py", line 48, in _get_smoothness_reg
    if activ > Kz:
NameError: name 'activ' is not defined
suggestion time taken 0.323922 iter 13 next_points [{'alpha': 0.11348471290369151, 'batch_size': 235, 'beta_1': 0.8457276550455614, 'beta_2': 0.9997742234959542, 'epsilon': 4.2234422236478165e-07, 'hidden_layer_sizes': 65, 'learning_rate_init': 0.0010130092619454656, 'tol': 0.04540772703578905, 'validation_fraction': 0.27469976397320633}]
function_evaluation time 0.055268 value 151.446339 suggestion {'alpha': 0.11348471290369151, 'batch_size': 235, 'beta_1': 0.8457276550455614, 'beta_2': 0.9997742234959542, 'epsilon': 4.2234422236478165e-07, 'hidden_layer_sizes': 65, 'learning_rate_init': 0.0010130092619454656, 'tol': 0.04540772703578905, 'validation_fraction': 0.27469976397320633}
observation time 0.000006, current best 45.259029 at iter 13
Failure in optimizer suggest. Falling back to random search.
name 'activ' is not defined
Traceback (most recent call last):
  File "/home/ryedida/.local/lib/python3.9/site-packages/bayesmark/experiment.py", line 126, in run_study
    next_points = optimizer.suggest(n_suggestions)
  File "/home/ryedida/bbo_challenge_starter_kit/example_submissions/smoothness/optimizer.py", line 105, in suggest
    betas = [self._get_smoothness_reg(guess) for guess in guesses]
  File "/home/ryedida/bbo_challenge_starter_kit/example_submissions/smoothness/optimizer.py", line 105, in <listcomp>
    betas = [self._get_smoothness_reg(guess) for guess in guesses]
  File "/home/ryedida/bbo_challenge_starter_kit/example_submissions/smoothness/optimizer.py", line 48, in _get_smoothness_reg
    if activ > Kz:
NameError: name 'activ' is not defined
suggestion time taken 0.325152 iter 14 next_points [{'alpha': 0.0069158717862150875, 'batch_size': 73, 'beta_1': 0.9892742598774851, 'beta_2': 0.9488189323877492, 'epsilon': 5.6591325221936524e-08, 'hidden_layer_sizes': 180, 'learning_rate_init': 0.09453539069766093, 'tol': 4.156253516383123e-05, 'validation_fraction': 0.7893643490316071}]
function_evaluation time 0.123504 value 57.276918 suggestion {'alpha': 0.0069158717862150875, 'batch_size': 73, 'beta_1': 0.9892742598774851, 'beta_2': 0.9488189323877492, 'epsilon': 5.6591325221936524e-08, 'hidden_layer_sizes': 180, 'learning_rate_init': 0.09453539069766093, 'tol': 4.156253516383123e-05, 'validation_fraction': 0.7893643490316071}
observation time 0.000006, current best 45.259029 at iter 14
saving meta data: {'args': {'--uuid': '77ada96168ef5decb2481d28675ec162', '-db-root': '/home/ryedida/bbo_challenge_starter_kit/output', '--opt-root': '/home/ryedida/bbo_challenge_starter_kit/example_submissions', '--data-root': None, '--db': 'run_20230425_055340', '--opt': 'smoothness', '--data': 'diabetes', '--classifier': 'MLP-adam', '--metric': 'mae', '--calls': 15, '--suggestions': 1, '--jobs-file': None, '--verbose': False, 'dry_run': False, 'rev': 'a376313', 'opt_rev': 'x.x.x'}, 'signature': ([{'alpha': 0.019628224813442792, 'batch_size': 182, 'beta_1': 0.9410202200271762, 'beta_2': 0.9998021557676793, 'epsilon': 1.8662266976518e-08, 'hidden_layer_sizes': 147, 'learning_rate_init': 0.0005627932047415167, 'tol': 0.03690557729213761, 'validation_fraction': 0.8846827852548593}, {'alpha': 0.0019982467392329444, 'batch_size': 200, 'beta_1': 0.919111482530466, 'beta_2': 0.9998488260436156, 'epsilon': 5.981221901152555e-07, 'hidden_layer_sizes': 61, 'learning_rate_init': 2.2310905607443014e-05, 'tol': 1.2046852412030316e-05, 'validation_fraction': 0.8117896445826539}, {'alpha': 0.46659545670218433, 'batch_size': 219, 'beta_1': 0.9889789783750891, 'beta_2': 0.9999896868093284, 'epsilon': 2.4234724484675948e-08, 'hidden_layer_sizes': 167, 'learning_rate_init': 2.972334644335654e-05, 'tol': 0.0036281404040243792, 'validation_fraction': 0.17260651658522078}, {'alpha': 4.656005689076002, 'batch_size': 135, 'beta_1': 0.870503881627747, 'beta_2': 0.9948873266941017, 'epsilon': 2.1023308743480125e-07, 'hidden_layer_sizes': 118, 'learning_rate_init': 0.0018781738757161913, 'tol': 1.1889379831773004e-05, 'validation_fraction': 0.6264327093752792}, {'alpha': 0.04705159350400542, 'batch_size': 158, 'beta_1': 0.9870884262730957, 'beta_2': 0.9999596874382349, 'epsilon': 1.1981845126013875e-08, 'hidden_layer_sizes': 116, 'learning_rate_init': 0.00617340520407431, 'tol': 1.741413418158619e-05, 'validation_fraction': 0.6754299026638921}], [151.4971925380264, 151.42763539278994, 151.47026299046811, 136.86202504264318, 75.2055865763391])}
saving results
saving timing
saving suggest log
done
