running: {'--uuid': '83bf476e48e25ee7be7ed942703dde63', '-db-root': '/home/ryedida/bbo_challenge_starter_kit/output', '--opt-root': '/home/ryedida/bbo_challenge_starter_kit/example_submissions', '--data-root': None, '--db': 'run_20230425_055340', '--opt': 'smoothness', '--data': 'diabetes', '--classifier': 'MLP-adam', '--metric': 'mse', '--calls': 15, '--suggestions': 1, '--jobs-file': None, '--verbose': False, 'dry_run': False, 'rev': 'a376313', 'opt_rev': 'x.x.x'}
cmd: python smoothness/optimizer.py -c MLP-adam -d diabetes -o smoothness -u 83bf476e48e25ee7be7ed942703dde63 -m mse -n 15 -p 1 -dir /home/ryedida/bbo_challenge_starter_kit/output -b run_20230425_055340
/home/ryedida/.local/lib/python3.9/site-packages/sklearn/neural_network/_multilayer_perceptron.py:605: UserWarning: Got `batch_size` less than 1 or larger than sample size. It is going to be clipped
  warnings.warn(

/home/ryedida/.local/lib/python3.9/site-packages/sklearn/neural_network/_multilayer_perceptron.py:605: UserWarning: Got `batch_size` less than 1 or larger than sample size. It is going to be clipped
  warnings.warn(

/home/ryedida/.local/lib/python3.9/site-packages/sklearn/neural_network/_multilayer_perceptron.py:605: UserWarning: Got `batch_size` less than 1 or larger than sample size. It is going to be clipped
  warnings.warn(

/home/ryedida/.local/lib/python3.9/site-packages/sklearn/neural_network/_multilayer_perceptron.py:686: ConvergenceWarning: Stochastic Optimizer: Maximum iterations (200) reached and the optimization hasn't converged yet.
  warnings.warn(

/home/ryedida/.local/lib/python3.9/site-packages/sklearn/neural_network/_multilayer_perceptron.py:605: UserWarning: Got `batch_size` less than 1 or larger than sample size. It is going to be clipped
  warnings.warn(

/home/ryedida/.local/lib/python3.9/site-packages/sklearn/neural_network/_multilayer_perceptron.py:686: ConvergenceWarning: Stochastic Optimizer: Maximum iterations (200) reached and the optimization hasn't converged yet.
  warnings.warn(

computed signature: ([{'alpha': 0.019628224813442792, 'batch_size': 182, 'beta_1': 0.9410202200271762, 'beta_2': 0.9998021557676793, 'epsilon': 1.8662266976518e-08, 'hidden_layer_sizes': 147, 'learning_rate_init': 0.0005627932047415167, 'tol': 0.03690557729213761, 'validation_fraction': 0.8846827852548593}, {'alpha': 0.0019982467392329444, 'batch_size': 200, 'beta_1': 0.919111482530466, 'beta_2': 0.9998488260436156, 'epsilon': 5.981221901152555e-07, 'hidden_layer_sizes': 61, 'learning_rate_init': 2.2310905607443014e-05, 'tol': 1.2046852412030316e-05, 'validation_fraction': 0.8117896445826539}, {'alpha': 0.46659545670218433, 'batch_size': 219, 'beta_1': 0.9889789783750891, 'beta_2': 0.9999896868093284, 'epsilon': 2.4234724484675948e-08, 'hidden_layer_sizes': 167, 'learning_rate_init': 2.972334644335654e-05, 'tol': 0.0036281404040243792, 'validation_fraction': 0.17260651658522078}, {'alpha': 4.656005689076002, 'batch_size': 135, 'beta_1': 0.870503881627747, 'beta_2': 0.9948873266941017, 'epsilon': 2.1023308743480125e-07, 'hidden_layer_sizes': 118, 'learning_rate_init': 0.0018781738757161913, 'tol': 1.1889379831773004e-05, 'validation_fraction': 0.6264327093752792}, {'alpha': 0.04705159350400542, 'batch_size': 158, 'beta_1': 0.9870884262730957, 'beta_2': 0.9999596874382349, 'epsilon': 1.1981845126013875e-08, 'hidden_layer_sizes': 116, 'learning_rate_init': 0.00617340520407431, 'tol': 1.741413418158619e-05, 'validation_fraction': 0.6754299026638921}], [29083.993548572587, 29062.423277324073, 29075.78987471409, 24626.32866834337, 9584.226858493177])
Signature errors:
                              0         1         2         3         4       max
MLP-adam_diabetes_mse  0.000007  0.000008  0.000003  0.003558  0.004952  0.004952
max                    0.000007  0.000008  0.000003  0.003558  0.004952  0.004952
starting sklearn study smoothness MLP-adam diabetes mse 15 1
with data root: None
Failure in optimizer suggest. Falling back to random search.
name 'activ' is not defined
Traceback (most recent call last):
  File "/home/ryedida/.local/lib/python3.9/site-packages/bayesmark/experiment.py", line 126, in run_study
    next_points = optimizer.suggest(n_suggestions)
  File "/home/ryedida/bbo_challenge_starter_kit/example_submissions/smoothness/optimizer.py", line 105, in suggest
    betas = [self._get_smoothness_reg(guess) for guess in guesses]
  File "/home/ryedida/bbo_challenge_starter_kit/example_submissions/smoothness/optimizer.py", line 105, in <listcomp>
    betas = [self._get_smoothness_reg(guess) for guess in guesses]
  File "/home/ryedida/bbo_challenge_starter_kit/example_submissions/smoothness/optimizer.py", line 48, in _get_smoothness_reg
    if activ > Kz:
NameError: name 'activ' is not defined
suggestion time taken 0.495764 iter 0 next_points [{'alpha': 0.10590974724478344, 'batch_size': 137, 'beta_1': 0.7177804144059401, 'beta_2': 0.9044298959989236, 'epsilon': 1.9414708977584903e-08, 'hidden_layer_sizes': 180, 'learning_rate_init': 0.02334824458241639, 'tol': 0.00010085887374909258, 'validation_fraction': 0.1707562126059431}]
function_evaluation time 0.649883 value 2944.769153 suggestion {'alpha': 0.10590974724478344, 'batch_size': 137, 'beta_1': 0.7177804144059401, 'beta_2': 0.9044298959989236, 'epsilon': 1.9414708977584903e-08, 'hidden_layer_sizes': 180, 'learning_rate_init': 0.02334824458241639, 'tol': 0.00010085887374909258, 'validation_fraction': 0.1707562126059431}
observation time 0.000006, current best 2944.769153 at iter 0
Failure in optimizer suggest. Falling back to random search.
name 'activ' is not defined
Traceback (most recent call last):
  File "/home/ryedida/.local/lib/python3.9/site-packages/bayesmark/experiment.py", line 126, in run_study
    next_points = optimizer.suggest(n_suggestions)
  File "/home/ryedida/bbo_challenge_starter_kit/example_submissions/smoothness/optimizer.py", line 105, in suggest
    betas = [self._get_smoothness_reg(guess) for guess in guesses]
  File "/home/ryedida/bbo_challenge_starter_kit/example_submissions/smoothness/optimizer.py", line 105, in <listcomp>
    betas = [self._get_smoothness_reg(guess) for guess in guesses]
  File "/home/ryedida/bbo_challenge_starter_kit/example_submissions/smoothness/optimizer.py", line 48, in _get_smoothness_reg
    if activ > Kz:
NameError: name 'activ' is not defined
suggestion time taken 0.331470 iter 1 next_points [{'alpha': 0.0007911065682767414, 'batch_size': 195, 'beta_1': 0.9107458589592929, 'beta_2': 0.9649164447318395, 'epsilon': 2.433546721195205e-09, 'hidden_layer_sizes': 166, 'learning_rate_init': 0.0004838828532464281, 'tol': 0.02187667628087357, 'validation_fraction': 0.5220359422485168}]
/home/ryedida/.local/lib/python3.9/site-packages/sklearn/neural_network/_multilayer_perceptron.py:605: UserWarning: Got `batch_size` less than 1 or larger than sample size. It is going to be clipped
  warnings.warn(

function_evaluation time 0.066863 value 29086.963035 suggestion {'alpha': 0.0007911065682767414, 'batch_size': 195, 'beta_1': 0.9107458589592929, 'beta_2': 0.9649164447318395, 'epsilon': 2.433546721195205e-09, 'hidden_layer_sizes': 166, 'learning_rate_init': 0.0004838828532464281, 'tol': 0.02187667628087357, 'validation_fraction': 0.5220359422485168}
observation time 0.000006, current best 2944.769153 at iter 1
Failure in optimizer suggest. Falling back to random search.
name 'activ' is not defined
Traceback (most recent call last):
  File "/home/ryedida/.local/lib/python3.9/site-packages/bayesmark/experiment.py", line 126, in run_study
    next_points = optimizer.suggest(n_suggestions)
  File "/home/ryedida/bbo_challenge_starter_kit/example_submissions/smoothness/optimizer.py", line 105, in suggest
    betas = [self._get_smoothness_reg(guess) for guess in guesses]
  File "/home/ryedida/bbo_challenge_starter_kit/example_submissions/smoothness/optimizer.py", line 105, in <listcomp>
    betas = [self._get_smoothness_reg(guess) for guess in guesses]
  File "/home/ryedida/bbo_challenge_starter_kit/example_submissions/smoothness/optimizer.py", line 48, in _get_smoothness_reg
    if activ > Kz:
NameError: name 'activ' is not defined
suggestion time taken 0.325448 iter 2 next_points [{'alpha': 0.0017094039126032187, 'batch_size': 50, 'beta_1': 0.6959364537384247, 'beta_2': 0.9996499754269296, 'epsilon': 7.207308340600849e-09, 'hidden_layer_sizes': 173, 'learning_rate_init': 0.03347962962058635, 'tol': 0.0006016702270166105, 'validation_fraction': 0.629092965233353}]
function_evaluation time 0.426759 value 3080.305280 suggestion {'alpha': 0.0017094039126032187, 'batch_size': 50, 'beta_1': 0.6959364537384247, 'beta_2': 0.9996499754269296, 'epsilon': 7.207308340600849e-09, 'hidden_layer_sizes': 173, 'learning_rate_init': 0.03347962962058635, 'tol': 0.0006016702270166105, 'validation_fraction': 0.629092965233353}
observation time 0.000006, current best 2944.769153 at iter 2
Failure in optimizer suggest. Falling back to random search.
name 'activ' is not defined
Traceback (most recent call last):
  File "/home/ryedida/.local/lib/python3.9/site-packages/bayesmark/experiment.py", line 126, in run_study
    next_points = optimizer.suggest(n_suggestions)
  File "/home/ryedida/bbo_challenge_starter_kit/example_submissions/smoothness/optimizer.py", line 105, in suggest
    betas = [self._get_smoothness_reg(guess) for guess in guesses]
  File "/home/ryedida/bbo_challenge_starter_kit/example_submissions/smoothness/optimizer.py", line 105, in <listcomp>
    betas = [self._get_smoothness_reg(guess) for guess in guesses]
  File "/home/ryedida/bbo_challenge_starter_kit/example_submissions/smoothness/optimizer.py", line 48, in _get_smoothness_reg
    if activ > Kz:
NameError: name 'activ' is not defined
suggestion time taken 0.327127 iter 3 next_points [{'alpha': 0.24607239947601176, 'batch_size': 236, 'beta_1': 0.9794715332033631, 'beta_2': 0.9980283974871936, 'epsilon': 5.656933526314067e-08, 'hidden_layer_sizes': 51, 'learning_rate_init': 1.2519497588875087e-05, 'tol': 0.0009821988437994631, 'validation_fraction': 0.43761703600761154}]
/home/ryedida/.local/lib/python3.9/site-packages/sklearn/neural_network/_multilayer_perceptron.py:605: UserWarning: Got `batch_size` less than 1 or larger than sample size. It is going to be clipped
  warnings.warn(

function_evaluation time 0.035062 value 29081.441949 suggestion {'alpha': 0.24607239947601176, 'batch_size': 236, 'beta_1': 0.9794715332033631, 'beta_2': 0.9980283974871936, 'epsilon': 5.656933526314067e-08, 'hidden_layer_sizes': 51, 'learning_rate_init': 1.2519497588875087e-05, 'tol': 0.0009821988437994631, 'validation_fraction': 0.43761703600761154}
observation time 0.000006, current best 2944.769153 at iter 3
Failure in optimizer suggest. Falling back to random search.
name 'activ' is not defined
Traceback (most recent call last):
  File "/home/ryedida/.local/lib/python3.9/site-packages/bayesmark/experiment.py", line 126, in run_study
    next_points = optimizer.suggest(n_suggestions)
  File "/home/ryedida/bbo_challenge_starter_kit/example_submissions/smoothness/optimizer.py", line 105, in suggest
    betas = [self._get_smoothness_reg(guess) for guess in guesses]
  File "/home/ryedida/bbo_challenge_starter_kit/example_submissions/smoothness/optimizer.py", line 105, in <listcomp>
    betas = [self._get_smoothness_reg(guess) for guess in guesses]
  File "/home/ryedida/bbo_challenge_starter_kit/example_submissions/smoothness/optimizer.py", line 48, in _get_smoothness_reg
    if activ > Kz:
NameError: name 'activ' is not defined
suggestion time taken 0.327759 iter 4 next_points [{'alpha': 0.9299006472047281, 'batch_size': 27, 'beta_1': 0.981215969707952, 'beta_2': 0.968156953251626, 'epsilon': 3.081342912687908e-08, 'hidden_layer_sizes': 179, 'learning_rate_init': 0.00010588589816424118, 'tol': 0.024633591350268796, 'validation_fraction': 0.8731726201804263}]
function_evaluation time 0.070322 value 29119.645343 suggestion {'alpha': 0.9299006472047281, 'batch_size': 27, 'beta_1': 0.981215969707952, 'beta_2': 0.968156953251626, 'epsilon': 3.081342912687908e-08, 'hidden_layer_sizes': 179, 'learning_rate_init': 0.00010588589816424118, 'tol': 0.024633591350268796, 'validation_fraction': 0.8731726201804263}
observation time 0.000005, current best 2944.769153 at iter 4
Failure in optimizer suggest. Falling back to random search.
name 'activ' is not defined
Traceback (most recent call last):
  File "/home/ryedida/.local/lib/python3.9/site-packages/bayesmark/experiment.py", line 126, in run_study
    next_points = optimizer.suggest(n_suggestions)
  File "/home/ryedida/bbo_challenge_starter_kit/example_submissions/smoothness/optimizer.py", line 105, in suggest
    betas = [self._get_smoothness_reg(guess) for guess in guesses]
  File "/home/ryedida/bbo_challenge_starter_kit/example_submissions/smoothness/optimizer.py", line 105, in <listcomp>
    betas = [self._get_smoothness_reg(guess) for guess in guesses]
  File "/home/ryedida/bbo_challenge_starter_kit/example_submissions/smoothness/optimizer.py", line 48, in _get_smoothness_reg
    if activ > Kz:
NameError: name 'activ' is not defined
suggestion time taken 0.329026 iter 5 next_points [{'alpha': 0.2413363960810511, 'batch_size': 185, 'beta_1': 0.9832300777279294, 'beta_2': 0.9999974829198975, 'epsilon': 8.250177939033134e-08, 'hidden_layer_sizes': 165, 'learning_rate_init': 0.025241923331857014, 'tol': 0.0014461765742632762, 'validation_fraction': 0.4919195294511415}]
/home/ryedida/.local/lib/python3.9/site-packages/sklearn/neural_network/_multilayer_perceptron.py:605: UserWarning: Got `batch_size` less than 1 or larger than sample size. It is going to be clipped
  warnings.warn(

function_evaluation time 0.336648 value 4210.198909 suggestion {'alpha': 0.2413363960810511, 'batch_size': 185, 'beta_1': 0.9832300777279294, 'beta_2': 0.9999974829198975, 'epsilon': 8.250177939033134e-08, 'hidden_layer_sizes': 165, 'learning_rate_init': 0.025241923331857014, 'tol': 0.0014461765742632762, 'validation_fraction': 0.4919195294511415}
observation time 0.000006, current best 2944.769153 at iter 5
Failure in optimizer suggest. Falling back to random search.
name 'activ' is not defined
Traceback (most recent call last):
  File "/home/ryedida/.local/lib/python3.9/site-packages/bayesmark/experiment.py", line 126, in run_study
    next_points = optimizer.suggest(n_suggestions)
  File "/home/ryedida/bbo_challenge_starter_kit/example_submissions/smoothness/optimizer.py", line 105, in suggest
    betas = [self._get_smoothness_reg(guess) for guess in guesses]
  File "/home/ryedida/bbo_challenge_starter_kit/example_submissions/smoothness/optimizer.py", line 105, in <listcomp>
    betas = [self._get_smoothness_reg(guess) for guess in guesses]
  File "/home/ryedida/bbo_challenge_starter_kit/example_submissions/smoothness/optimizer.py", line 48, in _get_smoothness_reg
    if activ > Kz:
NameError: name 'activ' is not defined
suggestion time taken 0.324851 iter 6 next_points [{'alpha': 1.467742018863121, 'batch_size': 151, 'beta_1': 0.9849401527797166, 'beta_2': 0.9507837256651551, 'epsilon': 1.4215255572529467e-09, 'hidden_layer_sizes': 82, 'learning_rate_init': 0.00014759374022026313, 'tol': 0.0012836023894511458, 'validation_fraction': 0.21965858635854016}]
function_evaluation time 0.065868 value 29139.334935 suggestion {'alpha': 1.467742018863121, 'batch_size': 151, 'beta_1': 0.9849401527797166, 'beta_2': 0.9507837256651551, 'epsilon': 1.4215255572529467e-09, 'hidden_layer_sizes': 82, 'learning_rate_init': 0.00014759374022026313, 'tol': 0.0012836023894511458, 'validation_fraction': 0.21965858635854016}
observation time 0.000005, current best 2944.769153 at iter 6
Failure in optimizer suggest. Falling back to random search.
name 'activ' is not defined
Traceback (most recent call last):
  File "/home/ryedida/.local/lib/python3.9/site-packages/bayesmark/experiment.py", line 126, in run_study
    next_points = optimizer.suggest(n_suggestions)
  File "/home/ryedida/bbo_challenge_starter_kit/example_submissions/smoothness/optimizer.py", line 105, in suggest
    betas = [self._get_smoothness_reg(guess) for guess in guesses]
  File "/home/ryedida/bbo_challenge_starter_kit/example_submissions/smoothness/optimizer.py", line 105, in <listcomp>
    betas = [self._get_smoothness_reg(guess) for guess in guesses]
  File "/home/ryedida/bbo_challenge_starter_kit/example_submissions/smoothness/optimizer.py", line 48, in _get_smoothness_reg
    if activ > Kz:
NameError: name 'activ' is not defined
suggestion time taken 0.459070 iter 7 next_points [{'alpha': 1.092265484753036, 'batch_size': 117, 'beta_1': 0.7897921894100867, 'beta_2': 0.953664446139079, 'epsilon': 3.7220877399865266e-07, 'hidden_layer_sizes': 70, 'learning_rate_init': 0.0007312825499483972, 'tol': 0.0029591841029669307, 'validation_fraction': 0.8135587173131618}]
/home/ryedida/.local/lib/python3.9/site-packages/sklearn/neural_network/_multilayer_perceptron.py:605: UserWarning: Got `batch_size` less than 1 or larger than sample size. It is going to be clipped
  warnings.warn(

function_evaluation time 0.045958 value 29086.556046 suggestion {'alpha': 1.092265484753036, 'batch_size': 117, 'beta_1': 0.7897921894100867, 'beta_2': 0.953664446139079, 'epsilon': 3.7220877399865266e-07, 'hidden_layer_sizes': 70, 'learning_rate_init': 0.0007312825499483972, 'tol': 0.0029591841029669307, 'validation_fraction': 0.8135587173131618}
observation time 0.000006, current best 2944.769153 at iter 7
Failure in optimizer suggest. Falling back to random search.
name 'activ' is not defined
Traceback (most recent call last):
  File "/home/ryedida/.local/lib/python3.9/site-packages/bayesmark/experiment.py", line 126, in run_study
    next_points = optimizer.suggest(n_suggestions)
  File "/home/ryedida/bbo_challenge_starter_kit/example_submissions/smoothness/optimizer.py", line 105, in suggest
    betas = [self._get_smoothness_reg(guess) for guess in guesses]
  File "/home/ryedida/bbo_challenge_starter_kit/example_submissions/smoothness/optimizer.py", line 105, in <listcomp>
    betas = [self._get_smoothness_reg(guess) for guess in guesses]
  File "/home/ryedida/bbo_challenge_starter_kit/example_submissions/smoothness/optimizer.py", line 48, in _get_smoothness_reg
    if activ > Kz:
NameError: name 'activ' is not defined
suggestion time taken 0.326042 iter 8 next_points [{'alpha': 0.017030334143551786, 'batch_size': 239, 'beta_1': 0.9812786547780461, 'beta_2': 0.9999579616778765, 'epsilon': 1.0924784547185144e-08, 'hidden_layer_sizes': 100, 'learning_rate_init': 0.0026329801460335143, 'tol': 0.05885482637317909, 'validation_fraction': 0.23061322570751208}]
function_evaluation time 0.062332 value 28932.936989 suggestion {'alpha': 0.017030334143551786, 'batch_size': 239, 'beta_1': 0.9812786547780461, 'beta_2': 0.9999579616778765, 'epsilon': 1.0924784547185144e-08, 'hidden_layer_sizes': 100, 'learning_rate_init': 0.0026329801460335143, 'tol': 0.05885482637317909, 'validation_fraction': 0.23061322570751208}
observation time 0.000006, current best 2944.769153 at iter 8
Failure in optimizer suggest. Falling back to random search.
name 'activ' is not defined
Traceback (most recent call last):
  File "/home/ryedida/.local/lib/python3.9/site-packages/bayesmark/experiment.py", line 126, in run_study
    next_points = optimizer.suggest(n_suggestions)
  File "/home/ryedida/bbo_challenge_starter_kit/example_submissions/smoothness/optimizer.py", line 105, in suggest
    betas = [self._get_smoothness_reg(guess) for guess in guesses]
  File "/home/ryedida/bbo_challenge_starter_kit/example_submissions/smoothness/optimizer.py", line 105, in <listcomp>
    betas = [self._get_smoothness_reg(guess) for guess in guesses]
  File "/home/ryedida/bbo_challenge_starter_kit/example_submissions/smoothness/optimizer.py", line 48, in _get_smoothness_reg
    if activ > Kz:
NameError: name 'activ' is not defined
suggestion time taken 0.333319 iter 9 next_points [{'alpha': 0.4337112717670973, 'batch_size': 205, 'beta_1': 0.599442568670681, 'beta_2': 0.9882035594477777, 'epsilon': 1.886619956769445e-07, 'hidden_layer_sizes': 145, 'learning_rate_init': 9.701891023425998e-05, 'tol': 3.298658176789004e-05, 'validation_fraction': 0.43029443069259304}]
/home/ryedida/.local/lib/python3.9/site-packages/sklearn/neural_network/_multilayer_perceptron.py:605: UserWarning: Got `batch_size` less than 1 or larger than sample size. It is going to be clipped
  warnings.warn(

/home/ryedida/.local/lib/python3.9/site-packages/sklearn/neural_network/_multilayer_perceptron.py:686: ConvergenceWarning: Stochastic Optimizer: Maximum iterations (200) reached and the optimization hasn't converged yet.
  warnings.warn(

function_evaluation time 0.902047 value 28974.386265 suggestion {'alpha': 0.4337112717670973, 'batch_size': 205, 'beta_1': 0.599442568670681, 'beta_2': 0.9882035594477777, 'epsilon': 1.886619956769445e-07, 'hidden_layer_sizes': 145, 'learning_rate_init': 9.701891023425998e-05, 'tol': 3.298658176789004e-05, 'validation_fraction': 0.43029443069259304}
observation time 0.000006, current best 2944.769153 at iter 9
Failure in optimizer suggest. Falling back to random search.
name 'activ' is not defined
Traceback (most recent call last):
  File "/home/ryedida/.local/lib/python3.9/site-packages/bayesmark/experiment.py", line 126, in run_study
    next_points = optimizer.suggest(n_suggestions)
  File "/home/ryedida/bbo_challenge_starter_kit/example_submissions/smoothness/optimizer.py", line 105, in suggest
    betas = [self._get_smoothness_reg(guess) for guess in guesses]
  File "/home/ryedida/bbo_challenge_starter_kit/example_submissions/smoothness/optimizer.py", line 105, in <listcomp>
    betas = [self._get_smoothness_reg(guess) for guess in guesses]
  File "/home/ryedida/bbo_challenge_starter_kit/example_submissions/smoothness/optimizer.py", line 48, in _get_smoothness_reg
    if activ > Kz:
NameError: name 'activ' is not defined
suggestion time taken 0.320796 iter 10 next_points [{'alpha': 0.14814991926690046, 'batch_size': 60, 'beta_1': 0.9633056374698157, 'beta_2': 0.9998832990988311, 'epsilon': 1.218993195031573e-08, 'hidden_layer_sizes': 116, 'learning_rate_init': 0.0012278121801006469, 'tol': 0.039251747651495285, 'validation_fraction': 0.8525094939711659}]
/home/ryedida/.local/lib/python3.9/site-packages/sklearn/neural_network/_multilayer_perceptron.py:605: UserWarning: Got `batch_size` less than 1 or larger than sample size. It is going to be clipped
  warnings.warn(

function_evaluation time 0.050023 value 29041.909988 suggestion {'alpha': 0.14814991926690046, 'batch_size': 60, 'beta_1': 0.9633056374698157, 'beta_2': 0.9998832990988311, 'epsilon': 1.218993195031573e-08, 'hidden_layer_sizes': 116, 'learning_rate_init': 0.0012278121801006469, 'tol': 0.039251747651495285, 'validation_fraction': 0.8525094939711659}
observation time 0.000007, current best 2944.769153 at iter 10
Failure in optimizer suggest. Falling back to random search.
name 'activ' is not defined
Traceback (most recent call last):
  File "/home/ryedida/.local/lib/python3.9/site-packages/bayesmark/experiment.py", line 126, in run_study
    next_points = optimizer.suggest(n_suggestions)
  File "/home/ryedida/bbo_challenge_starter_kit/example_submissions/smoothness/optimizer.py", line 105, in suggest
    betas = [self._get_smoothness_reg(guess) for guess in guesses]
  File "/home/ryedida/bbo_challenge_starter_kit/example_submissions/smoothness/optimizer.py", line 105, in <listcomp>
    betas = [self._get_smoothness_reg(guess) for guess in guesses]
  File "/home/ryedida/bbo_challenge_starter_kit/example_submissions/smoothness/optimizer.py", line 48, in _get_smoothness_reg
    if activ > Kz:
NameError: name 'activ' is not defined
suggestion time taken 0.325332 iter 11 next_points [{'alpha': 0.005000983485261455, 'batch_size': 31, 'beta_1': 0.6050988134535842, 'beta_2': 0.9997432043056844, 'epsilon': 7.32828622292828e-07, 'hidden_layer_sizes': 126, 'learning_rate_init': 0.0348413279075545, 'tol': 0.002053933718172297, 'validation_fraction': 0.8790296755345648}]
function_evaluation time 0.349361 value 3337.853890 suggestion {'alpha': 0.005000983485261455, 'batch_size': 31, 'beta_1': 0.6050988134535842, 'beta_2': 0.9997432043056844, 'epsilon': 7.32828622292828e-07, 'hidden_layer_sizes': 126, 'learning_rate_init': 0.0348413279075545, 'tol': 0.002053933718172297, 'validation_fraction': 0.8790296755345648}
observation time 0.000006, current best 2944.769153 at iter 11
Failure in optimizer suggest. Falling back to random search.
name 'activ' is not defined
Traceback (most recent call last):
  File "/home/ryedida/.local/lib/python3.9/site-packages/bayesmark/experiment.py", line 126, in run_study
    next_points = optimizer.suggest(n_suggestions)
  File "/home/ryedida/bbo_challenge_starter_kit/example_submissions/smoothness/optimizer.py", line 105, in suggest
    betas = [self._get_smoothness_reg(guess) for guess in guesses]
  File "/home/ryedida/bbo_challenge_starter_kit/example_submissions/smoothness/optimizer.py", line 105, in <listcomp>
    betas = [self._get_smoothness_reg(guess) for guess in guesses]
  File "/home/ryedida/bbo_challenge_starter_kit/example_submissions/smoothness/optimizer.py", line 48, in _get_smoothness_reg
    if activ > Kz:
NameError: name 'activ' is not defined
suggestion time taken 0.330424 iter 12 next_points [{'alpha': 2.210342157760994, 'batch_size': 157, 'beta_1': 0.9046650405228145, 'beta_2': 0.999998223715289, 'epsilon': 3.708857347552593e-08, 'hidden_layer_sizes': 122, 'learning_rate_init': 0.0008462537400803481, 'tol': 5.278028648678552e-05, 'validation_fraction': 0.2078654912899019}]
/home/ryedida/.local/lib/python3.9/site-packages/sklearn/neural_network/_multilayer_perceptron.py:686: ConvergenceWarning: Stochastic Optimizer: Maximum iterations (200) reached and the optimization hasn't converged yet.
  warnings.warn(

function_evaluation time 1.128063 value 24510.143741 suggestion {'alpha': 2.210342157760994, 'batch_size': 157, 'beta_1': 0.9046650405228145, 'beta_2': 0.999998223715289, 'epsilon': 3.708857347552593e-08, 'hidden_layer_sizes': 122, 'learning_rate_init': 0.0008462537400803481, 'tol': 5.278028648678552e-05, 'validation_fraction': 0.2078654912899019}
observation time 0.000006, current best 2944.769153 at iter 12
Failure in optimizer suggest. Falling back to random search.
name 'activ' is not defined
Traceback (most recent call last):
  File "/home/ryedida/.local/lib/python3.9/site-packages/bayesmark/experiment.py", line 126, in run_study
    next_points = optimizer.suggest(n_suggestions)
  File "/home/ryedida/bbo_challenge_starter_kit/example_submissions/smoothness/optimizer.py", line 105, in suggest
    betas = [self._get_smoothness_reg(guess) for guess in guesses]
  File "/home/ryedida/bbo_challenge_starter_kit/example_submissions/smoothness/optimizer.py", line 105, in <listcomp>
    betas = [self._get_smoothness_reg(guess) for guess in guesses]
  File "/home/ryedida/bbo_challenge_starter_kit/example_submissions/smoothness/optimizer.py", line 48, in _get_smoothness_reg
    if activ > Kz:
NameError: name 'activ' is not defined
suggestion time taken 0.322418 iter 13 next_points [{'alpha': 9.89211359181575e-05, 'batch_size': 192, 'beta_1': 0.7509165621448066, 'beta_2': 0.9252862466051756, 'epsilon': 8.911326295327115e-09, 'hidden_layer_sizes': 200, 'learning_rate_init': 0.005494616919872235, 'tol': 0.02493398924076246, 'validation_fraction': 0.735832083175718}]
/home/ryedida/.local/lib/python3.9/site-packages/sklearn/neural_network/_multilayer_perceptron.py:605: UserWarning: Got `batch_size` less than 1 or larger than sample size. It is going to be clipped
  warnings.warn(

function_evaluation time 0.062578 value 28687.613855 suggestion {'alpha': 9.89211359181575e-05, 'batch_size': 192, 'beta_1': 0.7509165621448066, 'beta_2': 0.9252862466051756, 'epsilon': 8.911326295327115e-09, 'hidden_layer_sizes': 200, 'learning_rate_init': 0.005494616919872235, 'tol': 0.02493398924076246, 'validation_fraction': 0.735832083175718}
observation time 0.000006, current best 2944.769153 at iter 13
Failure in optimizer suggest. Falling back to random search.
name 'activ' is not defined
Traceback (most recent call last):
  File "/home/ryedida/.local/lib/python3.9/site-packages/bayesmark/experiment.py", line 126, in run_study
    next_points = optimizer.suggest(n_suggestions)
  File "/home/ryedida/bbo_challenge_starter_kit/example_submissions/smoothness/optimizer.py", line 105, in suggest
    betas = [self._get_smoothness_reg(guess) for guess in guesses]
  File "/home/ryedida/bbo_challenge_starter_kit/example_submissions/smoothness/optimizer.py", line 105, in <listcomp>
    betas = [self._get_smoothness_reg(guess) for guess in guesses]
  File "/home/ryedida/bbo_challenge_starter_kit/example_submissions/smoothness/optimizer.py", line 48, in _get_smoothness_reg
    if activ > Kz:
NameError: name 'activ' is not defined
suggestion time taken 0.323046 iter 14 next_points [{'alpha': 1.3990545954050455, 'batch_size': 100, 'beta_1': 0.9688319029725043, 'beta_2': 0.9959205509436775, 'epsilon': 7.541086397755323e-08, 'hidden_layer_sizes': 137, 'learning_rate_init': 4.0039834478616376e-05, 'tol': 1.585188687934583e-05, 'validation_fraction': 0.8845504816016124}]
/home/ryedida/.local/lib/python3.9/site-packages/sklearn/neural_network/_multilayer_perceptron.py:605: UserWarning: Got `batch_size` less than 1 or larger than sample size. It is going to be clipped
  warnings.warn(

/home/ryedida/.local/lib/python3.9/site-packages/sklearn/neural_network/_multilayer_perceptron.py:686: ConvergenceWarning: Stochastic Optimizer: Maximum iterations (200) reached and the optimization hasn't converged yet.
  warnings.warn(

function_evaluation time 0.702464 value 29079.856659 suggestion {'alpha': 1.3990545954050455, 'batch_size': 100, 'beta_1': 0.9688319029725043, 'beta_2': 0.9959205509436775, 'epsilon': 7.541086397755323e-08, 'hidden_layer_sizes': 137, 'learning_rate_init': 4.0039834478616376e-05, 'tol': 1.585188687934583e-05, 'validation_fraction': 0.8845504816016124}
observation time 0.000006, current best 2944.769153 at iter 14
saving meta data: {'args': {'--uuid': '83bf476e48e25ee7be7ed942703dde63', '-db-root': '/home/ryedida/bbo_challenge_starter_kit/output', '--opt-root': '/home/ryedida/bbo_challenge_starter_kit/example_submissions', '--data-root': None, '--db': 'run_20230425_055340', '--opt': 'smoothness', '--data': 'diabetes', '--classifier': 'MLP-adam', '--metric': 'mse', '--calls': 15, '--suggestions': 1, '--jobs-file': None, '--verbose': False, 'dry_run': False, 'rev': 'a376313', 'opt_rev': 'x.x.x'}, 'signature': ([{'alpha': 0.019628224813442792, 'batch_size': 182, 'beta_1': 0.9410202200271762, 'beta_2': 0.9998021557676793, 'epsilon': 1.8662266976518e-08, 'hidden_layer_sizes': 147, 'learning_rate_init': 0.0005627932047415167, 'tol': 0.03690557729213761, 'validation_fraction': 0.8846827852548593}, {'alpha': 0.0019982467392329444, 'batch_size': 200, 'beta_1': 0.919111482530466, 'beta_2': 0.9998488260436156, 'epsilon': 5.981221901152555e-07, 'hidden_layer_sizes': 61, 'learning_rate_init': 2.2310905607443014e-05, 'tol': 1.2046852412030316e-05, 'validation_fraction': 0.8117896445826539}, {'alpha': 0.46659545670218433, 'batch_size': 219, 'beta_1': 0.9889789783750891, 'beta_2': 0.9999896868093284, 'epsilon': 2.4234724484675948e-08, 'hidden_layer_sizes': 167, 'learning_rate_init': 2.972334644335654e-05, 'tol': 0.0036281404040243792, 'validation_fraction': 0.17260651658522078}, {'alpha': 4.656005689076002, 'batch_size': 135, 'beta_1': 0.870503881627747, 'beta_2': 0.9948873266941017, 'epsilon': 2.1023308743480125e-07, 'hidden_layer_sizes': 118, 'learning_rate_init': 0.0018781738757161913, 'tol': 1.1889379831773004e-05, 'validation_fraction': 0.6264327093752792}, {'alpha': 0.04705159350400542, 'batch_size': 158, 'beta_1': 0.9870884262730957, 'beta_2': 0.9999596874382349, 'epsilon': 1.1981845126013875e-08, 'hidden_layer_sizes': 116, 'learning_rate_init': 0.00617340520407431, 'tol': 1.741413418158619e-05, 'validation_fraction': 0.6754299026638921}], [29083.993548572587, 29062.423277324073, 29075.78987471409, 24626.32866834337, 9584.226858493177])}
saving results
saving timing
saving suggest log
done
