running: {'--uuid': '889ad1b48f3954ff9bb15acb36d2966f', '-db-root': '/home/ryedida/bbo_challenge_starter_kit/output', '--opt-root': '/home/ryedida/bbo_challenge_starter_kit/example_submissions', '--data-root': None, '--db': 'run_20230425_055340', '--opt': 'smoothness', '--data': 'diabetes', '--classifier': 'MLP-adam', '--metric': 'mse', '--calls': 15, '--suggestions': 1, '--jobs-file': None, '--verbose': False, 'dry_run': False, 'rev': 'a376313', 'opt_rev': 'x.x.x'}
cmd: python smoothness/optimizer.py -c MLP-adam -d diabetes -o smoothness -u 889ad1b48f3954ff9bb15acb36d2966f -m mse -n 15 -p 1 -dir /home/ryedida/bbo_challenge_starter_kit/output -b run_20230425_055340
/home/ryedida/.local/lib/python3.9/site-packages/sklearn/neural_network/_multilayer_perceptron.py:605: UserWarning: Got `batch_size` less than 1 or larger than sample size. It is going to be clipped
  warnings.warn(

/home/ryedida/.local/lib/python3.9/site-packages/sklearn/neural_network/_multilayer_perceptron.py:605: UserWarning: Got `batch_size` less than 1 or larger than sample size. It is going to be clipped
  warnings.warn(

/home/ryedida/.local/lib/python3.9/site-packages/sklearn/neural_network/_multilayer_perceptron.py:605: UserWarning: Got `batch_size` less than 1 or larger than sample size. It is going to be clipped
  warnings.warn(

/home/ryedida/.local/lib/python3.9/site-packages/sklearn/neural_network/_multilayer_perceptron.py:686: ConvergenceWarning: Stochastic Optimizer: Maximum iterations (200) reached and the optimization hasn't converged yet.
  warnings.warn(

/home/ryedida/.local/lib/python3.9/site-packages/sklearn/neural_network/_multilayer_perceptron.py:605: UserWarning: Got `batch_size` less than 1 or larger than sample size. It is going to be clipped
  warnings.warn(

/home/ryedida/.local/lib/python3.9/site-packages/sklearn/neural_network/_multilayer_perceptron.py:686: ConvergenceWarning: Stochastic Optimizer: Maximum iterations (200) reached and the optimization hasn't converged yet.
  warnings.warn(

computed signature: ([{'alpha': 0.019628224813442792, 'batch_size': 182, 'beta_1': 0.9410202200271762, 'beta_2': 0.9998021557676793, 'epsilon': 1.8662266976518e-08, 'hidden_layer_sizes': 147, 'learning_rate_init': 0.0005627932047415167, 'tol': 0.03690557729213761, 'validation_fraction': 0.8846827852548593}, {'alpha': 0.0019982467392329444, 'batch_size': 200, 'beta_1': 0.919111482530466, 'beta_2': 0.9998488260436156, 'epsilon': 5.981221901152555e-07, 'hidden_layer_sizes': 61, 'learning_rate_init': 2.2310905607443014e-05, 'tol': 1.2046852412030316e-05, 'validation_fraction': 0.8117896445826539}, {'alpha': 0.46659545670218433, 'batch_size': 219, 'beta_1': 0.9889789783750891, 'beta_2': 0.9999896868093284, 'epsilon': 2.4234724484675948e-08, 'hidden_layer_sizes': 167, 'learning_rate_init': 2.972334644335654e-05, 'tol': 0.0036281404040243792, 'validation_fraction': 0.17260651658522078}, {'alpha': 4.656005689076002, 'batch_size': 135, 'beta_1': 0.870503881627747, 'beta_2': 0.9948873266941017, 'epsilon': 2.1023308743480125e-07, 'hidden_layer_sizes': 118, 'learning_rate_init': 0.0018781738757161913, 'tol': 1.1889379831773004e-05, 'validation_fraction': 0.6264327093752792}, {'alpha': 0.04705159350400542, 'batch_size': 158, 'beta_1': 0.9870884262730957, 'beta_2': 0.9999596874382349, 'epsilon': 1.1981845126013875e-08, 'hidden_layer_sizes': 116, 'learning_rate_init': 0.00617340520407431, 'tol': 1.741413418158619e-05, 'validation_fraction': 0.6754299026638921}], [29083.993548572587, 29062.423277324073, 29075.78987471409, 24626.32866834337, 9584.226858493177])
Signature errors:
                              0         1         2         3         4       max
MLP-adam_diabetes_mse  0.000007  0.000008  0.000003  0.003558  0.004952  0.004952
max                    0.000007  0.000008  0.000003  0.003558  0.004952  0.004952
starting sklearn study smoothness MLP-adam diabetes mse 15 1
with data root: None
Failure in optimizer suggest. Falling back to random search.
name 'activ' is not defined
Traceback (most recent call last):
  File "/home/ryedida/.local/lib/python3.9/site-packages/bayesmark/experiment.py", line 126, in run_study
    next_points = optimizer.suggest(n_suggestions)
  File "/home/ryedida/bbo_challenge_starter_kit/example_submissions/smoothness/optimizer.py", line 105, in suggest
    betas = [self._get_smoothness_reg(guess) for guess in guesses]
  File "/home/ryedida/bbo_challenge_starter_kit/example_submissions/smoothness/optimizer.py", line 105, in <listcomp>
    betas = [self._get_smoothness_reg(guess) for guess in guesses]
  File "/home/ryedida/bbo_challenge_starter_kit/example_submissions/smoothness/optimizer.py", line 48, in _get_smoothness_reg
    if activ > Kz:
NameError: name 'activ' is not defined
suggestion time taken 0.527868 iter 0 next_points [{'alpha': 0.00011722665571685881, 'batch_size': 236, 'beta_1': 0.98084230829629, 'beta_2': 0.9999932423204663, 'epsilon': 1.3067467085663644e-09, 'hidden_layer_sizes': 96, 'learning_rate_init': 0.0007343126016092826, 'tol': 0.0014109767322015875, 'validation_fraction': 0.3406085699742376}]
/home/ryedida/.local/lib/python3.9/site-packages/sklearn/neural_network/_multilayer_perceptron.py:605: UserWarning: Got `batch_size` less than 1 or larger than sample size. It is going to be clipped
  warnings.warn(

function_evaluation time 0.067416 value 29058.554716 suggestion {'alpha': 0.00011722665571685881, 'batch_size': 236, 'beta_1': 0.98084230829629, 'beta_2': 0.9999932423204663, 'epsilon': 1.3067467085663644e-09, 'hidden_layer_sizes': 96, 'learning_rate_init': 0.0007343126016092826, 'tol': 0.0014109767322015875, 'validation_fraction': 0.3406085699742376}
observation time 0.000007, current best 29058.554716 at iter 0
Failure in optimizer suggest. Falling back to random search.
name 'activ' is not defined
Traceback (most recent call last):
  File "/home/ryedida/.local/lib/python3.9/site-packages/bayesmark/experiment.py", line 126, in run_study
    next_points = optimizer.suggest(n_suggestions)
  File "/home/ryedida/bbo_challenge_starter_kit/example_submissions/smoothness/optimizer.py", line 105, in suggest
    betas = [self._get_smoothness_reg(guess) for guess in guesses]
  File "/home/ryedida/bbo_challenge_starter_kit/example_submissions/smoothness/optimizer.py", line 105, in <listcomp>
    betas = [self._get_smoothness_reg(guess) for guess in guesses]
  File "/home/ryedida/bbo_challenge_starter_kit/example_submissions/smoothness/optimizer.py", line 48, in _get_smoothness_reg
    if activ > Kz:
NameError: name 'activ' is not defined
suggestion time taken 0.333852 iter 1 next_points [{'alpha': 9.605087403188055e-05, 'batch_size': 212, 'beta_1': 0.5675154445420177, 'beta_2': 0.9999967966881608, 'epsilon': 1.1362963396942001e-07, 'hidden_layer_sizes': 164, 'learning_rate_init': 0.03260728797359049, 'tol': 0.00036318333430907765, 'validation_fraction': 0.6364846841032138}]
/home/ryedida/.local/lib/python3.9/site-packages/sklearn/neural_network/_multilayer_perceptron.py:605: UserWarning: Got `batch_size` less than 1 or larger than sample size. It is going to be clipped
  warnings.warn(

function_evaluation time 0.483199 value 2966.098857 suggestion {'alpha': 9.605087403188055e-05, 'batch_size': 212, 'beta_1': 0.5675154445420177, 'beta_2': 0.9999967966881608, 'epsilon': 1.1362963396942001e-07, 'hidden_layer_sizes': 164, 'learning_rate_init': 0.03260728797359049, 'tol': 0.00036318333430907765, 'validation_fraction': 0.6364846841032138}
observation time 0.000006, current best 2966.098857 at iter 1
Failure in optimizer suggest. Falling back to random search.
name 'activ' is not defined
Traceback (most recent call last):
  File "/home/ryedida/.local/lib/python3.9/site-packages/bayesmark/experiment.py", line 126, in run_study
    next_points = optimizer.suggest(n_suggestions)
  File "/home/ryedida/bbo_challenge_starter_kit/example_submissions/smoothness/optimizer.py", line 105, in suggest
    betas = [self._get_smoothness_reg(guess) for guess in guesses]
  File "/home/ryedida/bbo_challenge_starter_kit/example_submissions/smoothness/optimizer.py", line 105, in <listcomp>
    betas = [self._get_smoothness_reg(guess) for guess in guesses]
  File "/home/ryedida/bbo_challenge_starter_kit/example_submissions/smoothness/optimizer.py", line 48, in _get_smoothness_reg
    if activ > Kz:
NameError: name 'activ' is not defined
suggestion time taken 0.331394 iter 2 next_points [{'alpha': 3.132159145536335e-05, 'batch_size': 58, 'beta_1': 0.9684680293229204, 'beta_2': 0.9999874215758526, 'epsilon': 2.108108328009563e-09, 'hidden_layer_sizes': 150, 'learning_rate_init': 0.0013960374298435118, 'tol': 0.0002075233634838095, 'validation_fraction': 0.6480739634333147}]
/home/ryedida/.local/lib/python3.9/site-packages/sklearn/neural_network/_multilayer_perceptron.py:686: ConvergenceWarning: Stochastic Optimizer: Maximum iterations (200) reached and the optimization hasn't converged yet.
  warnings.warn(

function_evaluation time 1.101573 value 17564.311795 suggestion {'alpha': 3.132159145536335e-05, 'batch_size': 58, 'beta_1': 0.9684680293229204, 'beta_2': 0.9999874215758526, 'epsilon': 2.108108328009563e-09, 'hidden_layer_sizes': 150, 'learning_rate_init': 0.0013960374298435118, 'tol': 0.0002075233634838095, 'validation_fraction': 0.6480739634333147}
observation time 0.000006, current best 2966.098857 at iter 2
Failure in optimizer suggest. Falling back to random search.
name 'activ' is not defined
Traceback (most recent call last):
  File "/home/ryedida/.local/lib/python3.9/site-packages/bayesmark/experiment.py", line 126, in run_study
    next_points = optimizer.suggest(n_suggestions)
  File "/home/ryedida/bbo_challenge_starter_kit/example_submissions/smoothness/optimizer.py", line 105, in suggest
    betas = [self._get_smoothness_reg(guess) for guess in guesses]
  File "/home/ryedida/bbo_challenge_starter_kit/example_submissions/smoothness/optimizer.py", line 105, in <listcomp>
    betas = [self._get_smoothness_reg(guess) for guess in guesses]
  File "/home/ryedida/bbo_challenge_starter_kit/example_submissions/smoothness/optimizer.py", line 48, in _get_smoothness_reg
    if activ > Kz:
NameError: name 'activ' is not defined
suggestion time taken 0.330710 iter 3 next_points [{'alpha': 0.0003358338843409699, 'batch_size': 176, 'beta_1': 0.9725158951909099, 'beta_2': 0.9998066461506593, 'epsilon': 6.307365948686344e-09, 'hidden_layer_sizes': 115, 'learning_rate_init': 0.010105358121405906, 'tol': 7.016028679110152e-05, 'validation_fraction': 0.5541138319190501}]
/home/ryedida/.local/lib/python3.9/site-packages/sklearn/neural_network/_multilayer_perceptron.py:605: UserWarning: Got `batch_size` less than 1 or larger than sample size. It is going to be clipped
  warnings.warn(

function_evaluation time 0.705980 value 3944.440522 suggestion {'alpha': 0.0003358338843409699, 'batch_size': 176, 'beta_1': 0.9725158951909099, 'beta_2': 0.9998066461506593, 'epsilon': 6.307365948686344e-09, 'hidden_layer_sizes': 115, 'learning_rate_init': 0.010105358121405906, 'tol': 7.016028679110152e-05, 'validation_fraction': 0.5541138319190501}
observation time 0.000006, current best 2966.098857 at iter 3
Failure in optimizer suggest. Falling back to random search.
name 'activ' is not defined
Traceback (most recent call last):
  File "/home/ryedida/.local/lib/python3.9/site-packages/bayesmark/experiment.py", line 126, in run_study
    next_points = optimizer.suggest(n_suggestions)
  File "/home/ryedida/bbo_challenge_starter_kit/example_submissions/smoothness/optimizer.py", line 105, in suggest
    betas = [self._get_smoothness_reg(guess) for guess in guesses]
  File "/home/ryedida/bbo_challenge_starter_kit/example_submissions/smoothness/optimizer.py", line 105, in <listcomp>
    betas = [self._get_smoothness_reg(guess) for guess in guesses]
  File "/home/ryedida/bbo_challenge_starter_kit/example_submissions/smoothness/optimizer.py", line 48, in _get_smoothness_reg
    if activ > Kz:
NameError: name 'activ' is not defined
suggestion time taken 0.352788 iter 4 next_points [{'alpha': 0.009794686080948882, 'batch_size': 232, 'beta_1': 0.9761932462187397, 'beta_2': 0.996107640046126, 'epsilon': 9.891450512066814e-07, 'hidden_layer_sizes': 149, 'learning_rate_init': 0.0018175078932862968, 'tol': 0.00026222912436611745, 'validation_fraction': 0.4229665907492759}]
/home/ryedida/.local/lib/python3.9/site-packages/sklearn/neural_network/_multilayer_perceptron.py:605: UserWarning: Got `batch_size` less than 1 or larger than sample size. It is going to be clipped
  warnings.warn(

/home/ryedida/.local/lib/python3.9/site-packages/sklearn/neural_network/_multilayer_perceptron.py:686: ConvergenceWarning: Stochastic Optimizer: Maximum iterations (200) reached and the optimization hasn't converged yet.
  warnings.warn(

function_evaluation time 0.930096 value 24839.283818 suggestion {'alpha': 0.009794686080948882, 'batch_size': 232, 'beta_1': 0.9761932462187397, 'beta_2': 0.996107640046126, 'epsilon': 9.891450512066814e-07, 'hidden_layer_sizes': 149, 'learning_rate_init': 0.0018175078932862968, 'tol': 0.00026222912436611745, 'validation_fraction': 0.4229665907492759}
observation time 0.000006, current best 2966.098857 at iter 4
Failure in optimizer suggest. Falling back to random search.
name 'activ' is not defined
Traceback (most recent call last):
  File "/home/ryedida/.local/lib/python3.9/site-packages/bayesmark/experiment.py", line 126, in run_study
    next_points = optimizer.suggest(n_suggestions)
  File "/home/ryedida/bbo_challenge_starter_kit/example_submissions/smoothness/optimizer.py", line 105, in suggest
    betas = [self._get_smoothness_reg(guess) for guess in guesses]
  File "/home/ryedida/bbo_challenge_starter_kit/example_submissions/smoothness/optimizer.py", line 105, in <listcomp>
    betas = [self._get_smoothness_reg(guess) for guess in guesses]
  File "/home/ryedida/bbo_challenge_starter_kit/example_submissions/smoothness/optimizer.py", line 48, in _get_smoothness_reg
    if activ > Kz:
NameError: name 'activ' is not defined
suggestion time taken 0.330971 iter 5 next_points [{'alpha': 0.0020380353404828824, 'batch_size': 239, 'beta_1': 0.9638902425364858, 'beta_2': 0.9988065176701564, 'epsilon': 1.7244662841999643e-07, 'hidden_layer_sizes': 55, 'learning_rate_init': 0.0045532753799707665, 'tol': 0.03232137990463922, 'validation_fraction': 0.15856658479493974}]
function_evaluation time 0.053919 value 28892.562220 suggestion {'alpha': 0.0020380353404828824, 'batch_size': 239, 'beta_1': 0.9638902425364858, 'beta_2': 0.9988065176701564, 'epsilon': 1.7244662841999643e-07, 'hidden_layer_sizes': 55, 'learning_rate_init': 0.0045532753799707665, 'tol': 0.03232137990463922, 'validation_fraction': 0.15856658479493974}
observation time 0.000005, current best 2966.098857 at iter 5
Failure in optimizer suggest. Falling back to random search.
name 'activ' is not defined
Traceback (most recent call last):
  File "/home/ryedida/.local/lib/python3.9/site-packages/bayesmark/experiment.py", line 126, in run_study
    next_points = optimizer.suggest(n_suggestions)
  File "/home/ryedida/bbo_challenge_starter_kit/example_submissions/smoothness/optimizer.py", line 105, in suggest
    betas = [self._get_smoothness_reg(guess) for guess in guesses]
  File "/home/ryedida/bbo_challenge_starter_kit/example_submissions/smoothness/optimizer.py", line 105, in <listcomp>
    betas = [self._get_smoothness_reg(guess) for guess in guesses]
  File "/home/ryedida/bbo_challenge_starter_kit/example_submissions/smoothness/optimizer.py", line 48, in _get_smoothness_reg
    if activ > Kz:
NameError: name 'activ' is not defined
suggestion time taken 0.330817 iter 6 next_points [{'alpha': 0.02885926907996768, 'batch_size': 153, 'beta_1': 0.8405190280498853, 'beta_2': 0.9922429537985245, 'epsilon': 6.81660700410824e-07, 'hidden_layer_sizes': 189, 'learning_rate_init': 0.005737912906303573, 'tol': 0.026326784199592276, 'validation_fraction': 0.7787200628320972}]
/home/ryedida/.local/lib/python3.9/site-packages/sklearn/neural_network/_multilayer_perceptron.py:605: UserWarning: Got `batch_size` less than 1 or larger than sample size. It is going to be clipped
  warnings.warn(

function_evaluation time 0.061612 value 28719.310077 suggestion {'alpha': 0.02885926907996768, 'batch_size': 153, 'beta_1': 0.8405190280498853, 'beta_2': 0.9922429537985245, 'epsilon': 6.81660700410824e-07, 'hidden_layer_sizes': 189, 'learning_rate_init': 0.005737912906303573, 'tol': 0.026326784199592276, 'validation_fraction': 0.7787200628320972}
observation time 0.000006, current best 2966.098857 at iter 6
Failure in optimizer suggest. Falling back to random search.
name 'activ' is not defined
Traceback (most recent call last):
  File "/home/ryedida/.local/lib/python3.9/site-packages/bayesmark/experiment.py", line 126, in run_study
    next_points = optimizer.suggest(n_suggestions)
  File "/home/ryedida/bbo_challenge_starter_kit/example_submissions/smoothness/optimizer.py", line 105, in suggest
    betas = [self._get_smoothness_reg(guess) for guess in guesses]
  File "/home/ryedida/bbo_challenge_starter_kit/example_submissions/smoothness/optimizer.py", line 105, in <listcomp>
    betas = [self._get_smoothness_reg(guess) for guess in guesses]
  File "/home/ryedida/bbo_challenge_starter_kit/example_submissions/smoothness/optimizer.py", line 48, in _get_smoothness_reg
    if activ > Kz:
NameError: name 'activ' is not defined
suggestion time taken 0.469761 iter 7 next_points [{'alpha': 0.00023712726490325898, 'batch_size': 87, 'beta_1': 0.8228630932312964, 'beta_2': 0.9996731369381537, 'epsilon': 1.0736452164292697e-09, 'hidden_layer_sizes': 64, 'learning_rate_init': 0.00022054629330728036, 'tol': 0.08096095400661285, 'validation_fraction': 0.29245339037305174}]
function_evaluation time 0.054169 value 29112.316813 suggestion {'alpha': 0.00023712726490325898, 'batch_size': 87, 'beta_1': 0.8228630932312964, 'beta_2': 0.9996731369381537, 'epsilon': 1.0736452164292697e-09, 'hidden_layer_sizes': 64, 'learning_rate_init': 0.00022054629330728036, 'tol': 0.08096095400661285, 'validation_fraction': 0.29245339037305174}
observation time 0.000006, current best 2966.098857 at iter 7
Failure in optimizer suggest. Falling back to random search.
name 'activ' is not defined
Traceback (most recent call last):
  File "/home/ryedida/.local/lib/python3.9/site-packages/bayesmark/experiment.py", line 126, in run_study
    next_points = optimizer.suggest(n_suggestions)
  File "/home/ryedida/bbo_challenge_starter_kit/example_submissions/smoothness/optimizer.py", line 105, in suggest
    betas = [self._get_smoothness_reg(guess) for guess in guesses]
  File "/home/ryedida/bbo_challenge_starter_kit/example_submissions/smoothness/optimizer.py", line 105, in <listcomp>
    betas = [self._get_smoothness_reg(guess) for guess in guesses]
  File "/home/ryedida/bbo_challenge_starter_kit/example_submissions/smoothness/optimizer.py", line 48, in _get_smoothness_reg
    if activ > Kz:
NameError: name 'activ' is not defined
suggestion time taken 0.327283 iter 8 next_points [{'alpha': 9.323811679252142, 'batch_size': 137, 'beta_1': 0.9110402373618228, 'beta_2': 0.999998573192156, 'epsilon': 1.7777578705296874e-07, 'hidden_layer_sizes': 180, 'learning_rate_init': 8.061142209794518e-05, 'tol': 0.010358052981112533, 'validation_fraction': 0.11829314404033692}]
function_evaluation time 0.100816 value 29070.274389 suggestion {'alpha': 9.323811679252142, 'batch_size': 137, 'beta_1': 0.9110402373618228, 'beta_2': 0.999998573192156, 'epsilon': 1.7777578705296874e-07, 'hidden_layer_sizes': 180, 'learning_rate_init': 8.061142209794518e-05, 'tol': 0.010358052981112533, 'validation_fraction': 0.11829314404033692}
observation time 0.000006, current best 2966.098857 at iter 8
Failure in optimizer suggest. Falling back to random search.
name 'activ' is not defined
Traceback (most recent call last):
  File "/home/ryedida/.local/lib/python3.9/site-packages/bayesmark/experiment.py", line 126, in run_study
    next_points = optimizer.suggest(n_suggestions)
  File "/home/ryedida/bbo_challenge_starter_kit/example_submissions/smoothness/optimizer.py", line 105, in suggest
    betas = [self._get_smoothness_reg(guess) for guess in guesses]
  File "/home/ryedida/bbo_challenge_starter_kit/example_submissions/smoothness/optimizer.py", line 105, in <listcomp>
    betas = [self._get_smoothness_reg(guess) for guess in guesses]
  File "/home/ryedida/bbo_challenge_starter_kit/example_submissions/smoothness/optimizer.py", line 48, in _get_smoothness_reg
    if activ > Kz:
NameError: name 'activ' is not defined
suggestion time taken 0.316382 iter 9 next_points [{'alpha': 0.47198609558854115, 'batch_size': 112, 'beta_1': 0.9638954904626416, 'beta_2': 0.9927088506506139, 'epsilon': 2.747826502427011e-09, 'hidden_layer_sizes': 95, 'learning_rate_init': 0.022022173171189683, 'tol': 0.001696676114258804, 'validation_fraction': 0.8725365933306619}]
/home/ryedida/.local/lib/python3.9/site-packages/sklearn/neural_network/_multilayer_perceptron.py:605: UserWarning: Got `batch_size` less than 1 or larger than sample size. It is going to be clipped
  warnings.warn(

function_evaluation time 0.337731 value 4049.439169 suggestion {'alpha': 0.47198609558854115, 'batch_size': 112, 'beta_1': 0.9638954904626416, 'beta_2': 0.9927088506506139, 'epsilon': 2.747826502427011e-09, 'hidden_layer_sizes': 95, 'learning_rate_init': 0.022022173171189683, 'tol': 0.001696676114258804, 'validation_fraction': 0.8725365933306619}
observation time 0.000005, current best 2966.098857 at iter 9
Failure in optimizer suggest. Falling back to random search.
name 'activ' is not defined
Traceback (most recent call last):
  File "/home/ryedida/.local/lib/python3.9/site-packages/bayesmark/experiment.py", line 126, in run_study
    next_points = optimizer.suggest(n_suggestions)
  File "/home/ryedida/bbo_challenge_starter_kit/example_submissions/smoothness/optimizer.py", line 105, in suggest
    betas = [self._get_smoothness_reg(guess) for guess in guesses]
  File "/home/ryedida/bbo_challenge_starter_kit/example_submissions/smoothness/optimizer.py", line 105, in <listcomp>
    betas = [self._get_smoothness_reg(guess) for guess in guesses]
  File "/home/ryedida/bbo_challenge_starter_kit/example_submissions/smoothness/optimizer.py", line 48, in _get_smoothness_reg
    if activ > Kz:
NameError: name 'activ' is not defined
suggestion time taken 0.343720 iter 10 next_points [{'alpha': 7.325920492011644e-05, 'batch_size': 36, 'beta_1': 0.7252896015680181, 'beta_2': 0.9999974227018049, 'epsilon': 4.29111512999862e-08, 'hidden_layer_sizes': 54, 'learning_rate_init': 0.012280992905207977, 'tol': 0.09666025287745833, 'validation_fraction': 0.7907426705422498}]
function_evaluation time 0.058370 value 27683.572216 suggestion {'alpha': 7.325920492011644e-05, 'batch_size': 36, 'beta_1': 0.7252896015680181, 'beta_2': 0.9999974227018049, 'epsilon': 4.29111512999862e-08, 'hidden_layer_sizes': 54, 'learning_rate_init': 0.012280992905207977, 'tol': 0.09666025287745833, 'validation_fraction': 0.7907426705422498}
observation time 0.000006, current best 2966.098857 at iter 10
Failure in optimizer suggest. Falling back to random search.
name 'activ' is not defined
Traceback (most recent call last):
  File "/home/ryedida/.local/lib/python3.9/site-packages/bayesmark/experiment.py", line 126, in run_study
    next_points = optimizer.suggest(n_suggestions)
  File "/home/ryedida/bbo_challenge_starter_kit/example_submissions/smoothness/optimizer.py", line 105, in suggest
    betas = [self._get_smoothness_reg(guess) for guess in guesses]
  File "/home/ryedida/bbo_challenge_starter_kit/example_submissions/smoothness/optimizer.py", line 105, in <listcomp>
    betas = [self._get_smoothness_reg(guess) for guess in guesses]
  File "/home/ryedida/bbo_challenge_starter_kit/example_submissions/smoothness/optimizer.py", line 48, in _get_smoothness_reg
    if activ > Kz:
NameError: name 'activ' is not defined
suggestion time taken 0.322401 iter 11 next_points [{'alpha': 0.0003225911660597845, 'batch_size': 90, 'beta_1': 0.9187431408817984, 'beta_2': 0.9989134127603072, 'epsilon': 3.63120410300016e-08, 'hidden_layer_sizes': 81, 'learning_rate_init': 0.000996713676947307, 'tol': 0.010536035953841198, 'validation_fraction': 0.8954723114200146}]
/home/ryedida/.local/lib/python3.9/site-packages/sklearn/neural_network/_multilayer_perceptron.py:605: UserWarning: Got `batch_size` less than 1 or larger than sample size. It is going to be clipped
  warnings.warn(

function_evaluation time 0.047458 value 29060.287101 suggestion {'alpha': 0.0003225911660597845, 'batch_size': 90, 'beta_1': 0.9187431408817984, 'beta_2': 0.9989134127603072, 'epsilon': 3.63120410300016e-08, 'hidden_layer_sizes': 81, 'learning_rate_init': 0.000996713676947307, 'tol': 0.010536035953841198, 'validation_fraction': 0.8954723114200146}
observation time 0.000005, current best 2966.098857 at iter 11
Failure in optimizer suggest. Falling back to random search.
name 'activ' is not defined
Traceback (most recent call last):
  File "/home/ryedida/.local/lib/python3.9/site-packages/bayesmark/experiment.py", line 126, in run_study
    next_points = optimizer.suggest(n_suggestions)
  File "/home/ryedida/bbo_challenge_starter_kit/example_submissions/smoothness/optimizer.py", line 105, in suggest
    betas = [self._get_smoothness_reg(guess) for guess in guesses]
  File "/home/ryedida/bbo_challenge_starter_kit/example_submissions/smoothness/optimizer.py", line 105, in <listcomp>
    betas = [self._get_smoothness_reg(guess) for guess in guesses]
  File "/home/ryedida/bbo_challenge_starter_kit/example_submissions/smoothness/optimizer.py", line 48, in _get_smoothness_reg
    if activ > Kz:
NameError: name 'activ' is not defined
suggestion time taken 0.325673 iter 12 next_points [{'alpha': 0.10726596347068036, 'batch_size': 49, 'beta_1': 0.7637951987672266, 'beta_2': 0.9555754558809137, 'epsilon': 2.261895444874692e-09, 'hidden_layer_sizes': 67, 'learning_rate_init': 0.0006119114987396916, 'tol': 0.0034393610202936658, 'validation_fraction': 0.8092405633130135}]
function_evaluation time 0.059988 value 29039.174989 suggestion {'alpha': 0.10726596347068036, 'batch_size': 49, 'beta_1': 0.7637951987672266, 'beta_2': 0.9555754558809137, 'epsilon': 2.261895444874692e-09, 'hidden_layer_sizes': 67, 'learning_rate_init': 0.0006119114987396916, 'tol': 0.0034393610202936658, 'validation_fraction': 0.8092405633130135}
observation time 0.000005, current best 2966.098857 at iter 12
Failure in optimizer suggest. Falling back to random search.
name 'activ' is not defined
Traceback (most recent call last):
  File "/home/ryedida/.local/lib/python3.9/site-packages/bayesmark/experiment.py", line 126, in run_study
    next_points = optimizer.suggest(n_suggestions)
  File "/home/ryedida/bbo_challenge_starter_kit/example_submissions/smoothness/optimizer.py", line 105, in suggest
    betas = [self._get_smoothness_reg(guess) for guess in guesses]
  File "/home/ryedida/bbo_challenge_starter_kit/example_submissions/smoothness/optimizer.py", line 105, in <listcomp>
    betas = [self._get_smoothness_reg(guess) for guess in guesses]
  File "/home/ryedida/bbo_challenge_starter_kit/example_submissions/smoothness/optimizer.py", line 48, in _get_smoothness_reg
    if activ > Kz:
NameError: name 'activ' is not defined
suggestion time taken 0.323480 iter 13 next_points [{'alpha': 7.698767910549938, 'batch_size': 237, 'beta_1': 0.5710230310484415, 'beta_2': 0.9718385873151069, 'epsilon': 3.819146129254879e-08, 'hidden_layer_sizes': 71, 'learning_rate_init': 0.003073636796365166, 'tol': 3.882467092715998e-05, 'validation_fraction': 0.1322249456394556}]
/home/ryedida/.local/lib/python3.9/site-packages/sklearn/neural_network/_multilayer_perceptron.py:686: ConvergenceWarning: Stochastic Optimizer: Maximum iterations (200) reached and the optimization hasn't converged yet.
  warnings.warn(

function_evaluation time 1.009377 value 13273.384740 suggestion {'alpha': 7.698767910549938, 'batch_size': 237, 'beta_1': 0.5710230310484415, 'beta_2': 0.9718385873151069, 'epsilon': 3.819146129254879e-08, 'hidden_layer_sizes': 71, 'learning_rate_init': 0.003073636796365166, 'tol': 3.882467092715998e-05, 'validation_fraction': 0.1322249456394556}
observation time 0.000006, current best 2966.098857 at iter 13
Failure in optimizer suggest. Falling back to random search.
name 'activ' is not defined
Traceback (most recent call last):
  File "/home/ryedida/.local/lib/python3.9/site-packages/bayesmark/experiment.py", line 126, in run_study
    next_points = optimizer.suggest(n_suggestions)
  File "/home/ryedida/bbo_challenge_starter_kit/example_submissions/smoothness/optimizer.py", line 105, in suggest
    betas = [self._get_smoothness_reg(guess) for guess in guesses]
  File "/home/ryedida/bbo_challenge_starter_kit/example_submissions/smoothness/optimizer.py", line 105, in <listcomp>
    betas = [self._get_smoothness_reg(guess) for guess in guesses]
  File "/home/ryedida/bbo_challenge_starter_kit/example_submissions/smoothness/optimizer.py", line 48, in _get_smoothness_reg
    if activ > Kz:
NameError: name 'activ' is not defined
suggestion time taken 0.327005 iter 14 next_points [{'alpha': 0.0534218016694609, 'batch_size': 215, 'beta_1': 0.9013962909765874, 'beta_2': 0.9999540585149246, 'epsilon': 5.625537133553189e-09, 'hidden_layer_sizes': 90, 'learning_rate_init': 0.0002682816215351463, 'tol': 0.022143080449015046, 'validation_fraction': 0.3296727537564352}]
function_evaluation time 0.060605 value 29100.570207 suggestion {'alpha': 0.0534218016694609, 'batch_size': 215, 'beta_1': 0.9013962909765874, 'beta_2': 0.9999540585149246, 'epsilon': 5.625537133553189e-09, 'hidden_layer_sizes': 90, 'learning_rate_init': 0.0002682816215351463, 'tol': 0.022143080449015046, 'validation_fraction': 0.3296727537564352}
observation time 0.000005, current best 2966.098857 at iter 14
saving meta data: {'args': {'--uuid': '889ad1b48f3954ff9bb15acb36d2966f', '-db-root': '/home/ryedida/bbo_challenge_starter_kit/output', '--opt-root': '/home/ryedida/bbo_challenge_starter_kit/example_submissions', '--data-root': None, '--db': 'run_20230425_055340', '--opt': 'smoothness', '--data': 'diabetes', '--classifier': 'MLP-adam', '--metric': 'mse', '--calls': 15, '--suggestions': 1, '--jobs-file': None, '--verbose': False, 'dry_run': False, 'rev': 'a376313', 'opt_rev': 'x.x.x'}, 'signature': ([{'alpha': 0.019628224813442792, 'batch_size': 182, 'beta_1': 0.9410202200271762, 'beta_2': 0.9998021557676793, 'epsilon': 1.8662266976518e-08, 'hidden_layer_sizes': 147, 'learning_rate_init': 0.0005627932047415167, 'tol': 0.03690557729213761, 'validation_fraction': 0.8846827852548593}, {'alpha': 0.0019982467392329444, 'batch_size': 200, 'beta_1': 0.919111482530466, 'beta_2': 0.9998488260436156, 'epsilon': 5.981221901152555e-07, 'hidden_layer_sizes': 61, 'learning_rate_init': 2.2310905607443014e-05, 'tol': 1.2046852412030316e-05, 'validation_fraction': 0.8117896445826539}, {'alpha': 0.46659545670218433, 'batch_size': 219, 'beta_1': 0.9889789783750891, 'beta_2': 0.9999896868093284, 'epsilon': 2.4234724484675948e-08, 'hidden_layer_sizes': 167, 'learning_rate_init': 2.972334644335654e-05, 'tol': 0.0036281404040243792, 'validation_fraction': 0.17260651658522078}, {'alpha': 4.656005689076002, 'batch_size': 135, 'beta_1': 0.870503881627747, 'beta_2': 0.9948873266941017, 'epsilon': 2.1023308743480125e-07, 'hidden_layer_sizes': 118, 'learning_rate_init': 0.0018781738757161913, 'tol': 1.1889379831773004e-05, 'validation_fraction': 0.6264327093752792}, {'alpha': 0.04705159350400542, 'batch_size': 158, 'beta_1': 0.9870884262730957, 'beta_2': 0.9999596874382349, 'epsilon': 1.1981845126013875e-08, 'hidden_layer_sizes': 116, 'learning_rate_init': 0.00617340520407431, 'tol': 1.741413418158619e-05, 'validation_fraction': 0.6754299026638921}], [29083.993548572587, 29062.423277324073, 29075.78987471409, 24626.32866834337, 9584.226858493177])}
saving results
saving timing
saving suggest log
done
