running: {'--uuid': '930b0d5e431057c0b0fb4aeb65ef5cb4', '-db-root': '/home/ryedida/bbo_challenge_starter_kit/output', '--opt-root': '/home/ryedida/bbo_challenge_starter_kit/example_submissions', '--data-root': None, '--db': 'run_20230425_055340', '--opt': 'smoothness', '--data': 'diabetes', '--classifier': 'MLP-adam', '--metric': 'mae', '--calls': 15, '--suggestions': 1, '--jobs-file': None, '--verbose': False, 'dry_run': False, 'rev': 'a376313', 'opt_rev': 'x.x.x'}
cmd: python smoothness/optimizer.py -c MLP-adam -d diabetes -o smoothness -u 930b0d5e431057c0b0fb4aeb65ef5cb4 -m mae -n 15 -p 1 -dir /home/ryedida/bbo_challenge_starter_kit/output -b run_20230425_055340
/home/ryedida/.local/lib/python3.9/site-packages/sklearn/neural_network/_multilayer_perceptron.py:605: UserWarning: Got `batch_size` less than 1 or larger than sample size. It is going to be clipped
  warnings.warn(

/home/ryedida/.local/lib/python3.9/site-packages/sklearn/neural_network/_multilayer_perceptron.py:605: UserWarning: Got `batch_size` less than 1 or larger than sample size. It is going to be clipped
  warnings.warn(

/home/ryedida/.local/lib/python3.9/site-packages/sklearn/neural_network/_multilayer_perceptron.py:605: UserWarning: Got `batch_size` less than 1 or larger than sample size. It is going to be clipped
  warnings.warn(

/home/ryedida/.local/lib/python3.9/site-packages/sklearn/neural_network/_multilayer_perceptron.py:686: ConvergenceWarning: Stochastic Optimizer: Maximum iterations (200) reached and the optimization hasn't converged yet.
  warnings.warn(

/home/ryedida/.local/lib/python3.9/site-packages/sklearn/neural_network/_multilayer_perceptron.py:605: UserWarning: Got `batch_size` less than 1 or larger than sample size. It is going to be clipped
  warnings.warn(

/home/ryedida/.local/lib/python3.9/site-packages/sklearn/neural_network/_multilayer_perceptron.py:686: ConvergenceWarning: Stochastic Optimizer: Maximum iterations (200) reached and the optimization hasn't converged yet.
  warnings.warn(

computed signature: ([{'alpha': 0.019628224813442792, 'batch_size': 182, 'beta_1': 0.9410202200271762, 'beta_2': 0.9998021557676793, 'epsilon': 1.8662266976518e-08, 'hidden_layer_sizes': 147, 'learning_rate_init': 0.0005627932047415167, 'tol': 0.03690557729213761, 'validation_fraction': 0.8846827852548593}, {'alpha': 0.0019982467392329444, 'batch_size': 200, 'beta_1': 0.919111482530466, 'beta_2': 0.9998488260436156, 'epsilon': 5.981221901152555e-07, 'hidden_layer_sizes': 61, 'learning_rate_init': 2.2310905607443014e-05, 'tol': 1.2046852412030316e-05, 'validation_fraction': 0.8117896445826539}, {'alpha': 0.46659545670218433, 'batch_size': 219, 'beta_1': 0.9889789783750891, 'beta_2': 0.9999896868093284, 'epsilon': 2.4234724484675948e-08, 'hidden_layer_sizes': 167, 'learning_rate_init': 2.972334644335654e-05, 'tol': 0.0036281404040243792, 'validation_fraction': 0.17260651658522078}, {'alpha': 4.656005689076002, 'batch_size': 135, 'beta_1': 0.870503881627747, 'beta_2': 0.9948873266941017, 'epsilon': 2.1023308743480125e-07, 'hidden_layer_sizes': 118, 'learning_rate_init': 0.0018781738757161913, 'tol': 1.1889379831773004e-05, 'validation_fraction': 0.6264327093752792}, {'alpha': 0.04705159350400542, 'batch_size': 158, 'beta_1': 0.9870884262730957, 'beta_2': 0.9999596874382349, 'epsilon': 1.1981845126013875e-08, 'hidden_layer_sizes': 116, 'learning_rate_init': 0.00617340520407431, 'tol': 1.741413418158619e-05, 'validation_fraction': 0.6754299026638921}], [151.4971925380264, 151.42763539278994, 151.47026299046811, 136.86202504264318, 75.2055865763391])
Signature errors:
                                  0             1             2         3         4       max
MLP-adam_diabetes_mae  1.919244e-08  6.198704e-08  7.624578e-09  0.000007  0.000034  0.000034
max                    1.919244e-08  6.198704e-08  7.624578e-09  0.000007  0.000034  0.000034
starting sklearn study smoothness MLP-adam diabetes mae 15 1
with data root: None
Failure in optimizer suggest. Falling back to random search.
name 'activ' is not defined
Traceback (most recent call last):
  File "/home/ryedida/.local/lib/python3.9/site-packages/bayesmark/experiment.py", line 126, in run_study
    next_points = optimizer.suggest(n_suggestions)
  File "/home/ryedida/bbo_challenge_starter_kit/example_submissions/smoothness/optimizer.py", line 105, in suggest
    betas = [self._get_smoothness_reg(guess) for guess in guesses]
  File "/home/ryedida/bbo_challenge_starter_kit/example_submissions/smoothness/optimizer.py", line 105, in <listcomp>
    betas = [self._get_smoothness_reg(guess) for guess in guesses]
  File "/home/ryedida/bbo_challenge_starter_kit/example_submissions/smoothness/optimizer.py", line 48, in _get_smoothness_reg
    if activ > Kz:
NameError: name 'activ' is not defined
suggestion time taken 0.496268 iter 0 next_points [{'alpha': 0.0006546935930565602, 'batch_size': 180, 'beta_1': 0.9505013374781682, 'beta_2': 0.9994876164627139, 'epsilon': 1.0355489633972505e-07, 'hidden_layer_sizes': 98, 'learning_rate_init': 0.052448284333014045, 'tol': 1.4453075651420685e-05, 'validation_fraction': 0.17398424755090233}]
function_evaluation time 0.236946 value 52.296686 suggestion {'alpha': 0.0006546935930565602, 'batch_size': 180, 'beta_1': 0.9505013374781682, 'beta_2': 0.9994876164627139, 'epsilon': 1.0355489633972505e-07, 'hidden_layer_sizes': 98, 'learning_rate_init': 0.052448284333014045, 'tol': 1.4453075651420685e-05, 'validation_fraction': 0.17398424755090233}
observation time 0.000007, current best 52.296686 at iter 0
Failure in optimizer suggest. Falling back to random search.
name 'activ' is not defined
Traceback (most recent call last):
  File "/home/ryedida/.local/lib/python3.9/site-packages/bayesmark/experiment.py", line 126, in run_study
    next_points = optimizer.suggest(n_suggestions)
  File "/home/ryedida/bbo_challenge_starter_kit/example_submissions/smoothness/optimizer.py", line 105, in suggest
    betas = [self._get_smoothness_reg(guess) for guess in guesses]
  File "/home/ryedida/bbo_challenge_starter_kit/example_submissions/smoothness/optimizer.py", line 105, in <listcomp>
    betas = [self._get_smoothness_reg(guess) for guess in guesses]
  File "/home/ryedida/bbo_challenge_starter_kit/example_submissions/smoothness/optimizer.py", line 48, in _get_smoothness_reg
    if activ > Kz:
NameError: name 'activ' is not defined
suggestion time taken 0.344912 iter 1 next_points [{'alpha': 0.01980747972188661, 'batch_size': 58, 'beta_1': 0.5539578345402755, 'beta_2': 0.9954606980581625, 'epsilon': 2.453911478483607e-07, 'hidden_layer_sizes': 99, 'learning_rate_init': 0.0009318925233729439, 'tol': 0.0050877482017334715, 'validation_fraction': 0.22213677535497878}]
function_evaluation time 0.066069 value 150.830485 suggestion {'alpha': 0.01980747972188661, 'batch_size': 58, 'beta_1': 0.5539578345402755, 'beta_2': 0.9954606980581625, 'epsilon': 2.453911478483607e-07, 'hidden_layer_sizes': 99, 'learning_rate_init': 0.0009318925233729439, 'tol': 0.0050877482017334715, 'validation_fraction': 0.22213677535497878}
observation time 0.000005, current best 52.296686 at iter 1
Failure in optimizer suggest. Falling back to random search.
name 'activ' is not defined
Traceback (most recent call last):
  File "/home/ryedida/.local/lib/python3.9/site-packages/bayesmark/experiment.py", line 126, in run_study
    next_points = optimizer.suggest(n_suggestions)
  File "/home/ryedida/bbo_challenge_starter_kit/example_submissions/smoothness/optimizer.py", line 105, in suggest
    betas = [self._get_smoothness_reg(guess) for guess in guesses]
  File "/home/ryedida/bbo_challenge_starter_kit/example_submissions/smoothness/optimizer.py", line 105, in <listcomp>
    betas = [self._get_smoothness_reg(guess) for guess in guesses]
  File "/home/ryedida/bbo_challenge_starter_kit/example_submissions/smoothness/optimizer.py", line 48, in _get_smoothness_reg
    if activ > Kz:
NameError: name 'activ' is not defined
suggestion time taken 0.329553 iter 2 next_points [{'alpha': 0.0020129437929262404, 'batch_size': 212, 'beta_1': 0.6200051106106721, 'beta_2': 0.9999463197320965, 'epsilon': 1.46043550717412e-09, 'hidden_layer_sizes': 140, 'learning_rate_init': 0.05289647125405705, 'tol': 0.0005698789466933318, 'validation_fraction': 0.25044796622663984}]
function_evaluation time 0.398957 value 44.977944 suggestion {'alpha': 0.0020129437929262404, 'batch_size': 212, 'beta_1': 0.6200051106106721, 'beta_2': 0.9999463197320965, 'epsilon': 1.46043550717412e-09, 'hidden_layer_sizes': 140, 'learning_rate_init': 0.05289647125405705, 'tol': 0.0005698789466933318, 'validation_fraction': 0.25044796622663984}
observation time 0.000005, current best 44.977944 at iter 2
Failure in optimizer suggest. Falling back to random search.
name 'activ' is not defined
Traceback (most recent call last):
  File "/home/ryedida/.local/lib/python3.9/site-packages/bayesmark/experiment.py", line 126, in run_study
    next_points = optimizer.suggest(n_suggestions)
  File "/home/ryedida/bbo_challenge_starter_kit/example_submissions/smoothness/optimizer.py", line 105, in suggest
    betas = [self._get_smoothness_reg(guess) for guess in guesses]
  File "/home/ryedida/bbo_challenge_starter_kit/example_submissions/smoothness/optimizer.py", line 105, in <listcomp>
    betas = [self._get_smoothness_reg(guess) for guess in guesses]
  File "/home/ryedida/bbo_challenge_starter_kit/example_submissions/smoothness/optimizer.py", line 48, in _get_smoothness_reg
    if activ > Kz:
NameError: name 'activ' is not defined
suggestion time taken 0.334999 iter 3 next_points [{'alpha': 0.00015312284535619865, 'batch_size': 80, 'beta_1': 0.9896055184194498, 'beta_2': 0.9431520923230329, 'epsilon': 7.136313701327847e-08, 'hidden_layer_sizes': 162, 'learning_rate_init': 0.00024076538610155892, 'tol': 0.014748871514067697, 'validation_fraction': 0.13362813637566942}]
function_evaluation time 0.115476 value 151.453438 suggestion {'alpha': 0.00015312284535619865, 'batch_size': 80, 'beta_1': 0.9896055184194498, 'beta_2': 0.9431520923230329, 'epsilon': 7.136313701327847e-08, 'hidden_layer_sizes': 162, 'learning_rate_init': 0.00024076538610155892, 'tol': 0.014748871514067697, 'validation_fraction': 0.13362813637566942}
observation time 0.000006, current best 44.977944 at iter 3
Failure in optimizer suggest. Falling back to random search.
name 'activ' is not defined
Traceback (most recent call last):
  File "/home/ryedida/.local/lib/python3.9/site-packages/bayesmark/experiment.py", line 126, in run_study
    next_points = optimizer.suggest(n_suggestions)
  File "/home/ryedida/bbo_challenge_starter_kit/example_submissions/smoothness/optimizer.py", line 105, in suggest
    betas = [self._get_smoothness_reg(guess) for guess in guesses]
  File "/home/ryedida/bbo_challenge_starter_kit/example_submissions/smoothness/optimizer.py", line 105, in <listcomp>
    betas = [self._get_smoothness_reg(guess) for guess in guesses]
  File "/home/ryedida/bbo_challenge_starter_kit/example_submissions/smoothness/optimizer.py", line 48, in _get_smoothness_reg
    if activ > Kz:
NameError: name 'activ' is not defined
suggestion time taken 0.331105 iter 4 next_points [{'alpha': 0.16309237179775984, 'batch_size': 148, 'beta_1': 0.5101366890990452, 'beta_2': 0.9999988950501916, 'epsilon': 7.213587538638779e-09, 'hidden_layer_sizes': 122, 'learning_rate_init': 0.009707106560808846, 'tol': 0.0020822293266386425, 'validation_fraction': 0.5741321635556446}]
function_evaluation time 0.610363 value 51.074455 suggestion {'alpha': 0.16309237179775984, 'batch_size': 148, 'beta_1': 0.5101366890990452, 'beta_2': 0.9999988950501916, 'epsilon': 7.213587538638779e-09, 'hidden_layer_sizes': 122, 'learning_rate_init': 0.009707106560808846, 'tol': 0.0020822293266386425, 'validation_fraction': 0.5741321635556446}
observation time 0.000004, current best 44.977944 at iter 4
Failure in optimizer suggest. Falling back to random search.
name 'activ' is not defined
Traceback (most recent call last):
  File "/home/ryedida/.local/lib/python3.9/site-packages/bayesmark/experiment.py", line 126, in run_study
    next_points = optimizer.suggest(n_suggestions)
  File "/home/ryedida/bbo_challenge_starter_kit/example_submissions/smoothness/optimizer.py", line 105, in suggest
    betas = [self._get_smoothness_reg(guess) for guess in guesses]
  File "/home/ryedida/bbo_challenge_starter_kit/example_submissions/smoothness/optimizer.py", line 105, in <listcomp>
    betas = [self._get_smoothness_reg(guess) for guess in guesses]
  File "/home/ryedida/bbo_challenge_starter_kit/example_submissions/smoothness/optimizer.py", line 48, in _get_smoothness_reg
    if activ > Kz:
NameError: name 'activ' is not defined
suggestion time taken 0.332526 iter 5 next_points [{'alpha': 0.006097307772352897, 'batch_size': 221, 'beta_1': 0.813790478024059, 'beta_2': 0.9999903530923238, 'epsilon': 3.238324933826067e-08, 'hidden_layer_sizes': 170, 'learning_rate_init': 0.0008718005184777514, 'tol': 0.00022378907804622073, 'validation_fraction': 0.4782788455774914}]
/home/ryedida/.local/lib/python3.9/site-packages/sklearn/neural_network/_multilayer_perceptron.py:605: UserWarning: Got `batch_size` less than 1 or larger than sample size. It is going to be clipped
  warnings.warn(

/home/ryedida/.local/lib/python3.9/site-packages/sklearn/neural_network/_multilayer_perceptron.py:686: ConvergenceWarning: Stochastic Optimizer: Maximum iterations (200) reached and the optimization hasn't converged yet.
  warnings.warn(

function_evaluation time 0.926172 value 144.893468 suggestion {'alpha': 0.006097307772352897, 'batch_size': 221, 'beta_1': 0.813790478024059, 'beta_2': 0.9999903530923238, 'epsilon': 3.238324933826067e-08, 'hidden_layer_sizes': 170, 'learning_rate_init': 0.0008718005184777514, 'tol': 0.00022378907804622073, 'validation_fraction': 0.4782788455774914}
observation time 0.000006, current best 44.977944 at iter 5
Failure in optimizer suggest. Falling back to random search.
name 'activ' is not defined
Traceback (most recent call last):
  File "/home/ryedida/.local/lib/python3.9/site-packages/bayesmark/experiment.py", line 126, in run_study
    next_points = optimizer.suggest(n_suggestions)
  File "/home/ryedida/bbo_challenge_starter_kit/example_submissions/smoothness/optimizer.py", line 105, in suggest
    betas = [self._get_smoothness_reg(guess) for guess in guesses]
  File "/home/ryedida/bbo_challenge_starter_kit/example_submissions/smoothness/optimizer.py", line 105, in <listcomp>
    betas = [self._get_smoothness_reg(guess) for guess in guesses]
  File "/home/ryedida/bbo_challenge_starter_kit/example_submissions/smoothness/optimizer.py", line 48, in _get_smoothness_reg
    if activ > Kz:
NameError: name 'activ' is not defined
suggestion time taken 0.328389 iter 6 next_points [{'alpha': 0.0005809612065996458, 'batch_size': 45, 'beta_1': 0.6255821222920439, 'beta_2': 0.9971087875723509, 'epsilon': 1.0033513037447172e-07, 'hidden_layer_sizes': 162, 'learning_rate_init': 0.0123085974607893, 'tol': 2.3908166366785354e-05, 'validation_fraction': 0.33481207684011494}]
function_evaluation time 0.898555 value 45.747000 suggestion {'alpha': 0.0005809612065996458, 'batch_size': 45, 'beta_1': 0.6255821222920439, 'beta_2': 0.9971087875723509, 'epsilon': 1.0033513037447172e-07, 'hidden_layer_sizes': 162, 'learning_rate_init': 0.0123085974607893, 'tol': 2.3908166366785354e-05, 'validation_fraction': 0.33481207684011494}
observation time 0.000004, current best 44.977944 at iter 6
Failure in optimizer suggest. Falling back to random search.
name 'activ' is not defined
Traceback (most recent call last):
  File "/home/ryedida/.local/lib/python3.9/site-packages/bayesmark/experiment.py", line 126, in run_study
    next_points = optimizer.suggest(n_suggestions)
  File "/home/ryedida/bbo_challenge_starter_kit/example_submissions/smoothness/optimizer.py", line 105, in suggest
    betas = [self._get_smoothness_reg(guess) for guess in guesses]
  File "/home/ryedida/bbo_challenge_starter_kit/example_submissions/smoothness/optimizer.py", line 105, in <listcomp>
    betas = [self._get_smoothness_reg(guess) for guess in guesses]
  File "/home/ryedida/bbo_challenge_starter_kit/example_submissions/smoothness/optimizer.py", line 48, in _get_smoothness_reg
    if activ > Kz:
NameError: name 'activ' is not defined
suggestion time taken 0.460652 iter 7 next_points [{'alpha': 0.0002258719016761448, 'batch_size': 141, 'beta_1': 0.9685375186252025, 'beta_2': 0.9994264281826359, 'epsilon': 8.205972997190617e-09, 'hidden_layer_sizes': 126, 'learning_rate_init': 4.1099147895362705e-05, 'tol': 0.015700961339772036, 'validation_fraction': 0.7686811148693866}]
/home/ryedida/.local/lib/python3.9/site-packages/sklearn/neural_network/_multilayer_perceptron.py:605: UserWarning: Got `batch_size` less than 1 or larger than sample size. It is going to be clipped
  warnings.warn(

function_evaluation time 0.052517 value 151.596124 suggestion {'alpha': 0.0002258719016761448, 'batch_size': 141, 'beta_1': 0.9685375186252025, 'beta_2': 0.9994264281826359, 'epsilon': 8.205972997190617e-09, 'hidden_layer_sizes': 126, 'learning_rate_init': 4.1099147895362705e-05, 'tol': 0.015700961339772036, 'validation_fraction': 0.7686811148693866}
observation time 0.000005, current best 44.977944 at iter 7
Failure in optimizer suggest. Falling back to random search.
name 'activ' is not defined
Traceback (most recent call last):
  File "/home/ryedida/.local/lib/python3.9/site-packages/bayesmark/experiment.py", line 126, in run_study
    next_points = optimizer.suggest(n_suggestions)
  File "/home/ryedida/bbo_challenge_starter_kit/example_submissions/smoothness/optimizer.py", line 105, in suggest
    betas = [self._get_smoothness_reg(guess) for guess in guesses]
  File "/home/ryedida/bbo_challenge_starter_kit/example_submissions/smoothness/optimizer.py", line 105, in <listcomp>
    betas = [self._get_smoothness_reg(guess) for guess in guesses]
  File "/home/ryedida/bbo_challenge_starter_kit/example_submissions/smoothness/optimizer.py", line 48, in _get_smoothness_reg
    if activ > Kz:
NameError: name 'activ' is not defined
suggestion time taken 0.333635 iter 8 next_points [{'alpha': 1.348863437577856, 'batch_size': 90, 'beta_1': 0.9090144985933116, 'beta_2': 0.9999532844460013, 'epsilon': 9.227538451855632e-09, 'hidden_layer_sizes': 120, 'learning_rate_init': 9.113156292586577e-05, 'tol': 0.004320885816622246, 'validation_fraction': 0.3279223508984825}]
function_evaluation time 0.083708 value 151.571432 suggestion {'alpha': 1.348863437577856, 'batch_size': 90, 'beta_1': 0.9090144985933116, 'beta_2': 0.9999532844460013, 'epsilon': 9.227538451855632e-09, 'hidden_layer_sizes': 120, 'learning_rate_init': 9.113156292586577e-05, 'tol': 0.004320885816622246, 'validation_fraction': 0.3279223508984825}
observation time 0.000005, current best 44.977944 at iter 8
Failure in optimizer suggest. Falling back to random search.
name 'activ' is not defined
Traceback (most recent call last):
  File "/home/ryedida/.local/lib/python3.9/site-packages/bayesmark/experiment.py", line 126, in run_study
    next_points = optimizer.suggest(n_suggestions)
  File "/home/ryedida/bbo_challenge_starter_kit/example_submissions/smoothness/optimizer.py", line 105, in suggest
    betas = [self._get_smoothness_reg(guess) for guess in guesses]
  File "/home/ryedida/bbo_challenge_starter_kit/example_submissions/smoothness/optimizer.py", line 105, in <listcomp>
    betas = [self._get_smoothness_reg(guess) for guess in guesses]
  File "/home/ryedida/bbo_challenge_starter_kit/example_submissions/smoothness/optimizer.py", line 48, in _get_smoothness_reg
    if activ > Kz:
NameError: name 'activ' is not defined
suggestion time taken 0.322920 iter 9 next_points [{'alpha': 0.00012959106584420043, 'batch_size': 225, 'beta_1': 0.7834904185768314, 'beta_2': 0.9999321860217442, 'epsilon': 3.0083746231578297e-08, 'hidden_layer_sizes': 82, 'learning_rate_init': 0.0011223229279255474, 'tol': 0.003946938998867044, 'validation_fraction': 0.7330798113554691}]
/home/ryedida/.local/lib/python3.9/site-packages/sklearn/neural_network/_multilayer_perceptron.py:605: UserWarning: Got `batch_size` less than 1 or larger than sample size. It is going to be clipped
  warnings.warn(

function_evaluation time 0.047777 value 151.430247 suggestion {'alpha': 0.00012959106584420043, 'batch_size': 225, 'beta_1': 0.7834904185768314, 'beta_2': 0.9999321860217442, 'epsilon': 3.0083746231578297e-08, 'hidden_layer_sizes': 82, 'learning_rate_init': 0.0011223229279255474, 'tol': 0.003946938998867044, 'validation_fraction': 0.7330798113554691}
observation time 0.000005, current best 44.977944 at iter 9
Failure in optimizer suggest. Falling back to random search.
name 'activ' is not defined
Traceback (most recent call last):
  File "/home/ryedida/.local/lib/python3.9/site-packages/bayesmark/experiment.py", line 126, in run_study
    next_points = optimizer.suggest(n_suggestions)
  File "/home/ryedida/bbo_challenge_starter_kit/example_submissions/smoothness/optimizer.py", line 105, in suggest
    betas = [self._get_smoothness_reg(guess) for guess in guesses]
  File "/home/ryedida/bbo_challenge_starter_kit/example_submissions/smoothness/optimizer.py", line 105, in <listcomp>
    betas = [self._get_smoothness_reg(guess) for guess in guesses]
  File "/home/ryedida/bbo_challenge_starter_kit/example_submissions/smoothness/optimizer.py", line 48, in _get_smoothness_reg
    if activ > Kz:
NameError: name 'activ' is not defined
suggestion time taken 0.320756 iter 10 next_points [{'alpha': 5.7320967942144913e-05, 'batch_size': 48, 'beta_1': 0.8025169396131911, 'beta_2': 0.9999100613363473, 'epsilon': 1.0963476342809478e-09, 'hidden_layer_sizes': 131, 'learning_rate_init': 0.06751881194821288, 'tol': 2.9274268832142275e-05, 'validation_fraction': 0.10852446139186382}]
function_evaluation time 0.398287 value 44.654006 suggestion {'alpha': 5.7320967942144913e-05, 'batch_size': 48, 'beta_1': 0.8025169396131911, 'beta_2': 0.9999100613363473, 'epsilon': 1.0963476342809478e-09, 'hidden_layer_sizes': 131, 'learning_rate_init': 0.06751881194821288, 'tol': 2.9274268832142275e-05, 'validation_fraction': 0.10852446139186382}
observation time 0.000004, current best 44.654006 at iter 10
Failure in optimizer suggest. Falling back to random search.
name 'activ' is not defined
Traceback (most recent call last):
  File "/home/ryedida/.local/lib/python3.9/site-packages/bayesmark/experiment.py", line 126, in run_study
    next_points = optimizer.suggest(n_suggestions)
  File "/home/ryedida/bbo_challenge_starter_kit/example_submissions/smoothness/optimizer.py", line 105, in suggest
    betas = [self._get_smoothness_reg(guess) for guess in guesses]
  File "/home/ryedida/bbo_challenge_starter_kit/example_submissions/smoothness/optimizer.py", line 105, in <listcomp>
    betas = [self._get_smoothness_reg(guess) for guess in guesses]
  File "/home/ryedida/bbo_challenge_starter_kit/example_submissions/smoothness/optimizer.py", line 48, in _get_smoothness_reg
    if activ > Kz:
NameError: name 'activ' is not defined
suggestion time taken 0.322040 iter 11 next_points [{'alpha': 0.017422481101804818, 'batch_size': 172, 'beta_1': 0.9782962040392756, 'beta_2': 0.9974450625440429, 'epsilon': 1.99287587066619e-08, 'hidden_layer_sizes': 97, 'learning_rate_init': 0.005479028707717091, 'tol': 5.938513972125885e-05, 'validation_fraction': 0.7120371998585999}]
/home/ryedida/.local/lib/python3.9/site-packages/sklearn/neural_network/_multilayer_perceptron.py:605: UserWarning: Got `batch_size` less than 1 or larger than sample size. It is going to be clipped
  warnings.warn(

/home/ryedida/.local/lib/python3.9/site-packages/sklearn/neural_network/_multilayer_perceptron.py:686: ConvergenceWarning: Stochastic Optimizer: Maximum iterations (200) reached and the optimization hasn't converged yet.
  warnings.warn(

function_evaluation time 0.662817 value 92.154834 suggestion {'alpha': 0.017422481101804818, 'batch_size': 172, 'beta_1': 0.9782962040392756, 'beta_2': 0.9974450625440429, 'epsilon': 1.99287587066619e-08, 'hidden_layer_sizes': 97, 'learning_rate_init': 0.005479028707717091, 'tol': 5.938513972125885e-05, 'validation_fraction': 0.7120371998585999}
observation time 0.000005, current best 44.654006 at iter 11
Failure in optimizer suggest. Falling back to random search.
name 'activ' is not defined
Traceback (most recent call last):
  File "/home/ryedida/.local/lib/python3.9/site-packages/bayesmark/experiment.py", line 126, in run_study
    next_points = optimizer.suggest(n_suggestions)
  File "/home/ryedida/bbo_challenge_starter_kit/example_submissions/smoothness/optimizer.py", line 105, in suggest
    betas = [self._get_smoothness_reg(guess) for guess in guesses]
  File "/home/ryedida/bbo_challenge_starter_kit/example_submissions/smoothness/optimizer.py", line 105, in <listcomp>
    betas = [self._get_smoothness_reg(guess) for guess in guesses]
  File "/home/ryedida/bbo_challenge_starter_kit/example_submissions/smoothness/optimizer.py", line 48, in _get_smoothness_reg
    if activ > Kz:
NameError: name 'activ' is not defined
suggestion time taken 0.322567 iter 12 next_points [{'alpha': 5.867052688865219e-05, 'batch_size': 94, 'beta_1': 0.623054453102078, 'beta_2': 0.9999923309281208, 'epsilon': 1.670642085251322e-09, 'hidden_layer_sizes': 51, 'learning_rate_init': 0.025835848574764748, 'tol': 0.05293328076325661, 'validation_fraction': 0.5961871577129231}]
function_evaluation time 0.144690 value 53.953446 suggestion {'alpha': 5.867052688865219e-05, 'batch_size': 94, 'beta_1': 0.623054453102078, 'beta_2': 0.9999923309281208, 'epsilon': 1.670642085251322e-09, 'hidden_layer_sizes': 51, 'learning_rate_init': 0.025835848574764748, 'tol': 0.05293328076325661, 'validation_fraction': 0.5961871577129231}
observation time 0.000005, current best 44.654006 at iter 12
Failure in optimizer suggest. Falling back to random search.
name 'activ' is not defined
Traceback (most recent call last):
  File "/home/ryedida/.local/lib/python3.9/site-packages/bayesmark/experiment.py", line 126, in run_study
    next_points = optimizer.suggest(n_suggestions)
  File "/home/ryedida/bbo_challenge_starter_kit/example_submissions/smoothness/optimizer.py", line 105, in suggest
    betas = [self._get_smoothness_reg(guess) for guess in guesses]
  File "/home/ryedida/bbo_challenge_starter_kit/example_submissions/smoothness/optimizer.py", line 105, in <listcomp>
    betas = [self._get_smoothness_reg(guess) for guess in guesses]
  File "/home/ryedida/bbo_challenge_starter_kit/example_submissions/smoothness/optimizer.py", line 48, in _get_smoothness_reg
    if activ > Kz:
NameError: name 'activ' is not defined
suggestion time taken 0.325307 iter 13 next_points [{'alpha': 2.750377430923415e-05, 'batch_size': 125, 'beta_1': 0.9696981876128251, 'beta_2': 0.999937695474435, 'epsilon': 1.6029141597021177e-09, 'hidden_layer_sizes': 157, 'learning_rate_init': 0.0058219680000257444, 'tol': 0.000798240479100707, 'validation_fraction': 0.43710475017754424}]
function_evaluation time 0.938062 value 50.396458 suggestion {'alpha': 2.750377430923415e-05, 'batch_size': 125, 'beta_1': 0.9696981876128251, 'beta_2': 0.999937695474435, 'epsilon': 1.6029141597021177e-09, 'hidden_layer_sizes': 157, 'learning_rate_init': 0.0058219680000257444, 'tol': 0.000798240479100707, 'validation_fraction': 0.43710475017754424}
observation time 0.000005, current best 44.654006 at iter 13
Failure in optimizer suggest. Falling back to random search.
name 'activ' is not defined
Traceback (most recent call last):
  File "/home/ryedida/.local/lib/python3.9/site-packages/bayesmark/experiment.py", line 126, in run_study
    next_points = optimizer.suggest(n_suggestions)
  File "/home/ryedida/bbo_challenge_starter_kit/example_submissions/smoothness/optimizer.py", line 105, in suggest
    betas = [self._get_smoothness_reg(guess) for guess in guesses]
  File "/home/ryedida/bbo_challenge_starter_kit/example_submissions/smoothness/optimizer.py", line 105, in <listcomp>
    betas = [self._get_smoothness_reg(guess) for guess in guesses]
  File "/home/ryedida/bbo_challenge_starter_kit/example_submissions/smoothness/optimizer.py", line 48, in _get_smoothness_reg
    if activ > Kz:
NameError: name 'activ' is not defined
suggestion time taken 0.325665 iter 14 next_points [{'alpha': 0.4635177338303389, 'batch_size': 213, 'beta_1': 0.9898131525976545, 'beta_2': 0.9999945334211793, 'epsilon': 6.810468966249865e-08, 'hidden_layer_sizes': 55, 'learning_rate_init': 0.00016339307376042622, 'tol': 0.002084609598882973, 'validation_fraction': 0.10776559497003303}]
function_evaluation time 0.061682 value 151.392607 suggestion {'alpha': 0.4635177338303389, 'batch_size': 213, 'beta_1': 0.9898131525976545, 'beta_2': 0.9999945334211793, 'epsilon': 6.810468966249865e-08, 'hidden_layer_sizes': 55, 'learning_rate_init': 0.00016339307376042622, 'tol': 0.002084609598882973, 'validation_fraction': 0.10776559497003303}
observation time 0.000005, current best 44.654006 at iter 14
saving meta data: {'args': {'--uuid': '930b0d5e431057c0b0fb4aeb65ef5cb4', '-db-root': '/home/ryedida/bbo_challenge_starter_kit/output', '--opt-root': '/home/ryedida/bbo_challenge_starter_kit/example_submissions', '--data-root': None, '--db': 'run_20230425_055340', '--opt': 'smoothness', '--data': 'diabetes', '--classifier': 'MLP-adam', '--metric': 'mae', '--calls': 15, '--suggestions': 1, '--jobs-file': None, '--verbose': False, 'dry_run': False, 'rev': 'a376313', 'opt_rev': 'x.x.x'}, 'signature': ([{'alpha': 0.019628224813442792, 'batch_size': 182, 'beta_1': 0.9410202200271762, 'beta_2': 0.9998021557676793, 'epsilon': 1.8662266976518e-08, 'hidden_layer_sizes': 147, 'learning_rate_init': 0.0005627932047415167, 'tol': 0.03690557729213761, 'validation_fraction': 0.8846827852548593}, {'alpha': 0.0019982467392329444, 'batch_size': 200, 'beta_1': 0.919111482530466, 'beta_2': 0.9998488260436156, 'epsilon': 5.981221901152555e-07, 'hidden_layer_sizes': 61, 'learning_rate_init': 2.2310905607443014e-05, 'tol': 1.2046852412030316e-05, 'validation_fraction': 0.8117896445826539}, {'alpha': 0.46659545670218433, 'batch_size': 219, 'beta_1': 0.9889789783750891, 'beta_2': 0.9999896868093284, 'epsilon': 2.4234724484675948e-08, 'hidden_layer_sizes': 167, 'learning_rate_init': 2.972334644335654e-05, 'tol': 0.0036281404040243792, 'validation_fraction': 0.17260651658522078}, {'alpha': 4.656005689076002, 'batch_size': 135, 'beta_1': 0.870503881627747, 'beta_2': 0.9948873266941017, 'epsilon': 2.1023308743480125e-07, 'hidden_layer_sizes': 118, 'learning_rate_init': 0.0018781738757161913, 'tol': 1.1889379831773004e-05, 'validation_fraction': 0.6264327093752792}, {'alpha': 0.04705159350400542, 'batch_size': 158, 'beta_1': 0.9870884262730957, 'beta_2': 0.9999596874382349, 'epsilon': 1.1981845126013875e-08, 'hidden_layer_sizes': 116, 'learning_rate_init': 0.00617340520407431, 'tol': 1.741413418158619e-05, 'validation_fraction': 0.6754299026638921}], [151.4971925380264, 151.42763539278994, 151.47026299046811, 136.86202504264318, 75.2055865763391])}
saving results
saving timing
saving suggest log
done
