running: {'--uuid': 'a4643a087c5c5071a058d6e31201c055', '-db-root': '/home/ryedida/bbo_challenge_starter_kit/output', '--opt-root': '/home/ryedida/bbo_challenge_starter_kit/example_submissions', '--data-root': None, '--db': 'run_20230425_055340', '--opt': 'smoothness', '--data': 'diabetes', '--classifier': 'MLP-adam', '--metric': 'mae', '--calls': 15, '--suggestions': 1, '--jobs-file': None, '--verbose': False, 'dry_run': False, 'rev': 'a376313', 'opt_rev': 'x.x.x'}
cmd: python smoothness/optimizer.py -c MLP-adam -d diabetes -o smoothness -u a4643a087c5c5071a058d6e31201c055 -m mae -n 15 -p 1 -dir /home/ryedida/bbo_challenge_starter_kit/output -b run_20230425_055340
/home/ryedida/.local/lib/python3.9/site-packages/sklearn/neural_network/_multilayer_perceptron.py:605: UserWarning: Got `batch_size` less than 1 or larger than sample size. It is going to be clipped
  warnings.warn(

/home/ryedida/.local/lib/python3.9/site-packages/sklearn/neural_network/_multilayer_perceptron.py:605: UserWarning: Got `batch_size` less than 1 or larger than sample size. It is going to be clipped
  warnings.warn(

/home/ryedida/.local/lib/python3.9/site-packages/sklearn/neural_network/_multilayer_perceptron.py:605: UserWarning: Got `batch_size` less than 1 or larger than sample size. It is going to be clipped
  warnings.warn(

/home/ryedida/.local/lib/python3.9/site-packages/sklearn/neural_network/_multilayer_perceptron.py:686: ConvergenceWarning: Stochastic Optimizer: Maximum iterations (200) reached and the optimization hasn't converged yet.
  warnings.warn(

/home/ryedida/.local/lib/python3.9/site-packages/sklearn/neural_network/_multilayer_perceptron.py:605: UserWarning: Got `batch_size` less than 1 or larger than sample size. It is going to be clipped
  warnings.warn(

/home/ryedida/.local/lib/python3.9/site-packages/sklearn/neural_network/_multilayer_perceptron.py:686: ConvergenceWarning: Stochastic Optimizer: Maximum iterations (200) reached and the optimization hasn't converged yet.
  warnings.warn(

computed signature: ([{'alpha': 0.019628224813442792, 'batch_size': 182, 'beta_1': 0.9410202200271762, 'beta_2': 0.9998021557676793, 'epsilon': 1.8662266976518e-08, 'hidden_layer_sizes': 147, 'learning_rate_init': 0.0005627932047415167, 'tol': 0.03690557729213761, 'validation_fraction': 0.8846827852548593}, {'alpha': 0.0019982467392329444, 'batch_size': 200, 'beta_1': 0.919111482530466, 'beta_2': 0.9998488260436156, 'epsilon': 5.981221901152555e-07, 'hidden_layer_sizes': 61, 'learning_rate_init': 2.2310905607443014e-05, 'tol': 1.2046852412030316e-05, 'validation_fraction': 0.8117896445826539}, {'alpha': 0.46659545670218433, 'batch_size': 219, 'beta_1': 0.9889789783750891, 'beta_2': 0.9999896868093284, 'epsilon': 2.4234724484675948e-08, 'hidden_layer_sizes': 167, 'learning_rate_init': 2.972334644335654e-05, 'tol': 0.0036281404040243792, 'validation_fraction': 0.17260651658522078}, {'alpha': 4.656005689076002, 'batch_size': 135, 'beta_1': 0.870503881627747, 'beta_2': 0.9948873266941017, 'epsilon': 2.1023308743480125e-07, 'hidden_layer_sizes': 118, 'learning_rate_init': 0.0018781738757161913, 'tol': 1.1889379831773004e-05, 'validation_fraction': 0.6264327093752792}, {'alpha': 0.04705159350400542, 'batch_size': 158, 'beta_1': 0.9870884262730957, 'beta_2': 0.9999596874382349, 'epsilon': 1.1981845126013875e-08, 'hidden_layer_sizes': 116, 'learning_rate_init': 0.00617340520407431, 'tol': 1.741413418158619e-05, 'validation_fraction': 0.6754299026638921}], [151.4971925380264, 151.42763539278994, 151.47026299046811, 136.86202504264318, 75.2055865763391])
Signature errors:
                                  0             1             2         3         4       max
MLP-adam_diabetes_mae  1.919244e-08  6.198704e-08  7.624578e-09  0.000007  0.000034  0.000034
max                    1.919244e-08  6.198704e-08  7.624578e-09  0.000007  0.000034  0.000034
starting sklearn study smoothness MLP-adam diabetes mae 15 1
with data root: None
Failure in optimizer suggest. Falling back to random search.
name 'activ' is not defined
Traceback (most recent call last):
  File "/home/ryedida/.local/lib/python3.9/site-packages/bayesmark/experiment.py", line 126, in run_study
    next_points = optimizer.suggest(n_suggestions)
  File "/home/ryedida/bbo_challenge_starter_kit/example_submissions/smoothness/optimizer.py", line 105, in suggest
    betas = [self._get_smoothness_reg(guess) for guess in guesses]
  File "/home/ryedida/bbo_challenge_starter_kit/example_submissions/smoothness/optimizer.py", line 105, in <listcomp>
    betas = [self._get_smoothness_reg(guess) for guess in guesses]
  File "/home/ryedida/bbo_challenge_starter_kit/example_submissions/smoothness/optimizer.py", line 48, in _get_smoothness_reg
    if activ > Kz:
NameError: name 'activ' is not defined
suggestion time taken 0.493539 iter 0 next_points [{'alpha': 0.028688363574680138, 'batch_size': 97, 'beta_1': 0.9870057830369179, 'beta_2': 0.9978001268973925, 'epsilon': 2.4038173939678766e-07, 'hidden_layer_sizes': 151, 'learning_rate_init': 0.00034955180531638603, 'tol': 0.0004501569799355915, 'validation_fraction': 0.8942405382747695}]
/home/ryedida/.local/lib/python3.9/site-packages/sklearn/neural_network/_multilayer_perceptron.py:605: UserWarning: Got `batch_size` less than 1 or larger than sample size. It is going to be clipped
  warnings.warn(

function_evaluation time 0.052259 value 151.503427 suggestion {'alpha': 0.028688363574680138, 'batch_size': 97, 'beta_1': 0.9870057830369179, 'beta_2': 0.9978001268973925, 'epsilon': 2.4038173939678766e-07, 'hidden_layer_sizes': 151, 'learning_rate_init': 0.00034955180531638603, 'tol': 0.0004501569799355915, 'validation_fraction': 0.8942405382747695}
observation time 0.000006, current best 151.503427 at iter 0
Failure in optimizer suggest. Falling back to random search.
name 'activ' is not defined
Traceback (most recent call last):
  File "/home/ryedida/.local/lib/python3.9/site-packages/bayesmark/experiment.py", line 126, in run_study
    next_points = optimizer.suggest(n_suggestions)
  File "/home/ryedida/bbo_challenge_starter_kit/example_submissions/smoothness/optimizer.py", line 105, in suggest
    betas = [self._get_smoothness_reg(guess) for guess in guesses]
  File "/home/ryedida/bbo_challenge_starter_kit/example_submissions/smoothness/optimizer.py", line 105, in <listcomp>
    betas = [self._get_smoothness_reg(guess) for guess in guesses]
  File "/home/ryedida/bbo_challenge_starter_kit/example_submissions/smoothness/optimizer.py", line 48, in _get_smoothness_reg
    if activ > Kz:
NameError: name 'activ' is not defined
suggestion time taken 0.331665 iter 1 next_points [{'alpha': 0.20930374970230986, 'batch_size': 113, 'beta_1': 0.7567263583332974, 'beta_2': 0.9993333126826515, 'epsilon': 5.423628391972079e-07, 'hidden_layer_sizes': 141, 'learning_rate_init': 0.0006921048874481265, 'tol': 0.005613939095317927, 'validation_fraction': 0.35340836739587955}]
function_evaluation time 0.100871 value 151.302467 suggestion {'alpha': 0.20930374970230986, 'batch_size': 113, 'beta_1': 0.7567263583332974, 'beta_2': 0.9993333126826515, 'epsilon': 5.423628391972079e-07, 'hidden_layer_sizes': 141, 'learning_rate_init': 0.0006921048874481265, 'tol': 0.005613939095317927, 'validation_fraction': 0.35340836739587955}
observation time 0.000004, current best 151.302467 at iter 1
Failure in optimizer suggest. Falling back to random search.
name 'activ' is not defined
Traceback (most recent call last):
  File "/home/ryedida/.local/lib/python3.9/site-packages/bayesmark/experiment.py", line 126, in run_study
    next_points = optimizer.suggest(n_suggestions)
  File "/home/ryedida/bbo_challenge_starter_kit/example_submissions/smoothness/optimizer.py", line 105, in suggest
    betas = [self._get_smoothness_reg(guess) for guess in guesses]
  File "/home/ryedida/bbo_challenge_starter_kit/example_submissions/smoothness/optimizer.py", line 105, in <listcomp>
    betas = [self._get_smoothness_reg(guess) for guess in guesses]
  File "/home/ryedida/bbo_challenge_starter_kit/example_submissions/smoothness/optimizer.py", line 48, in _get_smoothness_reg
    if activ > Kz:
NameError: name 'activ' is not defined
suggestion time taken 0.332714 iter 2 next_points [{'alpha': 0.026197130356049696, 'batch_size': 104, 'beta_1': 0.8971458692911831, 'beta_2': 0.9996710816306333, 'epsilon': 9.129802279497082e-08, 'hidden_layer_sizes': 180, 'learning_rate_init': 0.028347808728249928, 'tol': 0.0028115359512134643, 'validation_fraction': 0.1814722339017456}]
function_evaluation time 0.419831 value 45.045095 suggestion {'alpha': 0.026197130356049696, 'batch_size': 104, 'beta_1': 0.8971458692911831, 'beta_2': 0.9996710816306333, 'epsilon': 9.129802279497082e-08, 'hidden_layer_sizes': 180, 'learning_rate_init': 0.028347808728249928, 'tol': 0.0028115359512134643, 'validation_fraction': 0.1814722339017456}
observation time 0.000005, current best 45.045095 at iter 2
Failure in optimizer suggest. Falling back to random search.
name 'activ' is not defined
Traceback (most recent call last):
  File "/home/ryedida/.local/lib/python3.9/site-packages/bayesmark/experiment.py", line 126, in run_study
    next_points = optimizer.suggest(n_suggestions)
  File "/home/ryedida/bbo_challenge_starter_kit/example_submissions/smoothness/optimizer.py", line 105, in suggest
    betas = [self._get_smoothness_reg(guess) for guess in guesses]
  File "/home/ryedida/bbo_challenge_starter_kit/example_submissions/smoothness/optimizer.py", line 105, in <listcomp>
    betas = [self._get_smoothness_reg(guess) for guess in guesses]
  File "/home/ryedida/bbo_challenge_starter_kit/example_submissions/smoothness/optimizer.py", line 48, in _get_smoothness_reg
    if activ > Kz:
NameError: name 'activ' is not defined
suggestion time taken 0.327973 iter 3 next_points [{'alpha': 2.528465892466942e-05, 'batch_size': 237, 'beta_1': 0.9199106425696252, 'beta_2': 0.9999840758412383, 'epsilon': 2.956321769494281e-08, 'hidden_layer_sizes': 66, 'learning_rate_init': 0.008931373232987386, 'tol': 0.005399655308336165, 'validation_fraction': 0.7550159109798674}]
/home/ryedida/.local/lib/python3.9/site-packages/sklearn/neural_network/_multilayer_perceptron.py:605: UserWarning: Got `batch_size` less than 1 or larger than sample size. It is going to be clipped
  warnings.warn(

/home/ryedida/.local/lib/python3.9/site-packages/sklearn/neural_network/_multilayer_perceptron.py:686: ConvergenceWarning: Stochastic Optimizer: Maximum iterations (200) reached and the optimization hasn't converged yet.
  warnings.warn(

function_evaluation time 0.423984 value 90.122585 suggestion {'alpha': 2.528465892466942e-05, 'batch_size': 237, 'beta_1': 0.9199106425696252, 'beta_2': 0.9999840758412383, 'epsilon': 2.956321769494281e-08, 'hidden_layer_sizes': 66, 'learning_rate_init': 0.008931373232987386, 'tol': 0.005399655308336165, 'validation_fraction': 0.7550159109798674}
observation time 0.000005, current best 45.045095 at iter 3
Failure in optimizer suggest. Falling back to random search.
name 'activ' is not defined
Traceback (most recent call last):
  File "/home/ryedida/.local/lib/python3.9/site-packages/bayesmark/experiment.py", line 126, in run_study
    next_points = optimizer.suggest(n_suggestions)
  File "/home/ryedida/bbo_challenge_starter_kit/example_submissions/smoothness/optimizer.py", line 105, in suggest
    betas = [self._get_smoothness_reg(guess) for guess in guesses]
  File "/home/ryedida/bbo_challenge_starter_kit/example_submissions/smoothness/optimizer.py", line 105, in <listcomp>
    betas = [self._get_smoothness_reg(guess) for guess in guesses]
  File "/home/ryedida/bbo_challenge_starter_kit/example_submissions/smoothness/optimizer.py", line 48, in _get_smoothness_reg
    if activ > Kz:
NameError: name 'activ' is not defined
suggestion time taken 0.335306 iter 4 next_points [{'alpha': 0.0012950383648434637, 'batch_size': 119, 'beta_1': 0.7412355298551502, 'beta_2': 0.9999037452686743, 'epsilon': 3.8310366038327254e-09, 'hidden_layer_sizes': 145, 'learning_rate_init': 0.050090346660383124, 'tol': 0.026297638576953847, 'validation_fraction': 0.312952306765539}]
function_evaluation time 0.165149 value 48.430841 suggestion {'alpha': 0.0012950383648434637, 'batch_size': 119, 'beta_1': 0.7412355298551502, 'beta_2': 0.9999037452686743, 'epsilon': 3.8310366038327254e-09, 'hidden_layer_sizes': 145, 'learning_rate_init': 0.050090346660383124, 'tol': 0.026297638576953847, 'validation_fraction': 0.312952306765539}
observation time 0.000004, current best 45.045095 at iter 4
Failure in optimizer suggest. Falling back to random search.
name 'activ' is not defined
Traceback (most recent call last):
  File "/home/ryedida/.local/lib/python3.9/site-packages/bayesmark/experiment.py", line 126, in run_study
    next_points = optimizer.suggest(n_suggestions)
  File "/home/ryedida/bbo_challenge_starter_kit/example_submissions/smoothness/optimizer.py", line 105, in suggest
    betas = [self._get_smoothness_reg(guess) for guess in guesses]
  File "/home/ryedida/bbo_challenge_starter_kit/example_submissions/smoothness/optimizer.py", line 105, in <listcomp>
    betas = [self._get_smoothness_reg(guess) for guess in guesses]
  File "/home/ryedida/bbo_challenge_starter_kit/example_submissions/smoothness/optimizer.py", line 48, in _get_smoothness_reg
    if activ > Kz:
NameError: name 'activ' is not defined
suggestion time taken 0.327946 iter 5 next_points [{'alpha': 7.673325687971929e-05, 'batch_size': 140, 'beta_1': 0.510913535789251, 'beta_2': 0.9999735723276085, 'epsilon': 1.5206429823097235e-09, 'hidden_layer_sizes': 85, 'learning_rate_init': 8.937897240578472e-05, 'tol': 0.0007162808463738422, 'validation_fraction': 0.13116770889584367}]
function_evaluation time 0.075595 value 151.766437 suggestion {'alpha': 7.673325687971929e-05, 'batch_size': 140, 'beta_1': 0.510913535789251, 'beta_2': 0.9999735723276085, 'epsilon': 1.5206429823097235e-09, 'hidden_layer_sizes': 85, 'learning_rate_init': 8.937897240578472e-05, 'tol': 0.0007162808463738422, 'validation_fraction': 0.13116770889584367}
observation time 0.000005, current best 45.045095 at iter 5
Failure in optimizer suggest. Falling back to random search.
name 'activ' is not defined
Traceback (most recent call last):
  File "/home/ryedida/.local/lib/python3.9/site-packages/bayesmark/experiment.py", line 126, in run_study
    next_points = optimizer.suggest(n_suggestions)
  File "/home/ryedida/bbo_challenge_starter_kit/example_submissions/smoothness/optimizer.py", line 105, in suggest
    betas = [self._get_smoothness_reg(guess) for guess in guesses]
  File "/home/ryedida/bbo_challenge_starter_kit/example_submissions/smoothness/optimizer.py", line 105, in <listcomp>
    betas = [self._get_smoothness_reg(guess) for guess in guesses]
  File "/home/ryedida/bbo_challenge_starter_kit/example_submissions/smoothness/optimizer.py", line 48, in _get_smoothness_reg
    if activ > Kz:
NameError: name 'activ' is not defined
suggestion time taken 0.344583 iter 6 next_points [{'alpha': 0.00020364554597441202, 'batch_size': 17, 'beta_1': 0.7929359556611576, 'beta_2': 0.9999962923341189, 'epsilon': 6.057863423258395e-09, 'hidden_layer_sizes': 119, 'learning_rate_init': 0.0019572188094689703, 'tol': 0.00029033506605279574, 'validation_fraction': 0.6730452813737543}]
/home/ryedida/.local/lib/python3.9/site-packages/sklearn/neural_network/_multilayer_perceptron.py:686: ConvergenceWarning: Stochastic Optimizer: Maximum iterations (200) reached and the optimization hasn't converged yet.
  warnings.warn(

function_evaluation time 1.768893 value 51.049554 suggestion {'alpha': 0.00020364554597441202, 'batch_size': 17, 'beta_1': 0.7929359556611576, 'beta_2': 0.9999962923341189, 'epsilon': 6.057863423258395e-09, 'hidden_layer_sizes': 119, 'learning_rate_init': 0.0019572188094689703, 'tol': 0.00029033506605279574, 'validation_fraction': 0.6730452813737543}
observation time 0.000005, current best 45.045095 at iter 6
Failure in optimizer suggest. Falling back to random search.
name 'activ' is not defined
Traceback (most recent call last):
  File "/home/ryedida/.local/lib/python3.9/site-packages/bayesmark/experiment.py", line 126, in run_study
    next_points = optimizer.suggest(n_suggestions)
  File "/home/ryedida/bbo_challenge_starter_kit/example_submissions/smoothness/optimizer.py", line 105, in suggest
    betas = [self._get_smoothness_reg(guess) for guess in guesses]
  File "/home/ryedida/bbo_challenge_starter_kit/example_submissions/smoothness/optimizer.py", line 105, in <listcomp>
    betas = [self._get_smoothness_reg(guess) for guess in guesses]
  File "/home/ryedida/bbo_challenge_starter_kit/example_submissions/smoothness/optimizer.py", line 48, in _get_smoothness_reg
    if activ > Kz:
NameError: name 'activ' is not defined
suggestion time taken 0.462846 iter 7 next_points [{'alpha': 0.07779895151247015, 'batch_size': 128, 'beta_1': 0.9803901293921911, 'beta_2': 0.9988668416652918, 'epsilon': 4.3172118532328684e-08, 'hidden_layer_sizes': 157, 'learning_rate_init': 2.1541538974477505e-05, 'tol': 1.695917490960423e-05, 'validation_fraction': 0.7951474397993403}]
/home/ryedida/.local/lib/python3.9/site-packages/sklearn/neural_network/_multilayer_perceptron.py:605: UserWarning: Got `batch_size` less than 1 or larger than sample size. It is going to be clipped
  warnings.warn(

/home/ryedida/.local/lib/python3.9/site-packages/sklearn/neural_network/_multilayer_perceptron.py:686: ConvergenceWarning: Stochastic Optimizer: Maximum iterations (200) reached and the optimization hasn't converged yet.
  warnings.warn(

function_evaluation time 0.650974 value 151.461737 suggestion {'alpha': 0.07779895151247015, 'batch_size': 128, 'beta_1': 0.9803901293921911, 'beta_2': 0.9988668416652918, 'epsilon': 4.3172118532328684e-08, 'hidden_layer_sizes': 157, 'learning_rate_init': 2.1541538974477505e-05, 'tol': 1.695917490960423e-05, 'validation_fraction': 0.7951474397993403}
observation time 0.000005, current best 45.045095 at iter 7
Failure in optimizer suggest. Falling back to random search.
name 'activ' is not defined
Traceback (most recent call last):
  File "/home/ryedida/.local/lib/python3.9/site-packages/bayesmark/experiment.py", line 126, in run_study
    next_points = optimizer.suggest(n_suggestions)
  File "/home/ryedida/bbo_challenge_starter_kit/example_submissions/smoothness/optimizer.py", line 105, in suggest
    betas = [self._get_smoothness_reg(guess) for guess in guesses]
  File "/home/ryedida/bbo_challenge_starter_kit/example_submissions/smoothness/optimizer.py", line 105, in <listcomp>
    betas = [self._get_smoothness_reg(guess) for guess in guesses]
  File "/home/ryedida/bbo_challenge_starter_kit/example_submissions/smoothness/optimizer.py", line 48, in _get_smoothness_reg
    if activ > Kz:
NameError: name 'activ' is not defined
suggestion time taken 0.334447 iter 8 next_points [{'alpha': 0.0006449834420085728, 'batch_size': 231, 'beta_1': 0.6928305797037226, 'beta_2': 0.9998442876152951, 'epsilon': 9.25010378992771e-08, 'hidden_layer_sizes': 110, 'learning_rate_init': 0.0001079147514379083, 'tol': 0.00012037735611485205, 'validation_fraction': 0.8617193122808117}]
/home/ryedida/.local/lib/python3.9/site-packages/sklearn/neural_network/_multilayer_perceptron.py:605: UserWarning: Got `batch_size` less than 1 or larger than sample size. It is going to be clipped
  warnings.warn(

function_evaluation time 0.050273 value 151.555204 suggestion {'alpha': 0.0006449834420085728, 'batch_size': 231, 'beta_1': 0.6928305797037226, 'beta_2': 0.9998442876152951, 'epsilon': 9.25010378992771e-08, 'hidden_layer_sizes': 110, 'learning_rate_init': 0.0001079147514379083, 'tol': 0.00012037735611485205, 'validation_fraction': 0.8617193122808117}
observation time 0.000004, current best 45.045095 at iter 8
Failure in optimizer suggest. Falling back to random search.
name 'activ' is not defined
Traceback (most recent call last):
  File "/home/ryedida/.local/lib/python3.9/site-packages/bayesmark/experiment.py", line 126, in run_study
    next_points = optimizer.suggest(n_suggestions)
  File "/home/ryedida/bbo_challenge_starter_kit/example_submissions/smoothness/optimizer.py", line 105, in suggest
    betas = [self._get_smoothness_reg(guess) for guess in guesses]
  File "/home/ryedida/bbo_challenge_starter_kit/example_submissions/smoothness/optimizer.py", line 105, in <listcomp>
    betas = [self._get_smoothness_reg(guess) for guess in guesses]
  File "/home/ryedida/bbo_challenge_starter_kit/example_submissions/smoothness/optimizer.py", line 48, in _get_smoothness_reg
    if activ > Kz:
NameError: name 'activ' is not defined
suggestion time taken 0.323930 iter 9 next_points [{'alpha': 0.0001865774064138153, 'batch_size': 149, 'beta_1': 0.8998915588649345, 'beta_2': 0.9984678410843388, 'epsilon': 5.615906189938956e-09, 'hidden_layer_sizes': 129, 'learning_rate_init': 6.080149964874529e-05, 'tol': 0.034102322628052406, 'validation_fraction': 0.8238933094262888}]
/home/ryedida/.local/lib/python3.9/site-packages/sklearn/neural_network/_multilayer_perceptron.py:605: UserWarning: Got `batch_size` less than 1 or larger than sample size. It is going to be clipped
  warnings.warn(

function_evaluation time 0.051331 value 151.707962 suggestion {'alpha': 0.0001865774064138153, 'batch_size': 149, 'beta_1': 0.8998915588649345, 'beta_2': 0.9984678410843388, 'epsilon': 5.615906189938956e-09, 'hidden_layer_sizes': 129, 'learning_rate_init': 6.080149964874529e-05, 'tol': 0.034102322628052406, 'validation_fraction': 0.8238933094262888}
observation time 0.000005, current best 45.045095 at iter 9
Failure in optimizer suggest. Falling back to random search.
name 'activ' is not defined
Traceback (most recent call last):
  File "/home/ryedida/.local/lib/python3.9/site-packages/bayesmark/experiment.py", line 126, in run_study
    next_points = optimizer.suggest(n_suggestions)
  File "/home/ryedida/bbo_challenge_starter_kit/example_submissions/smoothness/optimizer.py", line 105, in suggest
    betas = [self._get_smoothness_reg(guess) for guess in guesses]
  File "/home/ryedida/bbo_challenge_starter_kit/example_submissions/smoothness/optimizer.py", line 105, in <listcomp>
    betas = [self._get_smoothness_reg(guess) for guess in guesses]
  File "/home/ryedida/bbo_challenge_starter_kit/example_submissions/smoothness/optimizer.py", line 48, in _get_smoothness_reg
    if activ > Kz:
NameError: name 'activ' is not defined
suggestion time taken 0.318189 iter 10 next_points [{'alpha': 0.005115460463508402, 'batch_size': 24, 'beta_1': 0.6365426504112374, 'beta_2': 0.999756287536914, 'epsilon': 2.795312753502265e-08, 'hidden_layer_sizes': 67, 'learning_rate_init': 0.009086122180557663, 'tol': 0.003759298380866444, 'validation_fraction': 0.8986345527803563}]
function_evaluation time 0.489580 value 56.518839 suggestion {'alpha': 0.005115460463508402, 'batch_size': 24, 'beta_1': 0.6365426504112374, 'beta_2': 0.999756287536914, 'epsilon': 2.795312753502265e-08, 'hidden_layer_sizes': 67, 'learning_rate_init': 0.009086122180557663, 'tol': 0.003759298380866444, 'validation_fraction': 0.8986345527803563}
observation time 0.000005, current best 45.045095 at iter 10
Failure in optimizer suggest. Falling back to random search.
name 'activ' is not defined
Traceback (most recent call last):
  File "/home/ryedida/.local/lib/python3.9/site-packages/bayesmark/experiment.py", line 126, in run_study
    next_points = optimizer.suggest(n_suggestions)
  File "/home/ryedida/bbo_challenge_starter_kit/example_submissions/smoothness/optimizer.py", line 105, in suggest
    betas = [self._get_smoothness_reg(guess) for guess in guesses]
  File "/home/ryedida/bbo_challenge_starter_kit/example_submissions/smoothness/optimizer.py", line 105, in <listcomp>
    betas = [self._get_smoothness_reg(guess) for guess in guesses]
  File "/home/ryedida/bbo_challenge_starter_kit/example_submissions/smoothness/optimizer.py", line 48, in _get_smoothness_reg
    if activ > Kz:
NameError: name 'activ' is not defined
suggestion time taken 0.318676 iter 11 next_points [{'alpha': 0.0004202220168234374, 'batch_size': 141, 'beta_1': 0.9890707616475019, 'beta_2': 0.986440123551354, 'epsilon': 3.833651938499872e-09, 'hidden_layer_sizes': 142, 'learning_rate_init': 1.4794868977247602e-05, 'tol': 0.09983100828064803, 'validation_fraction': 0.6978271146274642}]
/home/ryedida/.local/lib/python3.9/site-packages/sklearn/neural_network/_multilayer_perceptron.py:605: UserWarning: Got `batch_size` less than 1 or larger than sample size. It is going to be clipped
  warnings.warn(

function_evaluation time 0.057418 value 151.596136 suggestion {'alpha': 0.0004202220168234374, 'batch_size': 141, 'beta_1': 0.9890707616475019, 'beta_2': 0.986440123551354, 'epsilon': 3.833651938499872e-09, 'hidden_layer_sizes': 142, 'learning_rate_init': 1.4794868977247602e-05, 'tol': 0.09983100828064803, 'validation_fraction': 0.6978271146274642}
observation time 0.000005, current best 45.045095 at iter 11
Failure in optimizer suggest. Falling back to random search.
name 'activ' is not defined
Traceback (most recent call last):
  File "/home/ryedida/.local/lib/python3.9/site-packages/bayesmark/experiment.py", line 126, in run_study
    next_points = optimizer.suggest(n_suggestions)
  File "/home/ryedida/bbo_challenge_starter_kit/example_submissions/smoothness/optimizer.py", line 105, in suggest
    betas = [self._get_smoothness_reg(guess) for guess in guesses]
  File "/home/ryedida/bbo_challenge_starter_kit/example_submissions/smoothness/optimizer.py", line 105, in <listcomp>
    betas = [self._get_smoothness_reg(guess) for guess in guesses]
  File "/home/ryedida/bbo_challenge_starter_kit/example_submissions/smoothness/optimizer.py", line 48, in _get_smoothness_reg
    if activ > Kz:
NameError: name 'activ' is not defined
suggestion time taken 0.318460 iter 12 next_points [{'alpha': 0.0009546225955793133, 'batch_size': 236, 'beta_1': 0.7925999105100454, 'beta_2': 0.999998875832567, 'epsilon': 6.244343176592713e-08, 'hidden_layer_sizes': 97, 'learning_rate_init': 0.013983423891744838, 'tol': 0.050790111350221455, 'validation_fraction': 0.17070722287538195}]
function_evaluation time 0.106321 value 148.812297 suggestion {'alpha': 0.0009546225955793133, 'batch_size': 236, 'beta_1': 0.7925999105100454, 'beta_2': 0.999998875832567, 'epsilon': 6.244343176592713e-08, 'hidden_layer_sizes': 97, 'learning_rate_init': 0.013983423891744838, 'tol': 0.050790111350221455, 'validation_fraction': 0.17070722287538195}
observation time 0.000004, current best 45.045095 at iter 12
Failure in optimizer suggest. Falling back to random search.
name 'activ' is not defined
Traceback (most recent call last):
  File "/home/ryedida/.local/lib/python3.9/site-packages/bayesmark/experiment.py", line 126, in run_study
    next_points = optimizer.suggest(n_suggestions)
  File "/home/ryedida/bbo_challenge_starter_kit/example_submissions/smoothness/optimizer.py", line 105, in suggest
    betas = [self._get_smoothness_reg(guess) for guess in guesses]
  File "/home/ryedida/bbo_challenge_starter_kit/example_submissions/smoothness/optimizer.py", line 105, in <listcomp>
    betas = [self._get_smoothness_reg(guess) for guess in guesses]
  File "/home/ryedida/bbo_challenge_starter_kit/example_submissions/smoothness/optimizer.py", line 48, in _get_smoothness_reg
    if activ > Kz:
NameError: name 'activ' is not defined
suggestion time taken 0.320071 iter 13 next_points [{'alpha': 0.6116793766444215, 'batch_size': 16, 'beta_1': 0.9869694409864631, 'beta_2': 0.9671448295834376, 'epsilon': 5.4732891682334165e-09, 'hidden_layer_sizes': 102, 'learning_rate_init': 1.612371122477704e-05, 'tol': 0.08192103541668734, 'validation_fraction': 0.1963488071299553}]
function_evaluation time 0.154544 value 151.577704 suggestion {'alpha': 0.6116793766444215, 'batch_size': 16, 'beta_1': 0.9869694409864631, 'beta_2': 0.9671448295834376, 'epsilon': 5.4732891682334165e-09, 'hidden_layer_sizes': 102, 'learning_rate_init': 1.612371122477704e-05, 'tol': 0.08192103541668734, 'validation_fraction': 0.1963488071299553}
observation time 0.000005, current best 45.045095 at iter 13
Failure in optimizer suggest. Falling back to random search.
name 'activ' is not defined
Traceback (most recent call last):
  File "/home/ryedida/.local/lib/python3.9/site-packages/bayesmark/experiment.py", line 126, in run_study
    next_points = optimizer.suggest(n_suggestions)
  File "/home/ryedida/bbo_challenge_starter_kit/example_submissions/smoothness/optimizer.py", line 105, in suggest
    betas = [self._get_smoothness_reg(guess) for guess in guesses]
  File "/home/ryedida/bbo_challenge_starter_kit/example_submissions/smoothness/optimizer.py", line 105, in <listcomp>
    betas = [self._get_smoothness_reg(guess) for guess in guesses]
  File "/home/ryedida/bbo_challenge_starter_kit/example_submissions/smoothness/optimizer.py", line 48, in _get_smoothness_reg
    if activ > Kz:
NameError: name 'activ' is not defined
suggestion time taken 0.320994 iter 14 next_points [{'alpha': 0.01698614536271636, 'batch_size': 217, 'beta_1': 0.9787366894155887, 'beta_2': 0.9876802176975221, 'epsilon': 2.476754558139242e-09, 'hidden_layer_sizes': 192, 'learning_rate_init': 0.05371003571898534, 'tol': 0.00049292351016206, 'validation_fraction': 0.1162467464273124}]
function_evaluation time 0.199682 value 54.276821 suggestion {'alpha': 0.01698614536271636, 'batch_size': 217, 'beta_1': 0.9787366894155887, 'beta_2': 0.9876802176975221, 'epsilon': 2.476754558139242e-09, 'hidden_layer_sizes': 192, 'learning_rate_init': 0.05371003571898534, 'tol': 0.00049292351016206, 'validation_fraction': 0.1162467464273124}
observation time 0.000005, current best 45.045095 at iter 14
saving meta data: {'args': {'--uuid': 'a4643a087c5c5071a058d6e31201c055', '-db-root': '/home/ryedida/bbo_challenge_starter_kit/output', '--opt-root': '/home/ryedida/bbo_challenge_starter_kit/example_submissions', '--data-root': None, '--db': 'run_20230425_055340', '--opt': 'smoothness', '--data': 'diabetes', '--classifier': 'MLP-adam', '--metric': 'mae', '--calls': 15, '--suggestions': 1, '--jobs-file': None, '--verbose': False, 'dry_run': False, 'rev': 'a376313', 'opt_rev': 'x.x.x'}, 'signature': ([{'alpha': 0.019628224813442792, 'batch_size': 182, 'beta_1': 0.9410202200271762, 'beta_2': 0.9998021557676793, 'epsilon': 1.8662266976518e-08, 'hidden_layer_sizes': 147, 'learning_rate_init': 0.0005627932047415167, 'tol': 0.03690557729213761, 'validation_fraction': 0.8846827852548593}, {'alpha': 0.0019982467392329444, 'batch_size': 200, 'beta_1': 0.919111482530466, 'beta_2': 0.9998488260436156, 'epsilon': 5.981221901152555e-07, 'hidden_layer_sizes': 61, 'learning_rate_init': 2.2310905607443014e-05, 'tol': 1.2046852412030316e-05, 'validation_fraction': 0.8117896445826539}, {'alpha': 0.46659545670218433, 'batch_size': 219, 'beta_1': 0.9889789783750891, 'beta_2': 0.9999896868093284, 'epsilon': 2.4234724484675948e-08, 'hidden_layer_sizes': 167, 'learning_rate_init': 2.972334644335654e-05, 'tol': 0.0036281404040243792, 'validation_fraction': 0.17260651658522078}, {'alpha': 4.656005689076002, 'batch_size': 135, 'beta_1': 0.870503881627747, 'beta_2': 0.9948873266941017, 'epsilon': 2.1023308743480125e-07, 'hidden_layer_sizes': 118, 'learning_rate_init': 0.0018781738757161913, 'tol': 1.1889379831773004e-05, 'validation_fraction': 0.6264327093752792}, {'alpha': 0.04705159350400542, 'batch_size': 158, 'beta_1': 0.9870884262730957, 'beta_2': 0.9999596874382349, 'epsilon': 1.1981845126013875e-08, 'hidden_layer_sizes': 116, 'learning_rate_init': 0.00617340520407431, 'tol': 1.741413418158619e-05, 'validation_fraction': 0.6754299026638921}], [151.4971925380264, 151.42763539278994, 151.47026299046811, 136.86202504264318, 75.2055865763391])}
saving results
saving timing
saving suggest log
done
