running: {'--uuid': 'baea6b64399856d390f7363d7b9e9ee2', '-db-root': '/home/ryedida/bbo_challenge_starter_kit/output', '--opt-root': '/home/ryedida/bbo_challenge_starter_kit/example_submissions', '--data-root': None, '--db': 'run_20230425_055340', '--opt': 'smoothness', '--data': 'diabetes', '--classifier': 'MLP-adam', '--metric': 'mae', '--calls': 15, '--suggestions': 1, '--jobs-file': None, '--verbose': False, 'dry_run': False, 'rev': 'a376313', 'opt_rev': 'x.x.x'}
cmd: python smoothness/optimizer.py -c MLP-adam -d diabetes -o smoothness -u baea6b64399856d390f7363d7b9e9ee2 -m mae -n 15 -p 1 -dir /home/ryedida/bbo_challenge_starter_kit/output -b run_20230425_055340
/home/ryedida/.local/lib/python3.9/site-packages/sklearn/neural_network/_multilayer_perceptron.py:605: UserWarning: Got `batch_size` less than 1 or larger than sample size. It is going to be clipped
  warnings.warn(

/home/ryedida/.local/lib/python3.9/site-packages/sklearn/neural_network/_multilayer_perceptron.py:605: UserWarning: Got `batch_size` less than 1 or larger than sample size. It is going to be clipped
  warnings.warn(

/home/ryedida/.local/lib/python3.9/site-packages/sklearn/neural_network/_multilayer_perceptron.py:605: UserWarning: Got `batch_size` less than 1 or larger than sample size. It is going to be clipped
  warnings.warn(

/home/ryedida/.local/lib/python3.9/site-packages/sklearn/neural_network/_multilayer_perceptron.py:686: ConvergenceWarning: Stochastic Optimizer: Maximum iterations (200) reached and the optimization hasn't converged yet.
  warnings.warn(

/home/ryedida/.local/lib/python3.9/site-packages/sklearn/neural_network/_multilayer_perceptron.py:605: UserWarning: Got `batch_size` less than 1 or larger than sample size. It is going to be clipped
  warnings.warn(

/home/ryedida/.local/lib/python3.9/site-packages/sklearn/neural_network/_multilayer_perceptron.py:686: ConvergenceWarning: Stochastic Optimizer: Maximum iterations (200) reached and the optimization hasn't converged yet.
  warnings.warn(

computed signature: ([{'alpha': 0.019628224813442792, 'batch_size': 182, 'beta_1': 0.9410202200271762, 'beta_2': 0.9998021557676793, 'epsilon': 1.8662266976518e-08, 'hidden_layer_sizes': 147, 'learning_rate_init': 0.0005627932047415167, 'tol': 0.03690557729213761, 'validation_fraction': 0.8846827852548593}, {'alpha': 0.0019982467392329444, 'batch_size': 200, 'beta_1': 0.919111482530466, 'beta_2': 0.9998488260436156, 'epsilon': 5.981221901152555e-07, 'hidden_layer_sizes': 61, 'learning_rate_init': 2.2310905607443014e-05, 'tol': 1.2046852412030316e-05, 'validation_fraction': 0.8117896445826539}, {'alpha': 0.46659545670218433, 'batch_size': 219, 'beta_1': 0.9889789783750891, 'beta_2': 0.9999896868093284, 'epsilon': 2.4234724484675948e-08, 'hidden_layer_sizes': 167, 'learning_rate_init': 2.972334644335654e-05, 'tol': 0.0036281404040243792, 'validation_fraction': 0.17260651658522078}, {'alpha': 4.656005689076002, 'batch_size': 135, 'beta_1': 0.870503881627747, 'beta_2': 0.9948873266941017, 'epsilon': 2.1023308743480125e-07, 'hidden_layer_sizes': 118, 'learning_rate_init': 0.0018781738757161913, 'tol': 1.1889379831773004e-05, 'validation_fraction': 0.6264327093752792}, {'alpha': 0.04705159350400542, 'batch_size': 158, 'beta_1': 0.9870884262730957, 'beta_2': 0.9999596874382349, 'epsilon': 1.1981845126013875e-08, 'hidden_layer_sizes': 116, 'learning_rate_init': 0.00617340520407431, 'tol': 1.741413418158619e-05, 'validation_fraction': 0.6754299026638921}], [151.4971925380264, 151.42763539278994, 151.47026299046811, 136.86202504264318, 75.2055865763391])
Signature errors:
                                  0             1             2         3         4       max
MLP-adam_diabetes_mae  1.919244e-08  6.198704e-08  7.624578e-09  0.000007  0.000034  0.000034
max                    1.919244e-08  6.198704e-08  7.624578e-09  0.000007  0.000034  0.000034
starting sklearn study smoothness MLP-adam diabetes mae 15 1
with data root: None
Failure in optimizer suggest. Falling back to random search.
name 'activ' is not defined
Traceback (most recent call last):
  File "/home/ryedida/.local/lib/python3.9/site-packages/bayesmark/experiment.py", line 126, in run_study
    next_points = optimizer.suggest(n_suggestions)
  File "/home/ryedida/bbo_challenge_starter_kit/example_submissions/smoothness/optimizer.py", line 105, in suggest
    betas = [self._get_smoothness_reg(guess) for guess in guesses]
  File "/home/ryedida/bbo_challenge_starter_kit/example_submissions/smoothness/optimizer.py", line 105, in <listcomp>
    betas = [self._get_smoothness_reg(guess) for guess in guesses]
  File "/home/ryedida/bbo_challenge_starter_kit/example_submissions/smoothness/optimizer.py", line 48, in _get_smoothness_reg
    if activ > Kz:
NameError: name 'activ' is not defined
suggestion time taken 0.490196 iter 0 next_points [{'alpha': 0.07910101005637142, 'batch_size': 47, 'beta_1': 0.7659463919931611, 'beta_2': 0.9999970084779113, 'epsilon': 1.361671749466735e-07, 'hidden_layer_sizes': 118, 'learning_rate_init': 0.027891176796247575, 'tol': 0.002104605690913252, 'validation_fraction': 0.2317335274661744}]
function_evaluation time 0.318135 value 44.304977 suggestion {'alpha': 0.07910101005637142, 'batch_size': 47, 'beta_1': 0.7659463919931611, 'beta_2': 0.9999970084779113, 'epsilon': 1.361671749466735e-07, 'hidden_layer_sizes': 118, 'learning_rate_init': 0.027891176796247575, 'tol': 0.002104605690913252, 'validation_fraction': 0.2317335274661744}
observation time 0.000007, current best 44.304977 at iter 0
Failure in optimizer suggest. Falling back to random search.
name 'activ' is not defined
Traceback (most recent call last):
  File "/home/ryedida/.local/lib/python3.9/site-packages/bayesmark/experiment.py", line 126, in run_study
    next_points = optimizer.suggest(n_suggestions)
  File "/home/ryedida/bbo_challenge_starter_kit/example_submissions/smoothness/optimizer.py", line 105, in suggest
    betas = [self._get_smoothness_reg(guess) for guess in guesses]
  File "/home/ryedida/bbo_challenge_starter_kit/example_submissions/smoothness/optimizer.py", line 105, in <listcomp>
    betas = [self._get_smoothness_reg(guess) for guess in guesses]
  File "/home/ryedida/bbo_challenge_starter_kit/example_submissions/smoothness/optimizer.py", line 48, in _get_smoothness_reg
    if activ > Kz:
NameError: name 'activ' is not defined
suggestion time taken 0.334423 iter 1 next_points [{'alpha': 1.2462361502666813e-05, 'batch_size': 241, 'beta_1': 0.5160206242715272, 'beta_2': 0.9989787005603489, 'epsilon': 1.2395701568531371e-08, 'hidden_layer_sizes': 179, 'learning_rate_init': 2.5365843368268317e-05, 'tol': 0.00029980410045324525, 'validation_fraction': 0.549104756551859}]
/home/ryedida/.local/lib/python3.9/site-packages/sklearn/neural_network/_multilayer_perceptron.py:605: UserWarning: Got `batch_size` less than 1 or larger than sample size. It is going to be clipped
  warnings.warn(

function_evaluation time 0.065339 value 151.582248 suggestion {'alpha': 1.2462361502666813e-05, 'batch_size': 241, 'beta_1': 0.5160206242715272, 'beta_2': 0.9989787005603489, 'epsilon': 1.2395701568531371e-08, 'hidden_layer_sizes': 179, 'learning_rate_init': 2.5365843368268317e-05, 'tol': 0.00029980410045324525, 'validation_fraction': 0.549104756551859}
observation time 0.000004, current best 44.304977 at iter 1
Failure in optimizer suggest. Falling back to random search.
name 'activ' is not defined
Traceback (most recent call last):
  File "/home/ryedida/.local/lib/python3.9/site-packages/bayesmark/experiment.py", line 126, in run_study
    next_points = optimizer.suggest(n_suggestions)
  File "/home/ryedida/bbo_challenge_starter_kit/example_submissions/smoothness/optimizer.py", line 105, in suggest
    betas = [self._get_smoothness_reg(guess) for guess in guesses]
  File "/home/ryedida/bbo_challenge_starter_kit/example_submissions/smoothness/optimizer.py", line 105, in <listcomp>
    betas = [self._get_smoothness_reg(guess) for guess in guesses]
  File "/home/ryedida/bbo_challenge_starter_kit/example_submissions/smoothness/optimizer.py", line 48, in _get_smoothness_reg
    if activ > Kz:
NameError: name 'activ' is not defined
suggestion time taken 0.324142 iter 2 next_points [{'alpha': 0.0011986916251002188, 'batch_size': 139, 'beta_1': 0.937845974656711, 'beta_2': 0.9999934598087904, 'epsilon': 6.772835564489232e-09, 'hidden_layer_sizes': 162, 'learning_rate_init': 0.00017794832665256512, 'tol': 0.06593534760867001, 'validation_fraction': 0.8438948707546354}]
/home/ryedida/.local/lib/python3.9/site-packages/sklearn/neural_network/_multilayer_perceptron.py:605: UserWarning: Got `batch_size` less than 1 or larger than sample size. It is going to be clipped
  warnings.warn(

function_evaluation time 0.054716 value 151.497578 suggestion {'alpha': 0.0011986916251002188, 'batch_size': 139, 'beta_1': 0.937845974656711, 'beta_2': 0.9999934598087904, 'epsilon': 6.772835564489232e-09, 'hidden_layer_sizes': 162, 'learning_rate_init': 0.00017794832665256512, 'tol': 0.06593534760867001, 'validation_fraction': 0.8438948707546354}
observation time 0.000005, current best 44.304977 at iter 2
Failure in optimizer suggest. Falling back to random search.
name 'activ' is not defined
Traceback (most recent call last):
  File "/home/ryedida/.local/lib/python3.9/site-packages/bayesmark/experiment.py", line 126, in run_study
    next_points = optimizer.suggest(n_suggestions)
  File "/home/ryedida/bbo_challenge_starter_kit/example_submissions/smoothness/optimizer.py", line 105, in suggest
    betas = [self._get_smoothness_reg(guess) for guess in guesses]
  File "/home/ryedida/bbo_challenge_starter_kit/example_submissions/smoothness/optimizer.py", line 105, in <listcomp>
    betas = [self._get_smoothness_reg(guess) for guess in guesses]
  File "/home/ryedida/bbo_challenge_starter_kit/example_submissions/smoothness/optimizer.py", line 48, in _get_smoothness_reg
    if activ > Kz:
NameError: name 'activ' is not defined
suggestion time taken 0.324962 iter 3 next_points [{'alpha': 2.112872568789757e-05, 'batch_size': 149, 'beta_1': 0.9825441369460864, 'beta_2': 0.9999899944715566, 'epsilon': 8.616892199902048e-08, 'hidden_layer_sizes': 140, 'learning_rate_init': 7.512591463378833e-05, 'tol': 0.005426183900483135, 'validation_fraction': 0.2498094332385141}]
function_evaluation time 0.080940 value 151.485552 suggestion {'alpha': 2.112872568789757e-05, 'batch_size': 149, 'beta_1': 0.9825441369460864, 'beta_2': 0.9999899944715566, 'epsilon': 8.616892199902048e-08, 'hidden_layer_sizes': 140, 'learning_rate_init': 7.512591463378833e-05, 'tol': 0.005426183900483135, 'validation_fraction': 0.2498094332385141}
observation time 0.000005, current best 44.304977 at iter 3
Failure in optimizer suggest. Falling back to random search.
name 'activ' is not defined
Traceback (most recent call last):
  File "/home/ryedida/.local/lib/python3.9/site-packages/bayesmark/experiment.py", line 126, in run_study
    next_points = optimizer.suggest(n_suggestions)
  File "/home/ryedida/bbo_challenge_starter_kit/example_submissions/smoothness/optimizer.py", line 105, in suggest
    betas = [self._get_smoothness_reg(guess) for guess in guesses]
  File "/home/ryedida/bbo_challenge_starter_kit/example_submissions/smoothness/optimizer.py", line 105, in <listcomp>
    betas = [self._get_smoothness_reg(guess) for guess in guesses]
  File "/home/ryedida/bbo_challenge_starter_kit/example_submissions/smoothness/optimizer.py", line 48, in _get_smoothness_reg
    if activ > Kz:
NameError: name 'activ' is not defined
suggestion time taken 0.327030 iter 4 next_points [{'alpha': 0.0006123365165119564, 'batch_size': 221, 'beta_1': 0.7314655107463819, 'beta_2': 0.9851826271331965, 'epsilon': 9.147341820609033e-09, 'hidden_layer_sizes': 188, 'learning_rate_init': 0.00027509312379025676, 'tol': 0.0052264403986756825, 'validation_fraction': 0.6590160924333563}]
/home/ryedida/.local/lib/python3.9/site-packages/sklearn/neural_network/_multilayer_perceptron.py:605: UserWarning: Got `batch_size` less than 1 or larger than sample size. It is going to be clipped
  warnings.warn(

function_evaluation time 0.063354 value 151.507128 suggestion {'alpha': 0.0006123365165119564, 'batch_size': 221, 'beta_1': 0.7314655107463819, 'beta_2': 0.9851826271331965, 'epsilon': 9.147341820609033e-09, 'hidden_layer_sizes': 188, 'learning_rate_init': 0.00027509312379025676, 'tol': 0.0052264403986756825, 'validation_fraction': 0.6590160924333563}
observation time 0.000006, current best 44.304977 at iter 4
Failure in optimizer suggest. Falling back to random search.
name 'activ' is not defined
Traceback (most recent call last):
  File "/home/ryedida/.local/lib/python3.9/site-packages/bayesmark/experiment.py", line 126, in run_study
    next_points = optimizer.suggest(n_suggestions)
  File "/home/ryedida/bbo_challenge_starter_kit/example_submissions/smoothness/optimizer.py", line 105, in suggest
    betas = [self._get_smoothness_reg(guess) for guess in guesses]
  File "/home/ryedida/bbo_challenge_starter_kit/example_submissions/smoothness/optimizer.py", line 105, in <listcomp>
    betas = [self._get_smoothness_reg(guess) for guess in guesses]
  File "/home/ryedida/bbo_challenge_starter_kit/example_submissions/smoothness/optimizer.py", line 48, in _get_smoothness_reg
    if activ > Kz:
NameError: name 'activ' is not defined
suggestion time taken 0.329258 iter 5 next_points [{'alpha': 2.48572858862246, 'batch_size': 109, 'beta_1': 0.9799938411357849, 'beta_2': 0.999538476315394, 'epsilon': 4.915031975401325e-08, 'hidden_layer_sizes': 177, 'learning_rate_init': 5.6362095454869994e-05, 'tol': 0.000828686757049935, 'validation_fraction': 0.24369971426567788}]
function_evaluation time 0.090564 value 151.612756 suggestion {'alpha': 2.48572858862246, 'batch_size': 109, 'beta_1': 0.9799938411357849, 'beta_2': 0.999538476315394, 'epsilon': 4.915031975401325e-08, 'hidden_layer_sizes': 177, 'learning_rate_init': 5.6362095454869994e-05, 'tol': 0.000828686757049935, 'validation_fraction': 0.24369971426567788}
observation time 0.000005, current best 44.304977 at iter 5
Failure in optimizer suggest. Falling back to random search.
name 'activ' is not defined
Traceback (most recent call last):
  File "/home/ryedida/.local/lib/python3.9/site-packages/bayesmark/experiment.py", line 126, in run_study
    next_points = optimizer.suggest(n_suggestions)
  File "/home/ryedida/bbo_challenge_starter_kit/example_submissions/smoothness/optimizer.py", line 105, in suggest
    betas = [self._get_smoothness_reg(guess) for guess in guesses]
  File "/home/ryedida/bbo_challenge_starter_kit/example_submissions/smoothness/optimizer.py", line 105, in <listcomp>
    betas = [self._get_smoothness_reg(guess) for guess in guesses]
  File "/home/ryedida/bbo_challenge_starter_kit/example_submissions/smoothness/optimizer.py", line 48, in _get_smoothness_reg
    if activ > Kz:
NameError: name 'activ' is not defined
suggestion time taken 0.337568 iter 6 next_points [{'alpha': 0.5725842579521059, 'batch_size': 155, 'beta_1': 0.5464063133855162, 'beta_2': 0.9999503084805073, 'epsilon': 4.487307613257385e-09, 'hidden_layer_sizes': 162, 'learning_rate_init': 0.03288342237922825, 'tol': 0.00284249170633335, 'validation_fraction': 0.12926192941083856}]
function_evaluation time 0.417472 value 44.962132 suggestion {'alpha': 0.5725842579521059, 'batch_size': 155, 'beta_1': 0.5464063133855162, 'beta_2': 0.9999503084805073, 'epsilon': 4.487307613257385e-09, 'hidden_layer_sizes': 162, 'learning_rate_init': 0.03288342237922825, 'tol': 0.00284249170633335, 'validation_fraction': 0.12926192941083856}
observation time 0.000004, current best 44.304977 at iter 6
Failure in optimizer suggest. Falling back to random search.
name 'activ' is not defined
Traceback (most recent call last):
  File "/home/ryedida/.local/lib/python3.9/site-packages/bayesmark/experiment.py", line 126, in run_study
    next_points = optimizer.suggest(n_suggestions)
  File "/home/ryedida/bbo_challenge_starter_kit/example_submissions/smoothness/optimizer.py", line 105, in suggest
    betas = [self._get_smoothness_reg(guess) for guess in guesses]
  File "/home/ryedida/bbo_challenge_starter_kit/example_submissions/smoothness/optimizer.py", line 105, in <listcomp>
    betas = [self._get_smoothness_reg(guess) for guess in guesses]
  File "/home/ryedida/bbo_challenge_starter_kit/example_submissions/smoothness/optimizer.py", line 48, in _get_smoothness_reg
    if activ > Kz:
NameError: name 'activ' is not defined
suggestion time taken 0.456604 iter 7 next_points [{'alpha': 0.00032964397035074546, 'batch_size': 61, 'beta_1': 0.75511464577135, 'beta_2': 0.9853849676222531, 'epsilon': 4.996668666529035e-07, 'hidden_layer_sizes': 116, 'learning_rate_init': 0.031418669370176504, 'tol': 0.06298567858987177, 'validation_fraction': 0.683241354530189}]
function_evaluation time 0.162195 value 50.446476 suggestion {'alpha': 0.00032964397035074546, 'batch_size': 61, 'beta_1': 0.75511464577135, 'beta_2': 0.9853849676222531, 'epsilon': 4.996668666529035e-07, 'hidden_layer_sizes': 116, 'learning_rate_init': 0.031418669370176504, 'tol': 0.06298567858987177, 'validation_fraction': 0.683241354530189}
observation time 0.000010, current best 44.304977 at iter 7
Failure in optimizer suggest. Falling back to random search.
name 'activ' is not defined
Traceback (most recent call last):
  File "/home/ryedida/.local/lib/python3.9/site-packages/bayesmark/experiment.py", line 126, in run_study
    next_points = optimizer.suggest(n_suggestions)
  File "/home/ryedida/bbo_challenge_starter_kit/example_submissions/smoothness/optimizer.py", line 105, in suggest
    betas = [self._get_smoothness_reg(guess) for guess in guesses]
  File "/home/ryedida/bbo_challenge_starter_kit/example_submissions/smoothness/optimizer.py", line 105, in <listcomp>
    betas = [self._get_smoothness_reg(guess) for guess in guesses]
  File "/home/ryedida/bbo_challenge_starter_kit/example_submissions/smoothness/optimizer.py", line 48, in _get_smoothness_reg
    if activ > Kz:
NameError: name 'activ' is not defined
suggestion time taken 0.341878 iter 8 next_points [{'alpha': 0.0019149595831253357, 'batch_size': 53, 'beta_1': 0.8230762544518826, 'beta_2': 0.9793358376630514, 'epsilon': 7.361693529093079e-07, 'hidden_layer_sizes': 162, 'learning_rate_init': 6.789562032701697e-05, 'tol': 0.020297043602835095, 'validation_fraction': 0.6580308317673824}]
function_evaluation time 0.074950 value 151.601885 suggestion {'alpha': 0.0019149595831253357, 'batch_size': 53, 'beta_1': 0.8230762544518826, 'beta_2': 0.9793358376630514, 'epsilon': 7.361693529093079e-07, 'hidden_layer_sizes': 162, 'learning_rate_init': 6.789562032701697e-05, 'tol': 0.020297043602835095, 'validation_fraction': 0.6580308317673824}
observation time 0.000005, current best 44.304977 at iter 8
Failure in optimizer suggest. Falling back to random search.
name 'activ' is not defined
Traceback (most recent call last):
  File "/home/ryedida/.local/lib/python3.9/site-packages/bayesmark/experiment.py", line 126, in run_study
    next_points = optimizer.suggest(n_suggestions)
  File "/home/ryedida/bbo_challenge_starter_kit/example_submissions/smoothness/optimizer.py", line 105, in suggest
    betas = [self._get_smoothness_reg(guess) for guess in guesses]
  File "/home/ryedida/bbo_challenge_starter_kit/example_submissions/smoothness/optimizer.py", line 105, in <listcomp>
    betas = [self._get_smoothness_reg(guess) for guess in guesses]
  File "/home/ryedida/bbo_challenge_starter_kit/example_submissions/smoothness/optimizer.py", line 48, in _get_smoothness_reg
    if activ > Kz:
NameError: name 'activ' is not defined
suggestion time taken 0.325371 iter 9 next_points [{'alpha': 0.004652035694796558, 'batch_size': 48, 'beta_1': 0.8657469961251222, 'beta_2': 0.9948092929709657, 'epsilon': 6.9463916630377476e-09, 'hidden_layer_sizes': 122, 'learning_rate_init': 0.0010253289100158672, 'tol': 0.003039324905640153, 'validation_fraction': 0.2614790532062131}]
/home/ryedida/.local/lib/python3.9/site-packages/sklearn/neural_network/_multilayer_perceptron.py:686: ConvergenceWarning: Stochastic Optimizer: Maximum iterations (200) reached and the optimization hasn't converged yet.
  warnings.warn(

function_evaluation time 1.253196 value 72.555111 suggestion {'alpha': 0.004652035694796558, 'batch_size': 48, 'beta_1': 0.8657469961251222, 'beta_2': 0.9948092929709657, 'epsilon': 6.9463916630377476e-09, 'hidden_layer_sizes': 122, 'learning_rate_init': 0.0010253289100158672, 'tol': 0.003039324905640153, 'validation_fraction': 0.2614790532062131}
observation time 0.000005, current best 44.304977 at iter 9
Failure in optimizer suggest. Falling back to random search.
name 'activ' is not defined
Traceback (most recent call last):
  File "/home/ryedida/.local/lib/python3.9/site-packages/bayesmark/experiment.py", line 126, in run_study
    next_points = optimizer.suggest(n_suggestions)
  File "/home/ryedida/bbo_challenge_starter_kit/example_submissions/smoothness/optimizer.py", line 105, in suggest
    betas = [self._get_smoothness_reg(guess) for guess in guesses]
  File "/home/ryedida/bbo_challenge_starter_kit/example_submissions/smoothness/optimizer.py", line 105, in <listcomp>
    betas = [self._get_smoothness_reg(guess) for guess in guesses]
  File "/home/ryedida/bbo_challenge_starter_kit/example_submissions/smoothness/optimizer.py", line 48, in _get_smoothness_reg
    if activ > Kz:
NameError: name 'activ' is not defined
suggestion time taken 0.325524 iter 10 next_points [{'alpha': 0.0021293163564662042, 'batch_size': 26, 'beta_1': 0.9160704653711229, 'beta_2': 0.9340869366477055, 'epsilon': 9.927140442277903e-09, 'hidden_layer_sizes': 160, 'learning_rate_init': 0.038424497661061464, 'tol': 0.0074173749121149305, 'validation_fraction': 0.43731741002544167}]
function_evaluation time 0.344216 value 44.457338 suggestion {'alpha': 0.0021293163564662042, 'batch_size': 26, 'beta_1': 0.9160704653711229, 'beta_2': 0.9340869366477055, 'epsilon': 9.927140442277903e-09, 'hidden_layer_sizes': 160, 'learning_rate_init': 0.038424497661061464, 'tol': 0.0074173749121149305, 'validation_fraction': 0.43731741002544167}
observation time 0.000006, current best 44.304977 at iter 10
Failure in optimizer suggest. Falling back to random search.
name 'activ' is not defined
Traceback (most recent call last):
  File "/home/ryedida/.local/lib/python3.9/site-packages/bayesmark/experiment.py", line 126, in run_study
    next_points = optimizer.suggest(n_suggestions)
  File "/home/ryedida/bbo_challenge_starter_kit/example_submissions/smoothness/optimizer.py", line 105, in suggest
    betas = [self._get_smoothness_reg(guess) for guess in guesses]
  File "/home/ryedida/bbo_challenge_starter_kit/example_submissions/smoothness/optimizer.py", line 105, in <listcomp>
    betas = [self._get_smoothness_reg(guess) for guess in guesses]
  File "/home/ryedida/bbo_challenge_starter_kit/example_submissions/smoothness/optimizer.py", line 48, in _get_smoothness_reg
    if activ > Kz:
NameError: name 'activ' is not defined
suggestion time taken 0.319419 iter 11 next_points [{'alpha': 0.001363921460993513, 'batch_size': 186, 'beta_1': 0.8920306637281301, 'beta_2': 0.9664373238668886, 'epsilon': 4.625517845577068e-08, 'hidden_layer_sizes': 158, 'learning_rate_init': 0.02312402177518154, 'tol': 0.0016150780781324712, 'validation_fraction': 0.6538710288442809}]
/home/ryedida/.local/lib/python3.9/site-packages/sklearn/neural_network/_multilayer_perceptron.py:605: UserWarning: Got `batch_size` less than 1 or larger than sample size. It is going to be clipped
  warnings.warn(

function_evaluation time 0.464242 value 49.005173 suggestion {'alpha': 0.001363921460993513, 'batch_size': 186, 'beta_1': 0.8920306637281301, 'beta_2': 0.9664373238668886, 'epsilon': 4.625517845577068e-08, 'hidden_layer_sizes': 158, 'learning_rate_init': 0.02312402177518154, 'tol': 0.0016150780781324712, 'validation_fraction': 0.6538710288442809}
observation time 0.000005, current best 44.304977 at iter 11
Failure in optimizer suggest. Falling back to random search.
name 'activ' is not defined
Traceback (most recent call last):
  File "/home/ryedida/.local/lib/python3.9/site-packages/bayesmark/experiment.py", line 126, in run_study
    next_points = optimizer.suggest(n_suggestions)
  File "/home/ryedida/bbo_challenge_starter_kit/example_submissions/smoothness/optimizer.py", line 105, in suggest
    betas = [self._get_smoothness_reg(guess) for guess in guesses]
  File "/home/ryedida/bbo_challenge_starter_kit/example_submissions/smoothness/optimizer.py", line 105, in <listcomp>
    betas = [self._get_smoothness_reg(guess) for guess in guesses]
  File "/home/ryedida/bbo_challenge_starter_kit/example_submissions/smoothness/optimizer.py", line 48, in _get_smoothness_reg
    if activ > Kz:
NameError: name 'activ' is not defined
suggestion time taken 0.321602 iter 12 next_points [{'alpha': 0.034912501037176406, 'batch_size': 176, 'beta_1': 0.9632611508828062, 'beta_2': 0.9999947460178288, 'epsilon': 1.2710395747248074e-09, 'hidden_layer_sizes': 130, 'learning_rate_init': 0.03614673405680336, 'tol': 0.0007522614932008835, 'validation_fraction': 0.11676491791047185}]
function_evaluation time 0.233960 value 54.937824 suggestion {'alpha': 0.034912501037176406, 'batch_size': 176, 'beta_1': 0.9632611508828062, 'beta_2': 0.9999947460178288, 'epsilon': 1.2710395747248074e-09, 'hidden_layer_sizes': 130, 'learning_rate_init': 0.03614673405680336, 'tol': 0.0007522614932008835, 'validation_fraction': 0.11676491791047185}
observation time 0.000005, current best 44.304977 at iter 12
Failure in optimizer suggest. Falling back to random search.
name 'activ' is not defined
Traceback (most recent call last):
  File "/home/ryedida/.local/lib/python3.9/site-packages/bayesmark/experiment.py", line 126, in run_study
    next_points = optimizer.suggest(n_suggestions)
  File "/home/ryedida/bbo_challenge_starter_kit/example_submissions/smoothness/optimizer.py", line 105, in suggest
    betas = [self._get_smoothness_reg(guess) for guess in guesses]
  File "/home/ryedida/bbo_challenge_starter_kit/example_submissions/smoothness/optimizer.py", line 105, in <listcomp>
    betas = [self._get_smoothness_reg(guess) for guess in guesses]
  File "/home/ryedida/bbo_challenge_starter_kit/example_submissions/smoothness/optimizer.py", line 48, in _get_smoothness_reg
    if activ > Kz:
NameError: name 'activ' is not defined
suggestion time taken 0.328895 iter 13 next_points [{'alpha': 4.834548553969181e-05, 'batch_size': 69, 'beta_1': 0.8988351467791994, 'beta_2': 0.9967579944798776, 'epsilon': 4.916284916251633e-08, 'hidden_layer_sizes': 127, 'learning_rate_init': 5.1773037667423834e-05, 'tol': 0.010025609504210985, 'validation_fraction': 0.14863777593670893}]
function_evaluation time 0.075189 value 151.517480 suggestion {'alpha': 4.834548553969181e-05, 'batch_size': 69, 'beta_1': 0.8988351467791994, 'beta_2': 0.9967579944798776, 'epsilon': 4.916284916251633e-08, 'hidden_layer_sizes': 127, 'learning_rate_init': 5.1773037667423834e-05, 'tol': 0.010025609504210985, 'validation_fraction': 0.14863777593670893}
observation time 0.000006, current best 44.304977 at iter 13
Failure in optimizer suggest. Falling back to random search.
name 'activ' is not defined
Traceback (most recent call last):
  File "/home/ryedida/.local/lib/python3.9/site-packages/bayesmark/experiment.py", line 126, in run_study
    next_points = optimizer.suggest(n_suggestions)
  File "/home/ryedida/bbo_challenge_starter_kit/example_submissions/smoothness/optimizer.py", line 105, in suggest
    betas = [self._get_smoothness_reg(guess) for guess in guesses]
  File "/home/ryedida/bbo_challenge_starter_kit/example_submissions/smoothness/optimizer.py", line 105, in <listcomp>
    betas = [self._get_smoothness_reg(guess) for guess in guesses]
  File "/home/ryedida/bbo_challenge_starter_kit/example_submissions/smoothness/optimizer.py", line 48, in _get_smoothness_reg
    if activ > Kz:
NameError: name 'activ' is not defined
suggestion time taken 0.323857 iter 14 next_points [{'alpha': 0.005304705009723862, 'batch_size': 242, 'beta_1': 0.9552373811513455, 'beta_2': 0.9998568923875908, 'epsilon': 2.863473226345349e-07, 'hidden_layer_sizes': 80, 'learning_rate_init': 0.0558159170000555, 'tol': 1.000493055460912e-05, 'validation_fraction': 0.23762644263796473}]
function_evaluation time 0.194735 value 54.965611 suggestion {'alpha': 0.005304705009723862, 'batch_size': 242, 'beta_1': 0.9552373811513455, 'beta_2': 0.9998568923875908, 'epsilon': 2.863473226345349e-07, 'hidden_layer_sizes': 80, 'learning_rate_init': 0.0558159170000555, 'tol': 1.000493055460912e-05, 'validation_fraction': 0.23762644263796473}
observation time 0.000006, current best 44.304977 at iter 14
saving meta data: {'args': {'--uuid': 'baea6b64399856d390f7363d7b9e9ee2', '-db-root': '/home/ryedida/bbo_challenge_starter_kit/output', '--opt-root': '/home/ryedida/bbo_challenge_starter_kit/example_submissions', '--data-root': None, '--db': 'run_20230425_055340', '--opt': 'smoothness', '--data': 'diabetes', '--classifier': 'MLP-adam', '--metric': 'mae', '--calls': 15, '--suggestions': 1, '--jobs-file': None, '--verbose': False, 'dry_run': False, 'rev': 'a376313', 'opt_rev': 'x.x.x'}, 'signature': ([{'alpha': 0.019628224813442792, 'batch_size': 182, 'beta_1': 0.9410202200271762, 'beta_2': 0.9998021557676793, 'epsilon': 1.8662266976518e-08, 'hidden_layer_sizes': 147, 'learning_rate_init': 0.0005627932047415167, 'tol': 0.03690557729213761, 'validation_fraction': 0.8846827852548593}, {'alpha': 0.0019982467392329444, 'batch_size': 200, 'beta_1': 0.919111482530466, 'beta_2': 0.9998488260436156, 'epsilon': 5.981221901152555e-07, 'hidden_layer_sizes': 61, 'learning_rate_init': 2.2310905607443014e-05, 'tol': 1.2046852412030316e-05, 'validation_fraction': 0.8117896445826539}, {'alpha': 0.46659545670218433, 'batch_size': 219, 'beta_1': 0.9889789783750891, 'beta_2': 0.9999896868093284, 'epsilon': 2.4234724484675948e-08, 'hidden_layer_sizes': 167, 'learning_rate_init': 2.972334644335654e-05, 'tol': 0.0036281404040243792, 'validation_fraction': 0.17260651658522078}, {'alpha': 4.656005689076002, 'batch_size': 135, 'beta_1': 0.870503881627747, 'beta_2': 0.9948873266941017, 'epsilon': 2.1023308743480125e-07, 'hidden_layer_sizes': 118, 'learning_rate_init': 0.0018781738757161913, 'tol': 1.1889379831773004e-05, 'validation_fraction': 0.6264327093752792}, {'alpha': 0.04705159350400542, 'batch_size': 158, 'beta_1': 0.9870884262730957, 'beta_2': 0.9999596874382349, 'epsilon': 1.1981845126013875e-08, 'hidden_layer_sizes': 116, 'learning_rate_init': 0.00617340520407431, 'tol': 1.741413418158619e-05, 'validation_fraction': 0.6754299026638921}], [151.4971925380264, 151.42763539278994, 151.47026299046811, 136.86202504264318, 75.2055865763391])}
saving results
saving timing
saving suggest log
done
