running: {'--uuid': 'cbb6daac834b5eef969217ae3b1d17f6', '-db-root': '/home/ryedida/bbo_challenge_starter_kit/output', '--opt-root': '/home/ryedida/bbo_challenge_starter_kit/example_submissions', '--data-root': None, '--db': 'run_20230425_055340', '--opt': 'smoothness', '--data': 'diabetes', '--classifier': 'MLP-adam', '--metric': 'mse', '--calls': 15, '--suggestions': 1, '--jobs-file': None, '--verbose': False, 'dry_run': False, 'rev': 'a376313', 'opt_rev': 'x.x.x'}
cmd: python smoothness/optimizer.py -c MLP-adam -d diabetes -o smoothness -u cbb6daac834b5eef969217ae3b1d17f6 -m mse -n 15 -p 1 -dir /home/ryedida/bbo_challenge_starter_kit/output -b run_20230425_055340
/home/ryedida/.local/lib/python3.9/site-packages/sklearn/neural_network/_multilayer_perceptron.py:605: UserWarning: Got `batch_size` less than 1 or larger than sample size. It is going to be clipped
  warnings.warn(

/home/ryedida/.local/lib/python3.9/site-packages/sklearn/neural_network/_multilayer_perceptron.py:605: UserWarning: Got `batch_size` less than 1 or larger than sample size. It is going to be clipped
  warnings.warn(

/home/ryedida/.local/lib/python3.9/site-packages/sklearn/neural_network/_multilayer_perceptron.py:605: UserWarning: Got `batch_size` less than 1 or larger than sample size. It is going to be clipped
  warnings.warn(

/home/ryedida/.local/lib/python3.9/site-packages/sklearn/neural_network/_multilayer_perceptron.py:686: ConvergenceWarning: Stochastic Optimizer: Maximum iterations (200) reached and the optimization hasn't converged yet.
  warnings.warn(

/home/ryedida/.local/lib/python3.9/site-packages/sklearn/neural_network/_multilayer_perceptron.py:605: UserWarning: Got `batch_size` less than 1 or larger than sample size. It is going to be clipped
  warnings.warn(

/home/ryedida/.local/lib/python3.9/site-packages/sklearn/neural_network/_multilayer_perceptron.py:686: ConvergenceWarning: Stochastic Optimizer: Maximum iterations (200) reached and the optimization hasn't converged yet.
  warnings.warn(

computed signature: ([{'alpha': 0.019628224813442792, 'batch_size': 182, 'beta_1': 0.9410202200271762, 'beta_2': 0.9998021557676793, 'epsilon': 1.8662266976518e-08, 'hidden_layer_sizes': 147, 'learning_rate_init': 0.0005627932047415167, 'tol': 0.03690557729213761, 'validation_fraction': 0.8846827852548593}, {'alpha': 0.0019982467392329444, 'batch_size': 200, 'beta_1': 0.919111482530466, 'beta_2': 0.9998488260436156, 'epsilon': 5.981221901152555e-07, 'hidden_layer_sizes': 61, 'learning_rate_init': 2.2310905607443014e-05, 'tol': 1.2046852412030316e-05, 'validation_fraction': 0.8117896445826539}, {'alpha': 0.46659545670218433, 'batch_size': 219, 'beta_1': 0.9889789783750891, 'beta_2': 0.9999896868093284, 'epsilon': 2.4234724484675948e-08, 'hidden_layer_sizes': 167, 'learning_rate_init': 2.972334644335654e-05, 'tol': 0.0036281404040243792, 'validation_fraction': 0.17260651658522078}, {'alpha': 4.656005689076002, 'batch_size': 135, 'beta_1': 0.870503881627747, 'beta_2': 0.9948873266941017, 'epsilon': 2.1023308743480125e-07, 'hidden_layer_sizes': 118, 'learning_rate_init': 0.0018781738757161913, 'tol': 1.1889379831773004e-05, 'validation_fraction': 0.6264327093752792}, {'alpha': 0.04705159350400542, 'batch_size': 158, 'beta_1': 0.9870884262730957, 'beta_2': 0.9999596874382349, 'epsilon': 1.1981845126013875e-08, 'hidden_layer_sizes': 116, 'learning_rate_init': 0.00617340520407431, 'tol': 1.741413418158619e-05, 'validation_fraction': 0.6754299026638921}], [29083.993548572587, 29062.423277324073, 29075.78987471409, 24626.32866834337, 9584.226858493177])
Signature errors:
                              0         1         2         3         4       max
MLP-adam_diabetes_mse  0.000007  0.000008  0.000003  0.003558  0.004952  0.004952
max                    0.000007  0.000008  0.000003  0.003558  0.004952  0.004952
starting sklearn study smoothness MLP-adam diabetes mse 15 1
with data root: None
Failure in optimizer suggest. Falling back to random search.
name 'activ' is not defined
Traceback (most recent call last):
  File "/home/ryedida/.local/lib/python3.9/site-packages/bayesmark/experiment.py", line 126, in run_study
    next_points = optimizer.suggest(n_suggestions)
  File "/home/ryedida/bbo_challenge_starter_kit/example_submissions/smoothness/optimizer.py", line 105, in suggest
    betas = [self._get_smoothness_reg(guess) for guess in guesses]
  File "/home/ryedida/bbo_challenge_starter_kit/example_submissions/smoothness/optimizer.py", line 105, in <listcomp>
    betas = [self._get_smoothness_reg(guess) for guess in guesses]
  File "/home/ryedida/bbo_challenge_starter_kit/example_submissions/smoothness/optimizer.py", line 48, in _get_smoothness_reg
    if activ > Kz:
NameError: name 'activ' is not defined
suggestion time taken 0.495768 iter 0 next_points [{'alpha': 0.0015281461629436236, 'batch_size': 178, 'beta_1': 0.5764663070241488, 'beta_2': 0.9990199715064189, 'epsilon': 3.2013797172431027e-07, 'hidden_layer_sizes': 65, 'learning_rate_init': 0.000519947437281267, 'tol': 1.4635142930465699e-05, 'validation_fraction': 0.12812667762187255}]
/home/ryedida/.local/lib/python3.9/site-packages/sklearn/neural_network/_multilayer_perceptron.py:686: ConvergenceWarning: Stochastic Optimizer: Maximum iterations (200) reached and the optimization hasn't converged yet.
  warnings.warn(

function_evaluation time 0.916353 value 27988.447107 suggestion {'alpha': 0.0015281461629436236, 'batch_size': 178, 'beta_1': 0.5764663070241488, 'beta_2': 0.9990199715064189, 'epsilon': 3.2013797172431027e-07, 'hidden_layer_sizes': 65, 'learning_rate_init': 0.000519947437281267, 'tol': 1.4635142930465699e-05, 'validation_fraction': 0.12812667762187255}
observation time 0.000006, current best 27988.447107 at iter 0
Failure in optimizer suggest. Falling back to random search.
name 'activ' is not defined
Traceback (most recent call last):
  File "/home/ryedida/.local/lib/python3.9/site-packages/bayesmark/experiment.py", line 126, in run_study
    next_points = optimizer.suggest(n_suggestions)
  File "/home/ryedida/bbo_challenge_starter_kit/example_submissions/smoothness/optimizer.py", line 105, in suggest
    betas = [self._get_smoothness_reg(guess) for guess in guesses]
  File "/home/ryedida/bbo_challenge_starter_kit/example_submissions/smoothness/optimizer.py", line 105, in <listcomp>
    betas = [self._get_smoothness_reg(guess) for guess in guesses]
  File "/home/ryedida/bbo_challenge_starter_kit/example_submissions/smoothness/optimizer.py", line 48, in _get_smoothness_reg
    if activ > Kz:
NameError: name 'activ' is not defined
suggestion time taken 0.332650 iter 1 next_points [{'alpha': 0.9445363875385266, 'batch_size': 236, 'beta_1': 0.8991911687877939, 'beta_2': 0.9999576598681877, 'epsilon': 8.366362875936854e-07, 'hidden_layer_sizes': 166, 'learning_rate_init': 1.4640328087696243e-05, 'tol': 0.04026189201572713, 'validation_fraction': 0.8245325395132597}]
/home/ryedida/.local/lib/python3.9/site-packages/sklearn/neural_network/_multilayer_perceptron.py:605: UserWarning: Got `batch_size` less than 1 or larger than sample size. It is going to be clipped
  warnings.warn(

function_evaluation time 0.055204 value 29098.724706 suggestion {'alpha': 0.9445363875385266, 'batch_size': 236, 'beta_1': 0.8991911687877939, 'beta_2': 0.9999576598681877, 'epsilon': 8.366362875936854e-07, 'hidden_layer_sizes': 166, 'learning_rate_init': 1.4640328087696243e-05, 'tol': 0.04026189201572713, 'validation_fraction': 0.8245325395132597}
observation time 0.000005, current best 27988.447107 at iter 1
Failure in optimizer suggest. Falling back to random search.
name 'activ' is not defined
Traceback (most recent call last):
  File "/home/ryedida/.local/lib/python3.9/site-packages/bayesmark/experiment.py", line 126, in run_study
    next_points = optimizer.suggest(n_suggestions)
  File "/home/ryedida/bbo_challenge_starter_kit/example_submissions/smoothness/optimizer.py", line 105, in suggest
    betas = [self._get_smoothness_reg(guess) for guess in guesses]
  File "/home/ryedida/bbo_challenge_starter_kit/example_submissions/smoothness/optimizer.py", line 105, in <listcomp>
    betas = [self._get_smoothness_reg(guess) for guess in guesses]
  File "/home/ryedida/bbo_challenge_starter_kit/example_submissions/smoothness/optimizer.py", line 48, in _get_smoothness_reg
    if activ > Kz:
NameError: name 'activ' is not defined
suggestion time taken 0.324404 iter 2 next_points [{'alpha': 0.0030051449016939243, 'batch_size': 166, 'beta_1': 0.8050920404977461, 'beta_2': 0.9977097488807095, 'epsilon': 1.7071857481792638e-07, 'hidden_layer_sizes': 151, 'learning_rate_init': 0.0079877693672773, 'tol': 0.0032446730549605253, 'validation_fraction': 0.4676231100395039}]
function_evaluation time 0.689614 value 3936.225956 suggestion {'alpha': 0.0030051449016939243, 'batch_size': 166, 'beta_1': 0.8050920404977461, 'beta_2': 0.9977097488807095, 'epsilon': 1.7071857481792638e-07, 'hidden_layer_sizes': 151, 'learning_rate_init': 0.0079877693672773, 'tol': 0.0032446730549605253, 'validation_fraction': 0.4676231100395039}
observation time 0.000005, current best 3936.225956 at iter 2
Failure in optimizer suggest. Falling back to random search.
name 'activ' is not defined
Traceback (most recent call last):
  File "/home/ryedida/.local/lib/python3.9/site-packages/bayesmark/experiment.py", line 126, in run_study
    next_points = optimizer.suggest(n_suggestions)
  File "/home/ryedida/bbo_challenge_starter_kit/example_submissions/smoothness/optimizer.py", line 105, in suggest
    betas = [self._get_smoothness_reg(guess) for guess in guesses]
  File "/home/ryedida/bbo_challenge_starter_kit/example_submissions/smoothness/optimizer.py", line 105, in <listcomp>
    betas = [self._get_smoothness_reg(guess) for guess in guesses]
  File "/home/ryedida/bbo_challenge_starter_kit/example_submissions/smoothness/optimizer.py", line 48, in _get_smoothness_reg
    if activ > Kz:
NameError: name 'activ' is not defined
suggestion time taken 0.326680 iter 3 next_points [{'alpha': 0.13225962303862862, 'batch_size': 51, 'beta_1': 0.9751760707265664, 'beta_2': 0.9999955715670464, 'epsilon': 4.105823705324535e-09, 'hidden_layer_sizes': 198, 'learning_rate_init': 0.00017554949757826995, 'tol': 6.300311745082857e-05, 'validation_fraction': 0.2495628015777588}]
/home/ryedida/.local/lib/python3.9/site-packages/sklearn/neural_network/_multilayer_perceptron.py:686: ConvergenceWarning: Stochastic Optimizer: Maximum iterations (200) reached and the optimization hasn't converged yet.
  warnings.warn(

function_evaluation time 2.066299 value 27105.874607 suggestion {'alpha': 0.13225962303862862, 'batch_size': 51, 'beta_1': 0.9751760707265664, 'beta_2': 0.9999955715670464, 'epsilon': 4.105823705324535e-09, 'hidden_layer_sizes': 198, 'learning_rate_init': 0.00017554949757826995, 'tol': 6.300311745082857e-05, 'validation_fraction': 0.2495628015777588}
observation time 0.000005, current best 3936.225956 at iter 3
Failure in optimizer suggest. Falling back to random search.
name 'activ' is not defined
Traceback (most recent call last):
  File "/home/ryedida/.local/lib/python3.9/site-packages/bayesmark/experiment.py", line 126, in run_study
    next_points = optimizer.suggest(n_suggestions)
  File "/home/ryedida/bbo_challenge_starter_kit/example_submissions/smoothness/optimizer.py", line 105, in suggest
    betas = [self._get_smoothness_reg(guess) for guess in guesses]
  File "/home/ryedida/bbo_challenge_starter_kit/example_submissions/smoothness/optimizer.py", line 105, in <listcomp>
    betas = [self._get_smoothness_reg(guess) for guess in guesses]
  File "/home/ryedida/bbo_challenge_starter_kit/example_submissions/smoothness/optimizer.py", line 48, in _get_smoothness_reg
    if activ > Kz:
NameError: name 'activ' is not defined
suggestion time taken 0.321132 iter 4 next_points [{'alpha': 0.0010195075388572223, 'batch_size': 237, 'beta_1': 0.7749471535966627, 'beta_2': 0.9994490309219114, 'epsilon': 1.135336275171918e-09, 'hidden_layer_sizes': 180, 'learning_rate_init': 5.632059103289124e-05, 'tol': 0.0025220513918205473, 'validation_fraction': 0.24317648022256866}]
function_evaluation time 0.077556 value 29115.019647 suggestion {'alpha': 0.0010195075388572223, 'batch_size': 237, 'beta_1': 0.7749471535966627, 'beta_2': 0.9994490309219114, 'epsilon': 1.135336275171918e-09, 'hidden_layer_sizes': 180, 'learning_rate_init': 5.632059103289124e-05, 'tol': 0.0025220513918205473, 'validation_fraction': 0.24317648022256866}
observation time 0.000006, current best 3936.225956 at iter 4
Failure in optimizer suggest. Falling back to random search.
name 'activ' is not defined
Traceback (most recent call last):
  File "/home/ryedida/.local/lib/python3.9/site-packages/bayesmark/experiment.py", line 126, in run_study
    next_points = optimizer.suggest(n_suggestions)
  File "/home/ryedida/bbo_challenge_starter_kit/example_submissions/smoothness/optimizer.py", line 105, in suggest
    betas = [self._get_smoothness_reg(guess) for guess in guesses]
  File "/home/ryedida/bbo_challenge_starter_kit/example_submissions/smoothness/optimizer.py", line 105, in <listcomp>
    betas = [self._get_smoothness_reg(guess) for guess in guesses]
  File "/home/ryedida/bbo_challenge_starter_kit/example_submissions/smoothness/optimizer.py", line 48, in _get_smoothness_reg
    if activ > Kz:
NameError: name 'activ' is not defined
suggestion time taken 0.325237 iter 5 next_points [{'alpha': 0.001340809116363945, 'batch_size': 171, 'beta_1': 0.9885670965709763, 'beta_2': 0.9998887400418824, 'epsilon': 3.710042483248108e-07, 'hidden_layer_sizes': 199, 'learning_rate_init': 5.330946356239187e-05, 'tol': 0.007915599862761885, 'validation_fraction': 0.11731517719288985}]
function_evaluation time 0.098336 value 29110.834179 suggestion {'alpha': 0.001340809116363945, 'batch_size': 171, 'beta_1': 0.9885670965709763, 'beta_2': 0.9998887400418824, 'epsilon': 3.710042483248108e-07, 'hidden_layer_sizes': 199, 'learning_rate_init': 5.330946356239187e-05, 'tol': 0.007915599862761885, 'validation_fraction': 0.11731517719288985}
observation time 0.000004, current best 3936.225956 at iter 5
Failure in optimizer suggest. Falling back to random search.
name 'activ' is not defined
Traceback (most recent call last):
  File "/home/ryedida/.local/lib/python3.9/site-packages/bayesmark/experiment.py", line 126, in run_study
    next_points = optimizer.suggest(n_suggestions)
  File "/home/ryedida/bbo_challenge_starter_kit/example_submissions/smoothness/optimizer.py", line 105, in suggest
    betas = [self._get_smoothness_reg(guess) for guess in guesses]
  File "/home/ryedida/bbo_challenge_starter_kit/example_submissions/smoothness/optimizer.py", line 105, in <listcomp>
    betas = [self._get_smoothness_reg(guess) for guess in guesses]
  File "/home/ryedida/bbo_challenge_starter_kit/example_submissions/smoothness/optimizer.py", line 48, in _get_smoothness_reg
    if activ > Kz:
NameError: name 'activ' is not defined
suggestion time taken 0.327092 iter 6 next_points [{'alpha': 0.005337998156410252, 'batch_size': 198, 'beta_1': 0.7002079880700544, 'beta_2': 0.9997366493638998, 'epsilon': 1.2284878919643883e-08, 'hidden_layer_sizes': 108, 'learning_rate_init': 0.00020149765872344086, 'tol': 1.608413972068914e-05, 'validation_fraction': 0.1376548037146143}]
/home/ryedida/.local/lib/python3.9/site-packages/sklearn/neural_network/_multilayer_perceptron.py:686: ConvergenceWarning: Stochastic Optimizer: Maximum iterations (200) reached and the optimization hasn't converged yet.
  warnings.warn(

function_evaluation time 1.113599 value 28667.765148 suggestion {'alpha': 0.005337998156410252, 'batch_size': 198, 'beta_1': 0.7002079880700544, 'beta_2': 0.9997366493638998, 'epsilon': 1.2284878919643883e-08, 'hidden_layer_sizes': 108, 'learning_rate_init': 0.00020149765872344086, 'tol': 1.608413972068914e-05, 'validation_fraction': 0.1376548037146143}
observation time 0.000005, current best 3936.225956 at iter 6
Failure in optimizer suggest. Falling back to random search.
name 'activ' is not defined
Traceback (most recent call last):
  File "/home/ryedida/.local/lib/python3.9/site-packages/bayesmark/experiment.py", line 126, in run_study
    next_points = optimizer.suggest(n_suggestions)
  File "/home/ryedida/bbo_challenge_starter_kit/example_submissions/smoothness/optimizer.py", line 105, in suggest
    betas = [self._get_smoothness_reg(guess) for guess in guesses]
  File "/home/ryedida/bbo_challenge_starter_kit/example_submissions/smoothness/optimizer.py", line 105, in <listcomp>
    betas = [self._get_smoothness_reg(guess) for guess in guesses]
  File "/home/ryedida/bbo_challenge_starter_kit/example_submissions/smoothness/optimizer.py", line 48, in _get_smoothness_reg
    if activ > Kz:
NameError: name 'activ' is not defined
suggestion time taken 0.456177 iter 7 next_points [{'alpha': 4.935917541229875, 'batch_size': 178, 'beta_1': 0.8125687775656169, 'beta_2': 0.9999148169925404, 'epsilon': 1.2057512399842773e-07, 'hidden_layer_sizes': 186, 'learning_rate_init': 0.020948530088797903, 'tol': 0.0007985653947925784, 'validation_fraction': 0.6384177032082459}]
/home/ryedida/.local/lib/python3.9/site-packages/sklearn/neural_network/_multilayer_perceptron.py:605: UserWarning: Got `batch_size` less than 1 or larger than sample size. It is going to be clipped
  warnings.warn(

function_evaluation time 0.594548 value 3189.204303 suggestion {'alpha': 4.935917541229875, 'batch_size': 178, 'beta_1': 0.8125687775656169, 'beta_2': 0.9999148169925404, 'epsilon': 1.2057512399842773e-07, 'hidden_layer_sizes': 186, 'learning_rate_init': 0.020948530088797903, 'tol': 0.0007985653947925784, 'validation_fraction': 0.6384177032082459}
observation time 0.000004, current best 3189.204303 at iter 7
Failure in optimizer suggest. Falling back to random search.
name 'activ' is not defined
Traceback (most recent call last):
  File "/home/ryedida/.local/lib/python3.9/site-packages/bayesmark/experiment.py", line 126, in run_study
    next_points = optimizer.suggest(n_suggestions)
  File "/home/ryedida/bbo_challenge_starter_kit/example_submissions/smoothness/optimizer.py", line 105, in suggest
    betas = [self._get_smoothness_reg(guess) for guess in guesses]
  File "/home/ryedida/bbo_challenge_starter_kit/example_submissions/smoothness/optimizer.py", line 105, in <listcomp>
    betas = [self._get_smoothness_reg(guess) for guess in guesses]
  File "/home/ryedida/bbo_challenge_starter_kit/example_submissions/smoothness/optimizer.py", line 48, in _get_smoothness_reg
    if activ > Kz:
NameError: name 'activ' is not defined
suggestion time taken 0.329851 iter 8 next_points [{'alpha': 0.00046713462615863744, 'batch_size': 219, 'beta_1': 0.9784469806153164, 'beta_2': 0.9996744449537818, 'epsilon': 6.601816978364295e-07, 'hidden_layer_sizes': 122, 'learning_rate_init': 0.03163653812189638, 'tol': 0.00041177343989866994, 'validation_fraction': 0.2629922996732614}]
function_evaluation time 0.301009 value 4239.413087 suggestion {'alpha': 0.00046713462615863744, 'batch_size': 219, 'beta_1': 0.9784469806153164, 'beta_2': 0.9996744449537818, 'epsilon': 6.601816978364295e-07, 'hidden_layer_sizes': 122, 'learning_rate_init': 0.03163653812189638, 'tol': 0.00041177343989866994, 'validation_fraction': 0.2629922996732614}
observation time 0.000005, current best 3189.204303 at iter 8
Failure in optimizer suggest. Falling back to random search.
name 'activ' is not defined
Traceback (most recent call last):
  File "/home/ryedida/.local/lib/python3.9/site-packages/bayesmark/experiment.py", line 126, in run_study
    next_points = optimizer.suggest(n_suggestions)
  File "/home/ryedida/bbo_challenge_starter_kit/example_submissions/smoothness/optimizer.py", line 105, in suggest
    betas = [self._get_smoothness_reg(guess) for guess in guesses]
  File "/home/ryedida/bbo_challenge_starter_kit/example_submissions/smoothness/optimizer.py", line 105, in <listcomp>
    betas = [self._get_smoothness_reg(guess) for guess in guesses]
  File "/home/ryedida/bbo_challenge_starter_kit/example_submissions/smoothness/optimizer.py", line 48, in _get_smoothness_reg
    if activ > Kz:
NameError: name 'activ' is not defined
suggestion time taken 0.322161 iter 9 next_points [{'alpha': 0.007767624757561803, 'batch_size': 41, 'beta_1': 0.9567252861992356, 'beta_2': 0.9732130621569407, 'epsilon': 4.916367097982127e-08, 'hidden_layer_sizes': 185, 'learning_rate_init': 0.00027306698000024543, 'tol': 0.0068840892987728115, 'validation_fraction': 0.7916974647215328}]
function_evaluation time 0.072288 value 29078.745433 suggestion {'alpha': 0.007767624757561803, 'batch_size': 41, 'beta_1': 0.9567252861992356, 'beta_2': 0.9732130621569407, 'epsilon': 4.916367097982127e-08, 'hidden_layer_sizes': 185, 'learning_rate_init': 0.00027306698000024543, 'tol': 0.0068840892987728115, 'validation_fraction': 0.7916974647215328}
observation time 0.000004, current best 3189.204303 at iter 9
Failure in optimizer suggest. Falling back to random search.
name 'activ' is not defined
Traceback (most recent call last):
  File "/home/ryedida/.local/lib/python3.9/site-packages/bayesmark/experiment.py", line 126, in run_study
    next_points = optimizer.suggest(n_suggestions)
  File "/home/ryedida/bbo_challenge_starter_kit/example_submissions/smoothness/optimizer.py", line 105, in suggest
    betas = [self._get_smoothness_reg(guess) for guess in guesses]
  File "/home/ryedida/bbo_challenge_starter_kit/example_submissions/smoothness/optimizer.py", line 105, in <listcomp>
    betas = [self._get_smoothness_reg(guess) for guess in guesses]
  File "/home/ryedida/bbo_challenge_starter_kit/example_submissions/smoothness/optimizer.py", line 48, in _get_smoothness_reg
    if activ > Kz:
NameError: name 'activ' is not defined
suggestion time taken 0.323396 iter 10 next_points [{'alpha': 2.156257044183803, 'batch_size': 145, 'beta_1': 0.7650048479077461, 'beta_2': 0.9831891989953762, 'epsilon': 2.3592588692196535e-07, 'hidden_layer_sizes': 123, 'learning_rate_init': 0.00011412794580252388, 'tol': 0.0001118907886512032, 'validation_fraction': 0.30358599368675426}]
/home/ryedida/.local/lib/python3.9/site-packages/sklearn/neural_network/_multilayer_perceptron.py:686: ConvergenceWarning: Stochastic Optimizer: Maximum iterations (200) reached and the optimization hasn't converged yet.
  warnings.warn(

function_evaluation time 1.101944 value 28900.512915 suggestion {'alpha': 2.156257044183803, 'batch_size': 145, 'beta_1': 0.7650048479077461, 'beta_2': 0.9831891989953762, 'epsilon': 2.3592588692196535e-07, 'hidden_layer_sizes': 123, 'learning_rate_init': 0.00011412794580252388, 'tol': 0.0001118907886512032, 'validation_fraction': 0.30358599368675426}
observation time 0.000005, current best 3189.204303 at iter 10
Failure in optimizer suggest. Falling back to random search.
name 'activ' is not defined
Traceback (most recent call last):
  File "/home/ryedida/.local/lib/python3.9/site-packages/bayesmark/experiment.py", line 126, in run_study
    next_points = optimizer.suggest(n_suggestions)
  File "/home/ryedida/bbo_challenge_starter_kit/example_submissions/smoothness/optimizer.py", line 105, in suggest
    betas = [self._get_smoothness_reg(guess) for guess in guesses]
  File "/home/ryedida/bbo_challenge_starter_kit/example_submissions/smoothness/optimizer.py", line 105, in <listcomp>
    betas = [self._get_smoothness_reg(guess) for guess in guesses]
  File "/home/ryedida/bbo_challenge_starter_kit/example_submissions/smoothness/optimizer.py", line 48, in _get_smoothness_reg
    if activ > Kz:
NameError: name 'activ' is not defined
suggestion time taken 0.321028 iter 11 next_points [{'alpha': 0.548228966970947, 'batch_size': 58, 'beta_1': 0.9864287010851912, 'beta_2': 0.9994319655098787, 'epsilon': 9.779743207798746e-09, 'hidden_layer_sizes': 168, 'learning_rate_init': 1.3201262661758708e-05, 'tol': 0.00035872096860535855, 'validation_fraction': 0.8261861432953453}]
function_evaluation time 0.055989 value 29103.152477 suggestion {'alpha': 0.548228966970947, 'batch_size': 58, 'beta_1': 0.9864287010851912, 'beta_2': 0.9994319655098787, 'epsilon': 9.779743207798746e-09, 'hidden_layer_sizes': 168, 'learning_rate_init': 1.3201262661758708e-05, 'tol': 0.00035872096860535855, 'validation_fraction': 0.8261861432953453}
observation time 0.000005, current best 3189.204303 at iter 11
Failure in optimizer suggest. Falling back to random search.
name 'activ' is not defined
Traceback (most recent call last):
  File "/home/ryedida/.local/lib/python3.9/site-packages/bayesmark/experiment.py", line 126, in run_study
    next_points = optimizer.suggest(n_suggestions)
  File "/home/ryedida/bbo_challenge_starter_kit/example_submissions/smoothness/optimizer.py", line 105, in suggest
    betas = [self._get_smoothness_reg(guess) for guess in guesses]
  File "/home/ryedida/bbo_challenge_starter_kit/example_submissions/smoothness/optimizer.py", line 105, in <listcomp>
    betas = [self._get_smoothness_reg(guess) for guess in guesses]
  File "/home/ryedida/bbo_challenge_starter_kit/example_submissions/smoothness/optimizer.py", line 48, in _get_smoothness_reg
    if activ > Kz:
NameError: name 'activ' is not defined
suggestion time taken 0.339752 iter 12 next_points [{'alpha': 4.324242451660594e-05, 'batch_size': 202, 'beta_1': 0.9773631597135884, 'beta_2': 0.9999984881324337, 'epsilon': 6.139240212373065e-07, 'hidden_layer_sizes': 99, 'learning_rate_init': 0.00017276133434258916, 'tol': 0.0019289706331667878, 'validation_fraction': 0.2899637078711722}]
function_evaluation time 0.061259 value 29118.632920 suggestion {'alpha': 4.324242451660594e-05, 'batch_size': 202, 'beta_1': 0.9773631597135884, 'beta_2': 0.9999984881324337, 'epsilon': 6.139240212373065e-07, 'hidden_layer_sizes': 99, 'learning_rate_init': 0.00017276133434258916, 'tol': 0.0019289706331667878, 'validation_fraction': 0.2899637078711722}
observation time 0.000005, current best 3189.204303 at iter 12
Failure in optimizer suggest. Falling back to random search.
name 'activ' is not defined
Traceback (most recent call last):
  File "/home/ryedida/.local/lib/python3.9/site-packages/bayesmark/experiment.py", line 126, in run_study
    next_points = optimizer.suggest(n_suggestions)
  File "/home/ryedida/bbo_challenge_starter_kit/example_submissions/smoothness/optimizer.py", line 105, in suggest
    betas = [self._get_smoothness_reg(guess) for guess in guesses]
  File "/home/ryedida/bbo_challenge_starter_kit/example_submissions/smoothness/optimizer.py", line 105, in <listcomp>
    betas = [self._get_smoothness_reg(guess) for guess in guesses]
  File "/home/ryedida/bbo_challenge_starter_kit/example_submissions/smoothness/optimizer.py", line 48, in _get_smoothness_reg
    if activ > Kz:
NameError: name 'activ' is not defined
suggestion time taken 0.320159 iter 13 next_points [{'alpha': 0.0011147280820895317, 'batch_size': 119, 'beta_1': 0.9615552461458853, 'beta_2': 0.9999972451121092, 'epsilon': 3.046570894421183e-07, 'hidden_layer_sizes': 162, 'learning_rate_init': 0.0028397856187568535, 'tol': 0.00587095958804684, 'validation_fraction': 0.10691343523098991}]
function_evaluation time 1.149849 value 4060.789203 suggestion {'alpha': 0.0011147280820895317, 'batch_size': 119, 'beta_1': 0.9615552461458853, 'beta_2': 0.9999972451121092, 'epsilon': 3.046570894421183e-07, 'hidden_layer_sizes': 162, 'learning_rate_init': 0.0028397856187568535, 'tol': 0.00587095958804684, 'validation_fraction': 0.10691343523098991}
observation time 0.000004, current best 3189.204303 at iter 13
Failure in optimizer suggest. Falling back to random search.
name 'activ' is not defined
Traceback (most recent call last):
  File "/home/ryedida/.local/lib/python3.9/site-packages/bayesmark/experiment.py", line 126, in run_study
    next_points = optimizer.suggest(n_suggestions)
  File "/home/ryedida/bbo_challenge_starter_kit/example_submissions/smoothness/optimizer.py", line 105, in suggest
    betas = [self._get_smoothness_reg(guess) for guess in guesses]
  File "/home/ryedida/bbo_challenge_starter_kit/example_submissions/smoothness/optimizer.py", line 105, in <listcomp>
    betas = [self._get_smoothness_reg(guess) for guess in guesses]
  File "/home/ryedida/bbo_challenge_starter_kit/example_submissions/smoothness/optimizer.py", line 48, in _get_smoothness_reg
    if activ > Kz:
NameError: name 'activ' is not defined
suggestion time taken 0.323590 iter 14 next_points [{'alpha': 5.166191837763211, 'batch_size': 174, 'beta_1': 0.7184763519475712, 'beta_2': 0.9811309568360955, 'epsilon': 2.4126163110312467e-09, 'hidden_layer_sizes': 166, 'learning_rate_init': 0.03147514977785923, 'tol': 0.012720960509764475, 'validation_fraction': 0.5816180953557322}]
/home/ryedida/.local/lib/python3.9/site-packages/sklearn/neural_network/_multilayer_perceptron.py:605: UserWarning: Got `batch_size` less than 1 or larger than sample size. It is going to be clipped
  warnings.warn(

function_evaluation time 0.228825 value 3626.105642 suggestion {'alpha': 5.166191837763211, 'batch_size': 174, 'beta_1': 0.7184763519475712, 'beta_2': 0.9811309568360955, 'epsilon': 2.4126163110312467e-09, 'hidden_layer_sizes': 166, 'learning_rate_init': 0.03147514977785923, 'tol': 0.012720960509764475, 'validation_fraction': 0.5816180953557322}
observation time 0.000006, current best 3189.204303 at iter 14
saving meta data: {'args': {'--uuid': 'cbb6daac834b5eef969217ae3b1d17f6', '-db-root': '/home/ryedida/bbo_challenge_starter_kit/output', '--opt-root': '/home/ryedida/bbo_challenge_starter_kit/example_submissions', '--data-root': None, '--db': 'run_20230425_055340', '--opt': 'smoothness', '--data': 'diabetes', '--classifier': 'MLP-adam', '--metric': 'mse', '--calls': 15, '--suggestions': 1, '--jobs-file': None, '--verbose': False, 'dry_run': False, 'rev': 'a376313', 'opt_rev': 'x.x.x'}, 'signature': ([{'alpha': 0.019628224813442792, 'batch_size': 182, 'beta_1': 0.9410202200271762, 'beta_2': 0.9998021557676793, 'epsilon': 1.8662266976518e-08, 'hidden_layer_sizes': 147, 'learning_rate_init': 0.0005627932047415167, 'tol': 0.03690557729213761, 'validation_fraction': 0.8846827852548593}, {'alpha': 0.0019982467392329444, 'batch_size': 200, 'beta_1': 0.919111482530466, 'beta_2': 0.9998488260436156, 'epsilon': 5.981221901152555e-07, 'hidden_layer_sizes': 61, 'learning_rate_init': 2.2310905607443014e-05, 'tol': 1.2046852412030316e-05, 'validation_fraction': 0.8117896445826539}, {'alpha': 0.46659545670218433, 'batch_size': 219, 'beta_1': 0.9889789783750891, 'beta_2': 0.9999896868093284, 'epsilon': 2.4234724484675948e-08, 'hidden_layer_sizes': 167, 'learning_rate_init': 2.972334644335654e-05, 'tol': 0.0036281404040243792, 'validation_fraction': 0.17260651658522078}, {'alpha': 4.656005689076002, 'batch_size': 135, 'beta_1': 0.870503881627747, 'beta_2': 0.9948873266941017, 'epsilon': 2.1023308743480125e-07, 'hidden_layer_sizes': 118, 'learning_rate_init': 0.0018781738757161913, 'tol': 1.1889379831773004e-05, 'validation_fraction': 0.6264327093752792}, {'alpha': 0.04705159350400542, 'batch_size': 158, 'beta_1': 0.9870884262730957, 'beta_2': 0.9999596874382349, 'epsilon': 1.1981845126013875e-08, 'hidden_layer_sizes': 116, 'learning_rate_init': 0.00617340520407431, 'tol': 1.741413418158619e-05, 'validation_fraction': 0.6754299026638921}], [29083.993548572587, 29062.423277324073, 29075.78987471409, 24626.32866834337, 9584.226858493177])}
saving results
saving timing
saving suggest log
done
