running: {'--uuid': 'd55bce7568a65d2bbe06240a60781476', '-db-root': '/home/ryedida/bbo_challenge_starter_kit/output', '--opt-root': '/home/ryedida/bbo_challenge_starter_kit/example_submissions', '--data-root': None, '--db': 'run_20230425_055340', '--opt': 'smoothness', '--data': 'diabetes', '--classifier': 'MLP-adam', '--metric': 'mae', '--calls': 15, '--suggestions': 1, '--jobs-file': None, '--verbose': False, 'dry_run': False, 'rev': 'a376313', 'opt_rev': 'x.x.x'}
cmd: python smoothness/optimizer.py -c MLP-adam -d diabetes -o smoothness -u d55bce7568a65d2bbe06240a60781476 -m mae -n 15 -p 1 -dir /home/ryedida/bbo_challenge_starter_kit/output -b run_20230425_055340
/home/ryedida/.local/lib/python3.9/site-packages/sklearn/neural_network/_multilayer_perceptron.py:605: UserWarning: Got `batch_size` less than 1 or larger than sample size. It is going to be clipped
  warnings.warn(

/home/ryedida/.local/lib/python3.9/site-packages/sklearn/neural_network/_multilayer_perceptron.py:605: UserWarning: Got `batch_size` less than 1 or larger than sample size. It is going to be clipped
  warnings.warn(

/home/ryedida/.local/lib/python3.9/site-packages/sklearn/neural_network/_multilayer_perceptron.py:605: UserWarning: Got `batch_size` less than 1 or larger than sample size. It is going to be clipped
  warnings.warn(

/home/ryedida/.local/lib/python3.9/site-packages/sklearn/neural_network/_multilayer_perceptron.py:686: ConvergenceWarning: Stochastic Optimizer: Maximum iterations (200) reached and the optimization hasn't converged yet.
  warnings.warn(

/home/ryedida/.local/lib/python3.9/site-packages/sklearn/neural_network/_multilayer_perceptron.py:605: UserWarning: Got `batch_size` less than 1 or larger than sample size. It is going to be clipped
  warnings.warn(

/home/ryedida/.local/lib/python3.9/site-packages/sklearn/neural_network/_multilayer_perceptron.py:686: ConvergenceWarning: Stochastic Optimizer: Maximum iterations (200) reached and the optimization hasn't converged yet.
  warnings.warn(

computed signature: ([{'alpha': 0.019628224813442792, 'batch_size': 182, 'beta_1': 0.9410202200271762, 'beta_2': 0.9998021557676793, 'epsilon': 1.8662266976518e-08, 'hidden_layer_sizes': 147, 'learning_rate_init': 0.0005627932047415167, 'tol': 0.03690557729213761, 'validation_fraction': 0.8846827852548593}, {'alpha': 0.0019982467392329444, 'batch_size': 200, 'beta_1': 0.919111482530466, 'beta_2': 0.9998488260436156, 'epsilon': 5.981221901152555e-07, 'hidden_layer_sizes': 61, 'learning_rate_init': 2.2310905607443014e-05, 'tol': 1.2046852412030316e-05, 'validation_fraction': 0.8117896445826539}, {'alpha': 0.46659545670218433, 'batch_size': 219, 'beta_1': 0.9889789783750891, 'beta_2': 0.9999896868093284, 'epsilon': 2.4234724484675948e-08, 'hidden_layer_sizes': 167, 'learning_rate_init': 2.972334644335654e-05, 'tol': 0.0036281404040243792, 'validation_fraction': 0.17260651658522078}, {'alpha': 4.656005689076002, 'batch_size': 135, 'beta_1': 0.870503881627747, 'beta_2': 0.9948873266941017, 'epsilon': 2.1023308743480125e-07, 'hidden_layer_sizes': 118, 'learning_rate_init': 0.0018781738757161913, 'tol': 1.1889379831773004e-05, 'validation_fraction': 0.6264327093752792}, {'alpha': 0.04705159350400542, 'batch_size': 158, 'beta_1': 0.9870884262730957, 'beta_2': 0.9999596874382349, 'epsilon': 1.1981845126013875e-08, 'hidden_layer_sizes': 116, 'learning_rate_init': 0.00617340520407431, 'tol': 1.741413418158619e-05, 'validation_fraction': 0.6754299026638921}], [151.4971925380264, 151.42763539278994, 151.47026299046811, 136.86202504264318, 75.2055865763391])
Signature errors:
                                  0             1             2         3         4       max
MLP-adam_diabetes_mae  1.919244e-08  6.198704e-08  7.624578e-09  0.000007  0.000034  0.000034
max                    1.919244e-08  6.198704e-08  7.624578e-09  0.000007  0.000034  0.000034
starting sklearn study smoothness MLP-adam diabetes mae 15 1
with data root: None
Failure in optimizer suggest. Falling back to random search.
name 'activ' is not defined
Traceback (most recent call last):
  File "/home/ryedida/.local/lib/python3.9/site-packages/bayesmark/experiment.py", line 126, in run_study
    next_points = optimizer.suggest(n_suggestions)
  File "/home/ryedida/bbo_challenge_starter_kit/example_submissions/smoothness/optimizer.py", line 105, in suggest
    betas = [self._get_smoothness_reg(guess) for guess in guesses]
  File "/home/ryedida/bbo_challenge_starter_kit/example_submissions/smoothness/optimizer.py", line 105, in <listcomp>
    betas = [self._get_smoothness_reg(guess) for guess in guesses]
  File "/home/ryedida/bbo_challenge_starter_kit/example_submissions/smoothness/optimizer.py", line 48, in _get_smoothness_reg
    if activ > Kz:
NameError: name 'activ' is not defined
suggestion time taken 0.499811 iter 0 next_points [{'alpha': 0.1628469248873852, 'batch_size': 106, 'beta_1': 0.9060561438843439, 'beta_2': 0.9944754496880798, 'epsilon': 1.4265176615986966e-09, 'hidden_layer_sizes': 99, 'learning_rate_init': 0.0011104388682688514, 'tol': 2.038336631118405e-05, 'validation_fraction': 0.17169934133858805}]
/home/ryedida/.local/lib/python3.9/site-packages/sklearn/neural_network/_multilayer_perceptron.py:686: ConvergenceWarning: Stochastic Optimizer: Maximum iterations (200) reached and the optimization hasn't converged yet.
  warnings.warn(

function_evaluation time 1.282887 value 117.687561 suggestion {'alpha': 0.1628469248873852, 'batch_size': 106, 'beta_1': 0.9060561438843439, 'beta_2': 0.9944754496880798, 'epsilon': 1.4265176615986966e-09, 'hidden_layer_sizes': 99, 'learning_rate_init': 0.0011104388682688514, 'tol': 2.038336631118405e-05, 'validation_fraction': 0.17169934133858805}
observation time 0.000007, current best 117.687561 at iter 0
Failure in optimizer suggest. Falling back to random search.
name 'activ' is not defined
Traceback (most recent call last):
  File "/home/ryedida/.local/lib/python3.9/site-packages/bayesmark/experiment.py", line 126, in run_study
    next_points = optimizer.suggest(n_suggestions)
  File "/home/ryedida/bbo_challenge_starter_kit/example_submissions/smoothness/optimizer.py", line 105, in suggest
    betas = [self._get_smoothness_reg(guess) for guess in guesses]
  File "/home/ryedida/bbo_challenge_starter_kit/example_submissions/smoothness/optimizer.py", line 105, in <listcomp>
    betas = [self._get_smoothness_reg(guess) for guess in guesses]
  File "/home/ryedida/bbo_challenge_starter_kit/example_submissions/smoothness/optimizer.py", line 48, in _get_smoothness_reg
    if activ > Kz:
NameError: name 'activ' is not defined
suggestion time taken 0.330052 iter 1 next_points [{'alpha': 7.018977809337561, 'batch_size': 221, 'beta_1': 0.9487714807419743, 'beta_2': 0.9998366719221, 'epsilon': 1.84254835695521e-08, 'hidden_layer_sizes': 131, 'learning_rate_init': 0.0002393318154612374, 'tol': 0.0022514370963337537, 'validation_fraction': 0.14718886522654573}]
function_evaluation time 0.083086 value 151.562816 suggestion {'alpha': 7.018977809337561, 'batch_size': 221, 'beta_1': 0.9487714807419743, 'beta_2': 0.9998366719221, 'epsilon': 1.84254835695521e-08, 'hidden_layer_sizes': 131, 'learning_rate_init': 0.0002393318154612374, 'tol': 0.0022514370963337537, 'validation_fraction': 0.14718886522654573}
observation time 0.000006, current best 117.687561 at iter 1
Failure in optimizer suggest. Falling back to random search.
name 'activ' is not defined
Traceback (most recent call last):
  File "/home/ryedida/.local/lib/python3.9/site-packages/bayesmark/experiment.py", line 126, in run_study
    next_points = optimizer.suggest(n_suggestions)
  File "/home/ryedida/bbo_challenge_starter_kit/example_submissions/smoothness/optimizer.py", line 105, in suggest
    betas = [self._get_smoothness_reg(guess) for guess in guesses]
  File "/home/ryedida/bbo_challenge_starter_kit/example_submissions/smoothness/optimizer.py", line 105, in <listcomp>
    betas = [self._get_smoothness_reg(guess) for guess in guesses]
  File "/home/ryedida/bbo_challenge_starter_kit/example_submissions/smoothness/optimizer.py", line 48, in _get_smoothness_reg
    if activ > Kz:
NameError: name 'activ' is not defined
suggestion time taken 0.327765 iter 2 next_points [{'alpha': 0.22166255210895253, 'batch_size': 209, 'beta_1': 0.8216973777528535, 'beta_2': 0.9950377394850827, 'epsilon': 1.7892241218467859e-09, 'hidden_layer_sizes': 71, 'learning_rate_init': 0.0012968753115051579, 'tol': 3.0354401274859824e-05, 'validation_fraction': 0.8873731149767413}]
/home/ryedida/.local/lib/python3.9/site-packages/sklearn/neural_network/_multilayer_perceptron.py:605: UserWarning: Got `batch_size` less than 1 or larger than sample size. It is going to be clipped
  warnings.warn(

/home/ryedida/.local/lib/python3.9/site-packages/sklearn/neural_network/_multilayer_perceptron.py:686: ConvergenceWarning: Stochastic Optimizer: Maximum iterations (200) reached and the optimization hasn't converged yet.
  warnings.warn(

function_evaluation time 0.583778 value 146.326666 suggestion {'alpha': 0.22166255210895253, 'batch_size': 209, 'beta_1': 0.8216973777528535, 'beta_2': 0.9950377394850827, 'epsilon': 1.7892241218467859e-09, 'hidden_layer_sizes': 71, 'learning_rate_init': 0.0012968753115051579, 'tol': 3.0354401274859824e-05, 'validation_fraction': 0.8873731149767413}
observation time 0.000006, current best 117.687561 at iter 2
Failure in optimizer suggest. Falling back to random search.
name 'activ' is not defined
Traceback (most recent call last):
  File "/home/ryedida/.local/lib/python3.9/site-packages/bayesmark/experiment.py", line 126, in run_study
    next_points = optimizer.suggest(n_suggestions)
  File "/home/ryedida/bbo_challenge_starter_kit/example_submissions/smoothness/optimizer.py", line 105, in suggest
    betas = [self._get_smoothness_reg(guess) for guess in guesses]
  File "/home/ryedida/bbo_challenge_starter_kit/example_submissions/smoothness/optimizer.py", line 105, in <listcomp>
    betas = [self._get_smoothness_reg(guess) for guess in guesses]
  File "/home/ryedida/bbo_challenge_starter_kit/example_submissions/smoothness/optimizer.py", line 48, in _get_smoothness_reg
    if activ > Kz:
NameError: name 'activ' is not defined
suggestion time taken 0.326219 iter 3 next_points [{'alpha': 1.6809452883837563e-05, 'batch_size': 124, 'beta_1': 0.7274840024426048, 'beta_2': 0.998803223125545, 'epsilon': 1.6049022093324387e-08, 'hidden_layer_sizes': 128, 'learning_rate_init': 0.0035430987471164483, 'tol': 0.015842888140075114, 'validation_fraction': 0.6917215896929109}]
/home/ryedida/.local/lib/python3.9/site-packages/sklearn/neural_network/_multilayer_perceptron.py:605: UserWarning: Got `batch_size` less than 1 or larger than sample size. It is going to be clipped
  warnings.warn(

function_evaluation time 0.054591 value 150.753001 suggestion {'alpha': 1.6809452883837563e-05, 'batch_size': 124, 'beta_1': 0.7274840024426048, 'beta_2': 0.998803223125545, 'epsilon': 1.6049022093324387e-08, 'hidden_layer_sizes': 128, 'learning_rate_init': 0.0035430987471164483, 'tol': 0.015842888140075114, 'validation_fraction': 0.6917215896929109}
observation time 0.000006, current best 117.687561 at iter 3
Failure in optimizer suggest. Falling back to random search.
name 'activ' is not defined
Traceback (most recent call last):
  File "/home/ryedida/.local/lib/python3.9/site-packages/bayesmark/experiment.py", line 126, in run_study
    next_points = optimizer.suggest(n_suggestions)
  File "/home/ryedida/bbo_challenge_starter_kit/example_submissions/smoothness/optimizer.py", line 105, in suggest
    betas = [self._get_smoothness_reg(guess) for guess in guesses]
  File "/home/ryedida/bbo_challenge_starter_kit/example_submissions/smoothness/optimizer.py", line 105, in <listcomp>
    betas = [self._get_smoothness_reg(guess) for guess in guesses]
  File "/home/ryedida/bbo_challenge_starter_kit/example_submissions/smoothness/optimizer.py", line 48, in _get_smoothness_reg
    if activ > Kz:
NameError: name 'activ' is not defined
suggestion time taken 0.330935 iter 4 next_points [{'alpha': 0.28865202981676674, 'batch_size': 178, 'beta_1': 0.9044461780081345, 'beta_2': 0.9972452080261833, 'epsilon': 1.1624763554681182e-09, 'hidden_layer_sizes': 124, 'learning_rate_init': 0.00044505477733950143, 'tol': 0.00047636687367863214, 'validation_fraction': 0.48623229681229163}]
/home/ryedida/.local/lib/python3.9/site-packages/sklearn/neural_network/_multilayer_perceptron.py:686: ConvergenceWarning: Stochastic Optimizer: Maximum iterations (200) reached and the optimization hasn't converged yet.
  warnings.warn(

function_evaluation time 0.235822 value 151.534668 suggestion {'alpha': 0.28865202981676674, 'batch_size': 178, 'beta_1': 0.9044461780081345, 'beta_2': 0.9972452080261833, 'epsilon': 1.1624763554681182e-09, 'hidden_layer_sizes': 124, 'learning_rate_init': 0.00044505477733950143, 'tol': 0.00047636687367863214, 'validation_fraction': 0.48623229681229163}
observation time 0.000006, current best 117.687561 at iter 4
Failure in optimizer suggest. Falling back to random search.
name 'activ' is not defined
Traceback (most recent call last):
  File "/home/ryedida/.local/lib/python3.9/site-packages/bayesmark/experiment.py", line 126, in run_study
    next_points = optimizer.suggest(n_suggestions)
  File "/home/ryedida/bbo_challenge_starter_kit/example_submissions/smoothness/optimizer.py", line 105, in suggest
    betas = [self._get_smoothness_reg(guess) for guess in guesses]
  File "/home/ryedida/bbo_challenge_starter_kit/example_submissions/smoothness/optimizer.py", line 105, in <listcomp>
    betas = [self._get_smoothness_reg(guess) for guess in guesses]
  File "/home/ryedida/bbo_challenge_starter_kit/example_submissions/smoothness/optimizer.py", line 48, in _get_smoothness_reg
    if activ > Kz:
NameError: name 'activ' is not defined
suggestion time taken 0.323141 iter 5 next_points [{'alpha': 2.0355874905428705e-05, 'batch_size': 239, 'beta_1': 0.9834713236184481, 'beta_2': 0.9994652996169533, 'epsilon': 1.473010720194859e-07, 'hidden_layer_sizes': 197, 'learning_rate_init': 7.272048681330903e-05, 'tol': 6.213043218490363e-05, 'validation_fraction': 0.6085195431896815}]
/home/ryedida/.local/lib/python3.9/site-packages/sklearn/neural_network/_multilayer_perceptron.py:605: UserWarning: Got `batch_size` less than 1 or larger than sample size. It is going to be clipped
  warnings.warn(

/home/ryedida/.local/lib/python3.9/site-packages/sklearn/neural_network/_multilayer_perceptron.py:686: ConvergenceWarning: Stochastic Optimizer: Maximum iterations (200) reached and the optimization hasn't converged yet.
  warnings.warn(

function_evaluation time 0.507779 value 151.458249 suggestion {'alpha': 2.0355874905428705e-05, 'batch_size': 239, 'beta_1': 0.9834713236184481, 'beta_2': 0.9994652996169533, 'epsilon': 1.473010720194859e-07, 'hidden_layer_sizes': 197, 'learning_rate_init': 7.272048681330903e-05, 'tol': 6.213043218490363e-05, 'validation_fraction': 0.6085195431896815}
observation time 0.000006, current best 117.687561 at iter 5
Failure in optimizer suggest. Falling back to random search.
name 'activ' is not defined
Traceback (most recent call last):
  File "/home/ryedida/.local/lib/python3.9/site-packages/bayesmark/experiment.py", line 126, in run_study
    next_points = optimizer.suggest(n_suggestions)
  File "/home/ryedida/bbo_challenge_starter_kit/example_submissions/smoothness/optimizer.py", line 105, in suggest
    betas = [self._get_smoothness_reg(guess) for guess in guesses]
  File "/home/ryedida/bbo_challenge_starter_kit/example_submissions/smoothness/optimizer.py", line 105, in <listcomp>
    betas = [self._get_smoothness_reg(guess) for guess in guesses]
  File "/home/ryedida/bbo_challenge_starter_kit/example_submissions/smoothness/optimizer.py", line 48, in _get_smoothness_reg
    if activ > Kz:
NameError: name 'activ' is not defined
suggestion time taken 0.338823 iter 6 next_points [{'alpha': 0.0005381210490562598, 'batch_size': 37, 'beta_1': 0.5623824482846396, 'beta_2': 0.9999673240486396, 'epsilon': 7.248697564011862e-07, 'hidden_layer_sizes': 95, 'learning_rate_init': 0.037289547948959285, 'tol': 0.006936253737104994, 'validation_fraction': 0.5257889815837496}]
function_evaluation time 0.235139 value 45.636872 suggestion {'alpha': 0.0005381210490562598, 'batch_size': 37, 'beta_1': 0.5623824482846396, 'beta_2': 0.9999673240486396, 'epsilon': 7.248697564011862e-07, 'hidden_layer_sizes': 95, 'learning_rate_init': 0.037289547948959285, 'tol': 0.006936253737104994, 'validation_fraction': 0.5257889815837496}
observation time 0.000006, current best 45.636872 at iter 6
Failure in optimizer suggest. Falling back to random search.
name 'activ' is not defined
Traceback (most recent call last):
  File "/home/ryedida/.local/lib/python3.9/site-packages/bayesmark/experiment.py", line 126, in run_study
    next_points = optimizer.suggest(n_suggestions)
  File "/home/ryedida/bbo_challenge_starter_kit/example_submissions/smoothness/optimizer.py", line 105, in suggest
    betas = [self._get_smoothness_reg(guess) for guess in guesses]
  File "/home/ryedida/bbo_challenge_starter_kit/example_submissions/smoothness/optimizer.py", line 105, in <listcomp>
    betas = [self._get_smoothness_reg(guess) for guess in guesses]
  File "/home/ryedida/bbo_challenge_starter_kit/example_submissions/smoothness/optimizer.py", line 48, in _get_smoothness_reg
    if activ > Kz:
NameError: name 'activ' is not defined
suggestion time taken 0.463269 iter 7 next_points [{'alpha': 3.1987350820873726, 'batch_size': 108, 'beta_1': 0.8219595696139365, 'beta_2': 0.9983862148703473, 'epsilon': 1.0032379254279015e-07, 'hidden_layer_sizes': 90, 'learning_rate_init': 0.08273737227684134, 'tol': 0.07815225799370876, 'validation_fraction': 0.89337801004196}]
/home/ryedida/.local/lib/python3.9/site-packages/sklearn/neural_network/_multilayer_perceptron.py:605: UserWarning: Got `batch_size` less than 1 or larger than sample size. It is going to be clipped
  warnings.warn(

function_evaluation time 0.110862 value 52.807532 suggestion {'alpha': 3.1987350820873726, 'batch_size': 108, 'beta_1': 0.8219595696139365, 'beta_2': 0.9983862148703473, 'epsilon': 1.0032379254279015e-07, 'hidden_layer_sizes': 90, 'learning_rate_init': 0.08273737227684134, 'tol': 0.07815225799370876, 'validation_fraction': 0.89337801004196}
observation time 0.000006, current best 45.636872 at iter 7
Failure in optimizer suggest. Falling back to random search.
name 'activ' is not defined
Traceback (most recent call last):
  File "/home/ryedida/.local/lib/python3.9/site-packages/bayesmark/experiment.py", line 126, in run_study
    next_points = optimizer.suggest(n_suggestions)
  File "/home/ryedida/bbo_challenge_starter_kit/example_submissions/smoothness/optimizer.py", line 105, in suggest
    betas = [self._get_smoothness_reg(guess) for guess in guesses]
  File "/home/ryedida/bbo_challenge_starter_kit/example_submissions/smoothness/optimizer.py", line 105, in <listcomp>
    betas = [self._get_smoothness_reg(guess) for guess in guesses]
  File "/home/ryedida/bbo_challenge_starter_kit/example_submissions/smoothness/optimizer.py", line 48, in _get_smoothness_reg
    if activ > Kz:
NameError: name 'activ' is not defined
suggestion time taken 0.347493 iter 8 next_points [{'alpha': 0.21802761099788437, 'batch_size': 226, 'beta_1': 0.972941852851825, 'beta_2': 0.9999878353798523, 'epsilon': 2.026791071673931e-08, 'hidden_layer_sizes': 71, 'learning_rate_init': 1.1749762844134217e-05, 'tol': 9.484870747395955e-05, 'validation_fraction': 0.5749146442569967}]
/home/ryedida/.local/lib/python3.9/site-packages/sklearn/neural_network/_multilayer_perceptron.py:605: UserWarning: Got `batch_size` less than 1 or larger than sample size. It is going to be clipped
  warnings.warn(

function_evaluation time 0.048026 value 151.592080 suggestion {'alpha': 0.21802761099788437, 'batch_size': 226, 'beta_1': 0.972941852851825, 'beta_2': 0.9999878353798523, 'epsilon': 2.026791071673931e-08, 'hidden_layer_sizes': 71, 'learning_rate_init': 1.1749762844134217e-05, 'tol': 9.484870747395955e-05, 'validation_fraction': 0.5749146442569967}
observation time 0.000006, current best 45.636872 at iter 8
Failure in optimizer suggest. Falling back to random search.
name 'activ' is not defined
Traceback (most recent call last):
  File "/home/ryedida/.local/lib/python3.9/site-packages/bayesmark/experiment.py", line 126, in run_study
    next_points = optimizer.suggest(n_suggestions)
  File "/home/ryedida/bbo_challenge_starter_kit/example_submissions/smoothness/optimizer.py", line 105, in suggest
    betas = [self._get_smoothness_reg(guess) for guess in guesses]
  File "/home/ryedida/bbo_challenge_starter_kit/example_submissions/smoothness/optimizer.py", line 105, in <listcomp>
    betas = [self._get_smoothness_reg(guess) for guess in guesses]
  File "/home/ryedida/bbo_challenge_starter_kit/example_submissions/smoothness/optimizer.py", line 48, in _get_smoothness_reg
    if activ > Kz:
NameError: name 'activ' is not defined
suggestion time taken 0.323922 iter 9 next_points [{'alpha': 0.00020207632028951998, 'batch_size': 146, 'beta_1': 0.7014318876361957, 'beta_2': 0.9953529720916976, 'epsilon': 3.0200172491987203e-08, 'hidden_layer_sizes': 166, 'learning_rate_init': 0.019446172668134733, 'tol': 0.06303273959913251, 'validation_fraction': 0.46479209337991384}]
function_evaluation time 0.232486 value 54.654939 suggestion {'alpha': 0.00020207632028951998, 'batch_size': 146, 'beta_1': 0.7014318876361957, 'beta_2': 0.9953529720916976, 'epsilon': 3.0200172491987203e-08, 'hidden_layer_sizes': 166, 'learning_rate_init': 0.019446172668134733, 'tol': 0.06303273959913251, 'validation_fraction': 0.46479209337991384}
observation time 0.000006, current best 45.636872 at iter 9
Failure in optimizer suggest. Falling back to random search.
name 'activ' is not defined
Traceback (most recent call last):
  File "/home/ryedida/.local/lib/python3.9/site-packages/bayesmark/experiment.py", line 126, in run_study
    next_points = optimizer.suggest(n_suggestions)
  File "/home/ryedida/bbo_challenge_starter_kit/example_submissions/smoothness/optimizer.py", line 105, in suggest
    betas = [self._get_smoothness_reg(guess) for guess in guesses]
  File "/home/ryedida/bbo_challenge_starter_kit/example_submissions/smoothness/optimizer.py", line 105, in <listcomp>
    betas = [self._get_smoothness_reg(guess) for guess in guesses]
  File "/home/ryedida/bbo_challenge_starter_kit/example_submissions/smoothness/optimizer.py", line 48, in _get_smoothness_reg
    if activ > Kz:
NameError: name 'activ' is not defined
suggestion time taken 0.324641 iter 10 next_points [{'alpha': 0.005048375160383748, 'batch_size': 164, 'beta_1': 0.974263328629689, 'beta_2': 0.9998682146215707, 'epsilon': 7.975613721646226e-08, 'hidden_layer_sizes': 110, 'learning_rate_init': 0.00789620222402204, 'tol': 0.0021977773076298883, 'validation_fraction': 0.876317724685856}]
/home/ryedida/.local/lib/python3.9/site-packages/sklearn/neural_network/_multilayer_perceptron.py:605: UserWarning: Got `batch_size` less than 1 or larger than sample size. It is going to be clipped
  warnings.warn(

/home/ryedida/.local/lib/python3.9/site-packages/sklearn/neural_network/_multilayer_perceptron.py:686: ConvergenceWarning: Stochastic Optimizer: Maximum iterations (200) reached and the optimization hasn't converged yet.
  warnings.warn(

function_evaluation time 0.654467 value 55.814860 suggestion {'alpha': 0.005048375160383748, 'batch_size': 164, 'beta_1': 0.974263328629689, 'beta_2': 0.9998682146215707, 'epsilon': 7.975613721646226e-08, 'hidden_layer_sizes': 110, 'learning_rate_init': 0.00789620222402204, 'tol': 0.0021977773076298883, 'validation_fraction': 0.876317724685856}
observation time 0.000006, current best 45.636872 at iter 10
Failure in optimizer suggest. Falling back to random search.
name 'activ' is not defined
Traceback (most recent call last):
  File "/home/ryedida/.local/lib/python3.9/site-packages/bayesmark/experiment.py", line 126, in run_study
    next_points = optimizer.suggest(n_suggestions)
  File "/home/ryedida/bbo_challenge_starter_kit/example_submissions/smoothness/optimizer.py", line 105, in suggest
    betas = [self._get_smoothness_reg(guess) for guess in guesses]
  File "/home/ryedida/bbo_challenge_starter_kit/example_submissions/smoothness/optimizer.py", line 105, in <listcomp>
    betas = [self._get_smoothness_reg(guess) for guess in guesses]
  File "/home/ryedida/bbo_challenge_starter_kit/example_submissions/smoothness/optimizer.py", line 48, in _get_smoothness_reg
    if activ > Kz:
NameError: name 'activ' is not defined
suggestion time taken 0.322942 iter 11 next_points [{'alpha': 0.002608982624647934, 'batch_size': 156, 'beta_1': 0.9680215160637726, 'beta_2': 0.9783017641889156, 'epsilon': 6.122601642044685e-08, 'hidden_layer_sizes': 79, 'learning_rate_init': 5.334981469812787e-05, 'tol': 0.08029785158230061, 'validation_fraction': 0.5663249683817382}]
/home/ryedida/.local/lib/python3.9/site-packages/sklearn/neural_network/_multilayer_perceptron.py:605: UserWarning: Got `batch_size` less than 1 or larger than sample size. It is going to be clipped
  warnings.warn(

function_evaluation time 0.049856 value 151.503220 suggestion {'alpha': 0.002608982624647934, 'batch_size': 156, 'beta_1': 0.9680215160637726, 'beta_2': 0.9783017641889156, 'epsilon': 6.122601642044685e-08, 'hidden_layer_sizes': 79, 'learning_rate_init': 5.334981469812787e-05, 'tol': 0.08029785158230061, 'validation_fraction': 0.5663249683817382}
observation time 0.000006, current best 45.636872 at iter 11
Failure in optimizer suggest. Falling back to random search.
name 'activ' is not defined
Traceback (most recent call last):
  File "/home/ryedida/.local/lib/python3.9/site-packages/bayesmark/experiment.py", line 126, in run_study
    next_points = optimizer.suggest(n_suggestions)
  File "/home/ryedida/bbo_challenge_starter_kit/example_submissions/smoothness/optimizer.py", line 105, in suggest
    betas = [self._get_smoothness_reg(guess) for guess in guesses]
  File "/home/ryedida/bbo_challenge_starter_kit/example_submissions/smoothness/optimizer.py", line 105, in <listcomp>
    betas = [self._get_smoothness_reg(guess) for guess in guesses]
  File "/home/ryedida/bbo_challenge_starter_kit/example_submissions/smoothness/optimizer.py", line 48, in _get_smoothness_reg
    if activ > Kz:
NameError: name 'activ' is not defined
suggestion time taken 0.322217 iter 12 next_points [{'alpha': 0.0025282366508862517, 'batch_size': 66, 'beta_1': 0.946767785065434, 'beta_2': 0.9897509518947235, 'epsilon': 3.719374862554325e-07, 'hidden_layer_sizes': 149, 'learning_rate_init': 2.8540695571515402e-05, 'tol': 0.0002039032074987604, 'validation_fraction': 0.22538327584371906}]
function_evaluation time 0.113035 value 151.514650 suggestion {'alpha': 0.0025282366508862517, 'batch_size': 66, 'beta_1': 0.946767785065434, 'beta_2': 0.9897509518947235, 'epsilon': 3.719374862554325e-07, 'hidden_layer_sizes': 149, 'learning_rate_init': 2.8540695571515402e-05, 'tol': 0.0002039032074987604, 'validation_fraction': 0.22538327584371906}
observation time 0.000006, current best 45.636872 at iter 12
Failure in optimizer suggest. Falling back to random search.
name 'activ' is not defined
Traceback (most recent call last):
  File "/home/ryedida/.local/lib/python3.9/site-packages/bayesmark/experiment.py", line 126, in run_study
    next_points = optimizer.suggest(n_suggestions)
  File "/home/ryedida/bbo_challenge_starter_kit/example_submissions/smoothness/optimizer.py", line 105, in suggest
    betas = [self._get_smoothness_reg(guess) for guess in guesses]
  File "/home/ryedida/bbo_challenge_starter_kit/example_submissions/smoothness/optimizer.py", line 105, in <listcomp>
    betas = [self._get_smoothness_reg(guess) for guess in guesses]
  File "/home/ryedida/bbo_challenge_starter_kit/example_submissions/smoothness/optimizer.py", line 48, in _get_smoothness_reg
    if activ > Kz:
NameError: name 'activ' is not defined
suggestion time taken 0.323622 iter 13 next_points [{'alpha': 0.001563098665969313, 'batch_size': 100, 'beta_1': 0.936998132428789, 'beta_2': 0.9990046453093302, 'epsilon': 1.4978410782901216e-09, 'hidden_layer_sizes': 180, 'learning_rate_init': 0.00043295195080309267, 'tol': 2.841789704683448e-05, 'validation_fraction': 0.14785870919357466}]
/home/ryedida/.local/lib/python3.9/site-packages/sklearn/neural_network/_multilayer_perceptron.py:686: ConvergenceWarning: Stochastic Optimizer: Maximum iterations (200) reached and the optimization hasn't converged yet.
  warnings.warn(

function_evaluation time 1.600789 value 138.741793 suggestion {'alpha': 0.001563098665969313, 'batch_size': 100, 'beta_1': 0.936998132428789, 'beta_2': 0.9990046453093302, 'epsilon': 1.4978410782901216e-09, 'hidden_layer_sizes': 180, 'learning_rate_init': 0.00043295195080309267, 'tol': 2.841789704683448e-05, 'validation_fraction': 0.14785870919357466}
observation time 0.000006, current best 45.636872 at iter 13
Failure in optimizer suggest. Falling back to random search.
name 'activ' is not defined
Traceback (most recent call last):
  File "/home/ryedida/.local/lib/python3.9/site-packages/bayesmark/experiment.py", line 126, in run_study
    next_points = optimizer.suggest(n_suggestions)
  File "/home/ryedida/bbo_challenge_starter_kit/example_submissions/smoothness/optimizer.py", line 105, in suggest
    betas = [self._get_smoothness_reg(guess) for guess in guesses]
  File "/home/ryedida/bbo_challenge_starter_kit/example_submissions/smoothness/optimizer.py", line 105, in <listcomp>
    betas = [self._get_smoothness_reg(guess) for guess in guesses]
  File "/home/ryedida/bbo_challenge_starter_kit/example_submissions/smoothness/optimizer.py", line 48, in _get_smoothness_reg
    if activ > Kz:
NameError: name 'activ' is not defined
suggestion time taken 0.334320 iter 14 next_points [{'alpha': 0.06204248205127754, 'batch_size': 67, 'beta_1': 0.6592568872629785, 'beta_2': 0.9999937518241694, 'epsilon': 2.5307831532012274e-09, 'hidden_layer_sizes': 84, 'learning_rate_init': 1.5493058601884073e-05, 'tol': 0.0008127222750101226, 'validation_fraction': 0.8632584706218711}]
/home/ryedida/.local/lib/python3.9/site-packages/sklearn/neural_network/_multilayer_perceptron.py:605: UserWarning: Got `batch_size` less than 1 or larger than sample size. It is going to be clipped
  warnings.warn(

function_evaluation time 0.046652 value 151.584658 suggestion {'alpha': 0.06204248205127754, 'batch_size': 67, 'beta_1': 0.6592568872629785, 'beta_2': 0.9999937518241694, 'epsilon': 2.5307831532012274e-09, 'hidden_layer_sizes': 84, 'learning_rate_init': 1.5493058601884073e-05, 'tol': 0.0008127222750101226, 'validation_fraction': 0.8632584706218711}
observation time 0.000006, current best 45.636872 at iter 14
saving meta data: {'args': {'--uuid': 'd55bce7568a65d2bbe06240a60781476', '-db-root': '/home/ryedida/bbo_challenge_starter_kit/output', '--opt-root': '/home/ryedida/bbo_challenge_starter_kit/example_submissions', '--data-root': None, '--db': 'run_20230425_055340', '--opt': 'smoothness', '--data': 'diabetes', '--classifier': 'MLP-adam', '--metric': 'mae', '--calls': 15, '--suggestions': 1, '--jobs-file': None, '--verbose': False, 'dry_run': False, 'rev': 'a376313', 'opt_rev': 'x.x.x'}, 'signature': ([{'alpha': 0.019628224813442792, 'batch_size': 182, 'beta_1': 0.9410202200271762, 'beta_2': 0.9998021557676793, 'epsilon': 1.8662266976518e-08, 'hidden_layer_sizes': 147, 'learning_rate_init': 0.0005627932047415167, 'tol': 0.03690557729213761, 'validation_fraction': 0.8846827852548593}, {'alpha': 0.0019982467392329444, 'batch_size': 200, 'beta_1': 0.919111482530466, 'beta_2': 0.9998488260436156, 'epsilon': 5.981221901152555e-07, 'hidden_layer_sizes': 61, 'learning_rate_init': 2.2310905607443014e-05, 'tol': 1.2046852412030316e-05, 'validation_fraction': 0.8117896445826539}, {'alpha': 0.46659545670218433, 'batch_size': 219, 'beta_1': 0.9889789783750891, 'beta_2': 0.9999896868093284, 'epsilon': 2.4234724484675948e-08, 'hidden_layer_sizes': 167, 'learning_rate_init': 2.972334644335654e-05, 'tol': 0.0036281404040243792, 'validation_fraction': 0.17260651658522078}, {'alpha': 4.656005689076002, 'batch_size': 135, 'beta_1': 0.870503881627747, 'beta_2': 0.9948873266941017, 'epsilon': 2.1023308743480125e-07, 'hidden_layer_sizes': 118, 'learning_rate_init': 0.0018781738757161913, 'tol': 1.1889379831773004e-05, 'validation_fraction': 0.6264327093752792}, {'alpha': 0.04705159350400542, 'batch_size': 158, 'beta_1': 0.9870884262730957, 'beta_2': 0.9999596874382349, 'epsilon': 1.1981845126013875e-08, 'hidden_layer_sizes': 116, 'learning_rate_init': 0.00617340520407431, 'tol': 1.741413418158619e-05, 'validation_fraction': 0.6754299026638921}], [151.4971925380264, 151.42763539278994, 151.47026299046811, 136.86202504264318, 75.2055865763391])}
saving results
saving timing
saving suggest log
done
