running: {'--uuid': 'ea98bbe953cb52a090c5b8df3954f719', '-db-root': '/home/ryedida/bbo_challenge_starter_kit/output', '--opt-root': '/home/ryedida/bbo_challenge_starter_kit/example_submissions', '--data-root': None, '--db': 'run_20230425_055340', '--opt': 'smoothness', '--data': 'diabetes', '--classifier': 'MLP-adam', '--metric': 'mae', '--calls': 15, '--suggestions': 1, '--jobs-file': None, '--verbose': False, 'dry_run': False, 'rev': 'a376313', 'opt_rev': 'x.x.x'}
cmd: python smoothness/optimizer.py -c MLP-adam -d diabetes -o smoothness -u ea98bbe953cb52a090c5b8df3954f719 -m mae -n 15 -p 1 -dir /home/ryedida/bbo_challenge_starter_kit/output -b run_20230425_055340
/home/ryedida/.local/lib/python3.9/site-packages/sklearn/neural_network/_multilayer_perceptron.py:605: UserWarning: Got `batch_size` less than 1 or larger than sample size. It is going to be clipped
  warnings.warn(

/home/ryedida/.local/lib/python3.9/site-packages/sklearn/neural_network/_multilayer_perceptron.py:605: UserWarning: Got `batch_size` less than 1 or larger than sample size. It is going to be clipped
  warnings.warn(

/home/ryedida/.local/lib/python3.9/site-packages/sklearn/neural_network/_multilayer_perceptron.py:605: UserWarning: Got `batch_size` less than 1 or larger than sample size. It is going to be clipped
  warnings.warn(

/home/ryedida/.local/lib/python3.9/site-packages/sklearn/neural_network/_multilayer_perceptron.py:686: ConvergenceWarning: Stochastic Optimizer: Maximum iterations (200) reached and the optimization hasn't converged yet.
  warnings.warn(

/home/ryedida/.local/lib/python3.9/site-packages/sklearn/neural_network/_multilayer_perceptron.py:605: UserWarning: Got `batch_size` less than 1 or larger than sample size. It is going to be clipped
  warnings.warn(

/home/ryedida/.local/lib/python3.9/site-packages/sklearn/neural_network/_multilayer_perceptron.py:686: ConvergenceWarning: Stochastic Optimizer: Maximum iterations (200) reached and the optimization hasn't converged yet.
  warnings.warn(

computed signature: ([{'alpha': 0.019628224813442792, 'batch_size': 182, 'beta_1': 0.9410202200271762, 'beta_2': 0.9998021557676793, 'epsilon': 1.8662266976518e-08, 'hidden_layer_sizes': 147, 'learning_rate_init': 0.0005627932047415167, 'tol': 0.03690557729213761, 'validation_fraction': 0.8846827852548593}, {'alpha': 0.0019982467392329444, 'batch_size': 200, 'beta_1': 0.919111482530466, 'beta_2': 0.9998488260436156, 'epsilon': 5.981221901152555e-07, 'hidden_layer_sizes': 61, 'learning_rate_init': 2.2310905607443014e-05, 'tol': 1.2046852412030316e-05, 'validation_fraction': 0.8117896445826539}, {'alpha': 0.46659545670218433, 'batch_size': 219, 'beta_1': 0.9889789783750891, 'beta_2': 0.9999896868093284, 'epsilon': 2.4234724484675948e-08, 'hidden_layer_sizes': 167, 'learning_rate_init': 2.972334644335654e-05, 'tol': 0.0036281404040243792, 'validation_fraction': 0.17260651658522078}, {'alpha': 4.656005689076002, 'batch_size': 135, 'beta_1': 0.870503881627747, 'beta_2': 0.9948873266941017, 'epsilon': 2.1023308743480125e-07, 'hidden_layer_sizes': 118, 'learning_rate_init': 0.0018781738757161913, 'tol': 1.1889379831773004e-05, 'validation_fraction': 0.6264327093752792}, {'alpha': 0.04705159350400542, 'batch_size': 158, 'beta_1': 0.9870884262730957, 'beta_2': 0.9999596874382349, 'epsilon': 1.1981845126013875e-08, 'hidden_layer_sizes': 116, 'learning_rate_init': 0.00617340520407431, 'tol': 1.741413418158619e-05, 'validation_fraction': 0.6754299026638921}], [151.4971925380264, 151.42763539278994, 151.47026299046811, 136.86202504264318, 75.2055865763391])
Signature errors:
                                  0             1             2         3         4       max
MLP-adam_diabetes_mae  1.919244e-08  6.198704e-08  7.624578e-09  0.000007  0.000034  0.000034
max                    1.919244e-08  6.198704e-08  7.624578e-09  0.000007  0.000034  0.000034
starting sklearn study smoothness MLP-adam diabetes mae 15 1
with data root: None
Failure in optimizer suggest. Falling back to random search.
name 'activ' is not defined
Traceback (most recent call last):
  File "/home/ryedida/.local/lib/python3.9/site-packages/bayesmark/experiment.py", line 126, in run_study
    next_points = optimizer.suggest(n_suggestions)
  File "/home/ryedida/bbo_challenge_starter_kit/example_submissions/smoothness/optimizer.py", line 105, in suggest
    betas = [self._get_smoothness_reg(guess) for guess in guesses]
  File "/home/ryedida/bbo_challenge_starter_kit/example_submissions/smoothness/optimizer.py", line 105, in <listcomp>
    betas = [self._get_smoothness_reg(guess) for guess in guesses]
  File "/home/ryedida/bbo_challenge_starter_kit/example_submissions/smoothness/optimizer.py", line 48, in _get_smoothness_reg
    if activ > Kz:
NameError: name 'activ' is not defined
suggestion time taken 0.495572 iter 0 next_points [{'alpha': 3.0316682969921976e-05, 'batch_size': 141, 'beta_1': 0.9836556327207133, 'beta_2': 0.9981389097319053, 'epsilon': 8.681953345807628e-07, 'hidden_layer_sizes': 122, 'learning_rate_init': 1.4645113527101998e-05, 'tol': 0.00034805443388010305, 'validation_fraction': 0.4802074101951928}]
function_evaluation time 0.071237 value 151.567655 suggestion {'alpha': 3.0316682969921976e-05, 'batch_size': 141, 'beta_1': 0.9836556327207133, 'beta_2': 0.9981389097319053, 'epsilon': 8.681953345807628e-07, 'hidden_layer_sizes': 122, 'learning_rate_init': 1.4645113527101998e-05, 'tol': 0.00034805443388010305, 'validation_fraction': 0.4802074101951928}
observation time 0.000008, current best 151.567655 at iter 0
Failure in optimizer suggest. Falling back to random search.
name 'activ' is not defined
Traceback (most recent call last):
  File "/home/ryedida/.local/lib/python3.9/site-packages/bayesmark/experiment.py", line 126, in run_study
    next_points = optimizer.suggest(n_suggestions)
  File "/home/ryedida/bbo_challenge_starter_kit/example_submissions/smoothness/optimizer.py", line 105, in suggest
    betas = [self._get_smoothness_reg(guess) for guess in guesses]
  File "/home/ryedida/bbo_challenge_starter_kit/example_submissions/smoothness/optimizer.py", line 105, in <listcomp>
    betas = [self._get_smoothness_reg(guess) for guess in guesses]
  File "/home/ryedida/bbo_challenge_starter_kit/example_submissions/smoothness/optimizer.py", line 48, in _get_smoothness_reg
    if activ > Kz:
NameError: name 'activ' is not defined
suggestion time taken 0.331500 iter 1 next_points [{'alpha': 0.0002304315935830163, 'batch_size': 155, 'beta_1': 0.9421548794635588, 'beta_2': 0.983494664385589, 'epsilon': 4.609230930406781e-07, 'hidden_layer_sizes': 66, 'learning_rate_init': 0.06203378965689884, 'tol': 0.0002177380412720125, 'validation_fraction': 0.33725104177671444}]
function_evaluation time 0.298010 value 45.833153 suggestion {'alpha': 0.0002304315935830163, 'batch_size': 155, 'beta_1': 0.9421548794635588, 'beta_2': 0.983494664385589, 'epsilon': 4.609230930406781e-07, 'hidden_layer_sizes': 66, 'learning_rate_init': 0.06203378965689884, 'tol': 0.0002177380412720125, 'validation_fraction': 0.33725104177671444}
observation time 0.000006, current best 45.833153 at iter 1
Failure in optimizer suggest. Falling back to random search.
name 'activ' is not defined
Traceback (most recent call last):
  File "/home/ryedida/.local/lib/python3.9/site-packages/bayesmark/experiment.py", line 126, in run_study
    next_points = optimizer.suggest(n_suggestions)
  File "/home/ryedida/bbo_challenge_starter_kit/example_submissions/smoothness/optimizer.py", line 105, in suggest
    betas = [self._get_smoothness_reg(guess) for guess in guesses]
  File "/home/ryedida/bbo_challenge_starter_kit/example_submissions/smoothness/optimizer.py", line 105, in <listcomp>
    betas = [self._get_smoothness_reg(guess) for guess in guesses]
  File "/home/ryedida/bbo_challenge_starter_kit/example_submissions/smoothness/optimizer.py", line 48, in _get_smoothness_reg
    if activ > Kz:
NameError: name 'activ' is not defined
suggestion time taken 0.325934 iter 2 next_points [{'alpha': 2.6621206696302484, 'batch_size': 99, 'beta_1': 0.895706604224302, 'beta_2': 0.9996588354127031, 'epsilon': 2.02977989103972e-09, 'hidden_layer_sizes': 97, 'learning_rate_init': 2.5386079307262543e-05, 'tol': 0.010211032115570031, 'validation_fraction': 0.6128080357125869}]
function_evaluation time 0.064342 value 151.630626 suggestion {'alpha': 2.6621206696302484, 'batch_size': 99, 'beta_1': 0.895706604224302, 'beta_2': 0.9996588354127031, 'epsilon': 2.02977989103972e-09, 'hidden_layer_sizes': 97, 'learning_rate_init': 2.5386079307262543e-05, 'tol': 0.010211032115570031, 'validation_fraction': 0.6128080357125869}
observation time 0.000006, current best 45.833153 at iter 2
Failure in optimizer suggest. Falling back to random search.
name 'activ' is not defined
Traceback (most recent call last):
  File "/home/ryedida/.local/lib/python3.9/site-packages/bayesmark/experiment.py", line 126, in run_study
    next_points = optimizer.suggest(n_suggestions)
  File "/home/ryedida/bbo_challenge_starter_kit/example_submissions/smoothness/optimizer.py", line 105, in suggest
    betas = [self._get_smoothness_reg(guess) for guess in guesses]
  File "/home/ryedida/bbo_challenge_starter_kit/example_submissions/smoothness/optimizer.py", line 105, in <listcomp>
    betas = [self._get_smoothness_reg(guess) for guess in guesses]
  File "/home/ryedida/bbo_challenge_starter_kit/example_submissions/smoothness/optimizer.py", line 48, in _get_smoothness_reg
    if activ > Kz:
NameError: name 'activ' is not defined
suggestion time taken 0.328607 iter 3 next_points [{'alpha': 2.5262161192280472, 'batch_size': 78, 'beta_1': 0.5411400468054154, 'beta_2': 0.9999267925022602, 'epsilon': 8.712843432819286e-09, 'hidden_layer_sizes': 130, 'learning_rate_init': 9.03212985697351e-05, 'tol': 0.000979677164851419, 'validation_fraction': 0.6904099073947592}]
function_evaluation time 0.068239 value 151.470797 suggestion {'alpha': 2.5262161192280472, 'batch_size': 78, 'beta_1': 0.5411400468054154, 'beta_2': 0.9999267925022602, 'epsilon': 8.712843432819286e-09, 'hidden_layer_sizes': 130, 'learning_rate_init': 9.03212985697351e-05, 'tol': 0.000979677164851419, 'validation_fraction': 0.6904099073947592}
observation time 0.000006, current best 45.833153 at iter 3
Failure in optimizer suggest. Falling back to random search.
name 'activ' is not defined
Traceback (most recent call last):
  File "/home/ryedida/.local/lib/python3.9/site-packages/bayesmark/experiment.py", line 126, in run_study
    next_points = optimizer.suggest(n_suggestions)
  File "/home/ryedida/bbo_challenge_starter_kit/example_submissions/smoothness/optimizer.py", line 105, in suggest
    betas = [self._get_smoothness_reg(guess) for guess in guesses]
  File "/home/ryedida/bbo_challenge_starter_kit/example_submissions/smoothness/optimizer.py", line 105, in <listcomp>
    betas = [self._get_smoothness_reg(guess) for guess in guesses]
  File "/home/ryedida/bbo_challenge_starter_kit/example_submissions/smoothness/optimizer.py", line 48, in _get_smoothness_reg
    if activ > Kz:
NameError: name 'activ' is not defined
suggestion time taken 0.328560 iter 4 next_points [{'alpha': 0.0001856725492135361, 'batch_size': 204, 'beta_1': 0.7801245033665278, 'beta_2': 0.9968930915871623, 'epsilon': 2.249426778000389e-09, 'hidden_layer_sizes': 104, 'learning_rate_init': 0.020489751352084275, 'tol': 2.7156884971681235e-05, 'validation_fraction': 0.8357024348098436}]
/home/ryedida/.local/lib/python3.9/site-packages/sklearn/neural_network/_multilayer_perceptron.py:605: UserWarning: Got `batch_size` less than 1 or larger than sample size. It is going to be clipped
  warnings.warn(

function_evaluation time 0.652916 value 46.984486 suggestion {'alpha': 0.0001856725492135361, 'batch_size': 204, 'beta_1': 0.7801245033665278, 'beta_2': 0.9968930915871623, 'epsilon': 2.249426778000389e-09, 'hidden_layer_sizes': 104, 'learning_rate_init': 0.020489751352084275, 'tol': 2.7156884971681235e-05, 'validation_fraction': 0.8357024348098436}
observation time 0.000005, current best 45.833153 at iter 4
Failure in optimizer suggest. Falling back to random search.
name 'activ' is not defined
Traceback (most recent call last):
  File "/home/ryedida/.local/lib/python3.9/site-packages/bayesmark/experiment.py", line 126, in run_study
    next_points = optimizer.suggest(n_suggestions)
  File "/home/ryedida/bbo_challenge_starter_kit/example_submissions/smoothness/optimizer.py", line 105, in suggest
    betas = [self._get_smoothness_reg(guess) for guess in guesses]
  File "/home/ryedida/bbo_challenge_starter_kit/example_submissions/smoothness/optimizer.py", line 105, in <listcomp>
    betas = [self._get_smoothness_reg(guess) for guess in guesses]
  File "/home/ryedida/bbo_challenge_starter_kit/example_submissions/smoothness/optimizer.py", line 48, in _get_smoothness_reg
    if activ > Kz:
NameError: name 'activ' is not defined
suggestion time taken 0.326429 iter 5 next_points [{'alpha': 0.8729264970914891, 'batch_size': 196, 'beta_1': 0.9678695145097671, 'beta_2': 0.9999947045476787, 'epsilon': 4.7360926732695335e-07, 'hidden_layer_sizes': 75, 'learning_rate_init': 2.0080948445346404e-05, 'tol': 5.3393000244033704e-05, 'validation_fraction': 0.2317723873556078}]
function_evaluation time 0.064289 value 151.603511 suggestion {'alpha': 0.8729264970914891, 'batch_size': 196, 'beta_1': 0.9678695145097671, 'beta_2': 0.9999947045476787, 'epsilon': 4.7360926732695335e-07, 'hidden_layer_sizes': 75, 'learning_rate_init': 2.0080948445346404e-05, 'tol': 5.3393000244033704e-05, 'validation_fraction': 0.2317723873556078}
observation time 0.000006, current best 45.833153 at iter 5
Failure in optimizer suggest. Falling back to random search.
name 'activ' is not defined
Traceback (most recent call last):
  File "/home/ryedida/.local/lib/python3.9/site-packages/bayesmark/experiment.py", line 126, in run_study
    next_points = optimizer.suggest(n_suggestions)
  File "/home/ryedida/bbo_challenge_starter_kit/example_submissions/smoothness/optimizer.py", line 105, in suggest
    betas = [self._get_smoothness_reg(guess) for guess in guesses]
  File "/home/ryedida/bbo_challenge_starter_kit/example_submissions/smoothness/optimizer.py", line 105, in <listcomp>
    betas = [self._get_smoothness_reg(guess) for guess in guesses]
  File "/home/ryedida/bbo_challenge_starter_kit/example_submissions/smoothness/optimizer.py", line 48, in _get_smoothness_reg
    if activ > Kz:
NameError: name 'activ' is not defined
suggestion time taken 0.330664 iter 6 next_points [{'alpha': 0.08194238172679191, 'batch_size': 93, 'beta_1': 0.9646771457352094, 'beta_2': 0.9955534285139134, 'epsilon': 1.0357908179269715e-07, 'hidden_layer_sizes': 144, 'learning_rate_init': 0.0001100575815459581, 'tol': 0.058335045534202844, 'validation_fraction': 0.48915699104967125}]
function_evaluation time 0.075205 value 151.621317 suggestion {'alpha': 0.08194238172679191, 'batch_size': 93, 'beta_1': 0.9646771457352094, 'beta_2': 0.9955534285139134, 'epsilon': 1.0357908179269715e-07, 'hidden_layer_sizes': 144, 'learning_rate_init': 0.0001100575815459581, 'tol': 0.058335045534202844, 'validation_fraction': 0.48915699104967125}
observation time 0.000006, current best 45.833153 at iter 6
Failure in optimizer suggest. Falling back to random search.
name 'activ' is not defined
Traceback (most recent call last):
  File "/home/ryedida/.local/lib/python3.9/site-packages/bayesmark/experiment.py", line 126, in run_study
    next_points = optimizer.suggest(n_suggestions)
  File "/home/ryedida/bbo_challenge_starter_kit/example_submissions/smoothness/optimizer.py", line 105, in suggest
    betas = [self._get_smoothness_reg(guess) for guess in guesses]
  File "/home/ryedida/bbo_challenge_starter_kit/example_submissions/smoothness/optimizer.py", line 105, in <listcomp>
    betas = [self._get_smoothness_reg(guess) for guess in guesses]
  File "/home/ryedida/bbo_challenge_starter_kit/example_submissions/smoothness/optimizer.py", line 48, in _get_smoothness_reg
    if activ > Kz:
NameError: name 'activ' is not defined
suggestion time taken 0.461674 iter 7 next_points [{'alpha': 0.02419871829469806, 'batch_size': 100, 'beta_1': 0.8067941620161062, 'beta_2': 0.949898625053103, 'epsilon': 1.2140323377615087e-09, 'hidden_layer_sizes': 78, 'learning_rate_init': 0.0022008288374012505, 'tol': 0.013675941475286432, 'validation_fraction': 0.5518680551818369}]
function_evaluation time 0.060860 value 150.838964 suggestion {'alpha': 0.02419871829469806, 'batch_size': 100, 'beta_1': 0.8067941620161062, 'beta_2': 0.949898625053103, 'epsilon': 1.2140323377615087e-09, 'hidden_layer_sizes': 78, 'learning_rate_init': 0.0022008288374012505, 'tol': 0.013675941475286432, 'validation_fraction': 0.5518680551818369}
observation time 0.000006, current best 45.833153 at iter 7
Failure in optimizer suggest. Falling back to random search.
name 'activ' is not defined
Traceback (most recent call last):
  File "/home/ryedida/.local/lib/python3.9/site-packages/bayesmark/experiment.py", line 126, in run_study
    next_points = optimizer.suggest(n_suggestions)
  File "/home/ryedida/bbo_challenge_starter_kit/example_submissions/smoothness/optimizer.py", line 105, in suggest
    betas = [self._get_smoothness_reg(guess) for guess in guesses]
  File "/home/ryedida/bbo_challenge_starter_kit/example_submissions/smoothness/optimizer.py", line 105, in <listcomp>
    betas = [self._get_smoothness_reg(guess) for guess in guesses]
  File "/home/ryedida/bbo_challenge_starter_kit/example_submissions/smoothness/optimizer.py", line 48, in _get_smoothness_reg
    if activ > Kz:
NameError: name 'activ' is not defined
suggestion time taken 0.322320 iter 8 next_points [{'alpha': 1.0099709433730148e-05, 'batch_size': 81, 'beta_1': 0.6567525307456316, 'beta_2': 0.9456983704168964, 'epsilon': 4.816559254832864e-07, 'hidden_layer_sizes': 182, 'learning_rate_init': 0.0001303586758174084, 'tol': 0.0025242204962627, 'validation_fraction': 0.6477553632133278}]
function_evaluation time 0.077223 value 151.447558 suggestion {'alpha': 1.0099709433730148e-05, 'batch_size': 81, 'beta_1': 0.6567525307456316, 'beta_2': 0.9456983704168964, 'epsilon': 4.816559254832864e-07, 'hidden_layer_sizes': 182, 'learning_rate_init': 0.0001303586758174084, 'tol': 0.0025242204962627, 'validation_fraction': 0.6477553632133278}
observation time 0.000006, current best 45.833153 at iter 8
Failure in optimizer suggest. Falling back to random search.
name 'activ' is not defined
Traceback (most recent call last):
  File "/home/ryedida/.local/lib/python3.9/site-packages/bayesmark/experiment.py", line 126, in run_study
    next_points = optimizer.suggest(n_suggestions)
  File "/home/ryedida/bbo_challenge_starter_kit/example_submissions/smoothness/optimizer.py", line 105, in suggest
    betas = [self._get_smoothness_reg(guess) for guess in guesses]
  File "/home/ryedida/bbo_challenge_starter_kit/example_submissions/smoothness/optimizer.py", line 105, in <listcomp>
    betas = [self._get_smoothness_reg(guess) for guess in guesses]
  File "/home/ryedida/bbo_challenge_starter_kit/example_submissions/smoothness/optimizer.py", line 48, in _get_smoothness_reg
    if activ > Kz:
NameError: name 'activ' is not defined
suggestion time taken 0.325492 iter 9 next_points [{'alpha': 7.21171752255563e-05, 'batch_size': 41, 'beta_1': 0.835639529804824, 'beta_2': 0.9999146355750163, 'epsilon': 2.712797619865355e-07, 'hidden_layer_sizes': 160, 'learning_rate_init': 0.0008462599717903239, 'tol': 0.0004957113868199211, 'validation_fraction': 0.15444757836093834}]
/home/ryedida/.local/lib/python3.9/site-packages/sklearn/neural_network/_multilayer_perceptron.py:686: ConvergenceWarning: Stochastic Optimizer: Maximum iterations (200) reached and the optimization hasn't converged yet.
  warnings.warn(

function_evaluation time 1.567230 value 57.221912 suggestion {'alpha': 7.21171752255563e-05, 'batch_size': 41, 'beta_1': 0.835639529804824, 'beta_2': 0.9999146355750163, 'epsilon': 2.712797619865355e-07, 'hidden_layer_sizes': 160, 'learning_rate_init': 0.0008462599717903239, 'tol': 0.0004957113868199211, 'validation_fraction': 0.15444757836093834}
observation time 0.000006, current best 45.833153 at iter 9
Failure in optimizer suggest. Falling back to random search.
name 'activ' is not defined
Traceback (most recent call last):
  File "/home/ryedida/.local/lib/python3.9/site-packages/bayesmark/experiment.py", line 126, in run_study
    next_points = optimizer.suggest(n_suggestions)
  File "/home/ryedida/bbo_challenge_starter_kit/example_submissions/smoothness/optimizer.py", line 105, in suggest
    betas = [self._get_smoothness_reg(guess) for guess in guesses]
  File "/home/ryedida/bbo_challenge_starter_kit/example_submissions/smoothness/optimizer.py", line 105, in <listcomp>
    betas = [self._get_smoothness_reg(guess) for guess in guesses]
  File "/home/ryedida/bbo_challenge_starter_kit/example_submissions/smoothness/optimizer.py", line 48, in _get_smoothness_reg
    if activ > Kz:
NameError: name 'activ' is not defined
suggestion time taken 0.325747 iter 10 next_points [{'alpha': 0.004100111317522178, 'batch_size': 144, 'beta_1': 0.9835181263481823, 'beta_2': 0.9382950919496131, 'epsilon': 7.198522857427256e-09, 'hidden_layer_sizes': 153, 'learning_rate_init': 0.00044465148970133976, 'tol': 8.780414107705052e-05, 'validation_fraction': 0.35509448857404474}]
/home/ryedida/.local/lib/python3.9/site-packages/sklearn/neural_network/_multilayer_perceptron.py:686: ConvergenceWarning: Stochastic Optimizer: Maximum iterations (200) reached and the optimization hasn't converged yet.
  warnings.warn(

function_evaluation time 1.202970 value 148.137071 suggestion {'alpha': 0.004100111317522178, 'batch_size': 144, 'beta_1': 0.9835181263481823, 'beta_2': 0.9382950919496131, 'epsilon': 7.198522857427256e-09, 'hidden_layer_sizes': 153, 'learning_rate_init': 0.00044465148970133976, 'tol': 8.780414107705052e-05, 'validation_fraction': 0.35509448857404474}
observation time 0.000006, current best 45.833153 at iter 10
Failure in optimizer suggest. Falling back to random search.
name 'activ' is not defined
Traceback (most recent call last):
  File "/home/ryedida/.local/lib/python3.9/site-packages/bayesmark/experiment.py", line 126, in run_study
    next_points = optimizer.suggest(n_suggestions)
  File "/home/ryedida/bbo_challenge_starter_kit/example_submissions/smoothness/optimizer.py", line 105, in suggest
    betas = [self._get_smoothness_reg(guess) for guess in guesses]
  File "/home/ryedida/bbo_challenge_starter_kit/example_submissions/smoothness/optimizer.py", line 105, in <listcomp>
    betas = [self._get_smoothness_reg(guess) for guess in guesses]
  File "/home/ryedida/bbo_challenge_starter_kit/example_submissions/smoothness/optimizer.py", line 48, in _get_smoothness_reg
    if activ > Kz:
NameError: name 'activ' is not defined
suggestion time taken 0.325586 iter 11 next_points [{'alpha': 0.01841457452962759, 'batch_size': 155, 'beta_1': 0.5424650151090739, 'beta_2': 0.9999863544103595, 'epsilon': 1.9303440088093877e-09, 'hidden_layer_sizes': 126, 'learning_rate_init': 0.0049851895365096545, 'tol': 3.3483550845601023e-05, 'validation_fraction': 0.6644141611429073}]
/home/ryedida/.local/lib/python3.9/site-packages/sklearn/neural_network/_multilayer_perceptron.py:605: UserWarning: Got `batch_size` less than 1 or larger than sample size. It is going to be clipped
  warnings.warn(

/home/ryedida/.local/lib/python3.9/site-packages/sklearn/neural_network/_multilayer_perceptron.py:686: ConvergenceWarning: Stochastic Optimizer: Maximum iterations (200) reached and the optimization hasn't converged yet.
  warnings.warn(

function_evaluation time 0.745895 value 60.708055 suggestion {'alpha': 0.01841457452962759, 'batch_size': 155, 'beta_1': 0.5424650151090739, 'beta_2': 0.9999863544103595, 'epsilon': 1.9303440088093877e-09, 'hidden_layer_sizes': 126, 'learning_rate_init': 0.0049851895365096545, 'tol': 3.3483550845601023e-05, 'validation_fraction': 0.6644141611429073}
observation time 0.000005, current best 45.833153 at iter 11
Failure in optimizer suggest. Falling back to random search.
name 'activ' is not defined
Traceback (most recent call last):
  File "/home/ryedida/.local/lib/python3.9/site-packages/bayesmark/experiment.py", line 126, in run_study
    next_points = optimizer.suggest(n_suggestions)
  File "/home/ryedida/bbo_challenge_starter_kit/example_submissions/smoothness/optimizer.py", line 105, in suggest
    betas = [self._get_smoothness_reg(guess) for guess in guesses]
  File "/home/ryedida/bbo_challenge_starter_kit/example_submissions/smoothness/optimizer.py", line 105, in <listcomp>
    betas = [self._get_smoothness_reg(guess) for guess in guesses]
  File "/home/ryedida/bbo_challenge_starter_kit/example_submissions/smoothness/optimizer.py", line 48, in _get_smoothness_reg
    if activ > Kz:
NameError: name 'activ' is not defined
suggestion time taken 0.320808 iter 12 next_points [{'alpha': 1.5146474526691753, 'batch_size': 131, 'beta_1': 0.9863693821486773, 'beta_2': 0.9793148948332969, 'epsilon': 3.517191953738777e-08, 'hidden_layer_sizes': 65, 'learning_rate_init': 8.833718509958427e-05, 'tol': 0.003392042475919313, 'validation_fraction': 0.41716151898129494}]
function_evaluation time 0.046647 value 151.849599 suggestion {'alpha': 1.5146474526691753, 'batch_size': 131, 'beta_1': 0.9863693821486773, 'beta_2': 0.9793148948332969, 'epsilon': 3.517191953738777e-08, 'hidden_layer_sizes': 65, 'learning_rate_init': 8.833718509958427e-05, 'tol': 0.003392042475919313, 'validation_fraction': 0.41716151898129494}
observation time 0.000006, current best 45.833153 at iter 12
Failure in optimizer suggest. Falling back to random search.
name 'activ' is not defined
Traceback (most recent call last):
  File "/home/ryedida/.local/lib/python3.9/site-packages/bayesmark/experiment.py", line 126, in run_study
    next_points = optimizer.suggest(n_suggestions)
  File "/home/ryedida/bbo_challenge_starter_kit/example_submissions/smoothness/optimizer.py", line 105, in suggest
    betas = [self._get_smoothness_reg(guess) for guess in guesses]
  File "/home/ryedida/bbo_challenge_starter_kit/example_submissions/smoothness/optimizer.py", line 105, in <listcomp>
    betas = [self._get_smoothness_reg(guess) for guess in guesses]
  File "/home/ryedida/bbo_challenge_starter_kit/example_submissions/smoothness/optimizer.py", line 48, in _get_smoothness_reg
    if activ > Kz:
NameError: name 'activ' is not defined
suggestion time taken 0.322020 iter 13 next_points [{'alpha': 2.4757590917559256, 'batch_size': 129, 'beta_1': 0.8927648296639032, 'beta_2': 0.9814429528047459, 'epsilon': 1.7715444782947589e-09, 'hidden_layer_sizes': 171, 'learning_rate_init': 0.02471162195635416, 'tol': 0.08428957890834794, 'validation_fraction': 0.4834289998217794}]
function_evaluation time 0.222640 value 54.020339 suggestion {'alpha': 2.4757590917559256, 'batch_size': 129, 'beta_1': 0.8927648296639032, 'beta_2': 0.9814429528047459, 'epsilon': 1.7715444782947589e-09, 'hidden_layer_sizes': 171, 'learning_rate_init': 0.02471162195635416, 'tol': 0.08428957890834794, 'validation_fraction': 0.4834289998217794}
observation time 0.000005, current best 45.833153 at iter 13
Failure in optimizer suggest. Falling back to random search.
name 'activ' is not defined
Traceback (most recent call last):
  File "/home/ryedida/.local/lib/python3.9/site-packages/bayesmark/experiment.py", line 126, in run_study
    next_points = optimizer.suggest(n_suggestions)
  File "/home/ryedida/bbo_challenge_starter_kit/example_submissions/smoothness/optimizer.py", line 105, in suggest
    betas = [self._get_smoothness_reg(guess) for guess in guesses]
  File "/home/ryedida/bbo_challenge_starter_kit/example_submissions/smoothness/optimizer.py", line 105, in <listcomp>
    betas = [self._get_smoothness_reg(guess) for guess in guesses]
  File "/home/ryedida/bbo_challenge_starter_kit/example_submissions/smoothness/optimizer.py", line 48, in _get_smoothness_reg
    if activ > Kz:
NameError: name 'activ' is not defined
suggestion time taken 0.325087 iter 14 next_points [{'alpha': 0.011708893336391638, 'batch_size': 167, 'beta_1': 0.7025728595449169, 'beta_2': 0.9030084398084545, 'epsilon': 5.818416057404241e-08, 'hidden_layer_sizes': 94, 'learning_rate_init': 0.00014043607422056984, 'tol': 0.004788337243625611, 'validation_fraction': 0.8986805066129271}]
/home/ryedida/.local/lib/python3.9/site-packages/sklearn/neural_network/_multilayer_perceptron.py:605: UserWarning: Got `batch_size` less than 1 or larger than sample size. It is going to be clipped
  warnings.warn(

function_evaluation time 0.046392 value 151.558799 suggestion {'alpha': 0.011708893336391638, 'batch_size': 167, 'beta_1': 0.7025728595449169, 'beta_2': 0.9030084398084545, 'epsilon': 5.818416057404241e-08, 'hidden_layer_sizes': 94, 'learning_rate_init': 0.00014043607422056984, 'tol': 0.004788337243625611, 'validation_fraction': 0.8986805066129271}
observation time 0.000006, current best 45.833153 at iter 14
saving meta data: {'args': {'--uuid': 'ea98bbe953cb52a090c5b8df3954f719', '-db-root': '/home/ryedida/bbo_challenge_starter_kit/output', '--opt-root': '/home/ryedida/bbo_challenge_starter_kit/example_submissions', '--data-root': None, '--db': 'run_20230425_055340', '--opt': 'smoothness', '--data': 'diabetes', '--classifier': 'MLP-adam', '--metric': 'mae', '--calls': 15, '--suggestions': 1, '--jobs-file': None, '--verbose': False, 'dry_run': False, 'rev': 'a376313', 'opt_rev': 'x.x.x'}, 'signature': ([{'alpha': 0.019628224813442792, 'batch_size': 182, 'beta_1': 0.9410202200271762, 'beta_2': 0.9998021557676793, 'epsilon': 1.8662266976518e-08, 'hidden_layer_sizes': 147, 'learning_rate_init': 0.0005627932047415167, 'tol': 0.03690557729213761, 'validation_fraction': 0.8846827852548593}, {'alpha': 0.0019982467392329444, 'batch_size': 200, 'beta_1': 0.919111482530466, 'beta_2': 0.9998488260436156, 'epsilon': 5.981221901152555e-07, 'hidden_layer_sizes': 61, 'learning_rate_init': 2.2310905607443014e-05, 'tol': 1.2046852412030316e-05, 'validation_fraction': 0.8117896445826539}, {'alpha': 0.46659545670218433, 'batch_size': 219, 'beta_1': 0.9889789783750891, 'beta_2': 0.9999896868093284, 'epsilon': 2.4234724484675948e-08, 'hidden_layer_sizes': 167, 'learning_rate_init': 2.972334644335654e-05, 'tol': 0.0036281404040243792, 'validation_fraction': 0.17260651658522078}, {'alpha': 4.656005689076002, 'batch_size': 135, 'beta_1': 0.870503881627747, 'beta_2': 0.9948873266941017, 'epsilon': 2.1023308743480125e-07, 'hidden_layer_sizes': 118, 'learning_rate_init': 0.0018781738757161913, 'tol': 1.1889379831773004e-05, 'validation_fraction': 0.6264327093752792}, {'alpha': 0.04705159350400542, 'batch_size': 158, 'beta_1': 0.9870884262730957, 'beta_2': 0.9999596874382349, 'epsilon': 1.1981845126013875e-08, 'hidden_layer_sizes': 116, 'learning_rate_init': 0.00617340520407431, 'tol': 1.741413418158619e-05, 'validation_fraction': 0.6754299026638921}], [151.4971925380264, 151.42763539278994, 151.47026299046811, 136.86202504264318, 75.2055865763391])}
saving results
saving timing
saving suggest log
done
