running: {'--uuid': 'eb83ff71e6d85306a1c1bb35805b1b2b', '-db-root': '/home/ryedida/bbo_challenge_starter_kit/output', '--opt-root': '/home/ryedida/bbo_challenge_starter_kit/example_submissions', '--data-root': None, '--db': 'run_20230425_055340', '--opt': 'smoothness', '--data': 'diabetes', '--classifier': 'MLP-adam', '--metric': 'mse', '--calls': 15, '--suggestions': 1, '--jobs-file': None, '--verbose': False, 'dry_run': False, 'rev': 'a376313', 'opt_rev': 'x.x.x'}
cmd: python smoothness/optimizer.py -c MLP-adam -d diabetes -o smoothness -u eb83ff71e6d85306a1c1bb35805b1b2b -m mse -n 15 -p 1 -dir /home/ryedida/bbo_challenge_starter_kit/output -b run_20230425_055340
/home/ryedida/.local/lib/python3.9/site-packages/sklearn/neural_network/_multilayer_perceptron.py:605: UserWarning: Got `batch_size` less than 1 or larger than sample size. It is going to be clipped
  warnings.warn(

/home/ryedida/.local/lib/python3.9/site-packages/sklearn/neural_network/_multilayer_perceptron.py:605: UserWarning: Got `batch_size` less than 1 or larger than sample size. It is going to be clipped
  warnings.warn(

/home/ryedida/.local/lib/python3.9/site-packages/sklearn/neural_network/_multilayer_perceptron.py:605: UserWarning: Got `batch_size` less than 1 or larger than sample size. It is going to be clipped
  warnings.warn(

/home/ryedida/.local/lib/python3.9/site-packages/sklearn/neural_network/_multilayer_perceptron.py:686: ConvergenceWarning: Stochastic Optimizer: Maximum iterations (200) reached and the optimization hasn't converged yet.
  warnings.warn(

/home/ryedida/.local/lib/python3.9/site-packages/sklearn/neural_network/_multilayer_perceptron.py:605: UserWarning: Got `batch_size` less than 1 or larger than sample size. It is going to be clipped
  warnings.warn(

/home/ryedida/.local/lib/python3.9/site-packages/sklearn/neural_network/_multilayer_perceptron.py:686: ConvergenceWarning: Stochastic Optimizer: Maximum iterations (200) reached and the optimization hasn't converged yet.
  warnings.warn(

computed signature: ([{'alpha': 0.019628224813442792, 'batch_size': 182, 'beta_1': 0.9410202200271762, 'beta_2': 0.9998021557676793, 'epsilon': 1.8662266976518e-08, 'hidden_layer_sizes': 147, 'learning_rate_init': 0.0005627932047415167, 'tol': 0.03690557729213761, 'validation_fraction': 0.8846827852548593}, {'alpha': 0.0019982467392329444, 'batch_size': 200, 'beta_1': 0.919111482530466, 'beta_2': 0.9998488260436156, 'epsilon': 5.981221901152555e-07, 'hidden_layer_sizes': 61, 'learning_rate_init': 2.2310905607443014e-05, 'tol': 1.2046852412030316e-05, 'validation_fraction': 0.8117896445826539}, {'alpha': 0.46659545670218433, 'batch_size': 219, 'beta_1': 0.9889789783750891, 'beta_2': 0.9999896868093284, 'epsilon': 2.4234724484675948e-08, 'hidden_layer_sizes': 167, 'learning_rate_init': 2.972334644335654e-05, 'tol': 0.0036281404040243792, 'validation_fraction': 0.17260651658522078}, {'alpha': 4.656005689076002, 'batch_size': 135, 'beta_1': 0.870503881627747, 'beta_2': 0.9948873266941017, 'epsilon': 2.1023308743480125e-07, 'hidden_layer_sizes': 118, 'learning_rate_init': 0.0018781738757161913, 'tol': 1.1889379831773004e-05, 'validation_fraction': 0.6264327093752792}, {'alpha': 0.04705159350400542, 'batch_size': 158, 'beta_1': 0.9870884262730957, 'beta_2': 0.9999596874382349, 'epsilon': 1.1981845126013875e-08, 'hidden_layer_sizes': 116, 'learning_rate_init': 0.00617340520407431, 'tol': 1.741413418158619e-05, 'validation_fraction': 0.6754299026638921}], [29083.993548572587, 29062.423277324073, 29075.78987471409, 24626.32866834337, 9584.226858493177])
Signature errors:
                              0         1         2         3         4       max
MLP-adam_diabetes_mse  0.000007  0.000008  0.000003  0.003558  0.004952  0.004952
max                    0.000007  0.000008  0.000003  0.003558  0.004952  0.004952
starting sklearn study smoothness MLP-adam diabetes mse 15 1
with data root: None
Failure in optimizer suggest. Falling back to random search.
name 'activ' is not defined
Traceback (most recent call last):
  File "/home/ryedida/.local/lib/python3.9/site-packages/bayesmark/experiment.py", line 126, in run_study
    next_points = optimizer.suggest(n_suggestions)
  File "/home/ryedida/bbo_challenge_starter_kit/example_submissions/smoothness/optimizer.py", line 105, in suggest
    betas = [self._get_smoothness_reg(guess) for guess in guesses]
  File "/home/ryedida/bbo_challenge_starter_kit/example_submissions/smoothness/optimizer.py", line 105, in <listcomp>
    betas = [self._get_smoothness_reg(guess) for guess in guesses]
  File "/home/ryedida/bbo_challenge_starter_kit/example_submissions/smoothness/optimizer.py", line 48, in _get_smoothness_reg
    if activ > Kz:
NameError: name 'activ' is not defined
suggestion time taken 0.497696 iter 0 next_points [{'alpha': 0.20484241299843564, 'batch_size': 30, 'beta_1': 0.9885467617777826, 'beta_2': 0.9998912809864576, 'epsilon': 3.694637549495903e-07, 'hidden_layer_sizes': 125, 'learning_rate_init': 4.2736061106596466e-05, 'tol': 0.0003169124619918994, 'validation_fraction': 0.8377737063570652}]
function_evaluation time 0.064490 value 29097.841976 suggestion {'alpha': 0.20484241299843564, 'batch_size': 30, 'beta_1': 0.9885467617777826, 'beta_2': 0.9998912809864576, 'epsilon': 3.694637549495903e-07, 'hidden_layer_sizes': 125, 'learning_rate_init': 4.2736061106596466e-05, 'tol': 0.0003169124619918994, 'validation_fraction': 0.8377737063570652}
observation time 0.000006, current best 29097.841976 at iter 0
Failure in optimizer suggest. Falling back to random search.
name 'activ' is not defined
Traceback (most recent call last):
  File "/home/ryedida/.local/lib/python3.9/site-packages/bayesmark/experiment.py", line 126, in run_study
    next_points = optimizer.suggest(n_suggestions)
  File "/home/ryedida/bbo_challenge_starter_kit/example_submissions/smoothness/optimizer.py", line 105, in suggest
    betas = [self._get_smoothness_reg(guess) for guess in guesses]
  File "/home/ryedida/bbo_challenge_starter_kit/example_submissions/smoothness/optimizer.py", line 105, in <listcomp>
    betas = [self._get_smoothness_reg(guess) for guess in guesses]
  File "/home/ryedida/bbo_challenge_starter_kit/example_submissions/smoothness/optimizer.py", line 48, in _get_smoothness_reg
    if activ > Kz:
NameError: name 'activ' is not defined
suggestion time taken 0.335782 iter 1 next_points [{'alpha': 0.04678076586818922, 'batch_size': 170, 'beta_1': 0.7134581133342015, 'beta_2': 0.9992427699364644, 'epsilon': 5.427999724174118e-07, 'hidden_layer_sizes': 154, 'learning_rate_init': 0.0032805988490361075, 'tol': 3.149715064366979e-05, 'validation_fraction': 0.35556713450530514}]
/home/ryedida/.local/lib/python3.9/site-packages/sklearn/neural_network/_multilayer_perceptron.py:686: ConvergenceWarning: Stochastic Optimizer: Maximum iterations (200) reached and the optimization hasn't converged yet.
  warnings.warn(

function_evaluation time 1.187795 value 3957.776697 suggestion {'alpha': 0.04678076586818922, 'batch_size': 170, 'beta_1': 0.7134581133342015, 'beta_2': 0.9992427699364644, 'epsilon': 5.427999724174118e-07, 'hidden_layer_sizes': 154, 'learning_rate_init': 0.0032805988490361075, 'tol': 3.149715064366979e-05, 'validation_fraction': 0.35556713450530514}
observation time 0.000004, current best 3957.776697 at iter 1
Failure in optimizer suggest. Falling back to random search.
name 'activ' is not defined
Traceback (most recent call last):
  File "/home/ryedida/.local/lib/python3.9/site-packages/bayesmark/experiment.py", line 126, in run_study
    next_points = optimizer.suggest(n_suggestions)
  File "/home/ryedida/bbo_challenge_starter_kit/example_submissions/smoothness/optimizer.py", line 105, in suggest
    betas = [self._get_smoothness_reg(guess) for guess in guesses]
  File "/home/ryedida/bbo_challenge_starter_kit/example_submissions/smoothness/optimizer.py", line 105, in <listcomp>
    betas = [self._get_smoothness_reg(guess) for guess in guesses]
  File "/home/ryedida/bbo_challenge_starter_kit/example_submissions/smoothness/optimizer.py", line 48, in _get_smoothness_reg
    if activ > Kz:
NameError: name 'activ' is not defined
suggestion time taken 0.329999 iter 2 next_points [{'alpha': 0.004516432659393478, 'batch_size': 197, 'beta_1': 0.6491742304626305, 'beta_2': 0.9999229811174065, 'epsilon': 1.1190694636246296e-07, 'hidden_layer_sizes': 148, 'learning_rate_init': 1.3306764608398801e-05, 'tol': 0.0001793444631567223, 'validation_fraction': 0.10132666590890355}]
function_evaluation time 0.087855 value 29099.084473 suggestion {'alpha': 0.004516432659393478, 'batch_size': 197, 'beta_1': 0.6491742304626305, 'beta_2': 0.9999229811174065, 'epsilon': 1.1190694636246296e-07, 'hidden_layer_sizes': 148, 'learning_rate_init': 1.3306764608398801e-05, 'tol': 0.0001793444631567223, 'validation_fraction': 0.10132666590890355}
observation time 0.000005, current best 3957.776697 at iter 2
Failure in optimizer suggest. Falling back to random search.
name 'activ' is not defined
Traceback (most recent call last):
  File "/home/ryedida/.local/lib/python3.9/site-packages/bayesmark/experiment.py", line 126, in run_study
    next_points = optimizer.suggest(n_suggestions)
  File "/home/ryedida/bbo_challenge_starter_kit/example_submissions/smoothness/optimizer.py", line 105, in suggest
    betas = [self._get_smoothness_reg(guess) for guess in guesses]
  File "/home/ryedida/bbo_challenge_starter_kit/example_submissions/smoothness/optimizer.py", line 105, in <listcomp>
    betas = [self._get_smoothness_reg(guess) for guess in guesses]
  File "/home/ryedida/bbo_challenge_starter_kit/example_submissions/smoothness/optimizer.py", line 48, in _get_smoothness_reg
    if activ > Kz:
NameError: name 'activ' is not defined
suggestion time taken 0.329825 iter 3 next_points [{'alpha': 1.733265804180255e-05, 'batch_size': 173, 'beta_1': 0.9800409795106445, 'beta_2': 0.9999930780076645, 'epsilon': 2.6608291343217706e-08, 'hidden_layer_sizes': 75, 'learning_rate_init': 0.052366391380019334, 'tol': 0.0037174858400890955, 'validation_fraction': 0.16908950555863522}]
function_evaluation time 0.186280 value 4492.396884 suggestion {'alpha': 1.733265804180255e-05, 'batch_size': 173, 'beta_1': 0.9800409795106445, 'beta_2': 0.9999930780076645, 'epsilon': 2.6608291343217706e-08, 'hidden_layer_sizes': 75, 'learning_rate_init': 0.052366391380019334, 'tol': 0.0037174858400890955, 'validation_fraction': 0.16908950555863522}
observation time 0.000004, current best 3957.776697 at iter 3
Failure in optimizer suggest. Falling back to random search.
name 'activ' is not defined
Traceback (most recent call last):
  File "/home/ryedida/.local/lib/python3.9/site-packages/bayesmark/experiment.py", line 126, in run_study
    next_points = optimizer.suggest(n_suggestions)
  File "/home/ryedida/bbo_challenge_starter_kit/example_submissions/smoothness/optimizer.py", line 105, in suggest
    betas = [self._get_smoothness_reg(guess) for guess in guesses]
  File "/home/ryedida/bbo_challenge_starter_kit/example_submissions/smoothness/optimizer.py", line 105, in <listcomp>
    betas = [self._get_smoothness_reg(guess) for guess in guesses]
  File "/home/ryedida/bbo_challenge_starter_kit/example_submissions/smoothness/optimizer.py", line 48, in _get_smoothness_reg
    if activ > Kz:
NameError: name 'activ' is not defined
suggestion time taken 0.331837 iter 4 next_points [{'alpha': 0.00011755952331570437, 'batch_size': 248, 'beta_1': 0.5934579870642593, 'beta_2': 0.9999984711712334, 'epsilon': 6.14118786779118e-08, 'hidden_layer_sizes': 182, 'learning_rate_init': 0.004831537632049976, 'tol': 0.01702775020731637, 'validation_fraction': 0.13352720311146424}]
function_evaluation time 0.204666 value 28779.530600 suggestion {'alpha': 0.00011755952331570437, 'batch_size': 248, 'beta_1': 0.5934579870642593, 'beta_2': 0.9999984711712334, 'epsilon': 6.14118786779118e-08, 'hidden_layer_sizes': 182, 'learning_rate_init': 0.004831537632049976, 'tol': 0.01702775020731637, 'validation_fraction': 0.13352720311146424}
observation time 0.000005, current best 3957.776697 at iter 4
Failure in optimizer suggest. Falling back to random search.
name 'activ' is not defined
Traceback (most recent call last):
  File "/home/ryedida/.local/lib/python3.9/site-packages/bayesmark/experiment.py", line 126, in run_study
    next_points = optimizer.suggest(n_suggestions)
  File "/home/ryedida/bbo_challenge_starter_kit/example_submissions/smoothness/optimizer.py", line 105, in suggest
    betas = [self._get_smoothness_reg(guess) for guess in guesses]
  File "/home/ryedida/bbo_challenge_starter_kit/example_submissions/smoothness/optimizer.py", line 105, in <listcomp>
    betas = [self._get_smoothness_reg(guess) for guess in guesses]
  File "/home/ryedida/bbo_challenge_starter_kit/example_submissions/smoothness/optimizer.py", line 48, in _get_smoothness_reg
    if activ > Kz:
NameError: name 'activ' is not defined
suggestion time taken 0.333254 iter 5 next_points [{'alpha': 0.00038827440102810366, 'batch_size': 39, 'beta_1': 0.5313072779349411, 'beta_2': 0.9999786049713545, 'epsilon': 4.425360774876029e-07, 'hidden_layer_sizes': 119, 'learning_rate_init': 5.9191261952763466e-05, 'tol': 1.3130517986780463e-05, 'validation_fraction': 0.4931654149692196}]
/home/ryedida/.local/lib/python3.9/site-packages/sklearn/neural_network/_multilayer_perceptron.py:686: ConvergenceWarning: Stochastic Optimizer: Maximum iterations (200) reached and the optimization hasn't converged yet.
  warnings.warn(

function_evaluation time 1.407456 value 28852.504734 suggestion {'alpha': 0.00038827440102810366, 'batch_size': 39, 'beta_1': 0.5313072779349411, 'beta_2': 0.9999786049713545, 'epsilon': 4.425360774876029e-07, 'hidden_layer_sizes': 119, 'learning_rate_init': 5.9191261952763466e-05, 'tol': 1.3130517986780463e-05, 'validation_fraction': 0.4931654149692196}
observation time 0.000005, current best 3957.776697 at iter 5
Failure in optimizer suggest. Falling back to random search.
name 'activ' is not defined
Traceback (most recent call last):
  File "/home/ryedida/.local/lib/python3.9/site-packages/bayesmark/experiment.py", line 126, in run_study
    next_points = optimizer.suggest(n_suggestions)
  File "/home/ryedida/bbo_challenge_starter_kit/example_submissions/smoothness/optimizer.py", line 105, in suggest
    betas = [self._get_smoothness_reg(guess) for guess in guesses]
  File "/home/ryedida/bbo_challenge_starter_kit/example_submissions/smoothness/optimizer.py", line 105, in <listcomp>
    betas = [self._get_smoothness_reg(guess) for guess in guesses]
  File "/home/ryedida/bbo_challenge_starter_kit/example_submissions/smoothness/optimizer.py", line 48, in _get_smoothness_reg
    if activ > Kz:
NameError: name 'activ' is not defined
suggestion time taken 0.333961 iter 6 next_points [{'alpha': 0.013733263111392125, 'batch_size': 212, 'beta_1': 0.956834842003645, 'beta_2': 0.9670341484832864, 'epsilon': 5.7910498087890654e-08, 'hidden_layer_sizes': 130, 'learning_rate_init': 0.0019589984204912733, 'tol': 6.377810817595979e-05, 'validation_fraction': 0.29916561089240223}]
/home/ryedida/.local/lib/python3.9/site-packages/sklearn/neural_network/_multilayer_perceptron.py:686: ConvergenceWarning: Stochastic Optimizer: Maximum iterations (200) reached and the optimization hasn't converged yet.
  warnings.warn(

function_evaluation time 0.936343 value 25372.173045 suggestion {'alpha': 0.013733263111392125, 'batch_size': 212, 'beta_1': 0.956834842003645, 'beta_2': 0.9670341484832864, 'epsilon': 5.7910498087890654e-08, 'hidden_layer_sizes': 130, 'learning_rate_init': 0.0019589984204912733, 'tol': 6.377810817595979e-05, 'validation_fraction': 0.29916561089240223}
observation time 0.000005, current best 3957.776697 at iter 6
Failure in optimizer suggest. Falling back to random search.
name 'activ' is not defined
Traceback (most recent call last):
  File "/home/ryedida/.local/lib/python3.9/site-packages/bayesmark/experiment.py", line 126, in run_study
    next_points = optimizer.suggest(n_suggestions)
  File "/home/ryedida/bbo_challenge_starter_kit/example_submissions/smoothness/optimizer.py", line 105, in suggest
    betas = [self._get_smoothness_reg(guess) for guess in guesses]
  File "/home/ryedida/bbo_challenge_starter_kit/example_submissions/smoothness/optimizer.py", line 105, in <listcomp>
    betas = [self._get_smoothness_reg(guess) for guess in guesses]
  File "/home/ryedida/bbo_challenge_starter_kit/example_submissions/smoothness/optimizer.py", line 48, in _get_smoothness_reg
    if activ > Kz:
NameError: name 'activ' is not defined
suggestion time taken 0.460736 iter 7 next_points [{'alpha': 2.2696101498242283, 'batch_size': 126, 'beta_1': 0.9446562086400547, 'beta_2': 0.9998803194258495, 'epsilon': 4.875983310400299e-09, 'hidden_layer_sizes': 80, 'learning_rate_init': 5.0292759320297786e-05, 'tol': 1.3672553131090138e-05, 'validation_fraction': 0.6401934609008053}]
/home/ryedida/.local/lib/python3.9/site-packages/sklearn/neural_network/_multilayer_perceptron.py:686: ConvergenceWarning: Stochastic Optimizer: Maximum iterations (200) reached and the optimization hasn't converged yet.
  warnings.warn(

function_evaluation time 0.702623 value 29105.283890 suggestion {'alpha': 2.2696101498242283, 'batch_size': 126, 'beta_1': 0.9446562086400547, 'beta_2': 0.9998803194258495, 'epsilon': 4.875983310400299e-09, 'hidden_layer_sizes': 80, 'learning_rate_init': 5.0292759320297786e-05, 'tol': 1.3672553131090138e-05, 'validation_fraction': 0.6401934609008053}
observation time 0.000005, current best 3957.776697 at iter 7
Failure in optimizer suggest. Falling back to random search.
name 'activ' is not defined
Traceback (most recent call last):
  File "/home/ryedida/.local/lib/python3.9/site-packages/bayesmark/experiment.py", line 126, in run_study
    next_points = optimizer.suggest(n_suggestions)
  File "/home/ryedida/bbo_challenge_starter_kit/example_submissions/smoothness/optimizer.py", line 105, in suggest
    betas = [self._get_smoothness_reg(guess) for guess in guesses]
  File "/home/ryedida/bbo_challenge_starter_kit/example_submissions/smoothness/optimizer.py", line 105, in <listcomp>
    betas = [self._get_smoothness_reg(guess) for guess in guesses]
  File "/home/ryedida/bbo_challenge_starter_kit/example_submissions/smoothness/optimizer.py", line 48, in _get_smoothness_reg
    if activ > Kz:
NameError: name 'activ' is not defined
suggestion time taken 0.329581 iter 8 next_points [{'alpha': 0.00024557741806499123, 'batch_size': 150, 'beta_1': 0.9089047604084056, 'beta_2': 0.9931606261705817, 'epsilon': 2.3192294673269708e-09, 'hidden_layer_sizes': 111, 'learning_rate_init': 0.0013452342816176307, 'tol': 0.012147085688602505, 'validation_fraction': 0.3284175798778794}]
function_evaluation time 0.074383 value 28985.019937 suggestion {'alpha': 0.00024557741806499123, 'batch_size': 150, 'beta_1': 0.9089047604084056, 'beta_2': 0.9931606261705817, 'epsilon': 2.3192294673269708e-09, 'hidden_layer_sizes': 111, 'learning_rate_init': 0.0013452342816176307, 'tol': 0.012147085688602505, 'validation_fraction': 0.3284175798778794}
observation time 0.000005, current best 3957.776697 at iter 8
Failure in optimizer suggest. Falling back to random search.
name 'activ' is not defined
Traceback (most recent call last):
  File "/home/ryedida/.local/lib/python3.9/site-packages/bayesmark/experiment.py", line 126, in run_study
    next_points = optimizer.suggest(n_suggestions)
  File "/home/ryedida/bbo_challenge_starter_kit/example_submissions/smoothness/optimizer.py", line 105, in suggest
    betas = [self._get_smoothness_reg(guess) for guess in guesses]
  File "/home/ryedida/bbo_challenge_starter_kit/example_submissions/smoothness/optimizer.py", line 105, in <listcomp>
    betas = [self._get_smoothness_reg(guess) for guess in guesses]
  File "/home/ryedida/bbo_challenge_starter_kit/example_submissions/smoothness/optimizer.py", line 48, in _get_smoothness_reg
    if activ > Kz:
NameError: name 'activ' is not defined
suggestion time taken 0.324750 iter 9 next_points [{'alpha': 0.66695557373723, 'batch_size': 237, 'beta_1': 0.9469148155136952, 'beta_2': 0.9718276840084135, 'epsilon': 1.1254848666584405e-09, 'hidden_layer_sizes': 199, 'learning_rate_init': 0.004170872082023086, 'tol': 4.100671225188103e-05, 'validation_fraction': 0.39529017254491206}]
/home/ryedida/.local/lib/python3.9/site-packages/sklearn/neural_network/_multilayer_perceptron.py:605: UserWarning: Got `batch_size` less than 1 or larger than sample size. It is going to be clipped
  warnings.warn(

/home/ryedida/.local/lib/python3.9/site-packages/sklearn/neural_network/_multilayer_perceptron.py:686: ConvergenceWarning: Stochastic Optimizer: Maximum iterations (200) reached and the optimization hasn't converged yet.
  warnings.warn(

function_evaluation time 1.045972 value 10195.561727 suggestion {'alpha': 0.66695557373723, 'batch_size': 237, 'beta_1': 0.9469148155136952, 'beta_2': 0.9718276840084135, 'epsilon': 1.1254848666584405e-09, 'hidden_layer_sizes': 199, 'learning_rate_init': 0.004170872082023086, 'tol': 4.100671225188103e-05, 'validation_fraction': 0.39529017254491206}
observation time 0.000005, current best 3957.776697 at iter 9
Failure in optimizer suggest. Falling back to random search.
name 'activ' is not defined
Traceback (most recent call last):
  File "/home/ryedida/.local/lib/python3.9/site-packages/bayesmark/experiment.py", line 126, in run_study
    next_points = optimizer.suggest(n_suggestions)
  File "/home/ryedida/bbo_challenge_starter_kit/example_submissions/smoothness/optimizer.py", line 105, in suggest
    betas = [self._get_smoothness_reg(guess) for guess in guesses]
  File "/home/ryedida/bbo_challenge_starter_kit/example_submissions/smoothness/optimizer.py", line 105, in <listcomp>
    betas = [self._get_smoothness_reg(guess) for guess in guesses]
  File "/home/ryedida/bbo_challenge_starter_kit/example_submissions/smoothness/optimizer.py", line 48, in _get_smoothness_reg
    if activ > Kz:
NameError: name 'activ' is not defined
suggestion time taken 0.324412 iter 10 next_points [{'alpha': 0.013390085160158254, 'batch_size': 49, 'beta_1': 0.5112203689687773, 'beta_2': 0.9999958959566071, 'epsilon': 1.0816386903728768e-08, 'hidden_layer_sizes': 96, 'learning_rate_init': 0.00012804477050053984, 'tol': 2.0043081297416174e-05, 'validation_fraction': 0.8813492534742963}]
/home/ryedida/.local/lib/python3.9/site-packages/sklearn/neural_network/_multilayer_perceptron.py:605: UserWarning: Got `batch_size` less than 1 or larger than sample size. It is going to be clipped
  warnings.warn(

/home/ryedida/.local/lib/python3.9/site-packages/sklearn/neural_network/_multilayer_perceptron.py:686: ConvergenceWarning: Stochastic Optimizer: Maximum iterations (200) reached and the optimization hasn't converged yet.
  warnings.warn(

function_evaluation time 0.609070 value 29014.540803 suggestion {'alpha': 0.013390085160158254, 'batch_size': 49, 'beta_1': 0.5112203689687773, 'beta_2': 0.9999958959566071, 'epsilon': 1.0816386903728768e-08, 'hidden_layer_sizes': 96, 'learning_rate_init': 0.00012804477050053984, 'tol': 2.0043081297416174e-05, 'validation_fraction': 0.8813492534742963}
observation time 0.000005, current best 3957.776697 at iter 10
Failure in optimizer suggest. Falling back to random search.
name 'activ' is not defined
Traceback (most recent call last):
  File "/home/ryedida/.local/lib/python3.9/site-packages/bayesmark/experiment.py", line 126, in run_study
    next_points = optimizer.suggest(n_suggestions)
  File "/home/ryedida/bbo_challenge_starter_kit/example_submissions/smoothness/optimizer.py", line 105, in suggest
    betas = [self._get_smoothness_reg(guess) for guess in guesses]
  File "/home/ryedida/bbo_challenge_starter_kit/example_submissions/smoothness/optimizer.py", line 105, in <listcomp>
    betas = [self._get_smoothness_reg(guess) for guess in guesses]
  File "/home/ryedida/bbo_challenge_starter_kit/example_submissions/smoothness/optimizer.py", line 48, in _get_smoothness_reg
    if activ > Kz:
NameError: name 'activ' is not defined
suggestion time taken 0.328562 iter 11 next_points [{'alpha': 0.0018548694736039751, 'batch_size': 126, 'beta_1': 0.9829107134646411, 'beta_2': 0.9999893549129073, 'epsilon': 1.6593547487640527e-09, 'hidden_layer_sizes': 121, 'learning_rate_init': 0.002339827466418198, 'tol': 0.0029452935886674796, 'validation_fraction': 0.18212371317984832}]
/home/ryedida/.local/lib/python3.9/site-packages/sklearn/neural_network/_multilayer_perceptron.py:686: ConvergenceWarning: Stochastic Optimizer: Maximum iterations (200) reached and the optimization hasn't converged yet.
  warnings.warn(

function_evaluation time 0.824898 value 17532.341694 suggestion {'alpha': 0.0018548694736039751, 'batch_size': 126, 'beta_1': 0.9829107134646411, 'beta_2': 0.9999893549129073, 'epsilon': 1.6593547487640527e-09, 'hidden_layer_sizes': 121, 'learning_rate_init': 0.002339827466418198, 'tol': 0.0029452935886674796, 'validation_fraction': 0.18212371317984832}
observation time 0.000005, current best 3957.776697 at iter 11
Failure in optimizer suggest. Falling back to random search.
name 'activ' is not defined
Traceback (most recent call last):
  File "/home/ryedida/.local/lib/python3.9/site-packages/bayesmark/experiment.py", line 126, in run_study
    next_points = optimizer.suggest(n_suggestions)
  File "/home/ryedida/bbo_challenge_starter_kit/example_submissions/smoothness/optimizer.py", line 105, in suggest
    betas = [self._get_smoothness_reg(guess) for guess in guesses]
  File "/home/ryedida/bbo_challenge_starter_kit/example_submissions/smoothness/optimizer.py", line 105, in <listcomp>
    betas = [self._get_smoothness_reg(guess) for guess in guesses]
  File "/home/ryedida/bbo_challenge_starter_kit/example_submissions/smoothness/optimizer.py", line 48, in _get_smoothness_reg
    if activ > Kz:
NameError: name 'activ' is not defined
suggestion time taken 0.324514 iter 12 next_points [{'alpha': 1.9746765788948684, 'batch_size': 113, 'beta_1': 0.9449882300722499, 'beta_2': 0.9975429552528753, 'epsilon': 2.1395844015145063e-07, 'hidden_layer_sizes': 100, 'learning_rate_init': 0.02269175414738604, 'tol': 0.003900177976467624, 'validation_fraction': 0.7954857784283822}]
/home/ryedida/.local/lib/python3.9/site-packages/sklearn/neural_network/_multilayer_perceptron.py:605: UserWarning: Got `batch_size` less than 1 or larger than sample size. It is going to be clipped
  warnings.warn(

function_evaluation time 0.311972 value 4095.412175 suggestion {'alpha': 1.9746765788948684, 'batch_size': 113, 'beta_1': 0.9449882300722499, 'beta_2': 0.9975429552528753, 'epsilon': 2.1395844015145063e-07, 'hidden_layer_sizes': 100, 'learning_rate_init': 0.02269175414738604, 'tol': 0.003900177976467624, 'validation_fraction': 0.7954857784283822}
observation time 0.000004, current best 3957.776697 at iter 12
Failure in optimizer suggest. Falling back to random search.
name 'activ' is not defined
Traceback (most recent call last):
  File "/home/ryedida/.local/lib/python3.9/site-packages/bayesmark/experiment.py", line 126, in run_study
    next_points = optimizer.suggest(n_suggestions)
  File "/home/ryedida/bbo_challenge_starter_kit/example_submissions/smoothness/optimizer.py", line 105, in suggest
    betas = [self._get_smoothness_reg(guess) for guess in guesses]
  File "/home/ryedida/bbo_challenge_starter_kit/example_submissions/smoothness/optimizer.py", line 105, in <listcomp>
    betas = [self._get_smoothness_reg(guess) for guess in guesses]
  File "/home/ryedida/bbo_challenge_starter_kit/example_submissions/smoothness/optimizer.py", line 48, in _get_smoothness_reg
    if activ > Kz:
NameError: name 'activ' is not defined
suggestion time taken 0.343873 iter 13 next_points [{'alpha': 0.002628667827700542, 'batch_size': 174, 'beta_1': 0.8454912766938685, 'beta_2': 0.9953569643736718, 'epsilon': 5.378319327747363e-08, 'hidden_layer_sizes': 122, 'learning_rate_init': 2.6520583932592767e-05, 'tol': 0.00010395441443740253, 'validation_fraction': 0.26273928431087856}]
function_evaluation time 0.077615 value 29090.175103 suggestion {'alpha': 0.002628667827700542, 'batch_size': 174, 'beta_1': 0.8454912766938685, 'beta_2': 0.9953569643736718, 'epsilon': 5.378319327747363e-08, 'hidden_layer_sizes': 122, 'learning_rate_init': 2.6520583932592767e-05, 'tol': 0.00010395441443740253, 'validation_fraction': 0.26273928431087856}
observation time 0.000005, current best 3957.776697 at iter 13
Failure in optimizer suggest. Falling back to random search.
name 'activ' is not defined
Traceback (most recent call last):
  File "/home/ryedida/.local/lib/python3.9/site-packages/bayesmark/experiment.py", line 126, in run_study
    next_points = optimizer.suggest(n_suggestions)
  File "/home/ryedida/bbo_challenge_starter_kit/example_submissions/smoothness/optimizer.py", line 105, in suggest
    betas = [self._get_smoothness_reg(guess) for guess in guesses]
  File "/home/ryedida/bbo_challenge_starter_kit/example_submissions/smoothness/optimizer.py", line 105, in <listcomp>
    betas = [self._get_smoothness_reg(guess) for guess in guesses]
  File "/home/ryedida/bbo_challenge_starter_kit/example_submissions/smoothness/optimizer.py", line 48, in _get_smoothness_reg
    if activ > Kz:
NameError: name 'activ' is not defined
suggestion time taken 0.327935 iter 14 next_points [{'alpha': 0.0037757803361482367, 'batch_size': 168, 'beta_1': 0.9156492919934274, 'beta_2': 0.9998092229621662, 'epsilon': 1.2252614469877591e-08, 'hidden_layer_sizes': 55, 'learning_rate_init': 0.001822155921775257, 'tol': 0.04919287278661627, 'validation_fraction': 0.31950498997581905}]
function_evaluation time 0.060028 value 29010.676795 suggestion {'alpha': 0.0037757803361482367, 'batch_size': 168, 'beta_1': 0.9156492919934274, 'beta_2': 0.9998092229621662, 'epsilon': 1.2252614469877591e-08, 'hidden_layer_sizes': 55, 'learning_rate_init': 0.001822155921775257, 'tol': 0.04919287278661627, 'validation_fraction': 0.31950498997581905}
observation time 0.000004, current best 3957.776697 at iter 14
saving meta data: {'args': {'--uuid': 'eb83ff71e6d85306a1c1bb35805b1b2b', '-db-root': '/home/ryedida/bbo_challenge_starter_kit/output', '--opt-root': '/home/ryedida/bbo_challenge_starter_kit/example_submissions', '--data-root': None, '--db': 'run_20230425_055340', '--opt': 'smoothness', '--data': 'diabetes', '--classifier': 'MLP-adam', '--metric': 'mse', '--calls': 15, '--suggestions': 1, '--jobs-file': None, '--verbose': False, 'dry_run': False, 'rev': 'a376313', 'opt_rev': 'x.x.x'}, 'signature': ([{'alpha': 0.019628224813442792, 'batch_size': 182, 'beta_1': 0.9410202200271762, 'beta_2': 0.9998021557676793, 'epsilon': 1.8662266976518e-08, 'hidden_layer_sizes': 147, 'learning_rate_init': 0.0005627932047415167, 'tol': 0.03690557729213761, 'validation_fraction': 0.8846827852548593}, {'alpha': 0.0019982467392329444, 'batch_size': 200, 'beta_1': 0.919111482530466, 'beta_2': 0.9998488260436156, 'epsilon': 5.981221901152555e-07, 'hidden_layer_sizes': 61, 'learning_rate_init': 2.2310905607443014e-05, 'tol': 1.2046852412030316e-05, 'validation_fraction': 0.8117896445826539}, {'alpha': 0.46659545670218433, 'batch_size': 219, 'beta_1': 0.9889789783750891, 'beta_2': 0.9999896868093284, 'epsilon': 2.4234724484675948e-08, 'hidden_layer_sizes': 167, 'learning_rate_init': 2.972334644335654e-05, 'tol': 0.0036281404040243792, 'validation_fraction': 0.17260651658522078}, {'alpha': 4.656005689076002, 'batch_size': 135, 'beta_1': 0.870503881627747, 'beta_2': 0.9948873266941017, 'epsilon': 2.1023308743480125e-07, 'hidden_layer_sizes': 118, 'learning_rate_init': 0.0018781738757161913, 'tol': 1.1889379831773004e-05, 'validation_fraction': 0.6264327093752792}, {'alpha': 0.04705159350400542, 'batch_size': 158, 'beta_1': 0.9870884262730957, 'beta_2': 0.9999596874382349, 'epsilon': 1.1981845126013875e-08, 'hidden_layer_sizes': 116, 'learning_rate_init': 0.00617340520407431, 'tol': 1.741413418158619e-05, 'validation_fraction': 0.6754299026638921}], [29083.993548572587, 29062.423277324073, 29075.78987471409, 24626.32866834337, 9584.226858493177])}
saving results
saving timing
saving suggest log
done
