running: {'--uuid': 'f2b78a91181256a18cd6bde9a3505517', '-db-root': '/home/ryedida/bbo_challenge_starter_kit/output', '--opt-root': '/home/ryedida/bbo_challenge_starter_kit/example_submissions', '--data-root': None, '--db': 'run_20230425_055340', '--opt': 'smoothness', '--data': 'diabetes', '--classifier': 'MLP-adam', '--metric': 'mse', '--calls': 15, '--suggestions': 1, '--jobs-file': None, '--verbose': False, 'dry_run': False, 'rev': 'a376313', 'opt_rev': 'x.x.x'}
cmd: python smoothness/optimizer.py -c MLP-adam -d diabetes -o smoothness -u f2b78a91181256a18cd6bde9a3505517 -m mse -n 15 -p 1 -dir /home/ryedida/bbo_challenge_starter_kit/output -b run_20230425_055340
/home/ryedida/.local/lib/python3.9/site-packages/sklearn/neural_network/_multilayer_perceptron.py:605: UserWarning: Got `batch_size` less than 1 or larger than sample size. It is going to be clipped
  warnings.warn(

/home/ryedida/.local/lib/python3.9/site-packages/sklearn/neural_network/_multilayer_perceptron.py:605: UserWarning: Got `batch_size` less than 1 or larger than sample size. It is going to be clipped
  warnings.warn(

/home/ryedida/.local/lib/python3.9/site-packages/sklearn/neural_network/_multilayer_perceptron.py:605: UserWarning: Got `batch_size` less than 1 or larger than sample size. It is going to be clipped
  warnings.warn(

/home/ryedida/.local/lib/python3.9/site-packages/sklearn/neural_network/_multilayer_perceptron.py:686: ConvergenceWarning: Stochastic Optimizer: Maximum iterations (200) reached and the optimization hasn't converged yet.
  warnings.warn(

/home/ryedida/.local/lib/python3.9/site-packages/sklearn/neural_network/_multilayer_perceptron.py:605: UserWarning: Got `batch_size` less than 1 or larger than sample size. It is going to be clipped
  warnings.warn(

/home/ryedida/.local/lib/python3.9/site-packages/sklearn/neural_network/_multilayer_perceptron.py:686: ConvergenceWarning: Stochastic Optimizer: Maximum iterations (200) reached and the optimization hasn't converged yet.
  warnings.warn(

computed signature: ([{'alpha': 0.019628224813442792, 'batch_size': 182, 'beta_1': 0.9410202200271762, 'beta_2': 0.9998021557676793, 'epsilon': 1.8662266976518e-08, 'hidden_layer_sizes': 147, 'learning_rate_init': 0.0005627932047415167, 'tol': 0.03690557729213761, 'validation_fraction': 0.8846827852548593}, {'alpha': 0.0019982467392329444, 'batch_size': 200, 'beta_1': 0.919111482530466, 'beta_2': 0.9998488260436156, 'epsilon': 5.981221901152555e-07, 'hidden_layer_sizes': 61, 'learning_rate_init': 2.2310905607443014e-05, 'tol': 1.2046852412030316e-05, 'validation_fraction': 0.8117896445826539}, {'alpha': 0.46659545670218433, 'batch_size': 219, 'beta_1': 0.9889789783750891, 'beta_2': 0.9999896868093284, 'epsilon': 2.4234724484675948e-08, 'hidden_layer_sizes': 167, 'learning_rate_init': 2.972334644335654e-05, 'tol': 0.0036281404040243792, 'validation_fraction': 0.17260651658522078}, {'alpha': 4.656005689076002, 'batch_size': 135, 'beta_1': 0.870503881627747, 'beta_2': 0.9948873266941017, 'epsilon': 2.1023308743480125e-07, 'hidden_layer_sizes': 118, 'learning_rate_init': 0.0018781738757161913, 'tol': 1.1889379831773004e-05, 'validation_fraction': 0.6264327093752792}, {'alpha': 0.04705159350400542, 'batch_size': 158, 'beta_1': 0.9870884262730957, 'beta_2': 0.9999596874382349, 'epsilon': 1.1981845126013875e-08, 'hidden_layer_sizes': 116, 'learning_rate_init': 0.00617340520407431, 'tol': 1.741413418158619e-05, 'validation_fraction': 0.6754299026638921}], [29083.993548572587, 29062.423277324073, 29075.78987471409, 24626.32866834337, 9584.226858493177])
Signature errors:
                              0         1         2         3         4       max
MLP-adam_diabetes_mse  0.000007  0.000008  0.000003  0.003558  0.004952  0.004952
max                    0.000007  0.000008  0.000003  0.003558  0.004952  0.004952
starting sklearn study smoothness MLP-adam diabetes mse 15 1
with data root: None
Failure in optimizer suggest. Falling back to random search.
name 'activ' is not defined
Traceback (most recent call last):
  File "/home/ryedida/.local/lib/python3.9/site-packages/bayesmark/experiment.py", line 126, in run_study
    next_points = optimizer.suggest(n_suggestions)
  File "/home/ryedida/bbo_challenge_starter_kit/example_submissions/smoothness/optimizer.py", line 105, in suggest
    betas = [self._get_smoothness_reg(guess) for guess in guesses]
  File "/home/ryedida/bbo_challenge_starter_kit/example_submissions/smoothness/optimizer.py", line 105, in <listcomp>
    betas = [self._get_smoothness_reg(guess) for guess in guesses]
  File "/home/ryedida/bbo_challenge_starter_kit/example_submissions/smoothness/optimizer.py", line 48, in _get_smoothness_reg
    if activ > Kz:
NameError: name 'activ' is not defined
suggestion time taken 0.498471 iter 0 next_points [{'alpha': 0.006832240115924919, 'batch_size': 59, 'beta_1': 0.973797889470437, 'beta_2': 0.9999345418670449, 'epsilon': 5.562111908618012e-09, 'hidden_layer_sizes': 178, 'learning_rate_init': 3.0334946183168045e-05, 'tol': 0.007686392612640436, 'validation_fraction': 0.3232465056339518}]
function_evaluation time 0.115994 value 29106.279026 suggestion {'alpha': 0.006832240115924919, 'batch_size': 59, 'beta_1': 0.973797889470437, 'beta_2': 0.9999345418670449, 'epsilon': 5.562111908618012e-09, 'hidden_layer_sizes': 178, 'learning_rate_init': 3.0334946183168045e-05, 'tol': 0.007686392612640436, 'validation_fraction': 0.3232465056339518}
observation time 0.000007, current best 29106.279026 at iter 0
Failure in optimizer suggest. Falling back to random search.
name 'activ' is not defined
Traceback (most recent call last):
  File "/home/ryedida/.local/lib/python3.9/site-packages/bayesmark/experiment.py", line 126, in run_study
    next_points = optimizer.suggest(n_suggestions)
  File "/home/ryedida/bbo_challenge_starter_kit/example_submissions/smoothness/optimizer.py", line 105, in suggest
    betas = [self._get_smoothness_reg(guess) for guess in guesses]
  File "/home/ryedida/bbo_challenge_starter_kit/example_submissions/smoothness/optimizer.py", line 105, in <listcomp>
    betas = [self._get_smoothness_reg(guess) for guess in guesses]
  File "/home/ryedida/bbo_challenge_starter_kit/example_submissions/smoothness/optimizer.py", line 48, in _get_smoothness_reg
    if activ > Kz:
NameError: name 'activ' is not defined
suggestion time taken 0.326973 iter 1 next_points [{'alpha': 0.02795736089837018, 'batch_size': 141, 'beta_1': 0.9498889683851455, 'beta_2': 0.9947094883665833, 'epsilon': 1.1515922329361241e-07, 'hidden_layer_sizes': 50, 'learning_rate_init': 9.257475743733938e-05, 'tol': 8.905200965602548e-05, 'validation_fraction': 0.4730119888741796}]
function_evaluation time 0.136995 value 29076.132433 suggestion {'alpha': 0.02795736089837018, 'batch_size': 141, 'beta_1': 0.9498889683851455, 'beta_2': 0.9947094883665833, 'epsilon': 1.1515922329361241e-07, 'hidden_layer_sizes': 50, 'learning_rate_init': 9.257475743733938e-05, 'tol': 8.905200965602548e-05, 'validation_fraction': 0.4730119888741796}
observation time 0.000006, current best 29076.132433 at iter 1
Failure in optimizer suggest. Falling back to random search.
name 'activ' is not defined
Traceback (most recent call last):
  File "/home/ryedida/.local/lib/python3.9/site-packages/bayesmark/experiment.py", line 126, in run_study
    next_points = optimizer.suggest(n_suggestions)
  File "/home/ryedida/bbo_challenge_starter_kit/example_submissions/smoothness/optimizer.py", line 105, in suggest
    betas = [self._get_smoothness_reg(guess) for guess in guesses]
  File "/home/ryedida/bbo_challenge_starter_kit/example_submissions/smoothness/optimizer.py", line 105, in <listcomp>
    betas = [self._get_smoothness_reg(guess) for guess in guesses]
  File "/home/ryedida/bbo_challenge_starter_kit/example_submissions/smoothness/optimizer.py", line 48, in _get_smoothness_reg
    if activ > Kz:
NameError: name 'activ' is not defined
suggestion time taken 0.329172 iter 2 next_points [{'alpha': 0.0013080236990102515, 'batch_size': 47, 'beta_1': 0.7610026934023871, 'beta_2': 0.9988986013193936, 'epsilon': 2.1223157276786656e-09, 'hidden_layer_sizes': 58, 'learning_rate_init': 0.014353924202425894, 'tol': 6.913451982540575e-05, 'validation_fraction': 0.19697333666004718}]
function_evaluation time 0.707825 value 2876.450257 suggestion {'alpha': 0.0013080236990102515, 'batch_size': 47, 'beta_1': 0.7610026934023871, 'beta_2': 0.9988986013193936, 'epsilon': 2.1223157276786656e-09, 'hidden_layer_sizes': 58, 'learning_rate_init': 0.014353924202425894, 'tol': 6.913451982540575e-05, 'validation_fraction': 0.19697333666004718}
observation time 0.000005, current best 2876.450257 at iter 2
Failure in optimizer suggest. Falling back to random search.
name 'activ' is not defined
Traceback (most recent call last):
  File "/home/ryedida/.local/lib/python3.9/site-packages/bayesmark/experiment.py", line 126, in run_study
    next_points = optimizer.suggest(n_suggestions)
  File "/home/ryedida/bbo_challenge_starter_kit/example_submissions/smoothness/optimizer.py", line 105, in suggest
    betas = [self._get_smoothness_reg(guess) for guess in guesses]
  File "/home/ryedida/bbo_challenge_starter_kit/example_submissions/smoothness/optimizer.py", line 105, in <listcomp>
    betas = [self._get_smoothness_reg(guess) for guess in guesses]
  File "/home/ryedida/bbo_challenge_starter_kit/example_submissions/smoothness/optimizer.py", line 48, in _get_smoothness_reg
    if activ > Kz:
NameError: name 'activ' is not defined
suggestion time taken 0.334061 iter 3 next_points [{'alpha': 1.7254579811490447, 'batch_size': 116, 'beta_1': 0.9376624462989843, 'beta_2': 0.9973433972136097, 'epsilon': 5.439391425446687e-08, 'hidden_layer_sizes': 133, 'learning_rate_init': 0.01483696850560655, 'tol': 0.0003580640485494624, 'validation_fraction': 0.1985383011596359}]
function_evaluation time 0.825449 value 3438.641919 suggestion {'alpha': 1.7254579811490447, 'batch_size': 116, 'beta_1': 0.9376624462989843, 'beta_2': 0.9973433972136097, 'epsilon': 5.439391425446687e-08, 'hidden_layer_sizes': 133, 'learning_rate_init': 0.01483696850560655, 'tol': 0.0003580640485494624, 'validation_fraction': 0.1985383011596359}
observation time 0.000005, current best 2876.450257 at iter 3
Failure in optimizer suggest. Falling back to random search.
name 'activ' is not defined
Traceback (most recent call last):
  File "/home/ryedida/.local/lib/python3.9/site-packages/bayesmark/experiment.py", line 126, in run_study
    next_points = optimizer.suggest(n_suggestions)
  File "/home/ryedida/bbo_challenge_starter_kit/example_submissions/smoothness/optimizer.py", line 105, in suggest
    betas = [self._get_smoothness_reg(guess) for guess in guesses]
  File "/home/ryedida/bbo_challenge_starter_kit/example_submissions/smoothness/optimizer.py", line 105, in <listcomp>
    betas = [self._get_smoothness_reg(guess) for guess in guesses]
  File "/home/ryedida/bbo_challenge_starter_kit/example_submissions/smoothness/optimizer.py", line 48, in _get_smoothness_reg
    if activ > Kz:
NameError: name 'activ' is not defined
suggestion time taken 0.332431 iter 4 next_points [{'alpha': 0.11563280776871504, 'batch_size': 176, 'beta_1': 0.6740269936038339, 'beta_2': 0.996481956089107, 'epsilon': 9.08799430543781e-07, 'hidden_layer_sizes': 71, 'learning_rate_init': 0.003862618633901886, 'tol': 0.0057722028532810835, 'validation_fraction': 0.8992623069771466}]
/home/ryedida/.local/lib/python3.9/site-packages/sklearn/neural_network/_multilayer_perceptron.py:605: UserWarning: Got `batch_size` less than 1 or larger than sample size. It is going to be clipped
  warnings.warn(

function_evaluation time 0.043524 value 28931.956211 suggestion {'alpha': 0.11563280776871504, 'batch_size': 176, 'beta_1': 0.6740269936038339, 'beta_2': 0.996481956089107, 'epsilon': 9.08799430543781e-07, 'hidden_layer_sizes': 71, 'learning_rate_init': 0.003862618633901886, 'tol': 0.0057722028532810835, 'validation_fraction': 0.8992623069771466}
observation time 0.000005, current best 2876.450257 at iter 4
Failure in optimizer suggest. Falling back to random search.
name 'activ' is not defined
Traceback (most recent call last):
  File "/home/ryedida/.local/lib/python3.9/site-packages/bayesmark/experiment.py", line 126, in run_study
    next_points = optimizer.suggest(n_suggestions)
  File "/home/ryedida/bbo_challenge_starter_kit/example_submissions/smoothness/optimizer.py", line 105, in suggest
    betas = [self._get_smoothness_reg(guess) for guess in guesses]
  File "/home/ryedida/bbo_challenge_starter_kit/example_submissions/smoothness/optimizer.py", line 105, in <listcomp>
    betas = [self._get_smoothness_reg(guess) for guess in guesses]
  File "/home/ryedida/bbo_challenge_starter_kit/example_submissions/smoothness/optimizer.py", line 48, in _get_smoothness_reg
    if activ > Kz:
NameError: name 'activ' is not defined
suggestion time taken 0.331942 iter 5 next_points [{'alpha': 7.289457938065306e-05, 'batch_size': 204, 'beta_1': 0.7643477660554494, 'beta_2': 0.9998699579691298, 'epsilon': 2.163549648407745e-07, 'hidden_layer_sizes': 92, 'learning_rate_init': 2.888219722394096e-05, 'tol': 0.004489136036971354, 'validation_fraction': 0.5059640309131277}]
/home/ryedida/.local/lib/python3.9/site-packages/sklearn/neural_network/_multilayer_perceptron.py:605: UserWarning: Got `batch_size` less than 1 or larger than sample size. It is going to be clipped
  warnings.warn(

function_evaluation time 0.056996 value 29147.057999 suggestion {'alpha': 7.289457938065306e-05, 'batch_size': 204, 'beta_1': 0.7643477660554494, 'beta_2': 0.9998699579691298, 'epsilon': 2.163549648407745e-07, 'hidden_layer_sizes': 92, 'learning_rate_init': 2.888219722394096e-05, 'tol': 0.004489136036971354, 'validation_fraction': 0.5059640309131277}
observation time 0.000007, current best 2876.450257 at iter 5
Failure in optimizer suggest. Falling back to random search.
name 'activ' is not defined
Traceback (most recent call last):
  File "/home/ryedida/.local/lib/python3.9/site-packages/bayesmark/experiment.py", line 126, in run_study
    next_points = optimizer.suggest(n_suggestions)
  File "/home/ryedida/bbo_challenge_starter_kit/example_submissions/smoothness/optimizer.py", line 105, in suggest
    betas = [self._get_smoothness_reg(guess) for guess in guesses]
  File "/home/ryedida/bbo_challenge_starter_kit/example_submissions/smoothness/optimizer.py", line 105, in <listcomp>
    betas = [self._get_smoothness_reg(guess) for guess in guesses]
  File "/home/ryedida/bbo_challenge_starter_kit/example_submissions/smoothness/optimizer.py", line 48, in _get_smoothness_reg
    if activ > Kz:
NameError: name 'activ' is not defined
suggestion time taken 0.328320 iter 6 next_points [{'alpha': 0.03641810261846095, 'batch_size': 32, 'beta_1': 0.9871686326461385, 'beta_2': 0.9994789539353329, 'epsilon': 9.600097482824377e-09, 'hidden_layer_sizes': 159, 'learning_rate_init': 0.040224799464587895, 'tol': 0.026483583035975332, 'validation_fraction': 0.8204966230100896}]
function_evaluation time 0.157057 value 4337.166776 suggestion {'alpha': 0.03641810261846095, 'batch_size': 32, 'beta_1': 0.9871686326461385, 'beta_2': 0.9994789539353329, 'epsilon': 9.600097482824377e-09, 'hidden_layer_sizes': 159, 'learning_rate_init': 0.040224799464587895, 'tol': 0.026483583035975332, 'validation_fraction': 0.8204966230100896}
observation time 0.000006, current best 2876.450257 at iter 6
Failure in optimizer suggest. Falling back to random search.
name 'activ' is not defined
Traceback (most recent call last):
  File "/home/ryedida/.local/lib/python3.9/site-packages/bayesmark/experiment.py", line 126, in run_study
    next_points = optimizer.suggest(n_suggestions)
  File "/home/ryedida/bbo_challenge_starter_kit/example_submissions/smoothness/optimizer.py", line 105, in suggest
    betas = [self._get_smoothness_reg(guess) for guess in guesses]
  File "/home/ryedida/bbo_challenge_starter_kit/example_submissions/smoothness/optimizer.py", line 105, in <listcomp>
    betas = [self._get_smoothness_reg(guess) for guess in guesses]
  File "/home/ryedida/bbo_challenge_starter_kit/example_submissions/smoothness/optimizer.py", line 48, in _get_smoothness_reg
    if activ > Kz:
NameError: name 'activ' is not defined
suggestion time taken 0.458546 iter 7 next_points [{'alpha': 0.0001340434782070432, 'batch_size': 218, 'beta_1': 0.9763598594972912, 'beta_2': 0.9964360940876097, 'epsilon': 3.8873372617402427e-07, 'hidden_layer_sizes': 187, 'learning_rate_init': 0.00013686453576376465, 'tol': 2.4049976567858314e-05, 'validation_fraction': 0.8396152617173122}]
/home/ryedida/.local/lib/python3.9/site-packages/sklearn/neural_network/_multilayer_perceptron.py:605: UserWarning: Got `batch_size` less than 1 or larger than sample size. It is going to be clipped
  warnings.warn(

/home/ryedida/.local/lib/python3.9/site-packages/sklearn/neural_network/_multilayer_perceptron.py:686: ConvergenceWarning: Stochastic Optimizer: Maximum iterations (200) reached and the optimization hasn't converged yet.
  warnings.warn(

function_evaluation time 0.785259 value 28931.398800 suggestion {'alpha': 0.0001340434782070432, 'batch_size': 218, 'beta_1': 0.9763598594972912, 'beta_2': 0.9964360940876097, 'epsilon': 3.8873372617402427e-07, 'hidden_layer_sizes': 187, 'learning_rate_init': 0.00013686453576376465, 'tol': 2.4049976567858314e-05, 'validation_fraction': 0.8396152617173122}
observation time 0.000006, current best 2876.450257 at iter 7
Failure in optimizer suggest. Falling back to random search.
name 'activ' is not defined
Traceback (most recent call last):
  File "/home/ryedida/.local/lib/python3.9/site-packages/bayesmark/experiment.py", line 126, in run_study
    next_points = optimizer.suggest(n_suggestions)
  File "/home/ryedida/bbo_challenge_starter_kit/example_submissions/smoothness/optimizer.py", line 105, in suggest
    betas = [self._get_smoothness_reg(guess) for guess in guesses]
  File "/home/ryedida/bbo_challenge_starter_kit/example_submissions/smoothness/optimizer.py", line 105, in <listcomp>
    betas = [self._get_smoothness_reg(guess) for guess in guesses]
  File "/home/ryedida/bbo_challenge_starter_kit/example_submissions/smoothness/optimizer.py", line 48, in _get_smoothness_reg
    if activ > Kz:
NameError: name 'activ' is not defined
suggestion time taken 0.348952 iter 8 next_points [{'alpha': 0.08939434253245729, 'batch_size': 131, 'beta_1': 0.9881234240577439, 'beta_2': 0.999992483561154, 'epsilon': 9.362428614726133e-07, 'hidden_layer_sizes': 144, 'learning_rate_init': 0.00022660186455748912, 'tol': 0.013540487821419839, 'validation_fraction': 0.5273990909908517}]
function_evaluation time 0.075018 value 29102.955199 suggestion {'alpha': 0.08939434253245729, 'batch_size': 131, 'beta_1': 0.9881234240577439, 'beta_2': 0.999992483561154, 'epsilon': 9.362428614726133e-07, 'hidden_layer_sizes': 144, 'learning_rate_init': 0.00022660186455748912, 'tol': 0.013540487821419839, 'validation_fraction': 0.5273990909908517}
observation time 0.000006, current best 2876.450257 at iter 8
Failure in optimizer suggest. Falling back to random search.
name 'activ' is not defined
Traceback (most recent call last):
  File "/home/ryedida/.local/lib/python3.9/site-packages/bayesmark/experiment.py", line 126, in run_study
    next_points = optimizer.suggest(n_suggestions)
  File "/home/ryedida/bbo_challenge_starter_kit/example_submissions/smoothness/optimizer.py", line 105, in suggest
    betas = [self._get_smoothness_reg(guess) for guess in guesses]
  File "/home/ryedida/bbo_challenge_starter_kit/example_submissions/smoothness/optimizer.py", line 105, in <listcomp>
    betas = [self._get_smoothness_reg(guess) for guess in guesses]
  File "/home/ryedida/bbo_challenge_starter_kit/example_submissions/smoothness/optimizer.py", line 48, in _get_smoothness_reg
    if activ > Kz:
NameError: name 'activ' is not defined
suggestion time taken 0.323650 iter 9 next_points [{'alpha': 9.076345696757749e-05, 'batch_size': 122, 'beta_1': 0.9476559854035018, 'beta_2': 0.99999182994238, 'epsilon': 3.339859260951481e-07, 'hidden_layer_sizes': 101, 'learning_rate_init': 0.00451924411268577, 'tol': 0.0010580328155675148, 'validation_fraction': 0.34698643764311043}]
/home/ryedida/.local/lib/python3.9/site-packages/sklearn/neural_network/_multilayer_perceptron.py:686: ConvergenceWarning: Stochastic Optimizer: Maximum iterations (200) reached and the optimization hasn't converged yet.
  warnings.warn(

function_evaluation time 0.972228 value 3777.281293 suggestion {'alpha': 9.076345696757749e-05, 'batch_size': 122, 'beta_1': 0.9476559854035018, 'beta_2': 0.99999182994238, 'epsilon': 3.339859260951481e-07, 'hidden_layer_sizes': 101, 'learning_rate_init': 0.00451924411268577, 'tol': 0.0010580328155675148, 'validation_fraction': 0.34698643764311043}
observation time 0.000006, current best 2876.450257 at iter 9
Failure in optimizer suggest. Falling back to random search.
name 'activ' is not defined
Traceback (most recent call last):
  File "/home/ryedida/.local/lib/python3.9/site-packages/bayesmark/experiment.py", line 126, in run_study
    next_points = optimizer.suggest(n_suggestions)
  File "/home/ryedida/bbo_challenge_starter_kit/example_submissions/smoothness/optimizer.py", line 105, in suggest
    betas = [self._get_smoothness_reg(guess) for guess in guesses]
  File "/home/ryedida/bbo_challenge_starter_kit/example_submissions/smoothness/optimizer.py", line 105, in <listcomp>
    betas = [self._get_smoothness_reg(guess) for guess in guesses]
  File "/home/ryedida/bbo_challenge_starter_kit/example_submissions/smoothness/optimizer.py", line 48, in _get_smoothness_reg
    if activ > Kz:
NameError: name 'activ' is not defined
suggestion time taken 0.325784 iter 10 next_points [{'alpha': 0.2705587332415101, 'batch_size': 198, 'beta_1': 0.9466115934715301, 'beta_2': 0.9999965707349712, 'epsilon': 6.6463770471497025e-09, 'hidden_layer_sizes': 67, 'learning_rate_init': 0.05908283973880705, 'tol': 2.6940768517740273e-05, 'validation_fraction': 0.7705582532137148}]
/home/ryedida/.local/lib/python3.9/site-packages/sklearn/neural_network/_multilayer_perceptron.py:605: UserWarning: Got `batch_size` less than 1 or larger than sample size. It is going to be clipped
  warnings.warn(

function_evaluation time 0.162093 value 4185.281287 suggestion {'alpha': 0.2705587332415101, 'batch_size': 198, 'beta_1': 0.9466115934715301, 'beta_2': 0.9999965707349712, 'epsilon': 6.6463770471497025e-09, 'hidden_layer_sizes': 67, 'learning_rate_init': 0.05908283973880705, 'tol': 2.6940768517740273e-05, 'validation_fraction': 0.7705582532137148}
observation time 0.000006, current best 2876.450257 at iter 10
Failure in optimizer suggest. Falling back to random search.
name 'activ' is not defined
Traceback (most recent call last):
  File "/home/ryedida/.local/lib/python3.9/site-packages/bayesmark/experiment.py", line 126, in run_study
    next_points = optimizer.suggest(n_suggestions)
  File "/home/ryedida/bbo_challenge_starter_kit/example_submissions/smoothness/optimizer.py", line 105, in suggest
    betas = [self._get_smoothness_reg(guess) for guess in guesses]
  File "/home/ryedida/bbo_challenge_starter_kit/example_submissions/smoothness/optimizer.py", line 105, in <listcomp>
    betas = [self._get_smoothness_reg(guess) for guess in guesses]
  File "/home/ryedida/bbo_challenge_starter_kit/example_submissions/smoothness/optimizer.py", line 48, in _get_smoothness_reg
    if activ > Kz:
NameError: name 'activ' is not defined
suggestion time taken 0.323242 iter 11 next_points [{'alpha': 0.20632310697918796, 'batch_size': 150, 'beta_1': 0.9528644540176913, 'beta_2': 0.9983054880772697, 'epsilon': 3.8524021290332115e-08, 'hidden_layer_sizes': 178, 'learning_rate_init': 4.4996924361165276e-05, 'tol': 0.00947310911047662, 'validation_fraction': 0.23483380365663908}]
function_evaluation time 0.089817 value 29132.085207 suggestion {'alpha': 0.20632310697918796, 'batch_size': 150, 'beta_1': 0.9528644540176913, 'beta_2': 0.9983054880772697, 'epsilon': 3.8524021290332115e-08, 'hidden_layer_sizes': 178, 'learning_rate_init': 4.4996924361165276e-05, 'tol': 0.00947310911047662, 'validation_fraction': 0.23483380365663908}
observation time 0.000006, current best 2876.450257 at iter 11
Failure in optimizer suggest. Falling back to random search.
name 'activ' is not defined
Traceback (most recent call last):
  File "/home/ryedida/.local/lib/python3.9/site-packages/bayesmark/experiment.py", line 126, in run_study
    next_points = optimizer.suggest(n_suggestions)
  File "/home/ryedida/bbo_challenge_starter_kit/example_submissions/smoothness/optimizer.py", line 105, in suggest
    betas = [self._get_smoothness_reg(guess) for guess in guesses]
  File "/home/ryedida/bbo_challenge_starter_kit/example_submissions/smoothness/optimizer.py", line 105, in <listcomp>
    betas = [self._get_smoothness_reg(guess) for guess in guesses]
  File "/home/ryedida/bbo_challenge_starter_kit/example_submissions/smoothness/optimizer.py", line 48, in _get_smoothness_reg
    if activ > Kz:
NameError: name 'activ' is not defined
suggestion time taken 0.321431 iter 12 next_points [{'alpha': 0.49084378852338306, 'batch_size': 214, 'beta_1': 0.8799090570877403, 'beta_2': 0.9999920410052229, 'epsilon': 2.8077178282215033e-09, 'hidden_layer_sizes': 85, 'learning_rate_init': 0.000977666775142692, 'tol': 0.03338607325999187, 'validation_fraction': 0.8817669731983124}]
/home/ryedida/.local/lib/python3.9/site-packages/sklearn/neural_network/_multilayer_perceptron.py:605: UserWarning: Got `batch_size` less than 1 or larger than sample size. It is going to be clipped
  warnings.warn(

function_evaluation time 0.046278 value 29068.154771 suggestion {'alpha': 0.49084378852338306, 'batch_size': 214, 'beta_1': 0.8799090570877403, 'beta_2': 0.9999920410052229, 'epsilon': 2.8077178282215033e-09, 'hidden_layer_sizes': 85, 'learning_rate_init': 0.000977666775142692, 'tol': 0.03338607325999187, 'validation_fraction': 0.8817669731983124}
observation time 0.000006, current best 2876.450257 at iter 12
Failure in optimizer suggest. Falling back to random search.
name 'activ' is not defined
Traceback (most recent call last):
  File "/home/ryedida/.local/lib/python3.9/site-packages/bayesmark/experiment.py", line 126, in run_study
    next_points = optimizer.suggest(n_suggestions)
  File "/home/ryedida/bbo_challenge_starter_kit/example_submissions/smoothness/optimizer.py", line 105, in suggest
    betas = [self._get_smoothness_reg(guess) for guess in guesses]
  File "/home/ryedida/bbo_challenge_starter_kit/example_submissions/smoothness/optimizer.py", line 105, in <listcomp>
    betas = [self._get_smoothness_reg(guess) for guess in guesses]
  File "/home/ryedida/bbo_challenge_starter_kit/example_submissions/smoothness/optimizer.py", line 48, in _get_smoothness_reg
    if activ > Kz:
NameError: name 'activ' is not defined
suggestion time taken 0.321656 iter 13 next_points [{'alpha': 0.0024004506503657362, 'batch_size': 61, 'beta_1': 0.9136434085547008, 'beta_2': 0.9608740455906659, 'epsilon': 1.6523383699839815e-07, 'hidden_layer_sizes': 135, 'learning_rate_init': 0.023987294375900105, 'tol': 1.3281100780042498e-05, 'validation_fraction': 0.2437699873106282}]
function_evaluation time 0.552414 value 2893.258330 suggestion {'alpha': 0.0024004506503657362, 'batch_size': 61, 'beta_1': 0.9136434085547008, 'beta_2': 0.9608740455906659, 'epsilon': 1.6523383699839815e-07, 'hidden_layer_sizes': 135, 'learning_rate_init': 0.023987294375900105, 'tol': 1.3281100780042498e-05, 'validation_fraction': 0.2437699873106282}
observation time 0.000006, current best 2876.450257 at iter 13
Failure in optimizer suggest. Falling back to random search.
name 'activ' is not defined
Traceback (most recent call last):
  File "/home/ryedida/.local/lib/python3.9/site-packages/bayesmark/experiment.py", line 126, in run_study
    next_points = optimizer.suggest(n_suggestions)
  File "/home/ryedida/bbo_challenge_starter_kit/example_submissions/smoothness/optimizer.py", line 105, in suggest
    betas = [self._get_smoothness_reg(guess) for guess in guesses]
  File "/home/ryedida/bbo_challenge_starter_kit/example_submissions/smoothness/optimizer.py", line 105, in <listcomp>
    betas = [self._get_smoothness_reg(guess) for guess in guesses]
  File "/home/ryedida/bbo_challenge_starter_kit/example_submissions/smoothness/optimizer.py", line 48, in _get_smoothness_reg
    if activ > Kz:
NameError: name 'activ' is not defined
suggestion time taken 0.325191 iter 14 next_points [{'alpha': 0.000302701751879318, 'batch_size': 119, 'beta_1': 0.7328721956122669, 'beta_2': 0.9625502955773585, 'epsilon': 7.054129883335187e-08, 'hidden_layer_sizes': 149, 'learning_rate_init': 9.748044431711246e-05, 'tol': 0.0007949182446084848, 'validation_fraction': 0.8786847849499015}]
/home/ryedida/.local/lib/python3.9/site-packages/sklearn/neural_network/_multilayer_perceptron.py:605: UserWarning: Got `batch_size` less than 1 or larger than sample size. It is going to be clipped
  warnings.warn(

function_evaluation time 0.052878 value 29104.684447 suggestion {'alpha': 0.000302701751879318, 'batch_size': 119, 'beta_1': 0.7328721956122669, 'beta_2': 0.9625502955773585, 'epsilon': 7.054129883335187e-08, 'hidden_layer_sizes': 149, 'learning_rate_init': 9.748044431711246e-05, 'tol': 0.0007949182446084848, 'validation_fraction': 0.8786847849499015}
observation time 0.000007, current best 2876.450257 at iter 14
saving meta data: {'args': {'--uuid': 'f2b78a91181256a18cd6bde9a3505517', '-db-root': '/home/ryedida/bbo_challenge_starter_kit/output', '--opt-root': '/home/ryedida/bbo_challenge_starter_kit/example_submissions', '--data-root': None, '--db': 'run_20230425_055340', '--opt': 'smoothness', '--data': 'diabetes', '--classifier': 'MLP-adam', '--metric': 'mse', '--calls': 15, '--suggestions': 1, '--jobs-file': None, '--verbose': False, 'dry_run': False, 'rev': 'a376313', 'opt_rev': 'x.x.x'}, 'signature': ([{'alpha': 0.019628224813442792, 'batch_size': 182, 'beta_1': 0.9410202200271762, 'beta_2': 0.9998021557676793, 'epsilon': 1.8662266976518e-08, 'hidden_layer_sizes': 147, 'learning_rate_init': 0.0005627932047415167, 'tol': 0.03690557729213761, 'validation_fraction': 0.8846827852548593}, {'alpha': 0.0019982467392329444, 'batch_size': 200, 'beta_1': 0.919111482530466, 'beta_2': 0.9998488260436156, 'epsilon': 5.981221901152555e-07, 'hidden_layer_sizes': 61, 'learning_rate_init': 2.2310905607443014e-05, 'tol': 1.2046852412030316e-05, 'validation_fraction': 0.8117896445826539}, {'alpha': 0.46659545670218433, 'batch_size': 219, 'beta_1': 0.9889789783750891, 'beta_2': 0.9999896868093284, 'epsilon': 2.4234724484675948e-08, 'hidden_layer_sizes': 167, 'learning_rate_init': 2.972334644335654e-05, 'tol': 0.0036281404040243792, 'validation_fraction': 0.17260651658522078}, {'alpha': 4.656005689076002, 'batch_size': 135, 'beta_1': 0.870503881627747, 'beta_2': 0.9948873266941017, 'epsilon': 2.1023308743480125e-07, 'hidden_layer_sizes': 118, 'learning_rate_init': 0.0018781738757161913, 'tol': 1.1889379831773004e-05, 'validation_fraction': 0.6264327093752792}, {'alpha': 0.04705159350400542, 'batch_size': 158, 'beta_1': 0.9870884262730957, 'beta_2': 0.9999596874382349, 'epsilon': 1.1981845126013875e-08, 'hidden_layer_sizes': 116, 'learning_rate_init': 0.00617340520407431, 'tol': 1.741413418158619e-05, 'validation_fraction': 0.6754299026638921}], [29083.993548572587, 29062.423277324073, 29075.78987471409, 24626.32866834337, 9584.226858493177])}
saving results
saving timing
saving suggest log
done
