running: {'--uuid': '04201f3736b15d319b7e443298be977b', '-db-root': '/home/ryedida/bbo_challenge_starter_kit/output', '--opt-root': '/home/ryedida/bbo_challenge_starter_kit/example_submissions', '--data-root': None, '--db': 'run_20230425_055340', '--opt': 'smoothness', '--data': 'diabetes', '--classifier': 'MLP-adam', '--metric': 'mae', '--calls': 15, '--suggestions': 1, '--jobs-file': None, '--verbose': False, 'dry_run': False, 'rev': 'a376313', 'opt_rev': 'x.x.x'}
cmd: python smoothness/optimizer.py -c MLP-adam -d diabetes -o smoothness -u 04201f3736b15d319b7e443298be977b -m mae -n 15 -p 1 -dir /home/ryedida/bbo_challenge_starter_kit/output -b run_20230425_055340
/home/ryedida/.local/lib/python3.9/site-packages/sklearn/neural_network/_multilayer_perceptron.py:605: UserWarning: Got `batch_size` less than 1 or larger than sample size. It is going to be clipped
  warnings.warn(

/home/ryedida/.local/lib/python3.9/site-packages/sklearn/neural_network/_multilayer_perceptron.py:605: UserWarning: Got `batch_size` less than 1 or larger than sample size. It is going to be clipped
  warnings.warn(

/home/ryedida/.local/lib/python3.9/site-packages/sklearn/neural_network/_multilayer_perceptron.py:605: UserWarning: Got `batch_size` less than 1 or larger than sample size. It is going to be clipped
  warnings.warn(

/home/ryedida/.local/lib/python3.9/site-packages/sklearn/neural_network/_multilayer_perceptron.py:686: ConvergenceWarning: Stochastic Optimizer: Maximum iterations (200) reached and the optimization hasn't converged yet.
  warnings.warn(

/home/ryedida/.local/lib/python3.9/site-packages/sklearn/neural_network/_multilayer_perceptron.py:605: UserWarning: Got `batch_size` less than 1 or larger than sample size. It is going to be clipped
  warnings.warn(

/home/ryedida/.local/lib/python3.9/site-packages/sklearn/neural_network/_multilayer_perceptron.py:686: ConvergenceWarning: Stochastic Optimizer: Maximum iterations (200) reached and the optimization hasn't converged yet.
  warnings.warn(

computed signature: ([{'alpha': 0.019628224813442792, 'batch_size': 182, 'beta_1': 0.9410202200271762, 'beta_2': 0.9998021557676793, 'epsilon': 1.8662266976518e-08, 'hidden_layer_sizes': 147, 'learning_rate_init': 0.0005627932047415167, 'tol': 0.03690557729213761, 'validation_fraction': 0.8846827852548593}, {'alpha': 0.0019982467392329444, 'batch_size': 200, 'beta_1': 0.919111482530466, 'beta_2': 0.9998488260436156, 'epsilon': 5.981221901152555e-07, 'hidden_layer_sizes': 61, 'learning_rate_init': 2.2310905607443014e-05, 'tol': 1.2046852412030316e-05, 'validation_fraction': 0.8117896445826539}, {'alpha': 0.46659545670218433, 'batch_size': 219, 'beta_1': 0.9889789783750891, 'beta_2': 0.9999896868093284, 'epsilon': 2.4234724484675948e-08, 'hidden_layer_sizes': 167, 'learning_rate_init': 2.972334644335654e-05, 'tol': 0.0036281404040243792, 'validation_fraction': 0.17260651658522078}, {'alpha': 4.656005689076002, 'batch_size': 135, 'beta_1': 0.870503881627747, 'beta_2': 0.9948873266941017, 'epsilon': 2.1023308743480125e-07, 'hidden_layer_sizes': 118, 'learning_rate_init': 0.0018781738757161913, 'tol': 1.1889379831773004e-05, 'validation_fraction': 0.6264327093752792}, {'alpha': 0.04705159350400542, 'batch_size': 158, 'beta_1': 0.9870884262730957, 'beta_2': 0.9999596874382349, 'epsilon': 1.1981845126013875e-08, 'hidden_layer_sizes': 116, 'learning_rate_init': 0.00617340520407431, 'tol': 1.741413418158619e-05, 'validation_fraction': 0.6754299026638921}], [151.4971925380264, 151.42763539278994, 151.47026299046811, 136.86202504264318, 75.2055865763391])
Signature errors:
                                  0             1             2         3         4       max
MLP-adam_diabetes_mae  1.919244e-08  6.198704e-08  7.624578e-09  0.000007  0.000034  0.000034
max                    1.919244e-08  6.198704e-08  7.624578e-09  0.000007  0.000034  0.000034
starting sklearn study smoothness MLP-adam diabetes mae 15 1
with data root: None
Failure in optimizer suggest. Falling back to random search.
name 'activ' is not defined
Traceback (most recent call last):
  File "/home/ryedida/.local/lib/python3.9/site-packages/bayesmark/experiment.py", line 126, in run_study
    next_points = optimizer.suggest(n_suggestions)
  File "/home/ryedida/bbo_challenge_starter_kit/example_submissions/smoothness/optimizer.py", line 105, in suggest
    betas = [self._get_smoothness_reg(guess) for guess in guesses]
  File "/home/ryedida/bbo_challenge_starter_kit/example_submissions/smoothness/optimizer.py", line 105, in <listcomp>
    betas = [self._get_smoothness_reg(guess) for guess in guesses]
  File "/home/ryedida/bbo_challenge_starter_kit/example_submissions/smoothness/optimizer.py", line 48, in _get_smoothness_reg
    if activ > Kz:
NameError: name 'activ' is not defined
suggestion time taken 0.511951 iter 0 next_points [{'alpha': 0.06094413769886243, 'batch_size': 66, 'beta_1': 0.5555624412616653, 'beta_2': 0.9999946977184259, 'epsilon': 2.945499473361731e-08, 'hidden_layer_sizes': 193, 'learning_rate_init': 0.0006476075673770764, 'tol': 0.003980005793689239, 'validation_fraction': 0.8526366662946482}]
/home/ryedida/.local/lib/python3.9/site-packages/sklearn/neural_network/_multilayer_perceptron.py:605: UserWarning: Got `batch_size` less than 1 or larger than sample size. It is going to be clipped
  warnings.warn(

function_evaluation time 0.057002 value 151.394268 suggestion {'alpha': 0.06094413769886243, 'batch_size': 66, 'beta_1': 0.5555624412616653, 'beta_2': 0.9999946977184259, 'epsilon': 2.945499473361731e-08, 'hidden_layer_sizes': 193, 'learning_rate_init': 0.0006476075673770764, 'tol': 0.003980005793689239, 'validation_fraction': 0.8526366662946482}
observation time 0.000006, current best 151.394268 at iter 0
Failure in optimizer suggest. Falling back to random search.
name 'activ' is not defined
Traceback (most recent call last):
  File "/home/ryedida/.local/lib/python3.9/site-packages/bayesmark/experiment.py", line 126, in run_study
    next_points = optimizer.suggest(n_suggestions)
  File "/home/ryedida/bbo_challenge_starter_kit/example_submissions/smoothness/optimizer.py", line 105, in suggest
    betas = [self._get_smoothness_reg(guess) for guess in guesses]
  File "/home/ryedida/bbo_challenge_starter_kit/example_submissions/smoothness/optimizer.py", line 105, in <listcomp>
    betas = [self._get_smoothness_reg(guess) for guess in guesses]
  File "/home/ryedida/bbo_challenge_starter_kit/example_submissions/smoothness/optimizer.py", line 48, in _get_smoothness_reg
    if activ > Kz:
NameError: name 'activ' is not defined
suggestion time taken 0.327327 iter 1 next_points [{'alpha': 0.0003513765042995, 'batch_size': 128, 'beta_1': 0.9761673711216703, 'beta_2': 0.9681143917364375, 'epsilon': 1.4941582768510823e-07, 'hidden_layer_sizes': 193, 'learning_rate_init': 1.4636343714790225e-05, 'tol': 0.00014743204305782268, 'validation_fraction': 0.10835692889222386}]
function_evaluation time 0.103290 value 151.695849 suggestion {'alpha': 0.0003513765042995, 'batch_size': 128, 'beta_1': 0.9761673711216703, 'beta_2': 0.9681143917364375, 'epsilon': 1.4941582768510823e-07, 'hidden_layer_sizes': 193, 'learning_rate_init': 1.4636343714790225e-05, 'tol': 0.00014743204305782268, 'validation_fraction': 0.10835692889222386}
observation time 0.000005, current best 151.394268 at iter 1
Failure in optimizer suggest. Falling back to random search.
name 'activ' is not defined
Traceback (most recent call last):
  File "/home/ryedida/.local/lib/python3.9/site-packages/bayesmark/experiment.py", line 126, in run_study
    next_points = optimizer.suggest(n_suggestions)
  File "/home/ryedida/bbo_challenge_starter_kit/example_submissions/smoothness/optimizer.py", line 105, in suggest
    betas = [self._get_smoothness_reg(guess) for guess in guesses]
  File "/home/ryedida/bbo_challenge_starter_kit/example_submissions/smoothness/optimizer.py", line 105, in <listcomp>
    betas = [self._get_smoothness_reg(guess) for guess in guesses]
  File "/home/ryedida/bbo_challenge_starter_kit/example_submissions/smoothness/optimizer.py", line 48, in _get_smoothness_reg
    if activ > Kz:
NameError: name 'activ' is not defined
suggestion time taken 0.332888 iter 2 next_points [{'alpha': 0.003574581312732463, 'batch_size': 79, 'beta_1': 0.5871629776362464, 'beta_2': 0.9932512962417082, 'epsilon': 6.536651746178762e-07, 'hidden_layer_sizes': 186, 'learning_rate_init': 0.0002853099305252244, 'tol': 0.018590069198592022, 'validation_fraction': 0.5479117392275523}]
function_evaluation time 0.083742 value 151.454337 suggestion {'alpha': 0.003574581312732463, 'batch_size': 79, 'beta_1': 0.5871629776362464, 'beta_2': 0.9932512962417082, 'epsilon': 6.536651746178762e-07, 'hidden_layer_sizes': 186, 'learning_rate_init': 0.0002853099305252244, 'tol': 0.018590069198592022, 'validation_fraction': 0.5479117392275523}
observation time 0.000028, current best 151.394268 at iter 2
Failure in optimizer suggest. Falling back to random search.
name 'activ' is not defined
Traceback (most recent call last):
  File "/home/ryedida/.local/lib/python3.9/site-packages/bayesmark/experiment.py", line 126, in run_study
    next_points = optimizer.suggest(n_suggestions)
  File "/home/ryedida/bbo_challenge_starter_kit/example_submissions/smoothness/optimizer.py", line 105, in suggest
    betas = [self._get_smoothness_reg(guess) for guess in guesses]
  File "/home/ryedida/bbo_challenge_starter_kit/example_submissions/smoothness/optimizer.py", line 105, in <listcomp>
    betas = [self._get_smoothness_reg(guess) for guess in guesses]
  File "/home/ryedida/bbo_challenge_starter_kit/example_submissions/smoothness/optimizer.py", line 48, in _get_smoothness_reg
    if activ > Kz:
NameError: name 'activ' is not defined
suggestion time taken 0.325260 iter 3 next_points [{'alpha': 0.11883460746193296, 'batch_size': 79, 'beta_1': 0.8720329614040616, 'beta_2': 0.9960824239901782, 'epsilon': 3.4700210156898157e-08, 'hidden_layer_sizes': 84, 'learning_rate_init': 0.0017989648270556884, 'tol': 0.00022320511736468942, 'validation_fraction': 0.7278265027460947}]
/home/ryedida/.local/lib/python3.9/site-packages/sklearn/neural_network/_multilayer_perceptron.py:686: ConvergenceWarning: Stochastic Optimizer: Maximum iterations (200) reached and the optimization hasn't converged yet.
  warnings.warn(

function_evaluation time 0.679979 value 140.569529 suggestion {'alpha': 0.11883460746193296, 'batch_size': 79, 'beta_1': 0.8720329614040616, 'beta_2': 0.9960824239901782, 'epsilon': 3.4700210156898157e-08, 'hidden_layer_sizes': 84, 'learning_rate_init': 0.0017989648270556884, 'tol': 0.00022320511736468942, 'validation_fraction': 0.7278265027460947}
observation time 0.000006, current best 140.569529 at iter 3
Failure in optimizer suggest. Falling back to random search.
name 'activ' is not defined
Traceback (most recent call last):
  File "/home/ryedida/.local/lib/python3.9/site-packages/bayesmark/experiment.py", line 126, in run_study
    next_points = optimizer.suggest(n_suggestions)
  File "/home/ryedida/bbo_challenge_starter_kit/example_submissions/smoothness/optimizer.py", line 105, in suggest
    betas = [self._get_smoothness_reg(guess) for guess in guesses]
  File "/home/ryedida/bbo_challenge_starter_kit/example_submissions/smoothness/optimizer.py", line 105, in <listcomp>
    betas = [self._get_smoothness_reg(guess) for guess in guesses]
  File "/home/ryedida/bbo_challenge_starter_kit/example_submissions/smoothness/optimizer.py", line 48, in _get_smoothness_reg
    if activ > Kz:
NameError: name 'activ' is not defined
suggestion time taken 0.337250 iter 4 next_points [{'alpha': 1.188961648608044, 'batch_size': 68, 'beta_1': 0.6768464226129104, 'beta_2': 0.9999251579213089, 'epsilon': 7.569459858808331e-07, 'hidden_layer_sizes': 199, 'learning_rate_init': 1.563543898236174e-05, 'tol': 0.0005183915190134234, 'validation_fraction': 0.732990851926508}]
function_evaluation time 0.076318 value 151.598363 suggestion {'alpha': 1.188961648608044, 'batch_size': 68, 'beta_1': 0.6768464226129104, 'beta_2': 0.9999251579213089, 'epsilon': 7.569459858808331e-07, 'hidden_layer_sizes': 199, 'learning_rate_init': 1.563543898236174e-05, 'tol': 0.0005183915190134234, 'validation_fraction': 0.732990851926508}
observation time 0.000005, current best 140.569529 at iter 4
Failure in optimizer suggest. Falling back to random search.
name 'activ' is not defined
Traceback (most recent call last):
  File "/home/ryedida/.local/lib/python3.9/site-packages/bayesmark/experiment.py", line 126, in run_study
    next_points = optimizer.suggest(n_suggestions)
  File "/home/ryedida/bbo_challenge_starter_kit/example_submissions/smoothness/optimizer.py", line 105, in suggest
    betas = [self._get_smoothness_reg(guess) for guess in guesses]
  File "/home/ryedida/bbo_challenge_starter_kit/example_submissions/smoothness/optimizer.py", line 105, in <listcomp>
    betas = [self._get_smoothness_reg(guess) for guess in guesses]
  File "/home/ryedida/bbo_challenge_starter_kit/example_submissions/smoothness/optimizer.py", line 48, in _get_smoothness_reg
    if activ > Kz:
NameError: name 'activ' is not defined
suggestion time taken 0.324249 iter 5 next_points [{'alpha': 0.0011915142265732626, 'batch_size': 221, 'beta_1': 0.95548620481703, 'beta_2': 0.9458938699073173, 'epsilon': 4.1874474772280764e-07, 'hidden_layer_sizes': 119, 'learning_rate_init': 0.04869951715398215, 'tol': 9.462704043267816e-05, 'validation_fraction': 0.14993307620606536}]
function_evaluation time 0.196234 value 55.382864 suggestion {'alpha': 0.0011915142265732626, 'batch_size': 221, 'beta_1': 0.95548620481703, 'beta_2': 0.9458938699073173, 'epsilon': 4.1874474772280764e-07, 'hidden_layer_sizes': 119, 'learning_rate_init': 0.04869951715398215, 'tol': 9.462704043267816e-05, 'validation_fraction': 0.14993307620606536}
observation time 0.000006, current best 55.382864 at iter 5
Failure in optimizer suggest. Falling back to random search.
name 'activ' is not defined
Traceback (most recent call last):
  File "/home/ryedida/.local/lib/python3.9/site-packages/bayesmark/experiment.py", line 126, in run_study
    next_points = optimizer.suggest(n_suggestions)
  File "/home/ryedida/bbo_challenge_starter_kit/example_submissions/smoothness/optimizer.py", line 105, in suggest
    betas = [self._get_smoothness_reg(guess) for guess in guesses]
  File "/home/ryedida/bbo_challenge_starter_kit/example_submissions/smoothness/optimizer.py", line 105, in <listcomp>
    betas = [self._get_smoothness_reg(guess) for guess in guesses]
  File "/home/ryedida/bbo_challenge_starter_kit/example_submissions/smoothness/optimizer.py", line 48, in _get_smoothness_reg
    if activ > Kz:
NameError: name 'activ' is not defined
suggestion time taken 0.338728 iter 6 next_points [{'alpha': 5.675308737120796e-05, 'batch_size': 17, 'beta_1': 0.9021069313229071, 'beta_2': 0.99954539703862, 'epsilon': 3.420281024527762e-08, 'hidden_layer_sizes': 100, 'learning_rate_init': 4.371269777175135e-05, 'tol': 3.095389234807604e-05, 'validation_fraction': 0.3267137686488172}]
/home/ryedida/.local/lib/python3.9/site-packages/sklearn/neural_network/_multilayer_perceptron.py:686: ConvergenceWarning: Stochastic Optimizer: Maximum iterations (200) reached and the optimization hasn't converged yet.
  warnings.warn(

function_evaluation time 2.927336 value 149.726854 suggestion {'alpha': 5.675308737120796e-05, 'batch_size': 17, 'beta_1': 0.9021069313229071, 'beta_2': 0.99954539703862, 'epsilon': 3.420281024527762e-08, 'hidden_layer_sizes': 100, 'learning_rate_init': 4.371269777175135e-05, 'tol': 3.095389234807604e-05, 'validation_fraction': 0.3267137686488172}
observation time 0.000006, current best 55.382864 at iter 6
Failure in optimizer suggest. Falling back to random search.
name 'activ' is not defined
Traceback (most recent call last):
  File "/home/ryedida/.local/lib/python3.9/site-packages/bayesmark/experiment.py", line 126, in run_study
    next_points = optimizer.suggest(n_suggestions)
  File "/home/ryedida/bbo_challenge_starter_kit/example_submissions/smoothness/optimizer.py", line 105, in suggest
    betas = [self._get_smoothness_reg(guess) for guess in guesses]
  File "/home/ryedida/bbo_challenge_starter_kit/example_submissions/smoothness/optimizer.py", line 105, in <listcomp>
    betas = [self._get_smoothness_reg(guess) for guess in guesses]
  File "/home/ryedida/bbo_challenge_starter_kit/example_submissions/smoothness/optimizer.py", line 48, in _get_smoothness_reg
    if activ > Kz:
NameError: name 'activ' is not defined
suggestion time taken 0.465859 iter 7 next_points [{'alpha': 1.0701990154221436e-05, 'batch_size': 169, 'beta_1': 0.6942042543810885, 'beta_2': 0.9888932490981591, 'epsilon': 1.908898062393126e-09, 'hidden_layer_sizes': 140, 'learning_rate_init': 6.488060485954493e-05, 'tol': 0.00016100655805072404, 'validation_fraction': 0.11925847506024496}]
/home/ryedida/.local/lib/python3.9/site-packages/sklearn/neural_network/_multilayer_perceptron.py:686: ConvergenceWarning: Stochastic Optimizer: Maximum iterations (200) reached and the optimization hasn't converged yet.
  warnings.warn(

function_evaluation time 0.301689 value 151.549368 suggestion {'alpha': 1.0701990154221436e-05, 'batch_size': 169, 'beta_1': 0.6942042543810885, 'beta_2': 0.9888932490981591, 'epsilon': 1.908898062393126e-09, 'hidden_layer_sizes': 140, 'learning_rate_init': 6.488060485954493e-05, 'tol': 0.00016100655805072404, 'validation_fraction': 0.11925847506024496}
observation time 0.000006, current best 55.382864 at iter 7
Failure in optimizer suggest. Falling back to random search.
name 'activ' is not defined
Traceback (most recent call last):
  File "/home/ryedida/.local/lib/python3.9/site-packages/bayesmark/experiment.py", line 126, in run_study
    next_points = optimizer.suggest(n_suggestions)
  File "/home/ryedida/bbo_challenge_starter_kit/example_submissions/smoothness/optimizer.py", line 105, in suggest
    betas = [self._get_smoothness_reg(guess) for guess in guesses]
  File "/home/ryedida/bbo_challenge_starter_kit/example_submissions/smoothness/optimizer.py", line 105, in <listcomp>
    betas = [self._get_smoothness_reg(guess) for guess in guesses]
  File "/home/ryedida/bbo_challenge_starter_kit/example_submissions/smoothness/optimizer.py", line 48, in _get_smoothness_reg
    if activ > Kz:
NameError: name 'activ' is not defined
suggestion time taken 0.321012 iter 8 next_points [{'alpha': 1.375075321928307e-05, 'batch_size': 177, 'beta_1': 0.9865728603271873, 'beta_2': 0.999740977689444, 'epsilon': 2.096664623698366e-08, 'hidden_layer_sizes': 84, 'learning_rate_init': 1.609345827599576e-05, 'tol': 0.05368293714824234, 'validation_fraction': 0.7998569888779954}]
/home/ryedida/.local/lib/python3.9/site-packages/sklearn/neural_network/_multilayer_perceptron.py:605: UserWarning: Got `batch_size` less than 1 or larger than sample size. It is going to be clipped
  warnings.warn(

function_evaluation time 0.046560 value 151.420329 suggestion {'alpha': 1.375075321928307e-05, 'batch_size': 177, 'beta_1': 0.9865728603271873, 'beta_2': 0.999740977689444, 'epsilon': 2.096664623698366e-08, 'hidden_layer_sizes': 84, 'learning_rate_init': 1.609345827599576e-05, 'tol': 0.05368293714824234, 'validation_fraction': 0.7998569888779954}
observation time 0.000006, current best 55.382864 at iter 8
Failure in optimizer suggest. Falling back to random search.
name 'activ' is not defined
Traceback (most recent call last):
  File "/home/ryedida/.local/lib/python3.9/site-packages/bayesmark/experiment.py", line 126, in run_study
    next_points = optimizer.suggest(n_suggestions)
  File "/home/ryedida/bbo_challenge_starter_kit/example_submissions/smoothness/optimizer.py", line 105, in suggest
    betas = [self._get_smoothness_reg(guess) for guess in guesses]
  File "/home/ryedida/bbo_challenge_starter_kit/example_submissions/smoothness/optimizer.py", line 105, in <listcomp>
    betas = [self._get_smoothness_reg(guess) for guess in guesses]
  File "/home/ryedida/bbo_challenge_starter_kit/example_submissions/smoothness/optimizer.py", line 48, in _get_smoothness_reg
    if activ > Kz:
NameError: name 'activ' is not defined
suggestion time taken 0.320966 iter 9 next_points [{'alpha': 0.09467598576707485, 'batch_size': 66, 'beta_1': 0.9856421500796757, 'beta_2': 0.9999742772900432, 'epsilon': 1.9170566222811915e-09, 'hidden_layer_sizes': 150, 'learning_rate_init': 0.05948484832860558, 'tol': 0.05696067618427967, 'validation_fraction': 0.8744481233436345}]
/home/ryedida/.local/lib/python3.9/site-packages/sklearn/neural_network/_multilayer_perceptron.py:605: UserWarning: Got `batch_size` less than 1 or larger than sample size. It is going to be clipped
  warnings.warn(

function_evaluation time 0.147498 value 60.751866 suggestion {'alpha': 0.09467598576707485, 'batch_size': 66, 'beta_1': 0.9856421500796757, 'beta_2': 0.9999742772900432, 'epsilon': 1.9170566222811915e-09, 'hidden_layer_sizes': 150, 'learning_rate_init': 0.05948484832860558, 'tol': 0.05696067618427967, 'validation_fraction': 0.8744481233436345}
observation time 0.000005, current best 55.382864 at iter 9
Failure in optimizer suggest. Falling back to random search.
name 'activ' is not defined
Traceback (most recent call last):
  File "/home/ryedida/.local/lib/python3.9/site-packages/bayesmark/experiment.py", line 126, in run_study
    next_points = optimizer.suggest(n_suggestions)
  File "/home/ryedida/bbo_challenge_starter_kit/example_submissions/smoothness/optimizer.py", line 105, in suggest
    betas = [self._get_smoothness_reg(guess) for guess in guesses]
  File "/home/ryedida/bbo_challenge_starter_kit/example_submissions/smoothness/optimizer.py", line 105, in <listcomp>
    betas = [self._get_smoothness_reg(guess) for guess in guesses]
  File "/home/ryedida/bbo_challenge_starter_kit/example_submissions/smoothness/optimizer.py", line 48, in _get_smoothness_reg
    if activ > Kz:
NameError: name 'activ' is not defined
suggestion time taken 0.316249 iter 10 next_points [{'alpha': 0.04488114768149196, 'batch_size': 194, 'beta_1': 0.9772989634970805, 'beta_2': 0.9999985130306006, 'epsilon': 2.3608620009982216e-09, 'hidden_layer_sizes': 172, 'learning_rate_init': 0.003595547956954705, 'tol': 1.7291302191582092e-05, 'validation_fraction': 0.7084518053005319}]
/home/ryedida/.local/lib/python3.9/site-packages/sklearn/neural_network/_multilayer_perceptron.py:605: UserWarning: Got `batch_size` less than 1 or larger than sample size. It is going to be clipped
  warnings.warn(

/home/ryedida/.local/lib/python3.9/site-packages/sklearn/neural_network/_multilayer_perceptron.py:686: ConvergenceWarning: Stochastic Optimizer: Maximum iterations (200) reached and the optimization hasn't converged yet.
  warnings.warn(

function_evaluation time 0.825356 value 95.565849 suggestion {'alpha': 0.04488114768149196, 'batch_size': 194, 'beta_1': 0.9772989634970805, 'beta_2': 0.9999985130306006, 'epsilon': 2.3608620009982216e-09, 'hidden_layer_sizes': 172, 'learning_rate_init': 0.003595547956954705, 'tol': 1.7291302191582092e-05, 'validation_fraction': 0.7084518053005319}
observation time 0.000005, current best 55.382864 at iter 10
Failure in optimizer suggest. Falling back to random search.
name 'activ' is not defined
Traceback (most recent call last):
  File "/home/ryedida/.local/lib/python3.9/site-packages/bayesmark/experiment.py", line 126, in run_study
    next_points = optimizer.suggest(n_suggestions)
  File "/home/ryedida/bbo_challenge_starter_kit/example_submissions/smoothness/optimizer.py", line 105, in suggest
    betas = [self._get_smoothness_reg(guess) for guess in guesses]
  File "/home/ryedida/bbo_challenge_starter_kit/example_submissions/smoothness/optimizer.py", line 105, in <listcomp>
    betas = [self._get_smoothness_reg(guess) for guess in guesses]
  File "/home/ryedida/bbo_challenge_starter_kit/example_submissions/smoothness/optimizer.py", line 48, in _get_smoothness_reg
    if activ > Kz:
NameError: name 'activ' is not defined
suggestion time taken 0.316640 iter 11 next_points [{'alpha': 1.9674871957926827e-05, 'batch_size': 143, 'beta_1': 0.9411135357569571, 'beta_2': 0.9999968528843036, 'epsilon': 2.4110357854494355e-09, 'hidden_layer_sizes': 147, 'learning_rate_init': 0.022840196457193814, 'tol': 0.0011317760324745332, 'validation_fraction': 0.32167053392588946}]
function_evaluation time 0.447566 value 49.898855 suggestion {'alpha': 1.9674871957926827e-05, 'batch_size': 143, 'beta_1': 0.9411135357569571, 'beta_2': 0.9999968528843036, 'epsilon': 2.4110357854494355e-09, 'hidden_layer_sizes': 147, 'learning_rate_init': 0.022840196457193814, 'tol': 0.0011317760324745332, 'validation_fraction': 0.32167053392588946}
observation time 0.000005, current best 49.898855 at iter 11
Failure in optimizer suggest. Falling back to random search.
name 'activ' is not defined
Traceback (most recent call last):
  File "/home/ryedida/.local/lib/python3.9/site-packages/bayesmark/experiment.py", line 126, in run_study
    next_points = optimizer.suggest(n_suggestions)
  File "/home/ryedida/bbo_challenge_starter_kit/example_submissions/smoothness/optimizer.py", line 105, in suggest
    betas = [self._get_smoothness_reg(guess) for guess in guesses]
  File "/home/ryedida/bbo_challenge_starter_kit/example_submissions/smoothness/optimizer.py", line 105, in <listcomp>
    betas = [self._get_smoothness_reg(guess) for guess in guesses]
  File "/home/ryedida/bbo_challenge_starter_kit/example_submissions/smoothness/optimizer.py", line 48, in _get_smoothness_reg
    if activ > Kz:
NameError: name 'activ' is not defined
suggestion time taken 0.323380 iter 12 next_points [{'alpha': 3.3020012312675644, 'batch_size': 21, 'beta_1': 0.9840220824458579, 'beta_2': 0.9582040220934419, 'epsilon': 3.287289021923435e-08, 'hidden_layer_sizes': 180, 'learning_rate_init': 1.635155415766664e-05, 'tol': 0.0001673467556939909, 'validation_fraction': 0.40305524052038394}]
function_evaluation time 0.159909 value 151.645459 suggestion {'alpha': 3.3020012312675644, 'batch_size': 21, 'beta_1': 0.9840220824458579, 'beta_2': 0.9582040220934419, 'epsilon': 3.287289021923435e-08, 'hidden_layer_sizes': 180, 'learning_rate_init': 1.635155415766664e-05, 'tol': 0.0001673467556939909, 'validation_fraction': 0.40305524052038394}
observation time 0.000006, current best 49.898855 at iter 12
Failure in optimizer suggest. Falling back to random search.
name 'activ' is not defined
Traceback (most recent call last):
  File "/home/ryedida/.local/lib/python3.9/site-packages/bayesmark/experiment.py", line 126, in run_study
    next_points = optimizer.suggest(n_suggestions)
  File "/home/ryedida/bbo_challenge_starter_kit/example_submissions/smoothness/optimizer.py", line 105, in suggest
    betas = [self._get_smoothness_reg(guess) for guess in guesses]
  File "/home/ryedida/bbo_challenge_starter_kit/example_submissions/smoothness/optimizer.py", line 105, in <listcomp>
    betas = [self._get_smoothness_reg(guess) for guess in guesses]
  File "/home/ryedida/bbo_challenge_starter_kit/example_submissions/smoothness/optimizer.py", line 48, in _get_smoothness_reg
    if activ > Kz:
NameError: name 'activ' is not defined
suggestion time taken 0.334301 iter 13 next_points [{'alpha': 0.016851554829054916, 'batch_size': 103, 'beta_1': 0.9511322950863187, 'beta_2': 0.9820583766173612, 'epsilon': 5.4110313245801025e-09, 'hidden_layer_sizes': 61, 'learning_rate_init': 0.0005562242206116785, 'tol': 0.00020957243066462082, 'validation_fraction': 0.4632961200934795}]
/home/ryedida/.local/lib/python3.9/site-packages/sklearn/neural_network/_multilayer_perceptron.py:686: ConvergenceWarning: Stochastic Optimizer: Maximum iterations (200) reached and the optimization hasn't converged yet.
  warnings.warn(

function_evaluation time 0.628072 value 148.358363 suggestion {'alpha': 0.016851554829054916, 'batch_size': 103, 'beta_1': 0.9511322950863187, 'beta_2': 0.9820583766173612, 'epsilon': 5.4110313245801025e-09, 'hidden_layer_sizes': 61, 'learning_rate_init': 0.0005562242206116785, 'tol': 0.00020957243066462082, 'validation_fraction': 0.4632961200934795}
observation time 0.000006, current best 49.898855 at iter 13
Failure in optimizer suggest. Falling back to random search.
name 'activ' is not defined
Traceback (most recent call last):
  File "/home/ryedida/.local/lib/python3.9/site-packages/bayesmark/experiment.py", line 126, in run_study
    next_points = optimizer.suggest(n_suggestions)
  File "/home/ryedida/bbo_challenge_starter_kit/example_submissions/smoothness/optimizer.py", line 105, in suggest
    betas = [self._get_smoothness_reg(guess) for guess in guesses]
  File "/home/ryedida/bbo_challenge_starter_kit/example_submissions/smoothness/optimizer.py", line 105, in <listcomp>
    betas = [self._get_smoothness_reg(guess) for guess in guesses]
  File "/home/ryedida/bbo_challenge_starter_kit/example_submissions/smoothness/optimizer.py", line 48, in _get_smoothness_reg
    if activ > Kz:
NameError: name 'activ' is not defined
suggestion time taken 0.312688 iter 14 next_points [{'alpha': 1.2195566729587726, 'batch_size': 174, 'beta_1': 0.9774762093334233, 'beta_2': 0.9176941019606089, 'epsilon': 3.8175236378033877e-07, 'hidden_layer_sizes': 162, 'learning_rate_init': 0.00024296735382130162, 'tol': 4.7526485639602255e-05, 'validation_fraction': 0.4619716028642138}]
/home/ryedida/.local/lib/python3.9/site-packages/sklearn/neural_network/_multilayer_perceptron.py:686: ConvergenceWarning: Stochastic Optimizer: Maximum iterations (200) reached and the optimization hasn't converged yet.
  warnings.warn(

function_evaluation time 0.954522 value 150.726972 suggestion {'alpha': 1.2195566729587726, 'batch_size': 174, 'beta_1': 0.9774762093334233, 'beta_2': 0.9176941019606089, 'epsilon': 3.8175236378033877e-07, 'hidden_layer_sizes': 162, 'learning_rate_init': 0.00024296735382130162, 'tol': 4.7526485639602255e-05, 'validation_fraction': 0.4619716028642138}
observation time 0.000005, current best 49.898855 at iter 14
saving meta data: {'args': {'--uuid': '04201f3736b15d319b7e443298be977b', '-db-root': '/home/ryedida/bbo_challenge_starter_kit/output', '--opt-root': '/home/ryedida/bbo_challenge_starter_kit/example_submissions', '--data-root': None, '--db': 'run_20230425_055340', '--opt': 'smoothness', '--data': 'diabetes', '--classifier': 'MLP-adam', '--metric': 'mae', '--calls': 15, '--suggestions': 1, '--jobs-file': None, '--verbose': False, 'dry_run': False, 'rev': 'a376313', 'opt_rev': 'x.x.x'}, 'signature': ([{'alpha': 0.019628224813442792, 'batch_size': 182, 'beta_1': 0.9410202200271762, 'beta_2': 0.9998021557676793, 'epsilon': 1.8662266976518e-08, 'hidden_layer_sizes': 147, 'learning_rate_init': 0.0005627932047415167, 'tol': 0.03690557729213761, 'validation_fraction': 0.8846827852548593}, {'alpha': 0.0019982467392329444, 'batch_size': 200, 'beta_1': 0.919111482530466, 'beta_2': 0.9998488260436156, 'epsilon': 5.981221901152555e-07, 'hidden_layer_sizes': 61, 'learning_rate_init': 2.2310905607443014e-05, 'tol': 1.2046852412030316e-05, 'validation_fraction': 0.8117896445826539}, {'alpha': 0.46659545670218433, 'batch_size': 219, 'beta_1': 0.9889789783750891, 'beta_2': 0.9999896868093284, 'epsilon': 2.4234724484675948e-08, 'hidden_layer_sizes': 167, 'learning_rate_init': 2.972334644335654e-05, 'tol': 0.0036281404040243792, 'validation_fraction': 0.17260651658522078}, {'alpha': 4.656005689076002, 'batch_size': 135, 'beta_1': 0.870503881627747, 'beta_2': 0.9948873266941017, 'epsilon': 2.1023308743480125e-07, 'hidden_layer_sizes': 118, 'learning_rate_init': 0.0018781738757161913, 'tol': 1.1889379831773004e-05, 'validation_fraction': 0.6264327093752792}, {'alpha': 0.04705159350400542, 'batch_size': 158, 'beta_1': 0.9870884262730957, 'beta_2': 0.9999596874382349, 'epsilon': 1.1981845126013875e-08, 'hidden_layer_sizes': 116, 'learning_rate_init': 0.00617340520407431, 'tol': 1.741413418158619e-05, 'validation_fraction': 0.6754299026638921}], [151.4971925380264, 151.42763539278994, 151.47026299046811, 136.86202504264318, 75.2055865763391])}
saving results
saving timing
saving suggest log
done
