running: {'--uuid': '0b92326874b35203b6b71bda8fc067b5', '-db-root': '/home/ryedida/bbo_challenge_starter_kit/output', '--opt-root': '/home/ryedida/bbo_challenge_starter_kit/example_submissions', '--data-root': None, '--db': 'run_20230425_055340', '--opt': 'smoothness', '--data': 'diabetes', '--classifier': 'MLP-adam', '--metric': 'mse', '--calls': 15, '--suggestions': 1, '--jobs-file': None, '--verbose': False, 'dry_run': False, 'rev': 'a376313', 'opt_rev': 'x.x.x'}
cmd: python smoothness/optimizer.py -c MLP-adam -d diabetes -o smoothness -u 0b92326874b35203b6b71bda8fc067b5 -m mse -n 15 -p 1 -dir /home/ryedida/bbo_challenge_starter_kit/output -b run_20230425_055340
/home/ryedida/.local/lib/python3.9/site-packages/sklearn/neural_network/_multilayer_perceptron.py:605: UserWarning: Got `batch_size` less than 1 or larger than sample size. It is going to be clipped
  warnings.warn(

/home/ryedida/.local/lib/python3.9/site-packages/sklearn/neural_network/_multilayer_perceptron.py:605: UserWarning: Got `batch_size` less than 1 or larger than sample size. It is going to be clipped
  warnings.warn(

/home/ryedida/.local/lib/python3.9/site-packages/sklearn/neural_network/_multilayer_perceptron.py:605: UserWarning: Got `batch_size` less than 1 or larger than sample size. It is going to be clipped
  warnings.warn(

/home/ryedida/.local/lib/python3.9/site-packages/sklearn/neural_network/_multilayer_perceptron.py:686: ConvergenceWarning: Stochastic Optimizer: Maximum iterations (200) reached and the optimization hasn't converged yet.
  warnings.warn(

/home/ryedida/.local/lib/python3.9/site-packages/sklearn/neural_network/_multilayer_perceptron.py:605: UserWarning: Got `batch_size` less than 1 or larger than sample size. It is going to be clipped
  warnings.warn(

/home/ryedida/.local/lib/python3.9/site-packages/sklearn/neural_network/_multilayer_perceptron.py:686: ConvergenceWarning: Stochastic Optimizer: Maximum iterations (200) reached and the optimization hasn't converged yet.
  warnings.warn(

computed signature: ([{'alpha': 0.019628224813442792, 'batch_size': 182, 'beta_1': 0.9410202200271762, 'beta_2': 0.9998021557676793, 'epsilon': 1.8662266976518e-08, 'hidden_layer_sizes': 147, 'learning_rate_init': 0.0005627932047415167, 'tol': 0.03690557729213761, 'validation_fraction': 0.8846827852548593}, {'alpha': 0.0019982467392329444, 'batch_size': 200, 'beta_1': 0.919111482530466, 'beta_2': 0.9998488260436156, 'epsilon': 5.981221901152555e-07, 'hidden_layer_sizes': 61, 'learning_rate_init': 2.2310905607443014e-05, 'tol': 1.2046852412030316e-05, 'validation_fraction': 0.8117896445826539}, {'alpha': 0.46659545670218433, 'batch_size': 219, 'beta_1': 0.9889789783750891, 'beta_2': 0.9999896868093284, 'epsilon': 2.4234724484675948e-08, 'hidden_layer_sizes': 167, 'learning_rate_init': 2.972334644335654e-05, 'tol': 0.0036281404040243792, 'validation_fraction': 0.17260651658522078}, {'alpha': 4.656005689076002, 'batch_size': 135, 'beta_1': 0.870503881627747, 'beta_2': 0.9948873266941017, 'epsilon': 2.1023308743480125e-07, 'hidden_layer_sizes': 118, 'learning_rate_init': 0.0018781738757161913, 'tol': 1.1889379831773004e-05, 'validation_fraction': 0.6264327093752792}, {'alpha': 0.04705159350400542, 'batch_size': 158, 'beta_1': 0.9870884262730957, 'beta_2': 0.9999596874382349, 'epsilon': 1.1981845126013875e-08, 'hidden_layer_sizes': 116, 'learning_rate_init': 0.00617340520407431, 'tol': 1.741413418158619e-05, 'validation_fraction': 0.6754299026638921}], [29083.993548572587, 29062.423277324073, 29075.78987471409, 24626.32866834337, 9584.226858493177])
Signature errors:
                              0         1         2         3         4       max
MLP-adam_diabetes_mse  0.000007  0.000008  0.000003  0.003558  0.004952  0.004952
max                    0.000007  0.000008  0.000003  0.003558  0.004952  0.004952
starting sklearn study smoothness MLP-adam diabetes mse 15 1
with data root: None
Failure in optimizer suggest. Falling back to random search.
name 'activ' is not defined
Traceback (most recent call last):
  File "/home/ryedida/.local/lib/python3.9/site-packages/bayesmark/experiment.py", line 126, in run_study
    next_points = optimizer.suggest(n_suggestions)
  File "/home/ryedida/bbo_challenge_starter_kit/example_submissions/smoothness/optimizer.py", line 105, in suggest
    betas = [self._get_smoothness_reg(guess) for guess in guesses]
  File "/home/ryedida/bbo_challenge_starter_kit/example_submissions/smoothness/optimizer.py", line 105, in <listcomp>
    betas = [self._get_smoothness_reg(guess) for guess in guesses]
  File "/home/ryedida/bbo_challenge_starter_kit/example_submissions/smoothness/optimizer.py", line 48, in _get_smoothness_reg
    if activ > Kz:
NameError: name 'activ' is not defined
suggestion time taken 0.501770 iter 0 next_points [{'alpha': 0.026432891622180547, 'batch_size': 125, 'beta_1': 0.8626703740870918, 'beta_2': 0.99123440607211, 'epsilon': 9.07031150372699e-08, 'hidden_layer_sizes': 105, 'learning_rate_init': 0.000191738426065774, 'tol': 0.0015447439098568955, 'validation_fraction': 0.8460526237128083}]
/home/ryedida/.local/lib/python3.9/site-packages/sklearn/neural_network/_multilayer_perceptron.py:605: UserWarning: Got `batch_size` less than 1 or larger than sample size. It is going to be clipped
  warnings.warn(

function_evaluation time 0.053143 value 29122.369084 suggestion {'alpha': 0.026432891622180547, 'batch_size': 125, 'beta_1': 0.8626703740870918, 'beta_2': 0.99123440607211, 'epsilon': 9.07031150372699e-08, 'hidden_layer_sizes': 105, 'learning_rate_init': 0.000191738426065774, 'tol': 0.0015447439098568955, 'validation_fraction': 0.8460526237128083}
observation time 0.000007, current best 29122.369084 at iter 0
Failure in optimizer suggest. Falling back to random search.
name 'activ' is not defined
Traceback (most recent call last):
  File "/home/ryedida/.local/lib/python3.9/site-packages/bayesmark/experiment.py", line 126, in run_study
    next_points = optimizer.suggest(n_suggestions)
  File "/home/ryedida/bbo_challenge_starter_kit/example_submissions/smoothness/optimizer.py", line 105, in suggest
    betas = [self._get_smoothness_reg(guess) for guess in guesses]
  File "/home/ryedida/bbo_challenge_starter_kit/example_submissions/smoothness/optimizer.py", line 105, in <listcomp>
    betas = [self._get_smoothness_reg(guess) for guess in guesses]
  File "/home/ryedida/bbo_challenge_starter_kit/example_submissions/smoothness/optimizer.py", line 48, in _get_smoothness_reg
    if activ > Kz:
NameError: name 'activ' is not defined
suggestion time taken 0.348076 iter 1 next_points [{'alpha': 3.0367103568003326, 'batch_size': 203, 'beta_1': 0.9208135950574444, 'beta_2': 0.9998455819132916, 'epsilon': 1.9622092912176877e-07, 'hidden_layer_sizes': 62, 'learning_rate_init': 1.569614188427321e-05, 'tol': 0.0003064311541812758, 'validation_fraction': 0.590322493269236}]
/home/ryedida/.local/lib/python3.9/site-packages/sklearn/neural_network/_multilayer_perceptron.py:605: UserWarning: Got `batch_size` less than 1 or larger than sample size. It is going to be clipped
  warnings.warn(

function_evaluation time 0.050296 value 29085.530261 suggestion {'alpha': 3.0367103568003326, 'batch_size': 203, 'beta_1': 0.9208135950574444, 'beta_2': 0.9998455819132916, 'epsilon': 1.9622092912176877e-07, 'hidden_layer_sizes': 62, 'learning_rate_init': 1.569614188427321e-05, 'tol': 0.0003064311541812758, 'validation_fraction': 0.590322493269236}
observation time 0.000006, current best 29085.530261 at iter 1
Failure in optimizer suggest. Falling back to random search.
name 'activ' is not defined
Traceback (most recent call last):
  File "/home/ryedida/.local/lib/python3.9/site-packages/bayesmark/experiment.py", line 126, in run_study
    next_points = optimizer.suggest(n_suggestions)
  File "/home/ryedida/bbo_challenge_starter_kit/example_submissions/smoothness/optimizer.py", line 105, in suggest
    betas = [self._get_smoothness_reg(guess) for guess in guesses]
  File "/home/ryedida/bbo_challenge_starter_kit/example_submissions/smoothness/optimizer.py", line 105, in <listcomp>
    betas = [self._get_smoothness_reg(guess) for guess in guesses]
  File "/home/ryedida/bbo_challenge_starter_kit/example_submissions/smoothness/optimizer.py", line 48, in _get_smoothness_reg
    if activ > Kz:
NameError: name 'activ' is not defined
suggestion time taken 0.340991 iter 2 next_points [{'alpha': 0.0001374363273548378, 'batch_size': 142, 'beta_1': 0.9082573223343787, 'beta_2': 0.9996778816038445, 'epsilon': 1.522392924958641e-07, 'hidden_layer_sizes': 55, 'learning_rate_init': 0.005917041259894157, 'tol': 0.03358481800669806, 'validation_fraction': 0.35555471053655896}]
function_evaluation time 0.043074 value 28591.623221 suggestion {'alpha': 0.0001374363273548378, 'batch_size': 142, 'beta_1': 0.9082573223343787, 'beta_2': 0.9996778816038445, 'epsilon': 1.522392924958641e-07, 'hidden_layer_sizes': 55, 'learning_rate_init': 0.005917041259894157, 'tol': 0.03358481800669806, 'validation_fraction': 0.35555471053655896}
observation time 0.000006, current best 28591.623221 at iter 2
Failure in optimizer suggest. Falling back to random search.
name 'activ' is not defined
Traceback (most recent call last):
  File "/home/ryedida/.local/lib/python3.9/site-packages/bayesmark/experiment.py", line 126, in run_study
    next_points = optimizer.suggest(n_suggestions)
  File "/home/ryedida/bbo_challenge_starter_kit/example_submissions/smoothness/optimizer.py", line 105, in suggest
    betas = [self._get_smoothness_reg(guess) for guess in guesses]
  File "/home/ryedida/bbo_challenge_starter_kit/example_submissions/smoothness/optimizer.py", line 105, in <listcomp>
    betas = [self._get_smoothness_reg(guess) for guess in guesses]
  File "/home/ryedida/bbo_challenge_starter_kit/example_submissions/smoothness/optimizer.py", line 48, in _get_smoothness_reg
    if activ > Kz:
NameError: name 'activ' is not defined
suggestion time taken 0.334707 iter 3 next_points [{'alpha': 2.7311481186886062e-05, 'batch_size': 240, 'beta_1': 0.8880947363786365, 'beta_2': 0.9704670970710308, 'epsilon': 1.7059423264735337e-09, 'hidden_layer_sizes': 113, 'learning_rate_init': 0.006356991657277837, 'tol': 7.523292856432333e-05, 'validation_fraction': 0.16534363144186484}]
/home/ryedida/.local/lib/python3.9/site-packages/sklearn/neural_network/_multilayer_perceptron.py:686: ConvergenceWarning: Stochastic Optimizer: Maximum iterations (200) reached and the optimization hasn't converged yet.
  warnings.warn(

function_evaluation time 0.932364 value 6378.514345 suggestion {'alpha': 2.7311481186886062e-05, 'batch_size': 240, 'beta_1': 0.8880947363786365, 'beta_2': 0.9704670970710308, 'epsilon': 1.7059423264735337e-09, 'hidden_layer_sizes': 113, 'learning_rate_init': 0.006356991657277837, 'tol': 7.523292856432333e-05, 'validation_fraction': 0.16534363144186484}
observation time 0.000006, current best 6378.514345 at iter 3
Failure in optimizer suggest. Falling back to random search.
name 'activ' is not defined
Traceback (most recent call last):
  File "/home/ryedida/.local/lib/python3.9/site-packages/bayesmark/experiment.py", line 126, in run_study
    next_points = optimizer.suggest(n_suggestions)
  File "/home/ryedida/bbo_challenge_starter_kit/example_submissions/smoothness/optimizer.py", line 105, in suggest
    betas = [self._get_smoothness_reg(guess) for guess in guesses]
  File "/home/ryedida/bbo_challenge_starter_kit/example_submissions/smoothness/optimizer.py", line 105, in <listcomp>
    betas = [self._get_smoothness_reg(guess) for guess in guesses]
  File "/home/ryedida/bbo_challenge_starter_kit/example_submissions/smoothness/optimizer.py", line 48, in _get_smoothness_reg
    if activ > Kz:
NameError: name 'activ' is not defined
suggestion time taken 0.329096 iter 4 next_points [{'alpha': 0.7033718114866041, 'batch_size': 155, 'beta_1': 0.8871007112230912, 'beta_2': 0.999992592108482, 'epsilon': 5.502232211922479e-07, 'hidden_layer_sizes': 148, 'learning_rate_init': 9.304219136681518e-05, 'tol': 0.0032206484619469885, 'validation_fraction': 0.8223732214556368}]
/home/ryedida/.local/lib/python3.9/site-packages/sklearn/neural_network/_multilayer_perceptron.py:605: UserWarning: Got `batch_size` less than 1 or larger than sample size. It is going to be clipped
  warnings.warn(

function_evaluation time 0.054691 value 29128.757032 suggestion {'alpha': 0.7033718114866041, 'batch_size': 155, 'beta_1': 0.8871007112230912, 'beta_2': 0.999992592108482, 'epsilon': 5.502232211922479e-07, 'hidden_layer_sizes': 148, 'learning_rate_init': 9.304219136681518e-05, 'tol': 0.0032206484619469885, 'validation_fraction': 0.8223732214556368}
observation time 0.000006, current best 6378.514345 at iter 4
Failure in optimizer suggest. Falling back to random search.
name 'activ' is not defined
Traceback (most recent call last):
  File "/home/ryedida/.local/lib/python3.9/site-packages/bayesmark/experiment.py", line 126, in run_study
    next_points = optimizer.suggest(n_suggestions)
  File "/home/ryedida/bbo_challenge_starter_kit/example_submissions/smoothness/optimizer.py", line 105, in suggest
    betas = [self._get_smoothness_reg(guess) for guess in guesses]
  File "/home/ryedida/bbo_challenge_starter_kit/example_submissions/smoothness/optimizer.py", line 105, in <listcomp>
    betas = [self._get_smoothness_reg(guess) for guess in guesses]
  File "/home/ryedida/bbo_challenge_starter_kit/example_submissions/smoothness/optimizer.py", line 48, in _get_smoothness_reg
    if activ > Kz:
NameError: name 'activ' is not defined
suggestion time taken 0.330528 iter 5 next_points [{'alpha': 0.003322410246825311, 'batch_size': 15, 'beta_1': 0.5863131397498234, 'beta_2': 0.9999762542474212, 'epsilon': 4.256895789919956e-09, 'hidden_layer_sizes': 81, 'learning_rate_init': 6.101424182505897e-05, 'tol': 0.006289338485415649, 'validation_fraction': 0.16312830360433622}]
function_evaluation time 0.160250 value 29048.879445 suggestion {'alpha': 0.003322410246825311, 'batch_size': 15, 'beta_1': 0.5863131397498234, 'beta_2': 0.9999762542474212, 'epsilon': 4.256895789919956e-09, 'hidden_layer_sizes': 81, 'learning_rate_init': 6.101424182505897e-05, 'tol': 0.006289338485415649, 'validation_fraction': 0.16312830360433622}
observation time 0.000006, current best 6378.514345 at iter 5
Failure in optimizer suggest. Falling back to random search.
name 'activ' is not defined
Traceback (most recent call last):
  File "/home/ryedida/.local/lib/python3.9/site-packages/bayesmark/experiment.py", line 126, in run_study
    next_points = optimizer.suggest(n_suggestions)
  File "/home/ryedida/bbo_challenge_starter_kit/example_submissions/smoothness/optimizer.py", line 105, in suggest
    betas = [self._get_smoothness_reg(guess) for guess in guesses]
  File "/home/ryedida/bbo_challenge_starter_kit/example_submissions/smoothness/optimizer.py", line 105, in <listcomp>
    betas = [self._get_smoothness_reg(guess) for guess in guesses]
  File "/home/ryedida/bbo_challenge_starter_kit/example_submissions/smoothness/optimizer.py", line 48, in _get_smoothness_reg
    if activ > Kz:
NameError: name 'activ' is not defined
suggestion time taken 0.329770 iter 6 next_points [{'alpha': 7.829056798900956, 'batch_size': 78, 'beta_1': 0.9139021389317659, 'beta_2': 0.9999987594508641, 'epsilon': 2.1404987074942456e-08, 'hidden_layer_sizes': 91, 'learning_rate_init': 0.0006493905315097461, 'tol': 0.00022558628207626803, 'validation_fraction': 0.6799740268334065}]
/home/ryedida/.local/lib/python3.9/site-packages/sklearn/neural_network/_multilayer_perceptron.py:686: ConvergenceWarning: Stochastic Optimizer: Maximum iterations (200) reached and the optimization hasn't converged yet.
  warnings.warn(

function_evaluation time 0.855849 value 26924.914574 suggestion {'alpha': 7.829056798900956, 'batch_size': 78, 'beta_1': 0.9139021389317659, 'beta_2': 0.9999987594508641, 'epsilon': 2.1404987074942456e-08, 'hidden_layer_sizes': 91, 'learning_rate_init': 0.0006493905315097461, 'tol': 0.00022558628207626803, 'validation_fraction': 0.6799740268334065}
observation time 0.000005, current best 6378.514345 at iter 6
Failure in optimizer suggest. Falling back to random search.
name 'activ' is not defined
Traceback (most recent call last):
  File "/home/ryedida/.local/lib/python3.9/site-packages/bayesmark/experiment.py", line 126, in run_study
    next_points = optimizer.suggest(n_suggestions)
  File "/home/ryedida/bbo_challenge_starter_kit/example_submissions/smoothness/optimizer.py", line 105, in suggest
    betas = [self._get_smoothness_reg(guess) for guess in guesses]
  File "/home/ryedida/bbo_challenge_starter_kit/example_submissions/smoothness/optimizer.py", line 105, in <listcomp>
    betas = [self._get_smoothness_reg(guess) for guess in guesses]
  File "/home/ryedida/bbo_challenge_starter_kit/example_submissions/smoothness/optimizer.py", line 48, in _get_smoothness_reg
    if activ > Kz:
NameError: name 'activ' is not defined
suggestion time taken 0.465075 iter 7 next_points [{'alpha': 0.14032842025854494, 'batch_size': 142, 'beta_1': 0.7396822613136201, 'beta_2': 0.999986278343873, 'epsilon': 6.227649416849551e-08, 'hidden_layer_sizes': 154, 'learning_rate_init': 0.001144836284562776, 'tol': 0.00274143671585018, 'validation_fraction': 0.13071200724770668}]
/home/ryedida/.local/lib/python3.9/site-packages/sklearn/neural_network/_multilayer_perceptron.py:686: ConvergenceWarning: Stochastic Optimizer: Maximum iterations (200) reached and the optimization hasn't converged yet.
  warnings.warn(

function_evaluation time 0.548673 value 26826.673014 suggestion {'alpha': 0.14032842025854494, 'batch_size': 142, 'beta_1': 0.7396822613136201, 'beta_2': 0.999986278343873, 'epsilon': 6.227649416849551e-08, 'hidden_layer_sizes': 154, 'learning_rate_init': 0.001144836284562776, 'tol': 0.00274143671585018, 'validation_fraction': 0.13071200724770668}
observation time 0.000006, current best 6378.514345 at iter 7
Failure in optimizer suggest. Falling back to random search.
name 'activ' is not defined
Traceback (most recent call last):
  File "/home/ryedida/.local/lib/python3.9/site-packages/bayesmark/experiment.py", line 126, in run_study
    next_points = optimizer.suggest(n_suggestions)
  File "/home/ryedida/bbo_challenge_starter_kit/example_submissions/smoothness/optimizer.py", line 105, in suggest
    betas = [self._get_smoothness_reg(guess) for guess in guesses]
  File "/home/ryedida/bbo_challenge_starter_kit/example_submissions/smoothness/optimizer.py", line 105, in <listcomp>
    betas = [self._get_smoothness_reg(guess) for guess in guesses]
  File "/home/ryedida/bbo_challenge_starter_kit/example_submissions/smoothness/optimizer.py", line 48, in _get_smoothness_reg
    if activ > Kz:
NameError: name 'activ' is not defined
suggestion time taken 0.324911 iter 8 next_points [{'alpha': 0.5270950673607623, 'batch_size': 185, 'beta_1': 0.9073338543003476, 'beta_2': 0.9999981733201077, 'epsilon': 1.1395985134641159e-07, 'hidden_layer_sizes': 137, 'learning_rate_init': 1.6696548927073048e-05, 'tol': 0.0037917020656124565, 'validation_fraction': 0.4807977359157225}]
/home/ryedida/.local/lib/python3.9/site-packages/sklearn/neural_network/_multilayer_perceptron.py:605: UserWarning: Got `batch_size` less than 1 or larger than sample size. It is going to be clipped
  warnings.warn(

function_evaluation time 0.061516 value 29116.136543 suggestion {'alpha': 0.5270950673607623, 'batch_size': 185, 'beta_1': 0.9073338543003476, 'beta_2': 0.9999981733201077, 'epsilon': 1.1395985134641159e-07, 'hidden_layer_sizes': 137, 'learning_rate_init': 1.6696548927073048e-05, 'tol': 0.0037917020656124565, 'validation_fraction': 0.4807977359157225}
observation time 0.000006, current best 6378.514345 at iter 8
Failure in optimizer suggest. Falling back to random search.
name 'activ' is not defined
Traceback (most recent call last):
  File "/home/ryedida/.local/lib/python3.9/site-packages/bayesmark/experiment.py", line 126, in run_study
    next_points = optimizer.suggest(n_suggestions)
  File "/home/ryedida/bbo_challenge_starter_kit/example_submissions/smoothness/optimizer.py", line 105, in suggest
    betas = [self._get_smoothness_reg(guess) for guess in guesses]
  File "/home/ryedida/bbo_challenge_starter_kit/example_submissions/smoothness/optimizer.py", line 105, in <listcomp>
    betas = [self._get_smoothness_reg(guess) for guess in guesses]
  File "/home/ryedida/bbo_challenge_starter_kit/example_submissions/smoothness/optimizer.py", line 48, in _get_smoothness_reg
    if activ > Kz:
NameError: name 'activ' is not defined
suggestion time taken 0.330211 iter 9 next_points [{'alpha': 0.8783615168460958, 'batch_size': 193, 'beta_1': 0.9815853102019042, 'beta_2': 0.9999988718411967, 'epsilon': 3.5931369628904763e-09, 'hidden_layer_sizes': 163, 'learning_rate_init': 0.008150543062411022, 'tol': 0.030844460712769514, 'validation_fraction': 0.6538600308884855}]
/home/ryedida/.local/lib/python3.9/site-packages/sklearn/neural_network/_multilayer_perceptron.py:605: UserWarning: Got `batch_size` less than 1 or larger than sample size. It is going to be clipped
  warnings.warn(

function_evaluation time 0.059791 value 28553.303828 suggestion {'alpha': 0.8783615168460958, 'batch_size': 193, 'beta_1': 0.9815853102019042, 'beta_2': 0.9999988718411967, 'epsilon': 3.5931369628904763e-09, 'hidden_layer_sizes': 163, 'learning_rate_init': 0.008150543062411022, 'tol': 0.030844460712769514, 'validation_fraction': 0.6538600308884855}
observation time 0.000006, current best 6378.514345 at iter 9
Failure in optimizer suggest. Falling back to random search.
name 'activ' is not defined
Traceback (most recent call last):
  File "/home/ryedida/.local/lib/python3.9/site-packages/bayesmark/experiment.py", line 126, in run_study
    next_points = optimizer.suggest(n_suggestions)
  File "/home/ryedida/bbo_challenge_starter_kit/example_submissions/smoothness/optimizer.py", line 105, in suggest
    betas = [self._get_smoothness_reg(guess) for guess in guesses]
  File "/home/ryedida/bbo_challenge_starter_kit/example_submissions/smoothness/optimizer.py", line 105, in <listcomp>
    betas = [self._get_smoothness_reg(guess) for guess in guesses]
  File "/home/ryedida/bbo_challenge_starter_kit/example_submissions/smoothness/optimizer.py", line 48, in _get_smoothness_reg
    if activ > Kz:
NameError: name 'activ' is not defined
suggestion time taken 0.320606 iter 10 next_points [{'alpha': 8.870983417708887, 'batch_size': 233, 'beta_1': 0.9835474193323932, 'beta_2': 0.997224176972998, 'epsilon': 3.565635114170861e-07, 'hidden_layer_sizes': 162, 'learning_rate_init': 0.0005608336508291441, 'tol': 0.08339889626377972, 'validation_fraction': 0.839085047513313}]
/home/ryedida/.local/lib/python3.9/site-packages/sklearn/neural_network/_multilayer_perceptron.py:605: UserWarning: Got `batch_size` less than 1 or larger than sample size. It is going to be clipped
  warnings.warn(

function_evaluation time 0.055320 value 29058.797942 suggestion {'alpha': 8.870983417708887, 'batch_size': 233, 'beta_1': 0.9835474193323932, 'beta_2': 0.997224176972998, 'epsilon': 3.565635114170861e-07, 'hidden_layer_sizes': 162, 'learning_rate_init': 0.0005608336508291441, 'tol': 0.08339889626377972, 'validation_fraction': 0.839085047513313}
observation time 0.000006, current best 6378.514345 at iter 10
Failure in optimizer suggest. Falling back to random search.
name 'activ' is not defined
Traceback (most recent call last):
  File "/home/ryedida/.local/lib/python3.9/site-packages/bayesmark/experiment.py", line 126, in run_study
    next_points = optimizer.suggest(n_suggestions)
  File "/home/ryedida/bbo_challenge_starter_kit/example_submissions/smoothness/optimizer.py", line 105, in suggest
    betas = [self._get_smoothness_reg(guess) for guess in guesses]
  File "/home/ryedida/bbo_challenge_starter_kit/example_submissions/smoothness/optimizer.py", line 105, in <listcomp>
    betas = [self._get_smoothness_reg(guess) for guess in guesses]
  File "/home/ryedida/bbo_challenge_starter_kit/example_submissions/smoothness/optimizer.py", line 48, in _get_smoothness_reg
    if activ > Kz:
NameError: name 'activ' is not defined
suggestion time taken 0.322995 iter 11 next_points [{'alpha': 0.0002560432621674917, 'batch_size': 128, 'beta_1': 0.9578035518104366, 'beta_2': 0.9982983566888759, 'epsilon': 2.198146556128679e-09, 'hidden_layer_sizes': 143, 'learning_rate_init': 0.0004457521100842581, 'tol': 0.06499574696242086, 'validation_fraction': 0.12306836761991252}]
function_evaluation time 0.088326 value 29080.279868 suggestion {'alpha': 0.0002560432621674917, 'batch_size': 128, 'beta_1': 0.9578035518104366, 'beta_2': 0.9982983566888759, 'epsilon': 2.198146556128679e-09, 'hidden_layer_sizes': 143, 'learning_rate_init': 0.0004457521100842581, 'tol': 0.06499574696242086, 'validation_fraction': 0.12306836761991252}
observation time 0.000006, current best 6378.514345 at iter 11
Failure in optimizer suggest. Falling back to random search.
name 'activ' is not defined
Traceback (most recent call last):
  File "/home/ryedida/.local/lib/python3.9/site-packages/bayesmark/experiment.py", line 126, in run_study
    next_points = optimizer.suggest(n_suggestions)
  File "/home/ryedida/bbo_challenge_starter_kit/example_submissions/smoothness/optimizer.py", line 105, in suggest
    betas = [self._get_smoothness_reg(guess) for guess in guesses]
  File "/home/ryedida/bbo_challenge_starter_kit/example_submissions/smoothness/optimizer.py", line 105, in <listcomp>
    betas = [self._get_smoothness_reg(guess) for guess in guesses]
  File "/home/ryedida/bbo_challenge_starter_kit/example_submissions/smoothness/optimizer.py", line 48, in _get_smoothness_reg
    if activ > Kz:
NameError: name 'activ' is not defined
suggestion time taken 0.321994 iter 12 next_points [{'alpha': 7.021802582105848, 'batch_size': 173, 'beta_1': 0.9317974773263904, 'beta_2': 0.9120875785501306, 'epsilon': 4.636671595455463e-08, 'hidden_layer_sizes': 196, 'learning_rate_init': 1.1198095509984646e-05, 'tol': 0.003996593803820997, 'validation_fraction': 0.5454280462822791}]
/home/ryedida/.local/lib/python3.9/site-packages/sklearn/neural_network/_multilayer_perceptron.py:605: UserWarning: Got `batch_size` less than 1 or larger than sample size. It is going to be clipped
  warnings.warn(

function_evaluation time 0.067847 value 29129.290978 suggestion {'alpha': 7.021802582105848, 'batch_size': 173, 'beta_1': 0.9317974773263904, 'beta_2': 0.9120875785501306, 'epsilon': 4.636671595455463e-08, 'hidden_layer_sizes': 196, 'learning_rate_init': 1.1198095509984646e-05, 'tol': 0.003996593803820997, 'validation_fraction': 0.5454280462822791}
observation time 0.000006, current best 6378.514345 at iter 12
Failure in optimizer suggest. Falling back to random search.
name 'activ' is not defined
Traceback (most recent call last):
  File "/home/ryedida/.local/lib/python3.9/site-packages/bayesmark/experiment.py", line 126, in run_study
    next_points = optimizer.suggest(n_suggestions)
  File "/home/ryedida/bbo_challenge_starter_kit/example_submissions/smoothness/optimizer.py", line 105, in suggest
    betas = [self._get_smoothness_reg(guess) for guess in guesses]
  File "/home/ryedida/bbo_challenge_starter_kit/example_submissions/smoothness/optimizer.py", line 105, in <listcomp>
    betas = [self._get_smoothness_reg(guess) for guess in guesses]
  File "/home/ryedida/bbo_challenge_starter_kit/example_submissions/smoothness/optimizer.py", line 48, in _get_smoothness_reg
    if activ > Kz:
NameError: name 'activ' is not defined
suggestion time taken 0.320701 iter 13 next_points [{'alpha': 3.0446851641013024e-05, 'batch_size': 73, 'beta_1': 0.8390261385130001, 'beta_2': 0.9475295136342226, 'epsilon': 8.857918526261412e-07, 'hidden_layer_sizes': 163, 'learning_rate_init': 0.08309269311287143, 'tol': 0.0001509683737079189, 'validation_fraction': 0.10173665852047835}]
function_evaluation time 0.327698 value 2822.270364 suggestion {'alpha': 3.0446851641013024e-05, 'batch_size': 73, 'beta_1': 0.8390261385130001, 'beta_2': 0.9475295136342226, 'epsilon': 8.857918526261412e-07, 'hidden_layer_sizes': 163, 'learning_rate_init': 0.08309269311287143, 'tol': 0.0001509683737079189, 'validation_fraction': 0.10173665852047835}
observation time 0.000005, current best 2822.270364 at iter 13
Failure in optimizer suggest. Falling back to random search.
name 'activ' is not defined
Traceback (most recent call last):
  File "/home/ryedida/.local/lib/python3.9/site-packages/bayesmark/experiment.py", line 126, in run_study
    next_points = optimizer.suggest(n_suggestions)
  File "/home/ryedida/bbo_challenge_starter_kit/example_submissions/smoothness/optimizer.py", line 105, in suggest
    betas = [self._get_smoothness_reg(guess) for guess in guesses]
  File "/home/ryedida/bbo_challenge_starter_kit/example_submissions/smoothness/optimizer.py", line 105, in <listcomp>
    betas = [self._get_smoothness_reg(guess) for guess in guesses]
  File "/home/ryedida/bbo_challenge_starter_kit/example_submissions/smoothness/optimizer.py", line 48, in _get_smoothness_reg
    if activ > Kz:
NameError: name 'activ' is not defined
suggestion time taken 0.319117 iter 14 next_points [{'alpha': 2.5944959631149858, 'batch_size': 19, 'beta_1': 0.9843453647345319, 'beta_2': 0.9999978956716546, 'epsilon': 1.507198953338885e-08, 'hidden_layer_sizes': 164, 'learning_rate_init': 3.9648059921355506e-05, 'tol': 0.006121515670392158, 'validation_fraction': 0.8438387761873272}]
function_evaluation time 0.083102 value 29134.946215 suggestion {'alpha': 2.5944959631149858, 'batch_size': 19, 'beta_1': 0.9843453647345319, 'beta_2': 0.9999978956716546, 'epsilon': 1.507198953338885e-08, 'hidden_layer_sizes': 164, 'learning_rate_init': 3.9648059921355506e-05, 'tol': 0.006121515670392158, 'validation_fraction': 0.8438387761873272}
observation time 0.000006, current best 2822.270364 at iter 14
saving meta data: {'args': {'--uuid': '0b92326874b35203b6b71bda8fc067b5', '-db-root': '/home/ryedida/bbo_challenge_starter_kit/output', '--opt-root': '/home/ryedida/bbo_challenge_starter_kit/example_submissions', '--data-root': None, '--db': 'run_20230425_055340', '--opt': 'smoothness', '--data': 'diabetes', '--classifier': 'MLP-adam', '--metric': 'mse', '--calls': 15, '--suggestions': 1, '--jobs-file': None, '--verbose': False, 'dry_run': False, 'rev': 'a376313', 'opt_rev': 'x.x.x'}, 'signature': ([{'alpha': 0.019628224813442792, 'batch_size': 182, 'beta_1': 0.9410202200271762, 'beta_2': 0.9998021557676793, 'epsilon': 1.8662266976518e-08, 'hidden_layer_sizes': 147, 'learning_rate_init': 0.0005627932047415167, 'tol': 0.03690557729213761, 'validation_fraction': 0.8846827852548593}, {'alpha': 0.0019982467392329444, 'batch_size': 200, 'beta_1': 0.919111482530466, 'beta_2': 0.9998488260436156, 'epsilon': 5.981221901152555e-07, 'hidden_layer_sizes': 61, 'learning_rate_init': 2.2310905607443014e-05, 'tol': 1.2046852412030316e-05, 'validation_fraction': 0.8117896445826539}, {'alpha': 0.46659545670218433, 'batch_size': 219, 'beta_1': 0.9889789783750891, 'beta_2': 0.9999896868093284, 'epsilon': 2.4234724484675948e-08, 'hidden_layer_sizes': 167, 'learning_rate_init': 2.972334644335654e-05, 'tol': 0.0036281404040243792, 'validation_fraction': 0.17260651658522078}, {'alpha': 4.656005689076002, 'batch_size': 135, 'beta_1': 0.870503881627747, 'beta_2': 0.9948873266941017, 'epsilon': 2.1023308743480125e-07, 'hidden_layer_sizes': 118, 'learning_rate_init': 0.0018781738757161913, 'tol': 1.1889379831773004e-05, 'validation_fraction': 0.6264327093752792}, {'alpha': 0.04705159350400542, 'batch_size': 158, 'beta_1': 0.9870884262730957, 'beta_2': 0.9999596874382349, 'epsilon': 1.1981845126013875e-08, 'hidden_layer_sizes': 116, 'learning_rate_init': 0.00617340520407431, 'tol': 1.741413418158619e-05, 'validation_fraction': 0.6754299026638921}], [29083.993548572587, 29062.423277324073, 29075.78987471409, 24626.32866834337, 9584.226858493177])}
saving results
saving timing
saving suggest log
done
