running: {'--uuid': '1724e6a83df0544199ffa9a131ba50ad', '-db-root': '/home/ryedida/bbo_challenge_starter_kit/output', '--opt-root': '/home/ryedida/bbo_challenge_starter_kit/example_submissions', '--data-root': None, '--db': 'run_20230425_055340', '--opt': 'smoothness', '--data': 'diabetes', '--classifier': 'MLP-adam', '--metric': 'mse', '--calls': 15, '--suggestions': 1, '--jobs-file': None, '--verbose': False, 'dry_run': False, 'rev': 'a376313', 'opt_rev': 'x.x.x'}
cmd: python smoothness/optimizer.py -c MLP-adam -d diabetes -o smoothness -u 1724e6a83df0544199ffa9a131ba50ad -m mse -n 15 -p 1 -dir /home/ryedida/bbo_challenge_starter_kit/output -b run_20230425_055340
/home/ryedida/.local/lib/python3.9/site-packages/sklearn/neural_network/_multilayer_perceptron.py:605: UserWarning: Got `batch_size` less than 1 or larger than sample size. It is going to be clipped
  warnings.warn(

/home/ryedida/.local/lib/python3.9/site-packages/sklearn/neural_network/_multilayer_perceptron.py:605: UserWarning: Got `batch_size` less than 1 or larger than sample size. It is going to be clipped
  warnings.warn(

/home/ryedida/.local/lib/python3.9/site-packages/sklearn/neural_network/_multilayer_perceptron.py:605: UserWarning: Got `batch_size` less than 1 or larger than sample size. It is going to be clipped
  warnings.warn(

/home/ryedida/.local/lib/python3.9/site-packages/sklearn/neural_network/_multilayer_perceptron.py:686: ConvergenceWarning: Stochastic Optimizer: Maximum iterations (200) reached and the optimization hasn't converged yet.
  warnings.warn(

/home/ryedida/.local/lib/python3.9/site-packages/sklearn/neural_network/_multilayer_perceptron.py:605: UserWarning: Got `batch_size` less than 1 or larger than sample size. It is going to be clipped
  warnings.warn(

/home/ryedida/.local/lib/python3.9/site-packages/sklearn/neural_network/_multilayer_perceptron.py:686: ConvergenceWarning: Stochastic Optimizer: Maximum iterations (200) reached and the optimization hasn't converged yet.
  warnings.warn(

computed signature: ([{'alpha': 0.019628224813442792, 'batch_size': 182, 'beta_1': 0.9410202200271762, 'beta_2': 0.9998021557676793, 'epsilon': 1.8662266976518e-08, 'hidden_layer_sizes': 147, 'learning_rate_init': 0.0005627932047415167, 'tol': 0.03690557729213761, 'validation_fraction': 0.8846827852548593}, {'alpha': 0.0019982467392329444, 'batch_size': 200, 'beta_1': 0.919111482530466, 'beta_2': 0.9998488260436156, 'epsilon': 5.981221901152555e-07, 'hidden_layer_sizes': 61, 'learning_rate_init': 2.2310905607443014e-05, 'tol': 1.2046852412030316e-05, 'validation_fraction': 0.8117896445826539}, {'alpha': 0.46659545670218433, 'batch_size': 219, 'beta_1': 0.9889789783750891, 'beta_2': 0.9999896868093284, 'epsilon': 2.4234724484675948e-08, 'hidden_layer_sizes': 167, 'learning_rate_init': 2.972334644335654e-05, 'tol': 0.0036281404040243792, 'validation_fraction': 0.17260651658522078}, {'alpha': 4.656005689076002, 'batch_size': 135, 'beta_1': 0.870503881627747, 'beta_2': 0.9948873266941017, 'epsilon': 2.1023308743480125e-07, 'hidden_layer_sizes': 118, 'learning_rate_init': 0.0018781738757161913, 'tol': 1.1889379831773004e-05, 'validation_fraction': 0.6264327093752792}, {'alpha': 0.04705159350400542, 'batch_size': 158, 'beta_1': 0.9870884262730957, 'beta_2': 0.9999596874382349, 'epsilon': 1.1981845126013875e-08, 'hidden_layer_sizes': 116, 'learning_rate_init': 0.00617340520407431, 'tol': 1.741413418158619e-05, 'validation_fraction': 0.6754299026638921}], [29083.993548572587, 29062.423277324073, 29075.78987471409, 24626.32866834337, 9584.226858493177])
Signature errors:
                              0         1         2         3         4       max
MLP-adam_diabetes_mse  0.000007  0.000008  0.000003  0.003558  0.004952  0.004952
max                    0.000007  0.000008  0.000003  0.003558  0.004952  0.004952
starting sklearn study smoothness MLP-adam diabetes mse 15 1
with data root: None
Failure in optimizer suggest. Falling back to random search.
name 'activ' is not defined
Traceback (most recent call last):
  File "/home/ryedida/.local/lib/python3.9/site-packages/bayesmark/experiment.py", line 126, in run_study
    next_points = optimizer.suggest(n_suggestions)
  File "/home/ryedida/bbo_challenge_starter_kit/example_submissions/smoothness/optimizer.py", line 105, in suggest
    betas = [self._get_smoothness_reg(guess) for guess in guesses]
  File "/home/ryedida/bbo_challenge_starter_kit/example_submissions/smoothness/optimizer.py", line 105, in <listcomp>
    betas = [self._get_smoothness_reg(guess) for guess in guesses]
  File "/home/ryedida/bbo_challenge_starter_kit/example_submissions/smoothness/optimizer.py", line 48, in _get_smoothness_reg
    if activ > Kz:
NameError: name 'activ' is not defined
suggestion time taken 0.494103 iter 0 next_points [{'alpha': 0.03776278214538777, 'batch_size': 162, 'beta_1': 0.6261236878559665, 'beta_2': 0.9657524194593528, 'epsilon': 3.33632989607918e-08, 'hidden_layer_sizes': 158, 'learning_rate_init': 0.06392233751950245, 'tol': 0.000111863688852458, 'validation_fraction': 0.7475344006079637}]
/home/ryedida/.local/lib/python3.9/site-packages/sklearn/neural_network/_multilayer_perceptron.py:605: UserWarning: Got `batch_size` less than 1 or larger than sample size. It is going to be clipped
  warnings.warn(

function_evaluation time 0.325025 value 3011.873331 suggestion {'alpha': 0.03776278214538777, 'batch_size': 162, 'beta_1': 0.6261236878559665, 'beta_2': 0.9657524194593528, 'epsilon': 3.33632989607918e-08, 'hidden_layer_sizes': 158, 'learning_rate_init': 0.06392233751950245, 'tol': 0.000111863688852458, 'validation_fraction': 0.7475344006079637}
observation time 0.000007, current best 3011.873331 at iter 0
Failure in optimizer suggest. Falling back to random search.
name 'activ' is not defined
Traceback (most recent call last):
  File "/home/ryedida/.local/lib/python3.9/site-packages/bayesmark/experiment.py", line 126, in run_study
    next_points = optimizer.suggest(n_suggestions)
  File "/home/ryedida/bbo_challenge_starter_kit/example_submissions/smoothness/optimizer.py", line 105, in suggest
    betas = [self._get_smoothness_reg(guess) for guess in guesses]
  File "/home/ryedida/bbo_challenge_starter_kit/example_submissions/smoothness/optimizer.py", line 105, in <listcomp>
    betas = [self._get_smoothness_reg(guess) for guess in guesses]
  File "/home/ryedida/bbo_challenge_starter_kit/example_submissions/smoothness/optimizer.py", line 48, in _get_smoothness_reg
    if activ > Kz:
NameError: name 'activ' is not defined
suggestion time taken 0.334688 iter 1 next_points [{'alpha': 1.3228690988518995e-05, 'batch_size': 146, 'beta_1': 0.978712240195145, 'beta_2': 0.9998170066427254, 'epsilon': 1.2962050130789318e-08, 'hidden_layer_sizes': 162, 'learning_rate_init': 4.145597047194199e-05, 'tol': 0.003126693088696827, 'validation_fraction': 0.6334359019367014}]
/home/ryedida/.local/lib/python3.9/site-packages/sklearn/neural_network/_multilayer_perceptron.py:605: UserWarning: Got `batch_size` less than 1 or larger than sample size. It is going to be clipped
  warnings.warn(

function_evaluation time 0.060635 value 29121.637564 suggestion {'alpha': 1.3228690988518995e-05, 'batch_size': 146, 'beta_1': 0.978712240195145, 'beta_2': 0.9998170066427254, 'epsilon': 1.2962050130789318e-08, 'hidden_layer_sizes': 162, 'learning_rate_init': 4.145597047194199e-05, 'tol': 0.003126693088696827, 'validation_fraction': 0.6334359019367014}
observation time 0.000007, current best 3011.873331 at iter 1
Failure in optimizer suggest. Falling back to random search.
name 'activ' is not defined
Traceback (most recent call last):
  File "/home/ryedida/.local/lib/python3.9/site-packages/bayesmark/experiment.py", line 126, in run_study
    next_points = optimizer.suggest(n_suggestions)
  File "/home/ryedida/bbo_challenge_starter_kit/example_submissions/smoothness/optimizer.py", line 105, in suggest
    betas = [self._get_smoothness_reg(guess) for guess in guesses]
  File "/home/ryedida/bbo_challenge_starter_kit/example_submissions/smoothness/optimizer.py", line 105, in <listcomp>
    betas = [self._get_smoothness_reg(guess) for guess in guesses]
  File "/home/ryedida/bbo_challenge_starter_kit/example_submissions/smoothness/optimizer.py", line 48, in _get_smoothness_reg
    if activ > Kz:
NameError: name 'activ' is not defined
suggestion time taken 0.353985 iter 2 next_points [{'alpha': 0.30902298333004485, 'batch_size': 40, 'beta_1': 0.9881118845726609, 'beta_2': 0.9999746289527178, 'epsilon': 5.548450761509038e-09, 'hidden_layer_sizes': 161, 'learning_rate_init': 0.007363244451931185, 'tol': 2.5109915257209912e-05, 'validation_fraction': 0.8958050701328426}]
/home/ryedida/.local/lib/python3.9/site-packages/sklearn/neural_network/_multilayer_perceptron.py:605: UserWarning: Got `batch_size` less than 1 or larger than sample size. It is going to be clipped
  warnings.warn(

/home/ryedida/.local/lib/python3.9/site-packages/sklearn/neural_network/_multilayer_perceptron.py:686: ConvergenceWarning: Stochastic Optimizer: Maximum iterations (200) reached and the optimization hasn't converged yet.
  warnings.warn(

function_evaluation time 0.719979 value 4557.692439 suggestion {'alpha': 0.30902298333004485, 'batch_size': 40, 'beta_1': 0.9881118845726609, 'beta_2': 0.9999746289527178, 'epsilon': 5.548450761509038e-09, 'hidden_layer_sizes': 161, 'learning_rate_init': 0.007363244451931185, 'tol': 2.5109915257209912e-05, 'validation_fraction': 0.8958050701328426}
observation time 0.000007, current best 3011.873331 at iter 2
Failure in optimizer suggest. Falling back to random search.
name 'activ' is not defined
Traceback (most recent call last):
  File "/home/ryedida/.local/lib/python3.9/site-packages/bayesmark/experiment.py", line 126, in run_study
    next_points = optimizer.suggest(n_suggestions)
  File "/home/ryedida/bbo_challenge_starter_kit/example_submissions/smoothness/optimizer.py", line 105, in suggest
    betas = [self._get_smoothness_reg(guess) for guess in guesses]
  File "/home/ryedida/bbo_challenge_starter_kit/example_submissions/smoothness/optimizer.py", line 105, in <listcomp>
    betas = [self._get_smoothness_reg(guess) for guess in guesses]
  File "/home/ryedida/bbo_challenge_starter_kit/example_submissions/smoothness/optimizer.py", line 48, in _get_smoothness_reg
    if activ > Kz:
NameError: name 'activ' is not defined
suggestion time taken 0.331681 iter 3 next_points [{'alpha': 0.05214343784302394, 'batch_size': 230, 'beta_1': 0.865585587374507, 'beta_2': 0.9096542948866753, 'epsilon': 1.3401102855652212e-08, 'hidden_layer_sizes': 92, 'learning_rate_init': 0.000189306267828758, 'tol': 1.3772927744663271e-05, 'validation_fraction': 0.23859722410511125}]
/home/ryedida/.local/lib/python3.9/site-packages/sklearn/neural_network/_multilayer_perceptron.py:686: ConvergenceWarning: Stochastic Optimizer: Maximum iterations (200) reached and the optimization hasn't converged yet.
  warnings.warn(

function_evaluation time 0.852846 value 28984.794171 suggestion {'alpha': 0.05214343784302394, 'batch_size': 230, 'beta_1': 0.865585587374507, 'beta_2': 0.9096542948866753, 'epsilon': 1.3401102855652212e-08, 'hidden_layer_sizes': 92, 'learning_rate_init': 0.000189306267828758, 'tol': 1.3772927744663271e-05, 'validation_fraction': 0.23859722410511125}
observation time 0.000006, current best 3011.873331 at iter 3
Failure in optimizer suggest. Falling back to random search.
name 'activ' is not defined
Traceback (most recent call last):
  File "/home/ryedida/.local/lib/python3.9/site-packages/bayesmark/experiment.py", line 126, in run_study
    next_points = optimizer.suggest(n_suggestions)
  File "/home/ryedida/bbo_challenge_starter_kit/example_submissions/smoothness/optimizer.py", line 105, in suggest
    betas = [self._get_smoothness_reg(guess) for guess in guesses]
  File "/home/ryedida/bbo_challenge_starter_kit/example_submissions/smoothness/optimizer.py", line 105, in <listcomp>
    betas = [self._get_smoothness_reg(guess) for guess in guesses]
  File "/home/ryedida/bbo_challenge_starter_kit/example_submissions/smoothness/optimizer.py", line 48, in _get_smoothness_reg
    if activ > Kz:
NameError: name 'activ' is not defined
suggestion time taken 0.326862 iter 4 next_points [{'alpha': 0.00010034984599977948, 'batch_size': 182, 'beta_1': 0.7707272220850216, 'beta_2': 0.9999792927363809, 'epsilon': 4.260579123260887e-09, 'hidden_layer_sizes': 51, 'learning_rate_init': 0.0030288299452834637, 'tol': 0.0023012538943080795, 'validation_fraction': 0.8142547457327203}]
/home/ryedida/.local/lib/python3.9/site-packages/sklearn/neural_network/_multilayer_perceptron.py:605: UserWarning: Got `batch_size` less than 1 or larger than sample size. It is going to be clipped
  warnings.warn(

function_evaluation time 0.042856 value 29008.791028 suggestion {'alpha': 0.00010034984599977948, 'batch_size': 182, 'beta_1': 0.7707272220850216, 'beta_2': 0.9999792927363809, 'epsilon': 4.260579123260887e-09, 'hidden_layer_sizes': 51, 'learning_rate_init': 0.0030288299452834637, 'tol': 0.0023012538943080795, 'validation_fraction': 0.8142547457327203}
observation time 0.000007, current best 3011.873331 at iter 4
Failure in optimizer suggest. Falling back to random search.
name 'activ' is not defined
Traceback (most recent call last):
  File "/home/ryedida/.local/lib/python3.9/site-packages/bayesmark/experiment.py", line 126, in run_study
    next_points = optimizer.suggest(n_suggestions)
  File "/home/ryedida/bbo_challenge_starter_kit/example_submissions/smoothness/optimizer.py", line 105, in suggest
    betas = [self._get_smoothness_reg(guess) for guess in guesses]
  File "/home/ryedida/bbo_challenge_starter_kit/example_submissions/smoothness/optimizer.py", line 105, in <listcomp>
    betas = [self._get_smoothness_reg(guess) for guess in guesses]
  File "/home/ryedida/bbo_challenge_starter_kit/example_submissions/smoothness/optimizer.py", line 48, in _get_smoothness_reg
    if activ > Kz:
NameError: name 'activ' is not defined
suggestion time taken 0.328357 iter 5 next_points [{'alpha': 0.05510217405004194, 'batch_size': 122, 'beta_1': 0.8184606257740868, 'beta_2': 0.9999890783171502, 'epsilon': 1.6633264763647972e-08, 'hidden_layer_sizes': 174, 'learning_rate_init': 3.837064272079322e-05, 'tol': 0.00018922030219274113, 'validation_fraction': 0.29419376405107406}]
function_evaluation time 0.089542 value 29112.936479 suggestion {'alpha': 0.05510217405004194, 'batch_size': 122, 'beta_1': 0.8184606257740868, 'beta_2': 0.9999890783171502, 'epsilon': 1.6633264763647972e-08, 'hidden_layer_sizes': 174, 'learning_rate_init': 3.837064272079322e-05, 'tol': 0.00018922030219274113, 'validation_fraction': 0.29419376405107406}
observation time 0.000006, current best 3011.873331 at iter 5
Failure in optimizer suggest. Falling back to random search.
name 'activ' is not defined
Traceback (most recent call last):
  File "/home/ryedida/.local/lib/python3.9/site-packages/bayesmark/experiment.py", line 126, in run_study
    next_points = optimizer.suggest(n_suggestions)
  File "/home/ryedida/bbo_challenge_starter_kit/example_submissions/smoothness/optimizer.py", line 105, in suggest
    betas = [self._get_smoothness_reg(guess) for guess in guesses]
  File "/home/ryedida/bbo_challenge_starter_kit/example_submissions/smoothness/optimizer.py", line 105, in <listcomp>
    betas = [self._get_smoothness_reg(guess) for guess in guesses]
  File "/home/ryedida/bbo_challenge_starter_kit/example_submissions/smoothness/optimizer.py", line 48, in _get_smoothness_reg
    if activ > Kz:
NameError: name 'activ' is not defined
suggestion time taken 0.326361 iter 6 next_points [{'alpha': 2.8254547773273153e-05, 'batch_size': 209, 'beta_1': 0.8764686493395139, 'beta_2': 0.9742891855945928, 'epsilon': 2.668188443832864e-09, 'hidden_layer_sizes': 174, 'learning_rate_init': 0.0005362737715388098, 'tol': 0.00017444759849933884, 'validation_fraction': 0.28952861631325594}]
/home/ryedida/.local/lib/python3.9/site-packages/sklearn/neural_network/_multilayer_perceptron.py:686: ConvergenceWarning: Stochastic Optimizer: Maximum iterations (200) reached and the optimization hasn't converged yet.
  warnings.warn(

function_evaluation time 1.070820 value 28372.571473 suggestion {'alpha': 2.8254547773273153e-05, 'batch_size': 209, 'beta_1': 0.8764686493395139, 'beta_2': 0.9742891855945928, 'epsilon': 2.668188443832864e-09, 'hidden_layer_sizes': 174, 'learning_rate_init': 0.0005362737715388098, 'tol': 0.00017444759849933884, 'validation_fraction': 0.28952861631325594}
observation time 0.000006, current best 3011.873331 at iter 6
Failure in optimizer suggest. Falling back to random search.
name 'activ' is not defined
Traceback (most recent call last):
  File "/home/ryedida/.local/lib/python3.9/site-packages/bayesmark/experiment.py", line 126, in run_study
    next_points = optimizer.suggest(n_suggestions)
  File "/home/ryedida/bbo_challenge_starter_kit/example_submissions/smoothness/optimizer.py", line 105, in suggest
    betas = [self._get_smoothness_reg(guess) for guess in guesses]
  File "/home/ryedida/bbo_challenge_starter_kit/example_submissions/smoothness/optimizer.py", line 105, in <listcomp>
    betas = [self._get_smoothness_reg(guess) for guess in guesses]
  File "/home/ryedida/bbo_challenge_starter_kit/example_submissions/smoothness/optimizer.py", line 48, in _get_smoothness_reg
    if activ > Kz:
NameError: name 'activ' is not defined
suggestion time taken 0.467846 iter 7 next_points [{'alpha': 0.05557528780222194, 'batch_size': 132, 'beta_1': 0.8891453206057743, 'beta_2': 0.9765429708492681, 'epsilon': 2.1537364353761891e-07, 'hidden_layer_sizes': 89, 'learning_rate_init': 0.004817488592594296, 'tol': 0.006327693230475588, 'validation_fraction': 0.835564880722974}]
/home/ryedida/.local/lib/python3.9/site-packages/sklearn/neural_network/_multilayer_perceptron.py:605: UserWarning: Got `batch_size` less than 1 or larger than sample size. It is going to be clipped
  warnings.warn(

function_evaluation time 0.048629 value 28808.156232 suggestion {'alpha': 0.05557528780222194, 'batch_size': 132, 'beta_1': 0.8891453206057743, 'beta_2': 0.9765429708492681, 'epsilon': 2.1537364353761891e-07, 'hidden_layer_sizes': 89, 'learning_rate_init': 0.004817488592594296, 'tol': 0.006327693230475588, 'validation_fraction': 0.835564880722974}
observation time 0.000007, current best 3011.873331 at iter 7
Failure in optimizer suggest. Falling back to random search.
name 'activ' is not defined
Traceback (most recent call last):
  File "/home/ryedida/.local/lib/python3.9/site-packages/bayesmark/experiment.py", line 126, in run_study
    next_points = optimizer.suggest(n_suggestions)
  File "/home/ryedida/bbo_challenge_starter_kit/example_submissions/smoothness/optimizer.py", line 105, in suggest
    betas = [self._get_smoothness_reg(guess) for guess in guesses]
  File "/home/ryedida/bbo_challenge_starter_kit/example_submissions/smoothness/optimizer.py", line 105, in <listcomp>
    betas = [self._get_smoothness_reg(guess) for guess in guesses]
  File "/home/ryedida/bbo_challenge_starter_kit/example_submissions/smoothness/optimizer.py", line 48, in _get_smoothness_reg
    if activ > Kz:
NameError: name 'activ' is not defined
suggestion time taken 0.321380 iter 8 next_points [{'alpha': 0.02802358492402837, 'batch_size': 82, 'beta_1': 0.9896288755754783, 'beta_2': 0.9954969799192553, 'epsilon': 3.046745144726345e-09, 'hidden_layer_sizes': 84, 'learning_rate_init': 0.0032138453499178364, 'tol': 0.015010200016073208, 'validation_fraction': 0.46947012320392023}]
function_evaluation time 0.064271 value 28810.362516 suggestion {'alpha': 0.02802358492402837, 'batch_size': 82, 'beta_1': 0.9896288755754783, 'beta_2': 0.9954969799192553, 'epsilon': 3.046745144726345e-09, 'hidden_layer_sizes': 84, 'learning_rate_init': 0.0032138453499178364, 'tol': 0.015010200016073208, 'validation_fraction': 0.46947012320392023}
observation time 0.000006, current best 3011.873331 at iter 8
Failure in optimizer suggest. Falling back to random search.
name 'activ' is not defined
Traceback (most recent call last):
  File "/home/ryedida/.local/lib/python3.9/site-packages/bayesmark/experiment.py", line 126, in run_study
    next_points = optimizer.suggest(n_suggestions)
  File "/home/ryedida/bbo_challenge_starter_kit/example_submissions/smoothness/optimizer.py", line 105, in suggest
    betas = [self._get_smoothness_reg(guess) for guess in guesses]
  File "/home/ryedida/bbo_challenge_starter_kit/example_submissions/smoothness/optimizer.py", line 105, in <listcomp>
    betas = [self._get_smoothness_reg(guess) for guess in guesses]
  File "/home/ryedida/bbo_challenge_starter_kit/example_submissions/smoothness/optimizer.py", line 48, in _get_smoothness_reg
    if activ > Kz:
NameError: name 'activ' is not defined
suggestion time taken 0.324598 iter 9 next_points [{'alpha': 3.1071451299673455e-05, 'batch_size': 172, 'beta_1': 0.8207264143225842, 'beta_2': 0.9999951106073491, 'epsilon': 4.668465184576e-08, 'hidden_layer_sizes': 134, 'learning_rate_init': 9.061783839192574e-05, 'tol': 0.007824621739949297, 'validation_fraction': 0.2704077815259375}]
function_evaluation time 0.079872 value 29137.557850 suggestion {'alpha': 3.1071451299673455e-05, 'batch_size': 172, 'beta_1': 0.8207264143225842, 'beta_2': 0.9999951106073491, 'epsilon': 4.668465184576e-08, 'hidden_layer_sizes': 134, 'learning_rate_init': 9.061783839192574e-05, 'tol': 0.007824621739949297, 'validation_fraction': 0.2704077815259375}
observation time 0.000005, current best 3011.873331 at iter 9
Failure in optimizer suggest. Falling back to random search.
name 'activ' is not defined
Traceback (most recent call last):
  File "/home/ryedida/.local/lib/python3.9/site-packages/bayesmark/experiment.py", line 126, in run_study
    next_points = optimizer.suggest(n_suggestions)
  File "/home/ryedida/bbo_challenge_starter_kit/example_submissions/smoothness/optimizer.py", line 105, in suggest
    betas = [self._get_smoothness_reg(guess) for guess in guesses]
  File "/home/ryedida/bbo_challenge_starter_kit/example_submissions/smoothness/optimizer.py", line 105, in <listcomp>
    betas = [self._get_smoothness_reg(guess) for guess in guesses]
  File "/home/ryedida/bbo_challenge_starter_kit/example_submissions/smoothness/optimizer.py", line 48, in _get_smoothness_reg
    if activ > Kz:
NameError: name 'activ' is not defined
suggestion time taken 0.315345 iter 10 next_points [{'alpha': 2.7353487860182483e-05, 'batch_size': 64, 'beta_1': 0.9717290676705594, 'beta_2': 0.9996743089319379, 'epsilon': 1.776104786078058e-07, 'hidden_layer_sizes': 113, 'learning_rate_init': 0.0542822480147433, 'tol': 0.00741040101811423, 'validation_fraction': 0.6519188654363829}]
function_evaluation time 0.140248 value 4225.304134 suggestion {'alpha': 2.7353487860182483e-05, 'batch_size': 64, 'beta_1': 0.9717290676705594, 'beta_2': 0.9996743089319379, 'epsilon': 1.776104786078058e-07, 'hidden_layer_sizes': 113, 'learning_rate_init': 0.0542822480147433, 'tol': 0.00741040101811423, 'validation_fraction': 0.6519188654363829}
observation time 0.000005, current best 3011.873331 at iter 10
Failure in optimizer suggest. Falling back to random search.
name 'activ' is not defined
Traceback (most recent call last):
  File "/home/ryedida/.local/lib/python3.9/site-packages/bayesmark/experiment.py", line 126, in run_study
    next_points = optimizer.suggest(n_suggestions)
  File "/home/ryedida/bbo_challenge_starter_kit/example_submissions/smoothness/optimizer.py", line 105, in suggest
    betas = [self._get_smoothness_reg(guess) for guess in guesses]
  File "/home/ryedida/bbo_challenge_starter_kit/example_submissions/smoothness/optimizer.py", line 105, in <listcomp>
    betas = [self._get_smoothness_reg(guess) for guess in guesses]
  File "/home/ryedida/bbo_challenge_starter_kit/example_submissions/smoothness/optimizer.py", line 48, in _get_smoothness_reg
    if activ > Kz:
NameError: name 'activ' is not defined
suggestion time taken 0.317582 iter 11 next_points [{'alpha': 0.03755374588420265, 'batch_size': 115, 'beta_1': 0.7275482552342231, 'beta_2': 0.9998439039594565, 'epsilon': 5.79702096576899e-07, 'hidden_layer_sizes': 132, 'learning_rate_init': 0.029664710290514082, 'tol': 0.09553836189526821, 'validation_fraction': 0.41186641869115526}]
function_evaluation time 0.181625 value 3562.408678 suggestion {'alpha': 0.03755374588420265, 'batch_size': 115, 'beta_1': 0.7275482552342231, 'beta_2': 0.9998439039594565, 'epsilon': 5.79702096576899e-07, 'hidden_layer_sizes': 132, 'learning_rate_init': 0.029664710290514082, 'tol': 0.09553836189526821, 'validation_fraction': 0.41186641869115526}
observation time 0.000006, current best 3011.873331 at iter 11
Failure in optimizer suggest. Falling back to random search.
name 'activ' is not defined
Traceback (most recent call last):
  File "/home/ryedida/.local/lib/python3.9/site-packages/bayesmark/experiment.py", line 126, in run_study
    next_points = optimizer.suggest(n_suggestions)
  File "/home/ryedida/bbo_challenge_starter_kit/example_submissions/smoothness/optimizer.py", line 105, in suggest
    betas = [self._get_smoothness_reg(guess) for guess in guesses]
  File "/home/ryedida/bbo_challenge_starter_kit/example_submissions/smoothness/optimizer.py", line 105, in <listcomp>
    betas = [self._get_smoothness_reg(guess) for guess in guesses]
  File "/home/ryedida/bbo_challenge_starter_kit/example_submissions/smoothness/optimizer.py", line 48, in _get_smoothness_reg
    if activ > Kz:
NameError: name 'activ' is not defined
suggestion time taken 0.317967 iter 12 next_points [{'alpha': 0.002195915040365927, 'batch_size': 58, 'beta_1': 0.5880448273198038, 'beta_2': 0.9999643136249512, 'epsilon': 1.1954097568416073e-07, 'hidden_layer_sizes': 192, 'learning_rate_init': 0.0007601480530465066, 'tol': 0.050168978663523225, 'validation_fraction': 0.17894682243727128}]
function_evaluation time 0.122022 value 28901.955519 suggestion {'alpha': 0.002195915040365927, 'batch_size': 58, 'beta_1': 0.5880448273198038, 'beta_2': 0.9999643136249512, 'epsilon': 1.1954097568416073e-07, 'hidden_layer_sizes': 192, 'learning_rate_init': 0.0007601480530465066, 'tol': 0.050168978663523225, 'validation_fraction': 0.17894682243727128}
observation time 0.000006, current best 3011.873331 at iter 12
Failure in optimizer suggest. Falling back to random search.
name 'activ' is not defined
Traceback (most recent call last):
  File "/home/ryedida/.local/lib/python3.9/site-packages/bayesmark/experiment.py", line 126, in run_study
    next_points = optimizer.suggest(n_suggestions)
  File "/home/ryedida/bbo_challenge_starter_kit/example_submissions/smoothness/optimizer.py", line 105, in suggest
    betas = [self._get_smoothness_reg(guess) for guess in guesses]
  File "/home/ryedida/bbo_challenge_starter_kit/example_submissions/smoothness/optimizer.py", line 105, in <listcomp>
    betas = [self._get_smoothness_reg(guess) for guess in guesses]
  File "/home/ryedida/bbo_challenge_starter_kit/example_submissions/smoothness/optimizer.py", line 48, in _get_smoothness_reg
    if activ > Kz:
NameError: name 'activ' is not defined
suggestion time taken 0.319162 iter 13 next_points [{'alpha': 0.06871959448500083, 'batch_size': 16, 'beta_1': 0.6567506349866769, 'beta_2': 0.9999966602418375, 'epsilon': 8.288673051989953e-09, 'hidden_layer_sizes': 97, 'learning_rate_init': 7.781814354827985e-05, 'tol': 0.00011248175991710489, 'validation_fraction': 0.8562031590315359}]
/home/ryedida/.local/lib/python3.9/site-packages/sklearn/neural_network/_multilayer_perceptron.py:686: ConvergenceWarning: Stochastic Optimizer: Maximum iterations (200) reached and the optimization hasn't converged yet.
  warnings.warn(

function_evaluation time 1.113275 value 28920.847547 suggestion {'alpha': 0.06871959448500083, 'batch_size': 16, 'beta_1': 0.6567506349866769, 'beta_2': 0.9999966602418375, 'epsilon': 8.288673051989953e-09, 'hidden_layer_sizes': 97, 'learning_rate_init': 7.781814354827985e-05, 'tol': 0.00011248175991710489, 'validation_fraction': 0.8562031590315359}
observation time 0.000006, current best 3011.873331 at iter 13
Failure in optimizer suggest. Falling back to random search.
name 'activ' is not defined
Traceback (most recent call last):
  File "/home/ryedida/.local/lib/python3.9/site-packages/bayesmark/experiment.py", line 126, in run_study
    next_points = optimizer.suggest(n_suggestions)
  File "/home/ryedida/bbo_challenge_starter_kit/example_submissions/smoothness/optimizer.py", line 105, in suggest
    betas = [self._get_smoothness_reg(guess) for guess in guesses]
  File "/home/ryedida/bbo_challenge_starter_kit/example_submissions/smoothness/optimizer.py", line 105, in <listcomp>
    betas = [self._get_smoothness_reg(guess) for guess in guesses]
  File "/home/ryedida/bbo_challenge_starter_kit/example_submissions/smoothness/optimizer.py", line 48, in _get_smoothness_reg
    if activ > Kz:
NameError: name 'activ' is not defined
suggestion time taken 0.321600 iter 14 next_points [{'alpha': 2.354420916691235e-05, 'batch_size': 102, 'beta_1': 0.9412298877130716, 'beta_2': 0.9980913979486449, 'epsilon': 2.737430190279285e-09, 'hidden_layer_sizes': 171, 'learning_rate_init': 7.409457775855999e-05, 'tol': 0.0008642405815185596, 'validation_fraction': 0.25836223713591716}]
function_evaluation time 0.101692 value 29091.313177 suggestion {'alpha': 2.354420916691235e-05, 'batch_size': 102, 'beta_1': 0.9412298877130716, 'beta_2': 0.9980913979486449, 'epsilon': 2.737430190279285e-09, 'hidden_layer_sizes': 171, 'learning_rate_init': 7.409457775855999e-05, 'tol': 0.0008642405815185596, 'validation_fraction': 0.25836223713591716}
observation time 0.000006, current best 3011.873331 at iter 14
saving meta data: {'args': {'--uuid': '1724e6a83df0544199ffa9a131ba50ad', '-db-root': '/home/ryedida/bbo_challenge_starter_kit/output', '--opt-root': '/home/ryedida/bbo_challenge_starter_kit/example_submissions', '--data-root': None, '--db': 'run_20230425_055340', '--opt': 'smoothness', '--data': 'diabetes', '--classifier': 'MLP-adam', '--metric': 'mse', '--calls': 15, '--suggestions': 1, '--jobs-file': None, '--verbose': False, 'dry_run': False, 'rev': 'a376313', 'opt_rev': 'x.x.x'}, 'signature': ([{'alpha': 0.019628224813442792, 'batch_size': 182, 'beta_1': 0.9410202200271762, 'beta_2': 0.9998021557676793, 'epsilon': 1.8662266976518e-08, 'hidden_layer_sizes': 147, 'learning_rate_init': 0.0005627932047415167, 'tol': 0.03690557729213761, 'validation_fraction': 0.8846827852548593}, {'alpha': 0.0019982467392329444, 'batch_size': 200, 'beta_1': 0.919111482530466, 'beta_2': 0.9998488260436156, 'epsilon': 5.981221901152555e-07, 'hidden_layer_sizes': 61, 'learning_rate_init': 2.2310905607443014e-05, 'tol': 1.2046852412030316e-05, 'validation_fraction': 0.8117896445826539}, {'alpha': 0.46659545670218433, 'batch_size': 219, 'beta_1': 0.9889789783750891, 'beta_2': 0.9999896868093284, 'epsilon': 2.4234724484675948e-08, 'hidden_layer_sizes': 167, 'learning_rate_init': 2.972334644335654e-05, 'tol': 0.0036281404040243792, 'validation_fraction': 0.17260651658522078}, {'alpha': 4.656005689076002, 'batch_size': 135, 'beta_1': 0.870503881627747, 'beta_2': 0.9948873266941017, 'epsilon': 2.1023308743480125e-07, 'hidden_layer_sizes': 118, 'learning_rate_init': 0.0018781738757161913, 'tol': 1.1889379831773004e-05, 'validation_fraction': 0.6264327093752792}, {'alpha': 0.04705159350400542, 'batch_size': 158, 'beta_1': 0.9870884262730957, 'beta_2': 0.9999596874382349, 'epsilon': 1.1981845126013875e-08, 'hidden_layer_sizes': 116, 'learning_rate_init': 0.00617340520407431, 'tol': 1.741413418158619e-05, 'validation_fraction': 0.6754299026638921}], [29083.993548572587, 29062.423277324073, 29075.78987471409, 24626.32866834337, 9584.226858493177])}
saving results
saving timing
saving suggest log
done
