running: {'--uuid': '22a7e9eadc4c56309930b613fcbd2a6a', '-db-root': '/home/ryedida/bbo_challenge_starter_kit/output', '--opt-root': '/home/ryedida/bbo_challenge_starter_kit/example_submissions', '--data-root': None, '--db': 'run_20230425_055340', '--opt': 'smoothness', '--data': 'diabetes', '--classifier': 'MLP-adam', '--metric': 'mse', '--calls': 15, '--suggestions': 1, '--jobs-file': None, '--verbose': False, 'dry_run': False, 'rev': 'a376313', 'opt_rev': 'x.x.x'}
cmd: python smoothness/optimizer.py -c MLP-adam -d diabetes -o smoothness -u 22a7e9eadc4c56309930b613fcbd2a6a -m mse -n 15 -p 1 -dir /home/ryedida/bbo_challenge_starter_kit/output -b run_20230425_055340
/home/ryedida/.local/lib/python3.9/site-packages/sklearn/neural_network/_multilayer_perceptron.py:605: UserWarning: Got `batch_size` less than 1 or larger than sample size. It is going to be clipped
  warnings.warn(

/home/ryedida/.local/lib/python3.9/site-packages/sklearn/neural_network/_multilayer_perceptron.py:605: UserWarning: Got `batch_size` less than 1 or larger than sample size. It is going to be clipped
  warnings.warn(

/home/ryedida/.local/lib/python3.9/site-packages/sklearn/neural_network/_multilayer_perceptron.py:605: UserWarning: Got `batch_size` less than 1 or larger than sample size. It is going to be clipped
  warnings.warn(

/home/ryedida/.local/lib/python3.9/site-packages/sklearn/neural_network/_multilayer_perceptron.py:686: ConvergenceWarning: Stochastic Optimizer: Maximum iterations (200) reached and the optimization hasn't converged yet.
  warnings.warn(

/home/ryedida/.local/lib/python3.9/site-packages/sklearn/neural_network/_multilayer_perceptron.py:605: UserWarning: Got `batch_size` less than 1 or larger than sample size. It is going to be clipped
  warnings.warn(

/home/ryedida/.local/lib/python3.9/site-packages/sklearn/neural_network/_multilayer_perceptron.py:686: ConvergenceWarning: Stochastic Optimizer: Maximum iterations (200) reached and the optimization hasn't converged yet.
  warnings.warn(

computed signature: ([{'alpha': 0.019628224813442792, 'batch_size': 182, 'beta_1': 0.9410202200271762, 'beta_2': 0.9998021557676793, 'epsilon': 1.8662266976518e-08, 'hidden_layer_sizes': 147, 'learning_rate_init': 0.0005627932047415167, 'tol': 0.03690557729213761, 'validation_fraction': 0.8846827852548593}, {'alpha': 0.0019982467392329444, 'batch_size': 200, 'beta_1': 0.919111482530466, 'beta_2': 0.9998488260436156, 'epsilon': 5.981221901152555e-07, 'hidden_layer_sizes': 61, 'learning_rate_init': 2.2310905607443014e-05, 'tol': 1.2046852412030316e-05, 'validation_fraction': 0.8117896445826539}, {'alpha': 0.46659545670218433, 'batch_size': 219, 'beta_1': 0.9889789783750891, 'beta_2': 0.9999896868093284, 'epsilon': 2.4234724484675948e-08, 'hidden_layer_sizes': 167, 'learning_rate_init': 2.972334644335654e-05, 'tol': 0.0036281404040243792, 'validation_fraction': 0.17260651658522078}, {'alpha': 4.656005689076002, 'batch_size': 135, 'beta_1': 0.870503881627747, 'beta_2': 0.9948873266941017, 'epsilon': 2.1023308743480125e-07, 'hidden_layer_sizes': 118, 'learning_rate_init': 0.0018781738757161913, 'tol': 1.1889379831773004e-05, 'validation_fraction': 0.6264327093752792}, {'alpha': 0.04705159350400542, 'batch_size': 158, 'beta_1': 0.9870884262730957, 'beta_2': 0.9999596874382349, 'epsilon': 1.1981845126013875e-08, 'hidden_layer_sizes': 116, 'learning_rate_init': 0.00617340520407431, 'tol': 1.741413418158619e-05, 'validation_fraction': 0.6754299026638921}], [29083.993548572587, 29062.423277324073, 29075.78987471409, 24626.32866834337, 9584.226858493177])
Signature errors:
                              0         1         2         3         4       max
MLP-adam_diabetes_mse  0.000007  0.000008  0.000003  0.003558  0.004952  0.004952
max                    0.000007  0.000008  0.000003  0.003558  0.004952  0.004952
starting sklearn study smoothness MLP-adam diabetes mse 15 1
with data root: None
Failure in optimizer suggest. Falling back to random search.
name 'activ' is not defined
Traceback (most recent call last):
  File "/home/ryedida/.local/lib/python3.9/site-packages/bayesmark/experiment.py", line 126, in run_study
    next_points = optimizer.suggest(n_suggestions)
  File "/home/ryedida/bbo_challenge_starter_kit/example_submissions/smoothness/optimizer.py", line 105, in suggest
    betas = [self._get_smoothness_reg(guess) for guess in guesses]
  File "/home/ryedida/bbo_challenge_starter_kit/example_submissions/smoothness/optimizer.py", line 105, in <listcomp>
    betas = [self._get_smoothness_reg(guess) for guess in guesses]
  File "/home/ryedida/bbo_challenge_starter_kit/example_submissions/smoothness/optimizer.py", line 48, in _get_smoothness_reg
    if activ > Kz:
NameError: name 'activ' is not defined
suggestion time taken 0.497233 iter 0 next_points [{'alpha': 0.06791101182899088, 'batch_size': 166, 'beta_1': 0.7426814264637879, 'beta_2': 0.9999953112833464, 'epsilon': 7.956432497837988e-08, 'hidden_layer_sizes': 191, 'learning_rate_init': 5.411050529904462e-05, 'tol': 0.029591536741533503, 'validation_fraction': 0.47091127179178266}]
function_evaluation time 0.072400 value 29126.090158 suggestion {'alpha': 0.06791101182899088, 'batch_size': 166, 'beta_1': 0.7426814264637879, 'beta_2': 0.9999953112833464, 'epsilon': 7.956432497837988e-08, 'hidden_layer_sizes': 191, 'learning_rate_init': 5.411050529904462e-05, 'tol': 0.029591536741533503, 'validation_fraction': 0.47091127179178266}
observation time 0.000007, current best 29126.090158 at iter 0
Failure in optimizer suggest. Falling back to random search.
name 'activ' is not defined
Traceback (most recent call last):
  File "/home/ryedida/.local/lib/python3.9/site-packages/bayesmark/experiment.py", line 126, in run_study
    next_points = optimizer.suggest(n_suggestions)
  File "/home/ryedida/bbo_challenge_starter_kit/example_submissions/smoothness/optimizer.py", line 105, in suggest
    betas = [self._get_smoothness_reg(guess) for guess in guesses]
  File "/home/ryedida/bbo_challenge_starter_kit/example_submissions/smoothness/optimizer.py", line 105, in <listcomp>
    betas = [self._get_smoothness_reg(guess) for guess in guesses]
  File "/home/ryedida/bbo_challenge_starter_kit/example_submissions/smoothness/optimizer.py", line 48, in _get_smoothness_reg
    if activ > Kz:
NameError: name 'activ' is not defined
suggestion time taken 0.331188 iter 1 next_points [{'alpha': 0.000689480028576605, 'batch_size': 180, 'beta_1': 0.9311328524438481, 'beta_2': 0.9999983699101764, 'epsilon': 4.097588411830993e-08, 'hidden_layer_sizes': 166, 'learning_rate_init': 5.730353040359197e-05, 'tol': 0.08767332912661786, 'validation_fraction': 0.3390355450399756}]
function_evaluation time 0.084834 value 29122.402116 suggestion {'alpha': 0.000689480028576605, 'batch_size': 180, 'beta_1': 0.9311328524438481, 'beta_2': 0.9999983699101764, 'epsilon': 4.097588411830993e-08, 'hidden_layer_sizes': 166, 'learning_rate_init': 5.730353040359197e-05, 'tol': 0.08767332912661786, 'validation_fraction': 0.3390355450399756}
observation time 0.000006, current best 29122.402116 at iter 1
Failure in optimizer suggest. Falling back to random search.
name 'activ' is not defined
Traceback (most recent call last):
  File "/home/ryedida/.local/lib/python3.9/site-packages/bayesmark/experiment.py", line 126, in run_study
    next_points = optimizer.suggest(n_suggestions)
  File "/home/ryedida/bbo_challenge_starter_kit/example_submissions/smoothness/optimizer.py", line 105, in suggest
    betas = [self._get_smoothness_reg(guess) for guess in guesses]
  File "/home/ryedida/bbo_challenge_starter_kit/example_submissions/smoothness/optimizer.py", line 105, in <listcomp>
    betas = [self._get_smoothness_reg(guess) for guess in guesses]
  File "/home/ryedida/bbo_challenge_starter_kit/example_submissions/smoothness/optimizer.py", line 48, in _get_smoothness_reg
    if activ > Kz:
NameError: name 'activ' is not defined
suggestion time taken 0.339592 iter 2 next_points [{'alpha': 0.0006217221918576286, 'batch_size': 239, 'beta_1': 0.9770346718633525, 'beta_2': 0.9859359100552308, 'epsilon': 7.194234344206704e-07, 'hidden_layer_sizes': 197, 'learning_rate_init': 0.00017847487835327068, 'tol': 0.002351042854594202, 'validation_fraction': 0.10664968061506414}]
function_evaluation time 0.099049 value 29082.686757 suggestion {'alpha': 0.0006217221918576286, 'batch_size': 239, 'beta_1': 0.9770346718633525, 'beta_2': 0.9859359100552308, 'epsilon': 7.194234344206704e-07, 'hidden_layer_sizes': 197, 'learning_rate_init': 0.00017847487835327068, 'tol': 0.002351042854594202, 'validation_fraction': 0.10664968061506414}
observation time 0.000005, current best 29082.686757 at iter 2
Failure in optimizer suggest. Falling back to random search.
name 'activ' is not defined
Traceback (most recent call last):
  File "/home/ryedida/.local/lib/python3.9/site-packages/bayesmark/experiment.py", line 126, in run_study
    next_points = optimizer.suggest(n_suggestions)
  File "/home/ryedida/bbo_challenge_starter_kit/example_submissions/smoothness/optimizer.py", line 105, in suggest
    betas = [self._get_smoothness_reg(guess) for guess in guesses]
  File "/home/ryedida/bbo_challenge_starter_kit/example_submissions/smoothness/optimizer.py", line 105, in <listcomp>
    betas = [self._get_smoothness_reg(guess) for guess in guesses]
  File "/home/ryedida/bbo_challenge_starter_kit/example_submissions/smoothness/optimizer.py", line 48, in _get_smoothness_reg
    if activ > Kz:
NameError: name 'activ' is not defined
suggestion time taken 0.331104 iter 3 next_points [{'alpha': 1.3653376380168603e-05, 'batch_size': 209, 'beta_1': 0.9882145738437127, 'beta_2': 0.9929690477472218, 'epsilon': 3.916077942923575e-09, 'hidden_layer_sizes': 81, 'learning_rate_init': 0.0001065521969139294, 'tol': 0.019973369812615556, 'validation_fraction': 0.2925954009776213}]
function_evaluation time 0.057961 value 29105.426042 suggestion {'alpha': 1.3653376380168603e-05, 'batch_size': 209, 'beta_1': 0.9882145738437127, 'beta_2': 0.9929690477472218, 'epsilon': 3.916077942923575e-09, 'hidden_layer_sizes': 81, 'learning_rate_init': 0.0001065521969139294, 'tol': 0.019973369812615556, 'validation_fraction': 0.2925954009776213}
observation time 0.000005, current best 29082.686757 at iter 3
Failure in optimizer suggest. Falling back to random search.
name 'activ' is not defined
Traceback (most recent call last):
  File "/home/ryedida/.local/lib/python3.9/site-packages/bayesmark/experiment.py", line 126, in run_study
    next_points = optimizer.suggest(n_suggestions)
  File "/home/ryedida/bbo_challenge_starter_kit/example_submissions/smoothness/optimizer.py", line 105, in suggest
    betas = [self._get_smoothness_reg(guess) for guess in guesses]
  File "/home/ryedida/bbo_challenge_starter_kit/example_submissions/smoothness/optimizer.py", line 105, in <listcomp>
    betas = [self._get_smoothness_reg(guess) for guess in guesses]
  File "/home/ryedida/bbo_challenge_starter_kit/example_submissions/smoothness/optimizer.py", line 48, in _get_smoothness_reg
    if activ > Kz:
NameError: name 'activ' is not defined
suggestion time taken 0.335720 iter 4 next_points [{'alpha': 9.612804832995375, 'batch_size': 12, 'beta_1': 0.8041944107109473, 'beta_2': 0.9999988261045176, 'epsilon': 7.53528830670977e-09, 'hidden_layer_sizes': 134, 'learning_rate_init': 1.2718092280938437e-05, 'tol': 5.162409186191317e-05, 'validation_fraction': 0.35744513931984895}]
/home/ryedida/.local/lib/python3.9/site-packages/sklearn/neural_network/_multilayer_perceptron.py:686: ConvergenceWarning: Stochastic Optimizer: Maximum iterations (200) reached and the optimization hasn't converged yet.
  warnings.warn(

function_evaluation time 3.994150 value 28878.095102 suggestion {'alpha': 9.612804832995375, 'batch_size': 12, 'beta_1': 0.8041944107109473, 'beta_2': 0.9999988261045176, 'epsilon': 7.53528830670977e-09, 'hidden_layer_sizes': 134, 'learning_rate_init': 1.2718092280938437e-05, 'tol': 5.162409186191317e-05, 'validation_fraction': 0.35744513931984895}
observation time 0.000006, current best 28878.095102 at iter 4
Failure in optimizer suggest. Falling back to random search.
name 'activ' is not defined
Traceback (most recent call last):
  File "/home/ryedida/.local/lib/python3.9/site-packages/bayesmark/experiment.py", line 126, in run_study
    next_points = optimizer.suggest(n_suggestions)
  File "/home/ryedida/bbo_challenge_starter_kit/example_submissions/smoothness/optimizer.py", line 105, in suggest
    betas = [self._get_smoothness_reg(guess) for guess in guesses]
  File "/home/ryedida/bbo_challenge_starter_kit/example_submissions/smoothness/optimizer.py", line 105, in <listcomp>
    betas = [self._get_smoothness_reg(guess) for guess in guesses]
  File "/home/ryedida/bbo_challenge_starter_kit/example_submissions/smoothness/optimizer.py", line 48, in _get_smoothness_reg
    if activ > Kz:
NameError: name 'activ' is not defined
suggestion time taken 0.326627 iter 5 next_points [{'alpha': 0.04074970914016609, 'batch_size': 230, 'beta_1': 0.9746138039484438, 'beta_2': 0.9801674437523579, 'epsilon': 1.304461369632523e-09, 'hidden_layer_sizes': 95, 'learning_rate_init': 0.0037765006486679587, 'tol': 0.022532708714268063, 'validation_fraction': 0.38812109672484507}]
/home/ryedida/.local/lib/python3.9/site-packages/sklearn/neural_network/_multilayer_perceptron.py:605: UserWarning: Got `batch_size` less than 1 or larger than sample size. It is going to be clipped
  warnings.warn(

function_evaluation time 0.056185 value 28904.718506 suggestion {'alpha': 0.04074970914016609, 'batch_size': 230, 'beta_1': 0.9746138039484438, 'beta_2': 0.9801674437523579, 'epsilon': 1.304461369632523e-09, 'hidden_layer_sizes': 95, 'learning_rate_init': 0.0037765006486679587, 'tol': 0.022532708714268063, 'validation_fraction': 0.38812109672484507}
observation time 0.000005, current best 28878.095102 at iter 5
Failure in optimizer suggest. Falling back to random search.
name 'activ' is not defined
Traceback (most recent call last):
  File "/home/ryedida/.local/lib/python3.9/site-packages/bayesmark/experiment.py", line 126, in run_study
    next_points = optimizer.suggest(n_suggestions)
  File "/home/ryedida/bbo_challenge_starter_kit/example_submissions/smoothness/optimizer.py", line 105, in suggest
    betas = [self._get_smoothness_reg(guess) for guess in guesses]
  File "/home/ryedida/bbo_challenge_starter_kit/example_submissions/smoothness/optimizer.py", line 105, in <listcomp>
    betas = [self._get_smoothness_reg(guess) for guess in guesses]
  File "/home/ryedida/bbo_challenge_starter_kit/example_submissions/smoothness/optimizer.py", line 48, in _get_smoothness_reg
    if activ > Kz:
NameError: name 'activ' is not defined
suggestion time taken 0.331551 iter 6 next_points [{'alpha': 0.4716644716220037, 'batch_size': 153, 'beta_1': 0.9857948777443205, 'beta_2': 0.9993471811487887, 'epsilon': 7.914901419532023e-07, 'hidden_layer_sizes': 99, 'learning_rate_init': 0.006026597650615201, 'tol': 5.424154657403856e-05, 'validation_fraction': 0.311859967743662}]
function_evaluation time 0.832669 value 4048.112089 suggestion {'alpha': 0.4716644716220037, 'batch_size': 153, 'beta_1': 0.9857948777443205, 'beta_2': 0.9993471811487887, 'epsilon': 7.914901419532023e-07, 'hidden_layer_sizes': 99, 'learning_rate_init': 0.006026597650615201, 'tol': 5.424154657403856e-05, 'validation_fraction': 0.311859967743662}
observation time 0.000005, current best 4048.112089 at iter 6
Failure in optimizer suggest. Falling back to random search.
name 'activ' is not defined
Traceback (most recent call last):
  File "/home/ryedida/.local/lib/python3.9/site-packages/bayesmark/experiment.py", line 126, in run_study
    next_points = optimizer.suggest(n_suggestions)
  File "/home/ryedida/bbo_challenge_starter_kit/example_submissions/smoothness/optimizer.py", line 105, in suggest
    betas = [self._get_smoothness_reg(guess) for guess in guesses]
  File "/home/ryedida/bbo_challenge_starter_kit/example_submissions/smoothness/optimizer.py", line 105, in <listcomp>
    betas = [self._get_smoothness_reg(guess) for guess in guesses]
  File "/home/ryedida/bbo_challenge_starter_kit/example_submissions/smoothness/optimizer.py", line 48, in _get_smoothness_reg
    if activ > Kz:
NameError: name 'activ' is not defined
suggestion time taken 0.461533 iter 7 next_points [{'alpha': 1.904910907005661e-05, 'batch_size': 193, 'beta_1': 0.9736684814185029, 'beta_2': 0.929504615155888, 'epsilon': 3.492904226285964e-08, 'hidden_layer_sizes': 187, 'learning_rate_init': 0.0009201745993029856, 'tol': 0.012116992253289272, 'validation_fraction': 0.7965954166390583}]
/home/ryedida/.local/lib/python3.9/site-packages/sklearn/neural_network/_multilayer_perceptron.py:605: UserWarning: Got `batch_size` less than 1 or larger than sample size. It is going to be clipped
  warnings.warn(

function_evaluation time 0.060004 value 29055.692381 suggestion {'alpha': 1.904910907005661e-05, 'batch_size': 193, 'beta_1': 0.9736684814185029, 'beta_2': 0.929504615155888, 'epsilon': 3.492904226285964e-08, 'hidden_layer_sizes': 187, 'learning_rate_init': 0.0009201745993029856, 'tol': 0.012116992253289272, 'validation_fraction': 0.7965954166390583}
observation time 0.000020, current best 4048.112089 at iter 7
Failure in optimizer suggest. Falling back to random search.
name 'activ' is not defined
Traceback (most recent call last):
  File "/home/ryedida/.local/lib/python3.9/site-packages/bayesmark/experiment.py", line 126, in run_study
    next_points = optimizer.suggest(n_suggestions)
  File "/home/ryedida/bbo_challenge_starter_kit/example_submissions/smoothness/optimizer.py", line 105, in suggest
    betas = [self._get_smoothness_reg(guess) for guess in guesses]
  File "/home/ryedida/bbo_challenge_starter_kit/example_submissions/smoothness/optimizer.py", line 105, in <listcomp>
    betas = [self._get_smoothness_reg(guess) for guess in guesses]
  File "/home/ryedida/bbo_challenge_starter_kit/example_submissions/smoothness/optimizer.py", line 48, in _get_smoothness_reg
    if activ > Kz:
NameError: name 'activ' is not defined
suggestion time taken 0.330148 iter 8 next_points [{'alpha': 2.1374479918325715, 'batch_size': 31, 'beta_1': 0.9898411404479655, 'beta_2': 0.9999912641209201, 'epsilon': 3.404459311446864e-07, 'hidden_layer_sizes': 198, 'learning_rate_init': 0.08355452466191358, 'tol': 1.7989530779394425e-05, 'validation_fraction': 0.504062381905163}]
function_evaluation time 0.326078 value 2838.294837 suggestion {'alpha': 2.1374479918325715, 'batch_size': 31, 'beta_1': 0.9898411404479655, 'beta_2': 0.9999912641209201, 'epsilon': 3.404459311446864e-07, 'hidden_layer_sizes': 198, 'learning_rate_init': 0.08355452466191358, 'tol': 1.7989530779394425e-05, 'validation_fraction': 0.504062381905163}
observation time 0.000006, current best 2838.294837 at iter 8
Failure in optimizer suggest. Falling back to random search.
name 'activ' is not defined
Traceback (most recent call last):
  File "/home/ryedida/.local/lib/python3.9/site-packages/bayesmark/experiment.py", line 126, in run_study
    next_points = optimizer.suggest(n_suggestions)
  File "/home/ryedida/bbo_challenge_starter_kit/example_submissions/smoothness/optimizer.py", line 105, in suggest
    betas = [self._get_smoothness_reg(guess) for guess in guesses]
  File "/home/ryedida/bbo_challenge_starter_kit/example_submissions/smoothness/optimizer.py", line 105, in <listcomp>
    betas = [self._get_smoothness_reg(guess) for guess in guesses]
  File "/home/ryedida/bbo_challenge_starter_kit/example_submissions/smoothness/optimizer.py", line 48, in _get_smoothness_reg
    if activ > Kz:
NameError: name 'activ' is not defined
suggestion time taken 0.323904 iter 9 next_points [{'alpha': 0.00031378954256790415, 'batch_size': 115, 'beta_1': 0.9468442702396676, 'beta_2': 0.9999883061399304, 'epsilon': 8.045839109814789e-07, 'hidden_layer_sizes': 122, 'learning_rate_init': 4.013183177479308e-05, 'tol': 0.0001153904820753202, 'validation_fraction': 0.48593639954954304}]
function_evaluation time 0.070189 value 29084.114277 suggestion {'alpha': 0.00031378954256790415, 'batch_size': 115, 'beta_1': 0.9468442702396676, 'beta_2': 0.9999883061399304, 'epsilon': 8.045839109814789e-07, 'hidden_layer_sizes': 122, 'learning_rate_init': 4.013183177479308e-05, 'tol': 0.0001153904820753202, 'validation_fraction': 0.48593639954954304}
observation time 0.000005, current best 2838.294837 at iter 9
Failure in optimizer suggest. Falling back to random search.
name 'activ' is not defined
Traceback (most recent call last):
  File "/home/ryedida/.local/lib/python3.9/site-packages/bayesmark/experiment.py", line 126, in run_study
    next_points = optimizer.suggest(n_suggestions)
  File "/home/ryedida/bbo_challenge_starter_kit/example_submissions/smoothness/optimizer.py", line 105, in suggest
    betas = [self._get_smoothness_reg(guess) for guess in guesses]
  File "/home/ryedida/bbo_challenge_starter_kit/example_submissions/smoothness/optimizer.py", line 105, in <listcomp>
    betas = [self._get_smoothness_reg(guess) for guess in guesses]
  File "/home/ryedida/bbo_challenge_starter_kit/example_submissions/smoothness/optimizer.py", line 48, in _get_smoothness_reg
    if activ > Kz:
NameError: name 'activ' is not defined
suggestion time taken 0.322666 iter 10 next_points [{'alpha': 1.0938415283716811, 'batch_size': 37, 'beta_1': 0.5270102432096773, 'beta_2': 0.9858629694697685, 'epsilon': 1.3032056443225108e-07, 'hidden_layer_sizes': 97, 'learning_rate_init': 0.05770923366831143, 'tol': 0.028947475973974807, 'validation_fraction': 0.8573146359947542}]
function_evaluation time 0.134456 value 4323.141495 suggestion {'alpha': 1.0938415283716811, 'batch_size': 37, 'beta_1': 0.5270102432096773, 'beta_2': 0.9858629694697685, 'epsilon': 1.3032056443225108e-07, 'hidden_layer_sizes': 97, 'learning_rate_init': 0.05770923366831143, 'tol': 0.028947475973974807, 'validation_fraction': 0.8573146359947542}
observation time 0.000005, current best 2838.294837 at iter 10
Failure in optimizer suggest. Falling back to random search.
name 'activ' is not defined
Traceback (most recent call last):
  File "/home/ryedida/.local/lib/python3.9/site-packages/bayesmark/experiment.py", line 126, in run_study
    next_points = optimizer.suggest(n_suggestions)
  File "/home/ryedida/bbo_challenge_starter_kit/example_submissions/smoothness/optimizer.py", line 105, in suggest
    betas = [self._get_smoothness_reg(guess) for guess in guesses]
  File "/home/ryedida/bbo_challenge_starter_kit/example_submissions/smoothness/optimizer.py", line 105, in <listcomp>
    betas = [self._get_smoothness_reg(guess) for guess in guesses]
  File "/home/ryedida/bbo_challenge_starter_kit/example_submissions/smoothness/optimizer.py", line 48, in _get_smoothness_reg
    if activ > Kz:
NameError: name 'activ' is not defined
suggestion time taken 0.326267 iter 11 next_points [{'alpha': 0.00018125589772498955, 'batch_size': 104, 'beta_1': 0.9522633591009607, 'beta_2': 0.9956992385356189, 'epsilon': 6.826868287551011e-08, 'hidden_layer_sizes': 144, 'learning_rate_init': 0.0017117838257190105, 'tol': 0.008309352504825012, 'validation_fraction': 0.6700591157299643}]
function_evaluation time 0.059879 value 29021.789523 suggestion {'alpha': 0.00018125589772498955, 'batch_size': 104, 'beta_1': 0.9522633591009607, 'beta_2': 0.9956992385356189, 'epsilon': 6.826868287551011e-08, 'hidden_layer_sizes': 144, 'learning_rate_init': 0.0017117838257190105, 'tol': 0.008309352504825012, 'validation_fraction': 0.6700591157299643}
observation time 0.000005, current best 2838.294837 at iter 11
Failure in optimizer suggest. Falling back to random search.
name 'activ' is not defined
Traceback (most recent call last):
  File "/home/ryedida/.local/lib/python3.9/site-packages/bayesmark/experiment.py", line 126, in run_study
    next_points = optimizer.suggest(n_suggestions)
  File "/home/ryedida/bbo_challenge_starter_kit/example_submissions/smoothness/optimizer.py", line 105, in suggest
    betas = [self._get_smoothness_reg(guess) for guess in guesses]
  File "/home/ryedida/bbo_challenge_starter_kit/example_submissions/smoothness/optimizer.py", line 105, in <listcomp>
    betas = [self._get_smoothness_reg(guess) for guess in guesses]
  File "/home/ryedida/bbo_challenge_starter_kit/example_submissions/smoothness/optimizer.py", line 48, in _get_smoothness_reg
    if activ > Kz:
NameError: name 'activ' is not defined
suggestion time taken 0.317123 iter 12 next_points [{'alpha': 0.007466364458412887, 'batch_size': 48, 'beta_1': 0.8111163814097241, 'beta_2': 0.9888871665216052, 'epsilon': 1.0703262451146585e-09, 'hidden_layer_sizes': 150, 'learning_rate_init': 0.00773362611188335, 'tol': 0.010090877157049937, 'validation_fraction': 0.10740209915741372}]
function_evaluation time 0.380544 value 3629.409049 suggestion {'alpha': 0.007466364458412887, 'batch_size': 48, 'beta_1': 0.8111163814097241, 'beta_2': 0.9888871665216052, 'epsilon': 1.0703262451146585e-09, 'hidden_layer_sizes': 150, 'learning_rate_init': 0.00773362611188335, 'tol': 0.010090877157049937, 'validation_fraction': 0.10740209915741372}
observation time 0.000007, current best 2838.294837 at iter 12
Failure in optimizer suggest. Falling back to random search.
name 'activ' is not defined
Traceback (most recent call last):
  File "/home/ryedida/.local/lib/python3.9/site-packages/bayesmark/experiment.py", line 126, in run_study
    next_points = optimizer.suggest(n_suggestions)
  File "/home/ryedida/bbo_challenge_starter_kit/example_submissions/smoothness/optimizer.py", line 105, in suggest
    betas = [self._get_smoothness_reg(guess) for guess in guesses]
  File "/home/ryedida/bbo_challenge_starter_kit/example_submissions/smoothness/optimizer.py", line 105, in <listcomp>
    betas = [self._get_smoothness_reg(guess) for guess in guesses]
  File "/home/ryedida/bbo_challenge_starter_kit/example_submissions/smoothness/optimizer.py", line 48, in _get_smoothness_reg
    if activ > Kz:
NameError: name 'activ' is not defined
suggestion time taken 0.328287 iter 13 next_points [{'alpha': 0.0004020940177822052, 'batch_size': 219, 'beta_1': 0.8085661573462702, 'beta_2': 0.9998787737142246, 'epsilon': 7.270041973720357e-09, 'hidden_layer_sizes': 103, 'learning_rate_init': 0.0003851783459283499, 'tol': 0.01763951797127618, 'validation_fraction': 0.4002059976234736}]
/home/ryedida/.local/lib/python3.9/site-packages/sklearn/neural_network/_multilayer_perceptron.py:605: UserWarning: Got `batch_size` less than 1 or larger than sample size. It is going to be clipped
  warnings.warn(

function_evaluation time 0.057501 value 29063.388077 suggestion {'alpha': 0.0004020940177822052, 'batch_size': 219, 'beta_1': 0.8085661573462702, 'beta_2': 0.9998787737142246, 'epsilon': 7.270041973720357e-09, 'hidden_layer_sizes': 103, 'learning_rate_init': 0.0003851783459283499, 'tol': 0.01763951797127618, 'validation_fraction': 0.4002059976234736}
observation time 0.000004, current best 2838.294837 at iter 13
Failure in optimizer suggest. Falling back to random search.
name 'activ' is not defined
Traceback (most recent call last):
  File "/home/ryedida/.local/lib/python3.9/site-packages/bayesmark/experiment.py", line 126, in run_study
    next_points = optimizer.suggest(n_suggestions)
  File "/home/ryedida/bbo_challenge_starter_kit/example_submissions/smoothness/optimizer.py", line 105, in suggest
    betas = [self._get_smoothness_reg(guess) for guess in guesses]
  File "/home/ryedida/bbo_challenge_starter_kit/example_submissions/smoothness/optimizer.py", line 105, in <listcomp>
    betas = [self._get_smoothness_reg(guess) for guess in guesses]
  File "/home/ryedida/bbo_challenge_starter_kit/example_submissions/smoothness/optimizer.py", line 48, in _get_smoothness_reg
    if activ > Kz:
NameError: name 'activ' is not defined
suggestion time taken 0.335624 iter 14 next_points [{'alpha': 0.00114160771942964, 'batch_size': 117, 'beta_1': 0.9411161501547547, 'beta_2': 0.9999813183639602, 'epsilon': 2.7905078534656298e-09, 'hidden_layer_sizes': 185, 'learning_rate_init': 0.0006897331284491658, 'tol': 0.007301713243768155, 'validation_fraction': 0.5319339273823646}]
function_evaluation time 0.081827 value 29012.106845 suggestion {'alpha': 0.00114160771942964, 'batch_size': 117, 'beta_1': 0.9411161501547547, 'beta_2': 0.9999813183639602, 'epsilon': 2.7905078534656298e-09, 'hidden_layer_sizes': 185, 'learning_rate_init': 0.0006897331284491658, 'tol': 0.007301713243768155, 'validation_fraction': 0.5319339273823646}
observation time 0.000005, current best 2838.294837 at iter 14
saving meta data: {'args': {'--uuid': '22a7e9eadc4c56309930b613fcbd2a6a', '-db-root': '/home/ryedida/bbo_challenge_starter_kit/output', '--opt-root': '/home/ryedida/bbo_challenge_starter_kit/example_submissions', '--data-root': None, '--db': 'run_20230425_055340', '--opt': 'smoothness', '--data': 'diabetes', '--classifier': 'MLP-adam', '--metric': 'mse', '--calls': 15, '--suggestions': 1, '--jobs-file': None, '--verbose': False, 'dry_run': False, 'rev': 'a376313', 'opt_rev': 'x.x.x'}, 'signature': ([{'alpha': 0.019628224813442792, 'batch_size': 182, 'beta_1': 0.9410202200271762, 'beta_2': 0.9998021557676793, 'epsilon': 1.8662266976518e-08, 'hidden_layer_sizes': 147, 'learning_rate_init': 0.0005627932047415167, 'tol': 0.03690557729213761, 'validation_fraction': 0.8846827852548593}, {'alpha': 0.0019982467392329444, 'batch_size': 200, 'beta_1': 0.919111482530466, 'beta_2': 0.9998488260436156, 'epsilon': 5.981221901152555e-07, 'hidden_layer_sizes': 61, 'learning_rate_init': 2.2310905607443014e-05, 'tol': 1.2046852412030316e-05, 'validation_fraction': 0.8117896445826539}, {'alpha': 0.46659545670218433, 'batch_size': 219, 'beta_1': 0.9889789783750891, 'beta_2': 0.9999896868093284, 'epsilon': 2.4234724484675948e-08, 'hidden_layer_sizes': 167, 'learning_rate_init': 2.972334644335654e-05, 'tol': 0.0036281404040243792, 'validation_fraction': 0.17260651658522078}, {'alpha': 4.656005689076002, 'batch_size': 135, 'beta_1': 0.870503881627747, 'beta_2': 0.9948873266941017, 'epsilon': 2.1023308743480125e-07, 'hidden_layer_sizes': 118, 'learning_rate_init': 0.0018781738757161913, 'tol': 1.1889379831773004e-05, 'validation_fraction': 0.6264327093752792}, {'alpha': 0.04705159350400542, 'batch_size': 158, 'beta_1': 0.9870884262730957, 'beta_2': 0.9999596874382349, 'epsilon': 1.1981845126013875e-08, 'hidden_layer_sizes': 116, 'learning_rate_init': 0.00617340520407431, 'tol': 1.741413418158619e-05, 'validation_fraction': 0.6754299026638921}], [29083.993548572587, 29062.423277324073, 29075.78987471409, 24626.32866834337, 9584.226858493177])}
saving results
saving timing
saving suggest log
done
