running: {'--uuid': '2eb0492224565093937f8bf31ab3d8f6', '-db-root': '/home/ryedida/bbo_challenge_starter_kit/output', '--opt-root': '/home/ryedida/bbo_challenge_starter_kit/example_submissions', '--data-root': None, '--db': 'run_20230425_055340', '--opt': 'smoothness', '--data': 'diabetes', '--classifier': 'MLP-adam', '--metric': 'mae', '--calls': 15, '--suggestions': 1, '--jobs-file': None, '--verbose': False, 'dry_run': False, 'rev': 'a376313', 'opt_rev': 'x.x.x'}
cmd: python smoothness/optimizer.py -c MLP-adam -d diabetes -o smoothness -u 2eb0492224565093937f8bf31ab3d8f6 -m mae -n 15 -p 1 -dir /home/ryedida/bbo_challenge_starter_kit/output -b run_20230425_055340
/home/ryedida/.local/lib/python3.9/site-packages/sklearn/neural_network/_multilayer_perceptron.py:605: UserWarning: Got `batch_size` less than 1 or larger than sample size. It is going to be clipped
  warnings.warn(

/home/ryedida/.local/lib/python3.9/site-packages/sklearn/neural_network/_multilayer_perceptron.py:605: UserWarning: Got `batch_size` less than 1 or larger than sample size. It is going to be clipped
  warnings.warn(

/home/ryedida/.local/lib/python3.9/site-packages/sklearn/neural_network/_multilayer_perceptron.py:605: UserWarning: Got `batch_size` less than 1 or larger than sample size. It is going to be clipped
  warnings.warn(

/home/ryedida/.local/lib/python3.9/site-packages/sklearn/neural_network/_multilayer_perceptron.py:686: ConvergenceWarning: Stochastic Optimizer: Maximum iterations (200) reached and the optimization hasn't converged yet.
  warnings.warn(

/home/ryedida/.local/lib/python3.9/site-packages/sklearn/neural_network/_multilayer_perceptron.py:605: UserWarning: Got `batch_size` less than 1 or larger than sample size. It is going to be clipped
  warnings.warn(

/home/ryedida/.local/lib/python3.9/site-packages/sklearn/neural_network/_multilayer_perceptron.py:686: ConvergenceWarning: Stochastic Optimizer: Maximum iterations (200) reached and the optimization hasn't converged yet.
  warnings.warn(

computed signature: ([{'alpha': 0.019628224813442792, 'batch_size': 182, 'beta_1': 0.9410202200271762, 'beta_2': 0.9998021557676793, 'epsilon': 1.8662266976518e-08, 'hidden_layer_sizes': 147, 'learning_rate_init': 0.0005627932047415167, 'tol': 0.03690557729213761, 'validation_fraction': 0.8846827852548593}, {'alpha': 0.0019982467392329444, 'batch_size': 200, 'beta_1': 0.919111482530466, 'beta_2': 0.9998488260436156, 'epsilon': 5.981221901152555e-07, 'hidden_layer_sizes': 61, 'learning_rate_init': 2.2310905607443014e-05, 'tol': 1.2046852412030316e-05, 'validation_fraction': 0.8117896445826539}, {'alpha': 0.46659545670218433, 'batch_size': 219, 'beta_1': 0.9889789783750891, 'beta_2': 0.9999896868093284, 'epsilon': 2.4234724484675948e-08, 'hidden_layer_sizes': 167, 'learning_rate_init': 2.972334644335654e-05, 'tol': 0.0036281404040243792, 'validation_fraction': 0.17260651658522078}, {'alpha': 4.656005689076002, 'batch_size': 135, 'beta_1': 0.870503881627747, 'beta_2': 0.9948873266941017, 'epsilon': 2.1023308743480125e-07, 'hidden_layer_sizes': 118, 'learning_rate_init': 0.0018781738757161913, 'tol': 1.1889379831773004e-05, 'validation_fraction': 0.6264327093752792}, {'alpha': 0.04705159350400542, 'batch_size': 158, 'beta_1': 0.9870884262730957, 'beta_2': 0.9999596874382349, 'epsilon': 1.1981845126013875e-08, 'hidden_layer_sizes': 116, 'learning_rate_init': 0.00617340520407431, 'tol': 1.741413418158619e-05, 'validation_fraction': 0.6754299026638921}], [151.4971925380264, 151.42763539278994, 151.47026299046811, 136.86202504264318, 75.2055865763391])
Signature errors:
                                  0             1             2         3         4       max
MLP-adam_diabetes_mae  1.919244e-08  6.198704e-08  7.624578e-09  0.000007  0.000034  0.000034
max                    1.919244e-08  6.198704e-08  7.624578e-09  0.000007  0.000034  0.000034
starting sklearn study smoothness MLP-adam diabetes mae 15 1
with data root: None
Failure in optimizer suggest. Falling back to random search.
name 'activ' is not defined
Traceback (most recent call last):
  File "/home/ryedida/.local/lib/python3.9/site-packages/bayesmark/experiment.py", line 126, in run_study
    next_points = optimizer.suggest(n_suggestions)
  File "/home/ryedida/bbo_challenge_starter_kit/example_submissions/smoothness/optimizer.py", line 105, in suggest
    betas = [self._get_smoothness_reg(guess) for guess in guesses]
  File "/home/ryedida/bbo_challenge_starter_kit/example_submissions/smoothness/optimizer.py", line 105, in <listcomp>
    betas = [self._get_smoothness_reg(guess) for guess in guesses]
  File "/home/ryedida/bbo_challenge_starter_kit/example_submissions/smoothness/optimizer.py", line 48, in _get_smoothness_reg
    if activ > Kz:
NameError: name 'activ' is not defined
suggestion time taken 0.493957 iter 0 next_points [{'alpha': 1.3755475003677577, 'batch_size': 120, 'beta_1': 0.7977843535013805, 'beta_2': 0.9761282880034309, 'epsilon': 1.2581742718084715e-07, 'hidden_layer_sizes': 85, 'learning_rate_init': 0.00042438771312444976, 'tol': 0.07957054570212149, 'validation_fraction': 0.2063219736474823}]
function_evaluation time 0.071557 value 151.465843 suggestion {'alpha': 1.3755475003677577, 'batch_size': 120, 'beta_1': 0.7977843535013805, 'beta_2': 0.9761282880034309, 'epsilon': 1.2581742718084715e-07, 'hidden_layer_sizes': 85, 'learning_rate_init': 0.00042438771312444976, 'tol': 0.07957054570212149, 'validation_fraction': 0.2063219736474823}
observation time 0.000007, current best 151.465843 at iter 0
Failure in optimizer suggest. Falling back to random search.
name 'activ' is not defined
Traceback (most recent call last):
  File "/home/ryedida/.local/lib/python3.9/site-packages/bayesmark/experiment.py", line 126, in run_study
    next_points = optimizer.suggest(n_suggestions)
  File "/home/ryedida/bbo_challenge_starter_kit/example_submissions/smoothness/optimizer.py", line 105, in suggest
    betas = [self._get_smoothness_reg(guess) for guess in guesses]
  File "/home/ryedida/bbo_challenge_starter_kit/example_submissions/smoothness/optimizer.py", line 105, in <listcomp>
    betas = [self._get_smoothness_reg(guess) for guess in guesses]
  File "/home/ryedida/bbo_challenge_starter_kit/example_submissions/smoothness/optimizer.py", line 48, in _get_smoothness_reg
    if activ > Kz:
NameError: name 'activ' is not defined
suggestion time taken 0.329210 iter 1 next_points [{'alpha': 0.059912414064580366, 'batch_size': 215, 'beta_1': 0.9529665362921657, 'beta_2': 0.9998845695299046, 'epsilon': 2.4966739929376935e-09, 'hidden_layer_sizes': 133, 'learning_rate_init': 0.0011575496234057462, 'tol': 0.0012894017123659947, 'validation_fraction': 0.3973711591227603}]
/home/ryedida/.local/lib/python3.9/site-packages/sklearn/neural_network/_multilayer_perceptron.py:605: UserWarning: Got `batch_size` less than 1 or larger than sample size. It is going to be clipped
  warnings.warn(

function_evaluation time 0.062496 value 151.340070 suggestion {'alpha': 0.059912414064580366, 'batch_size': 215, 'beta_1': 0.9529665362921657, 'beta_2': 0.9998845695299046, 'epsilon': 2.4966739929376935e-09, 'hidden_layer_sizes': 133, 'learning_rate_init': 0.0011575496234057462, 'tol': 0.0012894017123659947, 'validation_fraction': 0.3973711591227603}
observation time 0.000006, current best 151.340070 at iter 1
Failure in optimizer suggest. Falling back to random search.
name 'activ' is not defined
Traceback (most recent call last):
  File "/home/ryedida/.local/lib/python3.9/site-packages/bayesmark/experiment.py", line 126, in run_study
    next_points = optimizer.suggest(n_suggestions)
  File "/home/ryedida/bbo_challenge_starter_kit/example_submissions/smoothness/optimizer.py", line 105, in suggest
    betas = [self._get_smoothness_reg(guess) for guess in guesses]
  File "/home/ryedida/bbo_challenge_starter_kit/example_submissions/smoothness/optimizer.py", line 105, in <listcomp>
    betas = [self._get_smoothness_reg(guess) for guess in guesses]
  File "/home/ryedida/bbo_challenge_starter_kit/example_submissions/smoothness/optimizer.py", line 48, in _get_smoothness_reg
    if activ > Kz:
NameError: name 'activ' is not defined
suggestion time taken 0.328615 iter 2 next_points [{'alpha': 0.002808182141237699, 'batch_size': 218, 'beta_1': 0.9745483017238278, 'beta_2': 0.999981088079334, 'epsilon': 2.937162025008405e-09, 'hidden_layer_sizes': 104, 'learning_rate_init': 0.00407409114598055, 'tol': 0.0004792144004770706, 'validation_fraction': 0.6628791384903604}]
/home/ryedida/.local/lib/python3.9/site-packages/sklearn/neural_network/_multilayer_perceptron.py:605: UserWarning: Got `batch_size` less than 1 or larger than sample size. It is going to be clipped
  warnings.warn(

/home/ryedida/.local/lib/python3.9/site-packages/sklearn/neural_network/_multilayer_perceptron.py:686: ConvergenceWarning: Stochastic Optimizer: Maximum iterations (200) reached and the optimization hasn't converged yet.
  warnings.warn(

function_evaluation time 0.708606 value 111.251135 suggestion {'alpha': 0.002808182141237699, 'batch_size': 218, 'beta_1': 0.9745483017238278, 'beta_2': 0.999981088079334, 'epsilon': 2.937162025008405e-09, 'hidden_layer_sizes': 104, 'learning_rate_init': 0.00407409114598055, 'tol': 0.0004792144004770706, 'validation_fraction': 0.6628791384903604}
observation time 0.000005, current best 111.251135 at iter 2
Failure in optimizer suggest. Falling back to random search.
name 'activ' is not defined
Traceback (most recent call last):
  File "/home/ryedida/.local/lib/python3.9/site-packages/bayesmark/experiment.py", line 126, in run_study
    next_points = optimizer.suggest(n_suggestions)
  File "/home/ryedida/bbo_challenge_starter_kit/example_submissions/smoothness/optimizer.py", line 105, in suggest
    betas = [self._get_smoothness_reg(guess) for guess in guesses]
  File "/home/ryedida/bbo_challenge_starter_kit/example_submissions/smoothness/optimizer.py", line 105, in <listcomp>
    betas = [self._get_smoothness_reg(guess) for guess in guesses]
  File "/home/ryedida/bbo_challenge_starter_kit/example_submissions/smoothness/optimizer.py", line 48, in _get_smoothness_reg
    if activ > Kz:
NameError: name 'activ' is not defined
suggestion time taken 0.324877 iter 3 next_points [{'alpha': 0.0003238086574605381, 'batch_size': 98, 'beta_1': 0.9449435283000271, 'beta_2': 0.9999729446102864, 'epsilon': 1.5267319789256029e-07, 'hidden_layer_sizes': 97, 'learning_rate_init': 0.007447182354763098, 'tol': 2.0075804103373693e-05, 'validation_fraction': 0.2005459766786745}]
/home/ryedida/.local/lib/python3.9/site-packages/sklearn/neural_network/_multilayer_perceptron.py:686: ConvergenceWarning: Stochastic Optimizer: Maximum iterations (200) reached and the optimization hasn't converged yet.
  warnings.warn(

function_evaluation time 1.218536 value 46.003594 suggestion {'alpha': 0.0003238086574605381, 'batch_size': 98, 'beta_1': 0.9449435283000271, 'beta_2': 0.9999729446102864, 'epsilon': 1.5267319789256029e-07, 'hidden_layer_sizes': 97, 'learning_rate_init': 0.007447182354763098, 'tol': 2.0075804103373693e-05, 'validation_fraction': 0.2005459766786745}
observation time 0.000005, current best 46.003594 at iter 3
Failure in optimizer suggest. Falling back to random search.
name 'activ' is not defined
Traceback (most recent call last):
  File "/home/ryedida/.local/lib/python3.9/site-packages/bayesmark/experiment.py", line 126, in run_study
    next_points = optimizer.suggest(n_suggestions)
  File "/home/ryedida/bbo_challenge_starter_kit/example_submissions/smoothness/optimizer.py", line 105, in suggest
    betas = [self._get_smoothness_reg(guess) for guess in guesses]
  File "/home/ryedida/bbo_challenge_starter_kit/example_submissions/smoothness/optimizer.py", line 105, in <listcomp>
    betas = [self._get_smoothness_reg(guess) for guess in guesses]
  File "/home/ryedida/bbo_challenge_starter_kit/example_submissions/smoothness/optimizer.py", line 48, in _get_smoothness_reg
    if activ > Kz:
NameError: name 'activ' is not defined
suggestion time taken 0.332073 iter 4 next_points [{'alpha': 0.00011892272394244974, 'batch_size': 208, 'beta_1': 0.5260662583378427, 'beta_2': 0.9999286598819125, 'epsilon': 3.320316664811323e-07, 'hidden_layer_sizes': 184, 'learning_rate_init': 0.023584196426324304, 'tol': 0.0011190041478123683, 'validation_fraction': 0.8839813039662606}]
/home/ryedida/.local/lib/python3.9/site-packages/sklearn/neural_network/_multilayer_perceptron.py:605: UserWarning: Got `batch_size` less than 1 or larger than sample size. It is going to be clipped
  warnings.warn(

function_evaluation time 0.366296 value 50.478273 suggestion {'alpha': 0.00011892272394244974, 'batch_size': 208, 'beta_1': 0.5260662583378427, 'beta_2': 0.9999286598819125, 'epsilon': 3.320316664811323e-07, 'hidden_layer_sizes': 184, 'learning_rate_init': 0.023584196426324304, 'tol': 0.0011190041478123683, 'validation_fraction': 0.8839813039662606}
observation time 0.000005, current best 46.003594 at iter 4
Failure in optimizer suggest. Falling back to random search.
name 'activ' is not defined
Traceback (most recent call last):
  File "/home/ryedida/.local/lib/python3.9/site-packages/bayesmark/experiment.py", line 126, in run_study
    next_points = optimizer.suggest(n_suggestions)
  File "/home/ryedida/bbo_challenge_starter_kit/example_submissions/smoothness/optimizer.py", line 105, in suggest
    betas = [self._get_smoothness_reg(guess) for guess in guesses]
  File "/home/ryedida/bbo_challenge_starter_kit/example_submissions/smoothness/optimizer.py", line 105, in <listcomp>
    betas = [self._get_smoothness_reg(guess) for guess in guesses]
  File "/home/ryedida/bbo_challenge_starter_kit/example_submissions/smoothness/optimizer.py", line 48, in _get_smoothness_reg
    if activ > Kz:
NameError: name 'activ' is not defined
suggestion time taken 0.324737 iter 5 next_points [{'alpha': 0.2758450039036408, 'batch_size': 141, 'beta_1': 0.9792465946815849, 'beta_2': 0.9186356227922905, 'epsilon': 2.606987142134848e-09, 'hidden_layer_sizes': 133, 'learning_rate_init': 0.001278552233606519, 'tol': 0.00024139460724388758, 'validation_fraction': 0.5631660065643881}]
/home/ryedida/.local/lib/python3.9/site-packages/sklearn/neural_network/_multilayer_perceptron.py:686: ConvergenceWarning: Stochastic Optimizer: Maximum iterations (200) reached and the optimization hasn't converged yet.
  warnings.warn(

function_evaluation time 0.847171 value 146.667386 suggestion {'alpha': 0.2758450039036408, 'batch_size': 141, 'beta_1': 0.9792465946815849, 'beta_2': 0.9186356227922905, 'epsilon': 2.606987142134848e-09, 'hidden_layer_sizes': 133, 'learning_rate_init': 0.001278552233606519, 'tol': 0.00024139460724388758, 'validation_fraction': 0.5631660065643881}
observation time 0.000005, current best 46.003594 at iter 5
Failure in optimizer suggest. Falling back to random search.
name 'activ' is not defined
Traceback (most recent call last):
  File "/home/ryedida/.local/lib/python3.9/site-packages/bayesmark/experiment.py", line 126, in run_study
    next_points = optimizer.suggest(n_suggestions)
  File "/home/ryedida/bbo_challenge_starter_kit/example_submissions/smoothness/optimizer.py", line 105, in suggest
    betas = [self._get_smoothness_reg(guess) for guess in guesses]
  File "/home/ryedida/bbo_challenge_starter_kit/example_submissions/smoothness/optimizer.py", line 105, in <listcomp>
    betas = [self._get_smoothness_reg(guess) for guess in guesses]
  File "/home/ryedida/bbo_challenge_starter_kit/example_submissions/smoothness/optimizer.py", line 48, in _get_smoothness_reg
    if activ > Kz:
NameError: name 'activ' is not defined
suggestion time taken 0.343463 iter 6 next_points [{'alpha': 2.7996604210645346, 'batch_size': 31, 'beta_1': 0.6086145137229215, 'beta_2': 0.9972351003602394, 'epsilon': 2.1700729103388393e-09, 'hidden_layer_sizes': 185, 'learning_rate_init': 3.1157836792518497e-05, 'tol': 0.0007594266988013024, 'validation_fraction': 0.4638379247192463}]
function_evaluation time 0.123715 value 151.508852 suggestion {'alpha': 2.7996604210645346, 'batch_size': 31, 'beta_1': 0.6086145137229215, 'beta_2': 0.9972351003602394, 'epsilon': 2.1700729103388393e-09, 'hidden_layer_sizes': 185, 'learning_rate_init': 3.1157836792518497e-05, 'tol': 0.0007594266988013024, 'validation_fraction': 0.4638379247192463}
observation time 0.000005, current best 46.003594 at iter 6
Failure in optimizer suggest. Falling back to random search.
name 'activ' is not defined
Traceback (most recent call last):
  File "/home/ryedida/.local/lib/python3.9/site-packages/bayesmark/experiment.py", line 126, in run_study
    next_points = optimizer.suggest(n_suggestions)
  File "/home/ryedida/bbo_challenge_starter_kit/example_submissions/smoothness/optimizer.py", line 105, in suggest
    betas = [self._get_smoothness_reg(guess) for guess in guesses]
  File "/home/ryedida/bbo_challenge_starter_kit/example_submissions/smoothness/optimizer.py", line 105, in <listcomp>
    betas = [self._get_smoothness_reg(guess) for guess in guesses]
  File "/home/ryedida/bbo_challenge_starter_kit/example_submissions/smoothness/optimizer.py", line 48, in _get_smoothness_reg
    if activ > Kz:
NameError: name 'activ' is not defined
suggestion time taken 0.460463 iter 7 next_points [{'alpha': 0.00012280240951120756, 'batch_size': 38, 'beta_1': 0.5245824006929836, 'beta_2': 0.9999893910298502, 'epsilon': 2.8793531235975894e-08, 'hidden_layer_sizes': 110, 'learning_rate_init': 0.009890072873942165, 'tol': 0.0005076253758524646, 'validation_fraction': 0.356262064465776}]
function_evaluation time 1.073557 value 44.111166 suggestion {'alpha': 0.00012280240951120756, 'batch_size': 38, 'beta_1': 0.5245824006929836, 'beta_2': 0.9999893910298502, 'epsilon': 2.8793531235975894e-08, 'hidden_layer_sizes': 110, 'learning_rate_init': 0.009890072873942165, 'tol': 0.0005076253758524646, 'validation_fraction': 0.356262064465776}
observation time 0.000005, current best 44.111166 at iter 7
Failure in optimizer suggest. Falling back to random search.
name 'activ' is not defined
Traceback (most recent call last):
  File "/home/ryedida/.local/lib/python3.9/site-packages/bayesmark/experiment.py", line 126, in run_study
    next_points = optimizer.suggest(n_suggestions)
  File "/home/ryedida/bbo_challenge_starter_kit/example_submissions/smoothness/optimizer.py", line 105, in suggest
    betas = [self._get_smoothness_reg(guess) for guess in guesses]
  File "/home/ryedida/bbo_challenge_starter_kit/example_submissions/smoothness/optimizer.py", line 105, in <listcomp>
    betas = [self._get_smoothness_reg(guess) for guess in guesses]
  File "/home/ryedida/bbo_challenge_starter_kit/example_submissions/smoothness/optimizer.py", line 48, in _get_smoothness_reg
    if activ > Kz:
NameError: name 'activ' is not defined
suggestion time taken 0.329987 iter 8 next_points [{'alpha': 0.002492906976762413, 'batch_size': 238, 'beta_1': 0.965973891143801, 'beta_2': 0.9557784858529504, 'epsilon': 2.9583916239233946e-08, 'hidden_layer_sizes': 147, 'learning_rate_init': 2.925571910974399e-05, 'tol': 0.0015949882160212756, 'validation_fraction': 0.6410893954040583}]
/home/ryedida/.local/lib/python3.9/site-packages/sklearn/neural_network/_multilayer_perceptron.py:605: UserWarning: Got `batch_size` less than 1 or larger than sample size. It is going to be clipped
  warnings.warn(

function_evaluation time 0.058956 value 151.687213 suggestion {'alpha': 0.002492906976762413, 'batch_size': 238, 'beta_1': 0.965973891143801, 'beta_2': 0.9557784858529504, 'epsilon': 2.9583916239233946e-08, 'hidden_layer_sizes': 147, 'learning_rate_init': 2.925571910974399e-05, 'tol': 0.0015949882160212756, 'validation_fraction': 0.6410893954040583}
observation time 0.000005, current best 44.111166 at iter 8
Failure in optimizer suggest. Falling back to random search.
name 'activ' is not defined
Traceback (most recent call last):
  File "/home/ryedida/.local/lib/python3.9/site-packages/bayesmark/experiment.py", line 126, in run_study
    next_points = optimizer.suggest(n_suggestions)
  File "/home/ryedida/bbo_challenge_starter_kit/example_submissions/smoothness/optimizer.py", line 105, in suggest
    betas = [self._get_smoothness_reg(guess) for guess in guesses]
  File "/home/ryedida/bbo_challenge_starter_kit/example_submissions/smoothness/optimizer.py", line 105, in <listcomp>
    betas = [self._get_smoothness_reg(guess) for guess in guesses]
  File "/home/ryedida/bbo_challenge_starter_kit/example_submissions/smoothness/optimizer.py", line 48, in _get_smoothness_reg
    if activ > Kz:
NameError: name 'activ' is not defined
suggestion time taken 0.323527 iter 9 next_points [{'alpha': 0.0007692320084773331, 'batch_size': 19, 'beta_1': 0.554187226980132, 'beta_2': 0.9999949318186456, 'epsilon': 4.598701928770457e-09, 'hidden_layer_sizes': 124, 'learning_rate_init': 0.0012453477772478027, 'tol': 0.007785457706724227, 'validation_fraction': 0.37966024305462465}]
function_evaluation time 1.433425 value 55.818316 suggestion {'alpha': 0.0007692320084773331, 'batch_size': 19, 'beta_1': 0.554187226980132, 'beta_2': 0.9999949318186456, 'epsilon': 4.598701928770457e-09, 'hidden_layer_sizes': 124, 'learning_rate_init': 0.0012453477772478027, 'tol': 0.007785457706724227, 'validation_fraction': 0.37966024305462465}
observation time 0.000005, current best 44.111166 at iter 9
Failure in optimizer suggest. Falling back to random search.
name 'activ' is not defined
Traceback (most recent call last):
  File "/home/ryedida/.local/lib/python3.9/site-packages/bayesmark/experiment.py", line 126, in run_study
    next_points = optimizer.suggest(n_suggestions)
  File "/home/ryedida/bbo_challenge_starter_kit/example_submissions/smoothness/optimizer.py", line 105, in suggest
    betas = [self._get_smoothness_reg(guess) for guess in guesses]
  File "/home/ryedida/bbo_challenge_starter_kit/example_submissions/smoothness/optimizer.py", line 105, in <listcomp>
    betas = [self._get_smoothness_reg(guess) for guess in guesses]
  File "/home/ryedida/bbo_challenge_starter_kit/example_submissions/smoothness/optimizer.py", line 48, in _get_smoothness_reg
    if activ > Kz:
NameError: name 'activ' is not defined
suggestion time taken 0.331483 iter 10 next_points [{'alpha': 0.04613158365179177, 'batch_size': 250, 'beta_1': 0.8823144385418326, 'beta_2': 0.9983221646996205, 'epsilon': 7.475649626137073e-08, 'hidden_layer_sizes': 194, 'learning_rate_init': 1.1165719757409505e-05, 'tol': 0.0010119846554973414, 'validation_fraction': 0.8506471000831622}]
/home/ryedida/.local/lib/python3.9/site-packages/sklearn/neural_network/_multilayer_perceptron.py:605: UserWarning: Got `batch_size` less than 1 or larger than sample size. It is going to be clipped
  warnings.warn(

function_evaluation time 0.061663 value 151.606279 suggestion {'alpha': 0.04613158365179177, 'batch_size': 250, 'beta_1': 0.8823144385418326, 'beta_2': 0.9983221646996205, 'epsilon': 7.475649626137073e-08, 'hidden_layer_sizes': 194, 'learning_rate_init': 1.1165719757409505e-05, 'tol': 0.0010119846554973414, 'validation_fraction': 0.8506471000831622}
observation time 0.000006, current best 44.111166 at iter 10
Failure in optimizer suggest. Falling back to random search.
name 'activ' is not defined
Traceback (most recent call last):
  File "/home/ryedida/.local/lib/python3.9/site-packages/bayesmark/experiment.py", line 126, in run_study
    next_points = optimizer.suggest(n_suggestions)
  File "/home/ryedida/bbo_challenge_starter_kit/example_submissions/smoothness/optimizer.py", line 105, in suggest
    betas = [self._get_smoothness_reg(guess) for guess in guesses]
  File "/home/ryedida/bbo_challenge_starter_kit/example_submissions/smoothness/optimizer.py", line 105, in <listcomp>
    betas = [self._get_smoothness_reg(guess) for guess in guesses]
  File "/home/ryedida/bbo_challenge_starter_kit/example_submissions/smoothness/optimizer.py", line 48, in _get_smoothness_reg
    if activ > Kz:
NameError: name 'activ' is not defined
suggestion time taken 0.321138 iter 11 next_points [{'alpha': 0.007973062796833887, 'batch_size': 222, 'beta_1': 0.9078688845040409, 'beta_2': 0.9956051533060531, 'epsilon': 1.0325539216443484e-09, 'hidden_layer_sizes': 74, 'learning_rate_init': 0.002137100591343667, 'tol': 1.071029823754588e-05, 'validation_fraction': 0.32010326248649734}]
/home/ryedida/.local/lib/python3.9/site-packages/sklearn/neural_network/_multilayer_perceptron.py:686: ConvergenceWarning: Stochastic Optimizer: Maximum iterations (200) reached and the optimization hasn't converged yet.
  warnings.warn(

function_evaluation time 0.762778 value 139.309224 suggestion {'alpha': 0.007973062796833887, 'batch_size': 222, 'beta_1': 0.9078688845040409, 'beta_2': 0.9956051533060531, 'epsilon': 1.0325539216443484e-09, 'hidden_layer_sizes': 74, 'learning_rate_init': 0.002137100591343667, 'tol': 1.071029823754588e-05, 'validation_fraction': 0.32010326248649734}
observation time 0.000006, current best 44.111166 at iter 11
Failure in optimizer suggest. Falling back to random search.
name 'activ' is not defined
Traceback (most recent call last):
  File "/home/ryedida/.local/lib/python3.9/site-packages/bayesmark/experiment.py", line 126, in run_study
    next_points = optimizer.suggest(n_suggestions)
  File "/home/ryedida/bbo_challenge_starter_kit/example_submissions/smoothness/optimizer.py", line 105, in suggest
    betas = [self._get_smoothness_reg(guess) for guess in guesses]
  File "/home/ryedida/bbo_challenge_starter_kit/example_submissions/smoothness/optimizer.py", line 105, in <listcomp>
    betas = [self._get_smoothness_reg(guess) for guess in guesses]
  File "/home/ryedida/bbo_challenge_starter_kit/example_submissions/smoothness/optimizer.py", line 48, in _get_smoothness_reg
    if activ > Kz:
NameError: name 'activ' is not defined
suggestion time taken 0.320579 iter 12 next_points [{'alpha': 0.0012017097492513997, 'batch_size': 210, 'beta_1': 0.9494370837439958, 'beta_2': 0.9993427209053992, 'epsilon': 2.820523808702609e-08, 'hidden_layer_sizes': 128, 'learning_rate_init': 0.0030709345106857103, 'tol': 0.000562510872694567, 'validation_fraction': 0.49233123205728635}]
/home/ryedida/.local/lib/python3.9/site-packages/sklearn/neural_network/_multilayer_perceptron.py:605: UserWarning: Got `batch_size` less than 1 or larger than sample size. It is going to be clipped
  warnings.warn(

/home/ryedida/.local/lib/python3.9/site-packages/sklearn/neural_network/_multilayer_perceptron.py:686: ConvergenceWarning: Stochastic Optimizer: Maximum iterations (200) reached and the optimization hasn't converged yet.
  warnings.warn(

function_evaluation time 0.819723 value 115.214654 suggestion {'alpha': 0.0012017097492513997, 'batch_size': 210, 'beta_1': 0.9494370837439958, 'beta_2': 0.9993427209053992, 'epsilon': 2.820523808702609e-08, 'hidden_layer_sizes': 128, 'learning_rate_init': 0.0030709345106857103, 'tol': 0.000562510872694567, 'validation_fraction': 0.49233123205728635}
observation time 0.000005, current best 44.111166 at iter 12
Failure in optimizer suggest. Falling back to random search.
name 'activ' is not defined
Traceback (most recent call last):
  File "/home/ryedida/.local/lib/python3.9/site-packages/bayesmark/experiment.py", line 126, in run_study
    next_points = optimizer.suggest(n_suggestions)
  File "/home/ryedida/bbo_challenge_starter_kit/example_submissions/smoothness/optimizer.py", line 105, in suggest
    betas = [self._get_smoothness_reg(guess) for guess in guesses]
  File "/home/ryedida/bbo_challenge_starter_kit/example_submissions/smoothness/optimizer.py", line 105, in <listcomp>
    betas = [self._get_smoothness_reg(guess) for guess in guesses]
  File "/home/ryedida/bbo_challenge_starter_kit/example_submissions/smoothness/optimizer.py", line 48, in _get_smoothness_reg
    if activ > Kz:
NameError: name 'activ' is not defined
suggestion time taken 0.317672 iter 13 next_points [{'alpha': 0.039477720034646724, 'batch_size': 45, 'beta_1': 0.7041747703598601, 'beta_2': 0.9467896918203599, 'epsilon': 1.5552926977852208e-09, 'hidden_layer_sizes': 178, 'learning_rate_init': 0.07478701273671015, 'tol': 2.6855836208042283e-05, 'validation_fraction': 0.40971800995147833}]
function_evaluation time 0.289036 value 43.338482 suggestion {'alpha': 0.039477720034646724, 'batch_size': 45, 'beta_1': 0.7041747703598601, 'beta_2': 0.9467896918203599, 'epsilon': 1.5552926977852208e-09, 'hidden_layer_sizes': 178, 'learning_rate_init': 0.07478701273671015, 'tol': 2.6855836208042283e-05, 'validation_fraction': 0.40971800995147833}
observation time 0.000006, current best 43.338482 at iter 13
Failure in optimizer suggest. Falling back to random search.
name 'activ' is not defined
Traceback (most recent call last):
  File "/home/ryedida/.local/lib/python3.9/site-packages/bayesmark/experiment.py", line 126, in run_study
    next_points = optimizer.suggest(n_suggestions)
  File "/home/ryedida/bbo_challenge_starter_kit/example_submissions/smoothness/optimizer.py", line 105, in suggest
    betas = [self._get_smoothness_reg(guess) for guess in guesses]
  File "/home/ryedida/bbo_challenge_starter_kit/example_submissions/smoothness/optimizer.py", line 105, in <listcomp>
    betas = [self._get_smoothness_reg(guess) for guess in guesses]
  File "/home/ryedida/bbo_challenge_starter_kit/example_submissions/smoothness/optimizer.py", line 48, in _get_smoothness_reg
    if activ > Kz:
NameError: name 'activ' is not defined
suggestion time taken 0.326921 iter 14 next_points [{'alpha': 0.30242900976979353, 'batch_size': 142, 'beta_1': 0.5690969297317117, 'beta_2': 0.9999953156046323, 'epsilon': 4.010196068660434e-09, 'hidden_layer_sizes': 128, 'learning_rate_init': 0.0002993610870129475, 'tol': 4.0944233617013334e-05, 'validation_fraction': 0.8441279830845423}]
/home/ryedida/.local/lib/python3.9/site-packages/sklearn/neural_network/_multilayer_perceptron.py:605: UserWarning: Got `batch_size` less than 1 or larger than sample size. It is going to be clipped
  warnings.warn(

/home/ryedida/.local/lib/python3.9/site-packages/sklearn/neural_network/_multilayer_perceptron.py:686: ConvergenceWarning: Stochastic Optimizer: Maximum iterations (200) reached and the optimization hasn't converged yet.
  warnings.warn(

function_evaluation time 0.674371 value 150.481066 suggestion {'alpha': 0.30242900976979353, 'batch_size': 142, 'beta_1': 0.5690969297317117, 'beta_2': 0.9999953156046323, 'epsilon': 4.010196068660434e-09, 'hidden_layer_sizes': 128, 'learning_rate_init': 0.0002993610870129475, 'tol': 4.0944233617013334e-05, 'validation_fraction': 0.8441279830845423}
observation time 0.000006, current best 43.338482 at iter 14
saving meta data: {'args': {'--uuid': '2eb0492224565093937f8bf31ab3d8f6', '-db-root': '/home/ryedida/bbo_challenge_starter_kit/output', '--opt-root': '/home/ryedida/bbo_challenge_starter_kit/example_submissions', '--data-root': None, '--db': 'run_20230425_055340', '--opt': 'smoothness', '--data': 'diabetes', '--classifier': 'MLP-adam', '--metric': 'mae', '--calls': 15, '--suggestions': 1, '--jobs-file': None, '--verbose': False, 'dry_run': False, 'rev': 'a376313', 'opt_rev': 'x.x.x'}, 'signature': ([{'alpha': 0.019628224813442792, 'batch_size': 182, 'beta_1': 0.9410202200271762, 'beta_2': 0.9998021557676793, 'epsilon': 1.8662266976518e-08, 'hidden_layer_sizes': 147, 'learning_rate_init': 0.0005627932047415167, 'tol': 0.03690557729213761, 'validation_fraction': 0.8846827852548593}, {'alpha': 0.0019982467392329444, 'batch_size': 200, 'beta_1': 0.919111482530466, 'beta_2': 0.9998488260436156, 'epsilon': 5.981221901152555e-07, 'hidden_layer_sizes': 61, 'learning_rate_init': 2.2310905607443014e-05, 'tol': 1.2046852412030316e-05, 'validation_fraction': 0.8117896445826539}, {'alpha': 0.46659545670218433, 'batch_size': 219, 'beta_1': 0.9889789783750891, 'beta_2': 0.9999896868093284, 'epsilon': 2.4234724484675948e-08, 'hidden_layer_sizes': 167, 'learning_rate_init': 2.972334644335654e-05, 'tol': 0.0036281404040243792, 'validation_fraction': 0.17260651658522078}, {'alpha': 4.656005689076002, 'batch_size': 135, 'beta_1': 0.870503881627747, 'beta_2': 0.9948873266941017, 'epsilon': 2.1023308743480125e-07, 'hidden_layer_sizes': 118, 'learning_rate_init': 0.0018781738757161913, 'tol': 1.1889379831773004e-05, 'validation_fraction': 0.6264327093752792}, {'alpha': 0.04705159350400542, 'batch_size': 158, 'beta_1': 0.9870884262730957, 'beta_2': 0.9999596874382349, 'epsilon': 1.1981845126013875e-08, 'hidden_layer_sizes': 116, 'learning_rate_init': 0.00617340520407431, 'tol': 1.741413418158619e-05, 'validation_fraction': 0.6754299026638921}], [151.4971925380264, 151.42763539278994, 151.47026299046811, 136.86202504264318, 75.2055865763391])}
saving results
saving timing
saving suggest log
done
