running: {'--uuid': '3dc1b2ef6a64561eb2b0617db529cf0a', '-db-root': '/home/ryedida/bbo_challenge_starter_kit/output', '--opt-root': '/home/ryedida/bbo_challenge_starter_kit/example_submissions', '--data-root': None, '--db': 'run_20230425_055340', '--opt': 'smoothness', '--data': 'diabetes', '--classifier': 'MLP-adam', '--metric': 'mae', '--calls': 15, '--suggestions': 1, '--jobs-file': None, '--verbose': False, 'dry_run': False, 'rev': 'a376313', 'opt_rev': 'x.x.x'}
cmd: python smoothness/optimizer.py -c MLP-adam -d diabetes -o smoothness -u 3dc1b2ef6a64561eb2b0617db529cf0a -m mae -n 15 -p 1 -dir /home/ryedida/bbo_challenge_starter_kit/output -b run_20230425_055340
/home/ryedida/.local/lib/python3.9/site-packages/sklearn/neural_network/_multilayer_perceptron.py:605: UserWarning: Got `batch_size` less than 1 or larger than sample size. It is going to be clipped
  warnings.warn(

/home/ryedida/.local/lib/python3.9/site-packages/sklearn/neural_network/_multilayer_perceptron.py:605: UserWarning: Got `batch_size` less than 1 or larger than sample size. It is going to be clipped
  warnings.warn(

/home/ryedida/.local/lib/python3.9/site-packages/sklearn/neural_network/_multilayer_perceptron.py:605: UserWarning: Got `batch_size` less than 1 or larger than sample size. It is going to be clipped
  warnings.warn(

/home/ryedida/.local/lib/python3.9/site-packages/sklearn/neural_network/_multilayer_perceptron.py:686: ConvergenceWarning: Stochastic Optimizer: Maximum iterations (200) reached and the optimization hasn't converged yet.
  warnings.warn(

/home/ryedida/.local/lib/python3.9/site-packages/sklearn/neural_network/_multilayer_perceptron.py:605: UserWarning: Got `batch_size` less than 1 or larger than sample size. It is going to be clipped
  warnings.warn(

/home/ryedida/.local/lib/python3.9/site-packages/sklearn/neural_network/_multilayer_perceptron.py:686: ConvergenceWarning: Stochastic Optimizer: Maximum iterations (200) reached and the optimization hasn't converged yet.
  warnings.warn(

computed signature: ([{'alpha': 0.019628224813442792, 'batch_size': 182, 'beta_1': 0.9410202200271762, 'beta_2': 0.9998021557676793, 'epsilon': 1.8662266976518e-08, 'hidden_layer_sizes': 147, 'learning_rate_init': 0.0005627932047415167, 'tol': 0.03690557729213761, 'validation_fraction': 0.8846827852548593}, {'alpha': 0.0019982467392329444, 'batch_size': 200, 'beta_1': 0.919111482530466, 'beta_2': 0.9998488260436156, 'epsilon': 5.981221901152555e-07, 'hidden_layer_sizes': 61, 'learning_rate_init': 2.2310905607443014e-05, 'tol': 1.2046852412030316e-05, 'validation_fraction': 0.8117896445826539}, {'alpha': 0.46659545670218433, 'batch_size': 219, 'beta_1': 0.9889789783750891, 'beta_2': 0.9999896868093284, 'epsilon': 2.4234724484675948e-08, 'hidden_layer_sizes': 167, 'learning_rate_init': 2.972334644335654e-05, 'tol': 0.0036281404040243792, 'validation_fraction': 0.17260651658522078}, {'alpha': 4.656005689076002, 'batch_size': 135, 'beta_1': 0.870503881627747, 'beta_2': 0.9948873266941017, 'epsilon': 2.1023308743480125e-07, 'hidden_layer_sizes': 118, 'learning_rate_init': 0.0018781738757161913, 'tol': 1.1889379831773004e-05, 'validation_fraction': 0.6264327093752792}, {'alpha': 0.04705159350400542, 'batch_size': 158, 'beta_1': 0.9870884262730957, 'beta_2': 0.9999596874382349, 'epsilon': 1.1981845126013875e-08, 'hidden_layer_sizes': 116, 'learning_rate_init': 0.00617340520407431, 'tol': 1.741413418158619e-05, 'validation_fraction': 0.6754299026638921}], [151.4971925380264, 151.42763539278994, 151.47026299046811, 136.86202504264318, 75.2055865763391])
Signature errors:
                                  0             1             2         3         4       max
MLP-adam_diabetes_mae  1.919244e-08  6.198704e-08  7.624578e-09  0.000007  0.000034  0.000034
max                    1.919244e-08  6.198704e-08  7.624578e-09  0.000007  0.000034  0.000034
starting sklearn study smoothness MLP-adam diabetes mae 15 1
with data root: None
Failure in optimizer suggest. Falling back to random search.
name 'activ' is not defined
Traceback (most recent call last):
  File "/home/ryedida/.local/lib/python3.9/site-packages/bayesmark/experiment.py", line 126, in run_study
    next_points = optimizer.suggest(n_suggestions)
  File "/home/ryedida/bbo_challenge_starter_kit/example_submissions/smoothness/optimizer.py", line 105, in suggest
    betas = [self._get_smoothness_reg(guess) for guess in guesses]
  File "/home/ryedida/bbo_challenge_starter_kit/example_submissions/smoothness/optimizer.py", line 105, in <listcomp>
    betas = [self._get_smoothness_reg(guess) for guess in guesses]
  File "/home/ryedida/bbo_challenge_starter_kit/example_submissions/smoothness/optimizer.py", line 48, in _get_smoothness_reg
    if activ > Kz:
NameError: name 'activ' is not defined
suggestion time taken 0.497276 iter 0 next_points [{'alpha': 0.04554840415350364, 'batch_size': 129, 'beta_1': 0.9750066595238, 'beta_2': 0.9999978510418779, 'epsilon': 3.3863704101680257e-09, 'hidden_layer_sizes': 176, 'learning_rate_init': 0.00022496569021476505, 'tol': 3.2276917421445176e-05, 'validation_fraction': 0.7997684386756198}]
/home/ryedida/.local/lib/python3.9/site-packages/sklearn/neural_network/_multilayer_perceptron.py:605: UserWarning: Got `batch_size` less than 1 or larger than sample size. It is going to be clipped
  warnings.warn(

/home/ryedida/.local/lib/python3.9/site-packages/sklearn/neural_network/_multilayer_perceptron.py:686: ConvergenceWarning: Stochastic Optimizer: Maximum iterations (200) reached and the optimization hasn't converged yet.
  warnings.warn(

function_evaluation time 0.775653 value 150.861709 suggestion {'alpha': 0.04554840415350364, 'batch_size': 129, 'beta_1': 0.9750066595238, 'beta_2': 0.9999978510418779, 'epsilon': 3.3863704101680257e-09, 'hidden_layer_sizes': 176, 'learning_rate_init': 0.00022496569021476505, 'tol': 3.2276917421445176e-05, 'validation_fraction': 0.7997684386756198}
observation time 0.000006, current best 150.861709 at iter 0
Failure in optimizer suggest. Falling back to random search.
name 'activ' is not defined
Traceback (most recent call last):
  File "/home/ryedida/.local/lib/python3.9/site-packages/bayesmark/experiment.py", line 126, in run_study
    next_points = optimizer.suggest(n_suggestions)
  File "/home/ryedida/bbo_challenge_starter_kit/example_submissions/smoothness/optimizer.py", line 105, in suggest
    betas = [self._get_smoothness_reg(guess) for guess in guesses]
  File "/home/ryedida/bbo_challenge_starter_kit/example_submissions/smoothness/optimizer.py", line 105, in <listcomp>
    betas = [self._get_smoothness_reg(guess) for guess in guesses]
  File "/home/ryedida/bbo_challenge_starter_kit/example_submissions/smoothness/optimizer.py", line 48, in _get_smoothness_reg
    if activ > Kz:
NameError: name 'activ' is not defined
suggestion time taken 0.330829 iter 1 next_points [{'alpha': 0.01156570298266755, 'batch_size': 71, 'beta_1': 0.9293901877996908, 'beta_2': 0.9224891757206495, 'epsilon': 2.1357465229748522e-08, 'hidden_layer_sizes': 118, 'learning_rate_init': 0.015858109623533283, 'tol': 1.2189276226093409e-05, 'validation_fraction': 0.8878457045979657}]
/home/ryedida/.local/lib/python3.9/site-packages/sklearn/neural_network/_multilayer_perceptron.py:605: UserWarning: Got `batch_size` less than 1 or larger than sample size. It is going to be clipped
  warnings.warn(

function_evaluation time 0.411240 value 56.546930 suggestion {'alpha': 0.01156570298266755, 'batch_size': 71, 'beta_1': 0.9293901877996908, 'beta_2': 0.9224891757206495, 'epsilon': 2.1357465229748522e-08, 'hidden_layer_sizes': 118, 'learning_rate_init': 0.015858109623533283, 'tol': 1.2189276226093409e-05, 'validation_fraction': 0.8878457045979657}
observation time 0.000006, current best 56.546930 at iter 1
Failure in optimizer suggest. Falling back to random search.
name 'activ' is not defined
Traceback (most recent call last):
  File "/home/ryedida/.local/lib/python3.9/site-packages/bayesmark/experiment.py", line 126, in run_study
    next_points = optimizer.suggest(n_suggestions)
  File "/home/ryedida/bbo_challenge_starter_kit/example_submissions/smoothness/optimizer.py", line 105, in suggest
    betas = [self._get_smoothness_reg(guess) for guess in guesses]
  File "/home/ryedida/bbo_challenge_starter_kit/example_submissions/smoothness/optimizer.py", line 105, in <listcomp>
    betas = [self._get_smoothness_reg(guess) for guess in guesses]
  File "/home/ryedida/bbo_challenge_starter_kit/example_submissions/smoothness/optimizer.py", line 48, in _get_smoothness_reg
    if activ > Kz:
NameError: name 'activ' is not defined
suggestion time taken 0.334265 iter 2 next_points [{'alpha': 0.00016950921589735743, 'batch_size': 101, 'beta_1': 0.8882697936572274, 'beta_2': 0.9999035609750488, 'epsilon': 6.559253888407992e-08, 'hidden_layer_sizes': 74, 'learning_rate_init': 0.00504984305728071, 'tol': 3.887830725775898e-05, 'validation_fraction': 0.16423550867637968}]
/home/ryedida/.local/lib/python3.9/site-packages/sklearn/neural_network/_multilayer_perceptron.py:686: ConvergenceWarning: Stochastic Optimizer: Maximum iterations (200) reached and the optimization hasn't converged yet.
  warnings.warn(

function_evaluation time 0.760531 value 49.008795 suggestion {'alpha': 0.00016950921589735743, 'batch_size': 101, 'beta_1': 0.8882697936572274, 'beta_2': 0.9999035609750488, 'epsilon': 6.559253888407992e-08, 'hidden_layer_sizes': 74, 'learning_rate_init': 0.00504984305728071, 'tol': 3.887830725775898e-05, 'validation_fraction': 0.16423550867637968}
observation time 0.000006, current best 49.008795 at iter 2
Failure in optimizer suggest. Falling back to random search.
name 'activ' is not defined
Traceback (most recent call last):
  File "/home/ryedida/.local/lib/python3.9/site-packages/bayesmark/experiment.py", line 126, in run_study
    next_points = optimizer.suggest(n_suggestions)
  File "/home/ryedida/bbo_challenge_starter_kit/example_submissions/smoothness/optimizer.py", line 105, in suggest
    betas = [self._get_smoothness_reg(guess) for guess in guesses]
  File "/home/ryedida/bbo_challenge_starter_kit/example_submissions/smoothness/optimizer.py", line 105, in <listcomp>
    betas = [self._get_smoothness_reg(guess) for guess in guesses]
  File "/home/ryedida/bbo_challenge_starter_kit/example_submissions/smoothness/optimizer.py", line 48, in _get_smoothness_reg
    if activ > Kz:
NameError: name 'activ' is not defined
suggestion time taken 0.326312 iter 3 next_points [{'alpha': 0.000533625973403555, 'batch_size': 12, 'beta_1': 0.8102022270609506, 'beta_2': 0.9999898326695452, 'epsilon': 4.0693345166886034e-07, 'hidden_layer_sizes': 186, 'learning_rate_init': 6.989119660030498e-05, 'tol': 0.00018691724786537044, 'validation_fraction': 0.35314287421551444}]
/home/ryedida/.local/lib/python3.9/site-packages/sklearn/neural_network/_multilayer_perceptron.py:686: ConvergenceWarning: Stochastic Optimizer: Maximum iterations (200) reached and the optimization hasn't converged yet.
  warnings.warn(

function_evaluation time 4.179235 value 140.053629 suggestion {'alpha': 0.000533625973403555, 'batch_size': 12, 'beta_1': 0.8102022270609506, 'beta_2': 0.9999898326695452, 'epsilon': 4.0693345166886034e-07, 'hidden_layer_sizes': 186, 'learning_rate_init': 6.989119660030498e-05, 'tol': 0.00018691724786537044, 'validation_fraction': 0.35314287421551444}
observation time 0.000006, current best 49.008795 at iter 3
Failure in optimizer suggest. Falling back to random search.
name 'activ' is not defined
Traceback (most recent call last):
  File "/home/ryedida/.local/lib/python3.9/site-packages/bayesmark/experiment.py", line 126, in run_study
    next_points = optimizer.suggest(n_suggestions)
  File "/home/ryedida/bbo_challenge_starter_kit/example_submissions/smoothness/optimizer.py", line 105, in suggest
    betas = [self._get_smoothness_reg(guess) for guess in guesses]
  File "/home/ryedida/bbo_challenge_starter_kit/example_submissions/smoothness/optimizer.py", line 105, in <listcomp>
    betas = [self._get_smoothness_reg(guess) for guess in guesses]
  File "/home/ryedida/bbo_challenge_starter_kit/example_submissions/smoothness/optimizer.py", line 48, in _get_smoothness_reg
    if activ > Kz:
NameError: name 'activ' is not defined
suggestion time taken 0.328841 iter 4 next_points [{'alpha': 5.253148796618049e-05, 'batch_size': 171, 'beta_1': 0.9022676051524601, 'beta_2': 0.9861927759515328, 'epsilon': 4.0703112050317363e-08, 'hidden_layer_sizes': 55, 'learning_rate_init': 1.4039312960873661e-05, 'tol': 0.0001694030081746729, 'validation_fraction': 0.43573664757053104}]
function_evaluation time 0.038509 value 151.802874 suggestion {'alpha': 5.253148796618049e-05, 'batch_size': 171, 'beta_1': 0.9022676051524601, 'beta_2': 0.9861927759515328, 'epsilon': 4.0703112050317363e-08, 'hidden_layer_sizes': 55, 'learning_rate_init': 1.4039312960873661e-05, 'tol': 0.0001694030081746729, 'validation_fraction': 0.43573664757053104}
observation time 0.000006, current best 49.008795 at iter 4
Failure in optimizer suggest. Falling back to random search.
name 'activ' is not defined
Traceback (most recent call last):
  File "/home/ryedida/.local/lib/python3.9/site-packages/bayesmark/experiment.py", line 126, in run_study
    next_points = optimizer.suggest(n_suggestions)
  File "/home/ryedida/bbo_challenge_starter_kit/example_submissions/smoothness/optimizer.py", line 105, in suggest
    betas = [self._get_smoothness_reg(guess) for guess in guesses]
  File "/home/ryedida/bbo_challenge_starter_kit/example_submissions/smoothness/optimizer.py", line 105, in <listcomp>
    betas = [self._get_smoothness_reg(guess) for guess in guesses]
  File "/home/ryedida/bbo_challenge_starter_kit/example_submissions/smoothness/optimizer.py", line 48, in _get_smoothness_reg
    if activ > Kz:
NameError: name 'activ' is not defined
suggestion time taken 0.326810 iter 5 next_points [{'alpha': 2.1924247552078048e-05, 'batch_size': 26, 'beta_1': 0.8200276134862777, 'beta_2': 0.9900221657325307, 'epsilon': 2.895540140204496e-07, 'hidden_layer_sizes': 61, 'learning_rate_init': 0.0038440630474296713, 'tol': 0.0001248113915843216, 'validation_fraction': 0.18829675088793008}]
function_evaluation time 1.413542 value 44.477319 suggestion {'alpha': 2.1924247552078048e-05, 'batch_size': 26, 'beta_1': 0.8200276134862777, 'beta_2': 0.9900221657325307, 'epsilon': 2.895540140204496e-07, 'hidden_layer_sizes': 61, 'learning_rate_init': 0.0038440630474296713, 'tol': 0.0001248113915843216, 'validation_fraction': 0.18829675088793008}
observation time 0.000006, current best 44.477319 at iter 5
Failure in optimizer suggest. Falling back to random search.
name 'activ' is not defined
Traceback (most recent call last):
  File "/home/ryedida/.local/lib/python3.9/site-packages/bayesmark/experiment.py", line 126, in run_study
    next_points = optimizer.suggest(n_suggestions)
  File "/home/ryedida/bbo_challenge_starter_kit/example_submissions/smoothness/optimizer.py", line 105, in suggest
    betas = [self._get_smoothness_reg(guess) for guess in guesses]
  File "/home/ryedida/bbo_challenge_starter_kit/example_submissions/smoothness/optimizer.py", line 105, in <listcomp>
    betas = [self._get_smoothness_reg(guess) for guess in guesses]
  File "/home/ryedida/bbo_challenge_starter_kit/example_submissions/smoothness/optimizer.py", line 48, in _get_smoothness_reg
    if activ > Kz:
NameError: name 'activ' is not defined
suggestion time taken 0.332565 iter 6 next_points [{'alpha': 0.013059442549316739, 'batch_size': 146, 'beta_1': 0.9868536902918811, 'beta_2': 0.9999344876855883, 'epsilon': 3.523117024160417e-09, 'hidden_layer_sizes': 196, 'learning_rate_init': 0.0007657078238551153, 'tol': 0.0046070403046594086, 'validation_fraction': 0.28928056119763523}]
function_evaluation time 0.090320 value 151.244575 suggestion {'alpha': 0.013059442549316739, 'batch_size': 146, 'beta_1': 0.9868536902918811, 'beta_2': 0.9999344876855883, 'epsilon': 3.523117024160417e-09, 'hidden_layer_sizes': 196, 'learning_rate_init': 0.0007657078238551153, 'tol': 0.0046070403046594086, 'validation_fraction': 0.28928056119763523}
observation time 0.000006, current best 44.477319 at iter 6
Failure in optimizer suggest. Falling back to random search.
name 'activ' is not defined
Traceback (most recent call last):
  File "/home/ryedida/.local/lib/python3.9/site-packages/bayesmark/experiment.py", line 126, in run_study
    next_points = optimizer.suggest(n_suggestions)
  File "/home/ryedida/bbo_challenge_starter_kit/example_submissions/smoothness/optimizer.py", line 105, in suggest
    betas = [self._get_smoothness_reg(guess) for guess in guesses]
  File "/home/ryedida/bbo_challenge_starter_kit/example_submissions/smoothness/optimizer.py", line 105, in <listcomp>
    betas = [self._get_smoothness_reg(guess) for guess in guesses]
  File "/home/ryedida/bbo_challenge_starter_kit/example_submissions/smoothness/optimizer.py", line 48, in _get_smoothness_reg
    if activ > Kz:
NameError: name 'activ' is not defined
suggestion time taken 0.462353 iter 7 next_points [{'alpha': 0.4994668919453745, 'batch_size': 225, 'beta_1': 0.9870906345086519, 'beta_2': 0.9996395176769326, 'epsilon': 5.080782619062073e-07, 'hidden_layer_sizes': 172, 'learning_rate_init': 0.02597691781305854, 'tol': 0.0012257032469254418, 'validation_fraction': 0.2137756588763143}]
function_evaluation time 0.351573 value 54.847267 suggestion {'alpha': 0.4994668919453745, 'batch_size': 225, 'beta_1': 0.9870906345086519, 'beta_2': 0.9996395176769326, 'epsilon': 5.080782619062073e-07, 'hidden_layer_sizes': 172, 'learning_rate_init': 0.02597691781305854, 'tol': 0.0012257032469254418, 'validation_fraction': 0.2137756588763143}
observation time 0.000006, current best 44.477319 at iter 7
Failure in optimizer suggest. Falling back to random search.
name 'activ' is not defined
Traceback (most recent call last):
  File "/home/ryedida/.local/lib/python3.9/site-packages/bayesmark/experiment.py", line 126, in run_study
    next_points = optimizer.suggest(n_suggestions)
  File "/home/ryedida/bbo_challenge_starter_kit/example_submissions/smoothness/optimizer.py", line 105, in suggest
    betas = [self._get_smoothness_reg(guess) for guess in guesses]
  File "/home/ryedida/bbo_challenge_starter_kit/example_submissions/smoothness/optimizer.py", line 105, in <listcomp>
    betas = [self._get_smoothness_reg(guess) for guess in guesses]
  File "/home/ryedida/bbo_challenge_starter_kit/example_submissions/smoothness/optimizer.py", line 48, in _get_smoothness_reg
    if activ > Kz:
NameError: name 'activ' is not defined
suggestion time taken 0.321667 iter 8 next_points [{'alpha': 1.0834104194914735e-05, 'batch_size': 241, 'beta_1': 0.9795722142084324, 'beta_2': 0.9998959663819694, 'epsilon': 2.1006908398578415e-07, 'hidden_layer_sizes': 103, 'learning_rate_init': 0.025168303623281364, 'tol': 0.005339115691093205, 'validation_fraction': 0.7400481828672199}]
/home/ryedida/.local/lib/python3.9/site-packages/sklearn/neural_network/_multilayer_perceptron.py:605: UserWarning: Got `batch_size` less than 1 or larger than sample size. It is going to be clipped
  warnings.warn(

function_evaluation time 0.295599 value 54.851270 suggestion {'alpha': 1.0834104194914735e-05, 'batch_size': 241, 'beta_1': 0.9795722142084324, 'beta_2': 0.9998959663819694, 'epsilon': 2.1006908398578415e-07, 'hidden_layer_sizes': 103, 'learning_rate_init': 0.025168303623281364, 'tol': 0.005339115691093205, 'validation_fraction': 0.7400481828672199}
observation time 0.000006, current best 44.477319 at iter 8
Failure in optimizer suggest. Falling back to random search.
name 'activ' is not defined
Traceback (most recent call last):
  File "/home/ryedida/.local/lib/python3.9/site-packages/bayesmark/experiment.py", line 126, in run_study
    next_points = optimizer.suggest(n_suggestions)
  File "/home/ryedida/bbo_challenge_starter_kit/example_submissions/smoothness/optimizer.py", line 105, in suggest
    betas = [self._get_smoothness_reg(guess) for guess in guesses]
  File "/home/ryedida/bbo_challenge_starter_kit/example_submissions/smoothness/optimizer.py", line 105, in <listcomp>
    betas = [self._get_smoothness_reg(guess) for guess in guesses]
  File "/home/ryedida/bbo_challenge_starter_kit/example_submissions/smoothness/optimizer.py", line 48, in _get_smoothness_reg
    if activ > Kz:
NameError: name 'activ' is not defined
suggestion time taken 0.324440 iter 9 next_points [{'alpha': 0.056196419026869844, 'batch_size': 161, 'beta_1': 0.9875164705357605, 'beta_2': 0.9999984413921342, 'epsilon': 1.6784306043280235e-08, 'hidden_layer_sizes': 166, 'learning_rate_init': 0.0010586609138507682, 'tol': 0.0001028258839660723, 'validation_fraction': 0.49577148308497077}]
/home/ryedida/.local/lib/python3.9/site-packages/sklearn/neural_network/_multilayer_perceptron.py:686: ConvergenceWarning: Stochastic Optimizer: Maximum iterations (200) reached and the optimization hasn't converged yet.
  warnings.warn(

function_evaluation time 0.958680 value 146.477172 suggestion {'alpha': 0.056196419026869844, 'batch_size': 161, 'beta_1': 0.9875164705357605, 'beta_2': 0.9999984413921342, 'epsilon': 1.6784306043280235e-08, 'hidden_layer_sizes': 166, 'learning_rate_init': 0.0010586609138507682, 'tol': 0.0001028258839660723, 'validation_fraction': 0.49577148308497077}
observation time 0.000005, current best 44.477319 at iter 9
Failure in optimizer suggest. Falling back to random search.
name 'activ' is not defined
Traceback (most recent call last):
  File "/home/ryedida/.local/lib/python3.9/site-packages/bayesmark/experiment.py", line 126, in run_study
    next_points = optimizer.suggest(n_suggestions)
  File "/home/ryedida/bbo_challenge_starter_kit/example_submissions/smoothness/optimizer.py", line 105, in suggest
    betas = [self._get_smoothness_reg(guess) for guess in guesses]
  File "/home/ryedida/bbo_challenge_starter_kit/example_submissions/smoothness/optimizer.py", line 105, in <listcomp>
    betas = [self._get_smoothness_reg(guess) for guess in guesses]
  File "/home/ryedida/bbo_challenge_starter_kit/example_submissions/smoothness/optimizer.py", line 48, in _get_smoothness_reg
    if activ > Kz:
NameError: name 'activ' is not defined
suggestion time taken 0.322574 iter 10 next_points [{'alpha': 0.48922516665843685, 'batch_size': 177, 'beta_1': 0.9398349222732506, 'beta_2': 0.9997009087209696, 'epsilon': 2.0191519780057511e-07, 'hidden_layer_sizes': 78, 'learning_rate_init': 0.0009704537386308041, 'tol': 0.0030415242845105977, 'validation_fraction': 0.2409734934120524}]
function_evaluation time 0.064937 value 151.316665 suggestion {'alpha': 0.48922516665843685, 'batch_size': 177, 'beta_1': 0.9398349222732506, 'beta_2': 0.9997009087209696, 'epsilon': 2.0191519780057511e-07, 'hidden_layer_sizes': 78, 'learning_rate_init': 0.0009704537386308041, 'tol': 0.0030415242845105977, 'validation_fraction': 0.2409734934120524}
observation time 0.000006, current best 44.477319 at iter 10
Failure in optimizer suggest. Falling back to random search.
name 'activ' is not defined
Traceback (most recent call last):
  File "/home/ryedida/.local/lib/python3.9/site-packages/bayesmark/experiment.py", line 126, in run_study
    next_points = optimizer.suggest(n_suggestions)
  File "/home/ryedida/bbo_challenge_starter_kit/example_submissions/smoothness/optimizer.py", line 105, in suggest
    betas = [self._get_smoothness_reg(guess) for guess in guesses]
  File "/home/ryedida/bbo_challenge_starter_kit/example_submissions/smoothness/optimizer.py", line 105, in <listcomp>
    betas = [self._get_smoothness_reg(guess) for guess in guesses]
  File "/home/ryedida/bbo_challenge_starter_kit/example_submissions/smoothness/optimizer.py", line 48, in _get_smoothness_reg
    if activ > Kz:
NameError: name 'activ' is not defined
suggestion time taken 0.319205 iter 11 next_points [{'alpha': 2.170726628912662, 'batch_size': 187, 'beta_1': 0.5695115134359174, 'beta_2': 0.9999213283577102, 'epsilon': 9.894264401708263e-09, 'hidden_layer_sizes': 118, 'learning_rate_init': 0.032606014127582794, 'tol': 1.0135929422164894e-05, 'validation_fraction': 0.3174234561997075}]
function_evaluation time 0.600889 value 46.630894 suggestion {'alpha': 2.170726628912662, 'batch_size': 187, 'beta_1': 0.5695115134359174, 'beta_2': 0.9999213283577102, 'epsilon': 9.894264401708263e-09, 'hidden_layer_sizes': 118, 'learning_rate_init': 0.032606014127582794, 'tol': 1.0135929422164894e-05, 'validation_fraction': 0.3174234561997075}
observation time 0.000006, current best 44.477319 at iter 11
Failure in optimizer suggest. Falling back to random search.
name 'activ' is not defined
Traceback (most recent call last):
  File "/home/ryedida/.local/lib/python3.9/site-packages/bayesmark/experiment.py", line 126, in run_study
    next_points = optimizer.suggest(n_suggestions)
  File "/home/ryedida/bbo_challenge_starter_kit/example_submissions/smoothness/optimizer.py", line 105, in suggest
    betas = [self._get_smoothness_reg(guess) for guess in guesses]
  File "/home/ryedida/bbo_challenge_starter_kit/example_submissions/smoothness/optimizer.py", line 105, in <listcomp>
    betas = [self._get_smoothness_reg(guess) for guess in guesses]
  File "/home/ryedida/bbo_challenge_starter_kit/example_submissions/smoothness/optimizer.py", line 48, in _get_smoothness_reg
    if activ > Kz:
NameError: name 'activ' is not defined
suggestion time taken 0.321962 iter 12 next_points [{'alpha': 1.647507053806236e-05, 'batch_size': 111, 'beta_1': 0.9095638154951505, 'beta_2': 0.999851164937967, 'epsilon': 5.91877500986569e-07, 'hidden_layer_sizes': 102, 'learning_rate_init': 0.015528395326608766, 'tol': 0.014837898307176807, 'validation_fraction': 0.27083825184963545}]
function_evaluation time 0.312917 value 52.695447 suggestion {'alpha': 1.647507053806236e-05, 'batch_size': 111, 'beta_1': 0.9095638154951505, 'beta_2': 0.999851164937967, 'epsilon': 5.91877500986569e-07, 'hidden_layer_sizes': 102, 'learning_rate_init': 0.015528395326608766, 'tol': 0.014837898307176807, 'validation_fraction': 0.27083825184963545}
observation time 0.000005, current best 44.477319 at iter 12
Failure in optimizer suggest. Falling back to random search.
name 'activ' is not defined
Traceback (most recent call last):
  File "/home/ryedida/.local/lib/python3.9/site-packages/bayesmark/experiment.py", line 126, in run_study
    next_points = optimizer.suggest(n_suggestions)
  File "/home/ryedida/bbo_challenge_starter_kit/example_submissions/smoothness/optimizer.py", line 105, in suggest
    betas = [self._get_smoothness_reg(guess) for guess in guesses]
  File "/home/ryedida/bbo_challenge_starter_kit/example_submissions/smoothness/optimizer.py", line 105, in <listcomp>
    betas = [self._get_smoothness_reg(guess) for guess in guesses]
  File "/home/ryedida/bbo_challenge_starter_kit/example_submissions/smoothness/optimizer.py", line 48, in _get_smoothness_reg
    if activ > Kz:
NameError: name 'activ' is not defined
suggestion time taken 0.315495 iter 13 next_points [{'alpha': 0.02695234185635114, 'batch_size': 129, 'beta_1': 0.9682896275371654, 'beta_2': 0.9997545001345651, 'epsilon': 2.11326238185872e-08, 'hidden_layer_sizes': 177, 'learning_rate_init': 1.109033985523441e-05, 'tol': 0.0005282453419127415, 'validation_fraction': 0.15004716256188474}]
function_evaluation time 0.093216 value 151.538192 suggestion {'alpha': 0.02695234185635114, 'batch_size': 129, 'beta_1': 0.9682896275371654, 'beta_2': 0.9997545001345651, 'epsilon': 2.11326238185872e-08, 'hidden_layer_sizes': 177, 'learning_rate_init': 1.109033985523441e-05, 'tol': 0.0005282453419127415, 'validation_fraction': 0.15004716256188474}
observation time 0.000005, current best 44.477319 at iter 13
Failure in optimizer suggest. Falling back to random search.
name 'activ' is not defined
Traceback (most recent call last):
  File "/home/ryedida/.local/lib/python3.9/site-packages/bayesmark/experiment.py", line 126, in run_study
    next_points = optimizer.suggest(n_suggestions)
  File "/home/ryedida/bbo_challenge_starter_kit/example_submissions/smoothness/optimizer.py", line 105, in suggest
    betas = [self._get_smoothness_reg(guess) for guess in guesses]
  File "/home/ryedida/bbo_challenge_starter_kit/example_submissions/smoothness/optimizer.py", line 105, in <listcomp>
    betas = [self._get_smoothness_reg(guess) for guess in guesses]
  File "/home/ryedida/bbo_challenge_starter_kit/example_submissions/smoothness/optimizer.py", line 48, in _get_smoothness_reg
    if activ > Kz:
NameError: name 'activ' is not defined
suggestion time taken 0.323016 iter 14 next_points [{'alpha': 0.00011957787860762406, 'batch_size': 235, 'beta_1': 0.9677755675392848, 'beta_2': 0.9713735326361862, 'epsilon': 4.9004726203348166e-08, 'hidden_layer_sizes': 81, 'learning_rate_init': 2.113814151344158e-05, 'tol': 0.019967412862894194, 'validation_fraction': 0.6872899848425618}]
/home/ryedida/.local/lib/python3.9/site-packages/sklearn/neural_network/_multilayer_perceptron.py:605: UserWarning: Got `batch_size` less than 1 or larger than sample size. It is going to be clipped
  warnings.warn(

function_evaluation time 0.048177 value 151.699845 suggestion {'alpha': 0.00011957787860762406, 'batch_size': 235, 'beta_1': 0.9677755675392848, 'beta_2': 0.9713735326361862, 'epsilon': 4.9004726203348166e-08, 'hidden_layer_sizes': 81, 'learning_rate_init': 2.113814151344158e-05, 'tol': 0.019967412862894194, 'validation_fraction': 0.6872899848425618}
observation time 0.000006, current best 44.477319 at iter 14
saving meta data: {'args': {'--uuid': '3dc1b2ef6a64561eb2b0617db529cf0a', '-db-root': '/home/ryedida/bbo_challenge_starter_kit/output', '--opt-root': '/home/ryedida/bbo_challenge_starter_kit/example_submissions', '--data-root': None, '--db': 'run_20230425_055340', '--opt': 'smoothness', '--data': 'diabetes', '--classifier': 'MLP-adam', '--metric': 'mae', '--calls': 15, '--suggestions': 1, '--jobs-file': None, '--verbose': False, 'dry_run': False, 'rev': 'a376313', 'opt_rev': 'x.x.x'}, 'signature': ([{'alpha': 0.019628224813442792, 'batch_size': 182, 'beta_1': 0.9410202200271762, 'beta_2': 0.9998021557676793, 'epsilon': 1.8662266976518e-08, 'hidden_layer_sizes': 147, 'learning_rate_init': 0.0005627932047415167, 'tol': 0.03690557729213761, 'validation_fraction': 0.8846827852548593}, {'alpha': 0.0019982467392329444, 'batch_size': 200, 'beta_1': 0.919111482530466, 'beta_2': 0.9998488260436156, 'epsilon': 5.981221901152555e-07, 'hidden_layer_sizes': 61, 'learning_rate_init': 2.2310905607443014e-05, 'tol': 1.2046852412030316e-05, 'validation_fraction': 0.8117896445826539}, {'alpha': 0.46659545670218433, 'batch_size': 219, 'beta_1': 0.9889789783750891, 'beta_2': 0.9999896868093284, 'epsilon': 2.4234724484675948e-08, 'hidden_layer_sizes': 167, 'learning_rate_init': 2.972334644335654e-05, 'tol': 0.0036281404040243792, 'validation_fraction': 0.17260651658522078}, {'alpha': 4.656005689076002, 'batch_size': 135, 'beta_1': 0.870503881627747, 'beta_2': 0.9948873266941017, 'epsilon': 2.1023308743480125e-07, 'hidden_layer_sizes': 118, 'learning_rate_init': 0.0018781738757161913, 'tol': 1.1889379831773004e-05, 'validation_fraction': 0.6264327093752792}, {'alpha': 0.04705159350400542, 'batch_size': 158, 'beta_1': 0.9870884262730957, 'beta_2': 0.9999596874382349, 'epsilon': 1.1981845126013875e-08, 'hidden_layer_sizes': 116, 'learning_rate_init': 0.00617340520407431, 'tol': 1.741413418158619e-05, 'validation_fraction': 0.6754299026638921}], [151.4971925380264, 151.42763539278994, 151.47026299046811, 136.86202504264318, 75.2055865763391])}
saving results
saving timing
saving suggest log
done
