running: {'--uuid': '53f64a8313715532937ce01604c9efcf', '-db-root': '/home/ryedida/bbo_challenge_starter_kit/output', '--opt-root': '/home/ryedida/bbo_challenge_starter_kit/example_submissions', '--data-root': None, '--db': 'run_20230425_055340', '--opt': 'smoothness', '--data': 'diabetes', '--classifier': 'MLP-adam', '--metric': 'mse', '--calls': 15, '--suggestions': 1, '--jobs-file': None, '--verbose': False, 'dry_run': False, 'rev': 'a376313', 'opt_rev': 'x.x.x'}
cmd: python smoothness/optimizer.py -c MLP-adam -d diabetes -o smoothness -u 53f64a8313715532937ce01604c9efcf -m mse -n 15 -p 1 -dir /home/ryedida/bbo_challenge_starter_kit/output -b run_20230425_055340
/home/ryedida/.local/lib/python3.9/site-packages/sklearn/neural_network/_multilayer_perceptron.py:605: UserWarning: Got `batch_size` less than 1 or larger than sample size. It is going to be clipped
  warnings.warn(

/home/ryedida/.local/lib/python3.9/site-packages/sklearn/neural_network/_multilayer_perceptron.py:605: UserWarning: Got `batch_size` less than 1 or larger than sample size. It is going to be clipped
  warnings.warn(

/home/ryedida/.local/lib/python3.9/site-packages/sklearn/neural_network/_multilayer_perceptron.py:605: UserWarning: Got `batch_size` less than 1 or larger than sample size. It is going to be clipped
  warnings.warn(

/home/ryedida/.local/lib/python3.9/site-packages/sklearn/neural_network/_multilayer_perceptron.py:686: ConvergenceWarning: Stochastic Optimizer: Maximum iterations (200) reached and the optimization hasn't converged yet.
  warnings.warn(

/home/ryedida/.local/lib/python3.9/site-packages/sklearn/neural_network/_multilayer_perceptron.py:605: UserWarning: Got `batch_size` less than 1 or larger than sample size. It is going to be clipped
  warnings.warn(

/home/ryedida/.local/lib/python3.9/site-packages/sklearn/neural_network/_multilayer_perceptron.py:686: ConvergenceWarning: Stochastic Optimizer: Maximum iterations (200) reached and the optimization hasn't converged yet.
  warnings.warn(

computed signature: ([{'alpha': 0.019628224813442792, 'batch_size': 182, 'beta_1': 0.9410202200271762, 'beta_2': 0.9998021557676793, 'epsilon': 1.8662266976518e-08, 'hidden_layer_sizes': 147, 'learning_rate_init': 0.0005627932047415167, 'tol': 0.03690557729213761, 'validation_fraction': 0.8846827852548593}, {'alpha': 0.0019982467392329444, 'batch_size': 200, 'beta_1': 0.919111482530466, 'beta_2': 0.9998488260436156, 'epsilon': 5.981221901152555e-07, 'hidden_layer_sizes': 61, 'learning_rate_init': 2.2310905607443014e-05, 'tol': 1.2046852412030316e-05, 'validation_fraction': 0.8117896445826539}, {'alpha': 0.46659545670218433, 'batch_size': 219, 'beta_1': 0.9889789783750891, 'beta_2': 0.9999896868093284, 'epsilon': 2.4234724484675948e-08, 'hidden_layer_sizes': 167, 'learning_rate_init': 2.972334644335654e-05, 'tol': 0.0036281404040243792, 'validation_fraction': 0.17260651658522078}, {'alpha': 4.656005689076002, 'batch_size': 135, 'beta_1': 0.870503881627747, 'beta_2': 0.9948873266941017, 'epsilon': 2.1023308743480125e-07, 'hidden_layer_sizes': 118, 'learning_rate_init': 0.0018781738757161913, 'tol': 1.1889379831773004e-05, 'validation_fraction': 0.6264327093752792}, {'alpha': 0.04705159350400542, 'batch_size': 158, 'beta_1': 0.9870884262730957, 'beta_2': 0.9999596874382349, 'epsilon': 1.1981845126013875e-08, 'hidden_layer_sizes': 116, 'learning_rate_init': 0.00617340520407431, 'tol': 1.741413418158619e-05, 'validation_fraction': 0.6754299026638921}], [29083.993548572587, 29062.423277324073, 29075.78987471409, 24626.32866834337, 9584.226858493177])
Signature errors:
                              0         1         2         3         4       max
MLP-adam_diabetes_mse  0.000007  0.000008  0.000003  0.003558  0.004952  0.004952
max                    0.000007  0.000008  0.000003  0.003558  0.004952  0.004952
starting sklearn study smoothness MLP-adam diabetes mse 15 1
with data root: None
Failure in optimizer suggest. Falling back to random search.
name 'activ' is not defined
Traceback (most recent call last):
  File "/home/ryedida/.local/lib/python3.9/site-packages/bayesmark/experiment.py", line 126, in run_study
    next_points = optimizer.suggest(n_suggestions)
  File "/home/ryedida/bbo_challenge_starter_kit/example_submissions/smoothness/optimizer.py", line 105, in suggest
    betas = [self._get_smoothness_reg(guess) for guess in guesses]
  File "/home/ryedida/bbo_challenge_starter_kit/example_submissions/smoothness/optimizer.py", line 105, in <listcomp>
    betas = [self._get_smoothness_reg(guess) for guess in guesses]
  File "/home/ryedida/bbo_challenge_starter_kit/example_submissions/smoothness/optimizer.py", line 48, in _get_smoothness_reg
    if activ > Kz:
NameError: name 'activ' is not defined
suggestion time taken 0.501761 iter 0 next_points [{'alpha': 0.0011546064735650117, 'batch_size': 72, 'beta_1': 0.9827409031067631, 'beta_2': 0.999934313304087, 'epsilon': 5.204913491808442e-08, 'hidden_layer_sizes': 72, 'learning_rate_init': 0.0003633369643375363, 'tol': 0.002476213932360173, 'validation_fraction': 0.6446943497129459}]
function_evaluation time 0.057586 value 29087.619769 suggestion {'alpha': 0.0011546064735650117, 'batch_size': 72, 'beta_1': 0.9827409031067631, 'beta_2': 0.999934313304087, 'epsilon': 5.204913491808442e-08, 'hidden_layer_sizes': 72, 'learning_rate_init': 0.0003633369643375363, 'tol': 0.002476213932360173, 'validation_fraction': 0.6446943497129459}
observation time 0.000007, current best 29087.619769 at iter 0
Failure in optimizer suggest. Falling back to random search.
name 'activ' is not defined
Traceback (most recent call last):
  File "/home/ryedida/.local/lib/python3.9/site-packages/bayesmark/experiment.py", line 126, in run_study
    next_points = optimizer.suggest(n_suggestions)
  File "/home/ryedida/bbo_challenge_starter_kit/example_submissions/smoothness/optimizer.py", line 105, in suggest
    betas = [self._get_smoothness_reg(guess) for guess in guesses]
  File "/home/ryedida/bbo_challenge_starter_kit/example_submissions/smoothness/optimizer.py", line 105, in <listcomp>
    betas = [self._get_smoothness_reg(guess) for guess in guesses]
  File "/home/ryedida/bbo_challenge_starter_kit/example_submissions/smoothness/optimizer.py", line 48, in _get_smoothness_reg
    if activ > Kz:
NameError: name 'activ' is not defined
suggestion time taken 0.356404 iter 1 next_points [{'alpha': 0.00012143594613114587, 'batch_size': 129, 'beta_1': 0.9790136327208863, 'beta_2': 0.9790123973432009, 'epsilon': 1.68266742707348e-09, 'hidden_layer_sizes': 50, 'learning_rate_init': 2.4600678973651836e-05, 'tol': 3.230441381469936e-05, 'validation_fraction': 0.4211617756840098}]
function_evaluation time 0.127397 value 29029.486262 suggestion {'alpha': 0.00012143594613114587, 'batch_size': 129, 'beta_1': 0.9790136327208863, 'beta_2': 0.9790123973432009, 'epsilon': 1.68266742707348e-09, 'hidden_layer_sizes': 50, 'learning_rate_init': 2.4600678973651836e-05, 'tol': 3.230441381469936e-05, 'validation_fraction': 0.4211617756840098}
observation time 0.000005, current best 29029.486262 at iter 1
Failure in optimizer suggest. Falling back to random search.
name 'activ' is not defined
Traceback (most recent call last):
  File "/home/ryedida/.local/lib/python3.9/site-packages/bayesmark/experiment.py", line 126, in run_study
    next_points = optimizer.suggest(n_suggestions)
  File "/home/ryedida/bbo_challenge_starter_kit/example_submissions/smoothness/optimizer.py", line 105, in suggest
    betas = [self._get_smoothness_reg(guess) for guess in guesses]
  File "/home/ryedida/bbo_challenge_starter_kit/example_submissions/smoothness/optimizer.py", line 105, in <listcomp>
    betas = [self._get_smoothness_reg(guess) for guess in guesses]
  File "/home/ryedida/bbo_challenge_starter_kit/example_submissions/smoothness/optimizer.py", line 48, in _get_smoothness_reg
    if activ > Kz:
NameError: name 'activ' is not defined
suggestion time taken 0.333832 iter 2 next_points [{'alpha': 0.0006613342158036117, 'batch_size': 145, 'beta_1': 0.8279361199022918, 'beta_2': 0.9831993852086192, 'epsilon': 1.2115903657361179e-08, 'hidden_layer_sizes': 184, 'learning_rate_init': 0.0004241816341698376, 'tol': 0.017856823076161658, 'validation_fraction': 0.8995006474576374}]
/home/ryedida/.local/lib/python3.9/site-packages/sklearn/neural_network/_multilayer_perceptron.py:605: UserWarning: Got `batch_size` less than 1 or larger than sample size. It is going to be clipped
  warnings.warn(

function_evaluation time 0.053278 value 29107.979776 suggestion {'alpha': 0.0006613342158036117, 'batch_size': 145, 'beta_1': 0.8279361199022918, 'beta_2': 0.9831993852086192, 'epsilon': 1.2115903657361179e-08, 'hidden_layer_sizes': 184, 'learning_rate_init': 0.0004241816341698376, 'tol': 0.017856823076161658, 'validation_fraction': 0.8995006474576374}
observation time 0.000006, current best 29029.486262 at iter 2
Failure in optimizer suggest. Falling back to random search.
name 'activ' is not defined
Traceback (most recent call last):
  File "/home/ryedida/.local/lib/python3.9/site-packages/bayesmark/experiment.py", line 126, in run_study
    next_points = optimizer.suggest(n_suggestions)
  File "/home/ryedida/bbo_challenge_starter_kit/example_submissions/smoothness/optimizer.py", line 105, in suggest
    betas = [self._get_smoothness_reg(guess) for guess in guesses]
  File "/home/ryedida/bbo_challenge_starter_kit/example_submissions/smoothness/optimizer.py", line 105, in <listcomp>
    betas = [self._get_smoothness_reg(guess) for guess in guesses]
  File "/home/ryedida/bbo_challenge_starter_kit/example_submissions/smoothness/optimizer.py", line 48, in _get_smoothness_reg
    if activ > Kz:
NameError: name 'activ' is not defined
suggestion time taken 0.332216 iter 3 next_points [{'alpha': 0.0050415478788327465, 'batch_size': 39, 'beta_1': 0.6710081598228513, 'beta_2': 0.9980082258681607, 'epsilon': 5.436553304744527e-08, 'hidden_layer_sizes': 81, 'learning_rate_init': 1.4976468321594472e-05, 'tol': 0.0003765602883396509, 'validation_fraction': 0.8271975089061036}]
function_evaluation time 0.060034 value 29141.025871 suggestion {'alpha': 0.0050415478788327465, 'batch_size': 39, 'beta_1': 0.6710081598228513, 'beta_2': 0.9980082258681607, 'epsilon': 5.436553304744527e-08, 'hidden_layer_sizes': 81, 'learning_rate_init': 1.4976468321594472e-05, 'tol': 0.0003765602883396509, 'validation_fraction': 0.8271975089061036}
observation time 0.000005, current best 29029.486262 at iter 3
Failure in optimizer suggest. Falling back to random search.
name 'activ' is not defined
Traceback (most recent call last):
  File "/home/ryedida/.local/lib/python3.9/site-packages/bayesmark/experiment.py", line 126, in run_study
    next_points = optimizer.suggest(n_suggestions)
  File "/home/ryedida/bbo_challenge_starter_kit/example_submissions/smoothness/optimizer.py", line 105, in suggest
    betas = [self._get_smoothness_reg(guess) for guess in guesses]
  File "/home/ryedida/bbo_challenge_starter_kit/example_submissions/smoothness/optimizer.py", line 105, in <listcomp>
    betas = [self._get_smoothness_reg(guess) for guess in guesses]
  File "/home/ryedida/bbo_challenge_starter_kit/example_submissions/smoothness/optimizer.py", line 48, in _get_smoothness_reg
    if activ > Kz:
NameError: name 'activ' is not defined
suggestion time taken 0.342086 iter 4 next_points [{'alpha': 0.017763793376055458, 'batch_size': 109, 'beta_1': 0.9387908100589818, 'beta_2': 0.9562447406226934, 'epsilon': 3.722832081279269e-07, 'hidden_layer_sizes': 111, 'learning_rate_init': 1.0467335789219486e-05, 'tol': 0.006128380394923781, 'validation_fraction': 0.3903572367203225}]
function_evaluation time 0.080022 value 29085.155439 suggestion {'alpha': 0.017763793376055458, 'batch_size': 109, 'beta_1': 0.9387908100589818, 'beta_2': 0.9562447406226934, 'epsilon': 3.722832081279269e-07, 'hidden_layer_sizes': 111, 'learning_rate_init': 1.0467335789219486e-05, 'tol': 0.006128380394923781, 'validation_fraction': 0.3903572367203225}
observation time 0.000005, current best 29029.486262 at iter 4
Failure in optimizer suggest. Falling back to random search.
name 'activ' is not defined
Traceback (most recent call last):
  File "/home/ryedida/.local/lib/python3.9/site-packages/bayesmark/experiment.py", line 126, in run_study
    next_points = optimizer.suggest(n_suggestions)
  File "/home/ryedida/bbo_challenge_starter_kit/example_submissions/smoothness/optimizer.py", line 105, in suggest
    betas = [self._get_smoothness_reg(guess) for guess in guesses]
  File "/home/ryedida/bbo_challenge_starter_kit/example_submissions/smoothness/optimizer.py", line 105, in <listcomp>
    betas = [self._get_smoothness_reg(guess) for guess in guesses]
  File "/home/ryedida/bbo_challenge_starter_kit/example_submissions/smoothness/optimizer.py", line 48, in _get_smoothness_reg
    if activ > Kz:
NameError: name 'activ' is not defined
suggestion time taken 0.329385 iter 5 next_points [{'alpha': 0.006965903389502229, 'batch_size': 91, 'beta_1': 0.9859570872920267, 'beta_2': 0.9999983458739649, 'epsilon': 6.321677309084397e-07, 'hidden_layer_sizes': 124, 'learning_rate_init': 0.03189682071106772, 'tol': 0.019912219902286508, 'validation_fraction': 0.22355221984573037}]
function_evaluation time 0.208318 value 4173.010538 suggestion {'alpha': 0.006965903389502229, 'batch_size': 91, 'beta_1': 0.9859570872920267, 'beta_2': 0.9999983458739649, 'epsilon': 6.321677309084397e-07, 'hidden_layer_sizes': 124, 'learning_rate_init': 0.03189682071106772, 'tol': 0.019912219902286508, 'validation_fraction': 0.22355221984573037}
observation time 0.000005, current best 4173.010538 at iter 5
Failure in optimizer suggest. Falling back to random search.
name 'activ' is not defined
Traceback (most recent call last):
  File "/home/ryedida/.local/lib/python3.9/site-packages/bayesmark/experiment.py", line 126, in run_study
    next_points = optimizer.suggest(n_suggestions)
  File "/home/ryedida/bbo_challenge_starter_kit/example_submissions/smoothness/optimizer.py", line 105, in suggest
    betas = [self._get_smoothness_reg(guess) for guess in guesses]
  File "/home/ryedida/bbo_challenge_starter_kit/example_submissions/smoothness/optimizer.py", line 105, in <listcomp>
    betas = [self._get_smoothness_reg(guess) for guess in guesses]
  File "/home/ryedida/bbo_challenge_starter_kit/example_submissions/smoothness/optimizer.py", line 48, in _get_smoothness_reg
    if activ > Kz:
NameError: name 'activ' is not defined
suggestion time taken 0.331052 iter 6 next_points [{'alpha': 4.6084227260375586e-05, 'batch_size': 173, 'beta_1': 0.588895433872307, 'beta_2': 0.9999838381709537, 'epsilon': 4.197081703375548e-07, 'hidden_layer_sizes': 86, 'learning_rate_init': 0.0004244221195322327, 'tol': 2.7626480358577184e-05, 'validation_fraction': 0.10766906802904187}]
/home/ryedida/.local/lib/python3.9/site-packages/sklearn/neural_network/_multilayer_perceptron.py:686: ConvergenceWarning: Stochastic Optimizer: Maximum iterations (200) reached and the optimization hasn't converged yet.
  warnings.warn(

function_evaluation time 1.014304 value 28090.766012 suggestion {'alpha': 4.6084227260375586e-05, 'batch_size': 173, 'beta_1': 0.588895433872307, 'beta_2': 0.9999838381709537, 'epsilon': 4.197081703375548e-07, 'hidden_layer_sizes': 86, 'learning_rate_init': 0.0004244221195322327, 'tol': 2.7626480358577184e-05, 'validation_fraction': 0.10766906802904187}
observation time 0.000006, current best 4173.010538 at iter 6
Failure in optimizer suggest. Falling back to random search.
name 'activ' is not defined
Traceback (most recent call last):
  File "/home/ryedida/.local/lib/python3.9/site-packages/bayesmark/experiment.py", line 126, in run_study
    next_points = optimizer.suggest(n_suggestions)
  File "/home/ryedida/bbo_challenge_starter_kit/example_submissions/smoothness/optimizer.py", line 105, in suggest
    betas = [self._get_smoothness_reg(guess) for guess in guesses]
  File "/home/ryedida/bbo_challenge_starter_kit/example_submissions/smoothness/optimizer.py", line 105, in <listcomp>
    betas = [self._get_smoothness_reg(guess) for guess in guesses]
  File "/home/ryedida/bbo_challenge_starter_kit/example_submissions/smoothness/optimizer.py", line 48, in _get_smoothness_reg
    if activ > Kz:
NameError: name 'activ' is not defined
suggestion time taken 0.465871 iter 7 next_points [{'alpha': 0.0001738980571881119, 'batch_size': 223, 'beta_1': 0.9340836482560103, 'beta_2': 0.9998744876627043, 'epsilon': 4.8720069622969844e-08, 'hidden_layer_sizes': 131, 'learning_rate_init': 0.0017536482171663912, 'tol': 0.020253812742696733, 'validation_fraction': 0.8867918411594273}]
/home/ryedida/.local/lib/python3.9/site-packages/sklearn/neural_network/_multilayer_perceptron.py:605: UserWarning: Got `batch_size` less than 1 or larger than sample size. It is going to be clipped
  warnings.warn(

function_evaluation time 0.051441 value 29051.232595 suggestion {'alpha': 0.0001738980571881119, 'batch_size': 223, 'beta_1': 0.9340836482560103, 'beta_2': 0.9998744876627043, 'epsilon': 4.8720069622969844e-08, 'hidden_layer_sizes': 131, 'learning_rate_init': 0.0017536482171663912, 'tol': 0.020253812742696733, 'validation_fraction': 0.8867918411594273}
observation time 0.000004, current best 4173.010538 at iter 7
Failure in optimizer suggest. Falling back to random search.
name 'activ' is not defined
Traceback (most recent call last):
  File "/home/ryedida/.local/lib/python3.9/site-packages/bayesmark/experiment.py", line 126, in run_study
    next_points = optimizer.suggest(n_suggestions)
  File "/home/ryedida/bbo_challenge_starter_kit/example_submissions/smoothness/optimizer.py", line 105, in suggest
    betas = [self._get_smoothness_reg(guess) for guess in guesses]
  File "/home/ryedida/bbo_challenge_starter_kit/example_submissions/smoothness/optimizer.py", line 105, in <listcomp>
    betas = [self._get_smoothness_reg(guess) for guess in guesses]
  File "/home/ryedida/bbo_challenge_starter_kit/example_submissions/smoothness/optimizer.py", line 48, in _get_smoothness_reg
    if activ > Kz:
NameError: name 'activ' is not defined
suggestion time taken 0.336289 iter 8 next_points [{'alpha': 0.0027127275888415643, 'batch_size': 21, 'beta_1': 0.8638338772201096, 'beta_2': 0.9999962688756394, 'epsilon': 2.0276751915178002e-08, 'hidden_layer_sizes': 117, 'learning_rate_init': 0.00018369603490060287, 'tol': 2.6966970691485852e-05, 'validation_fraction': 0.8562370037975121}]
/home/ryedida/.local/lib/python3.9/site-packages/sklearn/neural_network/_multilayer_perceptron.py:686: ConvergenceWarning: Stochastic Optimizer: Maximum iterations (200) reached and the optimization hasn't converged yet.
  warnings.warn(

function_evaluation time 0.955995 value 28763.629466 suggestion {'alpha': 0.0027127275888415643, 'batch_size': 21, 'beta_1': 0.8638338772201096, 'beta_2': 0.9999962688756394, 'epsilon': 2.0276751915178002e-08, 'hidden_layer_sizes': 117, 'learning_rate_init': 0.00018369603490060287, 'tol': 2.6966970691485852e-05, 'validation_fraction': 0.8562370037975121}
observation time 0.000005, current best 4173.010538 at iter 8
Failure in optimizer suggest. Falling back to random search.
name 'activ' is not defined
Traceback (most recent call last):
  File "/home/ryedida/.local/lib/python3.9/site-packages/bayesmark/experiment.py", line 126, in run_study
    next_points = optimizer.suggest(n_suggestions)
  File "/home/ryedida/bbo_challenge_starter_kit/example_submissions/smoothness/optimizer.py", line 105, in suggest
    betas = [self._get_smoothness_reg(guess) for guess in guesses]
  File "/home/ryedida/bbo_challenge_starter_kit/example_submissions/smoothness/optimizer.py", line 105, in <listcomp>
    betas = [self._get_smoothness_reg(guess) for guess in guesses]
  File "/home/ryedida/bbo_challenge_starter_kit/example_submissions/smoothness/optimizer.py", line 48, in _get_smoothness_reg
    if activ > Kz:
NameError: name 'activ' is not defined
suggestion time taken 0.324911 iter 9 next_points [{'alpha': 1.481223368365329, 'batch_size': 168, 'beta_1': 0.9805974406294223, 'beta_2': 0.999094158382098, 'epsilon': 3.3578149076871735e-07, 'hidden_layer_sizes': 153, 'learning_rate_init': 0.0017406022241088152, 'tol': 0.030234183376700748, 'validation_fraction': 0.7612199111009088}]
/home/ryedida/.local/lib/python3.9/site-packages/sklearn/neural_network/_multilayer_perceptron.py:605: UserWarning: Got `batch_size` less than 1 or larger than sample size. It is going to be clipped
  warnings.warn(

function_evaluation time 0.057882 value 29029.571056 suggestion {'alpha': 1.481223368365329, 'batch_size': 168, 'beta_1': 0.9805974406294223, 'beta_2': 0.999094158382098, 'epsilon': 3.3578149076871735e-07, 'hidden_layer_sizes': 153, 'learning_rate_init': 0.0017406022241088152, 'tol': 0.030234183376700748, 'validation_fraction': 0.7612199111009088}
observation time 0.000006, current best 4173.010538 at iter 9
Failure in optimizer suggest. Falling back to random search.
name 'activ' is not defined
Traceback (most recent call last):
  File "/home/ryedida/.local/lib/python3.9/site-packages/bayesmark/experiment.py", line 126, in run_study
    next_points = optimizer.suggest(n_suggestions)
  File "/home/ryedida/bbo_challenge_starter_kit/example_submissions/smoothness/optimizer.py", line 105, in suggest
    betas = [self._get_smoothness_reg(guess) for guess in guesses]
  File "/home/ryedida/bbo_challenge_starter_kit/example_submissions/smoothness/optimizer.py", line 105, in <listcomp>
    betas = [self._get_smoothness_reg(guess) for guess in guesses]
  File "/home/ryedida/bbo_challenge_starter_kit/example_submissions/smoothness/optimizer.py", line 48, in _get_smoothness_reg
    if activ > Kz:
NameError: name 'activ' is not defined
suggestion time taken 0.341942 iter 10 next_points [{'alpha': 2.7173741438165155e-05, 'batch_size': 61, 'beta_1': 0.9876576511489247, 'beta_2': 0.9975240892765127, 'epsilon': 1.163292493977456e-08, 'hidden_layer_sizes': 143, 'learning_rate_init': 0.0028047966850817865, 'tol': 0.022170031478446324, 'validation_fraction': 0.8030138303058203}]
function_evaluation time 0.056451 value 28956.735258 suggestion {'alpha': 2.7173741438165155e-05, 'batch_size': 61, 'beta_1': 0.9876576511489247, 'beta_2': 0.9975240892765127, 'epsilon': 1.163292493977456e-08, 'hidden_layer_sizes': 143, 'learning_rate_init': 0.0028047966850817865, 'tol': 0.022170031478446324, 'validation_fraction': 0.8030138303058203}
observation time 0.000007, current best 4173.010538 at iter 10
Failure in optimizer suggest. Falling back to random search.
name 'activ' is not defined
Traceback (most recent call last):
  File "/home/ryedida/.local/lib/python3.9/site-packages/bayesmark/experiment.py", line 126, in run_study
    next_points = optimizer.suggest(n_suggestions)
  File "/home/ryedida/bbo_challenge_starter_kit/example_submissions/smoothness/optimizer.py", line 105, in suggest
    betas = [self._get_smoothness_reg(guess) for guess in guesses]
  File "/home/ryedida/bbo_challenge_starter_kit/example_submissions/smoothness/optimizer.py", line 105, in <listcomp>
    betas = [self._get_smoothness_reg(guess) for guess in guesses]
  File "/home/ryedida/bbo_challenge_starter_kit/example_submissions/smoothness/optimizer.py", line 48, in _get_smoothness_reg
    if activ > Kz:
NameError: name 'activ' is not defined
suggestion time taken 0.321390 iter 11 next_points [{'alpha': 2.7527162740009964e-05, 'batch_size': 139, 'beta_1': 0.9527344833120759, 'beta_2': 0.9299011664055116, 'epsilon': 1.2916208967133113e-08, 'hidden_layer_sizes': 87, 'learning_rate_init': 0.003992441740708557, 'tol': 0.0434672452195532, 'validation_fraction': 0.20223930813114882}]
function_evaluation time 0.069998 value 28761.899011 suggestion {'alpha': 2.7527162740009964e-05, 'batch_size': 139, 'beta_1': 0.9527344833120759, 'beta_2': 0.9299011664055116, 'epsilon': 1.2916208967133113e-08, 'hidden_layer_sizes': 87, 'learning_rate_init': 0.003992441740708557, 'tol': 0.0434672452195532, 'validation_fraction': 0.20223930813114882}
observation time 0.000005, current best 4173.010538 at iter 11
Failure in optimizer suggest. Falling back to random search.
name 'activ' is not defined
Traceback (most recent call last):
  File "/home/ryedida/.local/lib/python3.9/site-packages/bayesmark/experiment.py", line 126, in run_study
    next_points = optimizer.suggest(n_suggestions)
  File "/home/ryedida/bbo_challenge_starter_kit/example_submissions/smoothness/optimizer.py", line 105, in suggest
    betas = [self._get_smoothness_reg(guess) for guess in guesses]
  File "/home/ryedida/bbo_challenge_starter_kit/example_submissions/smoothness/optimizer.py", line 105, in <listcomp>
    betas = [self._get_smoothness_reg(guess) for guess in guesses]
  File "/home/ryedida/bbo_challenge_starter_kit/example_submissions/smoothness/optimizer.py", line 48, in _get_smoothness_reg
    if activ > Kz:
NameError: name 'activ' is not defined
suggestion time taken 0.322754 iter 12 next_points [{'alpha': 7.756654982766987e-05, 'batch_size': 23, 'beta_1': 0.9364923200605781, 'beta_2': 0.999991867300861, 'epsilon': 4.576487716559946e-07, 'hidden_layer_sizes': 135, 'learning_rate_init': 0.04394040186686047, 'tol': 0.003189878920883593, 'validation_fraction': 0.4846811517491459}]
function_evaluation time 0.391744 value 2991.408342 suggestion {'alpha': 7.756654982766987e-05, 'batch_size': 23, 'beta_1': 0.9364923200605781, 'beta_2': 0.999991867300861, 'epsilon': 4.576487716559946e-07, 'hidden_layer_sizes': 135, 'learning_rate_init': 0.04394040186686047, 'tol': 0.003189878920883593, 'validation_fraction': 0.4846811517491459}
observation time 0.000005, current best 2991.408342 at iter 12
Failure in optimizer suggest. Falling back to random search.
name 'activ' is not defined
Traceback (most recent call last):
  File "/home/ryedida/.local/lib/python3.9/site-packages/bayesmark/experiment.py", line 126, in run_study
    next_points = optimizer.suggest(n_suggestions)
  File "/home/ryedida/bbo_challenge_starter_kit/example_submissions/smoothness/optimizer.py", line 105, in suggest
    betas = [self._get_smoothness_reg(guess) for guess in guesses]
  File "/home/ryedida/bbo_challenge_starter_kit/example_submissions/smoothness/optimizer.py", line 105, in <listcomp>
    betas = [self._get_smoothness_reg(guess) for guess in guesses]
  File "/home/ryedida/bbo_challenge_starter_kit/example_submissions/smoothness/optimizer.py", line 48, in _get_smoothness_reg
    if activ > Kz:
NameError: name 'activ' is not defined
suggestion time taken 0.325652 iter 13 next_points [{'alpha': 0.00010393701994185281, 'batch_size': 79, 'beta_1': 0.9864595668524181, 'beta_2': 0.9994664331713896, 'epsilon': 4.787194750603222e-07, 'hidden_layer_sizes': 148, 'learning_rate_init': 0.00012275887853644863, 'tol': 2.571876704100529e-05, 'validation_fraction': 0.1789535391710378}]
/home/ryedida/.local/lib/python3.9/site-packages/sklearn/neural_network/_multilayer_perceptron.py:686: ConvergenceWarning: Stochastic Optimizer: Maximum iterations (200) reached and the optimization hasn't converged yet.
  warnings.warn(

function_evaluation time 1.520109 value 28669.912126 suggestion {'alpha': 0.00010393701994185281, 'batch_size': 79, 'beta_1': 0.9864595668524181, 'beta_2': 0.9994664331713896, 'epsilon': 4.787194750603222e-07, 'hidden_layer_sizes': 148, 'learning_rate_init': 0.00012275887853644863, 'tol': 2.571876704100529e-05, 'validation_fraction': 0.1789535391710378}
observation time 0.000006, current best 2991.408342 at iter 13
Failure in optimizer suggest. Falling back to random search.
name 'activ' is not defined
Traceback (most recent call last):
  File "/home/ryedida/.local/lib/python3.9/site-packages/bayesmark/experiment.py", line 126, in run_study
    next_points = optimizer.suggest(n_suggestions)
  File "/home/ryedida/bbo_challenge_starter_kit/example_submissions/smoothness/optimizer.py", line 105, in suggest
    betas = [self._get_smoothness_reg(guess) for guess in guesses]
  File "/home/ryedida/bbo_challenge_starter_kit/example_submissions/smoothness/optimizer.py", line 105, in <listcomp>
    betas = [self._get_smoothness_reg(guess) for guess in guesses]
  File "/home/ryedida/bbo_challenge_starter_kit/example_submissions/smoothness/optimizer.py", line 48, in _get_smoothness_reg
    if activ > Kz:
NameError: name 'activ' is not defined
suggestion time taken 0.326569 iter 14 next_points [{'alpha': 6.211757442620871e-05, 'batch_size': 203, 'beta_1': 0.9237583839365203, 'beta_2': 0.9967713576606761, 'epsilon': 7.828957830259388e-08, 'hidden_layer_sizes': 197, 'learning_rate_init': 0.014310619202337827, 'tol': 0.003104602099314289, 'validation_fraction': 0.2062940505928663}]
function_evaluation time 0.491622 value 3611.042552 suggestion {'alpha': 6.211757442620871e-05, 'batch_size': 203, 'beta_1': 0.9237583839365203, 'beta_2': 0.9967713576606761, 'epsilon': 7.828957830259388e-08, 'hidden_layer_sizes': 197, 'learning_rate_init': 0.014310619202337827, 'tol': 0.003104602099314289, 'validation_fraction': 0.2062940505928663}
observation time 0.000005, current best 2991.408342 at iter 14
saving meta data: {'args': {'--uuid': '53f64a8313715532937ce01604c9efcf', '-db-root': '/home/ryedida/bbo_challenge_starter_kit/output', '--opt-root': '/home/ryedida/bbo_challenge_starter_kit/example_submissions', '--data-root': None, '--db': 'run_20230425_055340', '--opt': 'smoothness', '--data': 'diabetes', '--classifier': 'MLP-adam', '--metric': 'mse', '--calls': 15, '--suggestions': 1, '--jobs-file': None, '--verbose': False, 'dry_run': False, 'rev': 'a376313', 'opt_rev': 'x.x.x'}, 'signature': ([{'alpha': 0.019628224813442792, 'batch_size': 182, 'beta_1': 0.9410202200271762, 'beta_2': 0.9998021557676793, 'epsilon': 1.8662266976518e-08, 'hidden_layer_sizes': 147, 'learning_rate_init': 0.0005627932047415167, 'tol': 0.03690557729213761, 'validation_fraction': 0.8846827852548593}, {'alpha': 0.0019982467392329444, 'batch_size': 200, 'beta_1': 0.919111482530466, 'beta_2': 0.9998488260436156, 'epsilon': 5.981221901152555e-07, 'hidden_layer_sizes': 61, 'learning_rate_init': 2.2310905607443014e-05, 'tol': 1.2046852412030316e-05, 'validation_fraction': 0.8117896445826539}, {'alpha': 0.46659545670218433, 'batch_size': 219, 'beta_1': 0.9889789783750891, 'beta_2': 0.9999896868093284, 'epsilon': 2.4234724484675948e-08, 'hidden_layer_sizes': 167, 'learning_rate_init': 2.972334644335654e-05, 'tol': 0.0036281404040243792, 'validation_fraction': 0.17260651658522078}, {'alpha': 4.656005689076002, 'batch_size': 135, 'beta_1': 0.870503881627747, 'beta_2': 0.9948873266941017, 'epsilon': 2.1023308743480125e-07, 'hidden_layer_sizes': 118, 'learning_rate_init': 0.0018781738757161913, 'tol': 1.1889379831773004e-05, 'validation_fraction': 0.6264327093752792}, {'alpha': 0.04705159350400542, 'batch_size': 158, 'beta_1': 0.9870884262730957, 'beta_2': 0.9999596874382349, 'epsilon': 1.1981845126013875e-08, 'hidden_layer_sizes': 116, 'learning_rate_init': 0.00617340520407431, 'tol': 1.741413418158619e-05, 'validation_fraction': 0.6754299026638921}], [29083.993548572587, 29062.423277324073, 29075.78987471409, 24626.32866834337, 9584.226858493177])}
saving results
saving timing
saving suggest log
done
