running: {'--uuid': '550d6ef4ff4359da9ac501f4ba0e9e1d', '-db-root': '/home/ryedida/bbo_challenge_starter_kit/output', '--opt-root': '/home/ryedida/bbo_challenge_starter_kit/example_submissions', '--data-root': None, '--db': 'run_20230425_055340', '--opt': 'smoothness', '--data': 'diabetes', '--classifier': 'MLP-adam', '--metric': 'mae', '--calls': 15, '--suggestions': 1, '--jobs-file': None, '--verbose': False, 'dry_run': False, 'rev': 'a376313', 'opt_rev': 'x.x.x'}
cmd: python smoothness/optimizer.py -c MLP-adam -d diabetes -o smoothness -u 550d6ef4ff4359da9ac501f4ba0e9e1d -m mae -n 15 -p 1 -dir /home/ryedida/bbo_challenge_starter_kit/output -b run_20230425_055340
/home/ryedida/.local/lib/python3.9/site-packages/sklearn/neural_network/_multilayer_perceptron.py:605: UserWarning: Got `batch_size` less than 1 or larger than sample size. It is going to be clipped
  warnings.warn(

/home/ryedida/.local/lib/python3.9/site-packages/sklearn/neural_network/_multilayer_perceptron.py:605: UserWarning: Got `batch_size` less than 1 or larger than sample size. It is going to be clipped
  warnings.warn(

/home/ryedida/.local/lib/python3.9/site-packages/sklearn/neural_network/_multilayer_perceptron.py:605: UserWarning: Got `batch_size` less than 1 or larger than sample size. It is going to be clipped
  warnings.warn(

/home/ryedida/.local/lib/python3.9/site-packages/sklearn/neural_network/_multilayer_perceptron.py:686: ConvergenceWarning: Stochastic Optimizer: Maximum iterations (200) reached and the optimization hasn't converged yet.
  warnings.warn(

/home/ryedida/.local/lib/python3.9/site-packages/sklearn/neural_network/_multilayer_perceptron.py:605: UserWarning: Got `batch_size` less than 1 or larger than sample size. It is going to be clipped
  warnings.warn(

/home/ryedida/.local/lib/python3.9/site-packages/sklearn/neural_network/_multilayer_perceptron.py:686: ConvergenceWarning: Stochastic Optimizer: Maximum iterations (200) reached and the optimization hasn't converged yet.
  warnings.warn(

computed signature: ([{'alpha': 0.019628224813442792, 'batch_size': 182, 'beta_1': 0.9410202200271762, 'beta_2': 0.9998021557676793, 'epsilon': 1.8662266976518e-08, 'hidden_layer_sizes': 147, 'learning_rate_init': 0.0005627932047415167, 'tol': 0.03690557729213761, 'validation_fraction': 0.8846827852548593}, {'alpha': 0.0019982467392329444, 'batch_size': 200, 'beta_1': 0.919111482530466, 'beta_2': 0.9998488260436156, 'epsilon': 5.981221901152555e-07, 'hidden_layer_sizes': 61, 'learning_rate_init': 2.2310905607443014e-05, 'tol': 1.2046852412030316e-05, 'validation_fraction': 0.8117896445826539}, {'alpha': 0.46659545670218433, 'batch_size': 219, 'beta_1': 0.9889789783750891, 'beta_2': 0.9999896868093284, 'epsilon': 2.4234724484675948e-08, 'hidden_layer_sizes': 167, 'learning_rate_init': 2.972334644335654e-05, 'tol': 0.0036281404040243792, 'validation_fraction': 0.17260651658522078}, {'alpha': 4.656005689076002, 'batch_size': 135, 'beta_1': 0.870503881627747, 'beta_2': 0.9948873266941017, 'epsilon': 2.1023308743480125e-07, 'hidden_layer_sizes': 118, 'learning_rate_init': 0.0018781738757161913, 'tol': 1.1889379831773004e-05, 'validation_fraction': 0.6264327093752792}, {'alpha': 0.04705159350400542, 'batch_size': 158, 'beta_1': 0.9870884262730957, 'beta_2': 0.9999596874382349, 'epsilon': 1.1981845126013875e-08, 'hidden_layer_sizes': 116, 'learning_rate_init': 0.00617340520407431, 'tol': 1.741413418158619e-05, 'validation_fraction': 0.6754299026638921}], [151.4971925380264, 151.42763539278994, 151.47026299046811, 136.86202504264318, 75.2055865763391])
Signature errors:
                                  0             1             2         3         4       max
MLP-adam_diabetes_mae  1.919244e-08  6.198704e-08  7.624578e-09  0.000007  0.000034  0.000034
max                    1.919244e-08  6.198704e-08  7.624578e-09  0.000007  0.000034  0.000034
starting sklearn study smoothness MLP-adam diabetes mae 15 1
with data root: None
Failure in optimizer suggest. Falling back to random search.
name 'activ' is not defined
Traceback (most recent call last):
  File "/home/ryedida/.local/lib/python3.9/site-packages/bayesmark/experiment.py", line 126, in run_study
    next_points = optimizer.suggest(n_suggestions)
  File "/home/ryedida/bbo_challenge_starter_kit/example_submissions/smoothness/optimizer.py", line 105, in suggest
    betas = [self._get_smoothness_reg(guess) for guess in guesses]
  File "/home/ryedida/bbo_challenge_starter_kit/example_submissions/smoothness/optimizer.py", line 105, in <listcomp>
    betas = [self._get_smoothness_reg(guess) for guess in guesses]
  File "/home/ryedida/bbo_challenge_starter_kit/example_submissions/smoothness/optimizer.py", line 48, in _get_smoothness_reg
    if activ > Kz:
NameError: name 'activ' is not defined
suggestion time taken 0.510379 iter 0 next_points [{'alpha': 0.00075796661161357, 'batch_size': 77, 'beta_1': 0.6856969507460724, 'beta_2': 0.9999956164072306, 'epsilon': 6.421248826760251e-08, 'hidden_layer_sizes': 159, 'learning_rate_init': 0.006687923545239196, 'tol': 2.392133767447441e-05, 'validation_fraction': 0.7400681892991593}]
/home/ryedida/.local/lib/python3.9/site-packages/sklearn/neural_network/_multilayer_perceptron.py:686: ConvergenceWarning: Stochastic Optimizer: Maximum iterations (200) reached and the optimization hasn't converged yet.
  warnings.warn(

function_evaluation time 0.834604 value 51.851867 suggestion {'alpha': 0.00075796661161357, 'batch_size': 77, 'beta_1': 0.6856969507460724, 'beta_2': 0.9999956164072306, 'epsilon': 6.421248826760251e-08, 'hidden_layer_sizes': 159, 'learning_rate_init': 0.006687923545239196, 'tol': 2.392133767447441e-05, 'validation_fraction': 0.7400681892991593}
observation time 0.000007, current best 51.851867 at iter 0
Failure in optimizer suggest. Falling back to random search.
name 'activ' is not defined
Traceback (most recent call last):
  File "/home/ryedida/.local/lib/python3.9/site-packages/bayesmark/experiment.py", line 126, in run_study
    next_points = optimizer.suggest(n_suggestions)
  File "/home/ryedida/bbo_challenge_starter_kit/example_submissions/smoothness/optimizer.py", line 105, in suggest
    betas = [self._get_smoothness_reg(guess) for guess in guesses]
  File "/home/ryedida/bbo_challenge_starter_kit/example_submissions/smoothness/optimizer.py", line 105, in <listcomp>
    betas = [self._get_smoothness_reg(guess) for guess in guesses]
  File "/home/ryedida/bbo_challenge_starter_kit/example_submissions/smoothness/optimizer.py", line 48, in _get_smoothness_reg
    if activ > Kz:
NameError: name 'activ' is not defined
suggestion time taken 0.328185 iter 1 next_points [{'alpha': 0.21267508165712967, 'batch_size': 170, 'beta_1': 0.9143192239030059, 'beta_2': 0.9170376338495407, 'epsilon': 6.408511835723465e-07, 'hidden_layer_sizes': 105, 'learning_rate_init': 0.027226025430133, 'tol': 0.0015893433407000882, 'validation_fraction': 0.888016539938786}]
/home/ryedida/.local/lib/python3.9/site-packages/sklearn/neural_network/_multilayer_perceptron.py:605: UserWarning: Got `batch_size` less than 1 or larger than sample size. It is going to be clipped
  warnings.warn(

function_evaluation time 0.318699 value 53.670850 suggestion {'alpha': 0.21267508165712967, 'batch_size': 170, 'beta_1': 0.9143192239030059, 'beta_2': 0.9170376338495407, 'epsilon': 6.408511835723465e-07, 'hidden_layer_sizes': 105, 'learning_rate_init': 0.027226025430133, 'tol': 0.0015893433407000882, 'validation_fraction': 0.888016539938786}
observation time 0.000005, current best 51.851867 at iter 1
Failure in optimizer suggest. Falling back to random search.
name 'activ' is not defined
Traceback (most recent call last):
  File "/home/ryedida/.local/lib/python3.9/site-packages/bayesmark/experiment.py", line 126, in run_study
    next_points = optimizer.suggest(n_suggestions)
  File "/home/ryedida/bbo_challenge_starter_kit/example_submissions/smoothness/optimizer.py", line 105, in suggest
    betas = [self._get_smoothness_reg(guess) for guess in guesses]
  File "/home/ryedida/bbo_challenge_starter_kit/example_submissions/smoothness/optimizer.py", line 105, in <listcomp>
    betas = [self._get_smoothness_reg(guess) for guess in guesses]
  File "/home/ryedida/bbo_challenge_starter_kit/example_submissions/smoothness/optimizer.py", line 48, in _get_smoothness_reg
    if activ > Kz:
NameError: name 'activ' is not defined
suggestion time taken 0.328323 iter 2 next_points [{'alpha': 0.008471696485512843, 'batch_size': 72, 'beta_1': 0.9741533291456297, 'beta_2': 0.9360450217593647, 'epsilon': 2.9387494011042403e-07, 'hidden_layer_sizes': 133, 'learning_rate_init': 0.001418192064889566, 'tol': 0.08284929096238121, 'validation_fraction': 0.3433773166170767}]
function_evaluation time 0.094240 value 150.849770 suggestion {'alpha': 0.008471696485512843, 'batch_size': 72, 'beta_1': 0.9741533291456297, 'beta_2': 0.9360450217593647, 'epsilon': 2.9387494011042403e-07, 'hidden_layer_sizes': 133, 'learning_rate_init': 0.001418192064889566, 'tol': 0.08284929096238121, 'validation_fraction': 0.3433773166170767}
observation time 0.000007, current best 51.851867 at iter 2
Failure in optimizer suggest. Falling back to random search.
name 'activ' is not defined
Traceback (most recent call last):
  File "/home/ryedida/.local/lib/python3.9/site-packages/bayesmark/experiment.py", line 126, in run_study
    next_points = optimizer.suggest(n_suggestions)
  File "/home/ryedida/bbo_challenge_starter_kit/example_submissions/smoothness/optimizer.py", line 105, in suggest
    betas = [self._get_smoothness_reg(guess) for guess in guesses]
  File "/home/ryedida/bbo_challenge_starter_kit/example_submissions/smoothness/optimizer.py", line 105, in <listcomp>
    betas = [self._get_smoothness_reg(guess) for guess in guesses]
  File "/home/ryedida/bbo_challenge_starter_kit/example_submissions/smoothness/optimizer.py", line 48, in _get_smoothness_reg
    if activ > Kz:
NameError: name 'activ' is not defined
suggestion time taken 0.333788 iter 3 next_points [{'alpha': 0.8030333994949288, 'batch_size': 209, 'beta_1': 0.9683500381904856, 'beta_2': 0.9933705220258605, 'epsilon': 1.09692449386087e-08, 'hidden_layer_sizes': 161, 'learning_rate_init': 0.002031495877079753, 'tol': 0.027810474717878824, 'validation_fraction': 0.2963161341288398}]
function_evaluation time 0.074069 value 151.254362 suggestion {'alpha': 0.8030333994949288, 'batch_size': 209, 'beta_1': 0.9683500381904856, 'beta_2': 0.9933705220258605, 'epsilon': 1.09692449386087e-08, 'hidden_layer_sizes': 161, 'learning_rate_init': 0.002031495877079753, 'tol': 0.027810474717878824, 'validation_fraction': 0.2963161341288398}
observation time 0.000005, current best 51.851867 at iter 3
Failure in optimizer suggest. Falling back to random search.
name 'activ' is not defined
Traceback (most recent call last):
  File "/home/ryedida/.local/lib/python3.9/site-packages/bayesmark/experiment.py", line 126, in run_study
    next_points = optimizer.suggest(n_suggestions)
  File "/home/ryedida/bbo_challenge_starter_kit/example_submissions/smoothness/optimizer.py", line 105, in suggest
    betas = [self._get_smoothness_reg(guess) for guess in guesses]
  File "/home/ryedida/bbo_challenge_starter_kit/example_submissions/smoothness/optimizer.py", line 105, in <listcomp>
    betas = [self._get_smoothness_reg(guess) for guess in guesses]
  File "/home/ryedida/bbo_challenge_starter_kit/example_submissions/smoothness/optimizer.py", line 48, in _get_smoothness_reg
    if activ > Kz:
NameError: name 'activ' is not defined
suggestion time taken 0.337557 iter 4 next_points [{'alpha': 4.08594525362147, 'batch_size': 176, 'beta_1': 0.968465224824895, 'beta_2': 0.9831888096249831, 'epsilon': 1.00327110784753e-09, 'hidden_layer_sizes': 170, 'learning_rate_init': 6.88664213322198e-05, 'tol': 0.08834730154770344, 'validation_fraction': 0.21901716660780002}]
function_evaluation time 0.089583 value 151.709313 suggestion {'alpha': 4.08594525362147, 'batch_size': 176, 'beta_1': 0.968465224824895, 'beta_2': 0.9831888096249831, 'epsilon': 1.00327110784753e-09, 'hidden_layer_sizes': 170, 'learning_rate_init': 6.88664213322198e-05, 'tol': 0.08834730154770344, 'validation_fraction': 0.21901716660780002}
observation time 0.000005, current best 51.851867 at iter 4
Failure in optimizer suggest. Falling back to random search.
name 'activ' is not defined
Traceback (most recent call last):
  File "/home/ryedida/.local/lib/python3.9/site-packages/bayesmark/experiment.py", line 126, in run_study
    next_points = optimizer.suggest(n_suggestions)
  File "/home/ryedida/bbo_challenge_starter_kit/example_submissions/smoothness/optimizer.py", line 105, in suggest
    betas = [self._get_smoothness_reg(guess) for guess in guesses]
  File "/home/ryedida/bbo_challenge_starter_kit/example_submissions/smoothness/optimizer.py", line 105, in <listcomp>
    betas = [self._get_smoothness_reg(guess) for guess in guesses]
  File "/home/ryedida/bbo_challenge_starter_kit/example_submissions/smoothness/optimizer.py", line 48, in _get_smoothness_reg
    if activ > Kz:
NameError: name 'activ' is not defined
suggestion time taken 0.326598 iter 5 next_points [{'alpha': 0.13531985981392483, 'batch_size': 147, 'beta_1': 0.7263695269732661, 'beta_2': 0.9967281881138439, 'epsilon': 6.9899421330836285e-09, 'hidden_layer_sizes': 110, 'learning_rate_init': 0.0002886706925167106, 'tol': 6.86604051194618e-05, 'validation_fraction': 0.5674003406112593}]
/home/ryedida/.local/lib/python3.9/site-packages/sklearn/neural_network/_multilayer_perceptron.py:686: ConvergenceWarning: Stochastic Optimizer: Maximum iterations (200) reached and the optimization hasn't converged yet.
  warnings.warn(

function_evaluation time 0.806530 value 150.845181 suggestion {'alpha': 0.13531985981392483, 'batch_size': 147, 'beta_1': 0.7263695269732661, 'beta_2': 0.9967281881138439, 'epsilon': 6.9899421330836285e-09, 'hidden_layer_sizes': 110, 'learning_rate_init': 0.0002886706925167106, 'tol': 6.86604051194618e-05, 'validation_fraction': 0.5674003406112593}
observation time 0.000005, current best 51.851867 at iter 5
Failure in optimizer suggest. Falling back to random search.
name 'activ' is not defined
Traceback (most recent call last):
  File "/home/ryedida/.local/lib/python3.9/site-packages/bayesmark/experiment.py", line 126, in run_study
    next_points = optimizer.suggest(n_suggestions)
  File "/home/ryedida/bbo_challenge_starter_kit/example_submissions/smoothness/optimizer.py", line 105, in suggest
    betas = [self._get_smoothness_reg(guess) for guess in guesses]
  File "/home/ryedida/bbo_challenge_starter_kit/example_submissions/smoothness/optimizer.py", line 105, in <listcomp>
    betas = [self._get_smoothness_reg(guess) for guess in guesses]
  File "/home/ryedida/bbo_challenge_starter_kit/example_submissions/smoothness/optimizer.py", line 48, in _get_smoothness_reg
    if activ > Kz:
NameError: name 'activ' is not defined
suggestion time taken 0.332748 iter 6 next_points [{'alpha': 2.984693113585748, 'batch_size': 12, 'beta_1': 0.9700160981351991, 'beta_2': 0.9911948804237843, 'epsilon': 1.0269539106419181e-09, 'hidden_layer_sizes': 91, 'learning_rate_init': 0.005863416413297472, 'tol': 3.390307096343889e-05, 'validation_fraction': 0.7050694576404324}]
/home/ryedida/.local/lib/python3.9/site-packages/sklearn/neural_network/_multilayer_perceptron.py:686: ConvergenceWarning: Stochastic Optimizer: Maximum iterations (200) reached and the optimization hasn't converged yet.
  warnings.warn(

function_evaluation time 1.292952 value 52.413773 suggestion {'alpha': 2.984693113585748, 'batch_size': 12, 'beta_1': 0.9700160981351991, 'beta_2': 0.9911948804237843, 'epsilon': 1.0269539106419181e-09, 'hidden_layer_sizes': 91, 'learning_rate_init': 0.005863416413297472, 'tol': 3.390307096343889e-05, 'validation_fraction': 0.7050694576404324}
observation time 0.000005, current best 51.851867 at iter 6
Failure in optimizer suggest. Falling back to random search.
name 'activ' is not defined
Traceback (most recent call last):
  File "/home/ryedida/.local/lib/python3.9/site-packages/bayesmark/experiment.py", line 126, in run_study
    next_points = optimizer.suggest(n_suggestions)
  File "/home/ryedida/bbo_challenge_starter_kit/example_submissions/smoothness/optimizer.py", line 105, in suggest
    betas = [self._get_smoothness_reg(guess) for guess in guesses]
  File "/home/ryedida/bbo_challenge_starter_kit/example_submissions/smoothness/optimizer.py", line 105, in <listcomp>
    betas = [self._get_smoothness_reg(guess) for guess in guesses]
  File "/home/ryedida/bbo_challenge_starter_kit/example_submissions/smoothness/optimizer.py", line 48, in _get_smoothness_reg
    if activ > Kz:
NameError: name 'activ' is not defined
suggestion time taken 0.464660 iter 7 next_points [{'alpha': 0.043544098398718804, 'batch_size': 205, 'beta_1': 0.8367900603099869, 'beta_2': 0.9999976382474322, 'epsilon': 7.055468378299678e-09, 'hidden_layer_sizes': 119, 'learning_rate_init': 0.004411309308639594, 'tol': 0.01762510478756736, 'validation_fraction': 0.7608665344235005}]
/home/ryedida/.local/lib/python3.9/site-packages/sklearn/neural_network/_multilayer_perceptron.py:605: UserWarning: Got `batch_size` less than 1 or larger than sample size. It is going to be clipped
  warnings.warn(

function_evaluation time 0.052022 value 150.879878 suggestion {'alpha': 0.043544098398718804, 'batch_size': 205, 'beta_1': 0.8367900603099869, 'beta_2': 0.9999976382474322, 'epsilon': 7.055468378299678e-09, 'hidden_layer_sizes': 119, 'learning_rate_init': 0.004411309308639594, 'tol': 0.01762510478756736, 'validation_fraction': 0.7608665344235005}
observation time 0.000005, current best 51.851867 at iter 7
Failure in optimizer suggest. Falling back to random search.
name 'activ' is not defined
Traceback (most recent call last):
  File "/home/ryedida/.local/lib/python3.9/site-packages/bayesmark/experiment.py", line 126, in run_study
    next_points = optimizer.suggest(n_suggestions)
  File "/home/ryedida/bbo_challenge_starter_kit/example_submissions/smoothness/optimizer.py", line 105, in suggest
    betas = [self._get_smoothness_reg(guess) for guess in guesses]
  File "/home/ryedida/bbo_challenge_starter_kit/example_submissions/smoothness/optimizer.py", line 105, in <listcomp>
    betas = [self._get_smoothness_reg(guess) for guess in guesses]
  File "/home/ryedida/bbo_challenge_starter_kit/example_submissions/smoothness/optimizer.py", line 48, in _get_smoothness_reg
    if activ > Kz:
NameError: name 'activ' is not defined
suggestion time taken 0.329383 iter 8 next_points [{'alpha': 0.01148254502854627, 'batch_size': 63, 'beta_1': 0.918121161483533, 'beta_2': 0.9967860321855134, 'epsilon': 6.975726609254501e-09, 'hidden_layer_sizes': 131, 'learning_rate_init': 0.009316663252471484, 'tol': 2.2228837635909305e-05, 'validation_fraction': 0.8546846269639018}]
/home/ryedida/.local/lib/python3.9/site-packages/sklearn/neural_network/_multilayer_perceptron.py:605: UserWarning: Got `batch_size` less than 1 or larger than sample size. It is going to be clipped
  warnings.warn(

function_evaluation time 0.665565 value 52.136666 suggestion {'alpha': 0.01148254502854627, 'batch_size': 63, 'beta_1': 0.918121161483533, 'beta_2': 0.9967860321855134, 'epsilon': 6.975726609254501e-09, 'hidden_layer_sizes': 131, 'learning_rate_init': 0.009316663252471484, 'tol': 2.2228837635909305e-05, 'validation_fraction': 0.8546846269639018}
observation time 0.000005, current best 51.851867 at iter 8
Failure in optimizer suggest. Falling back to random search.
name 'activ' is not defined
Traceback (most recent call last):
  File "/home/ryedida/.local/lib/python3.9/site-packages/bayesmark/experiment.py", line 126, in run_study
    next_points = optimizer.suggest(n_suggestions)
  File "/home/ryedida/bbo_challenge_starter_kit/example_submissions/smoothness/optimizer.py", line 105, in suggest
    betas = [self._get_smoothness_reg(guess) for guess in guesses]
  File "/home/ryedida/bbo_challenge_starter_kit/example_submissions/smoothness/optimizer.py", line 105, in <listcomp>
    betas = [self._get_smoothness_reg(guess) for guess in guesses]
  File "/home/ryedida/bbo_challenge_starter_kit/example_submissions/smoothness/optimizer.py", line 48, in _get_smoothness_reg
    if activ > Kz:
NameError: name 'activ' is not defined
suggestion time taken 0.321574 iter 9 next_points [{'alpha': 0.033136306619994636, 'batch_size': 76, 'beta_1': 0.967412651033945, 'beta_2': 0.9998657758355234, 'epsilon': 1.1914510382936166e-08, 'hidden_layer_sizes': 195, 'learning_rate_init': 0.0075390157858791365, 'tol': 0.00027762510984113075, 'validation_fraction': 0.8447511206651603}]
/home/ryedida/.local/lib/python3.9/site-packages/sklearn/neural_network/_multilayer_perceptron.py:605: UserWarning: Got `batch_size` less than 1 or larger than sample size. It is going to be clipped
  warnings.warn(

function_evaluation time 0.766047 value 54.389482 suggestion {'alpha': 0.033136306619994636, 'batch_size': 76, 'beta_1': 0.967412651033945, 'beta_2': 0.9998657758355234, 'epsilon': 1.1914510382936166e-08, 'hidden_layer_sizes': 195, 'learning_rate_init': 0.0075390157858791365, 'tol': 0.00027762510984113075, 'validation_fraction': 0.8447511206651603}
observation time 0.000005, current best 51.851867 at iter 9
Failure in optimizer suggest. Falling back to random search.
name 'activ' is not defined
Traceback (most recent call last):
  File "/home/ryedida/.local/lib/python3.9/site-packages/bayesmark/experiment.py", line 126, in run_study
    next_points = optimizer.suggest(n_suggestions)
  File "/home/ryedida/bbo_challenge_starter_kit/example_submissions/smoothness/optimizer.py", line 105, in suggest
    betas = [self._get_smoothness_reg(guess) for guess in guesses]
  File "/home/ryedida/bbo_challenge_starter_kit/example_submissions/smoothness/optimizer.py", line 105, in <listcomp>
    betas = [self._get_smoothness_reg(guess) for guess in guesses]
  File "/home/ryedida/bbo_challenge_starter_kit/example_submissions/smoothness/optimizer.py", line 48, in _get_smoothness_reg
    if activ > Kz:
NameError: name 'activ' is not defined
suggestion time taken 0.316417 iter 10 next_points [{'alpha': 5.1266794084454896e-05, 'batch_size': 52, 'beta_1': 0.6246392584227672, 'beta_2': 0.9826692168643257, 'epsilon': 2.1961874353839356e-08, 'hidden_layer_sizes': 118, 'learning_rate_init': 0.0033028315010865433, 'tol': 0.0459390495908363, 'validation_fraction': 0.35107195356728504}]
function_evaluation time 0.093757 value 147.702172 suggestion {'alpha': 5.1266794084454896e-05, 'batch_size': 52, 'beta_1': 0.6246392584227672, 'beta_2': 0.9826692168643257, 'epsilon': 2.1961874353839356e-08, 'hidden_layer_sizes': 118, 'learning_rate_init': 0.0033028315010865433, 'tol': 0.0459390495908363, 'validation_fraction': 0.35107195356728504}
observation time 0.000005, current best 51.851867 at iter 10
Failure in optimizer suggest. Falling back to random search.
name 'activ' is not defined
Traceback (most recent call last):
  File "/home/ryedida/.local/lib/python3.9/site-packages/bayesmark/experiment.py", line 126, in run_study
    next_points = optimizer.suggest(n_suggestions)
  File "/home/ryedida/bbo_challenge_starter_kit/example_submissions/smoothness/optimizer.py", line 105, in suggest
    betas = [self._get_smoothness_reg(guess) for guess in guesses]
  File "/home/ryedida/bbo_challenge_starter_kit/example_submissions/smoothness/optimizer.py", line 105, in <listcomp>
    betas = [self._get_smoothness_reg(guess) for guess in guesses]
  File "/home/ryedida/bbo_challenge_starter_kit/example_submissions/smoothness/optimizer.py", line 48, in _get_smoothness_reg
    if activ > Kz:
NameError: name 'activ' is not defined
suggestion time taken 0.323958 iter 11 next_points [{'alpha': 5.492629492006203e-05, 'batch_size': 115, 'beta_1': 0.8841019896972585, 'beta_2': 0.9688907851702339, 'epsilon': 1.2012157585965984e-07, 'hidden_layer_sizes': 73, 'learning_rate_init': 0.007768561984389167, 'tol': 0.0002700652676836755, 'validation_fraction': 0.8707625264884415}]
/home/ryedida/.local/lib/python3.9/site-packages/sklearn/neural_network/_multilayer_perceptron.py:605: UserWarning: Got `batch_size` less than 1 or larger than sample size. It is going to be clipped
  warnings.warn(

/home/ryedida/.local/lib/python3.9/site-packages/sklearn/neural_network/_multilayer_perceptron.py:686: ConvergenceWarning: Stochastic Optimizer: Maximum iterations (200) reached and the optimization hasn't converged yet.
  warnings.warn(

function_evaluation time 0.605080 value 70.673883 suggestion {'alpha': 5.492629492006203e-05, 'batch_size': 115, 'beta_1': 0.8841019896972585, 'beta_2': 0.9688907851702339, 'epsilon': 1.2012157585965984e-07, 'hidden_layer_sizes': 73, 'learning_rate_init': 0.007768561984389167, 'tol': 0.0002700652676836755, 'validation_fraction': 0.8707625264884415}
observation time 0.000006, current best 51.851867 at iter 11
Failure in optimizer suggest. Falling back to random search.
name 'activ' is not defined
Traceback (most recent call last):
  File "/home/ryedida/.local/lib/python3.9/site-packages/bayesmark/experiment.py", line 126, in run_study
    next_points = optimizer.suggest(n_suggestions)
  File "/home/ryedida/bbo_challenge_starter_kit/example_submissions/smoothness/optimizer.py", line 105, in suggest
    betas = [self._get_smoothness_reg(guess) for guess in guesses]
  File "/home/ryedida/bbo_challenge_starter_kit/example_submissions/smoothness/optimizer.py", line 105, in <listcomp>
    betas = [self._get_smoothness_reg(guess) for guess in guesses]
  File "/home/ryedida/bbo_challenge_starter_kit/example_submissions/smoothness/optimizer.py", line 48, in _get_smoothness_reg
    if activ > Kz:
NameError: name 'activ' is not defined
suggestion time taken 0.327276 iter 12 next_points [{'alpha': 0.001094115772965485, 'batch_size': 75, 'beta_1': 0.9867453419553246, 'beta_2': 0.9999802815071356, 'epsilon': 9.806247145431479e-09, 'hidden_layer_sizes': 189, 'learning_rate_init': 0.0007646564724965178, 'tol': 0.019904280044249247, 'validation_fraction': 0.7445618165261046}]
function_evaluation time 0.063167 value 151.419150 suggestion {'alpha': 0.001094115772965485, 'batch_size': 75, 'beta_1': 0.9867453419553246, 'beta_2': 0.9999802815071356, 'epsilon': 9.806247145431479e-09, 'hidden_layer_sizes': 189, 'learning_rate_init': 0.0007646564724965178, 'tol': 0.019904280044249247, 'validation_fraction': 0.7445618165261046}
observation time 0.000006, current best 51.851867 at iter 12
Failure in optimizer suggest. Falling back to random search.
name 'activ' is not defined
Traceback (most recent call last):
  File "/home/ryedida/.local/lib/python3.9/site-packages/bayesmark/experiment.py", line 126, in run_study
    next_points = optimizer.suggest(n_suggestions)
  File "/home/ryedida/bbo_challenge_starter_kit/example_submissions/smoothness/optimizer.py", line 105, in suggest
    betas = [self._get_smoothness_reg(guess) for guess in guesses]
  File "/home/ryedida/bbo_challenge_starter_kit/example_submissions/smoothness/optimizer.py", line 105, in <listcomp>
    betas = [self._get_smoothness_reg(guess) for guess in guesses]
  File "/home/ryedida/bbo_challenge_starter_kit/example_submissions/smoothness/optimizer.py", line 48, in _get_smoothness_reg
    if activ > Kz:
NameError: name 'activ' is not defined
suggestion time taken 0.325232 iter 13 next_points [{'alpha': 0.04831233829280319, 'batch_size': 229, 'beta_1': 0.988538202735144, 'beta_2': 0.9999924285616343, 'epsilon': 2.744684919391157e-09, 'hidden_layer_sizes': 53, 'learning_rate_init': 0.008513303779744142, 'tol': 0.008714059627070954, 'validation_fraction': 0.27486657848184404}]
function_evaluation time 0.052091 value 150.647983 suggestion {'alpha': 0.04831233829280319, 'batch_size': 229, 'beta_1': 0.988538202735144, 'beta_2': 0.9999924285616343, 'epsilon': 2.744684919391157e-09, 'hidden_layer_sizes': 53, 'learning_rate_init': 0.008513303779744142, 'tol': 0.008714059627070954, 'validation_fraction': 0.27486657848184404}
observation time 0.000005, current best 51.851867 at iter 13
Failure in optimizer suggest. Falling back to random search.
name 'activ' is not defined
Traceback (most recent call last):
  File "/home/ryedida/.local/lib/python3.9/site-packages/bayesmark/experiment.py", line 126, in run_study
    next_points = optimizer.suggest(n_suggestions)
  File "/home/ryedida/bbo_challenge_starter_kit/example_submissions/smoothness/optimizer.py", line 105, in suggest
    betas = [self._get_smoothness_reg(guess) for guess in guesses]
  File "/home/ryedida/bbo_challenge_starter_kit/example_submissions/smoothness/optimizer.py", line 105, in <listcomp>
    betas = [self._get_smoothness_reg(guess) for guess in guesses]
  File "/home/ryedida/bbo_challenge_starter_kit/example_submissions/smoothness/optimizer.py", line 48, in _get_smoothness_reg
    if activ > Kz:
NameError: name 'activ' is not defined
suggestion time taken 0.326485 iter 14 next_points [{'alpha': 3.521921412176876e-05, 'batch_size': 225, 'beta_1': 0.9212409641423251, 'beta_2': 0.9999952932226328, 'epsilon': 3.568342411518892e-08, 'hidden_layer_sizes': 78, 'learning_rate_init': 6.934877337346824e-05, 'tol': 0.05381849247643628, 'validation_fraction': 0.8087343302331939}]
/home/ryedida/.local/lib/python3.9/site-packages/sklearn/neural_network/_multilayer_perceptron.py:605: UserWarning: Got `batch_size` less than 1 or larger than sample size. It is going to be clipped
  warnings.warn(

function_evaluation time 0.046782 value 151.457405 suggestion {'alpha': 3.521921412176876e-05, 'batch_size': 225, 'beta_1': 0.9212409641423251, 'beta_2': 0.9999952932226328, 'epsilon': 3.568342411518892e-08, 'hidden_layer_sizes': 78, 'learning_rate_init': 6.934877337346824e-05, 'tol': 0.05381849247643628, 'validation_fraction': 0.8087343302331939}
observation time 0.000005, current best 51.851867 at iter 14
saving meta data: {'args': {'--uuid': '550d6ef4ff4359da9ac501f4ba0e9e1d', '-db-root': '/home/ryedida/bbo_challenge_starter_kit/output', '--opt-root': '/home/ryedida/bbo_challenge_starter_kit/example_submissions', '--data-root': None, '--db': 'run_20230425_055340', '--opt': 'smoothness', '--data': 'diabetes', '--classifier': 'MLP-adam', '--metric': 'mae', '--calls': 15, '--suggestions': 1, '--jobs-file': None, '--verbose': False, 'dry_run': False, 'rev': 'a376313', 'opt_rev': 'x.x.x'}, 'signature': ([{'alpha': 0.019628224813442792, 'batch_size': 182, 'beta_1': 0.9410202200271762, 'beta_2': 0.9998021557676793, 'epsilon': 1.8662266976518e-08, 'hidden_layer_sizes': 147, 'learning_rate_init': 0.0005627932047415167, 'tol': 0.03690557729213761, 'validation_fraction': 0.8846827852548593}, {'alpha': 0.0019982467392329444, 'batch_size': 200, 'beta_1': 0.919111482530466, 'beta_2': 0.9998488260436156, 'epsilon': 5.981221901152555e-07, 'hidden_layer_sizes': 61, 'learning_rate_init': 2.2310905607443014e-05, 'tol': 1.2046852412030316e-05, 'validation_fraction': 0.8117896445826539}, {'alpha': 0.46659545670218433, 'batch_size': 219, 'beta_1': 0.9889789783750891, 'beta_2': 0.9999896868093284, 'epsilon': 2.4234724484675948e-08, 'hidden_layer_sizes': 167, 'learning_rate_init': 2.972334644335654e-05, 'tol': 0.0036281404040243792, 'validation_fraction': 0.17260651658522078}, {'alpha': 4.656005689076002, 'batch_size': 135, 'beta_1': 0.870503881627747, 'beta_2': 0.9948873266941017, 'epsilon': 2.1023308743480125e-07, 'hidden_layer_sizes': 118, 'learning_rate_init': 0.0018781738757161913, 'tol': 1.1889379831773004e-05, 'validation_fraction': 0.6264327093752792}, {'alpha': 0.04705159350400542, 'batch_size': 158, 'beta_1': 0.9870884262730957, 'beta_2': 0.9999596874382349, 'epsilon': 1.1981845126013875e-08, 'hidden_layer_sizes': 116, 'learning_rate_init': 0.00617340520407431, 'tol': 1.741413418158619e-05, 'validation_fraction': 0.6754299026638921}], [151.4971925380264, 151.42763539278994, 151.47026299046811, 136.86202504264318, 75.2055865763391])}
saving results
saving timing
saving suggest log
done
