running: {'--uuid': '6b60a9391ef35d1d829ee2142a3b09e0', '-db-root': '/home/ryedida/bbo_challenge_starter_kit/output', '--opt-root': '/home/ryedida/bbo_challenge_starter_kit/example_submissions', '--data-root': None, '--db': 'run_20230425_055340', '--opt': 'smoothness', '--data': 'diabetes', '--classifier': 'MLP-adam', '--metric': 'mse', '--calls': 15, '--suggestions': 1, '--jobs-file': None, '--verbose': False, 'dry_run': False, 'rev': 'a376313', 'opt_rev': 'x.x.x'}
cmd: python smoothness/optimizer.py -c MLP-adam -d diabetes -o smoothness -u 6b60a9391ef35d1d829ee2142a3b09e0 -m mse -n 15 -p 1 -dir /home/ryedida/bbo_challenge_starter_kit/output -b run_20230425_055340
/home/ryedida/.local/lib/python3.9/site-packages/sklearn/neural_network/_multilayer_perceptron.py:605: UserWarning: Got `batch_size` less than 1 or larger than sample size. It is going to be clipped
  warnings.warn(

/home/ryedida/.local/lib/python3.9/site-packages/sklearn/neural_network/_multilayer_perceptron.py:605: UserWarning: Got `batch_size` less than 1 or larger than sample size. It is going to be clipped
  warnings.warn(

/home/ryedida/.local/lib/python3.9/site-packages/sklearn/neural_network/_multilayer_perceptron.py:605: UserWarning: Got `batch_size` less than 1 or larger than sample size. It is going to be clipped
  warnings.warn(

/home/ryedida/.local/lib/python3.9/site-packages/sklearn/neural_network/_multilayer_perceptron.py:686: ConvergenceWarning: Stochastic Optimizer: Maximum iterations (200) reached and the optimization hasn't converged yet.
  warnings.warn(

/home/ryedida/.local/lib/python3.9/site-packages/sklearn/neural_network/_multilayer_perceptron.py:605: UserWarning: Got `batch_size` less than 1 or larger than sample size. It is going to be clipped
  warnings.warn(

/home/ryedida/.local/lib/python3.9/site-packages/sklearn/neural_network/_multilayer_perceptron.py:686: ConvergenceWarning: Stochastic Optimizer: Maximum iterations (200) reached and the optimization hasn't converged yet.
  warnings.warn(

computed signature: ([{'alpha': 0.019628224813442792, 'batch_size': 182, 'beta_1': 0.9410202200271762, 'beta_2': 0.9998021557676793, 'epsilon': 1.8662266976518e-08, 'hidden_layer_sizes': 147, 'learning_rate_init': 0.0005627932047415167, 'tol': 0.03690557729213761, 'validation_fraction': 0.8846827852548593}, {'alpha': 0.0019982467392329444, 'batch_size': 200, 'beta_1': 0.919111482530466, 'beta_2': 0.9998488260436156, 'epsilon': 5.981221901152555e-07, 'hidden_layer_sizes': 61, 'learning_rate_init': 2.2310905607443014e-05, 'tol': 1.2046852412030316e-05, 'validation_fraction': 0.8117896445826539}, {'alpha': 0.46659545670218433, 'batch_size': 219, 'beta_1': 0.9889789783750891, 'beta_2': 0.9999896868093284, 'epsilon': 2.4234724484675948e-08, 'hidden_layer_sizes': 167, 'learning_rate_init': 2.972334644335654e-05, 'tol': 0.0036281404040243792, 'validation_fraction': 0.17260651658522078}, {'alpha': 4.656005689076002, 'batch_size': 135, 'beta_1': 0.870503881627747, 'beta_2': 0.9948873266941017, 'epsilon': 2.1023308743480125e-07, 'hidden_layer_sizes': 118, 'learning_rate_init': 0.0018781738757161913, 'tol': 1.1889379831773004e-05, 'validation_fraction': 0.6264327093752792}, {'alpha': 0.04705159350400542, 'batch_size': 158, 'beta_1': 0.9870884262730957, 'beta_2': 0.9999596874382349, 'epsilon': 1.1981845126013875e-08, 'hidden_layer_sizes': 116, 'learning_rate_init': 0.00617340520407431, 'tol': 1.741413418158619e-05, 'validation_fraction': 0.6754299026638921}], [29083.993548572587, 29062.423277324073, 29075.78987471409, 24626.32866834337, 9584.226858493177])
Signature errors:
                              0         1         2         3         4       max
MLP-adam_diabetes_mse  0.000007  0.000008  0.000003  0.003558  0.004952  0.004952
max                    0.000007  0.000008  0.000003  0.003558  0.004952  0.004952
starting sklearn study smoothness MLP-adam diabetes mse 15 1
with data root: None
Failure in optimizer suggest. Falling back to random search.
name 'activ' is not defined
Traceback (most recent call last):
  File "/home/ryedida/.local/lib/python3.9/site-packages/bayesmark/experiment.py", line 126, in run_study
    next_points = optimizer.suggest(n_suggestions)
  File "/home/ryedida/bbo_challenge_starter_kit/example_submissions/smoothness/optimizer.py", line 105, in suggest
    betas = [self._get_smoothness_reg(guess) for guess in guesses]
  File "/home/ryedida/bbo_challenge_starter_kit/example_submissions/smoothness/optimizer.py", line 105, in <listcomp>
    betas = [self._get_smoothness_reg(guess) for guess in guesses]
  File "/home/ryedida/bbo_challenge_starter_kit/example_submissions/smoothness/optimizer.py", line 48, in _get_smoothness_reg
    if activ > Kz:
NameError: name 'activ' is not defined
suggestion time taken 0.492597 iter 0 next_points [{'alpha': 0.03573560118800746, 'batch_size': 115, 'beta_1': 0.5784983321785092, 'beta_2': 0.999193647504434, 'epsilon': 4.760956034859068e-07, 'hidden_layer_sizes': 132, 'learning_rate_init': 0.051282226718680046, 'tol': 0.007844515110109975, 'validation_fraction': 0.897086937779359}]
/home/ryedida/.local/lib/python3.9/site-packages/sklearn/neural_network/_multilayer_perceptron.py:605: UserWarning: Got `batch_size` less than 1 or larger than sample size. It is going to be clipped
  warnings.warn(

function_evaluation time 0.152957 value 3662.376777 suggestion {'alpha': 0.03573560118800746, 'batch_size': 115, 'beta_1': 0.5784983321785092, 'beta_2': 0.999193647504434, 'epsilon': 4.760956034859068e-07, 'hidden_layer_sizes': 132, 'learning_rate_init': 0.051282226718680046, 'tol': 0.007844515110109975, 'validation_fraction': 0.897086937779359}
observation time 0.000006, current best 3662.376777 at iter 0
Failure in optimizer suggest. Falling back to random search.
name 'activ' is not defined
Traceback (most recent call last):
  File "/home/ryedida/.local/lib/python3.9/site-packages/bayesmark/experiment.py", line 126, in run_study
    next_points = optimizer.suggest(n_suggestions)
  File "/home/ryedida/bbo_challenge_starter_kit/example_submissions/smoothness/optimizer.py", line 105, in suggest
    betas = [self._get_smoothness_reg(guess) for guess in guesses]
  File "/home/ryedida/bbo_challenge_starter_kit/example_submissions/smoothness/optimizer.py", line 105, in <listcomp>
    betas = [self._get_smoothness_reg(guess) for guess in guesses]
  File "/home/ryedida/bbo_challenge_starter_kit/example_submissions/smoothness/optimizer.py", line 48, in _get_smoothness_reg
    if activ > Kz:
NameError: name 'activ' is not defined
suggestion time taken 0.326976 iter 1 next_points [{'alpha': 0.00036405497343433514, 'batch_size': 124, 'beta_1': 0.8958279257468194, 'beta_2': 0.9960182147282776, 'epsilon': 9.948876475812632e-07, 'hidden_layer_sizes': 147, 'learning_rate_init': 0.027770226330603325, 'tol': 0.03467222282628359, 'validation_fraction': 0.60786531632475}]
function_evaluation time 0.235443 value 3898.409339 suggestion {'alpha': 0.00036405497343433514, 'batch_size': 124, 'beta_1': 0.8958279257468194, 'beta_2': 0.9960182147282776, 'epsilon': 9.948876475812632e-07, 'hidden_layer_sizes': 147, 'learning_rate_init': 0.027770226330603325, 'tol': 0.03467222282628359, 'validation_fraction': 0.60786531632475}
observation time 0.000006, current best 3662.376777 at iter 1
Failure in optimizer suggest. Falling back to random search.
name 'activ' is not defined
Traceback (most recent call last):
  File "/home/ryedida/.local/lib/python3.9/site-packages/bayesmark/experiment.py", line 126, in run_study
    next_points = optimizer.suggest(n_suggestions)
  File "/home/ryedida/bbo_challenge_starter_kit/example_submissions/smoothness/optimizer.py", line 105, in suggest
    betas = [self._get_smoothness_reg(guess) for guess in guesses]
  File "/home/ryedida/bbo_challenge_starter_kit/example_submissions/smoothness/optimizer.py", line 105, in <listcomp>
    betas = [self._get_smoothness_reg(guess) for guess in guesses]
  File "/home/ryedida/bbo_challenge_starter_kit/example_submissions/smoothness/optimizer.py", line 48, in _get_smoothness_reg
    if activ > Kz:
NameError: name 'activ' is not defined
suggestion time taken 0.323699 iter 2 next_points [{'alpha': 0.0002622815895719232, 'batch_size': 66, 'beta_1': 0.9566224395327059, 'beta_2': 0.999047069379206, 'epsilon': 2.2523022699402364e-08, 'hidden_layer_sizes': 67, 'learning_rate_init': 0.03985981968698924, 'tol': 0.0016807778900482535, 'validation_fraction': 0.7791171986758209}]
function_evaluation time 0.219401 value 4267.041491 suggestion {'alpha': 0.0002622815895719232, 'batch_size': 66, 'beta_1': 0.9566224395327059, 'beta_2': 0.999047069379206, 'epsilon': 2.2523022699402364e-08, 'hidden_layer_sizes': 67, 'learning_rate_init': 0.03985981968698924, 'tol': 0.0016807778900482535, 'validation_fraction': 0.7791171986758209}
observation time 0.000006, current best 3662.376777 at iter 2
Failure in optimizer suggest. Falling back to random search.
name 'activ' is not defined
Traceback (most recent call last):
  File "/home/ryedida/.local/lib/python3.9/site-packages/bayesmark/experiment.py", line 126, in run_study
    next_points = optimizer.suggest(n_suggestions)
  File "/home/ryedida/bbo_challenge_starter_kit/example_submissions/smoothness/optimizer.py", line 105, in suggest
    betas = [self._get_smoothness_reg(guess) for guess in guesses]
  File "/home/ryedida/bbo_challenge_starter_kit/example_submissions/smoothness/optimizer.py", line 105, in <listcomp>
    betas = [self._get_smoothness_reg(guess) for guess in guesses]
  File "/home/ryedida/bbo_challenge_starter_kit/example_submissions/smoothness/optimizer.py", line 48, in _get_smoothness_reg
    if activ > Kz:
NameError: name 'activ' is not defined
suggestion time taken 0.323133 iter 3 next_points [{'alpha': 0.1518114931241653, 'batch_size': 45, 'beta_1': 0.7672593538402758, 'beta_2': 0.9999875509287083, 'epsilon': 4.0717014607007203e-07, 'hidden_layer_sizes': 133, 'learning_rate_init': 0.01299964135449062, 'tol': 0.002796998872063412, 'validation_fraction': 0.8076858137788983}]
function_evaluation time 0.356535 value 3790.499666 suggestion {'alpha': 0.1518114931241653, 'batch_size': 45, 'beta_1': 0.7672593538402758, 'beta_2': 0.9999875509287083, 'epsilon': 4.0717014607007203e-07, 'hidden_layer_sizes': 133, 'learning_rate_init': 0.01299964135449062, 'tol': 0.002796998872063412, 'validation_fraction': 0.8076858137788983}
observation time 0.000007, current best 3662.376777 at iter 3
Failure in optimizer suggest. Falling back to random search.
name 'activ' is not defined
Traceback (most recent call last):
  File "/home/ryedida/.local/lib/python3.9/site-packages/bayesmark/experiment.py", line 126, in run_study
    next_points = optimizer.suggest(n_suggestions)
  File "/home/ryedida/bbo_challenge_starter_kit/example_submissions/smoothness/optimizer.py", line 105, in suggest
    betas = [self._get_smoothness_reg(guess) for guess in guesses]
  File "/home/ryedida/bbo_challenge_starter_kit/example_submissions/smoothness/optimizer.py", line 105, in <listcomp>
    betas = [self._get_smoothness_reg(guess) for guess in guesses]
  File "/home/ryedida/bbo_challenge_starter_kit/example_submissions/smoothness/optimizer.py", line 48, in _get_smoothness_reg
    if activ > Kz:
NameError: name 'activ' is not defined
suggestion time taken 0.332423 iter 4 next_points [{'alpha': 0.00014948471188565272, 'batch_size': 119, 'beta_1': 0.9853275766778262, 'beta_2': 0.9712506774587252, 'epsilon': 3.16870069207301e-07, 'hidden_layer_sizes': 194, 'learning_rate_init': 0.08793918356622926, 'tol': 2.6383984479449494e-05, 'validation_fraction': 0.3315172593603751}]
function_evaluation time 0.214600 value 3411.047751 suggestion {'alpha': 0.00014948471188565272, 'batch_size': 119, 'beta_1': 0.9853275766778262, 'beta_2': 0.9712506774587252, 'epsilon': 3.16870069207301e-07, 'hidden_layer_sizes': 194, 'learning_rate_init': 0.08793918356622926, 'tol': 2.6383984479449494e-05, 'validation_fraction': 0.3315172593603751}
observation time 0.000006, current best 3411.047751 at iter 4
Failure in optimizer suggest. Falling back to random search.
name 'activ' is not defined
Traceback (most recent call last):
  File "/home/ryedida/.local/lib/python3.9/site-packages/bayesmark/experiment.py", line 126, in run_study
    next_points = optimizer.suggest(n_suggestions)
  File "/home/ryedida/bbo_challenge_starter_kit/example_submissions/smoothness/optimizer.py", line 105, in suggest
    betas = [self._get_smoothness_reg(guess) for guess in guesses]
  File "/home/ryedida/bbo_challenge_starter_kit/example_submissions/smoothness/optimizer.py", line 105, in <listcomp>
    betas = [self._get_smoothness_reg(guess) for guess in guesses]
  File "/home/ryedida/bbo_challenge_starter_kit/example_submissions/smoothness/optimizer.py", line 48, in _get_smoothness_reg
    if activ > Kz:
NameError: name 'activ' is not defined
suggestion time taken 0.340112 iter 5 next_points [{'alpha': 3.7793323846868744e-05, 'batch_size': 155, 'beta_1': 0.982018557683757, 'beta_2': 0.999998263191431, 'epsilon': 4.457958122359068e-07, 'hidden_layer_sizes': 81, 'learning_rate_init': 0.0014918332791451056, 'tol': 0.018652697202239946, 'validation_fraction': 0.3465179992815323}]
function_evaluation time 0.065650 value 28939.937694 suggestion {'alpha': 3.7793323846868744e-05, 'batch_size': 155, 'beta_1': 0.982018557683757, 'beta_2': 0.999998263191431, 'epsilon': 4.457958122359068e-07, 'hidden_layer_sizes': 81, 'learning_rate_init': 0.0014918332791451056, 'tol': 0.018652697202239946, 'validation_fraction': 0.3465179992815323}
observation time 0.000006, current best 3411.047751 at iter 5
Failure in optimizer suggest. Falling back to random search.
name 'activ' is not defined
Traceback (most recent call last):
  File "/home/ryedida/.local/lib/python3.9/site-packages/bayesmark/experiment.py", line 126, in run_study
    next_points = optimizer.suggest(n_suggestions)
  File "/home/ryedida/bbo_challenge_starter_kit/example_submissions/smoothness/optimizer.py", line 105, in suggest
    betas = [self._get_smoothness_reg(guess) for guess in guesses]
  File "/home/ryedida/bbo_challenge_starter_kit/example_submissions/smoothness/optimizer.py", line 105, in <listcomp>
    betas = [self._get_smoothness_reg(guess) for guess in guesses]
  File "/home/ryedida/bbo_challenge_starter_kit/example_submissions/smoothness/optimizer.py", line 48, in _get_smoothness_reg
    if activ > Kz:
NameError: name 'activ' is not defined
suggestion time taken 0.328130 iter 6 next_points [{'alpha': 0.027174651348462038, 'batch_size': 148, 'beta_1': 0.5013648324884663, 'beta_2': 0.9999982674356731, 'epsilon': 1.2160850393773292e-09, 'hidden_layer_sizes': 79, 'learning_rate_init': 0.001542955267072663, 'tol': 0.047293961298767034, 'validation_fraction': 0.11459584449236915}]
function_evaluation time 0.069650 value 28965.849790 suggestion {'alpha': 0.027174651348462038, 'batch_size': 148, 'beta_1': 0.5013648324884663, 'beta_2': 0.9999982674356731, 'epsilon': 1.2160850393773292e-09, 'hidden_layer_sizes': 79, 'learning_rate_init': 0.001542955267072663, 'tol': 0.047293961298767034, 'validation_fraction': 0.11459584449236915}
observation time 0.000006, current best 3411.047751 at iter 6
Failure in optimizer suggest. Falling back to random search.
name 'activ' is not defined
Traceback (most recent call last):
  File "/home/ryedida/.local/lib/python3.9/site-packages/bayesmark/experiment.py", line 126, in run_study
    next_points = optimizer.suggest(n_suggestions)
  File "/home/ryedida/bbo_challenge_starter_kit/example_submissions/smoothness/optimizer.py", line 105, in suggest
    betas = [self._get_smoothness_reg(guess) for guess in guesses]
  File "/home/ryedida/bbo_challenge_starter_kit/example_submissions/smoothness/optimizer.py", line 105, in <listcomp>
    betas = [self._get_smoothness_reg(guess) for guess in guesses]
  File "/home/ryedida/bbo_challenge_starter_kit/example_submissions/smoothness/optimizer.py", line 48, in _get_smoothness_reg
    if activ > Kz:
NameError: name 'activ' is not defined
suggestion time taken 0.456788 iter 7 next_points [{'alpha': 8.580059924965169e-05, 'batch_size': 108, 'beta_1': 0.8390317145488413, 'beta_2': 0.9999375732570974, 'epsilon': 3.323148575753668e-09, 'hidden_layer_sizes': 56, 'learning_rate_init': 0.012180746896805584, 'tol': 0.0005902174073070843, 'validation_fraction': 0.14383707355487196}]
function_evaluation time 0.530497 value 3033.753231 suggestion {'alpha': 8.580059924965169e-05, 'batch_size': 108, 'beta_1': 0.8390317145488413, 'beta_2': 0.9999375732570974, 'epsilon': 3.323148575753668e-09, 'hidden_layer_sizes': 56, 'learning_rate_init': 0.012180746896805584, 'tol': 0.0005902174073070843, 'validation_fraction': 0.14383707355487196}
observation time 0.000006, current best 3033.753231 at iter 7
Failure in optimizer suggest. Falling back to random search.
name 'activ' is not defined
Traceback (most recent call last):
  File "/home/ryedida/.local/lib/python3.9/site-packages/bayesmark/experiment.py", line 126, in run_study
    next_points = optimizer.suggest(n_suggestions)
  File "/home/ryedida/bbo_challenge_starter_kit/example_submissions/smoothness/optimizer.py", line 105, in suggest
    betas = [self._get_smoothness_reg(guess) for guess in guesses]
  File "/home/ryedida/bbo_challenge_starter_kit/example_submissions/smoothness/optimizer.py", line 105, in <listcomp>
    betas = [self._get_smoothness_reg(guess) for guess in guesses]
  File "/home/ryedida/bbo_challenge_starter_kit/example_submissions/smoothness/optimizer.py", line 48, in _get_smoothness_reg
    if activ > Kz:
NameError: name 'activ' is not defined
suggestion time taken 0.323902 iter 8 next_points [{'alpha': 1.0669674641770395, 'batch_size': 20, 'beta_1': 0.9622105289098192, 'beta_2': 0.9999369847625487, 'epsilon': 2.1327987699075518e-08, 'hidden_layer_sizes': 152, 'learning_rate_init': 0.00019074970598185242, 'tol': 0.000279349515138894, 'validation_fraction': 0.8222110918017999}]
/home/ryedida/.local/lib/python3.9/site-packages/sklearn/neural_network/_multilayer_perceptron.py:686: ConvergenceWarning: Stochastic Optimizer: Maximum iterations (200) reached and the optimization hasn't converged yet.
  warnings.warn(

function_evaluation time 1.244170 value 28283.910169 suggestion {'alpha': 1.0669674641770395, 'batch_size': 20, 'beta_1': 0.9622105289098192, 'beta_2': 0.9999369847625487, 'epsilon': 2.1327987699075518e-08, 'hidden_layer_sizes': 152, 'learning_rate_init': 0.00019074970598185242, 'tol': 0.000279349515138894, 'validation_fraction': 0.8222110918017999}
observation time 0.000006, current best 3033.753231 at iter 8
Failure in optimizer suggest. Falling back to random search.
name 'activ' is not defined
Traceback (most recent call last):
  File "/home/ryedida/.local/lib/python3.9/site-packages/bayesmark/experiment.py", line 126, in run_study
    next_points = optimizer.suggest(n_suggestions)
  File "/home/ryedida/bbo_challenge_starter_kit/example_submissions/smoothness/optimizer.py", line 105, in suggest
    betas = [self._get_smoothness_reg(guess) for guess in guesses]
  File "/home/ryedida/bbo_challenge_starter_kit/example_submissions/smoothness/optimizer.py", line 105, in <listcomp>
    betas = [self._get_smoothness_reg(guess) for guess in guesses]
  File "/home/ryedida/bbo_challenge_starter_kit/example_submissions/smoothness/optimizer.py", line 48, in _get_smoothness_reg
    if activ > Kz:
NameError: name 'activ' is not defined
suggestion time taken 0.315435 iter 9 next_points [{'alpha': 3.815432394983196e-05, 'batch_size': 170, 'beta_1': 0.9751023545049285, 'beta_2': 0.9999371721679102, 'epsilon': 9.628018058028312e-07, 'hidden_layer_sizes': 121, 'learning_rate_init': 0.00027240814859890697, 'tol': 4.852260747291261e-05, 'validation_fraction': 0.18392455535203078}]
/home/ryedida/.local/lib/python3.9/site-packages/sklearn/neural_network/_multilayer_perceptron.py:686: ConvergenceWarning: Stochastic Optimizer: Maximum iterations (200) reached and the optimization hasn't converged yet.
  warnings.warn(

function_evaluation time 1.145006 value 28412.412748 suggestion {'alpha': 3.815432394983196e-05, 'batch_size': 170, 'beta_1': 0.9751023545049285, 'beta_2': 0.9999371721679102, 'epsilon': 9.628018058028312e-07, 'hidden_layer_sizes': 121, 'learning_rate_init': 0.00027240814859890697, 'tol': 4.852260747291261e-05, 'validation_fraction': 0.18392455535203078}
observation time 0.000005, current best 3033.753231 at iter 9
Failure in optimizer suggest. Falling back to random search.
name 'activ' is not defined
Traceback (most recent call last):
  File "/home/ryedida/.local/lib/python3.9/site-packages/bayesmark/experiment.py", line 126, in run_study
    next_points = optimizer.suggest(n_suggestions)
  File "/home/ryedida/bbo_challenge_starter_kit/example_submissions/smoothness/optimizer.py", line 105, in suggest
    betas = [self._get_smoothness_reg(guess) for guess in guesses]
  File "/home/ryedida/bbo_challenge_starter_kit/example_submissions/smoothness/optimizer.py", line 105, in <listcomp>
    betas = [self._get_smoothness_reg(guess) for guess in guesses]
  File "/home/ryedida/bbo_challenge_starter_kit/example_submissions/smoothness/optimizer.py", line 48, in _get_smoothness_reg
    if activ > Kz:
NameError: name 'activ' is not defined
suggestion time taken 0.319573 iter 10 next_points [{'alpha': 6.031094201572153e-05, 'batch_size': 156, 'beta_1': 0.9742828041634691, 'beta_2': 0.9985444363521447, 'epsilon': 1.2512815774094135e-07, 'hidden_layer_sizes': 116, 'learning_rate_init': 0.01781335288011644, 'tol': 0.0014332037729978039, 'validation_fraction': 0.19513394778197807}]
function_evaluation time 0.341147 value 4256.153263 suggestion {'alpha': 6.031094201572153e-05, 'batch_size': 156, 'beta_1': 0.9742828041634691, 'beta_2': 0.9985444363521447, 'epsilon': 1.2512815774094135e-07, 'hidden_layer_sizes': 116, 'learning_rate_init': 0.01781335288011644, 'tol': 0.0014332037729978039, 'validation_fraction': 0.19513394778197807}
observation time 0.000006, current best 3033.753231 at iter 10
Failure in optimizer suggest. Falling back to random search.
name 'activ' is not defined
Traceback (most recent call last):
  File "/home/ryedida/.local/lib/python3.9/site-packages/bayesmark/experiment.py", line 126, in run_study
    next_points = optimizer.suggest(n_suggestions)
  File "/home/ryedida/bbo_challenge_starter_kit/example_submissions/smoothness/optimizer.py", line 105, in suggest
    betas = [self._get_smoothness_reg(guess) for guess in guesses]
  File "/home/ryedida/bbo_challenge_starter_kit/example_submissions/smoothness/optimizer.py", line 105, in <listcomp>
    betas = [self._get_smoothness_reg(guess) for guess in guesses]
  File "/home/ryedida/bbo_challenge_starter_kit/example_submissions/smoothness/optimizer.py", line 48, in _get_smoothness_reg
    if activ > Kz:
NameError: name 'activ' is not defined
suggestion time taken 0.318803 iter 11 next_points [{'alpha': 1.1283433357424415, 'batch_size': 168, 'beta_1': 0.8504013097858284, 'beta_2': 0.9999947550848767, 'epsilon': 3.480428878583934e-07, 'hidden_layer_sizes': 139, 'learning_rate_init': 7.126938426438633e-05, 'tol': 0.06732723073631092, 'validation_fraction': 0.7167795291368945}]
/home/ryedida/.local/lib/python3.9/site-packages/sklearn/neural_network/_multilayer_perceptron.py:605: UserWarning: Got `batch_size` less than 1 or larger than sample size. It is going to be clipped
  warnings.warn(

function_evaluation time 0.055068 value 29102.363058 suggestion {'alpha': 1.1283433357424415, 'batch_size': 168, 'beta_1': 0.8504013097858284, 'beta_2': 0.9999947550848767, 'epsilon': 3.480428878583934e-07, 'hidden_layer_sizes': 139, 'learning_rate_init': 7.126938426438633e-05, 'tol': 0.06732723073631092, 'validation_fraction': 0.7167795291368945}
observation time 0.000006, current best 3033.753231 at iter 11
Failure in optimizer suggest. Falling back to random search.
name 'activ' is not defined
Traceback (most recent call last):
  File "/home/ryedida/.local/lib/python3.9/site-packages/bayesmark/experiment.py", line 126, in run_study
    next_points = optimizer.suggest(n_suggestions)
  File "/home/ryedida/bbo_challenge_starter_kit/example_submissions/smoothness/optimizer.py", line 105, in suggest
    betas = [self._get_smoothness_reg(guess) for guess in guesses]
  File "/home/ryedida/bbo_challenge_starter_kit/example_submissions/smoothness/optimizer.py", line 105, in <listcomp>
    betas = [self._get_smoothness_reg(guess) for guess in guesses]
  File "/home/ryedida/bbo_challenge_starter_kit/example_submissions/smoothness/optimizer.py", line 48, in _get_smoothness_reg
    if activ > Kz:
NameError: name 'activ' is not defined
suggestion time taken 0.332817 iter 12 next_points [{'alpha': 0.009462184514435808, 'batch_size': 225, 'beta_1': 0.9599945899963785, 'beta_2': 0.9981918728641701, 'epsilon': 3.4060932353924354e-09, 'hidden_layer_sizes': 132, 'learning_rate_init': 3.174388814585526e-05, 'tol': 0.0006521605800752515, 'validation_fraction': 0.3773396861475604}]
/home/ryedida/.local/lib/python3.9/site-packages/sklearn/neural_network/_multilayer_perceptron.py:605: UserWarning: Got `batch_size` less than 1 or larger than sample size. It is going to be clipped
  warnings.warn(

function_evaluation time 0.062801 value 29122.698148 suggestion {'alpha': 0.009462184514435808, 'batch_size': 225, 'beta_1': 0.9599945899963785, 'beta_2': 0.9981918728641701, 'epsilon': 3.4060932353924354e-09, 'hidden_layer_sizes': 132, 'learning_rate_init': 3.174388814585526e-05, 'tol': 0.0006521605800752515, 'validation_fraction': 0.3773396861475604}
observation time 0.000005, current best 3033.753231 at iter 12
Failure in optimizer suggest. Falling back to random search.
name 'activ' is not defined
Traceback (most recent call last):
  File "/home/ryedida/.local/lib/python3.9/site-packages/bayesmark/experiment.py", line 126, in run_study
    next_points = optimizer.suggest(n_suggestions)
  File "/home/ryedida/bbo_challenge_starter_kit/example_submissions/smoothness/optimizer.py", line 105, in suggest
    betas = [self._get_smoothness_reg(guess) for guess in guesses]
  File "/home/ryedida/bbo_challenge_starter_kit/example_submissions/smoothness/optimizer.py", line 105, in <listcomp>
    betas = [self._get_smoothness_reg(guess) for guess in guesses]
  File "/home/ryedida/bbo_challenge_starter_kit/example_submissions/smoothness/optimizer.py", line 48, in _get_smoothness_reg
    if activ > Kz:
NameError: name 'activ' is not defined
suggestion time taken 0.320700 iter 13 next_points [{'alpha': 6.129619544871624, 'batch_size': 105, 'beta_1': 0.7759280243114705, 'beta_2': 0.9986214463029288, 'epsilon': 7.703254796625558e-08, 'hidden_layer_sizes': 145, 'learning_rate_init': 0.03487645193579818, 'tol': 1.7737212350754165e-05, 'validation_fraction': 0.2650489718675705}]
function_evaluation time 0.684470 value 2949.262229 suggestion {'alpha': 6.129619544871624, 'batch_size': 105, 'beta_1': 0.7759280243114705, 'beta_2': 0.9986214463029288, 'epsilon': 7.703254796625558e-08, 'hidden_layer_sizes': 145, 'learning_rate_init': 0.03487645193579818, 'tol': 1.7737212350754165e-05, 'validation_fraction': 0.2650489718675705}
observation time 0.000010, current best 2949.262229 at iter 13
Failure in optimizer suggest. Falling back to random search.
name 'activ' is not defined
Traceback (most recent call last):
  File "/home/ryedida/.local/lib/python3.9/site-packages/bayesmark/experiment.py", line 126, in run_study
    next_points = optimizer.suggest(n_suggestions)
  File "/home/ryedida/bbo_challenge_starter_kit/example_submissions/smoothness/optimizer.py", line 105, in suggest
    betas = [self._get_smoothness_reg(guess) for guess in guesses]
  File "/home/ryedida/bbo_challenge_starter_kit/example_submissions/smoothness/optimizer.py", line 105, in <listcomp>
    betas = [self._get_smoothness_reg(guess) for guess in guesses]
  File "/home/ryedida/bbo_challenge_starter_kit/example_submissions/smoothness/optimizer.py", line 48, in _get_smoothness_reg
    if activ > Kz:
NameError: name 'activ' is not defined
suggestion time taken 0.322183 iter 14 next_points [{'alpha': 4.0802905784455565e-05, 'batch_size': 231, 'beta_1': 0.9809790805337455, 'beta_2': 0.9999820101140025, 'epsilon': 1.1082938738469333e-07, 'hidden_layer_sizes': 172, 'learning_rate_init': 0.00019903124633099972, 'tol': 0.0008600565945467642, 'validation_fraction': 0.8325846298162376}]
/home/ryedida/.local/lib/python3.9/site-packages/sklearn/neural_network/_multilayer_perceptron.py:605: UserWarning: Got `batch_size` less than 1 or larger than sample size. It is going to be clipped
  warnings.warn(

function_evaluation time 0.055338 value 29050.683056 suggestion {'alpha': 4.0802905784455565e-05, 'batch_size': 231, 'beta_1': 0.9809790805337455, 'beta_2': 0.9999820101140025, 'epsilon': 1.1082938738469333e-07, 'hidden_layer_sizes': 172, 'learning_rate_init': 0.00019903124633099972, 'tol': 0.0008600565945467642, 'validation_fraction': 0.8325846298162376}
observation time 0.000006, current best 2949.262229 at iter 14
saving meta data: {'args': {'--uuid': '6b60a9391ef35d1d829ee2142a3b09e0', '-db-root': '/home/ryedida/bbo_challenge_starter_kit/output', '--opt-root': '/home/ryedida/bbo_challenge_starter_kit/example_submissions', '--data-root': None, '--db': 'run_20230425_055340', '--opt': 'smoothness', '--data': 'diabetes', '--classifier': 'MLP-adam', '--metric': 'mse', '--calls': 15, '--suggestions': 1, '--jobs-file': None, '--verbose': False, 'dry_run': False, 'rev': 'a376313', 'opt_rev': 'x.x.x'}, 'signature': ([{'alpha': 0.019628224813442792, 'batch_size': 182, 'beta_1': 0.9410202200271762, 'beta_2': 0.9998021557676793, 'epsilon': 1.8662266976518e-08, 'hidden_layer_sizes': 147, 'learning_rate_init': 0.0005627932047415167, 'tol': 0.03690557729213761, 'validation_fraction': 0.8846827852548593}, {'alpha': 0.0019982467392329444, 'batch_size': 200, 'beta_1': 0.919111482530466, 'beta_2': 0.9998488260436156, 'epsilon': 5.981221901152555e-07, 'hidden_layer_sizes': 61, 'learning_rate_init': 2.2310905607443014e-05, 'tol': 1.2046852412030316e-05, 'validation_fraction': 0.8117896445826539}, {'alpha': 0.46659545670218433, 'batch_size': 219, 'beta_1': 0.9889789783750891, 'beta_2': 0.9999896868093284, 'epsilon': 2.4234724484675948e-08, 'hidden_layer_sizes': 167, 'learning_rate_init': 2.972334644335654e-05, 'tol': 0.0036281404040243792, 'validation_fraction': 0.17260651658522078}, {'alpha': 4.656005689076002, 'batch_size': 135, 'beta_1': 0.870503881627747, 'beta_2': 0.9948873266941017, 'epsilon': 2.1023308743480125e-07, 'hidden_layer_sizes': 118, 'learning_rate_init': 0.0018781738757161913, 'tol': 1.1889379831773004e-05, 'validation_fraction': 0.6264327093752792}, {'alpha': 0.04705159350400542, 'batch_size': 158, 'beta_1': 0.9870884262730957, 'beta_2': 0.9999596874382349, 'epsilon': 1.1981845126013875e-08, 'hidden_layer_sizes': 116, 'learning_rate_init': 0.00617340520407431, 'tol': 1.741413418158619e-05, 'validation_fraction': 0.6754299026638921}], [29083.993548572587, 29062.423277324073, 29075.78987471409, 24626.32866834337, 9584.226858493177])}
saving results
saving timing
saving suggest log
done
