running: {'--uuid': '6c982aa7ae9a5701b9469cb709245c29', '-db-root': '/home/ryedida/bbo_challenge_starter_kit/output', '--opt-root': '/home/ryedida/bbo_challenge_starter_kit/example_submissions', '--data-root': None, '--db': 'run_20230425_055340', '--opt': 'smoothness', '--data': 'diabetes', '--classifier': 'MLP-adam', '--metric': 'mae', '--calls': 15, '--suggestions': 1, '--jobs-file': None, '--verbose': False, 'dry_run': False, 'rev': 'a376313', 'opt_rev': 'x.x.x'}
cmd: python smoothness/optimizer.py -c MLP-adam -d diabetes -o smoothness -u 6c982aa7ae9a5701b9469cb709245c29 -m mae -n 15 -p 1 -dir /home/ryedida/bbo_challenge_starter_kit/output -b run_20230425_055340
/home/ryedida/.local/lib/python3.9/site-packages/sklearn/neural_network/_multilayer_perceptron.py:605: UserWarning: Got `batch_size` less than 1 or larger than sample size. It is going to be clipped
  warnings.warn(

/home/ryedida/.local/lib/python3.9/site-packages/sklearn/neural_network/_multilayer_perceptron.py:605: UserWarning: Got `batch_size` less than 1 or larger than sample size. It is going to be clipped
  warnings.warn(

/home/ryedida/.local/lib/python3.9/site-packages/sklearn/neural_network/_multilayer_perceptron.py:605: UserWarning: Got `batch_size` less than 1 or larger than sample size. It is going to be clipped
  warnings.warn(

/home/ryedida/.local/lib/python3.9/site-packages/sklearn/neural_network/_multilayer_perceptron.py:686: ConvergenceWarning: Stochastic Optimizer: Maximum iterations (200) reached and the optimization hasn't converged yet.
  warnings.warn(

/home/ryedida/.local/lib/python3.9/site-packages/sklearn/neural_network/_multilayer_perceptron.py:605: UserWarning: Got `batch_size` less than 1 or larger than sample size. It is going to be clipped
  warnings.warn(

/home/ryedida/.local/lib/python3.9/site-packages/sklearn/neural_network/_multilayer_perceptron.py:686: ConvergenceWarning: Stochastic Optimizer: Maximum iterations (200) reached and the optimization hasn't converged yet.
  warnings.warn(

computed signature: ([{'alpha': 0.019628224813442792, 'batch_size': 182, 'beta_1': 0.9410202200271762, 'beta_2': 0.9998021557676793, 'epsilon': 1.8662266976518e-08, 'hidden_layer_sizes': 147, 'learning_rate_init': 0.0005627932047415167, 'tol': 0.03690557729213761, 'validation_fraction': 0.8846827852548593}, {'alpha': 0.0019982467392329444, 'batch_size': 200, 'beta_1': 0.919111482530466, 'beta_2': 0.9998488260436156, 'epsilon': 5.981221901152555e-07, 'hidden_layer_sizes': 61, 'learning_rate_init': 2.2310905607443014e-05, 'tol': 1.2046852412030316e-05, 'validation_fraction': 0.8117896445826539}, {'alpha': 0.46659545670218433, 'batch_size': 219, 'beta_1': 0.9889789783750891, 'beta_2': 0.9999896868093284, 'epsilon': 2.4234724484675948e-08, 'hidden_layer_sizes': 167, 'learning_rate_init': 2.972334644335654e-05, 'tol': 0.0036281404040243792, 'validation_fraction': 0.17260651658522078}, {'alpha': 4.656005689076002, 'batch_size': 135, 'beta_1': 0.870503881627747, 'beta_2': 0.9948873266941017, 'epsilon': 2.1023308743480125e-07, 'hidden_layer_sizes': 118, 'learning_rate_init': 0.0018781738757161913, 'tol': 1.1889379831773004e-05, 'validation_fraction': 0.6264327093752792}, {'alpha': 0.04705159350400542, 'batch_size': 158, 'beta_1': 0.9870884262730957, 'beta_2': 0.9999596874382349, 'epsilon': 1.1981845126013875e-08, 'hidden_layer_sizes': 116, 'learning_rate_init': 0.00617340520407431, 'tol': 1.741413418158619e-05, 'validation_fraction': 0.6754299026638921}], [151.4971925380264, 151.42763539278994, 151.47026299046811, 136.86202504264318, 75.2055865763391])
Signature errors:
                                  0             1             2         3         4       max
MLP-adam_diabetes_mae  1.919244e-08  6.198704e-08  7.624578e-09  0.000007  0.000034  0.000034
max                    1.919244e-08  6.198704e-08  7.624578e-09  0.000007  0.000034  0.000034
starting sklearn study smoothness MLP-adam diabetes mae 15 1
with data root: None
Failure in optimizer suggest. Falling back to random search.
name 'activ' is not defined
Traceback (most recent call last):
  File "/home/ryedida/.local/lib/python3.9/site-packages/bayesmark/experiment.py", line 126, in run_study
    next_points = optimizer.suggest(n_suggestions)
  File "/home/ryedida/bbo_challenge_starter_kit/example_submissions/smoothness/optimizer.py", line 105, in suggest
    betas = [self._get_smoothness_reg(guess) for guess in guesses]
  File "/home/ryedida/bbo_challenge_starter_kit/example_submissions/smoothness/optimizer.py", line 105, in <listcomp>
    betas = [self._get_smoothness_reg(guess) for guess in guesses]
  File "/home/ryedida/bbo_challenge_starter_kit/example_submissions/smoothness/optimizer.py", line 48, in _get_smoothness_reg
    if activ > Kz:
NameError: name 'activ' is not defined
suggestion time taken 0.494989 iter 0 next_points [{'alpha': 0.0003439420738072199, 'batch_size': 139, 'beta_1': 0.9539790464922533, 'beta_2': 0.9949387678900541, 'epsilon': 9.578112438452337e-08, 'hidden_layer_sizes': 142, 'learning_rate_init': 1.1543558009423908e-05, 'tol': 0.019653000845155522, 'validation_fraction': 0.5281313520038606}]
function_evaluation time 0.064823 value 151.664489 suggestion {'alpha': 0.0003439420738072199, 'batch_size': 139, 'beta_1': 0.9539790464922533, 'beta_2': 0.9949387678900541, 'epsilon': 9.578112438452337e-08, 'hidden_layer_sizes': 142, 'learning_rate_init': 1.1543558009423908e-05, 'tol': 0.019653000845155522, 'validation_fraction': 0.5281313520038606}
observation time 0.000007, current best 151.664489 at iter 0
Failure in optimizer suggest. Falling back to random search.
name 'activ' is not defined
Traceback (most recent call last):
  File "/home/ryedida/.local/lib/python3.9/site-packages/bayesmark/experiment.py", line 126, in run_study
    next_points = optimizer.suggest(n_suggestions)
  File "/home/ryedida/bbo_challenge_starter_kit/example_submissions/smoothness/optimizer.py", line 105, in suggest
    betas = [self._get_smoothness_reg(guess) for guess in guesses]
  File "/home/ryedida/bbo_challenge_starter_kit/example_submissions/smoothness/optimizer.py", line 105, in <listcomp>
    betas = [self._get_smoothness_reg(guess) for guess in guesses]
  File "/home/ryedida/bbo_challenge_starter_kit/example_submissions/smoothness/optimizer.py", line 48, in _get_smoothness_reg
    if activ > Kz:
NameError: name 'activ' is not defined
suggestion time taken 0.331275 iter 1 next_points [{'alpha': 0.8084659782285033, 'batch_size': 95, 'beta_1': 0.617523629860787, 'beta_2': 0.9999872354822215, 'epsilon': 5.810406578445288e-08, 'hidden_layer_sizes': 126, 'learning_rate_init': 0.00023576551575531726, 'tol': 0.005653354891972257, 'validation_fraction': 0.137335765058609}]
function_evaluation time 0.093580 value 151.404780 suggestion {'alpha': 0.8084659782285033, 'batch_size': 95, 'beta_1': 0.617523629860787, 'beta_2': 0.9999872354822215, 'epsilon': 5.810406578445288e-08, 'hidden_layer_sizes': 126, 'learning_rate_init': 0.00023576551575531726, 'tol': 0.005653354891972257, 'validation_fraction': 0.137335765058609}
observation time 0.000005, current best 151.404780 at iter 1
Failure in optimizer suggest. Falling back to random search.
name 'activ' is not defined
Traceback (most recent call last):
  File "/home/ryedida/.local/lib/python3.9/site-packages/bayesmark/experiment.py", line 126, in run_study
    next_points = optimizer.suggest(n_suggestions)
  File "/home/ryedida/bbo_challenge_starter_kit/example_submissions/smoothness/optimizer.py", line 105, in suggest
    betas = [self._get_smoothness_reg(guess) for guess in guesses]
  File "/home/ryedida/bbo_challenge_starter_kit/example_submissions/smoothness/optimizer.py", line 105, in <listcomp>
    betas = [self._get_smoothness_reg(guess) for guess in guesses]
  File "/home/ryedida/bbo_challenge_starter_kit/example_submissions/smoothness/optimizer.py", line 48, in _get_smoothness_reg
    if activ > Kz:
NameError: name 'activ' is not defined
suggestion time taken 0.327759 iter 2 next_points [{'alpha': 0.018188307293866748, 'batch_size': 117, 'beta_1': 0.7318594664117906, 'beta_2': 0.9969520556736776, 'epsilon': 1.1119726459780574e-07, 'hidden_layer_sizes': 151, 'learning_rate_init': 2.3274472885504617e-05, 'tol': 0.00016221312995111964, 'validation_fraction': 0.3961053336176812}]
function_evaluation time 0.079815 value 151.537869 suggestion {'alpha': 0.018188307293866748, 'batch_size': 117, 'beta_1': 0.7318594664117906, 'beta_2': 0.9969520556736776, 'epsilon': 1.1119726459780574e-07, 'hidden_layer_sizes': 151, 'learning_rate_init': 2.3274472885504617e-05, 'tol': 0.00016221312995111964, 'validation_fraction': 0.3961053336176812}
observation time 0.000006, current best 151.404780 at iter 2
Failure in optimizer suggest. Falling back to random search.
name 'activ' is not defined
Traceback (most recent call last):
  File "/home/ryedida/.local/lib/python3.9/site-packages/bayesmark/experiment.py", line 126, in run_study
    next_points = optimizer.suggest(n_suggestions)
  File "/home/ryedida/bbo_challenge_starter_kit/example_submissions/smoothness/optimizer.py", line 105, in suggest
    betas = [self._get_smoothness_reg(guess) for guess in guesses]
  File "/home/ryedida/bbo_challenge_starter_kit/example_submissions/smoothness/optimizer.py", line 105, in <listcomp>
    betas = [self._get_smoothness_reg(guess) for guess in guesses]
  File "/home/ryedida/bbo_challenge_starter_kit/example_submissions/smoothness/optimizer.py", line 48, in _get_smoothness_reg
    if activ > Kz:
NameError: name 'activ' is not defined
suggestion time taken 0.336477 iter 3 next_points [{'alpha': 2.3103565314783365, 'batch_size': 248, 'beta_1': 0.8601093804902112, 'beta_2': 0.9887584151343877, 'epsilon': 6.410414066695055e-08, 'hidden_layer_sizes': 152, 'learning_rate_init': 0.000299409919472367, 'tol': 0.0002862008616826024, 'validation_fraction': 0.7825649937192221}]
/home/ryedida/.local/lib/python3.9/site-packages/sklearn/neural_network/_multilayer_perceptron.py:605: UserWarning: Got `batch_size` less than 1 or larger than sample size. It is going to be clipped
  warnings.warn(

function_evaluation time 0.055449 value 151.506114 suggestion {'alpha': 2.3103565314783365, 'batch_size': 248, 'beta_1': 0.8601093804902112, 'beta_2': 0.9887584151343877, 'epsilon': 6.410414066695055e-08, 'hidden_layer_sizes': 152, 'learning_rate_init': 0.000299409919472367, 'tol': 0.0002862008616826024, 'validation_fraction': 0.7825649937192221}
observation time 0.000006, current best 151.404780 at iter 3
Failure in optimizer suggest. Falling back to random search.
name 'activ' is not defined
Traceback (most recent call last):
  File "/home/ryedida/.local/lib/python3.9/site-packages/bayesmark/experiment.py", line 126, in run_study
    next_points = optimizer.suggest(n_suggestions)
  File "/home/ryedida/bbo_challenge_starter_kit/example_submissions/smoothness/optimizer.py", line 105, in suggest
    betas = [self._get_smoothness_reg(guess) for guess in guesses]
  File "/home/ryedida/bbo_challenge_starter_kit/example_submissions/smoothness/optimizer.py", line 105, in <listcomp>
    betas = [self._get_smoothness_reg(guess) for guess in guesses]
  File "/home/ryedida/bbo_challenge_starter_kit/example_submissions/smoothness/optimizer.py", line 48, in _get_smoothness_reg
    if activ > Kz:
NameError: name 'activ' is not defined
suggestion time taken 0.328315 iter 4 next_points [{'alpha': 0.008550305618246722, 'batch_size': 103, 'beta_1': 0.9564884665259175, 'beta_2': 0.9550090392305328, 'epsilon': 1.8475795217085542e-07, 'hidden_layer_sizes': 151, 'learning_rate_init': 0.027239951180506546, 'tol': 7.988220667987622e-05, 'validation_fraction': 0.49271801744337035}]
function_evaluation time 0.252332 value 54.438371 suggestion {'alpha': 0.008550305618246722, 'batch_size': 103, 'beta_1': 0.9564884665259175, 'beta_2': 0.9550090392305328, 'epsilon': 1.8475795217085542e-07, 'hidden_layer_sizes': 151, 'learning_rate_init': 0.027239951180506546, 'tol': 7.988220667987622e-05, 'validation_fraction': 0.49271801744337035}
observation time 0.000006, current best 54.438371 at iter 4
Failure in optimizer suggest. Falling back to random search.
name 'activ' is not defined
Traceback (most recent call last):
  File "/home/ryedida/.local/lib/python3.9/site-packages/bayesmark/experiment.py", line 126, in run_study
    next_points = optimizer.suggest(n_suggestions)
  File "/home/ryedida/bbo_challenge_starter_kit/example_submissions/smoothness/optimizer.py", line 105, in suggest
    betas = [self._get_smoothness_reg(guess) for guess in guesses]
  File "/home/ryedida/bbo_challenge_starter_kit/example_submissions/smoothness/optimizer.py", line 105, in <listcomp>
    betas = [self._get_smoothness_reg(guess) for guess in guesses]
  File "/home/ryedida/bbo_challenge_starter_kit/example_submissions/smoothness/optimizer.py", line 48, in _get_smoothness_reg
    if activ > Kz:
NameError: name 'activ' is not defined
suggestion time taken 0.327333 iter 5 next_points [{'alpha': 2.287312911956219e-05, 'batch_size': 89, 'beta_1': 0.5053165917383038, 'beta_2': 0.9999925358931102, 'epsilon': 6.775306825211561e-07, 'hidden_layer_sizes': 80, 'learning_rate_init': 0.01775038333660512, 'tol': 0.0006866075570351569, 'validation_fraction': 0.5395724448533096}]
function_evaluation time 0.618184 value 45.574653 suggestion {'alpha': 2.287312911956219e-05, 'batch_size': 89, 'beta_1': 0.5053165917383038, 'beta_2': 0.9999925358931102, 'epsilon': 6.775306825211561e-07, 'hidden_layer_sizes': 80, 'learning_rate_init': 0.01775038333660512, 'tol': 0.0006866075570351569, 'validation_fraction': 0.5395724448533096}
observation time 0.000006, current best 45.574653 at iter 5
Failure in optimizer suggest. Falling back to random search.
name 'activ' is not defined
Traceback (most recent call last):
  File "/home/ryedida/.local/lib/python3.9/site-packages/bayesmark/experiment.py", line 126, in run_study
    next_points = optimizer.suggest(n_suggestions)
  File "/home/ryedida/bbo_challenge_starter_kit/example_submissions/smoothness/optimizer.py", line 105, in suggest
    betas = [self._get_smoothness_reg(guess) for guess in guesses]
  File "/home/ryedida/bbo_challenge_starter_kit/example_submissions/smoothness/optimizer.py", line 105, in <listcomp>
    betas = [self._get_smoothness_reg(guess) for guess in guesses]
  File "/home/ryedida/bbo_challenge_starter_kit/example_submissions/smoothness/optimizer.py", line 48, in _get_smoothness_reg
    if activ > Kz:
NameError: name 'activ' is not defined
suggestion time taken 0.342118 iter 6 next_points [{'alpha': 0.014869949468284044, 'batch_size': 223, 'beta_1': 0.9668320934649245, 'beta_2': 0.9999975054360991, 'epsilon': 8.284767866219307e-07, 'hidden_layer_sizes': 118, 'learning_rate_init': 0.07849097375396243, 'tol': 5.950268241484098e-05, 'validation_fraction': 0.8519921174270279}]
/home/ryedida/.local/lib/python3.9/site-packages/sklearn/neural_network/_multilayer_perceptron.py:605: UserWarning: Got `batch_size` less than 1 or larger than sample size. It is going to be clipped
  warnings.warn(

function_evaluation time 0.137024 value 54.629326 suggestion {'alpha': 0.014869949468284044, 'batch_size': 223, 'beta_1': 0.9668320934649245, 'beta_2': 0.9999975054360991, 'epsilon': 8.284767866219307e-07, 'hidden_layer_sizes': 118, 'learning_rate_init': 0.07849097375396243, 'tol': 5.950268241484098e-05, 'validation_fraction': 0.8519921174270279}
observation time 0.000006, current best 45.574653 at iter 6
Failure in optimizer suggest. Falling back to random search.
name 'activ' is not defined
Traceback (most recent call last):
  File "/home/ryedida/.local/lib/python3.9/site-packages/bayesmark/experiment.py", line 126, in run_study
    next_points = optimizer.suggest(n_suggestions)
  File "/home/ryedida/bbo_challenge_starter_kit/example_submissions/smoothness/optimizer.py", line 105, in suggest
    betas = [self._get_smoothness_reg(guess) for guess in guesses]
  File "/home/ryedida/bbo_challenge_starter_kit/example_submissions/smoothness/optimizer.py", line 105, in <listcomp>
    betas = [self._get_smoothness_reg(guess) for guess in guesses]
  File "/home/ryedida/bbo_challenge_starter_kit/example_submissions/smoothness/optimizer.py", line 48, in _get_smoothness_reg
    if activ > Kz:
NameError: name 'activ' is not defined
suggestion time taken 0.460114 iter 7 next_points [{'alpha': 2.9077262420198862e-05, 'batch_size': 231, 'beta_1': 0.503237091162339, 'beta_2': 0.9999926085189791, 'epsilon': 2.0674943919023174e-08, 'hidden_layer_sizes': 165, 'learning_rate_init': 0.0028820827613535898, 'tol': 0.01832483829949078, 'validation_fraction': 0.4423230716162181}]
/home/ryedida/.local/lib/python3.9/site-packages/sklearn/neural_network/_multilayer_perceptron.py:605: UserWarning: Got `batch_size` less than 1 or larger than sample size. It is going to be clipped
  warnings.warn(

function_evaluation time 0.067947 value 151.023349 suggestion {'alpha': 2.9077262420198862e-05, 'batch_size': 231, 'beta_1': 0.503237091162339, 'beta_2': 0.9999926085189791, 'epsilon': 2.0674943919023174e-08, 'hidden_layer_sizes': 165, 'learning_rate_init': 0.0028820827613535898, 'tol': 0.01832483829949078, 'validation_fraction': 0.4423230716162181}
observation time 0.000005, current best 45.574653 at iter 7
Failure in optimizer suggest. Falling back to random search.
name 'activ' is not defined
Traceback (most recent call last):
  File "/home/ryedida/.local/lib/python3.9/site-packages/bayesmark/experiment.py", line 126, in run_study
    next_points = optimizer.suggest(n_suggestions)
  File "/home/ryedida/bbo_challenge_starter_kit/example_submissions/smoothness/optimizer.py", line 105, in suggest
    betas = [self._get_smoothness_reg(guess) for guess in guesses]
  File "/home/ryedida/bbo_challenge_starter_kit/example_submissions/smoothness/optimizer.py", line 105, in <listcomp>
    betas = [self._get_smoothness_reg(guess) for guess in guesses]
  File "/home/ryedida/bbo_challenge_starter_kit/example_submissions/smoothness/optimizer.py", line 48, in _get_smoothness_reg
    if activ > Kz:
NameError: name 'activ' is not defined
suggestion time taken 0.323549 iter 8 next_points [{'alpha': 1.0571279302041199, 'batch_size': 185, 'beta_1': 0.6543252746416561, 'beta_2': 0.9336773482588684, 'epsilon': 1.4745227752182046e-08, 'hidden_layer_sizes': 100, 'learning_rate_init': 2.898375187516945e-05, 'tol': 0.0013824633246788504, 'validation_fraction': 0.6088898617160782}]
/home/ryedida/.local/lib/python3.9/site-packages/sklearn/neural_network/_multilayer_perceptron.py:605: UserWarning: Got `batch_size` less than 1 or larger than sample size. It is going to be clipped
  warnings.warn(

function_evaluation time 0.053067 value 151.633566 suggestion {'alpha': 1.0571279302041199, 'batch_size': 185, 'beta_1': 0.6543252746416561, 'beta_2': 0.9336773482588684, 'epsilon': 1.4745227752182046e-08, 'hidden_layer_sizes': 100, 'learning_rate_init': 2.898375187516945e-05, 'tol': 0.0013824633246788504, 'validation_fraction': 0.6088898617160782}
observation time 0.000006, current best 45.574653 at iter 8
Failure in optimizer suggest. Falling back to random search.
name 'activ' is not defined
Traceback (most recent call last):
  File "/home/ryedida/.local/lib/python3.9/site-packages/bayesmark/experiment.py", line 126, in run_study
    next_points = optimizer.suggest(n_suggestions)
  File "/home/ryedida/bbo_challenge_starter_kit/example_submissions/smoothness/optimizer.py", line 105, in suggest
    betas = [self._get_smoothness_reg(guess) for guess in guesses]
  File "/home/ryedida/bbo_challenge_starter_kit/example_submissions/smoothness/optimizer.py", line 105, in <listcomp>
    betas = [self._get_smoothness_reg(guess) for guess in guesses]
  File "/home/ryedida/bbo_challenge_starter_kit/example_submissions/smoothness/optimizer.py", line 48, in _get_smoothness_reg
    if activ > Kz:
NameError: name 'activ' is not defined
suggestion time taken 0.320293 iter 9 next_points [{'alpha': 7.29131792584676e-05, 'batch_size': 49, 'beta_1': 0.8593861331174932, 'beta_2': 0.999996407965392, 'epsilon': 2.7213239568441907e-09, 'hidden_layer_sizes': 63, 'learning_rate_init': 0.03018374876178207, 'tol': 1.8631131957270813e-05, 'validation_fraction': 0.6307594455566816}]
function_evaluation time 0.589412 value 44.683670 suggestion {'alpha': 7.29131792584676e-05, 'batch_size': 49, 'beta_1': 0.8593861331174932, 'beta_2': 0.999996407965392, 'epsilon': 2.7213239568441907e-09, 'hidden_layer_sizes': 63, 'learning_rate_init': 0.03018374876178207, 'tol': 1.8631131957270813e-05, 'validation_fraction': 0.6307594455566816}
observation time 0.000005, current best 44.683670 at iter 9
Failure in optimizer suggest. Falling back to random search.
name 'activ' is not defined
Traceback (most recent call last):
  File "/home/ryedida/.local/lib/python3.9/site-packages/bayesmark/experiment.py", line 126, in run_study
    next_points = optimizer.suggest(n_suggestions)
  File "/home/ryedida/bbo_challenge_starter_kit/example_submissions/smoothness/optimizer.py", line 105, in suggest
    betas = [self._get_smoothness_reg(guess) for guess in guesses]
  File "/home/ryedida/bbo_challenge_starter_kit/example_submissions/smoothness/optimizer.py", line 105, in <listcomp>
    betas = [self._get_smoothness_reg(guess) for guess in guesses]
  File "/home/ryedida/bbo_challenge_starter_kit/example_submissions/smoothness/optimizer.py", line 48, in _get_smoothness_reg
    if activ > Kz:
NameError: name 'activ' is not defined
suggestion time taken 0.324537 iter 10 next_points [{'alpha': 0.4212084145188705, 'batch_size': 124, 'beta_1': 0.8918818108812107, 'beta_2': 0.9961090277751851, 'epsilon': 5.1472964564179505e-08, 'hidden_layer_sizes': 105, 'learning_rate_init': 0.00042589598288254583, 'tol': 0.04521940314404947, 'validation_fraction': 0.26602330001422503}]
function_evaluation time 0.074579 value 151.556266 suggestion {'alpha': 0.4212084145188705, 'batch_size': 124, 'beta_1': 0.8918818108812107, 'beta_2': 0.9961090277751851, 'epsilon': 5.1472964564179505e-08, 'hidden_layer_sizes': 105, 'learning_rate_init': 0.00042589598288254583, 'tol': 0.04521940314404947, 'validation_fraction': 0.26602330001422503}
observation time 0.000005, current best 44.683670 at iter 10
Failure in optimizer suggest. Falling back to random search.
name 'activ' is not defined
Traceback (most recent call last):
  File "/home/ryedida/.local/lib/python3.9/site-packages/bayesmark/experiment.py", line 126, in run_study
    next_points = optimizer.suggest(n_suggestions)
  File "/home/ryedida/bbo_challenge_starter_kit/example_submissions/smoothness/optimizer.py", line 105, in suggest
    betas = [self._get_smoothness_reg(guess) for guess in guesses]
  File "/home/ryedida/bbo_challenge_starter_kit/example_submissions/smoothness/optimizer.py", line 105, in <listcomp>
    betas = [self._get_smoothness_reg(guess) for guess in guesses]
  File "/home/ryedida/bbo_challenge_starter_kit/example_submissions/smoothness/optimizer.py", line 48, in _get_smoothness_reg
    if activ > Kz:
NameError: name 'activ' is not defined
suggestion time taken 0.315393 iter 11 next_points [{'alpha': 1.1480896544131751, 'batch_size': 221, 'beta_1': 0.9872800047678053, 'beta_2': 0.9999984209382015, 'epsilon': 2.7311906338148205e-08, 'hidden_layer_sizes': 173, 'learning_rate_init': 1.889343686197977e-05, 'tol': 0.0006728093529340014, 'validation_fraction': 0.20449876621578214}]
function_evaluation time 0.090348 value 151.598182 suggestion {'alpha': 1.1480896544131751, 'batch_size': 221, 'beta_1': 0.9872800047678053, 'beta_2': 0.9999984209382015, 'epsilon': 2.7311906338148205e-08, 'hidden_layer_sizes': 173, 'learning_rate_init': 1.889343686197977e-05, 'tol': 0.0006728093529340014, 'validation_fraction': 0.20449876621578214}
observation time 0.000006, current best 44.683670 at iter 11
Failure in optimizer suggest. Falling back to random search.
name 'activ' is not defined
Traceback (most recent call last):
  File "/home/ryedida/.local/lib/python3.9/site-packages/bayesmark/experiment.py", line 126, in run_study
    next_points = optimizer.suggest(n_suggestions)
  File "/home/ryedida/bbo_challenge_starter_kit/example_submissions/smoothness/optimizer.py", line 105, in suggest
    betas = [self._get_smoothness_reg(guess) for guess in guesses]
  File "/home/ryedida/bbo_challenge_starter_kit/example_submissions/smoothness/optimizer.py", line 105, in <listcomp>
    betas = [self._get_smoothness_reg(guess) for guess in guesses]
  File "/home/ryedida/bbo_challenge_starter_kit/example_submissions/smoothness/optimizer.py", line 48, in _get_smoothness_reg
    if activ > Kz:
NameError: name 'activ' is not defined
suggestion time taken 0.324722 iter 12 next_points [{'alpha': 0.0014930462255983966, 'batch_size': 41, 'beta_1': 0.6205540924874302, 'beta_2': 0.9876961461792915, 'epsilon': 4.992096767448357e-07, 'hidden_layer_sizes': 197, 'learning_rate_init': 0.0004767276608721195, 'tol': 0.0020258279684090335, 'validation_fraction': 0.2504329229442466}]
/home/ryedida/.local/lib/python3.9/site-packages/sklearn/neural_network/_multilayer_perceptron.py:686: ConvergenceWarning: Stochastic Optimizer: Maximum iterations (200) reached and the optimization hasn't converged yet.
  warnings.warn(

function_evaluation time 2.213419 value 109.828449 suggestion {'alpha': 0.0014930462255983966, 'batch_size': 41, 'beta_1': 0.6205540924874302, 'beta_2': 0.9876961461792915, 'epsilon': 4.992096767448357e-07, 'hidden_layer_sizes': 197, 'learning_rate_init': 0.0004767276608721195, 'tol': 0.0020258279684090335, 'validation_fraction': 0.2504329229442466}
observation time 0.000006, current best 44.683670 at iter 12
Failure in optimizer suggest. Falling back to random search.
name 'activ' is not defined
Traceback (most recent call last):
  File "/home/ryedida/.local/lib/python3.9/site-packages/bayesmark/experiment.py", line 126, in run_study
    next_points = optimizer.suggest(n_suggestions)
  File "/home/ryedida/bbo_challenge_starter_kit/example_submissions/smoothness/optimizer.py", line 105, in suggest
    betas = [self._get_smoothness_reg(guess) for guess in guesses]
  File "/home/ryedida/bbo_challenge_starter_kit/example_submissions/smoothness/optimizer.py", line 105, in <listcomp>
    betas = [self._get_smoothness_reg(guess) for guess in guesses]
  File "/home/ryedida/bbo_challenge_starter_kit/example_submissions/smoothness/optimizer.py", line 48, in _get_smoothness_reg
    if activ > Kz:
NameError: name 'activ' is not defined
suggestion time taken 0.321687 iter 13 next_points [{'alpha': 0.00034059615583289577, 'batch_size': 36, 'beta_1': 0.9120467652971703, 'beta_2': 0.9999798836116645, 'epsilon': 2.2267802784028788e-08, 'hidden_layer_sizes': 178, 'learning_rate_init': 0.00038901563646960417, 'tol': 2.661133924707183e-05, 'validation_fraction': 0.1749956547339384}]
/home/ryedida/.local/lib/python3.9/site-packages/sklearn/neural_network/_multilayer_perceptron.py:686: ConvergenceWarning: Stochastic Optimizer: Maximum iterations (200) reached and the optimization hasn't converged yet.
  warnings.warn(

function_evaluation time 1.629008 value 97.441536 suggestion {'alpha': 0.00034059615583289577, 'batch_size': 36, 'beta_1': 0.9120467652971703, 'beta_2': 0.9999798836116645, 'epsilon': 2.2267802784028788e-08, 'hidden_layer_sizes': 178, 'learning_rate_init': 0.00038901563646960417, 'tol': 2.661133924707183e-05, 'validation_fraction': 0.1749956547339384}
observation time 0.000006, current best 44.683670 at iter 13
Failure in optimizer suggest. Falling back to random search.
name 'activ' is not defined
Traceback (most recent call last):
  File "/home/ryedida/.local/lib/python3.9/site-packages/bayesmark/experiment.py", line 126, in run_study
    next_points = optimizer.suggest(n_suggestions)
  File "/home/ryedida/bbo_challenge_starter_kit/example_submissions/smoothness/optimizer.py", line 105, in suggest
    betas = [self._get_smoothness_reg(guess) for guess in guesses]
  File "/home/ryedida/bbo_challenge_starter_kit/example_submissions/smoothness/optimizer.py", line 105, in <listcomp>
    betas = [self._get_smoothness_reg(guess) for guess in guesses]
  File "/home/ryedida/bbo_challenge_starter_kit/example_submissions/smoothness/optimizer.py", line 48, in _get_smoothness_reg
    if activ > Kz:
NameError: name 'activ' is not defined
suggestion time taken 0.322724 iter 14 next_points [{'alpha': 2.059530515468709e-05, 'batch_size': 99, 'beta_1': 0.8242486727316592, 'beta_2': 0.9998626065654065, 'epsilon': 4.340826624562673e-07, 'hidden_layer_sizes': 95, 'learning_rate_init': 0.03918843345338573, 'tol': 0.0005713779684043553, 'validation_fraction': 0.5717697689158457}]
function_evaluation time 0.398606 value 44.440759 suggestion {'alpha': 2.059530515468709e-05, 'batch_size': 99, 'beta_1': 0.8242486727316592, 'beta_2': 0.9998626065654065, 'epsilon': 4.340826624562673e-07, 'hidden_layer_sizes': 95, 'learning_rate_init': 0.03918843345338573, 'tol': 0.0005713779684043553, 'validation_fraction': 0.5717697689158457}
observation time 0.000005, current best 44.440759 at iter 14
saving meta data: {'args': {'--uuid': '6c982aa7ae9a5701b9469cb709245c29', '-db-root': '/home/ryedida/bbo_challenge_starter_kit/output', '--opt-root': '/home/ryedida/bbo_challenge_starter_kit/example_submissions', '--data-root': None, '--db': 'run_20230425_055340', '--opt': 'smoothness', '--data': 'diabetes', '--classifier': 'MLP-adam', '--metric': 'mae', '--calls': 15, '--suggestions': 1, '--jobs-file': None, '--verbose': False, 'dry_run': False, 'rev': 'a376313', 'opt_rev': 'x.x.x'}, 'signature': ([{'alpha': 0.019628224813442792, 'batch_size': 182, 'beta_1': 0.9410202200271762, 'beta_2': 0.9998021557676793, 'epsilon': 1.8662266976518e-08, 'hidden_layer_sizes': 147, 'learning_rate_init': 0.0005627932047415167, 'tol': 0.03690557729213761, 'validation_fraction': 0.8846827852548593}, {'alpha': 0.0019982467392329444, 'batch_size': 200, 'beta_1': 0.919111482530466, 'beta_2': 0.9998488260436156, 'epsilon': 5.981221901152555e-07, 'hidden_layer_sizes': 61, 'learning_rate_init': 2.2310905607443014e-05, 'tol': 1.2046852412030316e-05, 'validation_fraction': 0.8117896445826539}, {'alpha': 0.46659545670218433, 'batch_size': 219, 'beta_1': 0.9889789783750891, 'beta_2': 0.9999896868093284, 'epsilon': 2.4234724484675948e-08, 'hidden_layer_sizes': 167, 'learning_rate_init': 2.972334644335654e-05, 'tol': 0.0036281404040243792, 'validation_fraction': 0.17260651658522078}, {'alpha': 4.656005689076002, 'batch_size': 135, 'beta_1': 0.870503881627747, 'beta_2': 0.9948873266941017, 'epsilon': 2.1023308743480125e-07, 'hidden_layer_sizes': 118, 'learning_rate_init': 0.0018781738757161913, 'tol': 1.1889379831773004e-05, 'validation_fraction': 0.6264327093752792}, {'alpha': 0.04705159350400542, 'batch_size': 158, 'beta_1': 0.9870884262730957, 'beta_2': 0.9999596874382349, 'epsilon': 1.1981845126013875e-08, 'hidden_layer_sizes': 116, 'learning_rate_init': 0.00617340520407431, 'tol': 1.741413418158619e-05, 'validation_fraction': 0.6754299026638921}], [151.4971925380264, 151.42763539278994, 151.47026299046811, 136.86202504264318, 75.2055865763391])}
saving results
saving timing
saving suggest log
done
