running: {'--uuid': '7683547f632e53ef9f1358e6360b6e85', '-db-root': '/home/ryedida/bbo_challenge_starter_kit/output', '--opt-root': '/home/ryedida/bbo_challenge_starter_kit/example_submissions', '--data-root': None, '--db': 'run_20230425_055340', '--opt': 'smoothness', '--data': 'diabetes', '--classifier': 'MLP-adam', '--metric': 'mae', '--calls': 15, '--suggestions': 1, '--jobs-file': None, '--verbose': False, 'dry_run': False, 'rev': 'a376313', 'opt_rev': 'x.x.x'}
cmd: python smoothness/optimizer.py -c MLP-adam -d diabetes -o smoothness -u 7683547f632e53ef9f1358e6360b6e85 -m mae -n 15 -p 1 -dir /home/ryedida/bbo_challenge_starter_kit/output -b run_20230425_055340
/home/ryedida/.local/lib/python3.9/site-packages/sklearn/neural_network/_multilayer_perceptron.py:605: UserWarning: Got `batch_size` less than 1 or larger than sample size. It is going to be clipped
  warnings.warn(

/home/ryedida/.local/lib/python3.9/site-packages/sklearn/neural_network/_multilayer_perceptron.py:605: UserWarning: Got `batch_size` less than 1 or larger than sample size. It is going to be clipped
  warnings.warn(

/home/ryedida/.local/lib/python3.9/site-packages/sklearn/neural_network/_multilayer_perceptron.py:605: UserWarning: Got `batch_size` less than 1 or larger than sample size. It is going to be clipped
  warnings.warn(

/home/ryedida/.local/lib/python3.9/site-packages/sklearn/neural_network/_multilayer_perceptron.py:686: ConvergenceWarning: Stochastic Optimizer: Maximum iterations (200) reached and the optimization hasn't converged yet.
  warnings.warn(

/home/ryedida/.local/lib/python3.9/site-packages/sklearn/neural_network/_multilayer_perceptron.py:605: UserWarning: Got `batch_size` less than 1 or larger than sample size. It is going to be clipped
  warnings.warn(

/home/ryedida/.local/lib/python3.9/site-packages/sklearn/neural_network/_multilayer_perceptron.py:686: ConvergenceWarning: Stochastic Optimizer: Maximum iterations (200) reached and the optimization hasn't converged yet.
  warnings.warn(

computed signature: ([{'alpha': 0.019628224813442792, 'batch_size': 182, 'beta_1': 0.9410202200271762, 'beta_2': 0.9998021557676793, 'epsilon': 1.8662266976518e-08, 'hidden_layer_sizes': 147, 'learning_rate_init': 0.0005627932047415167, 'tol': 0.03690557729213761, 'validation_fraction': 0.8846827852548593}, {'alpha': 0.0019982467392329444, 'batch_size': 200, 'beta_1': 0.919111482530466, 'beta_2': 0.9998488260436156, 'epsilon': 5.981221901152555e-07, 'hidden_layer_sizes': 61, 'learning_rate_init': 2.2310905607443014e-05, 'tol': 1.2046852412030316e-05, 'validation_fraction': 0.8117896445826539}, {'alpha': 0.46659545670218433, 'batch_size': 219, 'beta_1': 0.9889789783750891, 'beta_2': 0.9999896868093284, 'epsilon': 2.4234724484675948e-08, 'hidden_layer_sizes': 167, 'learning_rate_init': 2.972334644335654e-05, 'tol': 0.0036281404040243792, 'validation_fraction': 0.17260651658522078}, {'alpha': 4.656005689076002, 'batch_size': 135, 'beta_1': 0.870503881627747, 'beta_2': 0.9948873266941017, 'epsilon': 2.1023308743480125e-07, 'hidden_layer_sizes': 118, 'learning_rate_init': 0.0018781738757161913, 'tol': 1.1889379831773004e-05, 'validation_fraction': 0.6264327093752792}, {'alpha': 0.04705159350400542, 'batch_size': 158, 'beta_1': 0.9870884262730957, 'beta_2': 0.9999596874382349, 'epsilon': 1.1981845126013875e-08, 'hidden_layer_sizes': 116, 'learning_rate_init': 0.00617340520407431, 'tol': 1.741413418158619e-05, 'validation_fraction': 0.6754299026638921}], [151.4971925380264, 151.42763539278994, 151.47026299046811, 136.86202504264318, 75.2055865763391])
Signature errors:
                                  0             1             2         3         4       max
MLP-adam_diabetes_mae  1.919244e-08  6.198704e-08  7.624578e-09  0.000007  0.000034  0.000034
max                    1.919244e-08  6.198704e-08  7.624578e-09  0.000007  0.000034  0.000034
starting sklearn study smoothness MLP-adam diabetes mae 15 1
with data root: None
Failure in optimizer suggest. Falling back to random search.
name 'activ' is not defined
Traceback (most recent call last):
  File "/home/ryedida/.local/lib/python3.9/site-packages/bayesmark/experiment.py", line 126, in run_study
    next_points = optimizer.suggest(n_suggestions)
  File "/home/ryedida/bbo_challenge_starter_kit/example_submissions/smoothness/optimizer.py", line 105, in suggest
    betas = [self._get_smoothness_reg(guess) for guess in guesses]
  File "/home/ryedida/bbo_challenge_starter_kit/example_submissions/smoothness/optimizer.py", line 105, in <listcomp>
    betas = [self._get_smoothness_reg(guess) for guess in guesses]
  File "/home/ryedida/bbo_challenge_starter_kit/example_submissions/smoothness/optimizer.py", line 48, in _get_smoothness_reg
    if activ > Kz:
NameError: name 'activ' is not defined
suggestion time taken 0.497212 iter 0 next_points [{'alpha': 1.051794403933349e-05, 'batch_size': 249, 'beta_1': 0.9296012319773013, 'beta_2': 0.9999966278908081, 'epsilon': 4.853480456923131e-08, 'hidden_layer_sizes': 138, 'learning_rate_init': 0.0010568345928106617, 'tol': 1.201053926396457e-05, 'validation_fraction': 0.21539091699330706}]
/home/ryedida/.local/lib/python3.9/site-packages/sklearn/neural_network/_multilayer_perceptron.py:686: ConvergenceWarning: Stochastic Optimizer: Maximum iterations (200) reached and the optimization hasn't converged yet.
  warnings.warn(

function_evaluation time 1.027655 value 145.406781 suggestion {'alpha': 1.051794403933349e-05, 'batch_size': 249, 'beta_1': 0.9296012319773013, 'beta_2': 0.9999966278908081, 'epsilon': 4.853480456923131e-08, 'hidden_layer_sizes': 138, 'learning_rate_init': 0.0010568345928106617, 'tol': 1.201053926396457e-05, 'validation_fraction': 0.21539091699330706}
observation time 0.000006, current best 145.406781 at iter 0
Failure in optimizer suggest. Falling back to random search.
name 'activ' is not defined
Traceback (most recent call last):
  File "/home/ryedida/.local/lib/python3.9/site-packages/bayesmark/experiment.py", line 126, in run_study
    next_points = optimizer.suggest(n_suggestions)
  File "/home/ryedida/bbo_challenge_starter_kit/example_submissions/smoothness/optimizer.py", line 105, in suggest
    betas = [self._get_smoothness_reg(guess) for guess in guesses]
  File "/home/ryedida/bbo_challenge_starter_kit/example_submissions/smoothness/optimizer.py", line 105, in <listcomp>
    betas = [self._get_smoothness_reg(guess) for guess in guesses]
  File "/home/ryedida/bbo_challenge_starter_kit/example_submissions/smoothness/optimizer.py", line 48, in _get_smoothness_reg
    if activ > Kz:
NameError: name 'activ' is not defined
suggestion time taken 0.337705 iter 1 next_points [{'alpha': 2.2080911233528685e-05, 'batch_size': 228, 'beta_1': 0.9567862656449023, 'beta_2': 0.9999957973342736, 'epsilon': 5.957313898061248e-07, 'hidden_layer_sizes': 175, 'learning_rate_init': 0.008166242852621306, 'tol': 6.249560288844729e-05, 'validation_fraction': 0.12561166991988587}]
/home/ryedida/.local/lib/python3.9/site-packages/sklearn/neural_network/_multilayer_perceptron.py:686: ConvergenceWarning: Stochastic Optimizer: Maximum iterations (200) reached and the optimization hasn't converged yet.
  warnings.warn(

function_evaluation time 1.013282 value 51.919637 suggestion {'alpha': 2.2080911233528685e-05, 'batch_size': 228, 'beta_1': 0.9567862656449023, 'beta_2': 0.9999957973342736, 'epsilon': 5.957313898061248e-07, 'hidden_layer_sizes': 175, 'learning_rate_init': 0.008166242852621306, 'tol': 6.249560288844729e-05, 'validation_fraction': 0.12561166991988587}
observation time 0.000004, current best 51.919637 at iter 1
Failure in optimizer suggest. Falling back to random search.
name 'activ' is not defined
Traceback (most recent call last):
  File "/home/ryedida/.local/lib/python3.9/site-packages/bayesmark/experiment.py", line 126, in run_study
    next_points = optimizer.suggest(n_suggestions)
  File "/home/ryedida/bbo_challenge_starter_kit/example_submissions/smoothness/optimizer.py", line 105, in suggest
    betas = [self._get_smoothness_reg(guess) for guess in guesses]
  File "/home/ryedida/bbo_challenge_starter_kit/example_submissions/smoothness/optimizer.py", line 105, in <listcomp>
    betas = [self._get_smoothness_reg(guess) for guess in guesses]
  File "/home/ryedida/bbo_challenge_starter_kit/example_submissions/smoothness/optimizer.py", line 48, in _get_smoothness_reg
    if activ > Kz:
NameError: name 'activ' is not defined
suggestion time taken 0.337262 iter 2 next_points [{'alpha': 1.3295374152793078, 'batch_size': 238, 'beta_1': 0.6889211135844797, 'beta_2': 0.9981579181171601, 'epsilon': 5.566287980485522e-07, 'hidden_layer_sizes': 147, 'learning_rate_init': 0.06903768442876185, 'tol': 0.0010655999309464796, 'validation_fraction': 0.5207700451176412}]
/home/ryedida/.local/lib/python3.9/site-packages/sklearn/neural_network/_multilayer_perceptron.py:605: UserWarning: Got `batch_size` less than 1 or larger than sample size. It is going to be clipped
  warnings.warn(

function_evaluation time 0.286811 value 44.954493 suggestion {'alpha': 1.3295374152793078, 'batch_size': 238, 'beta_1': 0.6889211135844797, 'beta_2': 0.9981579181171601, 'epsilon': 5.566287980485522e-07, 'hidden_layer_sizes': 147, 'learning_rate_init': 0.06903768442876185, 'tol': 0.0010655999309464796, 'validation_fraction': 0.5207700451176412}
observation time 0.000005, current best 44.954493 at iter 2
Failure in optimizer suggest. Falling back to random search.
name 'activ' is not defined
Traceback (most recent call last):
  File "/home/ryedida/.local/lib/python3.9/site-packages/bayesmark/experiment.py", line 126, in run_study
    next_points = optimizer.suggest(n_suggestions)
  File "/home/ryedida/bbo_challenge_starter_kit/example_submissions/smoothness/optimizer.py", line 105, in suggest
    betas = [self._get_smoothness_reg(guess) for guess in guesses]
  File "/home/ryedida/bbo_challenge_starter_kit/example_submissions/smoothness/optimizer.py", line 105, in <listcomp>
    betas = [self._get_smoothness_reg(guess) for guess in guesses]
  File "/home/ryedida/bbo_challenge_starter_kit/example_submissions/smoothness/optimizer.py", line 48, in _get_smoothness_reg
    if activ > Kz:
NameError: name 'activ' is not defined
suggestion time taken 0.329977 iter 3 next_points [{'alpha': 0.000927739278254652, 'batch_size': 108, 'beta_1': 0.9668693621976275, 'beta_2': 0.9999983083078005, 'epsilon': 2.940145118714551e-07, 'hidden_layer_sizes': 147, 'learning_rate_init': 0.022715327448984877, 'tol': 1.7811602590276434e-05, 'validation_fraction': 0.5515003975028471}]
function_evaluation time 0.262867 value 56.058107 suggestion {'alpha': 0.000927739278254652, 'batch_size': 108, 'beta_1': 0.9668693621976275, 'beta_2': 0.9999983083078005, 'epsilon': 2.940145118714551e-07, 'hidden_layer_sizes': 147, 'learning_rate_init': 0.022715327448984877, 'tol': 1.7811602590276434e-05, 'validation_fraction': 0.5515003975028471}
observation time 0.000005, current best 44.954493 at iter 3
Failure in optimizer suggest. Falling back to random search.
name 'activ' is not defined
Traceback (most recent call last):
  File "/home/ryedida/.local/lib/python3.9/site-packages/bayesmark/experiment.py", line 126, in run_study
    next_points = optimizer.suggest(n_suggestions)
  File "/home/ryedida/bbo_challenge_starter_kit/example_submissions/smoothness/optimizer.py", line 105, in suggest
    betas = [self._get_smoothness_reg(guess) for guess in guesses]
  File "/home/ryedida/bbo_challenge_starter_kit/example_submissions/smoothness/optimizer.py", line 105, in <listcomp>
    betas = [self._get_smoothness_reg(guess) for guess in guesses]
  File "/home/ryedida/bbo_challenge_starter_kit/example_submissions/smoothness/optimizer.py", line 48, in _get_smoothness_reg
    if activ > Kz:
NameError: name 'activ' is not defined
suggestion time taken 0.328995 iter 4 next_points [{'alpha': 0.003163282291606406, 'batch_size': 105, 'beta_1': 0.9838867151348072, 'beta_2': 0.9872607111831988, 'epsilon': 7.403351312259477e-09, 'hidden_layer_sizes': 128, 'learning_rate_init': 1.3494139016926608e-05, 'tol': 0.030403862985941593, 'validation_fraction': 0.3246682946415208}]
function_evaluation time 0.078738 value 151.533441 suggestion {'alpha': 0.003163282291606406, 'batch_size': 105, 'beta_1': 0.9838867151348072, 'beta_2': 0.9872607111831988, 'epsilon': 7.403351312259477e-09, 'hidden_layer_sizes': 128, 'learning_rate_init': 1.3494139016926608e-05, 'tol': 0.030403862985941593, 'validation_fraction': 0.3246682946415208}
observation time 0.000004, current best 44.954493 at iter 4
Failure in optimizer suggest. Falling back to random search.
name 'activ' is not defined
Traceback (most recent call last):
  File "/home/ryedida/.local/lib/python3.9/site-packages/bayesmark/experiment.py", line 126, in run_study
    next_points = optimizer.suggest(n_suggestions)
  File "/home/ryedida/bbo_challenge_starter_kit/example_submissions/smoothness/optimizer.py", line 105, in suggest
    betas = [self._get_smoothness_reg(guess) for guess in guesses]
  File "/home/ryedida/bbo_challenge_starter_kit/example_submissions/smoothness/optimizer.py", line 105, in <listcomp>
    betas = [self._get_smoothness_reg(guess) for guess in guesses]
  File "/home/ryedida/bbo_challenge_starter_kit/example_submissions/smoothness/optimizer.py", line 48, in _get_smoothness_reg
    if activ > Kz:
NameError: name 'activ' is not defined
suggestion time taken 0.328232 iter 5 next_points [{'alpha': 0.0020262291797890552, 'batch_size': 14, 'beta_1': 0.5282975244944461, 'beta_2': 0.9999965664496674, 'epsilon': 8.761147424746063e-09, 'hidden_layer_sizes': 98, 'learning_rate_init': 0.0015989956714041846, 'tol': 0.004571248406200558, 'validation_fraction': 0.22549944320969134}]
function_evaluation time 1.091800 value 52.960298 suggestion {'alpha': 0.0020262291797890552, 'batch_size': 14, 'beta_1': 0.5282975244944461, 'beta_2': 0.9999965664496674, 'epsilon': 8.761147424746063e-09, 'hidden_layer_sizes': 98, 'learning_rate_init': 0.0015989956714041846, 'tol': 0.004571248406200558, 'validation_fraction': 0.22549944320969134}
observation time 0.000004, current best 44.954493 at iter 5
Failure in optimizer suggest. Falling back to random search.
name 'activ' is not defined
Traceback (most recent call last):
  File "/home/ryedida/.local/lib/python3.9/site-packages/bayesmark/experiment.py", line 126, in run_study
    next_points = optimizer.suggest(n_suggestions)
  File "/home/ryedida/bbo_challenge_starter_kit/example_submissions/smoothness/optimizer.py", line 105, in suggest
    betas = [self._get_smoothness_reg(guess) for guess in guesses]
  File "/home/ryedida/bbo_challenge_starter_kit/example_submissions/smoothness/optimizer.py", line 105, in <listcomp>
    betas = [self._get_smoothness_reg(guess) for guess in guesses]
  File "/home/ryedida/bbo_challenge_starter_kit/example_submissions/smoothness/optimizer.py", line 48, in _get_smoothness_reg
    if activ > Kz:
NameError: name 'activ' is not defined
suggestion time taken 0.349571 iter 6 next_points [{'alpha': 6.780244084109401, 'batch_size': 170, 'beta_1': 0.9587195735301024, 'beta_2': 0.9999980834974803, 'epsilon': 7.2111115604374e-09, 'hidden_layer_sizes': 177, 'learning_rate_init': 0.08947497675917913, 'tol': 0.02110726241037033, 'validation_fraction': 0.526518326742607}]
/home/ryedida/.local/lib/python3.9/site-packages/sklearn/neural_network/_multilayer_perceptron.py:605: UserWarning: Got `batch_size` less than 1 or larger than sample size. It is going to be clipped
  warnings.warn(

function_evaluation time 0.144469 value 55.529705 suggestion {'alpha': 6.780244084109401, 'batch_size': 170, 'beta_1': 0.9587195735301024, 'beta_2': 0.9999980834974803, 'epsilon': 7.2111115604374e-09, 'hidden_layer_sizes': 177, 'learning_rate_init': 0.08947497675917913, 'tol': 0.02110726241037033, 'validation_fraction': 0.526518326742607}
observation time 0.000005, current best 44.954493 at iter 6
Failure in optimizer suggest. Falling back to random search.
name 'activ' is not defined
Traceback (most recent call last):
  File "/home/ryedida/.local/lib/python3.9/site-packages/bayesmark/experiment.py", line 126, in run_study
    next_points = optimizer.suggest(n_suggestions)
  File "/home/ryedida/bbo_challenge_starter_kit/example_submissions/smoothness/optimizer.py", line 105, in suggest
    betas = [self._get_smoothness_reg(guess) for guess in guesses]
  File "/home/ryedida/bbo_challenge_starter_kit/example_submissions/smoothness/optimizer.py", line 105, in <listcomp>
    betas = [self._get_smoothness_reg(guess) for guess in guesses]
  File "/home/ryedida/bbo_challenge_starter_kit/example_submissions/smoothness/optimizer.py", line 48, in _get_smoothness_reg
    if activ > Kz:
NameError: name 'activ' is not defined
suggestion time taken 0.458945 iter 7 next_points [{'alpha': 0.2848353166180711, 'batch_size': 112, 'beta_1': 0.8505049506459987, 'beta_2': 0.9947715946648955, 'epsilon': 3.5004570083479815e-07, 'hidden_layer_sizes': 162, 'learning_rate_init': 0.0009688795938174033, 'tol': 0.0005051016332133785, 'validation_fraction': 0.1298605102852135}]
/home/ryedida/.local/lib/python3.9/site-packages/sklearn/neural_network/_multilayer_perceptron.py:686: ConvergenceWarning: Stochastic Optimizer: Maximum iterations (200) reached and the optimization hasn't converged yet.
  warnings.warn(

function_evaluation time 1.609964 value 105.409090 suggestion {'alpha': 0.2848353166180711, 'batch_size': 112, 'beta_1': 0.8505049506459987, 'beta_2': 0.9947715946648955, 'epsilon': 3.5004570083479815e-07, 'hidden_layer_sizes': 162, 'learning_rate_init': 0.0009688795938174033, 'tol': 0.0005051016332133785, 'validation_fraction': 0.1298605102852135}
observation time 0.000005, current best 44.954493 at iter 7
Failure in optimizer suggest. Falling back to random search.
name 'activ' is not defined
Traceback (most recent call last):
  File "/home/ryedida/.local/lib/python3.9/site-packages/bayesmark/experiment.py", line 126, in run_study
    next_points = optimizer.suggest(n_suggestions)
  File "/home/ryedida/bbo_challenge_starter_kit/example_submissions/smoothness/optimizer.py", line 105, in suggest
    betas = [self._get_smoothness_reg(guess) for guess in guesses]
  File "/home/ryedida/bbo_challenge_starter_kit/example_submissions/smoothness/optimizer.py", line 105, in <listcomp>
    betas = [self._get_smoothness_reg(guess) for guess in guesses]
  File "/home/ryedida/bbo_challenge_starter_kit/example_submissions/smoothness/optimizer.py", line 48, in _get_smoothness_reg
    if activ > Kz:
NameError: name 'activ' is not defined
suggestion time taken 0.325890 iter 8 next_points [{'alpha': 0.006182602539426135, 'batch_size': 246, 'beta_1': 0.5919907166120049, 'beta_2': 0.9999943740548906, 'epsilon': 3.4060316857606456e-08, 'hidden_layer_sizes': 69, 'learning_rate_init': 0.027203284069303654, 'tol': 0.023052830691602157, 'validation_fraction': 0.12265143701400107}]
function_evaluation time 0.261197 value 57.258576 suggestion {'alpha': 0.006182602539426135, 'batch_size': 246, 'beta_1': 0.5919907166120049, 'beta_2': 0.9999943740548906, 'epsilon': 3.4060316857606456e-08, 'hidden_layer_sizes': 69, 'learning_rate_init': 0.027203284069303654, 'tol': 0.023052830691602157, 'validation_fraction': 0.12265143701400107}
observation time 0.000005, current best 44.954493 at iter 8
Failure in optimizer suggest. Falling back to random search.
name 'activ' is not defined
Traceback (most recent call last):
  File "/home/ryedida/.local/lib/python3.9/site-packages/bayesmark/experiment.py", line 126, in run_study
    next_points = optimizer.suggest(n_suggestions)
  File "/home/ryedida/bbo_challenge_starter_kit/example_submissions/smoothness/optimizer.py", line 105, in suggest
    betas = [self._get_smoothness_reg(guess) for guess in guesses]
  File "/home/ryedida/bbo_challenge_starter_kit/example_submissions/smoothness/optimizer.py", line 105, in <listcomp>
    betas = [self._get_smoothness_reg(guess) for guess in guesses]
  File "/home/ryedida/bbo_challenge_starter_kit/example_submissions/smoothness/optimizer.py", line 48, in _get_smoothness_reg
    if activ > Kz:
NameError: name 'activ' is not defined
suggestion time taken 0.328123 iter 9 next_points [{'alpha': 0.03503071051174681, 'batch_size': 48, 'beta_1': 0.9827709222715861, 'beta_2': 0.999856852798977, 'epsilon': 4.300448124533887e-08, 'hidden_layer_sizes': 51, 'learning_rate_init': 0.00925283542182811, 'tol': 2.594646021985797e-05, 'validation_fraction': 0.4612058618745197}]
function_evaluation time 0.449445 value 53.642917 suggestion {'alpha': 0.03503071051174681, 'batch_size': 48, 'beta_1': 0.9827709222715861, 'beta_2': 0.999856852798977, 'epsilon': 4.300448124533887e-08, 'hidden_layer_sizes': 51, 'learning_rate_init': 0.00925283542182811, 'tol': 2.594646021985797e-05, 'validation_fraction': 0.4612058618745197}
observation time 0.000005, current best 44.954493 at iter 9
Failure in optimizer suggest. Falling back to random search.
name 'activ' is not defined
Traceback (most recent call last):
  File "/home/ryedida/.local/lib/python3.9/site-packages/bayesmark/experiment.py", line 126, in run_study
    next_points = optimizer.suggest(n_suggestions)
  File "/home/ryedida/bbo_challenge_starter_kit/example_submissions/smoothness/optimizer.py", line 105, in suggest
    betas = [self._get_smoothness_reg(guess) for guess in guesses]
  File "/home/ryedida/bbo_challenge_starter_kit/example_submissions/smoothness/optimizer.py", line 105, in <listcomp>
    betas = [self._get_smoothness_reg(guess) for guess in guesses]
  File "/home/ryedida/bbo_challenge_starter_kit/example_submissions/smoothness/optimizer.py", line 48, in _get_smoothness_reg
    if activ > Kz:
NameError: name 'activ' is not defined
suggestion time taken 0.325129 iter 10 next_points [{'alpha': 0.00022242209302164096, 'batch_size': 239, 'beta_1': 0.8822533503166551, 'beta_2': 0.9999961452916439, 'epsilon': 5.449706044774643e-08, 'hidden_layer_sizes': 98, 'learning_rate_init': 0.00025165372074106027, 'tol': 0.0001675379424650885, 'validation_fraction': 0.8614998132754477}]
/home/ryedida/.local/lib/python3.9/site-packages/sklearn/neural_network/_multilayer_perceptron.py:605: UserWarning: Got `batch_size` less than 1 or larger than sample size. It is going to be clipped
  warnings.warn(

function_evaluation time 0.258200 value 151.230871 suggestion {'alpha': 0.00022242209302164096, 'batch_size': 239, 'beta_1': 0.8822533503166551, 'beta_2': 0.9999961452916439, 'epsilon': 5.449706044774643e-08, 'hidden_layer_sizes': 98, 'learning_rate_init': 0.00025165372074106027, 'tol': 0.0001675379424650885, 'validation_fraction': 0.8614998132754477}
observation time 0.000004, current best 44.954493 at iter 10
Failure in optimizer suggest. Falling back to random search.
name 'activ' is not defined
Traceback (most recent call last):
  File "/home/ryedida/.local/lib/python3.9/site-packages/bayesmark/experiment.py", line 126, in run_study
    next_points = optimizer.suggest(n_suggestions)
  File "/home/ryedida/bbo_challenge_starter_kit/example_submissions/smoothness/optimizer.py", line 105, in suggest
    betas = [self._get_smoothness_reg(guess) for guess in guesses]
  File "/home/ryedida/bbo_challenge_starter_kit/example_submissions/smoothness/optimizer.py", line 105, in <listcomp>
    betas = [self._get_smoothness_reg(guess) for guess in guesses]
  File "/home/ryedida/bbo_challenge_starter_kit/example_submissions/smoothness/optimizer.py", line 48, in _get_smoothness_reg
    if activ > Kz:
NameError: name 'activ' is not defined
suggestion time taken 0.328522 iter 11 next_points [{'alpha': 0.06858531326356837, 'batch_size': 217, 'beta_1': 0.9799085489592391, 'beta_2': 0.9999938853035889, 'epsilon': 5.738034699858816e-08, 'hidden_layer_sizes': 55, 'learning_rate_init': 2.388166906474077e-05, 'tol': 0.005664201599814632, 'validation_fraction': 0.13435550929542917}]
function_evaluation time 0.072372 value 151.562367 suggestion {'alpha': 0.06858531326356837, 'batch_size': 217, 'beta_1': 0.9799085489592391, 'beta_2': 0.9999938853035889, 'epsilon': 5.738034699858816e-08, 'hidden_layer_sizes': 55, 'learning_rate_init': 2.388166906474077e-05, 'tol': 0.005664201599814632, 'validation_fraction': 0.13435550929542917}
observation time 0.000004, current best 44.954493 at iter 11
Failure in optimizer suggest. Falling back to random search.
name 'activ' is not defined
Traceback (most recent call last):
  File "/home/ryedida/.local/lib/python3.9/site-packages/bayesmark/experiment.py", line 126, in run_study
    next_points = optimizer.suggest(n_suggestions)
  File "/home/ryedida/bbo_challenge_starter_kit/example_submissions/smoothness/optimizer.py", line 105, in suggest
    betas = [self._get_smoothness_reg(guess) for guess in guesses]
  File "/home/ryedida/bbo_challenge_starter_kit/example_submissions/smoothness/optimizer.py", line 105, in <listcomp>
    betas = [self._get_smoothness_reg(guess) for guess in guesses]
  File "/home/ryedida/bbo_challenge_starter_kit/example_submissions/smoothness/optimizer.py", line 48, in _get_smoothness_reg
    if activ > Kz:
NameError: name 'activ' is not defined
suggestion time taken 0.323523 iter 12 next_points [{'alpha': 1.0469715789062056e-05, 'batch_size': 13, 'beta_1': 0.9795021474053236, 'beta_2': 0.9999725305614144, 'epsilon': 2.447385226582969e-08, 'hidden_layer_sizes': 125, 'learning_rate_init': 0.09268771640272683, 'tol': 0.00020819671020067866, 'validation_fraction': 0.293749336778095}]
function_evaluation time 0.498366 value 44.506679 suggestion {'alpha': 1.0469715789062056e-05, 'batch_size': 13, 'beta_1': 0.9795021474053236, 'beta_2': 0.9999725305614144, 'epsilon': 2.447385226582969e-08, 'hidden_layer_sizes': 125, 'learning_rate_init': 0.09268771640272683, 'tol': 0.00020819671020067866, 'validation_fraction': 0.293749336778095}
observation time 0.000005, current best 44.506679 at iter 12
Failure in optimizer suggest. Falling back to random search.
name 'activ' is not defined
Traceback (most recent call last):
  File "/home/ryedida/.local/lib/python3.9/site-packages/bayesmark/experiment.py", line 126, in run_study
    next_points = optimizer.suggest(n_suggestions)
  File "/home/ryedida/bbo_challenge_starter_kit/example_submissions/smoothness/optimizer.py", line 105, in suggest
    betas = [self._get_smoothness_reg(guess) for guess in guesses]
  File "/home/ryedida/bbo_challenge_starter_kit/example_submissions/smoothness/optimizer.py", line 105, in <listcomp>
    betas = [self._get_smoothness_reg(guess) for guess in guesses]
  File "/home/ryedida/bbo_challenge_starter_kit/example_submissions/smoothness/optimizer.py", line 48, in _get_smoothness_reg
    if activ > Kz:
NameError: name 'activ' is not defined
suggestion time taken 0.326162 iter 13 next_points [{'alpha': 4.319078961555035e-05, 'batch_size': 19, 'beta_1': 0.950803306726268, 'beta_2': 0.9919593472769941, 'epsilon': 4.0932542209324314e-08, 'hidden_layer_sizes': 117, 'learning_rate_init': 0.00046876727468192915, 'tol': 0.0008455723700717591, 'validation_fraction': 0.10822268808822072}]
/home/ryedida/.local/lib/python3.9/site-packages/sklearn/neural_network/_multilayer_perceptron.py:686: ConvergenceWarning: Stochastic Optimizer: Maximum iterations (200) reached and the optimization hasn't converged yet.
  warnings.warn(

function_evaluation time 2.552778 value 64.486094 suggestion {'alpha': 4.319078961555035e-05, 'batch_size': 19, 'beta_1': 0.950803306726268, 'beta_2': 0.9919593472769941, 'epsilon': 4.0932542209324314e-08, 'hidden_layer_sizes': 117, 'learning_rate_init': 0.00046876727468192915, 'tol': 0.0008455723700717591, 'validation_fraction': 0.10822268808822072}
observation time 0.000004, current best 44.506679 at iter 13
Failure in optimizer suggest. Falling back to random search.
name 'activ' is not defined
Traceback (most recent call last):
  File "/home/ryedida/.local/lib/python3.9/site-packages/bayesmark/experiment.py", line 126, in run_study
    next_points = optimizer.suggest(n_suggestions)
  File "/home/ryedida/bbo_challenge_starter_kit/example_submissions/smoothness/optimizer.py", line 105, in suggest
    betas = [self._get_smoothness_reg(guess) for guess in guesses]
  File "/home/ryedida/bbo_challenge_starter_kit/example_submissions/smoothness/optimizer.py", line 105, in <listcomp>
    betas = [self._get_smoothness_reg(guess) for guess in guesses]
  File "/home/ryedida/bbo_challenge_starter_kit/example_submissions/smoothness/optimizer.py", line 48, in _get_smoothness_reg
    if activ > Kz:
NameError: name 'activ' is not defined
suggestion time taken 0.351859 iter 14 next_points [{'alpha': 0.010752564889172034, 'batch_size': 218, 'beta_1': 0.5127328334361028, 'beta_2': 0.9960407046518736, 'epsilon': 1.4311976540010448e-07, 'hidden_layer_sizes': 112, 'learning_rate_init': 0.00015326382702910435, 'tol': 0.027478293294451537, 'validation_fraction': 0.13053640244142406}]
function_evaluation time 0.081089 value 151.624082 suggestion {'alpha': 0.010752564889172034, 'batch_size': 218, 'beta_1': 0.5127328334361028, 'beta_2': 0.9960407046518736, 'epsilon': 1.4311976540010448e-07, 'hidden_layer_sizes': 112, 'learning_rate_init': 0.00015326382702910435, 'tol': 0.027478293294451537, 'validation_fraction': 0.13053640244142406}
observation time 0.000005, current best 44.506679 at iter 14
saving meta data: {'args': {'--uuid': '7683547f632e53ef9f1358e6360b6e85', '-db-root': '/home/ryedida/bbo_challenge_starter_kit/output', '--opt-root': '/home/ryedida/bbo_challenge_starter_kit/example_submissions', '--data-root': None, '--db': 'run_20230425_055340', '--opt': 'smoothness', '--data': 'diabetes', '--classifier': 'MLP-adam', '--metric': 'mae', '--calls': 15, '--suggestions': 1, '--jobs-file': None, '--verbose': False, 'dry_run': False, 'rev': 'a376313', 'opt_rev': 'x.x.x'}, 'signature': ([{'alpha': 0.019628224813442792, 'batch_size': 182, 'beta_1': 0.9410202200271762, 'beta_2': 0.9998021557676793, 'epsilon': 1.8662266976518e-08, 'hidden_layer_sizes': 147, 'learning_rate_init': 0.0005627932047415167, 'tol': 0.03690557729213761, 'validation_fraction': 0.8846827852548593}, {'alpha': 0.0019982467392329444, 'batch_size': 200, 'beta_1': 0.919111482530466, 'beta_2': 0.9998488260436156, 'epsilon': 5.981221901152555e-07, 'hidden_layer_sizes': 61, 'learning_rate_init': 2.2310905607443014e-05, 'tol': 1.2046852412030316e-05, 'validation_fraction': 0.8117896445826539}, {'alpha': 0.46659545670218433, 'batch_size': 219, 'beta_1': 0.9889789783750891, 'beta_2': 0.9999896868093284, 'epsilon': 2.4234724484675948e-08, 'hidden_layer_sizes': 167, 'learning_rate_init': 2.972334644335654e-05, 'tol': 0.0036281404040243792, 'validation_fraction': 0.17260651658522078}, {'alpha': 4.656005689076002, 'batch_size': 135, 'beta_1': 0.870503881627747, 'beta_2': 0.9948873266941017, 'epsilon': 2.1023308743480125e-07, 'hidden_layer_sizes': 118, 'learning_rate_init': 0.0018781738757161913, 'tol': 1.1889379831773004e-05, 'validation_fraction': 0.6264327093752792}, {'alpha': 0.04705159350400542, 'batch_size': 158, 'beta_1': 0.9870884262730957, 'beta_2': 0.9999596874382349, 'epsilon': 1.1981845126013875e-08, 'hidden_layer_sizes': 116, 'learning_rate_init': 0.00617340520407431, 'tol': 1.741413418158619e-05, 'validation_fraction': 0.6754299026638921}], [151.4971925380264, 151.42763539278994, 151.47026299046811, 136.86202504264318, 75.2055865763391])}
saving results
saving timing
saving suggest log
done
