running: {'--uuid': '7e535893182152e18ced05c2e519cd6d', '-db-root': '/home/ryedida/bbo_challenge_starter_kit/output', '--opt-root': '/home/ryedida/bbo_challenge_starter_kit/example_submissions', '--data-root': None, '--db': 'run_20230425_055340', '--opt': 'smoothness', '--data': 'diabetes', '--classifier': 'MLP-adam', '--metric': 'mae', '--calls': 15, '--suggestions': 1, '--jobs-file': None, '--verbose': False, 'dry_run': False, 'rev': 'a376313', 'opt_rev': 'x.x.x'}
cmd: python smoothness/optimizer.py -c MLP-adam -d diabetes -o smoothness -u 7e535893182152e18ced05c2e519cd6d -m mae -n 15 -p 1 -dir /home/ryedida/bbo_challenge_starter_kit/output -b run_20230425_055340
/home/ryedida/.local/lib/python3.9/site-packages/sklearn/neural_network/_multilayer_perceptron.py:605: UserWarning: Got `batch_size` less than 1 or larger than sample size. It is going to be clipped
  warnings.warn(

/home/ryedida/.local/lib/python3.9/site-packages/sklearn/neural_network/_multilayer_perceptron.py:605: UserWarning: Got `batch_size` less than 1 or larger than sample size. It is going to be clipped
  warnings.warn(

/home/ryedida/.local/lib/python3.9/site-packages/sklearn/neural_network/_multilayer_perceptron.py:605: UserWarning: Got `batch_size` less than 1 or larger than sample size. It is going to be clipped
  warnings.warn(

/home/ryedida/.local/lib/python3.9/site-packages/sklearn/neural_network/_multilayer_perceptron.py:686: ConvergenceWarning: Stochastic Optimizer: Maximum iterations (200) reached and the optimization hasn't converged yet.
  warnings.warn(

/home/ryedida/.local/lib/python3.9/site-packages/sklearn/neural_network/_multilayer_perceptron.py:605: UserWarning: Got `batch_size` less than 1 or larger than sample size. It is going to be clipped
  warnings.warn(

/home/ryedida/.local/lib/python3.9/site-packages/sklearn/neural_network/_multilayer_perceptron.py:686: ConvergenceWarning: Stochastic Optimizer: Maximum iterations (200) reached and the optimization hasn't converged yet.
  warnings.warn(

computed signature: ([{'alpha': 0.019628224813442792, 'batch_size': 182, 'beta_1': 0.9410202200271762, 'beta_2': 0.9998021557676793, 'epsilon': 1.8662266976518e-08, 'hidden_layer_sizes': 147, 'learning_rate_init': 0.0005627932047415167, 'tol': 0.03690557729213761, 'validation_fraction': 0.8846827852548593}, {'alpha': 0.0019982467392329444, 'batch_size': 200, 'beta_1': 0.919111482530466, 'beta_2': 0.9998488260436156, 'epsilon': 5.981221901152555e-07, 'hidden_layer_sizes': 61, 'learning_rate_init': 2.2310905607443014e-05, 'tol': 1.2046852412030316e-05, 'validation_fraction': 0.8117896445826539}, {'alpha': 0.46659545670218433, 'batch_size': 219, 'beta_1': 0.9889789783750891, 'beta_2': 0.9999896868093284, 'epsilon': 2.4234724484675948e-08, 'hidden_layer_sizes': 167, 'learning_rate_init': 2.972334644335654e-05, 'tol': 0.0036281404040243792, 'validation_fraction': 0.17260651658522078}, {'alpha': 4.656005689076002, 'batch_size': 135, 'beta_1': 0.870503881627747, 'beta_2': 0.9948873266941017, 'epsilon': 2.1023308743480125e-07, 'hidden_layer_sizes': 118, 'learning_rate_init': 0.0018781738757161913, 'tol': 1.1889379831773004e-05, 'validation_fraction': 0.6264327093752792}, {'alpha': 0.04705159350400542, 'batch_size': 158, 'beta_1': 0.9870884262730957, 'beta_2': 0.9999596874382349, 'epsilon': 1.1981845126013875e-08, 'hidden_layer_sizes': 116, 'learning_rate_init': 0.00617340520407431, 'tol': 1.741413418158619e-05, 'validation_fraction': 0.6754299026638921}], [151.4971925380264, 151.42763539278994, 151.47026299046811, 136.86202504264318, 75.2055865763391])
Signature errors:
                                  0             1             2         3         4       max
MLP-adam_diabetes_mae  1.919244e-08  6.198704e-08  7.624578e-09  0.000007  0.000034  0.000034
max                    1.919244e-08  6.198704e-08  7.624578e-09  0.000007  0.000034  0.000034
starting sklearn study smoothness MLP-adam diabetes mae 15 1
with data root: None
Failure in optimizer suggest. Falling back to random search.
name 'activ' is not defined
Traceback (most recent call last):
  File "/home/ryedida/.local/lib/python3.9/site-packages/bayesmark/experiment.py", line 126, in run_study
    next_points = optimizer.suggest(n_suggestions)
  File "/home/ryedida/bbo_challenge_starter_kit/example_submissions/smoothness/optimizer.py", line 105, in suggest
    betas = [self._get_smoothness_reg(guess) for guess in guesses]
  File "/home/ryedida/bbo_challenge_starter_kit/example_submissions/smoothness/optimizer.py", line 105, in <listcomp>
    betas = [self._get_smoothness_reg(guess) for guess in guesses]
  File "/home/ryedida/bbo_challenge_starter_kit/example_submissions/smoothness/optimizer.py", line 48, in _get_smoothness_reg
    if activ > Kz:
NameError: name 'activ' is not defined
suggestion time taken 0.496110 iter 0 next_points [{'alpha': 0.600764472639815, 'batch_size': 33, 'beta_1': 0.949803032746232, 'beta_2': 0.988607403973392, 'epsilon': 9.003552064020137e-09, 'hidden_layer_sizes': 159, 'learning_rate_init': 0.04990214458876962, 'tol': 0.03796029323107898, 'validation_fraction': 0.3617755915685959}]
function_evaluation time 0.248993 value 45.699340 suggestion {'alpha': 0.600764472639815, 'batch_size': 33, 'beta_1': 0.949803032746232, 'beta_2': 0.988607403973392, 'epsilon': 9.003552064020137e-09, 'hidden_layer_sizes': 159, 'learning_rate_init': 0.04990214458876962, 'tol': 0.03796029323107898, 'validation_fraction': 0.3617755915685959}
observation time 0.000005, current best 45.699340 at iter 0
Failure in optimizer suggest. Falling back to random search.
name 'activ' is not defined
Traceback (most recent call last):
  File "/home/ryedida/.local/lib/python3.9/site-packages/bayesmark/experiment.py", line 126, in run_study
    next_points = optimizer.suggest(n_suggestions)
  File "/home/ryedida/bbo_challenge_starter_kit/example_submissions/smoothness/optimizer.py", line 105, in suggest
    betas = [self._get_smoothness_reg(guess) for guess in guesses]
  File "/home/ryedida/bbo_challenge_starter_kit/example_submissions/smoothness/optimizer.py", line 105, in <listcomp>
    betas = [self._get_smoothness_reg(guess) for guess in guesses]
  File "/home/ryedida/bbo_challenge_starter_kit/example_submissions/smoothness/optimizer.py", line 48, in _get_smoothness_reg
    if activ > Kz:
NameError: name 'activ' is not defined
suggestion time taken 0.329965 iter 1 next_points [{'alpha': 0.9063853605012684, 'batch_size': 227, 'beta_1': 0.9747419685378017, 'beta_2': 0.957302905082573, 'epsilon': 1.6492786425566927e-09, 'hidden_layer_sizes': 72, 'learning_rate_init': 0.0005158892307599887, 'tol': 0.0019046159651472192, 'validation_fraction': 0.5305583465639027}]
/home/ryedida/.local/lib/python3.9/site-packages/sklearn/neural_network/_multilayer_perceptron.py:605: UserWarning: Got `batch_size` less than 1 or larger than sample size. It is going to be clipped
  warnings.warn(

function_evaluation time 0.050383 value 151.524118 suggestion {'alpha': 0.9063853605012684, 'batch_size': 227, 'beta_1': 0.9747419685378017, 'beta_2': 0.957302905082573, 'epsilon': 1.6492786425566927e-09, 'hidden_layer_sizes': 72, 'learning_rate_init': 0.0005158892307599887, 'tol': 0.0019046159651472192, 'validation_fraction': 0.5305583465639027}
observation time 0.000005, current best 45.699340 at iter 1
Failure in optimizer suggest. Falling back to random search.
name 'activ' is not defined
Traceback (most recent call last):
  File "/home/ryedida/.local/lib/python3.9/site-packages/bayesmark/experiment.py", line 126, in run_study
    next_points = optimizer.suggest(n_suggestions)
  File "/home/ryedida/bbo_challenge_starter_kit/example_submissions/smoothness/optimizer.py", line 105, in suggest
    betas = [self._get_smoothness_reg(guess) for guess in guesses]
  File "/home/ryedida/bbo_challenge_starter_kit/example_submissions/smoothness/optimizer.py", line 105, in <listcomp>
    betas = [self._get_smoothness_reg(guess) for guess in guesses]
  File "/home/ryedida/bbo_challenge_starter_kit/example_submissions/smoothness/optimizer.py", line 48, in _get_smoothness_reg
    if activ > Kz:
NameError: name 'activ' is not defined
suggestion time taken 0.325830 iter 2 next_points [{'alpha': 0.0005103126534938266, 'batch_size': 72, 'beta_1': 0.9855312055461193, 'beta_2': 0.9996666006920931, 'epsilon': 3.94110518730068e-09, 'hidden_layer_sizes': 93, 'learning_rate_init': 1.123617458281776e-05, 'tol': 0.01848497927741548, 'validation_fraction': 0.6245510892430236}]
function_evaluation time 0.062176 value 151.640365 suggestion {'alpha': 0.0005103126534938266, 'batch_size': 72, 'beta_1': 0.9855312055461193, 'beta_2': 0.9996666006920931, 'epsilon': 3.94110518730068e-09, 'hidden_layer_sizes': 93, 'learning_rate_init': 1.123617458281776e-05, 'tol': 0.01848497927741548, 'validation_fraction': 0.6245510892430236}
observation time 0.000006, current best 45.699340 at iter 2
Failure in optimizer suggest. Falling back to random search.
name 'activ' is not defined
Traceback (most recent call last):
  File "/home/ryedida/.local/lib/python3.9/site-packages/bayesmark/experiment.py", line 126, in run_study
    next_points = optimizer.suggest(n_suggestions)
  File "/home/ryedida/bbo_challenge_starter_kit/example_submissions/smoothness/optimizer.py", line 105, in suggest
    betas = [self._get_smoothness_reg(guess) for guess in guesses]
  File "/home/ryedida/bbo_challenge_starter_kit/example_submissions/smoothness/optimizer.py", line 105, in <listcomp>
    betas = [self._get_smoothness_reg(guess) for guess in guesses]
  File "/home/ryedida/bbo_challenge_starter_kit/example_submissions/smoothness/optimizer.py", line 48, in _get_smoothness_reg
    if activ > Kz:
NameError: name 'activ' is not defined
suggestion time taken 0.320246 iter 3 next_points [{'alpha': 0.001431377601887461, 'batch_size': 71, 'beta_1': 0.8199674915549708, 'beta_2': 0.9792187235546929, 'epsilon': 2.127694474369052e-09, 'hidden_layer_sizes': 78, 'learning_rate_init': 0.0020938229945881067, 'tol': 0.05264712523282453, 'validation_fraction': 0.5308486262954093}]
function_evaluation time 0.062062 value 150.870669 suggestion {'alpha': 0.001431377601887461, 'batch_size': 71, 'beta_1': 0.8199674915549708, 'beta_2': 0.9792187235546929, 'epsilon': 2.127694474369052e-09, 'hidden_layer_sizes': 78, 'learning_rate_init': 0.0020938229945881067, 'tol': 0.05264712523282453, 'validation_fraction': 0.5308486262954093}
observation time 0.000005, current best 45.699340 at iter 3
Failure in optimizer suggest. Falling back to random search.
name 'activ' is not defined
Traceback (most recent call last):
  File "/home/ryedida/.local/lib/python3.9/site-packages/bayesmark/experiment.py", line 126, in run_study
    next_points = optimizer.suggest(n_suggestions)
  File "/home/ryedida/bbo_challenge_starter_kit/example_submissions/smoothness/optimizer.py", line 105, in suggest
    betas = [self._get_smoothness_reg(guess) for guess in guesses]
  File "/home/ryedida/bbo_challenge_starter_kit/example_submissions/smoothness/optimizer.py", line 105, in <listcomp>
    betas = [self._get_smoothness_reg(guess) for guess in guesses]
  File "/home/ryedida/bbo_challenge_starter_kit/example_submissions/smoothness/optimizer.py", line 48, in _get_smoothness_reg
    if activ > Kz:
NameError: name 'activ' is not defined
suggestion time taken 0.327452 iter 4 next_points [{'alpha': 9.514550596990555e-05, 'batch_size': 50, 'beta_1': 0.9331519483435002, 'beta_2': 0.999957795863806, 'epsilon': 2.4016189305661503e-09, 'hidden_layer_sizes': 59, 'learning_rate_init': 0.0005052288014695442, 'tol': 1.809386395295485e-05, 'validation_fraction': 0.12939251095242443}]
/home/ryedida/.local/lib/python3.9/site-packages/sklearn/neural_network/_multilayer_perceptron.py:686: ConvergenceWarning: Stochastic Optimizer: Maximum iterations (200) reached and the optimization hasn't converged yet.
  warnings.warn(

function_evaluation time 1.047572 value 134.694987 suggestion {'alpha': 9.514550596990555e-05, 'batch_size': 50, 'beta_1': 0.9331519483435002, 'beta_2': 0.999957795863806, 'epsilon': 2.4016189305661503e-09, 'hidden_layer_sizes': 59, 'learning_rate_init': 0.0005052288014695442, 'tol': 1.809386395295485e-05, 'validation_fraction': 0.12939251095242443}
observation time 0.000006, current best 45.699340 at iter 4
Failure in optimizer suggest. Falling back to random search.
name 'activ' is not defined
Traceback (most recent call last):
  File "/home/ryedida/.local/lib/python3.9/site-packages/bayesmark/experiment.py", line 126, in run_study
    next_points = optimizer.suggest(n_suggestions)
  File "/home/ryedida/bbo_challenge_starter_kit/example_submissions/smoothness/optimizer.py", line 105, in suggest
    betas = [self._get_smoothness_reg(guess) for guess in guesses]
  File "/home/ryedida/bbo_challenge_starter_kit/example_submissions/smoothness/optimizer.py", line 105, in <listcomp>
    betas = [self._get_smoothness_reg(guess) for guess in guesses]
  File "/home/ryedida/bbo_challenge_starter_kit/example_submissions/smoothness/optimizer.py", line 48, in _get_smoothness_reg
    if activ > Kz:
NameError: name 'activ' is not defined
suggestion time taken 0.325835 iter 5 next_points [{'alpha': 5.081664266479485, 'batch_size': 171, 'beta_1': 0.9714958712912132, 'beta_2': 0.9972693734122932, 'epsilon': 2.208087382698421e-08, 'hidden_layer_sizes': 63, 'learning_rate_init': 0.0003726713395505815, 'tol': 2.8721864408664485e-05, 'validation_fraction': 0.6282807244526143}]
/home/ryedida/.local/lib/python3.9/site-packages/sklearn/neural_network/_multilayer_perceptron.py:605: UserWarning: Got `batch_size` less than 1 or larger than sample size. It is going to be clipped
  warnings.warn(

/home/ryedida/.local/lib/python3.9/site-packages/sklearn/neural_network/_multilayer_perceptron.py:686: ConvergenceWarning: Stochastic Optimizer: Maximum iterations (200) reached and the optimization hasn't converged yet.
  warnings.warn(

function_evaluation time 0.602547 value 150.733841 suggestion {'alpha': 5.081664266479485, 'batch_size': 171, 'beta_1': 0.9714958712912132, 'beta_2': 0.9972693734122932, 'epsilon': 2.208087382698421e-08, 'hidden_layer_sizes': 63, 'learning_rate_init': 0.0003726713395505815, 'tol': 2.8721864408664485e-05, 'validation_fraction': 0.6282807244526143}
observation time 0.000006, current best 45.699340 at iter 5
Failure in optimizer suggest. Falling back to random search.
name 'activ' is not defined
Traceback (most recent call last):
  File "/home/ryedida/.local/lib/python3.9/site-packages/bayesmark/experiment.py", line 126, in run_study
    next_points = optimizer.suggest(n_suggestions)
  File "/home/ryedida/bbo_challenge_starter_kit/example_submissions/smoothness/optimizer.py", line 105, in suggest
    betas = [self._get_smoothness_reg(guess) for guess in guesses]
  File "/home/ryedida/bbo_challenge_starter_kit/example_submissions/smoothness/optimizer.py", line 105, in <listcomp>
    betas = [self._get_smoothness_reg(guess) for guess in guesses]
  File "/home/ryedida/bbo_challenge_starter_kit/example_submissions/smoothness/optimizer.py", line 48, in _get_smoothness_reg
    if activ > Kz:
NameError: name 'activ' is not defined
suggestion time taken 0.335631 iter 6 next_points [{'alpha': 0.1628012284027502, 'batch_size': 101, 'beta_1': 0.9416466819216885, 'beta_2': 0.9909957449325602, 'epsilon': 6.828943177022017e-07, 'hidden_layer_sizes': 166, 'learning_rate_init': 1.387178664888141e-05, 'tol': 8.538872062931668e-05, 'validation_fraction': 0.8494906977368258}]
/home/ryedida/.local/lib/python3.9/site-packages/sklearn/neural_network/_multilayer_perceptron.py:605: UserWarning: Got `batch_size` less than 1 or larger than sample size. It is going to be clipped
  warnings.warn(

function_evaluation time 0.054734 value 151.556125 suggestion {'alpha': 0.1628012284027502, 'batch_size': 101, 'beta_1': 0.9416466819216885, 'beta_2': 0.9909957449325602, 'epsilon': 6.828943177022017e-07, 'hidden_layer_sizes': 166, 'learning_rate_init': 1.387178664888141e-05, 'tol': 8.538872062931668e-05, 'validation_fraction': 0.8494906977368258}
observation time 0.000006, current best 45.699340 at iter 6
Failure in optimizer suggest. Falling back to random search.
name 'activ' is not defined
Traceback (most recent call last):
  File "/home/ryedida/.local/lib/python3.9/site-packages/bayesmark/experiment.py", line 126, in run_study
    next_points = optimizer.suggest(n_suggestions)
  File "/home/ryedida/bbo_challenge_starter_kit/example_submissions/smoothness/optimizer.py", line 105, in suggest
    betas = [self._get_smoothness_reg(guess) for guess in guesses]
  File "/home/ryedida/bbo_challenge_starter_kit/example_submissions/smoothness/optimizer.py", line 105, in <listcomp>
    betas = [self._get_smoothness_reg(guess) for guess in guesses]
  File "/home/ryedida/bbo_challenge_starter_kit/example_submissions/smoothness/optimizer.py", line 48, in _get_smoothness_reg
    if activ > Kz:
NameError: name 'activ' is not defined
suggestion time taken 0.468883 iter 7 next_points [{'alpha': 0.8173795573663941, 'batch_size': 220, 'beta_1': 0.947335133460499, 'beta_2': 0.9999747115553123, 'epsilon': 1.475143402056483e-08, 'hidden_layer_sizes': 84, 'learning_rate_init': 0.0782722725684292, 'tol': 0.038176206098356806, 'validation_fraction': 0.7723766347883234}]
/home/ryedida/.local/lib/python3.9/site-packages/sklearn/neural_network/_multilayer_perceptron.py:605: UserWarning: Got `batch_size` less than 1 or larger than sample size. It is going to be clipped
  warnings.warn(

function_evaluation time 0.128065 value 56.679838 suggestion {'alpha': 0.8173795573663941, 'batch_size': 220, 'beta_1': 0.947335133460499, 'beta_2': 0.9999747115553123, 'epsilon': 1.475143402056483e-08, 'hidden_layer_sizes': 84, 'learning_rate_init': 0.0782722725684292, 'tol': 0.038176206098356806, 'validation_fraction': 0.7723766347883234}
observation time 0.000006, current best 45.699340 at iter 7
Failure in optimizer suggest. Falling back to random search.
name 'activ' is not defined
Traceback (most recent call last):
  File "/home/ryedida/.local/lib/python3.9/site-packages/bayesmark/experiment.py", line 126, in run_study
    next_points = optimizer.suggest(n_suggestions)
  File "/home/ryedida/bbo_challenge_starter_kit/example_submissions/smoothness/optimizer.py", line 105, in suggest
    betas = [self._get_smoothness_reg(guess) for guess in guesses]
  File "/home/ryedida/bbo_challenge_starter_kit/example_submissions/smoothness/optimizer.py", line 105, in <listcomp>
    betas = [self._get_smoothness_reg(guess) for guess in guesses]
  File "/home/ryedida/bbo_challenge_starter_kit/example_submissions/smoothness/optimizer.py", line 48, in _get_smoothness_reg
    if activ > Kz:
NameError: name 'activ' is not defined
suggestion time taken 0.323786 iter 8 next_points [{'alpha': 0.0014430194664921646, 'batch_size': 182, 'beta_1': 0.7668842540378676, 'beta_2': 0.9972406059517582, 'epsilon': 3.078774620371501e-09, 'hidden_layer_sizes': 132, 'learning_rate_init': 0.0001241903387981807, 'tol': 0.002913327931643167, 'validation_fraction': 0.17803683619291807}]
function_evaluation time 0.082608 value 151.652284 suggestion {'alpha': 0.0014430194664921646, 'batch_size': 182, 'beta_1': 0.7668842540378676, 'beta_2': 0.9972406059517582, 'epsilon': 3.078774620371501e-09, 'hidden_layer_sizes': 132, 'learning_rate_init': 0.0001241903387981807, 'tol': 0.002913327931643167, 'validation_fraction': 0.17803683619291807}
observation time 0.000006, current best 45.699340 at iter 8
Failure in optimizer suggest. Falling back to random search.
name 'activ' is not defined
Traceback (most recent call last):
  File "/home/ryedida/.local/lib/python3.9/site-packages/bayesmark/experiment.py", line 126, in run_study
    next_points = optimizer.suggest(n_suggestions)
  File "/home/ryedida/bbo_challenge_starter_kit/example_submissions/smoothness/optimizer.py", line 105, in suggest
    betas = [self._get_smoothness_reg(guess) for guess in guesses]
  File "/home/ryedida/bbo_challenge_starter_kit/example_submissions/smoothness/optimizer.py", line 105, in <listcomp>
    betas = [self._get_smoothness_reg(guess) for guess in guesses]
  File "/home/ryedida/bbo_challenge_starter_kit/example_submissions/smoothness/optimizer.py", line 48, in _get_smoothness_reg
    if activ > Kz:
NameError: name 'activ' is not defined
suggestion time taken 0.320153 iter 9 next_points [{'alpha': 0.03846538156927902, 'batch_size': 135, 'beta_1': 0.8573694174382853, 'beta_2': 0.9874385576389955, 'epsilon': 4.187650560965006e-08, 'hidden_layer_sizes': 79, 'learning_rate_init': 0.00021847237942261818, 'tol': 0.000826196729376901, 'validation_fraction': 0.4282723013342168}]
function_evaluation time 0.063358 value 151.626358 suggestion {'alpha': 0.03846538156927902, 'batch_size': 135, 'beta_1': 0.8573694174382853, 'beta_2': 0.9874385576389955, 'epsilon': 4.187650560965006e-08, 'hidden_layer_sizes': 79, 'learning_rate_init': 0.00021847237942261818, 'tol': 0.000826196729376901, 'validation_fraction': 0.4282723013342168}
observation time 0.000006, current best 45.699340 at iter 9
Failure in optimizer suggest. Falling back to random search.
name 'activ' is not defined
Traceback (most recent call last):
  File "/home/ryedida/.local/lib/python3.9/site-packages/bayesmark/experiment.py", line 126, in run_study
    next_points = optimizer.suggest(n_suggestions)
  File "/home/ryedida/bbo_challenge_starter_kit/example_submissions/smoothness/optimizer.py", line 105, in suggest
    betas = [self._get_smoothness_reg(guess) for guess in guesses]
  File "/home/ryedida/bbo_challenge_starter_kit/example_submissions/smoothness/optimizer.py", line 105, in <listcomp>
    betas = [self._get_smoothness_reg(guess) for guess in guesses]
  File "/home/ryedida/bbo_challenge_starter_kit/example_submissions/smoothness/optimizer.py", line 48, in _get_smoothness_reg
    if activ > Kz:
NameError: name 'activ' is not defined
suggestion time taken 0.318731 iter 10 next_points [{'alpha': 0.00832643449072587, 'batch_size': 78, 'beta_1': 0.6826713765589367, 'beta_2': 0.9999919743352366, 'epsilon': 6.335435264150057e-08, 'hidden_layer_sizes': 177, 'learning_rate_init': 1.7607952219149297e-05, 'tol': 0.00027926929127459934, 'validation_fraction': 0.4890604119647732}]
function_evaluation time 0.083604 value 151.462458 suggestion {'alpha': 0.00832643449072587, 'batch_size': 78, 'beta_1': 0.6826713765589367, 'beta_2': 0.9999919743352366, 'epsilon': 6.335435264150057e-08, 'hidden_layer_sizes': 177, 'learning_rate_init': 1.7607952219149297e-05, 'tol': 0.00027926929127459934, 'validation_fraction': 0.4890604119647732}
observation time 0.000005, current best 45.699340 at iter 10
Failure in optimizer suggest. Falling back to random search.
name 'activ' is not defined
Traceback (most recent call last):
  File "/home/ryedida/.local/lib/python3.9/site-packages/bayesmark/experiment.py", line 126, in run_study
    next_points = optimizer.suggest(n_suggestions)
  File "/home/ryedida/bbo_challenge_starter_kit/example_submissions/smoothness/optimizer.py", line 105, in suggest
    betas = [self._get_smoothness_reg(guess) for guess in guesses]
  File "/home/ryedida/bbo_challenge_starter_kit/example_submissions/smoothness/optimizer.py", line 105, in <listcomp>
    betas = [self._get_smoothness_reg(guess) for guess in guesses]
  File "/home/ryedida/bbo_challenge_starter_kit/example_submissions/smoothness/optimizer.py", line 48, in _get_smoothness_reg
    if activ > Kz:
NameError: name 'activ' is not defined
suggestion time taken 0.334995 iter 11 next_points [{'alpha': 0.0014813412820359835, 'batch_size': 118, 'beta_1': 0.9378344516557341, 'beta_2': 0.96648783897104, 'epsilon': 8.763091959864429e-08, 'hidden_layer_sizes': 96, 'learning_rate_init': 0.0034924202355720285, 'tol': 0.007479024975300609, 'validation_fraction': 0.4243439053859226}]
function_evaluation time 0.069703 value 150.454673 suggestion {'alpha': 0.0014813412820359835, 'batch_size': 118, 'beta_1': 0.9378344516557341, 'beta_2': 0.96648783897104, 'epsilon': 8.763091959864429e-08, 'hidden_layer_sizes': 96, 'learning_rate_init': 0.0034924202355720285, 'tol': 0.007479024975300609, 'validation_fraction': 0.4243439053859226}
observation time 0.000006, current best 45.699340 at iter 11
Failure in optimizer suggest. Falling back to random search.
name 'activ' is not defined
Traceback (most recent call last):
  File "/home/ryedida/.local/lib/python3.9/site-packages/bayesmark/experiment.py", line 126, in run_study
    next_points = optimizer.suggest(n_suggestions)
  File "/home/ryedida/bbo_challenge_starter_kit/example_submissions/smoothness/optimizer.py", line 105, in suggest
    betas = [self._get_smoothness_reg(guess) for guess in guesses]
  File "/home/ryedida/bbo_challenge_starter_kit/example_submissions/smoothness/optimizer.py", line 105, in <listcomp>
    betas = [self._get_smoothness_reg(guess) for guess in guesses]
  File "/home/ryedida/bbo_challenge_starter_kit/example_submissions/smoothness/optimizer.py", line 48, in _get_smoothness_reg
    if activ > Kz:
NameError: name 'activ' is not defined
suggestion time taken 0.319661 iter 12 next_points [{'alpha': 9.477801458019716, 'batch_size': 247, 'beta_1': 0.9162653563671577, 'beta_2': 0.9998433187782672, 'epsilon': 4.627863543734766e-09, 'hidden_layer_sizes': 127, 'learning_rate_init': 0.049160890150624546, 'tol': 5.503193279763713e-05, 'validation_fraction': 0.24437265009396264}]
function_evaluation time 0.247629 value 54.003862 suggestion {'alpha': 9.477801458019716, 'batch_size': 247, 'beta_1': 0.9162653563671577, 'beta_2': 0.9998433187782672, 'epsilon': 4.627863543734766e-09, 'hidden_layer_sizes': 127, 'learning_rate_init': 0.049160890150624546, 'tol': 5.503193279763713e-05, 'validation_fraction': 0.24437265009396264}
observation time 0.000005, current best 45.699340 at iter 12
Failure in optimizer suggest. Falling back to random search.
name 'activ' is not defined
Traceback (most recent call last):
  File "/home/ryedida/.local/lib/python3.9/site-packages/bayesmark/experiment.py", line 126, in run_study
    next_points = optimizer.suggest(n_suggestions)
  File "/home/ryedida/bbo_challenge_starter_kit/example_submissions/smoothness/optimizer.py", line 105, in suggest
    betas = [self._get_smoothness_reg(guess) for guess in guesses]
  File "/home/ryedida/bbo_challenge_starter_kit/example_submissions/smoothness/optimizer.py", line 105, in <listcomp>
    betas = [self._get_smoothness_reg(guess) for guess in guesses]
  File "/home/ryedida/bbo_challenge_starter_kit/example_submissions/smoothness/optimizer.py", line 48, in _get_smoothness_reg
    if activ > Kz:
NameError: name 'activ' is not defined
suggestion time taken 0.324663 iter 13 next_points [{'alpha': 0.00041282335023627053, 'batch_size': 66, 'beta_1': 0.9179129546409488, 'beta_2': 0.999875390292123, 'epsilon': 1.794452697598681e-09, 'hidden_layer_sizes': 80, 'learning_rate_init': 0.0013474828739550952, 'tol': 0.006016682918262049, 'validation_fraction': 0.15249229065235684}]
function_evaluation time 0.231458 value 150.772487 suggestion {'alpha': 0.00041282335023627053, 'batch_size': 66, 'beta_1': 0.9179129546409488, 'beta_2': 0.999875390292123, 'epsilon': 1.794452697598681e-09, 'hidden_layer_sizes': 80, 'learning_rate_init': 0.0013474828739550952, 'tol': 0.006016682918262049, 'validation_fraction': 0.15249229065235684}
observation time 0.000006, current best 45.699340 at iter 13
Failure in optimizer suggest. Falling back to random search.
name 'activ' is not defined
Traceback (most recent call last):
  File "/home/ryedida/.local/lib/python3.9/site-packages/bayesmark/experiment.py", line 126, in run_study
    next_points = optimizer.suggest(n_suggestions)
  File "/home/ryedida/bbo_challenge_starter_kit/example_submissions/smoothness/optimizer.py", line 105, in suggest
    betas = [self._get_smoothness_reg(guess) for guess in guesses]
  File "/home/ryedida/bbo_challenge_starter_kit/example_submissions/smoothness/optimizer.py", line 105, in <listcomp>
    betas = [self._get_smoothness_reg(guess) for guess in guesses]
  File "/home/ryedida/bbo_challenge_starter_kit/example_submissions/smoothness/optimizer.py", line 48, in _get_smoothness_reg
    if activ > Kz:
NameError: name 'activ' is not defined
suggestion time taken 0.340725 iter 14 next_points [{'alpha': 0.00021584357296110053, 'batch_size': 163, 'beta_1': 0.9809573308506105, 'beta_2': 0.9593419405847576, 'epsilon': 8.196502672579847e-08, 'hidden_layer_sizes': 52, 'learning_rate_init': 0.08536188152544465, 'tol': 0.008748493246849006, 'validation_fraction': 0.40498895611847985}]
function_evaluation time 0.088151 value 59.111578 suggestion {'alpha': 0.00021584357296110053, 'batch_size': 163, 'beta_1': 0.9809573308506105, 'beta_2': 0.9593419405847576, 'epsilon': 8.196502672579847e-08, 'hidden_layer_sizes': 52, 'learning_rate_init': 0.08536188152544465, 'tol': 0.008748493246849006, 'validation_fraction': 0.40498895611847985}
observation time 0.000005, current best 45.699340 at iter 14
saving meta data: {'args': {'--uuid': '7e535893182152e18ced05c2e519cd6d', '-db-root': '/home/ryedida/bbo_challenge_starter_kit/output', '--opt-root': '/home/ryedida/bbo_challenge_starter_kit/example_submissions', '--data-root': None, '--db': 'run_20230425_055340', '--opt': 'smoothness', '--data': 'diabetes', '--classifier': 'MLP-adam', '--metric': 'mae', '--calls': 15, '--suggestions': 1, '--jobs-file': None, '--verbose': False, 'dry_run': False, 'rev': 'a376313', 'opt_rev': 'x.x.x'}, 'signature': ([{'alpha': 0.019628224813442792, 'batch_size': 182, 'beta_1': 0.9410202200271762, 'beta_2': 0.9998021557676793, 'epsilon': 1.8662266976518e-08, 'hidden_layer_sizes': 147, 'learning_rate_init': 0.0005627932047415167, 'tol': 0.03690557729213761, 'validation_fraction': 0.8846827852548593}, {'alpha': 0.0019982467392329444, 'batch_size': 200, 'beta_1': 0.919111482530466, 'beta_2': 0.9998488260436156, 'epsilon': 5.981221901152555e-07, 'hidden_layer_sizes': 61, 'learning_rate_init': 2.2310905607443014e-05, 'tol': 1.2046852412030316e-05, 'validation_fraction': 0.8117896445826539}, {'alpha': 0.46659545670218433, 'batch_size': 219, 'beta_1': 0.9889789783750891, 'beta_2': 0.9999896868093284, 'epsilon': 2.4234724484675948e-08, 'hidden_layer_sizes': 167, 'learning_rate_init': 2.972334644335654e-05, 'tol': 0.0036281404040243792, 'validation_fraction': 0.17260651658522078}, {'alpha': 4.656005689076002, 'batch_size': 135, 'beta_1': 0.870503881627747, 'beta_2': 0.9948873266941017, 'epsilon': 2.1023308743480125e-07, 'hidden_layer_sizes': 118, 'learning_rate_init': 0.0018781738757161913, 'tol': 1.1889379831773004e-05, 'validation_fraction': 0.6264327093752792}, {'alpha': 0.04705159350400542, 'batch_size': 158, 'beta_1': 0.9870884262730957, 'beta_2': 0.9999596874382349, 'epsilon': 1.1981845126013875e-08, 'hidden_layer_sizes': 116, 'learning_rate_init': 0.00617340520407431, 'tol': 1.741413418158619e-05, 'validation_fraction': 0.6754299026638921}], [151.4971925380264, 151.42763539278994, 151.47026299046811, 136.86202504264318, 75.2055865763391])}
saving results
saving timing
saving suggest log
done
