running: {'--uuid': '930ae0c15d8a55ab801e1034d9b7b17c', '-db-root': '/home/ryedida/bbo_challenge_starter_kit/output', '--opt-root': '/home/ryedida/bbo_challenge_starter_kit/example_submissions', '--data-root': None, '--db': 'run_20230425_055340', '--opt': 'smoothness', '--data': 'diabetes', '--classifier': 'MLP-adam', '--metric': 'mse', '--calls': 15, '--suggestions': 1, '--jobs-file': None, '--verbose': False, 'dry_run': False, 'rev': 'a376313', 'opt_rev': 'x.x.x'}
cmd: python smoothness/optimizer.py -c MLP-adam -d diabetes -o smoothness -u 930ae0c15d8a55ab801e1034d9b7b17c -m mse -n 15 -p 1 -dir /home/ryedida/bbo_challenge_starter_kit/output -b run_20230425_055340
/home/ryedida/.local/lib/python3.9/site-packages/sklearn/neural_network/_multilayer_perceptron.py:605: UserWarning: Got `batch_size` less than 1 or larger than sample size. It is going to be clipped
  warnings.warn(

/home/ryedida/.local/lib/python3.9/site-packages/sklearn/neural_network/_multilayer_perceptron.py:605: UserWarning: Got `batch_size` less than 1 or larger than sample size. It is going to be clipped
  warnings.warn(

/home/ryedida/.local/lib/python3.9/site-packages/sklearn/neural_network/_multilayer_perceptron.py:605: UserWarning: Got `batch_size` less than 1 or larger than sample size. It is going to be clipped
  warnings.warn(

/home/ryedida/.local/lib/python3.9/site-packages/sklearn/neural_network/_multilayer_perceptron.py:686: ConvergenceWarning: Stochastic Optimizer: Maximum iterations (200) reached and the optimization hasn't converged yet.
  warnings.warn(

/home/ryedida/.local/lib/python3.9/site-packages/sklearn/neural_network/_multilayer_perceptron.py:605: UserWarning: Got `batch_size` less than 1 or larger than sample size. It is going to be clipped
  warnings.warn(

/home/ryedida/.local/lib/python3.9/site-packages/sklearn/neural_network/_multilayer_perceptron.py:686: ConvergenceWarning: Stochastic Optimizer: Maximum iterations (200) reached and the optimization hasn't converged yet.
  warnings.warn(

computed signature: ([{'alpha': 0.019628224813442792, 'batch_size': 182, 'beta_1': 0.9410202200271762, 'beta_2': 0.9998021557676793, 'epsilon': 1.8662266976518e-08, 'hidden_layer_sizes': 147, 'learning_rate_init': 0.0005627932047415167, 'tol': 0.03690557729213761, 'validation_fraction': 0.8846827852548593}, {'alpha': 0.0019982467392329444, 'batch_size': 200, 'beta_1': 0.919111482530466, 'beta_2': 0.9998488260436156, 'epsilon': 5.981221901152555e-07, 'hidden_layer_sizes': 61, 'learning_rate_init': 2.2310905607443014e-05, 'tol': 1.2046852412030316e-05, 'validation_fraction': 0.8117896445826539}, {'alpha': 0.46659545670218433, 'batch_size': 219, 'beta_1': 0.9889789783750891, 'beta_2': 0.9999896868093284, 'epsilon': 2.4234724484675948e-08, 'hidden_layer_sizes': 167, 'learning_rate_init': 2.972334644335654e-05, 'tol': 0.0036281404040243792, 'validation_fraction': 0.17260651658522078}, {'alpha': 4.656005689076002, 'batch_size': 135, 'beta_1': 0.870503881627747, 'beta_2': 0.9948873266941017, 'epsilon': 2.1023308743480125e-07, 'hidden_layer_sizes': 118, 'learning_rate_init': 0.0018781738757161913, 'tol': 1.1889379831773004e-05, 'validation_fraction': 0.6264327093752792}, {'alpha': 0.04705159350400542, 'batch_size': 158, 'beta_1': 0.9870884262730957, 'beta_2': 0.9999596874382349, 'epsilon': 1.1981845126013875e-08, 'hidden_layer_sizes': 116, 'learning_rate_init': 0.00617340520407431, 'tol': 1.741413418158619e-05, 'validation_fraction': 0.6754299026638921}], [29083.993548572587, 29062.423277324073, 29075.78987471409, 24626.32866834337, 9584.226858493177])
Signature errors:
                              0         1         2         3         4       max
MLP-adam_diabetes_mse  0.000007  0.000008  0.000003  0.003558  0.004952  0.004952
max                    0.000007  0.000008  0.000003  0.003558  0.004952  0.004952
starting sklearn study smoothness MLP-adam diabetes mse 15 1
with data root: None
Failure in optimizer suggest. Falling back to random search.
name 'activ' is not defined
Traceback (most recent call last):
  File "/home/ryedida/.local/lib/python3.9/site-packages/bayesmark/experiment.py", line 126, in run_study
    next_points = optimizer.suggest(n_suggestions)
  File "/home/ryedida/bbo_challenge_starter_kit/example_submissions/smoothness/optimizer.py", line 105, in suggest
    betas = [self._get_smoothness_reg(guess) for guess in guesses]
  File "/home/ryedida/bbo_challenge_starter_kit/example_submissions/smoothness/optimizer.py", line 105, in <listcomp>
    betas = [self._get_smoothness_reg(guess) for guess in guesses]
  File "/home/ryedida/bbo_challenge_starter_kit/example_submissions/smoothness/optimizer.py", line 48, in _get_smoothness_reg
    if activ > Kz:
NameError: name 'activ' is not defined
suggestion time taken 0.501893 iter 0 next_points [{'alpha': 0.0090901814279917, 'batch_size': 82, 'beta_1': 0.9801607139893325, 'beta_2': 0.992542693676952, 'epsilon': 4.425773345631484e-08, 'hidden_layer_sizes': 117, 'learning_rate_init': 6.191841116273954e-05, 'tol': 0.021425661380805053, 'validation_fraction': 0.49206102981775224}]
function_evaluation time 0.078263 value 29098.659323 suggestion {'alpha': 0.0090901814279917, 'batch_size': 82, 'beta_1': 0.9801607139893325, 'beta_2': 0.992542693676952, 'epsilon': 4.425773345631484e-08, 'hidden_layer_sizes': 117, 'learning_rate_init': 6.191841116273954e-05, 'tol': 0.021425661380805053, 'validation_fraction': 0.49206102981775224}
observation time 0.000007, current best 29098.659323 at iter 0
Failure in optimizer suggest. Falling back to random search.
name 'activ' is not defined
Traceback (most recent call last):
  File "/home/ryedida/.local/lib/python3.9/site-packages/bayesmark/experiment.py", line 126, in run_study
    next_points = optimizer.suggest(n_suggestions)
  File "/home/ryedida/bbo_challenge_starter_kit/example_submissions/smoothness/optimizer.py", line 105, in suggest
    betas = [self._get_smoothness_reg(guess) for guess in guesses]
  File "/home/ryedida/bbo_challenge_starter_kit/example_submissions/smoothness/optimizer.py", line 105, in <listcomp>
    betas = [self._get_smoothness_reg(guess) for guess in guesses]
  File "/home/ryedida/bbo_challenge_starter_kit/example_submissions/smoothness/optimizer.py", line 48, in _get_smoothness_reg
    if activ > Kz:
NameError: name 'activ' is not defined
suggestion time taken 0.356437 iter 1 next_points [{'alpha': 0.023740060805729584, 'batch_size': 136, 'beta_1': 0.969287081206488, 'beta_2': 0.9999846309575828, 'epsilon': 8.291411321164736e-07, 'hidden_layer_sizes': 50, 'learning_rate_init': 0.0002597319556600282, 'tol': 6.119863076926384e-05, 'validation_fraction': 0.8617115793158158}]
/home/ryedida/.local/lib/python3.9/site-packages/sklearn/neural_network/_multilayer_perceptron.py:605: UserWarning: Got `batch_size` less than 1 or larger than sample size. It is going to be clipped
  warnings.warn(

/home/ryedida/.local/lib/python3.9/site-packages/sklearn/neural_network/_multilayer_perceptron.py:686: ConvergenceWarning: Stochastic Optimizer: Maximum iterations (200) reached and the optimization hasn't converged yet.
  warnings.warn(

function_evaluation time 0.546029 value 28991.699222 suggestion {'alpha': 0.023740060805729584, 'batch_size': 136, 'beta_1': 0.969287081206488, 'beta_2': 0.9999846309575828, 'epsilon': 8.291411321164736e-07, 'hidden_layer_sizes': 50, 'learning_rate_init': 0.0002597319556600282, 'tol': 6.119863076926384e-05, 'validation_fraction': 0.8617115793158158}
observation time 0.000005, current best 28991.699222 at iter 1
Failure in optimizer suggest. Falling back to random search.
name 'activ' is not defined
Traceback (most recent call last):
  File "/home/ryedida/.local/lib/python3.9/site-packages/bayesmark/experiment.py", line 126, in run_study
    next_points = optimizer.suggest(n_suggestions)
  File "/home/ryedida/bbo_challenge_starter_kit/example_submissions/smoothness/optimizer.py", line 105, in suggest
    betas = [self._get_smoothness_reg(guess) for guess in guesses]
  File "/home/ryedida/bbo_challenge_starter_kit/example_submissions/smoothness/optimizer.py", line 105, in <listcomp>
    betas = [self._get_smoothness_reg(guess) for guess in guesses]
  File "/home/ryedida/bbo_challenge_starter_kit/example_submissions/smoothness/optimizer.py", line 48, in _get_smoothness_reg
    if activ > Kz:
NameError: name 'activ' is not defined
suggestion time taken 0.333761 iter 2 next_points [{'alpha': 3.959780516020617e-05, 'batch_size': 217, 'beta_1': 0.813920312769835, 'beta_2': 0.9981163514216294, 'epsilon': 1.7177786243675423e-09, 'hidden_layer_sizes': 81, 'learning_rate_init': 0.007115798385103728, 'tol': 5.99496277156243e-05, 'validation_fraction': 0.5290039160046952}]
/home/ryedida/.local/lib/python3.9/site-packages/sklearn/neural_network/_multilayer_perceptron.py:605: UserWarning: Got `batch_size` less than 1 or larger than sample size. It is going to be clipped
  warnings.warn(

/home/ryedida/.local/lib/python3.9/site-packages/sklearn/neural_network/_multilayer_perceptron.py:686: ConvergenceWarning: Stochastic Optimizer: Maximum iterations (200) reached and the optimization hasn't converged yet.
  warnings.warn(

function_evaluation time 0.705228 value 5606.109974 suggestion {'alpha': 3.959780516020617e-05, 'batch_size': 217, 'beta_1': 0.813920312769835, 'beta_2': 0.9981163514216294, 'epsilon': 1.7177786243675423e-09, 'hidden_layer_sizes': 81, 'learning_rate_init': 0.007115798385103728, 'tol': 5.99496277156243e-05, 'validation_fraction': 0.5290039160046952}
observation time 0.000006, current best 5606.109974 at iter 2
Failure in optimizer suggest. Falling back to random search.
name 'activ' is not defined
Traceback (most recent call last):
  File "/home/ryedida/.local/lib/python3.9/site-packages/bayesmark/experiment.py", line 126, in run_study
    next_points = optimizer.suggest(n_suggestions)
  File "/home/ryedida/bbo_challenge_starter_kit/example_submissions/smoothness/optimizer.py", line 105, in suggest
    betas = [self._get_smoothness_reg(guess) for guess in guesses]
  File "/home/ryedida/bbo_challenge_starter_kit/example_submissions/smoothness/optimizer.py", line 105, in <listcomp>
    betas = [self._get_smoothness_reg(guess) for guess in guesses]
  File "/home/ryedida/bbo_challenge_starter_kit/example_submissions/smoothness/optimizer.py", line 48, in _get_smoothness_reg
    if activ > Kz:
NameError: name 'activ' is not defined
suggestion time taken 0.335068 iter 3 next_points [{'alpha': 2.1518086673588757, 'batch_size': 44, 'beta_1': 0.6983921269634087, 'beta_2': 0.9867417231086202, 'epsilon': 1.1895532040485338e-09, 'hidden_layer_sizes': 99, 'learning_rate_init': 1.2287927046969692e-05, 'tol': 0.00030468232542402824, 'validation_fraction': 0.4874456553973071}]
function_evaluation time 0.093067 value 29119.522774 suggestion {'alpha': 2.1518086673588757, 'batch_size': 44, 'beta_1': 0.6983921269634087, 'beta_2': 0.9867417231086202, 'epsilon': 1.1895532040485338e-09, 'hidden_layer_sizes': 99, 'learning_rate_init': 1.2287927046969692e-05, 'tol': 0.00030468232542402824, 'validation_fraction': 0.4874456553973071}
observation time 0.000005, current best 5606.109974 at iter 3
Failure in optimizer suggest. Falling back to random search.
name 'activ' is not defined
Traceback (most recent call last):
  File "/home/ryedida/.local/lib/python3.9/site-packages/bayesmark/experiment.py", line 126, in run_study
    next_points = optimizer.suggest(n_suggestions)
  File "/home/ryedida/bbo_challenge_starter_kit/example_submissions/smoothness/optimizer.py", line 105, in suggest
    betas = [self._get_smoothness_reg(guess) for guess in guesses]
  File "/home/ryedida/bbo_challenge_starter_kit/example_submissions/smoothness/optimizer.py", line 105, in <listcomp>
    betas = [self._get_smoothness_reg(guess) for guess in guesses]
  File "/home/ryedida/bbo_challenge_starter_kit/example_submissions/smoothness/optimizer.py", line 48, in _get_smoothness_reg
    if activ > Kz:
NameError: name 'activ' is not defined
suggestion time taken 0.330989 iter 4 next_points [{'alpha': 0.16613288312276506, 'batch_size': 225, 'beta_1': 0.9391568614472579, 'beta_2': 0.9998817779891073, 'epsilon': 6.678539915348777e-07, 'hidden_layer_sizes': 80, 'learning_rate_init': 2.4168197720786144e-05, 'tol': 0.0006403390845573245, 'validation_fraction': 0.3864370229651969}]
/home/ryedida/.local/lib/python3.9/site-packages/sklearn/neural_network/_multilayer_perceptron.py:605: UserWarning: Got `batch_size` less than 1 or larger than sample size. It is going to be clipped
  warnings.warn(

function_evaluation time 0.052026 value 29145.173960 suggestion {'alpha': 0.16613288312276506, 'batch_size': 225, 'beta_1': 0.9391568614472579, 'beta_2': 0.9998817779891073, 'epsilon': 6.678539915348777e-07, 'hidden_layer_sizes': 80, 'learning_rate_init': 2.4168197720786144e-05, 'tol': 0.0006403390845573245, 'validation_fraction': 0.3864370229651969}
observation time 0.000006, current best 5606.109974 at iter 4
Failure in optimizer suggest. Falling back to random search.
name 'activ' is not defined
Traceback (most recent call last):
  File "/home/ryedida/.local/lib/python3.9/site-packages/bayesmark/experiment.py", line 126, in run_study
    next_points = optimizer.suggest(n_suggestions)
  File "/home/ryedida/bbo_challenge_starter_kit/example_submissions/smoothness/optimizer.py", line 105, in suggest
    betas = [self._get_smoothness_reg(guess) for guess in guesses]
  File "/home/ryedida/bbo_challenge_starter_kit/example_submissions/smoothness/optimizer.py", line 105, in <listcomp>
    betas = [self._get_smoothness_reg(guess) for guess in guesses]
  File "/home/ryedida/bbo_challenge_starter_kit/example_submissions/smoothness/optimizer.py", line 48, in _get_smoothness_reg
    if activ > Kz:
NameError: name 'activ' is not defined
suggestion time taken 0.331360 iter 5 next_points [{'alpha': 0.00154044556297592, 'batch_size': 81, 'beta_1': 0.9452192199452466, 'beta_2': 0.9999554302673335, 'epsilon': 6.600482754728696e-07, 'hidden_layer_sizes': 192, 'learning_rate_init': 6.497171516592595e-05, 'tol': 0.0003754087946074228, 'validation_fraction': 0.8811459994002822}]
/home/ryedida/.local/lib/python3.9/site-packages/sklearn/neural_network/_multilayer_perceptron.py:605: UserWarning: Got `batch_size` less than 1 or larger than sample size. It is going to be clipped
  warnings.warn(

function_evaluation time 0.056445 value 29086.115452 suggestion {'alpha': 0.00154044556297592, 'batch_size': 81, 'beta_1': 0.9452192199452466, 'beta_2': 0.9999554302673335, 'epsilon': 6.600482754728696e-07, 'hidden_layer_sizes': 192, 'learning_rate_init': 6.497171516592595e-05, 'tol': 0.0003754087946074228, 'validation_fraction': 0.8811459994002822}
observation time 0.000006, current best 5606.109974 at iter 5
Failure in optimizer suggest. Falling back to random search.
name 'activ' is not defined
Traceback (most recent call last):
  File "/home/ryedida/.local/lib/python3.9/site-packages/bayesmark/experiment.py", line 126, in run_study
    next_points = optimizer.suggest(n_suggestions)
  File "/home/ryedida/bbo_challenge_starter_kit/example_submissions/smoothness/optimizer.py", line 105, in suggest
    betas = [self._get_smoothness_reg(guess) for guess in guesses]
  File "/home/ryedida/bbo_challenge_starter_kit/example_submissions/smoothness/optimizer.py", line 105, in <listcomp>
    betas = [self._get_smoothness_reg(guess) for guess in guesses]
  File "/home/ryedida/bbo_challenge_starter_kit/example_submissions/smoothness/optimizer.py", line 48, in _get_smoothness_reg
    if activ > Kz:
NameError: name 'activ' is not defined
suggestion time taken 0.333747 iter 6 next_points [{'alpha': 5.709736864252565e-05, 'batch_size': 108, 'beta_1': 0.5121724345689529, 'beta_2': 0.9997022192272274, 'epsilon': 4.306183570221988e-08, 'hidden_layer_sizes': 119, 'learning_rate_init': 0.030548638862405397, 'tol': 1.915168117419387e-05, 'validation_fraction': 0.12448985716960297}]
function_evaluation time 0.543258 value 2999.779584 suggestion {'alpha': 5.709736864252565e-05, 'batch_size': 108, 'beta_1': 0.5121724345689529, 'beta_2': 0.9997022192272274, 'epsilon': 4.306183570221988e-08, 'hidden_layer_sizes': 119, 'learning_rate_init': 0.030548638862405397, 'tol': 1.915168117419387e-05, 'validation_fraction': 0.12448985716960297}
observation time 0.000006, current best 2999.779584 at iter 6
Failure in optimizer suggest. Falling back to random search.
name 'activ' is not defined
Traceback (most recent call last):
  File "/home/ryedida/.local/lib/python3.9/site-packages/bayesmark/experiment.py", line 126, in run_study
    next_points = optimizer.suggest(n_suggestions)
  File "/home/ryedida/bbo_challenge_starter_kit/example_submissions/smoothness/optimizer.py", line 105, in suggest
    betas = [self._get_smoothness_reg(guess) for guess in guesses]
  File "/home/ryedida/bbo_challenge_starter_kit/example_submissions/smoothness/optimizer.py", line 105, in <listcomp>
    betas = [self._get_smoothness_reg(guess) for guess in guesses]
  File "/home/ryedida/bbo_challenge_starter_kit/example_submissions/smoothness/optimizer.py", line 48, in _get_smoothness_reg
    if activ > Kz:
NameError: name 'activ' is not defined
suggestion time taken 0.468679 iter 7 next_points [{'alpha': 3.817168473188474e-05, 'batch_size': 18, 'beta_1': 0.5801510896586244, 'beta_2': 0.999763560563178, 'epsilon': 7.038756915105151e-09, 'hidden_layer_sizes': 176, 'learning_rate_init': 0.0009234594411487616, 'tol': 0.04038626217547095, 'validation_fraction': 0.1756861258848405}]
function_evaluation time 0.563149 value 18945.761432 suggestion {'alpha': 3.817168473188474e-05, 'batch_size': 18, 'beta_1': 0.5801510896586244, 'beta_2': 0.999763560563178, 'epsilon': 7.038756915105151e-09, 'hidden_layer_sizes': 176, 'learning_rate_init': 0.0009234594411487616, 'tol': 0.04038626217547095, 'validation_fraction': 0.1756861258848405}
observation time 0.000006, current best 2999.779584 at iter 7
Failure in optimizer suggest. Falling back to random search.
name 'activ' is not defined
Traceback (most recent call last):
  File "/home/ryedida/.local/lib/python3.9/site-packages/bayesmark/experiment.py", line 126, in run_study
    next_points = optimizer.suggest(n_suggestions)
  File "/home/ryedida/bbo_challenge_starter_kit/example_submissions/smoothness/optimizer.py", line 105, in suggest
    betas = [self._get_smoothness_reg(guess) for guess in guesses]
  File "/home/ryedida/bbo_challenge_starter_kit/example_submissions/smoothness/optimizer.py", line 105, in <listcomp>
    betas = [self._get_smoothness_reg(guess) for guess in guesses]
  File "/home/ryedida/bbo_challenge_starter_kit/example_submissions/smoothness/optimizer.py", line 48, in _get_smoothness_reg
    if activ > Kz:
NameError: name 'activ' is not defined
suggestion time taken 0.326431 iter 8 next_points [{'alpha': 0.17762927409114196, 'batch_size': 95, 'beta_1': 0.783323095902002, 'beta_2': 0.9926007402573862, 'epsilon': 7.901960401697145e-09, 'hidden_layer_sizes': 146, 'learning_rate_init': 0.03766165853656278, 'tol': 0.09802512010970943, 'validation_fraction': 0.18172196175973182}]
function_evaluation time 0.169802 value 3307.073046 suggestion {'alpha': 0.17762927409114196, 'batch_size': 95, 'beta_1': 0.783323095902002, 'beta_2': 0.9926007402573862, 'epsilon': 7.901960401697145e-09, 'hidden_layer_sizes': 146, 'learning_rate_init': 0.03766165853656278, 'tol': 0.09802512010970943, 'validation_fraction': 0.18172196175973182}
observation time 0.000005, current best 2999.779584 at iter 8
Failure in optimizer suggest. Falling back to random search.
name 'activ' is not defined
Traceback (most recent call last):
  File "/home/ryedida/.local/lib/python3.9/site-packages/bayesmark/experiment.py", line 126, in run_study
    next_points = optimizer.suggest(n_suggestions)
  File "/home/ryedida/bbo_challenge_starter_kit/example_submissions/smoothness/optimizer.py", line 105, in suggest
    betas = [self._get_smoothness_reg(guess) for guess in guesses]
  File "/home/ryedida/bbo_challenge_starter_kit/example_submissions/smoothness/optimizer.py", line 105, in <listcomp>
    betas = [self._get_smoothness_reg(guess) for guess in guesses]
  File "/home/ryedida/bbo_challenge_starter_kit/example_submissions/smoothness/optimizer.py", line 48, in _get_smoothness_reg
    if activ > Kz:
NameError: name 'activ' is not defined
suggestion time taken 0.328158 iter 9 next_points [{'alpha': 0.13996389307439785, 'batch_size': 100, 'beta_1': 0.9664529797961602, 'beta_2': 0.9998819789945179, 'epsilon': 3.665446004901993e-08, 'hidden_layer_sizes': 85, 'learning_rate_init': 5.010119814099935e-05, 'tol': 0.0023497500793901566, 'validation_fraction': 0.6972552005789152}]
function_evaluation time 0.048579 value 29083.395509 suggestion {'alpha': 0.13996389307439785, 'batch_size': 100, 'beta_1': 0.9664529797961602, 'beta_2': 0.9998819789945179, 'epsilon': 3.665446004901993e-08, 'hidden_layer_sizes': 85, 'learning_rate_init': 5.010119814099935e-05, 'tol': 0.0023497500793901566, 'validation_fraction': 0.6972552005789152}
observation time 0.000005, current best 2999.779584 at iter 9
Failure in optimizer suggest. Falling back to random search.
name 'activ' is not defined
Traceback (most recent call last):
  File "/home/ryedida/.local/lib/python3.9/site-packages/bayesmark/experiment.py", line 126, in run_study
    next_points = optimizer.suggest(n_suggestions)
  File "/home/ryedida/bbo_challenge_starter_kit/example_submissions/smoothness/optimizer.py", line 105, in suggest
    betas = [self._get_smoothness_reg(guess) for guess in guesses]
  File "/home/ryedida/bbo_challenge_starter_kit/example_submissions/smoothness/optimizer.py", line 105, in <listcomp>
    betas = [self._get_smoothness_reg(guess) for guess in guesses]
  File "/home/ryedida/bbo_challenge_starter_kit/example_submissions/smoothness/optimizer.py", line 48, in _get_smoothness_reg
    if activ > Kz:
NameError: name 'activ' is not defined
suggestion time taken 0.322752 iter 10 next_points [{'alpha': 0.0333998686143165, 'batch_size': 32, 'beta_1': 0.7456063543114977, 'beta_2': 0.9999819909665543, 'epsilon': 6.088243119917507e-07, 'hidden_layer_sizes': 75, 'learning_rate_init': 0.0007018685253823851, 'tol': 0.014273454773271728, 'validation_fraction': 0.6553578225260428}]
function_evaluation time 0.081894 value 28990.759411 suggestion {'alpha': 0.0333998686143165, 'batch_size': 32, 'beta_1': 0.7456063543114977, 'beta_2': 0.9999819909665543, 'epsilon': 6.088243119917507e-07, 'hidden_layer_sizes': 75, 'learning_rate_init': 0.0007018685253823851, 'tol': 0.014273454773271728, 'validation_fraction': 0.6553578225260428}
observation time 0.000005, current best 2999.779584 at iter 10
Failure in optimizer suggest. Falling back to random search.
name 'activ' is not defined
Traceback (most recent call last):
  File "/home/ryedida/.local/lib/python3.9/site-packages/bayesmark/experiment.py", line 126, in run_study
    next_points = optimizer.suggest(n_suggestions)
  File "/home/ryedida/bbo_challenge_starter_kit/example_submissions/smoothness/optimizer.py", line 105, in suggest
    betas = [self._get_smoothness_reg(guess) for guess in guesses]
  File "/home/ryedida/bbo_challenge_starter_kit/example_submissions/smoothness/optimizer.py", line 105, in <listcomp>
    betas = [self._get_smoothness_reg(guess) for guess in guesses]
  File "/home/ryedida/bbo_challenge_starter_kit/example_submissions/smoothness/optimizer.py", line 48, in _get_smoothness_reg
    if activ > Kz:
NameError: name 'activ' is not defined
suggestion time taken 0.332656 iter 11 next_points [{'alpha': 0.07712690699403241, 'batch_size': 17, 'beta_1': 0.9349699741300732, 'beta_2': 0.9999987825048383, 'epsilon': 9.230210523462826e-08, 'hidden_layer_sizes': 152, 'learning_rate_init': 0.014139633750727479, 'tol': 0.0012566010734637175, 'validation_fraction': 0.7294287886543632}]
function_evaluation time 0.764390 value 3103.917840 suggestion {'alpha': 0.07712690699403241, 'batch_size': 17, 'beta_1': 0.9349699741300732, 'beta_2': 0.9999987825048383, 'epsilon': 9.230210523462826e-08, 'hidden_layer_sizes': 152, 'learning_rate_init': 0.014139633750727479, 'tol': 0.0012566010734637175, 'validation_fraction': 0.7294287886543632}
observation time 0.000005, current best 2999.779584 at iter 11
Failure in optimizer suggest. Falling back to random search.
name 'activ' is not defined
Traceback (most recent call last):
  File "/home/ryedida/.local/lib/python3.9/site-packages/bayesmark/experiment.py", line 126, in run_study
    next_points = optimizer.suggest(n_suggestions)
  File "/home/ryedida/bbo_challenge_starter_kit/example_submissions/smoothness/optimizer.py", line 105, in suggest
    betas = [self._get_smoothness_reg(guess) for guess in guesses]
  File "/home/ryedida/bbo_challenge_starter_kit/example_submissions/smoothness/optimizer.py", line 105, in <listcomp>
    betas = [self._get_smoothness_reg(guess) for guess in guesses]
  File "/home/ryedida/bbo_challenge_starter_kit/example_submissions/smoothness/optimizer.py", line 48, in _get_smoothness_reg
    if activ > Kz:
NameError: name 'activ' is not defined
suggestion time taken 0.329215 iter 12 next_points [{'alpha': 0.6933359180460673, 'batch_size': 159, 'beta_1': 0.9640795704648687, 'beta_2': 0.941516586211801, 'epsilon': 2.101304337118587e-09, 'hidden_layer_sizes': 177, 'learning_rate_init': 0.0003221175204201359, 'tol': 0.004583910831605251, 'validation_fraction': 0.5320138482572065}]
function_evaluation time 0.068295 value 29057.941800 suggestion {'alpha': 0.6933359180460673, 'batch_size': 159, 'beta_1': 0.9640795704648687, 'beta_2': 0.941516586211801, 'epsilon': 2.101304337118587e-09, 'hidden_layer_sizes': 177, 'learning_rate_init': 0.0003221175204201359, 'tol': 0.004583910831605251, 'validation_fraction': 0.5320138482572065}
observation time 0.000005, current best 2999.779584 at iter 12
Failure in optimizer suggest. Falling back to random search.
name 'activ' is not defined
Traceback (most recent call last):
  File "/home/ryedida/.local/lib/python3.9/site-packages/bayesmark/experiment.py", line 126, in run_study
    next_points = optimizer.suggest(n_suggestions)
  File "/home/ryedida/bbo_challenge_starter_kit/example_submissions/smoothness/optimizer.py", line 105, in suggest
    betas = [self._get_smoothness_reg(guess) for guess in guesses]
  File "/home/ryedida/bbo_challenge_starter_kit/example_submissions/smoothness/optimizer.py", line 105, in <listcomp>
    betas = [self._get_smoothness_reg(guess) for guess in guesses]
  File "/home/ryedida/bbo_challenge_starter_kit/example_submissions/smoothness/optimizer.py", line 48, in _get_smoothness_reg
    if activ > Kz:
NameError: name 'activ' is not defined
suggestion time taken 0.315573 iter 13 next_points [{'alpha': 1.7338514848825597, 'batch_size': 86, 'beta_1': 0.932676586389543, 'beta_2': 0.9999311854637011, 'epsilon': 1.3021333059578168e-07, 'hidden_layer_sizes': 172, 'learning_rate_init': 0.022958775448025888, 'tol': 0.00029331290339613985, 'validation_fraction': 0.4763926954325182}]
function_evaluation time 0.549462 value 3285.754466 suggestion {'alpha': 1.7338514848825597, 'batch_size': 86, 'beta_1': 0.932676586389543, 'beta_2': 0.9999311854637011, 'epsilon': 1.3021333059578168e-07, 'hidden_layer_sizes': 172, 'learning_rate_init': 0.022958775448025888, 'tol': 0.00029331290339613985, 'validation_fraction': 0.4763926954325182}
observation time 0.000005, current best 2999.779584 at iter 13
Failure in optimizer suggest. Falling back to random search.
name 'activ' is not defined
Traceback (most recent call last):
  File "/home/ryedida/.local/lib/python3.9/site-packages/bayesmark/experiment.py", line 126, in run_study
    next_points = optimizer.suggest(n_suggestions)
  File "/home/ryedida/bbo_challenge_starter_kit/example_submissions/smoothness/optimizer.py", line 105, in suggest
    betas = [self._get_smoothness_reg(guess) for guess in guesses]
  File "/home/ryedida/bbo_challenge_starter_kit/example_submissions/smoothness/optimizer.py", line 105, in <listcomp>
    betas = [self._get_smoothness_reg(guess) for guess in guesses]
  File "/home/ryedida/bbo_challenge_starter_kit/example_submissions/smoothness/optimizer.py", line 48, in _get_smoothness_reg
    if activ > Kz:
NameError: name 'activ' is not defined
suggestion time taken 0.327073 iter 14 next_points [{'alpha': 0.00015535884689401217, 'batch_size': 92, 'beta_1': 0.9594374656848004, 'beta_2': 0.9999571649486432, 'epsilon': 6.650705789076461e-07, 'hidden_layer_sizes': 166, 'learning_rate_init': 0.08133337786660039, 'tol': 0.00014055889398709243, 'validation_fraction': 0.26628459799178233}]
function_evaluation time 0.330020 value 2951.777789 suggestion {'alpha': 0.00015535884689401217, 'batch_size': 92, 'beta_1': 0.9594374656848004, 'beta_2': 0.9999571649486432, 'epsilon': 6.650705789076461e-07, 'hidden_layer_sizes': 166, 'learning_rate_init': 0.08133337786660039, 'tol': 0.00014055889398709243, 'validation_fraction': 0.26628459799178233}
observation time 0.000005, current best 2951.777789 at iter 14
saving meta data: {'args': {'--uuid': '930ae0c15d8a55ab801e1034d9b7b17c', '-db-root': '/home/ryedida/bbo_challenge_starter_kit/output', '--opt-root': '/home/ryedida/bbo_challenge_starter_kit/example_submissions', '--data-root': None, '--db': 'run_20230425_055340', '--opt': 'smoothness', '--data': 'diabetes', '--classifier': 'MLP-adam', '--metric': 'mse', '--calls': 15, '--suggestions': 1, '--jobs-file': None, '--verbose': False, 'dry_run': False, 'rev': 'a376313', 'opt_rev': 'x.x.x'}, 'signature': ([{'alpha': 0.019628224813442792, 'batch_size': 182, 'beta_1': 0.9410202200271762, 'beta_2': 0.9998021557676793, 'epsilon': 1.8662266976518e-08, 'hidden_layer_sizes': 147, 'learning_rate_init': 0.0005627932047415167, 'tol': 0.03690557729213761, 'validation_fraction': 0.8846827852548593}, {'alpha': 0.0019982467392329444, 'batch_size': 200, 'beta_1': 0.919111482530466, 'beta_2': 0.9998488260436156, 'epsilon': 5.981221901152555e-07, 'hidden_layer_sizes': 61, 'learning_rate_init': 2.2310905607443014e-05, 'tol': 1.2046852412030316e-05, 'validation_fraction': 0.8117896445826539}, {'alpha': 0.46659545670218433, 'batch_size': 219, 'beta_1': 0.9889789783750891, 'beta_2': 0.9999896868093284, 'epsilon': 2.4234724484675948e-08, 'hidden_layer_sizes': 167, 'learning_rate_init': 2.972334644335654e-05, 'tol': 0.0036281404040243792, 'validation_fraction': 0.17260651658522078}, {'alpha': 4.656005689076002, 'batch_size': 135, 'beta_1': 0.870503881627747, 'beta_2': 0.9948873266941017, 'epsilon': 2.1023308743480125e-07, 'hidden_layer_sizes': 118, 'learning_rate_init': 0.0018781738757161913, 'tol': 1.1889379831773004e-05, 'validation_fraction': 0.6264327093752792}, {'alpha': 0.04705159350400542, 'batch_size': 158, 'beta_1': 0.9870884262730957, 'beta_2': 0.9999596874382349, 'epsilon': 1.1981845126013875e-08, 'hidden_layer_sizes': 116, 'learning_rate_init': 0.00617340520407431, 'tol': 1.741413418158619e-05, 'validation_fraction': 0.6754299026638921}], [29083.993548572587, 29062.423277324073, 29075.78987471409, 24626.32866834337, 9584.226858493177])}
saving results
saving timing
saving suggest log
done
