running: {'--uuid': 'aacc3694f19654b5abf9dd3dab3e6a45', '-db-root': '/home/ryedida/bbo_challenge_starter_kit/output', '--opt-root': '/home/ryedida/bbo_challenge_starter_kit/example_submissions', '--data-root': None, '--db': 'run_20230425_055340', '--opt': 'smoothness', '--data': 'diabetes', '--classifier': 'MLP-adam', '--metric': 'mse', '--calls': 15, '--suggestions': 1, '--jobs-file': None, '--verbose': False, 'dry_run': False, 'rev': 'a376313', 'opt_rev': 'x.x.x'}
cmd: python smoothness/optimizer.py -c MLP-adam -d diabetes -o smoothness -u aacc3694f19654b5abf9dd3dab3e6a45 -m mse -n 15 -p 1 -dir /home/ryedida/bbo_challenge_starter_kit/output -b run_20230425_055340
/home/ryedida/.local/lib/python3.9/site-packages/sklearn/neural_network/_multilayer_perceptron.py:605: UserWarning: Got `batch_size` less than 1 or larger than sample size. It is going to be clipped
  warnings.warn(

/home/ryedida/.local/lib/python3.9/site-packages/sklearn/neural_network/_multilayer_perceptron.py:605: UserWarning: Got `batch_size` less than 1 or larger than sample size. It is going to be clipped
  warnings.warn(

/home/ryedida/.local/lib/python3.9/site-packages/sklearn/neural_network/_multilayer_perceptron.py:605: UserWarning: Got `batch_size` less than 1 or larger than sample size. It is going to be clipped
  warnings.warn(

/home/ryedida/.local/lib/python3.9/site-packages/sklearn/neural_network/_multilayer_perceptron.py:686: ConvergenceWarning: Stochastic Optimizer: Maximum iterations (200) reached and the optimization hasn't converged yet.
  warnings.warn(

/home/ryedida/.local/lib/python3.9/site-packages/sklearn/neural_network/_multilayer_perceptron.py:605: UserWarning: Got `batch_size` less than 1 or larger than sample size. It is going to be clipped
  warnings.warn(

/home/ryedida/.local/lib/python3.9/site-packages/sklearn/neural_network/_multilayer_perceptron.py:686: ConvergenceWarning: Stochastic Optimizer: Maximum iterations (200) reached and the optimization hasn't converged yet.
  warnings.warn(

computed signature: ([{'alpha': 0.019628224813442792, 'batch_size': 182, 'beta_1': 0.9410202200271762, 'beta_2': 0.9998021557676793, 'epsilon': 1.8662266976518e-08, 'hidden_layer_sizes': 147, 'learning_rate_init': 0.0005627932047415167, 'tol': 0.03690557729213761, 'validation_fraction': 0.8846827852548593}, {'alpha': 0.0019982467392329444, 'batch_size': 200, 'beta_1': 0.919111482530466, 'beta_2': 0.9998488260436156, 'epsilon': 5.981221901152555e-07, 'hidden_layer_sizes': 61, 'learning_rate_init': 2.2310905607443014e-05, 'tol': 1.2046852412030316e-05, 'validation_fraction': 0.8117896445826539}, {'alpha': 0.46659545670218433, 'batch_size': 219, 'beta_1': 0.9889789783750891, 'beta_2': 0.9999896868093284, 'epsilon': 2.4234724484675948e-08, 'hidden_layer_sizes': 167, 'learning_rate_init': 2.972334644335654e-05, 'tol': 0.0036281404040243792, 'validation_fraction': 0.17260651658522078}, {'alpha': 4.656005689076002, 'batch_size': 135, 'beta_1': 0.870503881627747, 'beta_2': 0.9948873266941017, 'epsilon': 2.1023308743480125e-07, 'hidden_layer_sizes': 118, 'learning_rate_init': 0.0018781738757161913, 'tol': 1.1889379831773004e-05, 'validation_fraction': 0.6264327093752792}, {'alpha': 0.04705159350400542, 'batch_size': 158, 'beta_1': 0.9870884262730957, 'beta_2': 0.9999596874382349, 'epsilon': 1.1981845126013875e-08, 'hidden_layer_sizes': 116, 'learning_rate_init': 0.00617340520407431, 'tol': 1.741413418158619e-05, 'validation_fraction': 0.6754299026638921}], [29083.993548572587, 29062.423277324073, 29075.78987471409, 24626.32866834337, 9584.226858493177])
Signature errors:
                              0         1         2         3         4       max
MLP-adam_diabetes_mse  0.000007  0.000008  0.000003  0.003558  0.004952  0.004952
max                    0.000007  0.000008  0.000003  0.003558  0.004952  0.004952
starting sklearn study smoothness MLP-adam diabetes mse 15 1
with data root: None
Failure in optimizer suggest. Falling back to random search.
name 'activ' is not defined
Traceback (most recent call last):
  File "/home/ryedida/.local/lib/python3.9/site-packages/bayesmark/experiment.py", line 126, in run_study
    next_points = optimizer.suggest(n_suggestions)
  File "/home/ryedida/bbo_challenge_starter_kit/example_submissions/smoothness/optimizer.py", line 105, in suggest
    betas = [self._get_smoothness_reg(guess) for guess in guesses]
  File "/home/ryedida/bbo_challenge_starter_kit/example_submissions/smoothness/optimizer.py", line 105, in <listcomp>
    betas = [self._get_smoothness_reg(guess) for guess in guesses]
  File "/home/ryedida/bbo_challenge_starter_kit/example_submissions/smoothness/optimizer.py", line 48, in _get_smoothness_reg
    if activ > Kz:
NameError: name 'activ' is not defined
suggestion time taken 0.494822 iter 0 next_points [{'alpha': 0.0009935533323404465, 'batch_size': 139, 'beta_1': 0.9890425372414663, 'beta_2': 0.99993315908876, 'epsilon': 2.6561438397978673e-09, 'hidden_layer_sizes': 195, 'learning_rate_init': 0.0007212848349299383, 'tol': 0.005630043997472714, 'validation_fraction': 0.11909593902891015}]
function_evaluation time 0.100306 value 29026.023190 suggestion {'alpha': 0.0009935533323404465, 'batch_size': 139, 'beta_1': 0.9890425372414663, 'beta_2': 0.99993315908876, 'epsilon': 2.6561438397978673e-09, 'hidden_layer_sizes': 195, 'learning_rate_init': 0.0007212848349299383, 'tol': 0.005630043997472714, 'validation_fraction': 0.11909593902891015}
observation time 0.000006, current best 29026.023190 at iter 0
Failure in optimizer suggest. Falling back to random search.
name 'activ' is not defined
Traceback (most recent call last):
  File "/home/ryedida/.local/lib/python3.9/site-packages/bayesmark/experiment.py", line 126, in run_study
    next_points = optimizer.suggest(n_suggestions)
  File "/home/ryedida/bbo_challenge_starter_kit/example_submissions/smoothness/optimizer.py", line 105, in suggest
    betas = [self._get_smoothness_reg(guess) for guess in guesses]
  File "/home/ryedida/bbo_challenge_starter_kit/example_submissions/smoothness/optimizer.py", line 105, in <listcomp>
    betas = [self._get_smoothness_reg(guess) for guess in guesses]
  File "/home/ryedida/bbo_challenge_starter_kit/example_submissions/smoothness/optimizer.py", line 48, in _get_smoothness_reg
    if activ > Kz:
NameError: name 'activ' is not defined
suggestion time taken 0.328694 iter 1 next_points [{'alpha': 2.169833277494648e-05, 'batch_size': 62, 'beta_1': 0.9141359511533513, 'beta_2': 0.9999704612197282, 'epsilon': 2.386902592353863e-07, 'hidden_layer_sizes': 168, 'learning_rate_init': 0.008403795442269104, 'tol': 0.041883435600899, 'validation_fraction': 0.8599102243109452}]
/home/ryedida/.local/lib/python3.9/site-packages/sklearn/neural_network/_multilayer_perceptron.py:605: UserWarning: Got `batch_size` less than 1 or larger than sample size. It is going to be clipped
  warnings.warn(

function_evaluation time 0.053399 value 28583.558466 suggestion {'alpha': 2.169833277494648e-05, 'batch_size': 62, 'beta_1': 0.9141359511533513, 'beta_2': 0.9999704612197282, 'epsilon': 2.386902592353863e-07, 'hidden_layer_sizes': 168, 'learning_rate_init': 0.008403795442269104, 'tol': 0.041883435600899, 'validation_fraction': 0.8599102243109452}
observation time 0.000005, current best 28583.558466 at iter 1
Failure in optimizer suggest. Falling back to random search.
name 'activ' is not defined
Traceback (most recent call last):
  File "/home/ryedida/.local/lib/python3.9/site-packages/bayesmark/experiment.py", line 126, in run_study
    next_points = optimizer.suggest(n_suggestions)
  File "/home/ryedida/bbo_challenge_starter_kit/example_submissions/smoothness/optimizer.py", line 105, in suggest
    betas = [self._get_smoothness_reg(guess) for guess in guesses]
  File "/home/ryedida/bbo_challenge_starter_kit/example_submissions/smoothness/optimizer.py", line 105, in <listcomp>
    betas = [self._get_smoothness_reg(guess) for guess in guesses]
  File "/home/ryedida/bbo_challenge_starter_kit/example_submissions/smoothness/optimizer.py", line 48, in _get_smoothness_reg
    if activ > Kz:
NameError: name 'activ' is not defined
suggestion time taken 0.327082 iter 2 next_points [{'alpha': 8.017966288570536e-05, 'batch_size': 219, 'beta_1': 0.9148268115618178, 'beta_2': 0.9999983534062079, 'epsilon': 2.0240870313076378e-08, 'hidden_layer_sizes': 86, 'learning_rate_init': 0.003387422682044328, 'tol': 0.001321541895452095, 'validation_fraction': 0.7384472178917494}]
/home/ryedida/.local/lib/python3.9/site-packages/sklearn/neural_network/_multilayer_perceptron.py:605: UserWarning: Got `batch_size` less than 1 or larger than sample size. It is going to be clipped
  warnings.warn(

/home/ryedida/.local/lib/python3.9/site-packages/sklearn/neural_network/_multilayer_perceptron.py:686: ConvergenceWarning: Stochastic Optimizer: Maximum iterations (200) reached and the optimization hasn't converged yet.
  warnings.warn(

function_evaluation time 0.638765 value 19256.266671 suggestion {'alpha': 8.017966288570536e-05, 'batch_size': 219, 'beta_1': 0.9148268115618178, 'beta_2': 0.9999983534062079, 'epsilon': 2.0240870313076378e-08, 'hidden_layer_sizes': 86, 'learning_rate_init': 0.003387422682044328, 'tol': 0.001321541895452095, 'validation_fraction': 0.7384472178917494}
observation time 0.000005, current best 19256.266671 at iter 2
Failure in optimizer suggest. Falling back to random search.
name 'activ' is not defined
Traceback (most recent call last):
  File "/home/ryedida/.local/lib/python3.9/site-packages/bayesmark/experiment.py", line 126, in run_study
    next_points = optimizer.suggest(n_suggestions)
  File "/home/ryedida/bbo_challenge_starter_kit/example_submissions/smoothness/optimizer.py", line 105, in suggest
    betas = [self._get_smoothness_reg(guess) for guess in guesses]
  File "/home/ryedida/bbo_challenge_starter_kit/example_submissions/smoothness/optimizer.py", line 105, in <listcomp>
    betas = [self._get_smoothness_reg(guess) for guess in guesses]
  File "/home/ryedida/bbo_challenge_starter_kit/example_submissions/smoothness/optimizer.py", line 48, in _get_smoothness_reg
    if activ > Kz:
NameError: name 'activ' is not defined
suggestion time taken 0.328908 iter 3 next_points [{'alpha': 0.0017724798435979538, 'batch_size': 35, 'beta_1': 0.9326619899375985, 'beta_2': 0.9867097844954217, 'epsilon': 7.047165796012894e-08, 'hidden_layer_sizes': 149, 'learning_rate_init': 0.0007471324023099553, 'tol': 0.0010486749314156782, 'validation_fraction': 0.7216241998189261}]
/home/ryedida/.local/lib/python3.9/site-packages/sklearn/neural_network/_multilayer_perceptron.py:686: ConvergenceWarning: Stochastic Optimizer: Maximum iterations (200) reached and the optimization hasn't converged yet.
  warnings.warn(

function_evaluation time 1.216946 value 23638.534535 suggestion {'alpha': 0.0017724798435979538, 'batch_size': 35, 'beta_1': 0.9326619899375985, 'beta_2': 0.9867097844954217, 'epsilon': 7.047165796012894e-08, 'hidden_layer_sizes': 149, 'learning_rate_init': 0.0007471324023099553, 'tol': 0.0010486749314156782, 'validation_fraction': 0.7216241998189261}
observation time 0.000005, current best 19256.266671 at iter 3
Failure in optimizer suggest. Falling back to random search.
name 'activ' is not defined
Traceback (most recent call last):
  File "/home/ryedida/.local/lib/python3.9/site-packages/bayesmark/experiment.py", line 126, in run_study
    next_points = optimizer.suggest(n_suggestions)
  File "/home/ryedida/bbo_challenge_starter_kit/example_submissions/smoothness/optimizer.py", line 105, in suggest
    betas = [self._get_smoothness_reg(guess) for guess in guesses]
  File "/home/ryedida/bbo_challenge_starter_kit/example_submissions/smoothness/optimizer.py", line 105, in <listcomp>
    betas = [self._get_smoothness_reg(guess) for guess in guesses]
  File "/home/ryedida/bbo_challenge_starter_kit/example_submissions/smoothness/optimizer.py", line 48, in _get_smoothness_reg
    if activ > Kz:
NameError: name 'activ' is not defined
suggestion time taken 0.327994 iter 4 next_points [{'alpha': 9.552927071293313, 'batch_size': 233, 'beta_1': 0.9804918837776306, 'beta_2': 0.9999970749332401, 'epsilon': 8.235937663349175e-08, 'hidden_layer_sizes': 79, 'learning_rate_init': 0.09558086000485465, 'tol': 3.9775201189875975e-05, 'validation_fraction': 0.2742433343027619}]
function_evaluation time 0.145769 value 4270.913993 suggestion {'alpha': 9.552927071293313, 'batch_size': 233, 'beta_1': 0.9804918837776306, 'beta_2': 0.9999970749332401, 'epsilon': 8.235937663349175e-08, 'hidden_layer_sizes': 79, 'learning_rate_init': 0.09558086000485465, 'tol': 3.9775201189875975e-05, 'validation_fraction': 0.2742433343027619}
observation time 0.000006, current best 4270.913993 at iter 4
Failure in optimizer suggest. Falling back to random search.
name 'activ' is not defined
Traceback (most recent call last):
  File "/home/ryedida/.local/lib/python3.9/site-packages/bayesmark/experiment.py", line 126, in run_study
    next_points = optimizer.suggest(n_suggestions)
  File "/home/ryedida/bbo_challenge_starter_kit/example_submissions/smoothness/optimizer.py", line 105, in suggest
    betas = [self._get_smoothness_reg(guess) for guess in guesses]
  File "/home/ryedida/bbo_challenge_starter_kit/example_submissions/smoothness/optimizer.py", line 105, in <listcomp>
    betas = [self._get_smoothness_reg(guess) for guess in guesses]
  File "/home/ryedida/bbo_challenge_starter_kit/example_submissions/smoothness/optimizer.py", line 48, in _get_smoothness_reg
    if activ > Kz:
NameError: name 'activ' is not defined
suggestion time taken 0.329860 iter 5 next_points [{'alpha': 1.02425504062688, 'batch_size': 173, 'beta_1': 0.907425048802949, 'beta_2': 0.9999934297048927, 'epsilon': 4.3726601045797804e-07, 'hidden_layer_sizes': 123, 'learning_rate_init': 0.09623294170447243, 'tol': 0.0030167721674309914, 'validation_fraction': 0.7506677368780612}]
/home/ryedida/.local/lib/python3.9/site-packages/sklearn/neural_network/_multilayer_perceptron.py:605: UserWarning: Got `batch_size` less than 1 or larger than sample size. It is going to be clipped
  warnings.warn(

function_evaluation time 0.146472 value 3631.010138 suggestion {'alpha': 1.02425504062688, 'batch_size': 173, 'beta_1': 0.907425048802949, 'beta_2': 0.9999934297048927, 'epsilon': 4.3726601045797804e-07, 'hidden_layer_sizes': 123, 'learning_rate_init': 0.09623294170447243, 'tol': 0.0030167721674309914, 'validation_fraction': 0.7506677368780612}
observation time 0.000005, current best 3631.010138 at iter 5
Failure in optimizer suggest. Falling back to random search.
name 'activ' is not defined
Traceback (most recent call last):
  File "/home/ryedida/.local/lib/python3.9/site-packages/bayesmark/experiment.py", line 126, in run_study
    next_points = optimizer.suggest(n_suggestions)
  File "/home/ryedida/bbo_challenge_starter_kit/example_submissions/smoothness/optimizer.py", line 105, in suggest
    betas = [self._get_smoothness_reg(guess) for guess in guesses]
  File "/home/ryedida/bbo_challenge_starter_kit/example_submissions/smoothness/optimizer.py", line 105, in <listcomp>
    betas = [self._get_smoothness_reg(guess) for guess in guesses]
  File "/home/ryedida/bbo_challenge_starter_kit/example_submissions/smoothness/optimizer.py", line 48, in _get_smoothness_reg
    if activ > Kz:
NameError: name 'activ' is not defined
suggestion time taken 0.328271 iter 6 next_points [{'alpha': 0.0067758220206152, 'batch_size': 90, 'beta_1': 0.890691997734511, 'beta_2': 0.9911606280754692, 'epsilon': 3.894970469084125e-07, 'hidden_layer_sizes': 71, 'learning_rate_init': 4.750660412415661e-05, 'tol': 0.0006298279189897668, 'validation_fraction': 0.8442879610120645}]
/home/ryedida/.local/lib/python3.9/site-packages/sklearn/neural_network/_multilayer_perceptron.py:605: UserWarning: Got `batch_size` less than 1 or larger than sample size. It is going to be clipped
  warnings.warn(

function_evaluation time 0.044953 value 29157.633061 suggestion {'alpha': 0.0067758220206152, 'batch_size': 90, 'beta_1': 0.890691997734511, 'beta_2': 0.9911606280754692, 'epsilon': 3.894970469084125e-07, 'hidden_layer_sizes': 71, 'learning_rate_init': 4.750660412415661e-05, 'tol': 0.0006298279189897668, 'validation_fraction': 0.8442879610120645}
observation time 0.000005, current best 3631.010138 at iter 6
Failure in optimizer suggest. Falling back to random search.
name 'activ' is not defined
Traceback (most recent call last):
  File "/home/ryedida/.local/lib/python3.9/site-packages/bayesmark/experiment.py", line 126, in run_study
    next_points = optimizer.suggest(n_suggestions)
  File "/home/ryedida/bbo_challenge_starter_kit/example_submissions/smoothness/optimizer.py", line 105, in suggest
    betas = [self._get_smoothness_reg(guess) for guess in guesses]
  File "/home/ryedida/bbo_challenge_starter_kit/example_submissions/smoothness/optimizer.py", line 105, in <listcomp>
    betas = [self._get_smoothness_reg(guess) for guess in guesses]
  File "/home/ryedida/bbo_challenge_starter_kit/example_submissions/smoothness/optimizer.py", line 48, in _get_smoothness_reg
    if activ > Kz:
NameError: name 'activ' is not defined
suggestion time taken 0.466833 iter 7 next_points [{'alpha': 3.2759202750901197, 'batch_size': 189, 'beta_1': 0.9023990535405102, 'beta_2': 0.9998583660768646, 'epsilon': 4.2982386739825093e-07, 'hidden_layer_sizes': 148, 'learning_rate_init': 2.754514711783674e-05, 'tol': 0.002613209811536836, 'validation_fraction': 0.8375354258490553}]
/home/ryedida/.local/lib/python3.9/site-packages/sklearn/neural_network/_multilayer_perceptron.py:605: UserWarning: Got `batch_size` less than 1 or larger than sample size. It is going to be clipped
  warnings.warn(

function_evaluation time 0.054324 value 29134.750352 suggestion {'alpha': 3.2759202750901197, 'batch_size': 189, 'beta_1': 0.9023990535405102, 'beta_2': 0.9998583660768646, 'epsilon': 4.2982386739825093e-07, 'hidden_layer_sizes': 148, 'learning_rate_init': 2.754514711783674e-05, 'tol': 0.002613209811536836, 'validation_fraction': 0.8375354258490553}
observation time 0.000005, current best 3631.010138 at iter 7
Failure in optimizer suggest. Falling back to random search.
name 'activ' is not defined
Traceback (most recent call last):
  File "/home/ryedida/.local/lib/python3.9/site-packages/bayesmark/experiment.py", line 126, in run_study
    next_points = optimizer.suggest(n_suggestions)
  File "/home/ryedida/bbo_challenge_starter_kit/example_submissions/smoothness/optimizer.py", line 105, in suggest
    betas = [self._get_smoothness_reg(guess) for guess in guesses]
  File "/home/ryedida/bbo_challenge_starter_kit/example_submissions/smoothness/optimizer.py", line 105, in <listcomp>
    betas = [self._get_smoothness_reg(guess) for guess in guesses]
  File "/home/ryedida/bbo_challenge_starter_kit/example_submissions/smoothness/optimizer.py", line 48, in _get_smoothness_reg
    if activ > Kz:
NameError: name 'activ' is not defined
suggestion time taken 0.324465 iter 8 next_points [{'alpha': 1.7649723294487702e-05, 'batch_size': 208, 'beta_1': 0.8254156703722508, 'beta_2': 0.9944243023243535, 'epsilon': 2.5440700124838395e-08, 'hidden_layer_sizes': 55, 'learning_rate_init': 0.014351786799431703, 'tol': 0.03925080017443861, 'validation_fraction': 0.8729756031893522}]
/home/ryedida/.local/lib/python3.9/site-packages/sklearn/neural_network/_multilayer_perceptron.py:605: UserWarning: Got `batch_size` less than 1 or larger than sample size. It is going to be clipped
  warnings.warn(

function_evaluation time 0.042431 value 28543.612768 suggestion {'alpha': 1.7649723294487702e-05, 'batch_size': 208, 'beta_1': 0.8254156703722508, 'beta_2': 0.9944243023243535, 'epsilon': 2.5440700124838395e-08, 'hidden_layer_sizes': 55, 'learning_rate_init': 0.014351786799431703, 'tol': 0.03925080017443861, 'validation_fraction': 0.8729756031893522}
observation time 0.000005, current best 3631.010138 at iter 8
Failure in optimizer suggest. Falling back to random search.
name 'activ' is not defined
Traceback (most recent call last):
  File "/home/ryedida/.local/lib/python3.9/site-packages/bayesmark/experiment.py", line 126, in run_study
    next_points = optimizer.suggest(n_suggestions)
  File "/home/ryedida/bbo_challenge_starter_kit/example_submissions/smoothness/optimizer.py", line 105, in suggest
    betas = [self._get_smoothness_reg(guess) for guess in guesses]
  File "/home/ryedida/bbo_challenge_starter_kit/example_submissions/smoothness/optimizer.py", line 105, in <listcomp>
    betas = [self._get_smoothness_reg(guess) for guess in guesses]
  File "/home/ryedida/bbo_challenge_starter_kit/example_submissions/smoothness/optimizer.py", line 48, in _get_smoothness_reg
    if activ > Kz:
NameError: name 'activ' is not defined
suggestion time taken 0.326202 iter 9 next_points [{'alpha': 5.371057719031648, 'batch_size': 217, 'beta_1': 0.9807202215297602, 'beta_2': 0.9910070763885264, 'epsilon': 4.062792533543502e-09, 'hidden_layer_sizes': 160, 'learning_rate_init': 0.03191493642210862, 'tol': 0.00013770537114278503, 'validation_fraction': 0.3148416508558096}]
function_evaluation time 0.294182 value 4214.781991 suggestion {'alpha': 5.371057719031648, 'batch_size': 217, 'beta_1': 0.9807202215297602, 'beta_2': 0.9910070763885264, 'epsilon': 4.062792533543502e-09, 'hidden_layer_sizes': 160, 'learning_rate_init': 0.03191493642210862, 'tol': 0.00013770537114278503, 'validation_fraction': 0.3148416508558096}
observation time 0.000005, current best 3631.010138 at iter 9
Failure in optimizer suggest. Falling back to random search.
name 'activ' is not defined
Traceback (most recent call last):
  File "/home/ryedida/.local/lib/python3.9/site-packages/bayesmark/experiment.py", line 126, in run_study
    next_points = optimizer.suggest(n_suggestions)
  File "/home/ryedida/bbo_challenge_starter_kit/example_submissions/smoothness/optimizer.py", line 105, in suggest
    betas = [self._get_smoothness_reg(guess) for guess in guesses]
  File "/home/ryedida/bbo_challenge_starter_kit/example_submissions/smoothness/optimizer.py", line 105, in <listcomp>
    betas = [self._get_smoothness_reg(guess) for guess in guesses]
  File "/home/ryedida/bbo_challenge_starter_kit/example_submissions/smoothness/optimizer.py", line 48, in _get_smoothness_reg
    if activ > Kz:
NameError: name 'activ' is not defined
suggestion time taken 0.322740 iter 10 next_points [{'alpha': 0.00013445937032389543, 'batch_size': 44, 'beta_1': 0.8224013204908323, 'beta_2': 0.9997191266001394, 'epsilon': 7.479281774135311e-07, 'hidden_layer_sizes': 155, 'learning_rate_init': 0.00013499990961315776, 'tol': 0.08366276075728225, 'validation_fraction': 0.8553839605481766}]
function_evaluation time 0.057030 value 29144.883352 suggestion {'alpha': 0.00013445937032389543, 'batch_size': 44, 'beta_1': 0.8224013204908323, 'beta_2': 0.9997191266001394, 'epsilon': 7.479281774135311e-07, 'hidden_layer_sizes': 155, 'learning_rate_init': 0.00013499990961315776, 'tol': 0.08366276075728225, 'validation_fraction': 0.8553839605481766}
observation time 0.000006, current best 3631.010138 at iter 10
Failure in optimizer suggest. Falling back to random search.
name 'activ' is not defined
Traceback (most recent call last):
  File "/home/ryedida/.local/lib/python3.9/site-packages/bayesmark/experiment.py", line 126, in run_study
    next_points = optimizer.suggest(n_suggestions)
  File "/home/ryedida/bbo_challenge_starter_kit/example_submissions/smoothness/optimizer.py", line 105, in suggest
    betas = [self._get_smoothness_reg(guess) for guess in guesses]
  File "/home/ryedida/bbo_challenge_starter_kit/example_submissions/smoothness/optimizer.py", line 105, in <listcomp>
    betas = [self._get_smoothness_reg(guess) for guess in guesses]
  File "/home/ryedida/bbo_challenge_starter_kit/example_submissions/smoothness/optimizer.py", line 48, in _get_smoothness_reg
    if activ > Kz:
NameError: name 'activ' is not defined
suggestion time taken 0.341031 iter 11 next_points [{'alpha': 0.03079153624072163, 'batch_size': 203, 'beta_1': 0.5171420676141817, 'beta_2': 0.9689431584488299, 'epsilon': 5.4204866578315654e-08, 'hidden_layer_sizes': 186, 'learning_rate_init': 0.05912506602893649, 'tol': 0.0007960882358715362, 'validation_fraction': 0.16657494540126333}]
function_evaluation time 0.404975 value 2922.785427 suggestion {'alpha': 0.03079153624072163, 'batch_size': 203, 'beta_1': 0.5171420676141817, 'beta_2': 0.9689431584488299, 'epsilon': 5.4204866578315654e-08, 'hidden_layer_sizes': 186, 'learning_rate_init': 0.05912506602893649, 'tol': 0.0007960882358715362, 'validation_fraction': 0.16657494540126333}
observation time 0.000005, current best 2922.785427 at iter 11
Failure in optimizer suggest. Falling back to random search.
name 'activ' is not defined
Traceback (most recent call last):
  File "/home/ryedida/.local/lib/python3.9/site-packages/bayesmark/experiment.py", line 126, in run_study
    next_points = optimizer.suggest(n_suggestions)
  File "/home/ryedida/bbo_challenge_starter_kit/example_submissions/smoothness/optimizer.py", line 105, in suggest
    betas = [self._get_smoothness_reg(guess) for guess in guesses]
  File "/home/ryedida/bbo_challenge_starter_kit/example_submissions/smoothness/optimizer.py", line 105, in <listcomp>
    betas = [self._get_smoothness_reg(guess) for guess in guesses]
  File "/home/ryedida/bbo_challenge_starter_kit/example_submissions/smoothness/optimizer.py", line 48, in _get_smoothness_reg
    if activ > Kz:
NameError: name 'activ' is not defined
suggestion time taken 0.324087 iter 12 next_points [{'alpha': 0.013974787635277756, 'batch_size': 245, 'beta_1': 0.8871024928528196, 'beta_2': 0.9999968856769833, 'epsilon': 1.9933081621762847e-08, 'hidden_layer_sizes': 82, 'learning_rate_init': 3.907802557576481e-05, 'tol': 0.005982954723320918, 'validation_fraction': 0.12095164183533934}]
function_evaluation time 0.071653 value 29119.466478 suggestion {'alpha': 0.013974787635277756, 'batch_size': 245, 'beta_1': 0.8871024928528196, 'beta_2': 0.9999968856769833, 'epsilon': 1.9933081621762847e-08, 'hidden_layer_sizes': 82, 'learning_rate_init': 3.907802557576481e-05, 'tol': 0.005982954723320918, 'validation_fraction': 0.12095164183533934}
observation time 0.000006, current best 2922.785427 at iter 12
Failure in optimizer suggest. Falling back to random search.
name 'activ' is not defined
Traceback (most recent call last):
  File "/home/ryedida/.local/lib/python3.9/site-packages/bayesmark/experiment.py", line 126, in run_study
    next_points = optimizer.suggest(n_suggestions)
  File "/home/ryedida/bbo_challenge_starter_kit/example_submissions/smoothness/optimizer.py", line 105, in suggest
    betas = [self._get_smoothness_reg(guess) for guess in guesses]
  File "/home/ryedida/bbo_challenge_starter_kit/example_submissions/smoothness/optimizer.py", line 105, in <listcomp>
    betas = [self._get_smoothness_reg(guess) for guess in guesses]
  File "/home/ryedida/bbo_challenge_starter_kit/example_submissions/smoothness/optimizer.py", line 48, in _get_smoothness_reg
    if activ > Kz:
NameError: name 'activ' is not defined
suggestion time taken 0.336272 iter 13 next_points [{'alpha': 0.16878398570052155, 'batch_size': 222, 'beta_1': 0.8990554611596061, 'beta_2': 0.9703078921301378, 'epsilon': 2.7849486559703014e-09, 'hidden_layer_sizes': 117, 'learning_rate_init': 0.00012161679071088487, 'tol': 0.00021764229231909643, 'validation_fraction': 0.7834590151064875}]
/home/ryedida/.local/lib/python3.9/site-packages/sklearn/neural_network/_multilayer_perceptron.py:605: UserWarning: Got `batch_size` less than 1 or larger than sample size. It is going to be clipped
  warnings.warn(

function_evaluation time 0.051078 value 29094.879931 suggestion {'alpha': 0.16878398570052155, 'batch_size': 222, 'beta_1': 0.8990554611596061, 'beta_2': 0.9703078921301378, 'epsilon': 2.7849486559703014e-09, 'hidden_layer_sizes': 117, 'learning_rate_init': 0.00012161679071088487, 'tol': 0.00021764229231909643, 'validation_fraction': 0.7834590151064875}
observation time 0.000005, current best 2922.785427 at iter 13
Failure in optimizer suggest. Falling back to random search.
name 'activ' is not defined
Traceback (most recent call last):
  File "/home/ryedida/.local/lib/python3.9/site-packages/bayesmark/experiment.py", line 126, in run_study
    next_points = optimizer.suggest(n_suggestions)
  File "/home/ryedida/bbo_challenge_starter_kit/example_submissions/smoothness/optimizer.py", line 105, in suggest
    betas = [self._get_smoothness_reg(guess) for guess in guesses]
  File "/home/ryedida/bbo_challenge_starter_kit/example_submissions/smoothness/optimizer.py", line 105, in <listcomp>
    betas = [self._get_smoothness_reg(guess) for guess in guesses]
  File "/home/ryedida/bbo_challenge_starter_kit/example_submissions/smoothness/optimizer.py", line 48, in _get_smoothness_reg
    if activ > Kz:
NameError: name 'activ' is not defined
suggestion time taken 0.327709 iter 14 next_points [{'alpha': 5.2723085587217335, 'batch_size': 35, 'beta_1': 0.5531028066038377, 'beta_2': 0.9999989412617474, 'epsilon': 4.613821749776812e-08, 'hidden_layer_sizes': 171, 'learning_rate_init': 0.034266003279948484, 'tol': 0.04789264464177644, 'validation_fraction': 0.6514641643710545}]
function_evaluation time 0.156772 value 3381.357473 suggestion {'alpha': 5.2723085587217335, 'batch_size': 35, 'beta_1': 0.5531028066038377, 'beta_2': 0.9999989412617474, 'epsilon': 4.613821749776812e-08, 'hidden_layer_sizes': 171, 'learning_rate_init': 0.034266003279948484, 'tol': 0.04789264464177644, 'validation_fraction': 0.6514641643710545}
observation time 0.000005, current best 2922.785427 at iter 14
saving meta data: {'args': {'--uuid': 'aacc3694f19654b5abf9dd3dab3e6a45', '-db-root': '/home/ryedida/bbo_challenge_starter_kit/output', '--opt-root': '/home/ryedida/bbo_challenge_starter_kit/example_submissions', '--data-root': None, '--db': 'run_20230425_055340', '--opt': 'smoothness', '--data': 'diabetes', '--classifier': 'MLP-adam', '--metric': 'mse', '--calls': 15, '--suggestions': 1, '--jobs-file': None, '--verbose': False, 'dry_run': False, 'rev': 'a376313', 'opt_rev': 'x.x.x'}, 'signature': ([{'alpha': 0.019628224813442792, 'batch_size': 182, 'beta_1': 0.9410202200271762, 'beta_2': 0.9998021557676793, 'epsilon': 1.8662266976518e-08, 'hidden_layer_sizes': 147, 'learning_rate_init': 0.0005627932047415167, 'tol': 0.03690557729213761, 'validation_fraction': 0.8846827852548593}, {'alpha': 0.0019982467392329444, 'batch_size': 200, 'beta_1': 0.919111482530466, 'beta_2': 0.9998488260436156, 'epsilon': 5.981221901152555e-07, 'hidden_layer_sizes': 61, 'learning_rate_init': 2.2310905607443014e-05, 'tol': 1.2046852412030316e-05, 'validation_fraction': 0.8117896445826539}, {'alpha': 0.46659545670218433, 'batch_size': 219, 'beta_1': 0.9889789783750891, 'beta_2': 0.9999896868093284, 'epsilon': 2.4234724484675948e-08, 'hidden_layer_sizes': 167, 'learning_rate_init': 2.972334644335654e-05, 'tol': 0.0036281404040243792, 'validation_fraction': 0.17260651658522078}, {'alpha': 4.656005689076002, 'batch_size': 135, 'beta_1': 0.870503881627747, 'beta_2': 0.9948873266941017, 'epsilon': 2.1023308743480125e-07, 'hidden_layer_sizes': 118, 'learning_rate_init': 0.0018781738757161913, 'tol': 1.1889379831773004e-05, 'validation_fraction': 0.6264327093752792}, {'alpha': 0.04705159350400542, 'batch_size': 158, 'beta_1': 0.9870884262730957, 'beta_2': 0.9999596874382349, 'epsilon': 1.1981845126013875e-08, 'hidden_layer_sizes': 116, 'learning_rate_init': 0.00617340520407431, 'tol': 1.741413418158619e-05, 'validation_fraction': 0.6754299026638921}], [29083.993548572587, 29062.423277324073, 29075.78987471409, 24626.32866834337, 9584.226858493177])}
saving results
saving timing
saving suggest log
done
