running: {'--uuid': 'b076b29cdbc35c2489e075750207c4b4', '-db-root': '/home/ryedida/bbo_challenge_starter_kit/output', '--opt-root': '/home/ryedida/bbo_challenge_starter_kit/example_submissions', '--data-root': None, '--db': 'run_20230425_055340', '--opt': 'smoothness', '--data': 'diabetes', '--classifier': 'MLP-adam', '--metric': 'mse', '--calls': 15, '--suggestions': 1, '--jobs-file': None, '--verbose': False, 'dry_run': False, 'rev': 'a376313', 'opt_rev': 'x.x.x'}
cmd: python smoothness/optimizer.py -c MLP-adam -d diabetes -o smoothness -u b076b29cdbc35c2489e075750207c4b4 -m mse -n 15 -p 1 -dir /home/ryedida/bbo_challenge_starter_kit/output -b run_20230425_055340
/home/ryedida/.local/lib/python3.9/site-packages/sklearn/neural_network/_multilayer_perceptron.py:605: UserWarning: Got `batch_size` less than 1 or larger than sample size. It is going to be clipped
  warnings.warn(

/home/ryedida/.local/lib/python3.9/site-packages/sklearn/neural_network/_multilayer_perceptron.py:605: UserWarning: Got `batch_size` less than 1 or larger than sample size. It is going to be clipped
  warnings.warn(

/home/ryedida/.local/lib/python3.9/site-packages/sklearn/neural_network/_multilayer_perceptron.py:605: UserWarning: Got `batch_size` less than 1 or larger than sample size. It is going to be clipped
  warnings.warn(

/home/ryedida/.local/lib/python3.9/site-packages/sklearn/neural_network/_multilayer_perceptron.py:686: ConvergenceWarning: Stochastic Optimizer: Maximum iterations (200) reached and the optimization hasn't converged yet.
  warnings.warn(

/home/ryedida/.local/lib/python3.9/site-packages/sklearn/neural_network/_multilayer_perceptron.py:605: UserWarning: Got `batch_size` less than 1 or larger than sample size. It is going to be clipped
  warnings.warn(

/home/ryedida/.local/lib/python3.9/site-packages/sklearn/neural_network/_multilayer_perceptron.py:686: ConvergenceWarning: Stochastic Optimizer: Maximum iterations (200) reached and the optimization hasn't converged yet.
  warnings.warn(

computed signature: ([{'alpha': 0.019628224813442792, 'batch_size': 182, 'beta_1': 0.9410202200271762, 'beta_2': 0.9998021557676793, 'epsilon': 1.8662266976518e-08, 'hidden_layer_sizes': 147, 'learning_rate_init': 0.0005627932047415167, 'tol': 0.03690557729213761, 'validation_fraction': 0.8846827852548593}, {'alpha': 0.0019982467392329444, 'batch_size': 200, 'beta_1': 0.919111482530466, 'beta_2': 0.9998488260436156, 'epsilon': 5.981221901152555e-07, 'hidden_layer_sizes': 61, 'learning_rate_init': 2.2310905607443014e-05, 'tol': 1.2046852412030316e-05, 'validation_fraction': 0.8117896445826539}, {'alpha': 0.46659545670218433, 'batch_size': 219, 'beta_1': 0.9889789783750891, 'beta_2': 0.9999896868093284, 'epsilon': 2.4234724484675948e-08, 'hidden_layer_sizes': 167, 'learning_rate_init': 2.972334644335654e-05, 'tol': 0.0036281404040243792, 'validation_fraction': 0.17260651658522078}, {'alpha': 4.656005689076002, 'batch_size': 135, 'beta_1': 0.870503881627747, 'beta_2': 0.9948873266941017, 'epsilon': 2.1023308743480125e-07, 'hidden_layer_sizes': 118, 'learning_rate_init': 0.0018781738757161913, 'tol': 1.1889379831773004e-05, 'validation_fraction': 0.6264327093752792}, {'alpha': 0.04705159350400542, 'batch_size': 158, 'beta_1': 0.9870884262730957, 'beta_2': 0.9999596874382349, 'epsilon': 1.1981845126013875e-08, 'hidden_layer_sizes': 116, 'learning_rate_init': 0.00617340520407431, 'tol': 1.741413418158619e-05, 'validation_fraction': 0.6754299026638921}], [29083.993548572587, 29062.423277324073, 29075.78987471409, 24626.32866834337, 9584.226858493177])
Signature errors:
                              0         1         2         3         4       max
MLP-adam_diabetes_mse  0.000007  0.000008  0.000003  0.003558  0.004952  0.004952
max                    0.000007  0.000008  0.000003  0.003558  0.004952  0.004952
starting sklearn study smoothness MLP-adam diabetes mse 15 1
with data root: None
Failure in optimizer suggest. Falling back to random search.
name 'activ' is not defined
Traceback (most recent call last):
  File "/home/ryedida/.local/lib/python3.9/site-packages/bayesmark/experiment.py", line 126, in run_study
    next_points = optimizer.suggest(n_suggestions)
  File "/home/ryedida/bbo_challenge_starter_kit/example_submissions/smoothness/optimizer.py", line 105, in suggest
    betas = [self._get_smoothness_reg(guess) for guess in guesses]
  File "/home/ryedida/bbo_challenge_starter_kit/example_submissions/smoothness/optimizer.py", line 105, in <listcomp>
    betas = [self._get_smoothness_reg(guess) for guess in guesses]
  File "/home/ryedida/bbo_challenge_starter_kit/example_submissions/smoothness/optimizer.py", line 48, in _get_smoothness_reg
    if activ > Kz:
NameError: name 'activ' is not defined
suggestion time taken 0.496737 iter 0 next_points [{'alpha': 0.1783614583294177, 'batch_size': 169, 'beta_1': 0.8522607407779591, 'beta_2': 0.9033694424043637, 'epsilon': 5.523212352485407e-07, 'hidden_layer_sizes': 84, 'learning_rate_init': 0.0005082277278315756, 'tol': 4.3736968989765775e-05, 'validation_fraction': 0.13154030386845392}]
/home/ryedida/.local/lib/python3.9/site-packages/sklearn/neural_network/_multilayer_perceptron.py:686: ConvergenceWarning: Stochastic Optimizer: Maximum iterations (200) reached and the optimization hasn't converged yet.
  warnings.warn(

function_evaluation time 1.007205 value 28059.699514 suggestion {'alpha': 0.1783614583294177, 'batch_size': 169, 'beta_1': 0.8522607407779591, 'beta_2': 0.9033694424043637, 'epsilon': 5.523212352485407e-07, 'hidden_layer_sizes': 84, 'learning_rate_init': 0.0005082277278315756, 'tol': 4.3736968989765775e-05, 'validation_fraction': 0.13154030386845392}
observation time 0.000006, current best 28059.699514 at iter 0
Failure in optimizer suggest. Falling back to random search.
name 'activ' is not defined
Traceback (most recent call last):
  File "/home/ryedida/.local/lib/python3.9/site-packages/bayesmark/experiment.py", line 126, in run_study
    next_points = optimizer.suggest(n_suggestions)
  File "/home/ryedida/bbo_challenge_starter_kit/example_submissions/smoothness/optimizer.py", line 105, in suggest
    betas = [self._get_smoothness_reg(guess) for guess in guesses]
  File "/home/ryedida/bbo_challenge_starter_kit/example_submissions/smoothness/optimizer.py", line 105, in <listcomp>
    betas = [self._get_smoothness_reg(guess) for guess in guesses]
  File "/home/ryedida/bbo_challenge_starter_kit/example_submissions/smoothness/optimizer.py", line 48, in _get_smoothness_reg
    if activ > Kz:
NameError: name 'activ' is not defined
suggestion time taken 0.331880 iter 1 next_points [{'alpha': 4.451838287410067, 'batch_size': 154, 'beta_1': 0.8846669069252134, 'beta_2': 0.9999306467685701, 'epsilon': 7.966266285657785e-07, 'hidden_layer_sizes': 108, 'learning_rate_init': 0.019347792349795848, 'tol': 1.6024319996557963e-05, 'validation_fraction': 0.8941623291018127}]
/home/ryedida/.local/lib/python3.9/site-packages/sklearn/neural_network/_multilayer_perceptron.py:605: UserWarning: Got `batch_size` less than 1 or larger than sample size. It is going to be clipped
  warnings.warn(

/home/ryedida/.local/lib/python3.9/site-packages/sklearn/neural_network/_multilayer_perceptron.py:686: ConvergenceWarning: Stochastic Optimizer: Maximum iterations (200) reached and the optimization hasn't converged yet.
  warnings.warn(

function_evaluation time 0.541805 value 3578.808043 suggestion {'alpha': 4.451838287410067, 'batch_size': 154, 'beta_1': 0.8846669069252134, 'beta_2': 0.9999306467685701, 'epsilon': 7.966266285657785e-07, 'hidden_layer_sizes': 108, 'learning_rate_init': 0.019347792349795848, 'tol': 1.6024319996557963e-05, 'validation_fraction': 0.8941623291018127}
observation time 0.000006, current best 3578.808043 at iter 1
Failure in optimizer suggest. Falling back to random search.
name 'activ' is not defined
Traceback (most recent call last):
  File "/home/ryedida/.local/lib/python3.9/site-packages/bayesmark/experiment.py", line 126, in run_study
    next_points = optimizer.suggest(n_suggestions)
  File "/home/ryedida/bbo_challenge_starter_kit/example_submissions/smoothness/optimizer.py", line 105, in suggest
    betas = [self._get_smoothness_reg(guess) for guess in guesses]
  File "/home/ryedida/bbo_challenge_starter_kit/example_submissions/smoothness/optimizer.py", line 105, in <listcomp>
    betas = [self._get_smoothness_reg(guess) for guess in guesses]
  File "/home/ryedida/bbo_challenge_starter_kit/example_submissions/smoothness/optimizer.py", line 48, in _get_smoothness_reg
    if activ > Kz:
NameError: name 'activ' is not defined
suggestion time taken 0.329574 iter 2 next_points [{'alpha': 0.04914861024979385, 'batch_size': 153, 'beta_1': 0.9897736561982873, 'beta_2': 0.9999041828036976, 'epsilon': 3.7136177798125206e-09, 'hidden_layer_sizes': 73, 'learning_rate_init': 0.001268914789099853, 'tol': 0.0014475533506651888, 'validation_fraction': 0.17232296629047145}]
/home/ryedida/.local/lib/python3.9/site-packages/sklearn/neural_network/_multilayer_perceptron.py:686: ConvergenceWarning: Stochastic Optimizer: Maximum iterations (200) reached and the optimization hasn't converged yet.
  warnings.warn(

function_evaluation time 0.508679 value 27618.831625 suggestion {'alpha': 0.04914861024979385, 'batch_size': 153, 'beta_1': 0.9897736561982873, 'beta_2': 0.9999041828036976, 'epsilon': 3.7136177798125206e-09, 'hidden_layer_sizes': 73, 'learning_rate_init': 0.001268914789099853, 'tol': 0.0014475533506651888, 'validation_fraction': 0.17232296629047145}
observation time 0.000006, current best 3578.808043 at iter 2
Failure in optimizer suggest. Falling back to random search.
name 'activ' is not defined
Traceback (most recent call last):
  File "/home/ryedida/.local/lib/python3.9/site-packages/bayesmark/experiment.py", line 126, in run_study
    next_points = optimizer.suggest(n_suggestions)
  File "/home/ryedida/bbo_challenge_starter_kit/example_submissions/smoothness/optimizer.py", line 105, in suggest
    betas = [self._get_smoothness_reg(guess) for guess in guesses]
  File "/home/ryedida/bbo_challenge_starter_kit/example_submissions/smoothness/optimizer.py", line 105, in <listcomp>
    betas = [self._get_smoothness_reg(guess) for guess in guesses]
  File "/home/ryedida/bbo_challenge_starter_kit/example_submissions/smoothness/optimizer.py", line 48, in _get_smoothness_reg
    if activ > Kz:
NameError: name 'activ' is not defined
suggestion time taken 0.344168 iter 3 next_points [{'alpha': 0.00019774945840060973, 'batch_size': 248, 'beta_1': 0.7596081226477142, 'beta_2': 0.9999977122699913, 'epsilon': 1.9357231520668565e-08, 'hidden_layer_sizes': 178, 'learning_rate_init': 0.03648634401574084, 'tol': 0.0005793448346342763, 'validation_fraction': 0.43973865379065585}]
/home/ryedida/.local/lib/python3.9/site-packages/sklearn/neural_network/_multilayer_perceptron.py:605: UserWarning: Got `batch_size` less than 1 or larger than sample size. It is going to be clipped
  warnings.warn(

function_evaluation time 0.481627 value 2927.254255 suggestion {'alpha': 0.00019774945840060973, 'batch_size': 248, 'beta_1': 0.7596081226477142, 'beta_2': 0.9999977122699913, 'epsilon': 1.9357231520668565e-08, 'hidden_layer_sizes': 178, 'learning_rate_init': 0.03648634401574084, 'tol': 0.0005793448346342763, 'validation_fraction': 0.43973865379065585}
observation time 0.000005, current best 2927.254255 at iter 3
Failure in optimizer suggest. Falling back to random search.
name 'activ' is not defined
Traceback (most recent call last):
  File "/home/ryedida/.local/lib/python3.9/site-packages/bayesmark/experiment.py", line 126, in run_study
    next_points = optimizer.suggest(n_suggestions)
  File "/home/ryedida/bbo_challenge_starter_kit/example_submissions/smoothness/optimizer.py", line 105, in suggest
    betas = [self._get_smoothness_reg(guess) for guess in guesses]
  File "/home/ryedida/bbo_challenge_starter_kit/example_submissions/smoothness/optimizer.py", line 105, in <listcomp>
    betas = [self._get_smoothness_reg(guess) for guess in guesses]
  File "/home/ryedida/bbo_challenge_starter_kit/example_submissions/smoothness/optimizer.py", line 48, in _get_smoothness_reg
    if activ > Kz:
NameError: name 'activ' is not defined
suggestion time taken 0.332883 iter 4 next_points [{'alpha': 2.452849768897055, 'batch_size': 38, 'beta_1': 0.9600771086270895, 'beta_2': 0.9882386600437366, 'epsilon': 3.815716278422024e-09, 'hidden_layer_sizes': 160, 'learning_rate_init': 0.00028033630189183695, 'tol': 0.0006162798581957941, 'validation_fraction': 0.7129759870512288}]
/home/ryedida/.local/lib/python3.9/site-packages/sklearn/neural_network/_multilayer_perceptron.py:686: ConvergenceWarning: Stochastic Optimizer: Maximum iterations (200) reached and the optimization hasn't converged yet.
  warnings.warn(

function_evaluation time 1.259689 value 27886.769405 suggestion {'alpha': 2.452849768897055, 'batch_size': 38, 'beta_1': 0.9600771086270895, 'beta_2': 0.9882386600437366, 'epsilon': 3.815716278422024e-09, 'hidden_layer_sizes': 160, 'learning_rate_init': 0.00028033630189183695, 'tol': 0.0006162798581957941, 'validation_fraction': 0.7129759870512288}
observation time 0.000006, current best 2927.254255 at iter 4
Failure in optimizer suggest. Falling back to random search.
name 'activ' is not defined
Traceback (most recent call last):
  File "/home/ryedida/.local/lib/python3.9/site-packages/bayesmark/experiment.py", line 126, in run_study
    next_points = optimizer.suggest(n_suggestions)
  File "/home/ryedida/bbo_challenge_starter_kit/example_submissions/smoothness/optimizer.py", line 105, in suggest
    betas = [self._get_smoothness_reg(guess) for guess in guesses]
  File "/home/ryedida/bbo_challenge_starter_kit/example_submissions/smoothness/optimizer.py", line 105, in <listcomp>
    betas = [self._get_smoothness_reg(guess) for guess in guesses]
  File "/home/ryedida/bbo_challenge_starter_kit/example_submissions/smoothness/optimizer.py", line 48, in _get_smoothness_reg
    if activ > Kz:
NameError: name 'activ' is not defined
suggestion time taken 0.332020 iter 5 next_points [{'alpha': 0.00017735756391105707, 'batch_size': 70, 'beta_1': 0.5773839204582875, 'beta_2': 0.9955964564248665, 'epsilon': 7.849042251776229e-08, 'hidden_layer_sizes': 105, 'learning_rate_init': 0.00019565339565598544, 'tol': 0.00017202025360471215, 'validation_fraction': 0.8315038083013755}]
/home/ryedida/.local/lib/python3.9/site-packages/sklearn/neural_network/_multilayer_perceptron.py:605: UserWarning: Got `batch_size` less than 1 or larger than sample size. It is going to be clipped
  warnings.warn(

function_evaluation time 0.050007 value 29092.721379 suggestion {'alpha': 0.00017735756391105707, 'batch_size': 70, 'beta_1': 0.5773839204582875, 'beta_2': 0.9955964564248665, 'epsilon': 7.849042251776229e-08, 'hidden_layer_sizes': 105, 'learning_rate_init': 0.00019565339565598544, 'tol': 0.00017202025360471215, 'validation_fraction': 0.8315038083013755}
observation time 0.000005, current best 2927.254255 at iter 5
Failure in optimizer suggest. Falling back to random search.
name 'activ' is not defined
Traceback (most recent call last):
  File "/home/ryedida/.local/lib/python3.9/site-packages/bayesmark/experiment.py", line 126, in run_study
    next_points = optimizer.suggest(n_suggestions)
  File "/home/ryedida/bbo_challenge_starter_kit/example_submissions/smoothness/optimizer.py", line 105, in suggest
    betas = [self._get_smoothness_reg(guess) for guess in guesses]
  File "/home/ryedida/bbo_challenge_starter_kit/example_submissions/smoothness/optimizer.py", line 105, in <listcomp>
    betas = [self._get_smoothness_reg(guess) for guess in guesses]
  File "/home/ryedida/bbo_challenge_starter_kit/example_submissions/smoothness/optimizer.py", line 48, in _get_smoothness_reg
    if activ > Kz:
NameError: name 'activ' is not defined
suggestion time taken 0.329567 iter 6 next_points [{'alpha': 0.0002016090191418718, 'batch_size': 246, 'beta_1': 0.9583156950420295, 'beta_2': 0.9997289436087882, 'epsilon': 7.227193436486239e-08, 'hidden_layer_sizes': 164, 'learning_rate_init': 1.0799244329330322e-05, 'tol': 0.00010738851610102689, 'validation_fraction': 0.6197870068802387}]
/home/ryedida/.local/lib/python3.9/site-packages/sklearn/neural_network/_multilayer_perceptron.py:605: UserWarning: Got `batch_size` less than 1 or larger than sample size. It is going to be clipped
  warnings.warn(

function_evaluation time 0.060962 value 29130.724658 suggestion {'alpha': 0.0002016090191418718, 'batch_size': 246, 'beta_1': 0.9583156950420295, 'beta_2': 0.9997289436087882, 'epsilon': 7.227193436486239e-08, 'hidden_layer_sizes': 164, 'learning_rate_init': 1.0799244329330322e-05, 'tol': 0.00010738851610102689, 'validation_fraction': 0.6197870068802387}
observation time 0.000006, current best 2927.254255 at iter 6
Failure in optimizer suggest. Falling back to random search.
name 'activ' is not defined
Traceback (most recent call last):
  File "/home/ryedida/.local/lib/python3.9/site-packages/bayesmark/experiment.py", line 126, in run_study
    next_points = optimizer.suggest(n_suggestions)
  File "/home/ryedida/bbo_challenge_starter_kit/example_submissions/smoothness/optimizer.py", line 105, in suggest
    betas = [self._get_smoothness_reg(guess) for guess in guesses]
  File "/home/ryedida/bbo_challenge_starter_kit/example_submissions/smoothness/optimizer.py", line 105, in <listcomp>
    betas = [self._get_smoothness_reg(guess) for guess in guesses]
  File "/home/ryedida/bbo_challenge_starter_kit/example_submissions/smoothness/optimizer.py", line 48, in _get_smoothness_reg
    if activ > Kz:
NameError: name 'activ' is not defined
suggestion time taken 0.463769 iter 7 next_points [{'alpha': 6.875561008367255e-05, 'batch_size': 93, 'beta_1': 0.9825113457874733, 'beta_2': 0.9995318580269944, 'epsilon': 1.574493033993996e-07, 'hidden_layer_sizes': 104, 'learning_rate_init': 0.02620201101070721, 'tol': 2.9900022670843943e-05, 'validation_fraction': 0.8565582696818763}]
/home/ryedida/.local/lib/python3.9/site-packages/sklearn/neural_network/_multilayer_perceptron.py:605: UserWarning: Got `batch_size` less than 1 or larger than sample size. It is going to be clipped
  warnings.warn(

function_evaluation time 0.309201 value 4236.724369 suggestion {'alpha': 6.875561008367255e-05, 'batch_size': 93, 'beta_1': 0.9825113457874733, 'beta_2': 0.9995318580269944, 'epsilon': 1.574493033993996e-07, 'hidden_layer_sizes': 104, 'learning_rate_init': 0.02620201101070721, 'tol': 2.9900022670843943e-05, 'validation_fraction': 0.8565582696818763}
observation time 0.000006, current best 2927.254255 at iter 7
Failure in optimizer suggest. Falling back to random search.
name 'activ' is not defined
Traceback (most recent call last):
  File "/home/ryedida/.local/lib/python3.9/site-packages/bayesmark/experiment.py", line 126, in run_study
    next_points = optimizer.suggest(n_suggestions)
  File "/home/ryedida/bbo_challenge_starter_kit/example_submissions/smoothness/optimizer.py", line 105, in suggest
    betas = [self._get_smoothness_reg(guess) for guess in guesses]
  File "/home/ryedida/bbo_challenge_starter_kit/example_submissions/smoothness/optimizer.py", line 105, in <listcomp>
    betas = [self._get_smoothness_reg(guess) for guess in guesses]
  File "/home/ryedida/bbo_challenge_starter_kit/example_submissions/smoothness/optimizer.py", line 48, in _get_smoothness_reg
    if activ > Kz:
NameError: name 'activ' is not defined
suggestion time taken 0.323879 iter 8 next_points [{'alpha': 0.08894277166815301, 'batch_size': 44, 'beta_1': 0.6494676697918471, 'beta_2': 0.9991379643189118, 'epsilon': 1.0045665582410328e-09, 'hidden_layer_sizes': 61, 'learning_rate_init': 0.0009370841706071108, 'tol': 2.5703095734589206e-05, 'validation_fraction': 0.7131617950663559}]
/home/ryedida/.local/lib/python3.9/site-packages/sklearn/neural_network/_multilayer_perceptron.py:686: ConvergenceWarning: Stochastic Optimizer: Maximum iterations (200) reached and the optimization hasn't converged yet.
  warnings.warn(

function_evaluation time 0.822599 value 25928.593891 suggestion {'alpha': 0.08894277166815301, 'batch_size': 44, 'beta_1': 0.6494676697918471, 'beta_2': 0.9991379643189118, 'epsilon': 1.0045665582410328e-09, 'hidden_layer_sizes': 61, 'learning_rate_init': 0.0009370841706071108, 'tol': 2.5703095734589206e-05, 'validation_fraction': 0.7131617950663559}
observation time 0.000005, current best 2927.254255 at iter 8
Failure in optimizer suggest. Falling back to random search.
name 'activ' is not defined
Traceback (most recent call last):
  File "/home/ryedida/.local/lib/python3.9/site-packages/bayesmark/experiment.py", line 126, in run_study
    next_points = optimizer.suggest(n_suggestions)
  File "/home/ryedida/bbo_challenge_starter_kit/example_submissions/smoothness/optimizer.py", line 105, in suggest
    betas = [self._get_smoothness_reg(guess) for guess in guesses]
  File "/home/ryedida/bbo_challenge_starter_kit/example_submissions/smoothness/optimizer.py", line 105, in <listcomp>
    betas = [self._get_smoothness_reg(guess) for guess in guesses]
  File "/home/ryedida/bbo_challenge_starter_kit/example_submissions/smoothness/optimizer.py", line 48, in _get_smoothness_reg
    if activ > Kz:
NameError: name 'activ' is not defined
suggestion time taken 0.321861 iter 9 next_points [{'alpha': 0.00024032712586928353, 'batch_size': 222, 'beta_1': 0.7283787364720172, 'beta_2': 0.9847768426335466, 'epsilon': 7.62759944138617e-08, 'hidden_layer_sizes': 162, 'learning_rate_init': 0.003425372409231224, 'tol': 0.07981270484016358, 'validation_fraction': 0.6034947004236236}]
/home/ryedida/.local/lib/python3.9/site-packages/sklearn/neural_network/_multilayer_perceptron.py:605: UserWarning: Got `batch_size` less than 1 or larger than sample size. It is going to be clipped
  warnings.warn(

function_evaluation time 0.061647 value 28853.258159 suggestion {'alpha': 0.00024032712586928353, 'batch_size': 222, 'beta_1': 0.7283787364720172, 'beta_2': 0.9847768426335466, 'epsilon': 7.62759944138617e-08, 'hidden_layer_sizes': 162, 'learning_rate_init': 0.003425372409231224, 'tol': 0.07981270484016358, 'validation_fraction': 0.6034947004236236}
observation time 0.000006, current best 2927.254255 at iter 9
Failure in optimizer suggest. Falling back to random search.
name 'activ' is not defined
Traceback (most recent call last):
  File "/home/ryedida/.local/lib/python3.9/site-packages/bayesmark/experiment.py", line 126, in run_study
    next_points = optimizer.suggest(n_suggestions)
  File "/home/ryedida/bbo_challenge_starter_kit/example_submissions/smoothness/optimizer.py", line 105, in suggest
    betas = [self._get_smoothness_reg(guess) for guess in guesses]
  File "/home/ryedida/bbo_challenge_starter_kit/example_submissions/smoothness/optimizer.py", line 105, in <listcomp>
    betas = [self._get_smoothness_reg(guess) for guess in guesses]
  File "/home/ryedida/bbo_challenge_starter_kit/example_submissions/smoothness/optimizer.py", line 48, in _get_smoothness_reg
    if activ > Kz:
NameError: name 'activ' is not defined
suggestion time taken 0.322389 iter 10 next_points [{'alpha': 0.008912205240562259, 'batch_size': 222, 'beta_1': 0.8605834947195675, 'beta_2': 0.9999963685714123, 'epsilon': 2.7208137821034897e-08, 'hidden_layer_sizes': 148, 'learning_rate_init': 1.086363851949268e-05, 'tol': 0.00013124260290439267, 'validation_fraction': 0.7503151857984554}]
/home/ryedida/.local/lib/python3.9/site-packages/sklearn/neural_network/_multilayer_perceptron.py:605: UserWarning: Got `batch_size` less than 1 or larger than sample size. It is going to be clipped
  warnings.warn(

function_evaluation time 0.057171 value 29129.133508 suggestion {'alpha': 0.008912205240562259, 'batch_size': 222, 'beta_1': 0.8605834947195675, 'beta_2': 0.9999963685714123, 'epsilon': 2.7208137821034897e-08, 'hidden_layer_sizes': 148, 'learning_rate_init': 1.086363851949268e-05, 'tol': 0.00013124260290439267, 'validation_fraction': 0.7503151857984554}
observation time 0.000006, current best 2927.254255 at iter 10
Failure in optimizer suggest. Falling back to random search.
name 'activ' is not defined
Traceback (most recent call last):
  File "/home/ryedida/.local/lib/python3.9/site-packages/bayesmark/experiment.py", line 126, in run_study
    next_points = optimizer.suggest(n_suggestions)
  File "/home/ryedida/bbo_challenge_starter_kit/example_submissions/smoothness/optimizer.py", line 105, in suggest
    betas = [self._get_smoothness_reg(guess) for guess in guesses]
  File "/home/ryedida/bbo_challenge_starter_kit/example_submissions/smoothness/optimizer.py", line 105, in <listcomp>
    betas = [self._get_smoothness_reg(guess) for guess in guesses]
  File "/home/ryedida/bbo_challenge_starter_kit/example_submissions/smoothness/optimizer.py", line 48, in _get_smoothness_reg
    if activ > Kz:
NameError: name 'activ' is not defined
suggestion time taken 0.331234 iter 11 next_points [{'alpha': 1.4303558130628635e-05, 'batch_size': 90, 'beta_1': 0.9834992711334943, 'beta_2': 0.9997806543441382, 'epsilon': 2.7584209604951346e-08, 'hidden_layer_sizes': 128, 'learning_rate_init': 4.1613311654286304e-05, 'tol': 0.010048387984073395, 'validation_fraction': 0.4783422489679096}]
function_evaluation time 0.072805 value 29075.452445 suggestion {'alpha': 1.4303558130628635e-05, 'batch_size': 90, 'beta_1': 0.9834992711334943, 'beta_2': 0.9997806543441382, 'epsilon': 2.7584209604951346e-08, 'hidden_layer_sizes': 128, 'learning_rate_init': 4.1613311654286304e-05, 'tol': 0.010048387984073395, 'validation_fraction': 0.4783422489679096}
observation time 0.000007, current best 2927.254255 at iter 11
Failure in optimizer suggest. Falling back to random search.
name 'activ' is not defined
Traceback (most recent call last):
  File "/home/ryedida/.local/lib/python3.9/site-packages/bayesmark/experiment.py", line 126, in run_study
    next_points = optimizer.suggest(n_suggestions)
  File "/home/ryedida/bbo_challenge_starter_kit/example_submissions/smoothness/optimizer.py", line 105, in suggest
    betas = [self._get_smoothness_reg(guess) for guess in guesses]
  File "/home/ryedida/bbo_challenge_starter_kit/example_submissions/smoothness/optimizer.py", line 105, in <listcomp>
    betas = [self._get_smoothness_reg(guess) for guess in guesses]
  File "/home/ryedida/bbo_challenge_starter_kit/example_submissions/smoothness/optimizer.py", line 48, in _get_smoothness_reg
    if activ > Kz:
NameError: name 'activ' is not defined
suggestion time taken 0.320751 iter 12 next_points [{'alpha': 0.03650792521176276, 'batch_size': 199, 'beta_1': 0.9196005980893425, 'beta_2': 0.9998515430720971, 'epsilon': 2.3361565072684133e-08, 'hidden_layer_sizes': 117, 'learning_rate_init': 0.032262994333244394, 'tol': 0.00803411673391914, 'validation_fraction': 0.8367398891950572}]
/home/ryedida/.local/lib/python3.9/site-packages/sklearn/neural_network/_multilayer_perceptron.py:605: UserWarning: Got `batch_size` less than 1 or larger than sample size. It is going to be clipped
  warnings.warn(

function_evaluation time 0.224402 value 4081.685926 suggestion {'alpha': 0.03650792521176276, 'batch_size': 199, 'beta_1': 0.9196005980893425, 'beta_2': 0.9998515430720971, 'epsilon': 2.3361565072684133e-08, 'hidden_layer_sizes': 117, 'learning_rate_init': 0.032262994333244394, 'tol': 0.00803411673391914, 'validation_fraction': 0.8367398891950572}
observation time 0.000006, current best 2927.254255 at iter 12
Failure in optimizer suggest. Falling back to random search.
name 'activ' is not defined
Traceback (most recent call last):
  File "/home/ryedida/.local/lib/python3.9/site-packages/bayesmark/experiment.py", line 126, in run_study
    next_points = optimizer.suggest(n_suggestions)
  File "/home/ryedida/bbo_challenge_starter_kit/example_submissions/smoothness/optimizer.py", line 105, in suggest
    betas = [self._get_smoothness_reg(guess) for guess in guesses]
  File "/home/ryedida/bbo_challenge_starter_kit/example_submissions/smoothness/optimizer.py", line 105, in <listcomp>
    betas = [self._get_smoothness_reg(guess) for guess in guesses]
  File "/home/ryedida/bbo_challenge_starter_kit/example_submissions/smoothness/optimizer.py", line 48, in _get_smoothness_reg
    if activ > Kz:
NameError: name 'activ' is not defined
suggestion time taken 0.321153 iter 13 next_points [{'alpha': 0.06282356993118021, 'batch_size': 23, 'beta_1': 0.9312943394459593, 'beta_2': 0.9998289513329501, 'epsilon': 8.877993300038303e-08, 'hidden_layer_sizes': 72, 'learning_rate_init': 0.0019279833293141602, 'tol': 4.526918860554109e-05, 'validation_fraction': 0.5802717756549696}]
/home/ryedida/.local/lib/python3.9/site-packages/sklearn/neural_network/_multilayer_perceptron.py:686: ConvergenceWarning: Stochastic Optimizer: Maximum iterations (200) reached and the optimization hasn't converged yet.
  warnings.warn(

function_evaluation time 1.649640 value 3978.508468 suggestion {'alpha': 0.06282356993118021, 'batch_size': 23, 'beta_1': 0.9312943394459593, 'beta_2': 0.9998289513329501, 'epsilon': 8.877993300038303e-08, 'hidden_layer_sizes': 72, 'learning_rate_init': 0.0019279833293141602, 'tol': 4.526918860554109e-05, 'validation_fraction': 0.5802717756549696}
observation time 0.000006, current best 2927.254255 at iter 13
Failure in optimizer suggest. Falling back to random search.
name 'activ' is not defined
Traceback (most recent call last):
  File "/home/ryedida/.local/lib/python3.9/site-packages/bayesmark/experiment.py", line 126, in run_study
    next_points = optimizer.suggest(n_suggestions)
  File "/home/ryedida/bbo_challenge_starter_kit/example_submissions/smoothness/optimizer.py", line 105, in suggest
    betas = [self._get_smoothness_reg(guess) for guess in guesses]
  File "/home/ryedida/bbo_challenge_starter_kit/example_submissions/smoothness/optimizer.py", line 105, in <listcomp>
    betas = [self._get_smoothness_reg(guess) for guess in guesses]
  File "/home/ryedida/bbo_challenge_starter_kit/example_submissions/smoothness/optimizer.py", line 48, in _get_smoothness_reg
    if activ > Kz:
NameError: name 'activ' is not defined
suggestion time taken 0.323502 iter 14 next_points [{'alpha': 0.03015909881452499, 'batch_size': 115, 'beta_1': 0.8250944449572681, 'beta_2': 0.999996771765269, 'epsilon': 1.2948855644587281e-08, 'hidden_layer_sizes': 109, 'learning_rate_init': 0.002976254093196371, 'tol': 0.00013209574925319786, 'validation_fraction': 0.8453351652993829}]
/home/ryedida/.local/lib/python3.9/site-packages/sklearn/neural_network/_multilayer_perceptron.py:605: UserWarning: Got `batch_size` less than 1 or larger than sample size. It is going to be clipped
  warnings.warn(

/home/ryedida/.local/lib/python3.9/site-packages/sklearn/neural_network/_multilayer_perceptron.py:686: ConvergenceWarning: Stochastic Optimizer: Maximum iterations (200) reached and the optimization hasn't converged yet.
  warnings.warn(

function_evaluation time 0.676446 value 18265.250067 suggestion {'alpha': 0.03015909881452499, 'batch_size': 115, 'beta_1': 0.8250944449572681, 'beta_2': 0.999996771765269, 'epsilon': 1.2948855644587281e-08, 'hidden_layer_sizes': 109, 'learning_rate_init': 0.002976254093196371, 'tol': 0.00013209574925319786, 'validation_fraction': 0.8453351652993829}
observation time 0.000006, current best 2927.254255 at iter 14
saving meta data: {'args': {'--uuid': 'b076b29cdbc35c2489e075750207c4b4', '-db-root': '/home/ryedida/bbo_challenge_starter_kit/output', '--opt-root': '/home/ryedida/bbo_challenge_starter_kit/example_submissions', '--data-root': None, '--db': 'run_20230425_055340', '--opt': 'smoothness', '--data': 'diabetes', '--classifier': 'MLP-adam', '--metric': 'mse', '--calls': 15, '--suggestions': 1, '--jobs-file': None, '--verbose': False, 'dry_run': False, 'rev': 'a376313', 'opt_rev': 'x.x.x'}, 'signature': ([{'alpha': 0.019628224813442792, 'batch_size': 182, 'beta_1': 0.9410202200271762, 'beta_2': 0.9998021557676793, 'epsilon': 1.8662266976518e-08, 'hidden_layer_sizes': 147, 'learning_rate_init': 0.0005627932047415167, 'tol': 0.03690557729213761, 'validation_fraction': 0.8846827852548593}, {'alpha': 0.0019982467392329444, 'batch_size': 200, 'beta_1': 0.919111482530466, 'beta_2': 0.9998488260436156, 'epsilon': 5.981221901152555e-07, 'hidden_layer_sizes': 61, 'learning_rate_init': 2.2310905607443014e-05, 'tol': 1.2046852412030316e-05, 'validation_fraction': 0.8117896445826539}, {'alpha': 0.46659545670218433, 'batch_size': 219, 'beta_1': 0.9889789783750891, 'beta_2': 0.9999896868093284, 'epsilon': 2.4234724484675948e-08, 'hidden_layer_sizes': 167, 'learning_rate_init': 2.972334644335654e-05, 'tol': 0.0036281404040243792, 'validation_fraction': 0.17260651658522078}, {'alpha': 4.656005689076002, 'batch_size': 135, 'beta_1': 0.870503881627747, 'beta_2': 0.9948873266941017, 'epsilon': 2.1023308743480125e-07, 'hidden_layer_sizes': 118, 'learning_rate_init': 0.0018781738757161913, 'tol': 1.1889379831773004e-05, 'validation_fraction': 0.6264327093752792}, {'alpha': 0.04705159350400542, 'batch_size': 158, 'beta_1': 0.9870884262730957, 'beta_2': 0.9999596874382349, 'epsilon': 1.1981845126013875e-08, 'hidden_layer_sizes': 116, 'learning_rate_init': 0.00617340520407431, 'tol': 1.741413418158619e-05, 'validation_fraction': 0.6754299026638921}], [29083.993548572587, 29062.423277324073, 29075.78987471409, 24626.32866834337, 9584.226858493177])}
saving results
saving timing
saving suggest log
done
