running: {'--uuid': 'c58392ac571b5f8d827eead21a270409', '-db-root': '/home/ryedida/bbo_challenge_starter_kit/output', '--opt-root': '/home/ryedida/bbo_challenge_starter_kit/example_submissions', '--data-root': None, '--db': 'run_20230425_055340', '--opt': 'smoothness', '--data': 'diabetes', '--classifier': 'MLP-adam', '--metric': 'mse', '--calls': 15, '--suggestions': 1, '--jobs-file': None, '--verbose': False, 'dry_run': False, 'rev': 'a376313', 'opt_rev': 'x.x.x'}
cmd: python smoothness/optimizer.py -c MLP-adam -d diabetes -o smoothness -u c58392ac571b5f8d827eead21a270409 -m mse -n 15 -p 1 -dir /home/ryedida/bbo_challenge_starter_kit/output -b run_20230425_055340
/home/ryedida/.local/lib/python3.9/site-packages/sklearn/neural_network/_multilayer_perceptron.py:605: UserWarning: Got `batch_size` less than 1 or larger than sample size. It is going to be clipped
  warnings.warn(

/home/ryedida/.local/lib/python3.9/site-packages/sklearn/neural_network/_multilayer_perceptron.py:605: UserWarning: Got `batch_size` less than 1 or larger than sample size. It is going to be clipped
  warnings.warn(

/home/ryedida/.local/lib/python3.9/site-packages/sklearn/neural_network/_multilayer_perceptron.py:605: UserWarning: Got `batch_size` less than 1 or larger than sample size. It is going to be clipped
  warnings.warn(

/home/ryedida/.local/lib/python3.9/site-packages/sklearn/neural_network/_multilayer_perceptron.py:686: ConvergenceWarning: Stochastic Optimizer: Maximum iterations (200) reached and the optimization hasn't converged yet.
  warnings.warn(

/home/ryedida/.local/lib/python3.9/site-packages/sklearn/neural_network/_multilayer_perceptron.py:605: UserWarning: Got `batch_size` less than 1 or larger than sample size. It is going to be clipped
  warnings.warn(

/home/ryedida/.local/lib/python3.9/site-packages/sklearn/neural_network/_multilayer_perceptron.py:686: ConvergenceWarning: Stochastic Optimizer: Maximum iterations (200) reached and the optimization hasn't converged yet.
  warnings.warn(

computed signature: ([{'alpha': 0.019628224813442792, 'batch_size': 182, 'beta_1': 0.9410202200271762, 'beta_2': 0.9998021557676793, 'epsilon': 1.8662266976518e-08, 'hidden_layer_sizes': 147, 'learning_rate_init': 0.0005627932047415167, 'tol': 0.03690557729213761, 'validation_fraction': 0.8846827852548593}, {'alpha': 0.0019982467392329444, 'batch_size': 200, 'beta_1': 0.919111482530466, 'beta_2': 0.9998488260436156, 'epsilon': 5.981221901152555e-07, 'hidden_layer_sizes': 61, 'learning_rate_init': 2.2310905607443014e-05, 'tol': 1.2046852412030316e-05, 'validation_fraction': 0.8117896445826539}, {'alpha': 0.46659545670218433, 'batch_size': 219, 'beta_1': 0.9889789783750891, 'beta_2': 0.9999896868093284, 'epsilon': 2.4234724484675948e-08, 'hidden_layer_sizes': 167, 'learning_rate_init': 2.972334644335654e-05, 'tol': 0.0036281404040243792, 'validation_fraction': 0.17260651658522078}, {'alpha': 4.656005689076002, 'batch_size': 135, 'beta_1': 0.870503881627747, 'beta_2': 0.9948873266941017, 'epsilon': 2.1023308743480125e-07, 'hidden_layer_sizes': 118, 'learning_rate_init': 0.0018781738757161913, 'tol': 1.1889379831773004e-05, 'validation_fraction': 0.6264327093752792}, {'alpha': 0.04705159350400542, 'batch_size': 158, 'beta_1': 0.9870884262730957, 'beta_2': 0.9999596874382349, 'epsilon': 1.1981845126013875e-08, 'hidden_layer_sizes': 116, 'learning_rate_init': 0.00617340520407431, 'tol': 1.741413418158619e-05, 'validation_fraction': 0.6754299026638921}], [29083.993548572587, 29062.423277324073, 29075.78987471409, 24626.32866834337, 9584.226858493177])
Signature errors:
                              0         1         2         3         4       max
MLP-adam_diabetes_mse  0.000007  0.000008  0.000003  0.003558  0.004952  0.004952
max                    0.000007  0.000008  0.000003  0.003558  0.004952  0.004952
starting sklearn study smoothness MLP-adam diabetes mse 15 1
with data root: None
Failure in optimizer suggest. Falling back to random search.
name 'activ' is not defined
Traceback (most recent call last):
  File "/home/ryedida/.local/lib/python3.9/site-packages/bayesmark/experiment.py", line 126, in run_study
    next_points = optimizer.suggest(n_suggestions)
  File "/home/ryedida/bbo_challenge_starter_kit/example_submissions/smoothness/optimizer.py", line 105, in suggest
    betas = [self._get_smoothness_reg(guess) for guess in guesses]
  File "/home/ryedida/bbo_challenge_starter_kit/example_submissions/smoothness/optimizer.py", line 105, in <listcomp>
    betas = [self._get_smoothness_reg(guess) for guess in guesses]
  File "/home/ryedida/bbo_challenge_starter_kit/example_submissions/smoothness/optimizer.py", line 48, in _get_smoothness_reg
    if activ > Kz:
NameError: name 'activ' is not defined
suggestion time taken 0.493866 iter 0 next_points [{'alpha': 1.1745839649335054e-05, 'batch_size': 101, 'beta_1': 0.9574488272143615, 'beta_2': 0.908367832824846, 'epsilon': 1.3304157895876218e-09, 'hidden_layer_sizes': 101, 'learning_rate_init': 0.025271413317553334, 'tol': 1.6586593128299686e-05, 'validation_fraction': 0.7180462121158332}]
/home/ryedida/.local/lib/python3.9/site-packages/sklearn/neural_network/_multilayer_perceptron.py:605: UserWarning: Got `batch_size` less than 1 or larger than sample size. It is going to be clipped
  warnings.warn(

function_evaluation time 0.318748 value 4279.490819 suggestion {'alpha': 1.1745839649335054e-05, 'batch_size': 101, 'beta_1': 0.9574488272143615, 'beta_2': 0.908367832824846, 'epsilon': 1.3304157895876218e-09, 'hidden_layer_sizes': 101, 'learning_rate_init': 0.025271413317553334, 'tol': 1.6586593128299686e-05, 'validation_fraction': 0.7180462121158332}
observation time 0.000006, current best 4279.490819 at iter 0
Failure in optimizer suggest. Falling back to random search.
name 'activ' is not defined
Traceback (most recent call last):
  File "/home/ryedida/.local/lib/python3.9/site-packages/bayesmark/experiment.py", line 126, in run_study
    next_points = optimizer.suggest(n_suggestions)
  File "/home/ryedida/bbo_challenge_starter_kit/example_submissions/smoothness/optimizer.py", line 105, in suggest
    betas = [self._get_smoothness_reg(guess) for guess in guesses]
  File "/home/ryedida/bbo_challenge_starter_kit/example_submissions/smoothness/optimizer.py", line 105, in <listcomp>
    betas = [self._get_smoothness_reg(guess) for guess in guesses]
  File "/home/ryedida/bbo_challenge_starter_kit/example_submissions/smoothness/optimizer.py", line 48, in _get_smoothness_reg
    if activ > Kz:
NameError: name 'activ' is not defined
suggestion time taken 0.329854 iter 1 next_points [{'alpha': 0.017312536443430216, 'batch_size': 73, 'beta_1': 0.8907540835878136, 'beta_2': 0.999993963887025, 'epsilon': 7.423730136589972e-09, 'hidden_layer_sizes': 149, 'learning_rate_init': 6.717077647034563e-05, 'tol': 2.9724313077006345e-05, 'validation_fraction': 0.22976893156855463}]
/home/ryedida/.local/lib/python3.9/site-packages/sklearn/neural_network/_multilayer_perceptron.py:686: ConvergenceWarning: Stochastic Optimizer: Maximum iterations (200) reached and the optimization hasn't converged yet.
  warnings.warn(

function_evaluation time 1.494821 value 28877.851551 suggestion {'alpha': 0.017312536443430216, 'batch_size': 73, 'beta_1': 0.8907540835878136, 'beta_2': 0.999993963887025, 'epsilon': 7.423730136589972e-09, 'hidden_layer_sizes': 149, 'learning_rate_init': 6.717077647034563e-05, 'tol': 2.9724313077006345e-05, 'validation_fraction': 0.22976893156855463}
observation time 0.000004, current best 4279.490819 at iter 1
Failure in optimizer suggest. Falling back to random search.
name 'activ' is not defined
Traceback (most recent call last):
  File "/home/ryedida/.local/lib/python3.9/site-packages/bayesmark/experiment.py", line 126, in run_study
    next_points = optimizer.suggest(n_suggestions)
  File "/home/ryedida/bbo_challenge_starter_kit/example_submissions/smoothness/optimizer.py", line 105, in suggest
    betas = [self._get_smoothness_reg(guess) for guess in guesses]
  File "/home/ryedida/bbo_challenge_starter_kit/example_submissions/smoothness/optimizer.py", line 105, in <listcomp>
    betas = [self._get_smoothness_reg(guess) for guess in guesses]
  File "/home/ryedida/bbo_challenge_starter_kit/example_submissions/smoothness/optimizer.py", line 48, in _get_smoothness_reg
    if activ > Kz:
NameError: name 'activ' is not defined
suggestion time taken 0.341413 iter 2 next_points [{'alpha': 0.0018970869204315653, 'batch_size': 111, 'beta_1': 0.9129095230712722, 'beta_2': 0.9956364332736489, 'epsilon': 8.071510305652912e-07, 'hidden_layer_sizes': 198, 'learning_rate_init': 0.002078038891574412, 'tol': 0.0002678236755721996, 'validation_fraction': 0.12641738009864437}]
/home/ryedida/.local/lib/python3.9/site-packages/sklearn/neural_network/_multilayer_perceptron.py:686: ConvergenceWarning: Stochastic Optimizer: Maximum iterations (200) reached and the optimization hasn't converged yet.
  warnings.warn(

function_evaluation time 1.628444 value 3959.111291 suggestion {'alpha': 0.0018970869204315653, 'batch_size': 111, 'beta_1': 0.9129095230712722, 'beta_2': 0.9956364332736489, 'epsilon': 8.071510305652912e-07, 'hidden_layer_sizes': 198, 'learning_rate_init': 0.002078038891574412, 'tol': 0.0002678236755721996, 'validation_fraction': 0.12641738009864437}
observation time 0.000004, current best 3959.111291 at iter 2
Failure in optimizer suggest. Falling back to random search.
name 'activ' is not defined
Traceback (most recent call last):
  File "/home/ryedida/.local/lib/python3.9/site-packages/bayesmark/experiment.py", line 126, in run_study
    next_points = optimizer.suggest(n_suggestions)
  File "/home/ryedida/bbo_challenge_starter_kit/example_submissions/smoothness/optimizer.py", line 105, in suggest
    betas = [self._get_smoothness_reg(guess) for guess in guesses]
  File "/home/ryedida/bbo_challenge_starter_kit/example_submissions/smoothness/optimizer.py", line 105, in <listcomp>
    betas = [self._get_smoothness_reg(guess) for guess in guesses]
  File "/home/ryedida/bbo_challenge_starter_kit/example_submissions/smoothness/optimizer.py", line 48, in _get_smoothness_reg
    if activ > Kz:
NameError: name 'activ' is not defined
suggestion time taken 0.334625 iter 3 next_points [{'alpha': 0.00010407456706356386, 'batch_size': 160, 'beta_1': 0.5589109199494632, 'beta_2': 0.9504928376015508, 'epsilon': 1.2735083446300972e-07, 'hidden_layer_sizes': 89, 'learning_rate_init': 0.001354933238890705, 'tol': 0.00334929744581894, 'validation_fraction': 0.6299661455964143}]
/home/ryedida/.local/lib/python3.9/site-packages/sklearn/neural_network/_multilayer_perceptron.py:605: UserWarning: Got `batch_size` less than 1 or larger than sample size. It is going to be clipped
  warnings.warn(

function_evaluation time 0.050325 value 29063.033592 suggestion {'alpha': 0.00010407456706356386, 'batch_size': 160, 'beta_1': 0.5589109199494632, 'beta_2': 0.9504928376015508, 'epsilon': 1.2735083446300972e-07, 'hidden_layer_sizes': 89, 'learning_rate_init': 0.001354933238890705, 'tol': 0.00334929744581894, 'validation_fraction': 0.6299661455964143}
observation time 0.000005, current best 3959.111291 at iter 3
Failure in optimizer suggest. Falling back to random search.
name 'activ' is not defined
Traceback (most recent call last):
  File "/home/ryedida/.local/lib/python3.9/site-packages/bayesmark/experiment.py", line 126, in run_study
    next_points = optimizer.suggest(n_suggestions)
  File "/home/ryedida/bbo_challenge_starter_kit/example_submissions/smoothness/optimizer.py", line 105, in suggest
    betas = [self._get_smoothness_reg(guess) for guess in guesses]
  File "/home/ryedida/bbo_challenge_starter_kit/example_submissions/smoothness/optimizer.py", line 105, in <listcomp>
    betas = [self._get_smoothness_reg(guess) for guess in guesses]
  File "/home/ryedida/bbo_challenge_starter_kit/example_submissions/smoothness/optimizer.py", line 48, in _get_smoothness_reg
    if activ > Kz:
NameError: name 'activ' is not defined
suggestion time taken 0.326089 iter 4 next_points [{'alpha': 1.0023460869274762e-05, 'batch_size': 204, 'beta_1': 0.86929056552221, 'beta_2': 0.9999901884531128, 'epsilon': 3.0029175715515716e-09, 'hidden_layer_sizes': 195, 'learning_rate_init': 0.0002800757467374178, 'tol': 0.0010604634620519776, 'validation_fraction': 0.8019074441710647}]
/home/ryedida/.local/lib/python3.9/site-packages/sklearn/neural_network/_multilayer_perceptron.py:605: UserWarning: Got `batch_size` less than 1 or larger than sample size. It is going to be clipped
  warnings.warn(

function_evaluation time 0.059036 value 29036.197217 suggestion {'alpha': 1.0023460869274762e-05, 'batch_size': 204, 'beta_1': 0.86929056552221, 'beta_2': 0.9999901884531128, 'epsilon': 3.0029175715515716e-09, 'hidden_layer_sizes': 195, 'learning_rate_init': 0.0002800757467374178, 'tol': 0.0010604634620519776, 'validation_fraction': 0.8019074441710647}
observation time 0.000005, current best 3959.111291 at iter 4
Failure in optimizer suggest. Falling back to random search.
name 'activ' is not defined
Traceback (most recent call last):
  File "/home/ryedida/.local/lib/python3.9/site-packages/bayesmark/experiment.py", line 126, in run_study
    next_points = optimizer.suggest(n_suggestions)
  File "/home/ryedida/bbo_challenge_starter_kit/example_submissions/smoothness/optimizer.py", line 105, in suggest
    betas = [self._get_smoothness_reg(guess) for guess in guesses]
  File "/home/ryedida/bbo_challenge_starter_kit/example_submissions/smoothness/optimizer.py", line 105, in <listcomp>
    betas = [self._get_smoothness_reg(guess) for guess in guesses]
  File "/home/ryedida/bbo_challenge_starter_kit/example_submissions/smoothness/optimizer.py", line 48, in _get_smoothness_reg
    if activ > Kz:
NameError: name 'activ' is not defined
suggestion time taken 0.328562 iter 5 next_points [{'alpha': 0.011322143895962243, 'batch_size': 62, 'beta_1': 0.5674637750795067, 'beta_2': 0.9927309338204497, 'epsilon': 4.050891770176861e-09, 'hidden_layer_sizes': 180, 'learning_rate_init': 0.0008748099547893175, 'tol': 0.009859311003972325, 'validation_fraction': 0.6554100195451865}]
function_evaluation time 0.076810 value 28962.756661 suggestion {'alpha': 0.011322143895962243, 'batch_size': 62, 'beta_1': 0.5674637750795067, 'beta_2': 0.9927309338204497, 'epsilon': 4.050891770176861e-09, 'hidden_layer_sizes': 180, 'learning_rate_init': 0.0008748099547893175, 'tol': 0.009859311003972325, 'validation_fraction': 0.6554100195451865}
observation time 0.000006, current best 3959.111291 at iter 5
Failure in optimizer suggest. Falling back to random search.
name 'activ' is not defined
Traceback (most recent call last):
  File "/home/ryedida/.local/lib/python3.9/site-packages/bayesmark/experiment.py", line 126, in run_study
    next_points = optimizer.suggest(n_suggestions)
  File "/home/ryedida/bbo_challenge_starter_kit/example_submissions/smoothness/optimizer.py", line 105, in suggest
    betas = [self._get_smoothness_reg(guess) for guess in guesses]
  File "/home/ryedida/bbo_challenge_starter_kit/example_submissions/smoothness/optimizer.py", line 105, in <listcomp>
    betas = [self._get_smoothness_reg(guess) for guess in guesses]
  File "/home/ryedida/bbo_challenge_starter_kit/example_submissions/smoothness/optimizer.py", line 48, in _get_smoothness_reg
    if activ > Kz:
NameError: name 'activ' is not defined
suggestion time taken 0.336263 iter 6 next_points [{'alpha': 3.238335016741354, 'batch_size': 25, 'beta_1': 0.9522108891684378, 'beta_2': 0.9998815595912102, 'epsilon': 2.8367887005080234e-09, 'hidden_layer_sizes': 128, 'learning_rate_init': 0.0028042855789774316, 'tol': 0.00023233001662078317, 'validation_fraction': 0.5978482492363948}]
/home/ryedida/.local/lib/python3.9/site-packages/sklearn/neural_network/_multilayer_perceptron.py:686: ConvergenceWarning: Stochastic Optimizer: Maximum iterations (200) reached and the optimization hasn't converged yet.
  warnings.warn(

function_evaluation time 1.626148 value 3434.455619 suggestion {'alpha': 3.238335016741354, 'batch_size': 25, 'beta_1': 0.9522108891684378, 'beta_2': 0.9998815595912102, 'epsilon': 2.8367887005080234e-09, 'hidden_layer_sizes': 128, 'learning_rate_init': 0.0028042855789774316, 'tol': 0.00023233001662078317, 'validation_fraction': 0.5978482492363948}
observation time 0.000005, current best 3434.455619 at iter 6
Failure in optimizer suggest. Falling back to random search.
name 'activ' is not defined
Traceback (most recent call last):
  File "/home/ryedida/.local/lib/python3.9/site-packages/bayesmark/experiment.py", line 126, in run_study
    next_points = optimizer.suggest(n_suggestions)
  File "/home/ryedida/bbo_challenge_starter_kit/example_submissions/smoothness/optimizer.py", line 105, in suggest
    betas = [self._get_smoothness_reg(guess) for guess in guesses]
  File "/home/ryedida/bbo_challenge_starter_kit/example_submissions/smoothness/optimizer.py", line 105, in <listcomp>
    betas = [self._get_smoothness_reg(guess) for guess in guesses]
  File "/home/ryedida/bbo_challenge_starter_kit/example_submissions/smoothness/optimizer.py", line 48, in _get_smoothness_reg
    if activ > Kz:
NameError: name 'activ' is not defined
suggestion time taken 0.455164 iter 7 next_points [{'alpha': 0.40960603910779053, 'batch_size': 91, 'beta_1': 0.9832795991786585, 'beta_2': 0.9991409085051005, 'epsilon': 7.297941308345357e-08, 'hidden_layer_sizes': 109, 'learning_rate_init': 0.021865186627242, 'tol': 6.637503961507557e-05, 'validation_fraction': 0.6542554626964122}]
function_evaluation time 0.254058 value 4666.412261 suggestion {'alpha': 0.40960603910779053, 'batch_size': 91, 'beta_1': 0.9832795991786585, 'beta_2': 0.9991409085051005, 'epsilon': 7.297941308345357e-08, 'hidden_layer_sizes': 109, 'learning_rate_init': 0.021865186627242, 'tol': 6.637503961507557e-05, 'validation_fraction': 0.6542554626964122}
observation time 0.000006, current best 3434.455619 at iter 7
Failure in optimizer suggest. Falling back to random search.
name 'activ' is not defined
Traceback (most recent call last):
  File "/home/ryedida/.local/lib/python3.9/site-packages/bayesmark/experiment.py", line 126, in run_study
    next_points = optimizer.suggest(n_suggestions)
  File "/home/ryedida/bbo_challenge_starter_kit/example_submissions/smoothness/optimizer.py", line 105, in suggest
    betas = [self._get_smoothness_reg(guess) for guess in guesses]
  File "/home/ryedida/bbo_challenge_starter_kit/example_submissions/smoothness/optimizer.py", line 105, in <listcomp>
    betas = [self._get_smoothness_reg(guess) for guess in guesses]
  File "/home/ryedida/bbo_challenge_starter_kit/example_submissions/smoothness/optimizer.py", line 48, in _get_smoothness_reg
    if activ > Kz:
NameError: name 'activ' is not defined
suggestion time taken 0.323851 iter 8 next_points [{'alpha': 0.0006334701322050677, 'batch_size': 180, 'beta_1': 0.9808838640759893, 'beta_2': 0.9999964874935966, 'epsilon': 7.302162267550814e-09, 'hidden_layer_sizes': 74, 'learning_rate_init': 0.007196424648508884, 'tol': 0.0013342723000601213, 'validation_fraction': 0.713261881421459}]
/home/ryedida/.local/lib/python3.9/site-packages/sklearn/neural_network/_multilayer_perceptron.py:605: UserWarning: Got `batch_size` less than 1 or larger than sample size. It is going to be clipped
  warnings.warn(

/home/ryedida/.local/lib/python3.9/site-packages/sklearn/neural_network/_multilayer_perceptron.py:686: ConvergenceWarning: Stochastic Optimizer: Maximum iterations (200) reached and the optimization hasn't converged yet.
  warnings.warn(

function_evaluation time 0.602385 value 9161.561063 suggestion {'alpha': 0.0006334701322050677, 'batch_size': 180, 'beta_1': 0.9808838640759893, 'beta_2': 0.9999964874935966, 'epsilon': 7.302162267550814e-09, 'hidden_layer_sizes': 74, 'learning_rate_init': 0.007196424648508884, 'tol': 0.0013342723000601213, 'validation_fraction': 0.713261881421459}
observation time 0.000005, current best 3434.455619 at iter 8
Failure in optimizer suggest. Falling back to random search.
name 'activ' is not defined
Traceback (most recent call last):
  File "/home/ryedida/.local/lib/python3.9/site-packages/bayesmark/experiment.py", line 126, in run_study
    next_points = optimizer.suggest(n_suggestions)
  File "/home/ryedida/bbo_challenge_starter_kit/example_submissions/smoothness/optimizer.py", line 105, in suggest
    betas = [self._get_smoothness_reg(guess) for guess in guesses]
  File "/home/ryedida/bbo_challenge_starter_kit/example_submissions/smoothness/optimizer.py", line 105, in <listcomp>
    betas = [self._get_smoothness_reg(guess) for guess in guesses]
  File "/home/ryedida/bbo_challenge_starter_kit/example_submissions/smoothness/optimizer.py", line 48, in _get_smoothness_reg
    if activ > Kz:
NameError: name 'activ' is not defined
suggestion time taken 0.327958 iter 9 next_points [{'alpha': 0.0009042064860025738, 'batch_size': 74, 'beta_1': 0.91765310827963, 'beta_2': 0.9999933775947146, 'epsilon': 1.6286368834031909e-09, 'hidden_layer_sizes': 193, 'learning_rate_init': 0.00036637308034590226, 'tol': 0.04195616464905247, 'validation_fraction': 0.1306595980937314}]
function_evaluation time 0.122853 value 28997.782253 suggestion {'alpha': 0.0009042064860025738, 'batch_size': 74, 'beta_1': 0.91765310827963, 'beta_2': 0.9999933775947146, 'epsilon': 1.6286368834031909e-09, 'hidden_layer_sizes': 193, 'learning_rate_init': 0.00036637308034590226, 'tol': 0.04195616464905247, 'validation_fraction': 0.1306595980937314}
observation time 0.000005, current best 3434.455619 at iter 9
Failure in optimizer suggest. Falling back to random search.
name 'activ' is not defined
Traceback (most recent call last):
  File "/home/ryedida/.local/lib/python3.9/site-packages/bayesmark/experiment.py", line 126, in run_study
    next_points = optimizer.suggest(n_suggestions)
  File "/home/ryedida/bbo_challenge_starter_kit/example_submissions/smoothness/optimizer.py", line 105, in suggest
    betas = [self._get_smoothness_reg(guess) for guess in guesses]
  File "/home/ryedida/bbo_challenge_starter_kit/example_submissions/smoothness/optimizer.py", line 105, in <listcomp>
    betas = [self._get_smoothness_reg(guess) for guess in guesses]
  File "/home/ryedida/bbo_challenge_starter_kit/example_submissions/smoothness/optimizer.py", line 48, in _get_smoothness_reg
    if activ > Kz:
NameError: name 'activ' is not defined
suggestion time taken 0.327628 iter 10 next_points [{'alpha': 4.414163418408879, 'batch_size': 160, 'beta_1': 0.9854704993089012, 'beta_2': 0.9999762228400303, 'epsilon': 2.556638939887178e-09, 'hidden_layer_sizes': 123, 'learning_rate_init': 0.00010974359739580615, 'tol': 3.810889013160995e-05, 'validation_fraction': 0.4362771723364111}]
/home/ryedida/.local/lib/python3.9/site-packages/sklearn/neural_network/_multilayer_perceptron.py:686: ConvergenceWarning: Stochastic Optimizer: Maximum iterations (200) reached and the optimization hasn't converged yet.
  warnings.warn(

function_evaluation time 0.874376 value 29006.622144 suggestion {'alpha': 4.414163418408879, 'batch_size': 160, 'beta_1': 0.9854704993089012, 'beta_2': 0.9999762228400303, 'epsilon': 2.556638939887178e-09, 'hidden_layer_sizes': 123, 'learning_rate_init': 0.00010974359739580615, 'tol': 3.810889013160995e-05, 'validation_fraction': 0.4362771723364111}
observation time 0.000004, current best 3434.455619 at iter 10
Failure in optimizer suggest. Falling back to random search.
name 'activ' is not defined
Traceback (most recent call last):
  File "/home/ryedida/.local/lib/python3.9/site-packages/bayesmark/experiment.py", line 126, in run_study
    next_points = optimizer.suggest(n_suggestions)
  File "/home/ryedida/bbo_challenge_starter_kit/example_submissions/smoothness/optimizer.py", line 105, in suggest
    betas = [self._get_smoothness_reg(guess) for guess in guesses]
  File "/home/ryedida/bbo_challenge_starter_kit/example_submissions/smoothness/optimizer.py", line 105, in <listcomp>
    betas = [self._get_smoothness_reg(guess) for guess in guesses]
  File "/home/ryedida/bbo_challenge_starter_kit/example_submissions/smoothness/optimizer.py", line 48, in _get_smoothness_reg
    if activ > Kz:
NameError: name 'activ' is not defined
suggestion time taken 0.319275 iter 11 next_points [{'alpha': 0.23036011475298543, 'batch_size': 56, 'beta_1': 0.9855194132605557, 'beta_2': 0.9999573312782181, 'epsilon': 9.721355899949503e-09, 'hidden_layer_sizes': 112, 'learning_rate_init': 0.006268166460208664, 'tol': 2.777822213842237e-05, 'validation_fraction': 0.8993507840553423}]
/home/ryedida/.local/lib/python3.9/site-packages/sklearn/neural_network/_multilayer_perceptron.py:605: UserWarning: Got `batch_size` less than 1 or larger than sample size. It is going to be clipped
  warnings.warn(

/home/ryedida/.local/lib/python3.9/site-packages/sklearn/neural_network/_multilayer_perceptron.py:686: ConvergenceWarning: Stochastic Optimizer: Maximum iterations (200) reached and the optimization hasn't converged yet.
  warnings.warn(

function_evaluation time 0.647563 value 9929.336051 suggestion {'alpha': 0.23036011475298543, 'batch_size': 56, 'beta_1': 0.9855194132605557, 'beta_2': 0.9999573312782181, 'epsilon': 9.721355899949503e-09, 'hidden_layer_sizes': 112, 'learning_rate_init': 0.006268166460208664, 'tol': 2.777822213842237e-05, 'validation_fraction': 0.8993507840553423}
observation time 0.000005, current best 3434.455619 at iter 11
Failure in optimizer suggest. Falling back to random search.
name 'activ' is not defined
Traceback (most recent call last):
  File "/home/ryedida/.local/lib/python3.9/site-packages/bayesmark/experiment.py", line 126, in run_study
    next_points = optimizer.suggest(n_suggestions)
  File "/home/ryedida/bbo_challenge_starter_kit/example_submissions/smoothness/optimizer.py", line 105, in suggest
    betas = [self._get_smoothness_reg(guess) for guess in guesses]
  File "/home/ryedida/bbo_challenge_starter_kit/example_submissions/smoothness/optimizer.py", line 105, in <listcomp>
    betas = [self._get_smoothness_reg(guess) for guess in guesses]
  File "/home/ryedida/bbo_challenge_starter_kit/example_submissions/smoothness/optimizer.py", line 48, in _get_smoothness_reg
    if activ > Kz:
NameError: name 'activ' is not defined
suggestion time taken 0.325113 iter 12 next_points [{'alpha': 1.3692515318949046e-05, 'batch_size': 51, 'beta_1': 0.8704235980843874, 'beta_2': 0.9998788186386396, 'epsilon': 4.536049642315944e-08, 'hidden_layer_sizes': 112, 'learning_rate_init': 0.0006232066772063086, 'tol': 0.00934621272252187, 'validation_fraction': 0.6559878924582416}]
function_evaluation time 0.068465 value 29095.093258 suggestion {'alpha': 1.3692515318949046e-05, 'batch_size': 51, 'beta_1': 0.8704235980843874, 'beta_2': 0.9998788186386396, 'epsilon': 4.536049642315944e-08, 'hidden_layer_sizes': 112, 'learning_rate_init': 0.0006232066772063086, 'tol': 0.00934621272252187, 'validation_fraction': 0.6559878924582416}
observation time 0.000004, current best 3434.455619 at iter 12
Failure in optimizer suggest. Falling back to random search.
name 'activ' is not defined
Traceback (most recent call last):
  File "/home/ryedida/.local/lib/python3.9/site-packages/bayesmark/experiment.py", line 126, in run_study
    next_points = optimizer.suggest(n_suggestions)
  File "/home/ryedida/bbo_challenge_starter_kit/example_submissions/smoothness/optimizer.py", line 105, in suggest
    betas = [self._get_smoothness_reg(guess) for guess in guesses]
  File "/home/ryedida/bbo_challenge_starter_kit/example_submissions/smoothness/optimizer.py", line 105, in <listcomp>
    betas = [self._get_smoothness_reg(guess) for guess in guesses]
  File "/home/ryedida/bbo_challenge_starter_kit/example_submissions/smoothness/optimizer.py", line 48, in _get_smoothness_reg
    if activ > Kz:
NameError: name 'activ' is not defined
suggestion time taken 0.322076 iter 13 next_points [{'alpha': 5.0358023064892845e-05, 'batch_size': 116, 'beta_1': 0.9777867417593671, 'beta_2': 0.9999988978598954, 'epsilon': 2.4826256662097406e-09, 'hidden_layer_sizes': 167, 'learning_rate_init': 0.048537368247775194, 'tol': 5.3963824149429e-05, 'validation_fraction': 0.45228491388965353}]
function_evaluation time 0.164669 value 4136.504285 suggestion {'alpha': 5.0358023064892845e-05, 'batch_size': 116, 'beta_1': 0.9777867417593671, 'beta_2': 0.9999988978598954, 'epsilon': 2.4826256662097406e-09, 'hidden_layer_sizes': 167, 'learning_rate_init': 0.048537368247775194, 'tol': 5.3963824149429e-05, 'validation_fraction': 0.45228491388965353}
observation time 0.000005, current best 3434.455619 at iter 13
Failure in optimizer suggest. Falling back to random search.
name 'activ' is not defined
Traceback (most recent call last):
  File "/home/ryedida/.local/lib/python3.9/site-packages/bayesmark/experiment.py", line 126, in run_study
    next_points = optimizer.suggest(n_suggestions)
  File "/home/ryedida/bbo_challenge_starter_kit/example_submissions/smoothness/optimizer.py", line 105, in suggest
    betas = [self._get_smoothness_reg(guess) for guess in guesses]
  File "/home/ryedida/bbo_challenge_starter_kit/example_submissions/smoothness/optimizer.py", line 105, in <listcomp>
    betas = [self._get_smoothness_reg(guess) for guess in guesses]
  File "/home/ryedida/bbo_challenge_starter_kit/example_submissions/smoothness/optimizer.py", line 48, in _get_smoothness_reg
    if activ > Kz:
NameError: name 'activ' is not defined
suggestion time taken 0.322720 iter 14 next_points [{'alpha': 8.742687106300482e-05, 'batch_size': 14, 'beta_1': 0.9681975041933218, 'beta_2': 0.9993361854420969, 'epsilon': 2.2192308646686468e-08, 'hidden_layer_sizes': 155, 'learning_rate_init': 3.8102843764787113e-05, 'tol': 4.336875889648769e-05, 'validation_fraction': 0.22036229508560387}]
/home/ryedida/.local/lib/python3.9/site-packages/sklearn/neural_network/_multilayer_perceptron.py:686: ConvergenceWarning: Stochastic Optimizer: Maximum iterations (200) reached and the optimization hasn't converged yet.
  warnings.warn(

function_evaluation time 4.084422 value 28201.506366 suggestion {'alpha': 8.742687106300482e-05, 'batch_size': 14, 'beta_1': 0.9681975041933218, 'beta_2': 0.9993361854420969, 'epsilon': 2.2192308646686468e-08, 'hidden_layer_sizes': 155, 'learning_rate_init': 3.8102843764787113e-05, 'tol': 4.336875889648769e-05, 'validation_fraction': 0.22036229508560387}
observation time 0.000005, current best 3434.455619 at iter 14
saving meta data: {'args': {'--uuid': 'c58392ac571b5f8d827eead21a270409', '-db-root': '/home/ryedida/bbo_challenge_starter_kit/output', '--opt-root': '/home/ryedida/bbo_challenge_starter_kit/example_submissions', '--data-root': None, '--db': 'run_20230425_055340', '--opt': 'smoothness', '--data': 'diabetes', '--classifier': 'MLP-adam', '--metric': 'mse', '--calls': 15, '--suggestions': 1, '--jobs-file': None, '--verbose': False, 'dry_run': False, 'rev': 'a376313', 'opt_rev': 'x.x.x'}, 'signature': ([{'alpha': 0.019628224813442792, 'batch_size': 182, 'beta_1': 0.9410202200271762, 'beta_2': 0.9998021557676793, 'epsilon': 1.8662266976518e-08, 'hidden_layer_sizes': 147, 'learning_rate_init': 0.0005627932047415167, 'tol': 0.03690557729213761, 'validation_fraction': 0.8846827852548593}, {'alpha': 0.0019982467392329444, 'batch_size': 200, 'beta_1': 0.919111482530466, 'beta_2': 0.9998488260436156, 'epsilon': 5.981221901152555e-07, 'hidden_layer_sizes': 61, 'learning_rate_init': 2.2310905607443014e-05, 'tol': 1.2046852412030316e-05, 'validation_fraction': 0.8117896445826539}, {'alpha': 0.46659545670218433, 'batch_size': 219, 'beta_1': 0.9889789783750891, 'beta_2': 0.9999896868093284, 'epsilon': 2.4234724484675948e-08, 'hidden_layer_sizes': 167, 'learning_rate_init': 2.972334644335654e-05, 'tol': 0.0036281404040243792, 'validation_fraction': 0.17260651658522078}, {'alpha': 4.656005689076002, 'batch_size': 135, 'beta_1': 0.870503881627747, 'beta_2': 0.9948873266941017, 'epsilon': 2.1023308743480125e-07, 'hidden_layer_sizes': 118, 'learning_rate_init': 0.0018781738757161913, 'tol': 1.1889379831773004e-05, 'validation_fraction': 0.6264327093752792}, {'alpha': 0.04705159350400542, 'batch_size': 158, 'beta_1': 0.9870884262730957, 'beta_2': 0.9999596874382349, 'epsilon': 1.1981845126013875e-08, 'hidden_layer_sizes': 116, 'learning_rate_init': 0.00617340520407431, 'tol': 1.741413418158619e-05, 'validation_fraction': 0.6754299026638921}], [29083.993548572587, 29062.423277324073, 29075.78987471409, 24626.32866834337, 9584.226858493177])}
saving results
saving timing
saving suggest log
done
