running: {'--uuid': 'ceecd62cc09d518a8eed4cd002b53ba3', '-db-root': '/home/ryedida/bbo_challenge_starter_kit/output', '--opt-root': '/home/ryedida/bbo_challenge_starter_kit/example_submissions', '--data-root': None, '--db': 'run_20230425_055340', '--opt': 'smoothness', '--data': 'diabetes', '--classifier': 'MLP-adam', '--metric': 'mse', '--calls': 15, '--suggestions': 1, '--jobs-file': None, '--verbose': False, 'dry_run': False, 'rev': 'a376313', 'opt_rev': 'x.x.x'}
cmd: python smoothness/optimizer.py -c MLP-adam -d diabetes -o smoothness -u ceecd62cc09d518a8eed4cd002b53ba3 -m mse -n 15 -p 1 -dir /home/ryedida/bbo_challenge_starter_kit/output -b run_20230425_055340
/home/ryedida/.local/lib/python3.9/site-packages/sklearn/neural_network/_multilayer_perceptron.py:605: UserWarning: Got `batch_size` less than 1 or larger than sample size. It is going to be clipped
  warnings.warn(

/home/ryedida/.local/lib/python3.9/site-packages/sklearn/neural_network/_multilayer_perceptron.py:605: UserWarning: Got `batch_size` less than 1 or larger than sample size. It is going to be clipped
  warnings.warn(

/home/ryedida/.local/lib/python3.9/site-packages/sklearn/neural_network/_multilayer_perceptron.py:605: UserWarning: Got `batch_size` less than 1 or larger than sample size. It is going to be clipped
  warnings.warn(

/home/ryedida/.local/lib/python3.9/site-packages/sklearn/neural_network/_multilayer_perceptron.py:686: ConvergenceWarning: Stochastic Optimizer: Maximum iterations (200) reached and the optimization hasn't converged yet.
  warnings.warn(

/home/ryedida/.local/lib/python3.9/site-packages/sklearn/neural_network/_multilayer_perceptron.py:605: UserWarning: Got `batch_size` less than 1 or larger than sample size. It is going to be clipped
  warnings.warn(

/home/ryedida/.local/lib/python3.9/site-packages/sklearn/neural_network/_multilayer_perceptron.py:686: ConvergenceWarning: Stochastic Optimizer: Maximum iterations (200) reached and the optimization hasn't converged yet.
  warnings.warn(

computed signature: ([{'alpha': 0.019628224813442792, 'batch_size': 182, 'beta_1': 0.9410202200271762, 'beta_2': 0.9998021557676793, 'epsilon': 1.8662266976518e-08, 'hidden_layer_sizes': 147, 'learning_rate_init': 0.0005627932047415167, 'tol': 0.03690557729213761, 'validation_fraction': 0.8846827852548593}, {'alpha': 0.0019982467392329444, 'batch_size': 200, 'beta_1': 0.919111482530466, 'beta_2': 0.9998488260436156, 'epsilon': 5.981221901152555e-07, 'hidden_layer_sizes': 61, 'learning_rate_init': 2.2310905607443014e-05, 'tol': 1.2046852412030316e-05, 'validation_fraction': 0.8117896445826539}, {'alpha': 0.46659545670218433, 'batch_size': 219, 'beta_1': 0.9889789783750891, 'beta_2': 0.9999896868093284, 'epsilon': 2.4234724484675948e-08, 'hidden_layer_sizes': 167, 'learning_rate_init': 2.972334644335654e-05, 'tol': 0.0036281404040243792, 'validation_fraction': 0.17260651658522078}, {'alpha': 4.656005689076002, 'batch_size': 135, 'beta_1': 0.870503881627747, 'beta_2': 0.9948873266941017, 'epsilon': 2.1023308743480125e-07, 'hidden_layer_sizes': 118, 'learning_rate_init': 0.0018781738757161913, 'tol': 1.1889379831773004e-05, 'validation_fraction': 0.6264327093752792}, {'alpha': 0.04705159350400542, 'batch_size': 158, 'beta_1': 0.9870884262730957, 'beta_2': 0.9999596874382349, 'epsilon': 1.1981845126013875e-08, 'hidden_layer_sizes': 116, 'learning_rate_init': 0.00617340520407431, 'tol': 1.741413418158619e-05, 'validation_fraction': 0.6754299026638921}], [29083.993548572587, 29062.423277324073, 29075.78987471409, 24626.32866834337, 9584.226858493177])
Signature errors:
                              0         1         2         3         4       max
MLP-adam_diabetes_mse  0.000007  0.000008  0.000003  0.003558  0.004952  0.004952
max                    0.000007  0.000008  0.000003  0.003558  0.004952  0.004952
starting sklearn study smoothness MLP-adam diabetes mse 15 1
with data root: None
Failure in optimizer suggest. Falling back to random search.
name 'activ' is not defined
Traceback (most recent call last):
  File "/home/ryedida/.local/lib/python3.9/site-packages/bayesmark/experiment.py", line 126, in run_study
    next_points = optimizer.suggest(n_suggestions)
  File "/home/ryedida/bbo_challenge_starter_kit/example_submissions/smoothness/optimizer.py", line 105, in suggest
    betas = [self._get_smoothness_reg(guess) for guess in guesses]
  File "/home/ryedida/bbo_challenge_starter_kit/example_submissions/smoothness/optimizer.py", line 105, in <listcomp>
    betas = [self._get_smoothness_reg(guess) for guess in guesses]
  File "/home/ryedida/bbo_challenge_starter_kit/example_submissions/smoothness/optimizer.py", line 48, in _get_smoothness_reg
    if activ > Kz:
NameError: name 'activ' is not defined
suggestion time taken 0.496767 iter 0 next_points [{'alpha': 1.6707354720506685e-05, 'batch_size': 58, 'beta_1': 0.5694708250988797, 'beta_2': 0.9607464927442746, 'epsilon': 8.13871137516159e-09, 'hidden_layer_sizes': 161, 'learning_rate_init': 0.0038704476617431594, 'tol': 0.008390494603140085, 'validation_fraction': 0.5938974128995302}]
function_evaluation time 0.928304 value 4178.076383 suggestion {'alpha': 1.6707354720506685e-05, 'batch_size': 58, 'beta_1': 0.5694708250988797, 'beta_2': 0.9607464927442746, 'epsilon': 8.13871137516159e-09, 'hidden_layer_sizes': 161, 'learning_rate_init': 0.0038704476617431594, 'tol': 0.008390494603140085, 'validation_fraction': 0.5938974128995302}
observation time 0.000007, current best 4178.076383 at iter 0
Failure in optimizer suggest. Falling back to random search.
name 'activ' is not defined
Traceback (most recent call last):
  File "/home/ryedida/.local/lib/python3.9/site-packages/bayesmark/experiment.py", line 126, in run_study
    next_points = optimizer.suggest(n_suggestions)
  File "/home/ryedida/bbo_challenge_starter_kit/example_submissions/smoothness/optimizer.py", line 105, in suggest
    betas = [self._get_smoothness_reg(guess) for guess in guesses]
  File "/home/ryedida/bbo_challenge_starter_kit/example_submissions/smoothness/optimizer.py", line 105, in <listcomp>
    betas = [self._get_smoothness_reg(guess) for guess in guesses]
  File "/home/ryedida/bbo_challenge_starter_kit/example_submissions/smoothness/optimizer.py", line 48, in _get_smoothness_reg
    if activ > Kz:
NameError: name 'activ' is not defined
suggestion time taken 0.329470 iter 1 next_points [{'alpha': 0.12410447515599266, 'batch_size': 145, 'beta_1': 0.9759049300479428, 'beta_2': 0.9792379294952478, 'epsilon': 6.118070691044365e-07, 'hidden_layer_sizes': 75, 'learning_rate_init': 0.0015772442729291318, 'tol': 6.216077936058586e-05, 'validation_fraction': 0.47575866984400567}]
/home/ryedida/.local/lib/python3.9/site-packages/sklearn/neural_network/_multilayer_perceptron.py:686: ConvergenceWarning: Stochastic Optimizer: Maximum iterations (200) reached and the optimization hasn't converged yet.
  warnings.warn(

function_evaluation time 0.866465 value 24445.306573 suggestion {'alpha': 0.12410447515599266, 'batch_size': 145, 'beta_1': 0.9759049300479428, 'beta_2': 0.9792379294952478, 'epsilon': 6.118070691044365e-07, 'hidden_layer_sizes': 75, 'learning_rate_init': 0.0015772442729291318, 'tol': 6.216077936058586e-05, 'validation_fraction': 0.47575866984400567}
observation time 0.000005, current best 4178.076383 at iter 1
Failure in optimizer suggest. Falling back to random search.
name 'activ' is not defined
Traceback (most recent call last):
  File "/home/ryedida/.local/lib/python3.9/site-packages/bayesmark/experiment.py", line 126, in run_study
    next_points = optimizer.suggest(n_suggestions)
  File "/home/ryedida/bbo_challenge_starter_kit/example_submissions/smoothness/optimizer.py", line 105, in suggest
    betas = [self._get_smoothness_reg(guess) for guess in guesses]
  File "/home/ryedida/bbo_challenge_starter_kit/example_submissions/smoothness/optimizer.py", line 105, in <listcomp>
    betas = [self._get_smoothness_reg(guess) for guess in guesses]
  File "/home/ryedida/bbo_challenge_starter_kit/example_submissions/smoothness/optimizer.py", line 48, in _get_smoothness_reg
    if activ > Kz:
NameError: name 'activ' is not defined
suggestion time taken 0.327120 iter 2 next_points [{'alpha': 0.12227593051909476, 'batch_size': 221, 'beta_1': 0.9011374879676106, 'beta_2': 0.9399444790538286, 'epsilon': 5.035979148124043e-07, 'hidden_layer_sizes': 118, 'learning_rate_init': 1.1362557435653066e-05, 'tol': 1.226408860266067e-05, 'validation_fraction': 0.8780753441495003}]
/home/ryedida/.local/lib/python3.9/site-packages/sklearn/neural_network/_multilayer_perceptron.py:605: UserWarning: Got `batch_size` less than 1 or larger than sample size. It is going to be clipped
  warnings.warn(

function_evaluation time 0.049992 value 29080.346157 suggestion {'alpha': 0.12227593051909476, 'batch_size': 221, 'beta_1': 0.9011374879676106, 'beta_2': 0.9399444790538286, 'epsilon': 5.035979148124043e-07, 'hidden_layer_sizes': 118, 'learning_rate_init': 1.1362557435653066e-05, 'tol': 1.226408860266067e-05, 'validation_fraction': 0.8780753441495003}
observation time 0.000005, current best 4178.076383 at iter 2
Failure in optimizer suggest. Falling back to random search.
name 'activ' is not defined
Traceback (most recent call last):
  File "/home/ryedida/.local/lib/python3.9/site-packages/bayesmark/experiment.py", line 126, in run_study
    next_points = optimizer.suggest(n_suggestions)
  File "/home/ryedida/bbo_challenge_starter_kit/example_submissions/smoothness/optimizer.py", line 105, in suggest
    betas = [self._get_smoothness_reg(guess) for guess in guesses]
  File "/home/ryedida/bbo_challenge_starter_kit/example_submissions/smoothness/optimizer.py", line 105, in <listcomp>
    betas = [self._get_smoothness_reg(guess) for guess in guesses]
  File "/home/ryedida/bbo_challenge_starter_kit/example_submissions/smoothness/optimizer.py", line 48, in _get_smoothness_reg
    if activ > Kz:
NameError: name 'activ' is not defined
suggestion time taken 0.327745 iter 3 next_points [{'alpha': 1.576615594391927e-05, 'batch_size': 95, 'beta_1': 0.5093252801167145, 'beta_2': 0.9999980521578213, 'epsilon': 3.5870903339975723e-09, 'hidden_layer_sizes': 134, 'learning_rate_init': 0.04032146426636856, 'tol': 0.08630167791062032, 'validation_fraction': 0.3883742985788355}]
function_evaluation time 0.153244 value 3436.630327 suggestion {'alpha': 1.576615594391927e-05, 'batch_size': 95, 'beta_1': 0.5093252801167145, 'beta_2': 0.9999980521578213, 'epsilon': 3.5870903339975723e-09, 'hidden_layer_sizes': 134, 'learning_rate_init': 0.04032146426636856, 'tol': 0.08630167791062032, 'validation_fraction': 0.3883742985788355}
observation time 0.000005, current best 3436.630327 at iter 3
Failure in optimizer suggest. Falling back to random search.
name 'activ' is not defined
Traceback (most recent call last):
  File "/home/ryedida/.local/lib/python3.9/site-packages/bayesmark/experiment.py", line 126, in run_study
    next_points = optimizer.suggest(n_suggestions)
  File "/home/ryedida/bbo_challenge_starter_kit/example_submissions/smoothness/optimizer.py", line 105, in suggest
    betas = [self._get_smoothness_reg(guess) for guess in guesses]
  File "/home/ryedida/bbo_challenge_starter_kit/example_submissions/smoothness/optimizer.py", line 105, in <listcomp>
    betas = [self._get_smoothness_reg(guess) for guess in guesses]
  File "/home/ryedida/bbo_challenge_starter_kit/example_submissions/smoothness/optimizer.py", line 48, in _get_smoothness_reg
    if activ > Kz:
NameError: name 'activ' is not defined
suggestion time taken 0.328182 iter 4 next_points [{'alpha': 0.15170285344442977, 'batch_size': 125, 'beta_1': 0.9786584908584578, 'beta_2': 0.9995334038640594, 'epsilon': 2.1809144300559408e-07, 'hidden_layer_sizes': 178, 'learning_rate_init': 0.00012045168095130718, 'tol': 0.0003159741267832363, 'validation_fraction': 0.21745718957364815}]
/home/ryedida/.local/lib/python3.9/site-packages/sklearn/neural_network/_multilayer_perceptron.py:686: ConvergenceWarning: Stochastic Optimizer: Maximum iterations (200) reached and the optimization hasn't converged yet.
  warnings.warn(

function_evaluation time 0.351670 value 29081.739610 suggestion {'alpha': 0.15170285344442977, 'batch_size': 125, 'beta_1': 0.9786584908584578, 'beta_2': 0.9995334038640594, 'epsilon': 2.1809144300559408e-07, 'hidden_layer_sizes': 178, 'learning_rate_init': 0.00012045168095130718, 'tol': 0.0003159741267832363, 'validation_fraction': 0.21745718957364815}
observation time 0.000005, current best 3436.630327 at iter 4
Failure in optimizer suggest. Falling back to random search.
name 'activ' is not defined
Traceback (most recent call last):
  File "/home/ryedida/.local/lib/python3.9/site-packages/bayesmark/experiment.py", line 126, in run_study
    next_points = optimizer.suggest(n_suggestions)
  File "/home/ryedida/bbo_challenge_starter_kit/example_submissions/smoothness/optimizer.py", line 105, in suggest
    betas = [self._get_smoothness_reg(guess) for guess in guesses]
  File "/home/ryedida/bbo_challenge_starter_kit/example_submissions/smoothness/optimizer.py", line 105, in <listcomp>
    betas = [self._get_smoothness_reg(guess) for guess in guesses]
  File "/home/ryedida/bbo_challenge_starter_kit/example_submissions/smoothness/optimizer.py", line 48, in _get_smoothness_reg
    if activ > Kz:
NameError: name 'activ' is not defined
suggestion time taken 0.331435 iter 5 next_points [{'alpha': 2.4155457247262344, 'batch_size': 231, 'beta_1': 0.9449784265480088, 'beta_2': 0.9988428984175187, 'epsilon': 4.1522378378847815e-08, 'hidden_layer_sizes': 108, 'learning_rate_init': 0.007374930392825022, 'tol': 1.4941178653096126e-05, 'validation_fraction': 0.37047507610969305}]
/home/ryedida/.local/lib/python3.9/site-packages/sklearn/neural_network/_multilayer_perceptron.py:605: UserWarning: Got `batch_size` less than 1 or larger than sample size. It is going to be clipped
  warnings.warn(

/home/ryedida/.local/lib/python3.9/site-packages/sklearn/neural_network/_multilayer_perceptron.py:686: ConvergenceWarning: Stochastic Optimizer: Maximum iterations (200) reached and the optimization hasn't converged yet.
  warnings.warn(

function_evaluation time 0.824088 value 4237.413316 suggestion {'alpha': 2.4155457247262344, 'batch_size': 231, 'beta_1': 0.9449784265480088, 'beta_2': 0.9988428984175187, 'epsilon': 4.1522378378847815e-08, 'hidden_layer_sizes': 108, 'learning_rate_init': 0.007374930392825022, 'tol': 1.4941178653096126e-05, 'validation_fraction': 0.37047507610969305}
observation time 0.000005, current best 3436.630327 at iter 5
Failure in optimizer suggest. Falling back to random search.
name 'activ' is not defined
Traceback (most recent call last):
  File "/home/ryedida/.local/lib/python3.9/site-packages/bayesmark/experiment.py", line 126, in run_study
    next_points = optimizer.suggest(n_suggestions)
  File "/home/ryedida/bbo_challenge_starter_kit/example_submissions/smoothness/optimizer.py", line 105, in suggest
    betas = [self._get_smoothness_reg(guess) for guess in guesses]
  File "/home/ryedida/bbo_challenge_starter_kit/example_submissions/smoothness/optimizer.py", line 105, in <listcomp>
    betas = [self._get_smoothness_reg(guess) for guess in guesses]
  File "/home/ryedida/bbo_challenge_starter_kit/example_submissions/smoothness/optimizer.py", line 48, in _get_smoothness_reg
    if activ > Kz:
NameError: name 'activ' is not defined
suggestion time taken 0.329110 iter 6 next_points [{'alpha': 4.760817925987583e-05, 'batch_size': 23, 'beta_1': 0.8520871520296923, 'beta_2': 0.9998848076640011, 'epsilon': 1.0589664367215302e-09, 'hidden_layer_sizes': 57, 'learning_rate_init': 0.002292867727945899, 'tol': 0.009659716396486252, 'validation_fraction': 0.11589042438777013}]
function_evaluation time 0.731881 value 4153.449231 suggestion {'alpha': 4.760817925987583e-05, 'batch_size': 23, 'beta_1': 0.8520871520296923, 'beta_2': 0.9998848076640011, 'epsilon': 1.0589664367215302e-09, 'hidden_layer_sizes': 57, 'learning_rate_init': 0.002292867727945899, 'tol': 0.009659716396486252, 'validation_fraction': 0.11589042438777013}
observation time 0.000005, current best 3436.630327 at iter 6
Failure in optimizer suggest. Falling back to random search.
name 'activ' is not defined
Traceback (most recent call last):
  File "/home/ryedida/.local/lib/python3.9/site-packages/bayesmark/experiment.py", line 126, in run_study
    next_points = optimizer.suggest(n_suggestions)
  File "/home/ryedida/bbo_challenge_starter_kit/example_submissions/smoothness/optimizer.py", line 105, in suggest
    betas = [self._get_smoothness_reg(guess) for guess in guesses]
  File "/home/ryedida/bbo_challenge_starter_kit/example_submissions/smoothness/optimizer.py", line 105, in <listcomp>
    betas = [self._get_smoothness_reg(guess) for guess in guesses]
  File "/home/ryedida/bbo_challenge_starter_kit/example_submissions/smoothness/optimizer.py", line 48, in _get_smoothness_reg
    if activ > Kz:
NameError: name 'activ' is not defined
suggestion time taken 0.461740 iter 7 next_points [{'alpha': 5.217977536950794e-05, 'batch_size': 222, 'beta_1': 0.9603698715716766, 'beta_2': 0.999971158586416, 'epsilon': 1.076423791137186e-07, 'hidden_layer_sizes': 102, 'learning_rate_init': 4.1859217002914844e-05, 'tol': 0.03552160597375784, 'validation_fraction': 0.4194001850217956}]
/home/ryedida/.local/lib/python3.9/site-packages/sklearn/neural_network/_multilayer_perceptron.py:605: UserWarning: Got `batch_size` less than 1 or larger than sample size. It is going to be clipped
  warnings.warn(

function_evaluation time 0.058130 value 29085.782658 suggestion {'alpha': 5.217977536950794e-05, 'batch_size': 222, 'beta_1': 0.9603698715716766, 'beta_2': 0.999971158586416, 'epsilon': 1.076423791137186e-07, 'hidden_layer_sizes': 102, 'learning_rate_init': 4.1859217002914844e-05, 'tol': 0.03552160597375784, 'validation_fraction': 0.4194001850217956}
observation time 0.000004, current best 3436.630327 at iter 7
Failure in optimizer suggest. Falling back to random search.
name 'activ' is not defined
Traceback (most recent call last):
  File "/home/ryedida/.local/lib/python3.9/site-packages/bayesmark/experiment.py", line 126, in run_study
    next_points = optimizer.suggest(n_suggestions)
  File "/home/ryedida/bbo_challenge_starter_kit/example_submissions/smoothness/optimizer.py", line 105, in suggest
    betas = [self._get_smoothness_reg(guess) for guess in guesses]
  File "/home/ryedida/bbo_challenge_starter_kit/example_submissions/smoothness/optimizer.py", line 105, in <listcomp>
    betas = [self._get_smoothness_reg(guess) for guess in guesses]
  File "/home/ryedida/bbo_challenge_starter_kit/example_submissions/smoothness/optimizer.py", line 48, in _get_smoothness_reg
    if activ > Kz:
NameError: name 'activ' is not defined
suggestion time taken 0.326223 iter 8 next_points [{'alpha': 0.4858399341825356, 'batch_size': 172, 'beta_1': 0.982577492020206, 'beta_2': 0.9958164715566206, 'epsilon': 9.013347116610155e-08, 'hidden_layer_sizes': 113, 'learning_rate_init': 2.184795711070681e-05, 'tol': 0.008314561940620161, 'validation_fraction': 0.7439686419665101}]
/home/ryedida/.local/lib/python3.9/site-packages/sklearn/neural_network/_multilayer_perceptron.py:605: UserWarning: Got `batch_size` less than 1 or larger than sample size. It is going to be clipped
  warnings.warn(

function_evaluation time 0.052527 value 29109.218521 suggestion {'alpha': 0.4858399341825356, 'batch_size': 172, 'beta_1': 0.982577492020206, 'beta_2': 0.9958164715566206, 'epsilon': 9.013347116610155e-08, 'hidden_layer_sizes': 113, 'learning_rate_init': 2.184795711070681e-05, 'tol': 0.008314561940620161, 'validation_fraction': 0.7439686419665101}
observation time 0.000005, current best 3436.630327 at iter 8
Failure in optimizer suggest. Falling back to random search.
name 'activ' is not defined
Traceback (most recent call last):
  File "/home/ryedida/.local/lib/python3.9/site-packages/bayesmark/experiment.py", line 126, in run_study
    next_points = optimizer.suggest(n_suggestions)
  File "/home/ryedida/bbo_challenge_starter_kit/example_submissions/smoothness/optimizer.py", line 105, in suggest
    betas = [self._get_smoothness_reg(guess) for guess in guesses]
  File "/home/ryedida/bbo_challenge_starter_kit/example_submissions/smoothness/optimizer.py", line 105, in <listcomp>
    betas = [self._get_smoothness_reg(guess) for guess in guesses]
  File "/home/ryedida/bbo_challenge_starter_kit/example_submissions/smoothness/optimizer.py", line 48, in _get_smoothness_reg
    if activ > Kz:
NameError: name 'activ' is not defined
suggestion time taken 0.320714 iter 9 next_points [{'alpha': 0.001000638290602416, 'batch_size': 31, 'beta_1': 0.9877531881364169, 'beta_2': 0.9995524494514468, 'epsilon': 2.1759841440009546e-07, 'hidden_layer_sizes': 187, 'learning_rate_init': 0.011372489363588928, 'tol': 0.00010449918664756825, 'validation_fraction': 0.7007949829879391}]
function_evaluation time 0.347210 value 4235.484828 suggestion {'alpha': 0.001000638290602416, 'batch_size': 31, 'beta_1': 0.9877531881364169, 'beta_2': 0.9995524494514468, 'epsilon': 2.1759841440009546e-07, 'hidden_layer_sizes': 187, 'learning_rate_init': 0.011372489363588928, 'tol': 0.00010449918664756825, 'validation_fraction': 0.7007949829879391}
observation time 0.000005, current best 3436.630327 at iter 9
Failure in optimizer suggest. Falling back to random search.
name 'activ' is not defined
Traceback (most recent call last):
  File "/home/ryedida/.local/lib/python3.9/site-packages/bayesmark/experiment.py", line 126, in run_study
    next_points = optimizer.suggest(n_suggestions)
  File "/home/ryedida/bbo_challenge_starter_kit/example_submissions/smoothness/optimizer.py", line 105, in suggest
    betas = [self._get_smoothness_reg(guess) for guess in guesses]
  File "/home/ryedida/bbo_challenge_starter_kit/example_submissions/smoothness/optimizer.py", line 105, in <listcomp>
    betas = [self._get_smoothness_reg(guess) for guess in guesses]
  File "/home/ryedida/bbo_challenge_starter_kit/example_submissions/smoothness/optimizer.py", line 48, in _get_smoothness_reg
    if activ > Kz:
NameError: name 'activ' is not defined
suggestion time taken 0.319099 iter 10 next_points [{'alpha': 0.0011688729589577767, 'batch_size': 99, 'beta_1': 0.987248832284825, 'beta_2': 0.9994856437096113, 'epsilon': 7.800612454457358e-08, 'hidden_layer_sizes': 101, 'learning_rate_init': 0.0004177643608821254, 'tol': 0.00077282374032071, 'validation_fraction': 0.6429610210237295}]
function_evaluation time 0.065103 value 29077.314217 suggestion {'alpha': 0.0011688729589577767, 'batch_size': 99, 'beta_1': 0.987248832284825, 'beta_2': 0.9994856437096113, 'epsilon': 7.800612454457358e-08, 'hidden_layer_sizes': 101, 'learning_rate_init': 0.0004177643608821254, 'tol': 0.00077282374032071, 'validation_fraction': 0.6429610210237295}
observation time 0.000004, current best 3436.630327 at iter 10
Failure in optimizer suggest. Falling back to random search.
name 'activ' is not defined
Traceback (most recent call last):
  File "/home/ryedida/.local/lib/python3.9/site-packages/bayesmark/experiment.py", line 126, in run_study
    next_points = optimizer.suggest(n_suggestions)
  File "/home/ryedida/bbo_challenge_starter_kit/example_submissions/smoothness/optimizer.py", line 105, in suggest
    betas = [self._get_smoothness_reg(guess) for guess in guesses]
  File "/home/ryedida/bbo_challenge_starter_kit/example_submissions/smoothness/optimizer.py", line 105, in <listcomp>
    betas = [self._get_smoothness_reg(guess) for guess in guesses]
  File "/home/ryedida/bbo_challenge_starter_kit/example_submissions/smoothness/optimizer.py", line 48, in _get_smoothness_reg
    if activ > Kz:
NameError: name 'activ' is not defined
suggestion time taken 0.324050 iter 11 next_points [{'alpha': 0.0007137800223611784, 'batch_size': 122, 'beta_1': 0.8589259993382795, 'beta_2': 0.9642706227934842, 'epsilon': 2.147734019528228e-09, 'hidden_layer_sizes': 198, 'learning_rate_init': 0.049750776918961, 'tol': 0.08214188756386535, 'validation_fraction': 0.11134941544026684}]
function_evaluation time 0.175552 value 3449.314187 suggestion {'alpha': 0.0007137800223611784, 'batch_size': 122, 'beta_1': 0.8589259993382795, 'beta_2': 0.9642706227934842, 'epsilon': 2.147734019528228e-09, 'hidden_layer_sizes': 198, 'learning_rate_init': 0.049750776918961, 'tol': 0.08214188756386535, 'validation_fraction': 0.11134941544026684}
observation time 0.000005, current best 3436.630327 at iter 11
Failure in optimizer suggest. Falling back to random search.
name 'activ' is not defined
Traceback (most recent call last):
  File "/home/ryedida/.local/lib/python3.9/site-packages/bayesmark/experiment.py", line 126, in run_study
    next_points = optimizer.suggest(n_suggestions)
  File "/home/ryedida/bbo_challenge_starter_kit/example_submissions/smoothness/optimizer.py", line 105, in suggest
    betas = [self._get_smoothness_reg(guess) for guess in guesses]
  File "/home/ryedida/bbo_challenge_starter_kit/example_submissions/smoothness/optimizer.py", line 105, in <listcomp>
    betas = [self._get_smoothness_reg(guess) for guess in guesses]
  File "/home/ryedida/bbo_challenge_starter_kit/example_submissions/smoothness/optimizer.py", line 48, in _get_smoothness_reg
    if activ > Kz:
NameError: name 'activ' is not defined
suggestion time taken 0.323972 iter 12 next_points [{'alpha': 0.000744011697437156, 'batch_size': 79, 'beta_1': 0.952778270700967, 'beta_2': 0.999910961243953, 'epsilon': 1.0315811773286137e-07, 'hidden_layer_sizes': 110, 'learning_rate_init': 0.009461561804543696, 'tol': 0.016834243137380543, 'validation_fraction': 0.39676688475516536}]
function_evaluation time 0.397112 value 4064.237259 suggestion {'alpha': 0.000744011697437156, 'batch_size': 79, 'beta_1': 0.952778270700967, 'beta_2': 0.999910961243953, 'epsilon': 1.0315811773286137e-07, 'hidden_layer_sizes': 110, 'learning_rate_init': 0.009461561804543696, 'tol': 0.016834243137380543, 'validation_fraction': 0.39676688475516536}
observation time 0.000005, current best 3436.630327 at iter 12
Failure in optimizer suggest. Falling back to random search.
name 'activ' is not defined
Traceback (most recent call last):
  File "/home/ryedida/.local/lib/python3.9/site-packages/bayesmark/experiment.py", line 126, in run_study
    next_points = optimizer.suggest(n_suggestions)
  File "/home/ryedida/bbo_challenge_starter_kit/example_submissions/smoothness/optimizer.py", line 105, in suggest
    betas = [self._get_smoothness_reg(guess) for guess in guesses]
  File "/home/ryedida/bbo_challenge_starter_kit/example_submissions/smoothness/optimizer.py", line 105, in <listcomp>
    betas = [self._get_smoothness_reg(guess) for guess in guesses]
  File "/home/ryedida/bbo_challenge_starter_kit/example_submissions/smoothness/optimizer.py", line 48, in _get_smoothness_reg
    if activ > Kz:
NameError: name 'activ' is not defined
suggestion time taken 0.325007 iter 13 next_points [{'alpha': 1.295135096772596e-05, 'batch_size': 30, 'beta_1': 0.913119982198415, 'beta_2': 0.9999170588600125, 'epsilon': 2.729919455108216e-07, 'hidden_layer_sizes': 77, 'learning_rate_init': 0.0003196575097897663, 'tol': 0.014441301236617497, 'validation_fraction': 0.7160531264620232}]
function_evaluation time 0.074780 value 29027.434466 suggestion {'alpha': 1.295135096772596e-05, 'batch_size': 30, 'beta_1': 0.913119982198415, 'beta_2': 0.9999170588600125, 'epsilon': 2.729919455108216e-07, 'hidden_layer_sizes': 77, 'learning_rate_init': 0.0003196575097897663, 'tol': 0.014441301236617497, 'validation_fraction': 0.7160531264620232}
observation time 0.000005, current best 3436.630327 at iter 13
Failure in optimizer suggest. Falling back to random search.
name 'activ' is not defined
Traceback (most recent call last):
  File "/home/ryedida/.local/lib/python3.9/site-packages/bayesmark/experiment.py", line 126, in run_study
    next_points = optimizer.suggest(n_suggestions)
  File "/home/ryedida/bbo_challenge_starter_kit/example_submissions/smoothness/optimizer.py", line 105, in suggest
    betas = [self._get_smoothness_reg(guess) for guess in guesses]
  File "/home/ryedida/bbo_challenge_starter_kit/example_submissions/smoothness/optimizer.py", line 105, in <listcomp>
    betas = [self._get_smoothness_reg(guess) for guess in guesses]
  File "/home/ryedida/bbo_challenge_starter_kit/example_submissions/smoothness/optimizer.py", line 48, in _get_smoothness_reg
    if activ > Kz:
NameError: name 'activ' is not defined
suggestion time taken 0.323576 iter 14 next_points [{'alpha': 3.402381763517227e-05, 'batch_size': 119, 'beta_1': 0.8101024853816703, 'beta_2': 0.9760845806758379, 'epsilon': 5.705576751863843e-08, 'hidden_layer_sizes': 141, 'learning_rate_init': 0.015349732407395674, 'tol': 0.0006088737369618287, 'validation_fraction': 0.22485107772828325}]
function_evaluation time 0.985102 value 3018.024211 suggestion {'alpha': 3.402381763517227e-05, 'batch_size': 119, 'beta_1': 0.8101024853816703, 'beta_2': 0.9760845806758379, 'epsilon': 5.705576751863843e-08, 'hidden_layer_sizes': 141, 'learning_rate_init': 0.015349732407395674, 'tol': 0.0006088737369618287, 'validation_fraction': 0.22485107772828325}
observation time 0.000006, current best 3018.024211 at iter 14
saving meta data: {'args': {'--uuid': 'ceecd62cc09d518a8eed4cd002b53ba3', '-db-root': '/home/ryedida/bbo_challenge_starter_kit/output', '--opt-root': '/home/ryedida/bbo_challenge_starter_kit/example_submissions', '--data-root': None, '--db': 'run_20230425_055340', '--opt': 'smoothness', '--data': 'diabetes', '--classifier': 'MLP-adam', '--metric': 'mse', '--calls': 15, '--suggestions': 1, '--jobs-file': None, '--verbose': False, 'dry_run': False, 'rev': 'a376313', 'opt_rev': 'x.x.x'}, 'signature': ([{'alpha': 0.019628224813442792, 'batch_size': 182, 'beta_1': 0.9410202200271762, 'beta_2': 0.9998021557676793, 'epsilon': 1.8662266976518e-08, 'hidden_layer_sizes': 147, 'learning_rate_init': 0.0005627932047415167, 'tol': 0.03690557729213761, 'validation_fraction': 0.8846827852548593}, {'alpha': 0.0019982467392329444, 'batch_size': 200, 'beta_1': 0.919111482530466, 'beta_2': 0.9998488260436156, 'epsilon': 5.981221901152555e-07, 'hidden_layer_sizes': 61, 'learning_rate_init': 2.2310905607443014e-05, 'tol': 1.2046852412030316e-05, 'validation_fraction': 0.8117896445826539}, {'alpha': 0.46659545670218433, 'batch_size': 219, 'beta_1': 0.9889789783750891, 'beta_2': 0.9999896868093284, 'epsilon': 2.4234724484675948e-08, 'hidden_layer_sizes': 167, 'learning_rate_init': 2.972334644335654e-05, 'tol': 0.0036281404040243792, 'validation_fraction': 0.17260651658522078}, {'alpha': 4.656005689076002, 'batch_size': 135, 'beta_1': 0.870503881627747, 'beta_2': 0.9948873266941017, 'epsilon': 2.1023308743480125e-07, 'hidden_layer_sizes': 118, 'learning_rate_init': 0.0018781738757161913, 'tol': 1.1889379831773004e-05, 'validation_fraction': 0.6264327093752792}, {'alpha': 0.04705159350400542, 'batch_size': 158, 'beta_1': 0.9870884262730957, 'beta_2': 0.9999596874382349, 'epsilon': 1.1981845126013875e-08, 'hidden_layer_sizes': 116, 'learning_rate_init': 0.00617340520407431, 'tol': 1.741413418158619e-05, 'validation_fraction': 0.6754299026638921}], [29083.993548572587, 29062.423277324073, 29075.78987471409, 24626.32866834337, 9584.226858493177])}
saving results
saving timing
saving suggest log
done
