running: {'--uuid': 'e77e9c0abb0e5af5bbac1863fc5854c2', '-db-root': '/home/ryedida/bbo_challenge_starter_kit/output', '--opt-root': '/home/ryedida/bbo_challenge_starter_kit/example_submissions', '--data-root': None, '--db': 'run_20230425_055340', '--opt': 'smoothness', '--data': 'diabetes', '--classifier': 'MLP-adam', '--metric': 'mse', '--calls': 15, '--suggestions': 1, '--jobs-file': None, '--verbose': False, 'dry_run': False, 'rev': 'a376313', 'opt_rev': 'x.x.x'}
cmd: python smoothness/optimizer.py -c MLP-adam -d diabetes -o smoothness -u e77e9c0abb0e5af5bbac1863fc5854c2 -m mse -n 15 -p 1 -dir /home/ryedida/bbo_challenge_starter_kit/output -b run_20230425_055340
/home/ryedida/.local/lib/python3.9/site-packages/sklearn/neural_network/_multilayer_perceptron.py:605: UserWarning: Got `batch_size` less than 1 or larger than sample size. It is going to be clipped
  warnings.warn(

/home/ryedida/.local/lib/python3.9/site-packages/sklearn/neural_network/_multilayer_perceptron.py:605: UserWarning: Got `batch_size` less than 1 or larger than sample size. It is going to be clipped
  warnings.warn(

/home/ryedida/.local/lib/python3.9/site-packages/sklearn/neural_network/_multilayer_perceptron.py:605: UserWarning: Got `batch_size` less than 1 or larger than sample size. It is going to be clipped
  warnings.warn(

/home/ryedida/.local/lib/python3.9/site-packages/sklearn/neural_network/_multilayer_perceptron.py:686: ConvergenceWarning: Stochastic Optimizer: Maximum iterations (200) reached and the optimization hasn't converged yet.
  warnings.warn(

/home/ryedida/.local/lib/python3.9/site-packages/sklearn/neural_network/_multilayer_perceptron.py:605: UserWarning: Got `batch_size` less than 1 or larger than sample size. It is going to be clipped
  warnings.warn(

/home/ryedida/.local/lib/python3.9/site-packages/sklearn/neural_network/_multilayer_perceptron.py:686: ConvergenceWarning: Stochastic Optimizer: Maximum iterations (200) reached and the optimization hasn't converged yet.
  warnings.warn(

computed signature: ([{'alpha': 0.019628224813442792, 'batch_size': 182, 'beta_1': 0.9410202200271762, 'beta_2': 0.9998021557676793, 'epsilon': 1.8662266976518e-08, 'hidden_layer_sizes': 147, 'learning_rate_init': 0.0005627932047415167, 'tol': 0.03690557729213761, 'validation_fraction': 0.8846827852548593}, {'alpha': 0.0019982467392329444, 'batch_size': 200, 'beta_1': 0.919111482530466, 'beta_2': 0.9998488260436156, 'epsilon': 5.981221901152555e-07, 'hidden_layer_sizes': 61, 'learning_rate_init': 2.2310905607443014e-05, 'tol': 1.2046852412030316e-05, 'validation_fraction': 0.8117896445826539}, {'alpha': 0.46659545670218433, 'batch_size': 219, 'beta_1': 0.9889789783750891, 'beta_2': 0.9999896868093284, 'epsilon': 2.4234724484675948e-08, 'hidden_layer_sizes': 167, 'learning_rate_init': 2.972334644335654e-05, 'tol': 0.0036281404040243792, 'validation_fraction': 0.17260651658522078}, {'alpha': 4.656005689076002, 'batch_size': 135, 'beta_1': 0.870503881627747, 'beta_2': 0.9948873266941017, 'epsilon': 2.1023308743480125e-07, 'hidden_layer_sizes': 118, 'learning_rate_init': 0.0018781738757161913, 'tol': 1.1889379831773004e-05, 'validation_fraction': 0.6264327093752792}, {'alpha': 0.04705159350400542, 'batch_size': 158, 'beta_1': 0.9870884262730957, 'beta_2': 0.9999596874382349, 'epsilon': 1.1981845126013875e-08, 'hidden_layer_sizes': 116, 'learning_rate_init': 0.00617340520407431, 'tol': 1.741413418158619e-05, 'validation_fraction': 0.6754299026638921}], [29083.993548572587, 29062.423277324073, 29075.78987471409, 24626.32866834337, 9584.226858493177])
Signature errors:
                              0         1         2         3         4       max
MLP-adam_diabetes_mse  0.000007  0.000008  0.000003  0.003558  0.004952  0.004952
max                    0.000007  0.000008  0.000003  0.003558  0.004952  0.004952
starting sklearn study smoothness MLP-adam diabetes mse 15 1
with data root: None
Failure in optimizer suggest. Falling back to random search.
name 'activ' is not defined
Traceback (most recent call last):
  File "/home/ryedida/.local/lib/python3.9/site-packages/bayesmark/experiment.py", line 126, in run_study
    next_points = optimizer.suggest(n_suggestions)
  File "/home/ryedida/bbo_challenge_starter_kit/example_submissions/smoothness/optimizer.py", line 105, in suggest
    betas = [self._get_smoothness_reg(guess) for guess in guesses]
  File "/home/ryedida/bbo_challenge_starter_kit/example_submissions/smoothness/optimizer.py", line 105, in <listcomp>
    betas = [self._get_smoothness_reg(guess) for guess in guesses]
  File "/home/ryedida/bbo_challenge_starter_kit/example_submissions/smoothness/optimizer.py", line 48, in _get_smoothness_reg
    if activ > Kz:
NameError: name 'activ' is not defined
suggestion time taken 0.495260 iter 0 next_points [{'alpha': 0.42169477376157766, 'batch_size': 50, 'beta_1': 0.6789482028547019, 'beta_2': 0.9926582607394359, 'epsilon': 1.3918863295803495e-07, 'hidden_layer_sizes': 182, 'learning_rate_init': 0.03073101475692037, 'tol': 0.002016734731570294, 'validation_fraction': 0.10736564918636984}]
function_evaluation time 0.611510 value 3049.872022 suggestion {'alpha': 0.42169477376157766, 'batch_size': 50, 'beta_1': 0.6789482028547019, 'beta_2': 0.9926582607394359, 'epsilon': 1.3918863295803495e-07, 'hidden_layer_sizes': 182, 'learning_rate_init': 0.03073101475692037, 'tol': 0.002016734731570294, 'validation_fraction': 0.10736564918636984}
observation time 0.000006, current best 3049.872022 at iter 0
Failure in optimizer suggest. Falling back to random search.
name 'activ' is not defined
Traceback (most recent call last):
  File "/home/ryedida/.local/lib/python3.9/site-packages/bayesmark/experiment.py", line 126, in run_study
    next_points = optimizer.suggest(n_suggestions)
  File "/home/ryedida/bbo_challenge_starter_kit/example_submissions/smoothness/optimizer.py", line 105, in suggest
    betas = [self._get_smoothness_reg(guess) for guess in guesses]
  File "/home/ryedida/bbo_challenge_starter_kit/example_submissions/smoothness/optimizer.py", line 105, in <listcomp>
    betas = [self._get_smoothness_reg(guess) for guess in guesses]
  File "/home/ryedida/bbo_challenge_starter_kit/example_submissions/smoothness/optimizer.py", line 48, in _get_smoothness_reg
    if activ > Kz:
NameError: name 'activ' is not defined
suggestion time taken 0.339614 iter 1 next_points [{'alpha': 9.053809412621266e-05, 'batch_size': 204, 'beta_1': 0.986791296239423, 'beta_2': 0.9977409734611254, 'epsilon': 1.3239418533627068e-09, 'hidden_layer_sizes': 97, 'learning_rate_init': 0.024120975865245642, 'tol': 0.031784221992920095, 'validation_fraction': 0.33521588806304464}]
function_evaluation time 0.239655 value 13581.557719 suggestion {'alpha': 9.053809412621266e-05, 'batch_size': 204, 'beta_1': 0.986791296239423, 'beta_2': 0.9977409734611254, 'epsilon': 1.3239418533627068e-09, 'hidden_layer_sizes': 97, 'learning_rate_init': 0.024120975865245642, 'tol': 0.031784221992920095, 'validation_fraction': 0.33521588806304464}
observation time 0.000004, current best 3049.872022 at iter 1
Failure in optimizer suggest. Falling back to random search.
name 'activ' is not defined
Traceback (most recent call last):
  File "/home/ryedida/.local/lib/python3.9/site-packages/bayesmark/experiment.py", line 126, in run_study
    next_points = optimizer.suggest(n_suggestions)
  File "/home/ryedida/bbo_challenge_starter_kit/example_submissions/smoothness/optimizer.py", line 105, in suggest
    betas = [self._get_smoothness_reg(guess) for guess in guesses]
  File "/home/ryedida/bbo_challenge_starter_kit/example_submissions/smoothness/optimizer.py", line 105, in <listcomp>
    betas = [self._get_smoothness_reg(guess) for guess in guesses]
  File "/home/ryedida/bbo_challenge_starter_kit/example_submissions/smoothness/optimizer.py", line 48, in _get_smoothness_reg
    if activ > Kz:
NameError: name 'activ' is not defined
suggestion time taken 0.338671 iter 2 next_points [{'alpha': 9.674968366867017e-05, 'batch_size': 93, 'beta_1': 0.9811243102761373, 'beta_2': 0.9911431135978739, 'epsilon': 4.010054067675025e-09, 'hidden_layer_sizes': 178, 'learning_rate_init': 0.014138157975159034, 'tol': 0.0013784367478913648, 'validation_fraction': 0.1548771850432004}]
function_evaluation time 0.356961 value 4256.070066 suggestion {'alpha': 9.674968366867017e-05, 'batch_size': 93, 'beta_1': 0.9811243102761373, 'beta_2': 0.9911431135978739, 'epsilon': 4.010054067675025e-09, 'hidden_layer_sizes': 178, 'learning_rate_init': 0.014138157975159034, 'tol': 0.0013784367478913648, 'validation_fraction': 0.1548771850432004}
observation time 0.000005, current best 3049.872022 at iter 2
Failure in optimizer suggest. Falling back to random search.
name 'activ' is not defined
Traceback (most recent call last):
  File "/home/ryedida/.local/lib/python3.9/site-packages/bayesmark/experiment.py", line 126, in run_study
    next_points = optimizer.suggest(n_suggestions)
  File "/home/ryedida/bbo_challenge_starter_kit/example_submissions/smoothness/optimizer.py", line 105, in suggest
    betas = [self._get_smoothness_reg(guess) for guess in guesses]
  File "/home/ryedida/bbo_challenge_starter_kit/example_submissions/smoothness/optimizer.py", line 105, in <listcomp>
    betas = [self._get_smoothness_reg(guess) for guess in guesses]
  File "/home/ryedida/bbo_challenge_starter_kit/example_submissions/smoothness/optimizer.py", line 48, in _get_smoothness_reg
    if activ > Kz:
NameError: name 'activ' is not defined
suggestion time taken 0.327422 iter 3 next_points [{'alpha': 0.007271871088328971, 'batch_size': 229, 'beta_1': 0.6114459396685977, 'beta_2': 0.9930004119486114, 'epsilon': 4.648731193348123e-09, 'hidden_layer_sizes': 56, 'learning_rate_init': 0.00045889768623988175, 'tol': 1.5569247765900013e-05, 'validation_fraction': 0.5000196109452498}]
/home/ryedida/.local/lib/python3.9/site-packages/sklearn/neural_network/_multilayer_perceptron.py:605: UserWarning: Got `batch_size` less than 1 or larger than sample size. It is going to be clipped
  warnings.warn(

/home/ryedida/.local/lib/python3.9/site-packages/sklearn/neural_network/_multilayer_perceptron.py:686: ConvergenceWarning: Stochastic Optimizer: Maximum iterations (200) reached and the optimization hasn't converged yet.
  warnings.warn(

function_evaluation time 0.462656 value 28771.941361 suggestion {'alpha': 0.007271871088328971, 'batch_size': 229, 'beta_1': 0.6114459396685977, 'beta_2': 0.9930004119486114, 'epsilon': 4.648731193348123e-09, 'hidden_layer_sizes': 56, 'learning_rate_init': 0.00045889768623988175, 'tol': 1.5569247765900013e-05, 'validation_fraction': 0.5000196109452498}
observation time 0.000005, current best 3049.872022 at iter 3
Failure in optimizer suggest. Falling back to random search.
name 'activ' is not defined
Traceback (most recent call last):
  File "/home/ryedida/.local/lib/python3.9/site-packages/bayesmark/experiment.py", line 126, in run_study
    next_points = optimizer.suggest(n_suggestions)
  File "/home/ryedida/bbo_challenge_starter_kit/example_submissions/smoothness/optimizer.py", line 105, in suggest
    betas = [self._get_smoothness_reg(guess) for guess in guesses]
  File "/home/ryedida/bbo_challenge_starter_kit/example_submissions/smoothness/optimizer.py", line 105, in <listcomp>
    betas = [self._get_smoothness_reg(guess) for guess in guesses]
  File "/home/ryedida/bbo_challenge_starter_kit/example_submissions/smoothness/optimizer.py", line 48, in _get_smoothness_reg
    if activ > Kz:
NameError: name 'activ' is not defined
suggestion time taken 0.332631 iter 4 next_points [{'alpha': 0.5081811803703902, 'batch_size': 99, 'beta_1': 0.7417644825343672, 'beta_2': 0.9541443822095919, 'epsilon': 4.0170427588796015e-07, 'hidden_layer_sizes': 169, 'learning_rate_init': 0.0002624803503810026, 'tol': 0.0002738495682199814, 'validation_fraction': 0.30802364660714965}]
/home/ryedida/.local/lib/python3.9/site-packages/sklearn/neural_network/_multilayer_perceptron.py:686: ConvergenceWarning: Stochastic Optimizer: Maximum iterations (200) reached and the optimization hasn't converged yet.
  warnings.warn(

function_evaluation time 1.271689 value 28405.301532 suggestion {'alpha': 0.5081811803703902, 'batch_size': 99, 'beta_1': 0.7417644825343672, 'beta_2': 0.9541443822095919, 'epsilon': 4.0170427588796015e-07, 'hidden_layer_sizes': 169, 'learning_rate_init': 0.0002624803503810026, 'tol': 0.0002738495682199814, 'validation_fraction': 0.30802364660714965}
observation time 0.000007, current best 3049.872022 at iter 4
Failure in optimizer suggest. Falling back to random search.
name 'activ' is not defined
Traceback (most recent call last):
  File "/home/ryedida/.local/lib/python3.9/site-packages/bayesmark/experiment.py", line 126, in run_study
    next_points = optimizer.suggest(n_suggestions)
  File "/home/ryedida/bbo_challenge_starter_kit/example_submissions/smoothness/optimizer.py", line 105, in suggest
    betas = [self._get_smoothness_reg(guess) for guess in guesses]
  File "/home/ryedida/bbo_challenge_starter_kit/example_submissions/smoothness/optimizer.py", line 105, in <listcomp>
    betas = [self._get_smoothness_reg(guess) for guess in guesses]
  File "/home/ryedida/bbo_challenge_starter_kit/example_submissions/smoothness/optimizer.py", line 48, in _get_smoothness_reg
    if activ > Kz:
NameError: name 'activ' is not defined
suggestion time taken 0.329366 iter 5 next_points [{'alpha': 0.016985063211427183, 'batch_size': 32, 'beta_1': 0.8947618991559277, 'beta_2': 0.999890779694698, 'epsilon': 8.957774950521256e-09, 'hidden_layer_sizes': 90, 'learning_rate_init': 0.0003669904250617947, 'tol': 0.0028055929502189387, 'validation_fraction': 0.8807870851883741}]
function_evaluation time 0.060748 value 29061.468144 suggestion {'alpha': 0.016985063211427183, 'batch_size': 32, 'beta_1': 0.8947618991559277, 'beta_2': 0.999890779694698, 'epsilon': 8.957774950521256e-09, 'hidden_layer_sizes': 90, 'learning_rate_init': 0.0003669904250617947, 'tol': 0.0028055929502189387, 'validation_fraction': 0.8807870851883741}
observation time 0.000006, current best 3049.872022 at iter 5
Failure in optimizer suggest. Falling back to random search.
name 'activ' is not defined
Traceback (most recent call last):
  File "/home/ryedida/.local/lib/python3.9/site-packages/bayesmark/experiment.py", line 126, in run_study
    next_points = optimizer.suggest(n_suggestions)
  File "/home/ryedida/bbo_challenge_starter_kit/example_submissions/smoothness/optimizer.py", line 105, in suggest
    betas = [self._get_smoothness_reg(guess) for guess in guesses]
  File "/home/ryedida/bbo_challenge_starter_kit/example_submissions/smoothness/optimizer.py", line 105, in <listcomp>
    betas = [self._get_smoothness_reg(guess) for guess in guesses]
  File "/home/ryedida/bbo_challenge_starter_kit/example_submissions/smoothness/optimizer.py", line 48, in _get_smoothness_reg
    if activ > Kz:
NameError: name 'activ' is not defined
suggestion time taken 0.324424 iter 6 next_points [{'alpha': 7.631950626910921e-05, 'batch_size': 240, 'beta_1': 0.9893560960666864, 'beta_2': 0.9936633641527337, 'epsilon': 7.480811866112681e-07, 'hidden_layer_sizes': 111, 'learning_rate_init': 0.0042094933018144, 'tol': 0.0002770315924107033, 'validation_fraction': 0.19934879393278274}]
/home/ryedida/.local/lib/python3.9/site-packages/sklearn/neural_network/_multilayer_perceptron.py:686: ConvergenceWarning: Stochastic Optimizer: Maximum iterations (200) reached and the optimization hasn't converged yet.
  warnings.warn(

function_evaluation time 0.916589 value 18410.950686 suggestion {'alpha': 7.631950626910921e-05, 'batch_size': 240, 'beta_1': 0.9893560960666864, 'beta_2': 0.9936633641527337, 'epsilon': 7.480811866112681e-07, 'hidden_layer_sizes': 111, 'learning_rate_init': 0.0042094933018144, 'tol': 0.0002770315924107033, 'validation_fraction': 0.19934879393278274}
observation time 0.000007, current best 3049.872022 at iter 6
Failure in optimizer suggest. Falling back to random search.
name 'activ' is not defined
Traceback (most recent call last):
  File "/home/ryedida/.local/lib/python3.9/site-packages/bayesmark/experiment.py", line 126, in run_study
    next_points = optimizer.suggest(n_suggestions)
  File "/home/ryedida/bbo_challenge_starter_kit/example_submissions/smoothness/optimizer.py", line 105, in suggest
    betas = [self._get_smoothness_reg(guess) for guess in guesses]
  File "/home/ryedida/bbo_challenge_starter_kit/example_submissions/smoothness/optimizer.py", line 105, in <listcomp>
    betas = [self._get_smoothness_reg(guess) for guess in guesses]
  File "/home/ryedida/bbo_challenge_starter_kit/example_submissions/smoothness/optimizer.py", line 48, in _get_smoothness_reg
    if activ > Kz:
NameError: name 'activ' is not defined
suggestion time taken 0.456647 iter 7 next_points [{'alpha': 0.0009748692873750592, 'batch_size': 199, 'beta_1': 0.9815715606863616, 'beta_2': 0.9984785079179161, 'epsilon': 1.228286777796344e-09, 'hidden_layer_sizes': 121, 'learning_rate_init': 2.9184145949024124e-05, 'tol': 0.01503050297393231, 'validation_fraction': 0.3736424461197148}]
function_evaluation time 0.063827 value 29117.040837 suggestion {'alpha': 0.0009748692873750592, 'batch_size': 199, 'beta_1': 0.9815715606863616, 'beta_2': 0.9984785079179161, 'epsilon': 1.228286777796344e-09, 'hidden_layer_sizes': 121, 'learning_rate_init': 2.9184145949024124e-05, 'tol': 0.01503050297393231, 'validation_fraction': 0.3736424461197148}
observation time 0.000005, current best 3049.872022 at iter 7
Failure in optimizer suggest. Falling back to random search.
name 'activ' is not defined
Traceback (most recent call last):
  File "/home/ryedida/.local/lib/python3.9/site-packages/bayesmark/experiment.py", line 126, in run_study
    next_points = optimizer.suggest(n_suggestions)
  File "/home/ryedida/bbo_challenge_starter_kit/example_submissions/smoothness/optimizer.py", line 105, in suggest
    betas = [self._get_smoothness_reg(guess) for guess in guesses]
  File "/home/ryedida/bbo_challenge_starter_kit/example_submissions/smoothness/optimizer.py", line 105, in <listcomp>
    betas = [self._get_smoothness_reg(guess) for guess in guesses]
  File "/home/ryedida/bbo_challenge_starter_kit/example_submissions/smoothness/optimizer.py", line 48, in _get_smoothness_reg
    if activ > Kz:
NameError: name 'activ' is not defined
suggestion time taken 0.321838 iter 8 next_points [{'alpha': 0.0001509212002305167, 'batch_size': 105, 'beta_1': 0.813096967234816, 'beta_2': 0.9884124099180823, 'epsilon': 4.34282519592729e-08, 'hidden_layer_sizes': 89, 'learning_rate_init': 0.0004078492100278243, 'tol': 4.2269481668921265e-05, 'validation_fraction': 0.1256407385117048}]
/home/ryedida/.local/lib/python3.9/site-packages/sklearn/neural_network/_multilayer_perceptron.py:686: ConvergenceWarning: Stochastic Optimizer: Maximum iterations (200) reached and the optimization hasn't converged yet.
  warnings.warn(

function_evaluation time 1.198745 value 27404.807901 suggestion {'alpha': 0.0001509212002305167, 'batch_size': 105, 'beta_1': 0.813096967234816, 'beta_2': 0.9884124099180823, 'epsilon': 4.34282519592729e-08, 'hidden_layer_sizes': 89, 'learning_rate_init': 0.0004078492100278243, 'tol': 4.2269481668921265e-05, 'validation_fraction': 0.1256407385117048}
observation time 0.000005, current best 3049.872022 at iter 8
Failure in optimizer suggest. Falling back to random search.
name 'activ' is not defined
Traceback (most recent call last):
  File "/home/ryedida/.local/lib/python3.9/site-packages/bayesmark/experiment.py", line 126, in run_study
    next_points = optimizer.suggest(n_suggestions)
  File "/home/ryedida/bbo_challenge_starter_kit/example_submissions/smoothness/optimizer.py", line 105, in suggest
    betas = [self._get_smoothness_reg(guess) for guess in guesses]
  File "/home/ryedida/bbo_challenge_starter_kit/example_submissions/smoothness/optimizer.py", line 105, in <listcomp>
    betas = [self._get_smoothness_reg(guess) for guess in guesses]
  File "/home/ryedida/bbo_challenge_starter_kit/example_submissions/smoothness/optimizer.py", line 48, in _get_smoothness_reg
    if activ > Kz:
NameError: name 'activ' is not defined
suggestion time taken 0.317549 iter 9 next_points [{'alpha': 0.000161618858208597, 'batch_size': 175, 'beta_1': 0.8540515447253677, 'beta_2': 0.9871041011023691, 'epsilon': 7.312156231840709e-07, 'hidden_layer_sizes': 138, 'learning_rate_init': 0.09087047876367049, 'tol': 3.639888809062523e-05, 'validation_fraction': 0.3888435353019585}]
function_evaluation time 0.408912 value 2940.270699 suggestion {'alpha': 0.000161618858208597, 'batch_size': 175, 'beta_1': 0.8540515447253677, 'beta_2': 0.9871041011023691, 'epsilon': 7.312156231840709e-07, 'hidden_layer_sizes': 138, 'learning_rate_init': 0.09087047876367049, 'tol': 3.639888809062523e-05, 'validation_fraction': 0.3888435353019585}
observation time 0.000005, current best 2940.270699 at iter 9
Failure in optimizer suggest. Falling back to random search.
name 'activ' is not defined
Traceback (most recent call last):
  File "/home/ryedida/.local/lib/python3.9/site-packages/bayesmark/experiment.py", line 126, in run_study
    next_points = optimizer.suggest(n_suggestions)
  File "/home/ryedida/bbo_challenge_starter_kit/example_submissions/smoothness/optimizer.py", line 105, in suggest
    betas = [self._get_smoothness_reg(guess) for guess in guesses]
  File "/home/ryedida/bbo_challenge_starter_kit/example_submissions/smoothness/optimizer.py", line 105, in <listcomp>
    betas = [self._get_smoothness_reg(guess) for guess in guesses]
  File "/home/ryedida/bbo_challenge_starter_kit/example_submissions/smoothness/optimizer.py", line 48, in _get_smoothness_reg
    if activ > Kz:
NameError: name 'activ' is not defined
suggestion time taken 0.315860 iter 10 next_points [{'alpha': 2.2445128000981707, 'batch_size': 11, 'beta_1': 0.8468911911740316, 'beta_2': 0.9999859750864143, 'epsilon': 3.020036654739273e-08, 'hidden_layer_sizes': 166, 'learning_rate_init': 0.00017300319927975844, 'tol': 0.0002382619593960515, 'validation_fraction': 0.26884573199545675}]
/home/ryedida/.local/lib/python3.9/site-packages/sklearn/neural_network/_multilayer_perceptron.py:686: ConvergenceWarning: Stochastic Optimizer: Maximum iterations (200) reached and the optimization hasn't converged yet.
  warnings.warn(

function_evaluation time 4.857440 value 11688.541503 suggestion {'alpha': 2.2445128000981707, 'batch_size': 11, 'beta_1': 0.8468911911740316, 'beta_2': 0.9999859750864143, 'epsilon': 3.020036654739273e-08, 'hidden_layer_sizes': 166, 'learning_rate_init': 0.00017300319927975844, 'tol': 0.0002382619593960515, 'validation_fraction': 0.26884573199545675}
observation time 0.000006, current best 2940.270699 at iter 10
Failure in optimizer suggest. Falling back to random search.
name 'activ' is not defined
Traceback (most recent call last):
  File "/home/ryedida/.local/lib/python3.9/site-packages/bayesmark/experiment.py", line 126, in run_study
    next_points = optimizer.suggest(n_suggestions)
  File "/home/ryedida/bbo_challenge_starter_kit/example_submissions/smoothness/optimizer.py", line 105, in suggest
    betas = [self._get_smoothness_reg(guess) for guess in guesses]
  File "/home/ryedida/bbo_challenge_starter_kit/example_submissions/smoothness/optimizer.py", line 105, in <listcomp>
    betas = [self._get_smoothness_reg(guess) for guess in guesses]
  File "/home/ryedida/bbo_challenge_starter_kit/example_submissions/smoothness/optimizer.py", line 48, in _get_smoothness_reg
    if activ > Kz:
NameError: name 'activ' is not defined
suggestion time taken 0.326215 iter 11 next_points [{'alpha': 0.8639677271601751, 'batch_size': 147, 'beta_1': 0.7973392279147483, 'beta_2': 0.999987248795791, 'epsilon': 1.4235214825453535e-09, 'hidden_layer_sizes': 199, 'learning_rate_init': 0.0023557672573182695, 'tol': 2.1393887370269173e-05, 'validation_fraction': 0.18255479738081495}]
/home/ryedida/.local/lib/python3.9/site-packages/sklearn/neural_network/_multilayer_perceptron.py:686: ConvergenceWarning: Stochastic Optimizer: Maximum iterations (200) reached and the optimization hasn't converged yet.
  warnings.warn(

function_evaluation time 1.421681 value 4762.617685 suggestion {'alpha': 0.8639677271601751, 'batch_size': 147, 'beta_1': 0.7973392279147483, 'beta_2': 0.999987248795791, 'epsilon': 1.4235214825453535e-09, 'hidden_layer_sizes': 199, 'learning_rate_init': 0.0023557672573182695, 'tol': 2.1393887370269173e-05, 'validation_fraction': 0.18255479738081495}
observation time 0.000005, current best 2940.270699 at iter 11
Failure in optimizer suggest. Falling back to random search.
name 'activ' is not defined
Traceback (most recent call last):
  File "/home/ryedida/.local/lib/python3.9/site-packages/bayesmark/experiment.py", line 126, in run_study
    next_points = optimizer.suggest(n_suggestions)
  File "/home/ryedida/bbo_challenge_starter_kit/example_submissions/smoothness/optimizer.py", line 105, in suggest
    betas = [self._get_smoothness_reg(guess) for guess in guesses]
  File "/home/ryedida/bbo_challenge_starter_kit/example_submissions/smoothness/optimizer.py", line 105, in <listcomp>
    betas = [self._get_smoothness_reg(guess) for guess in guesses]
  File "/home/ryedida/bbo_challenge_starter_kit/example_submissions/smoothness/optimizer.py", line 48, in _get_smoothness_reg
    if activ > Kz:
NameError: name 'activ' is not defined
suggestion time taken 0.322582 iter 12 next_points [{'alpha': 0.0025168140732710494, 'batch_size': 202, 'beta_1': 0.5182029096676596, 'beta_2': 0.9999956954531868, 'epsilon': 2.171074578812746e-09, 'hidden_layer_sizes': 82, 'learning_rate_init': 0.025008577291088865, 'tol': 0.00954217599198895, 'validation_fraction': 0.645647225871493}]
/home/ryedida/.local/lib/python3.9/site-packages/sklearn/neural_network/_multilayer_perceptron.py:605: UserWarning: Got `batch_size` less than 1 or larger than sample size. It is going to be clipped
  warnings.warn(

function_evaluation time 0.248878 value 3589.081925 suggestion {'alpha': 0.0025168140732710494, 'batch_size': 202, 'beta_1': 0.5182029096676596, 'beta_2': 0.9999956954531868, 'epsilon': 2.171074578812746e-09, 'hidden_layer_sizes': 82, 'learning_rate_init': 0.025008577291088865, 'tol': 0.00954217599198895, 'validation_fraction': 0.645647225871493}
observation time 0.000004, current best 2940.270699 at iter 12
Failure in optimizer suggest. Falling back to random search.
name 'activ' is not defined
Traceback (most recent call last):
  File "/home/ryedida/.local/lib/python3.9/site-packages/bayesmark/experiment.py", line 126, in run_study
    next_points = optimizer.suggest(n_suggestions)
  File "/home/ryedida/bbo_challenge_starter_kit/example_submissions/smoothness/optimizer.py", line 105, in suggest
    betas = [self._get_smoothness_reg(guess) for guess in guesses]
  File "/home/ryedida/bbo_challenge_starter_kit/example_submissions/smoothness/optimizer.py", line 105, in <listcomp>
    betas = [self._get_smoothness_reg(guess) for guess in guesses]
  File "/home/ryedida/bbo_challenge_starter_kit/example_submissions/smoothness/optimizer.py", line 48, in _get_smoothness_reg
    if activ > Kz:
NameError: name 'activ' is not defined
suggestion time taken 0.317229 iter 13 next_points [{'alpha': 0.00014176229985811311, 'batch_size': 64, 'beta_1': 0.9049644423558308, 'beta_2': 0.9998078378183601, 'epsilon': 2.366726294629889e-08, 'hidden_layer_sizes': 103, 'learning_rate_init': 0.014120079727001711, 'tol': 0.0008123604766866187, 'validation_fraction': 0.5434703944798062}]
function_evaluation time 0.672146 value 3454.431469 suggestion {'alpha': 0.00014176229985811311, 'batch_size': 64, 'beta_1': 0.9049644423558308, 'beta_2': 0.9998078378183601, 'epsilon': 2.366726294629889e-08, 'hidden_layer_sizes': 103, 'learning_rate_init': 0.014120079727001711, 'tol': 0.0008123604766866187, 'validation_fraction': 0.5434703944798062}
observation time 0.000005, current best 2940.270699 at iter 13
Failure in optimizer suggest. Falling back to random search.
name 'activ' is not defined
Traceback (most recent call last):
  File "/home/ryedida/.local/lib/python3.9/site-packages/bayesmark/experiment.py", line 126, in run_study
    next_points = optimizer.suggest(n_suggestions)
  File "/home/ryedida/bbo_challenge_starter_kit/example_submissions/smoothness/optimizer.py", line 105, in suggest
    betas = [self._get_smoothness_reg(guess) for guess in guesses]
  File "/home/ryedida/bbo_challenge_starter_kit/example_submissions/smoothness/optimizer.py", line 105, in <listcomp>
    betas = [self._get_smoothness_reg(guess) for guess in guesses]
  File "/home/ryedida/bbo_challenge_starter_kit/example_submissions/smoothness/optimizer.py", line 48, in _get_smoothness_reg
    if activ > Kz:
NameError: name 'activ' is not defined
suggestion time taken 0.321728 iter 14 next_points [{'alpha': 7.609952073184159e-05, 'batch_size': 201, 'beta_1': 0.8156572958207962, 'beta_2': 0.9999672398952645, 'epsilon': 1.770809847291328e-07, 'hidden_layer_sizes': 173, 'learning_rate_init': 0.015245020129830185, 'tol': 5.3747634609949536e-05, 'validation_fraction': 0.2715022137030441}]
function_evaluation time 0.888469 value 3233.138628 suggestion {'alpha': 7.609952073184159e-05, 'batch_size': 201, 'beta_1': 0.8156572958207962, 'beta_2': 0.9999672398952645, 'epsilon': 1.770809847291328e-07, 'hidden_layer_sizes': 173, 'learning_rate_init': 0.015245020129830185, 'tol': 5.3747634609949536e-05, 'validation_fraction': 0.2715022137030441}
observation time 0.000005, current best 2940.270699 at iter 14
saving meta data: {'args': {'--uuid': 'e77e9c0abb0e5af5bbac1863fc5854c2', '-db-root': '/home/ryedida/bbo_challenge_starter_kit/output', '--opt-root': '/home/ryedida/bbo_challenge_starter_kit/example_submissions', '--data-root': None, '--db': 'run_20230425_055340', '--opt': 'smoothness', '--data': 'diabetes', '--classifier': 'MLP-adam', '--metric': 'mse', '--calls': 15, '--suggestions': 1, '--jobs-file': None, '--verbose': False, 'dry_run': False, 'rev': 'a376313', 'opt_rev': 'x.x.x'}, 'signature': ([{'alpha': 0.019628224813442792, 'batch_size': 182, 'beta_1': 0.9410202200271762, 'beta_2': 0.9998021557676793, 'epsilon': 1.8662266976518e-08, 'hidden_layer_sizes': 147, 'learning_rate_init': 0.0005627932047415167, 'tol': 0.03690557729213761, 'validation_fraction': 0.8846827852548593}, {'alpha': 0.0019982467392329444, 'batch_size': 200, 'beta_1': 0.919111482530466, 'beta_2': 0.9998488260436156, 'epsilon': 5.981221901152555e-07, 'hidden_layer_sizes': 61, 'learning_rate_init': 2.2310905607443014e-05, 'tol': 1.2046852412030316e-05, 'validation_fraction': 0.8117896445826539}, {'alpha': 0.46659545670218433, 'batch_size': 219, 'beta_1': 0.9889789783750891, 'beta_2': 0.9999896868093284, 'epsilon': 2.4234724484675948e-08, 'hidden_layer_sizes': 167, 'learning_rate_init': 2.972334644335654e-05, 'tol': 0.0036281404040243792, 'validation_fraction': 0.17260651658522078}, {'alpha': 4.656005689076002, 'batch_size': 135, 'beta_1': 0.870503881627747, 'beta_2': 0.9948873266941017, 'epsilon': 2.1023308743480125e-07, 'hidden_layer_sizes': 118, 'learning_rate_init': 0.0018781738757161913, 'tol': 1.1889379831773004e-05, 'validation_fraction': 0.6264327093752792}, {'alpha': 0.04705159350400542, 'batch_size': 158, 'beta_1': 0.9870884262730957, 'beta_2': 0.9999596874382349, 'epsilon': 1.1981845126013875e-08, 'hidden_layer_sizes': 116, 'learning_rate_init': 0.00617340520407431, 'tol': 1.741413418158619e-05, 'validation_fraction': 0.6754299026638921}], [29083.993548572587, 29062.423277324073, 29075.78987471409, 24626.32866834337, 9584.226858493177])}
saving results
saving timing
saving suggest log
done
