running: {'--uuid': '122f2fd0066d5772836c8b2c601216c0', '-db-root': '/home/ryedida/bbo_challenge_starter_kit/output', '--opt-root': '/home/ryedida/bbo_challenge_starter_kit/example_submissions', '--data-root': None, '--db': 'run_20230427_004608', '--opt': 'smoothness', '--data': 'diabetes', '--classifier': 'MLP-adam', '--metric': 'mse', '--calls': 15, '--suggestions': 1, '--jobs-file': None, '--verbose': False, 'dry_run': False, 'rev': 'a376313', 'opt_rev': 'x.x.x'}
cmd: python smoothness/optimizer.py -c MLP-adam -d diabetes -o smoothness -u 122f2fd0066d5772836c8b2c601216c0 -m mse -n 15 -p 1 -dir /home/ryedida/bbo_challenge_starter_kit/output -b run_20230427_004608
/home/ryedida/.local/lib/python3.9/site-packages/sklearn/neural_network/_multilayer_perceptron.py:605: UserWarning: Got `batch_size` less than 1 or larger than sample size. It is going to be clipped
  warnings.warn(

/home/ryedida/.local/lib/python3.9/site-packages/sklearn/neural_network/_multilayer_perceptron.py:605: UserWarning: Got `batch_size` less than 1 or larger than sample size. It is going to be clipped
  warnings.warn(

/home/ryedida/.local/lib/python3.9/site-packages/sklearn/neural_network/_multilayer_perceptron.py:605: UserWarning: Got `batch_size` less than 1 or larger than sample size. It is going to be clipped
  warnings.warn(

/home/ryedida/.local/lib/python3.9/site-packages/sklearn/neural_network/_multilayer_perceptron.py:686: ConvergenceWarning: Stochastic Optimizer: Maximum iterations (200) reached and the optimization hasn't converged yet.
  warnings.warn(

/home/ryedida/.local/lib/python3.9/site-packages/sklearn/neural_network/_multilayer_perceptron.py:605: UserWarning: Got `batch_size` less than 1 or larger than sample size. It is going to be clipped
  warnings.warn(

/home/ryedida/.local/lib/python3.9/site-packages/sklearn/neural_network/_multilayer_perceptron.py:686: ConvergenceWarning: Stochastic Optimizer: Maximum iterations (200) reached and the optimization hasn't converged yet.
  warnings.warn(

computed signature: ([{'alpha': 0.019628224813442792, 'batch_size': 182, 'beta_1': 0.9410202200271762, 'beta_2': 0.9998021557676793, 'epsilon': 1.8662266976518e-08, 'hidden_layer_sizes': 147, 'learning_rate_init': 0.0005627932047415167, 'tol': 0.03690557729213761, 'validation_fraction': 0.8846827852548593}, {'alpha': 0.0019982467392329444, 'batch_size': 200, 'beta_1': 0.919111482530466, 'beta_2': 0.9998488260436156, 'epsilon': 5.981221901152555e-07, 'hidden_layer_sizes': 61, 'learning_rate_init': 2.2310905607443014e-05, 'tol': 1.2046852412030316e-05, 'validation_fraction': 0.8117896445826539}, {'alpha': 0.46659545670218433, 'batch_size': 219, 'beta_1': 0.9889789783750891, 'beta_2': 0.9999896868093284, 'epsilon': 2.4234724484675948e-08, 'hidden_layer_sizes': 167, 'learning_rate_init': 2.972334644335654e-05, 'tol': 0.0036281404040243792, 'validation_fraction': 0.17260651658522078}, {'alpha': 4.656005689076002, 'batch_size': 135, 'beta_1': 0.870503881627747, 'beta_2': 0.9948873266941017, 'epsilon': 2.1023308743480125e-07, 'hidden_layer_sizes': 118, 'learning_rate_init': 0.0018781738757161913, 'tol': 1.1889379831773004e-05, 'validation_fraction': 0.6264327093752792}, {'alpha': 0.04705159350400542, 'batch_size': 158, 'beta_1': 0.9870884262730957, 'beta_2': 0.9999596874382349, 'epsilon': 1.1981845126013875e-08, 'hidden_layer_sizes': 116, 'learning_rate_init': 0.00617340520407431, 'tol': 1.741413418158619e-05, 'validation_fraction': 0.6754299026638921}], [29083.993548572587, 29062.423277324073, 29075.78987471409, 24626.32866834337, 9584.226858493177])
Signature errors:
                              0         1         2         3         4       max
MLP-adam_diabetes_mse  0.000007  0.000008  0.000003  0.003558  0.004952  0.004952
max                    0.000007  0.000008  0.000003  0.003558  0.004952  0.004952
starting sklearn study smoothness MLP-adam diabetes mse 15 1
with data root: None
Failure in optimizer suggest. Falling back to random search.
name 'activ' is not defined
Traceback (most recent call last):
  File "/home/ryedida/.local/lib/python3.9/site-packages/bayesmark/experiment.py", line 126, in run_study
    next_points = optimizer.suggest(n_suggestions)
  File "/home/ryedida/bbo_challenge_starter_kit/example_submissions/smoothness/optimizer.py", line 109, in suggest
    betas = [self._get_smoothness_reg(guess) for guess in guesses]
  File "/home/ryedida/bbo_challenge_starter_kit/example_submissions/smoothness/optimizer.py", line 109, in <listcomp>
    betas = [self._get_smoothness_reg(guess) for guess in guesses]
  File "/home/ryedida/bbo_challenge_starter_kit/example_submissions/smoothness/optimizer.py", line 49, in _get_smoothness_reg
    if activ > Kz:
NameError: name 'activ' is not defined
suggestion time taken 0.500758 iter 0 next_points [{'alpha': 0.011759249863503997, 'batch_size': 52, 'beta_1': 0.9392378648199529, 'beta_2': 0.9999927159823379, 'epsilon': 1.8848958791309325e-08, 'hidden_layer_sizes': 186, 'learning_rate_init': 0.04818670694600145, 'tol': 0.0027049031459672203, 'validation_fraction': 0.7951398987578072}]
function_evaluation time 0.329014 value 3471.342722 suggestion {'alpha': 0.011759249863503997, 'batch_size': 52, 'beta_1': 0.9392378648199529, 'beta_2': 0.9999927159823379, 'epsilon': 1.8848958791309325e-08, 'hidden_layer_sizes': 186, 'learning_rate_init': 0.04818670694600145, 'tol': 0.0027049031459672203, 'validation_fraction': 0.7951398987578072}
observation time 0.000007, current best 3471.342722 at iter 0
Failure in optimizer suggest. Falling back to random search.
name 'activ' is not defined
Traceback (most recent call last):
  File "/home/ryedida/.local/lib/python3.9/site-packages/bayesmark/experiment.py", line 126, in run_study
    next_points = optimizer.suggest(n_suggestions)
  File "/home/ryedida/bbo_challenge_starter_kit/example_submissions/smoothness/optimizer.py", line 109, in suggest
    betas = [self._get_smoothness_reg(guess) for guess in guesses]
  File "/home/ryedida/bbo_challenge_starter_kit/example_submissions/smoothness/optimizer.py", line 109, in <listcomp>
    betas = [self._get_smoothness_reg(guess) for guess in guesses]
  File "/home/ryedida/bbo_challenge_starter_kit/example_submissions/smoothness/optimizer.py", line 49, in _get_smoothness_reg
    if activ > Kz:
NameError: name 'activ' is not defined
suggestion time taken 0.356050 iter 1 next_points [{'alpha': 1.7604712716119837, 'batch_size': 131, 'beta_1': 0.5991482296769971, 'beta_2': 0.9999975800499072, 'epsilon': 6.403596453566616e-07, 'hidden_layer_sizes': 163, 'learning_rate_init': 0.0006551622206838295, 'tol': 1.6851181211120574e-05, 'validation_fraction': 0.3671231081819422}]
/home/ryedida/.local/lib/python3.9/site-packages/sklearn/neural_network/_multilayer_perceptron.py:686: ConvergenceWarning: Stochastic Optimizer: Maximum iterations (200) reached and the optimization hasn't converged yet.
  warnings.warn(

function_evaluation time 1.278212 value 24861.385046 suggestion {'alpha': 1.7604712716119837, 'batch_size': 131, 'beta_1': 0.5991482296769971, 'beta_2': 0.9999975800499072, 'epsilon': 6.403596453566616e-07, 'hidden_layer_sizes': 163, 'learning_rate_init': 0.0006551622206838295, 'tol': 1.6851181211120574e-05, 'validation_fraction': 0.3671231081819422}
observation time 0.000006, current best 3471.342722 at iter 1
Failure in optimizer suggest. Falling back to random search.
name 'activ' is not defined
Traceback (most recent call last):
  File "/home/ryedida/.local/lib/python3.9/site-packages/bayesmark/experiment.py", line 126, in run_study
    next_points = optimizer.suggest(n_suggestions)
  File "/home/ryedida/bbo_challenge_starter_kit/example_submissions/smoothness/optimizer.py", line 109, in suggest
    betas = [self._get_smoothness_reg(guess) for guess in guesses]
  File "/home/ryedida/bbo_challenge_starter_kit/example_submissions/smoothness/optimizer.py", line 109, in <listcomp>
    betas = [self._get_smoothness_reg(guess) for guess in guesses]
  File "/home/ryedida/bbo_challenge_starter_kit/example_submissions/smoothness/optimizer.py", line 49, in _get_smoothness_reg
    if activ > Kz:
NameError: name 'activ' is not defined
suggestion time taken 0.332059 iter 2 next_points [{'alpha': 0.03864281621735195, 'batch_size': 127, 'beta_1': 0.8886682370937632, 'beta_2': 0.9932230368657101, 'epsilon': 2.351044048741263e-07, 'hidden_layer_sizes': 100, 'learning_rate_init': 0.02303773618635701, 'tol': 0.00020120277719507695, 'validation_fraction': 0.2490052208652852}]
function_evaluation time 0.825848 value 2968.722673 suggestion {'alpha': 0.03864281621735195, 'batch_size': 127, 'beta_1': 0.8886682370937632, 'beta_2': 0.9932230368657101, 'epsilon': 2.351044048741263e-07, 'hidden_layer_sizes': 100, 'learning_rate_init': 0.02303773618635701, 'tol': 0.00020120277719507695, 'validation_fraction': 0.2490052208652852}
observation time 0.000005, current best 2968.722673 at iter 2
Failure in optimizer suggest. Falling back to random search.
name 'activ' is not defined
Traceback (most recent call last):
  File "/home/ryedida/.local/lib/python3.9/site-packages/bayesmark/experiment.py", line 126, in run_study
    next_points = optimizer.suggest(n_suggestions)
  File "/home/ryedida/bbo_challenge_starter_kit/example_submissions/smoothness/optimizer.py", line 109, in suggest
    betas = [self._get_smoothness_reg(guess) for guess in guesses]
  File "/home/ryedida/bbo_challenge_starter_kit/example_submissions/smoothness/optimizer.py", line 109, in <listcomp>
    betas = [self._get_smoothness_reg(guess) for guess in guesses]
  File "/home/ryedida/bbo_challenge_starter_kit/example_submissions/smoothness/optimizer.py", line 49, in _get_smoothness_reg
    if activ > Kz:
NameError: name 'activ' is not defined
suggestion time taken 0.330098 iter 3 next_points [{'alpha': 0.0006657526780807412, 'batch_size': 121, 'beta_1': 0.8124331707018483, 'beta_2': 0.9997065533870468, 'epsilon': 6.392412983381263e-08, 'hidden_layer_sizes': 196, 'learning_rate_init': 0.008220174904358208, 'tol': 0.0009333974779545645, 'validation_fraction': 0.45353413443278756}]
function_evaluation time 1.015337 value 3119.511990 suggestion {'alpha': 0.0006657526780807412, 'batch_size': 121, 'beta_1': 0.8124331707018483, 'beta_2': 0.9997065533870468, 'epsilon': 6.392412983381263e-08, 'hidden_layer_sizes': 196, 'learning_rate_init': 0.008220174904358208, 'tol': 0.0009333974779545645, 'validation_fraction': 0.45353413443278756}
observation time 0.000006, current best 2968.722673 at iter 3
Failure in optimizer suggest. Falling back to random search.
name 'activ' is not defined
Traceback (most recent call last):
  File "/home/ryedida/.local/lib/python3.9/site-packages/bayesmark/experiment.py", line 126, in run_study
    next_points = optimizer.suggest(n_suggestions)
  File "/home/ryedida/bbo_challenge_starter_kit/example_submissions/smoothness/optimizer.py", line 109, in suggest
    betas = [self._get_smoothness_reg(guess) for guess in guesses]
  File "/home/ryedida/bbo_challenge_starter_kit/example_submissions/smoothness/optimizer.py", line 109, in <listcomp>
    betas = [self._get_smoothness_reg(guess) for guess in guesses]
  File "/home/ryedida/bbo_challenge_starter_kit/example_submissions/smoothness/optimizer.py", line 49, in _get_smoothness_reg
    if activ > Kz:
NameError: name 'activ' is not defined
suggestion time taken 0.330755 iter 4 next_points [{'alpha': 2.9563913274468208e-05, 'batch_size': 185, 'beta_1': 0.8012598276800109, 'beta_2': 0.9638060258733657, 'epsilon': 3.4352517059768424e-07, 'hidden_layer_sizes': 111, 'learning_rate_init': 0.00034518193546082785, 'tol': 0.01665098442789971, 'validation_fraction': 0.3191008026761823}]
function_evaluation time 0.075401 value 29068.060441 suggestion {'alpha': 2.9563913274468208e-05, 'batch_size': 185, 'beta_1': 0.8012598276800109, 'beta_2': 0.9638060258733657, 'epsilon': 3.4352517059768424e-07, 'hidden_layer_sizes': 111, 'learning_rate_init': 0.00034518193546082785, 'tol': 0.01665098442789971, 'validation_fraction': 0.3191008026761823}
observation time 0.000006, current best 2968.722673 at iter 4
Failure in optimizer suggest. Falling back to random search.
name 'activ' is not defined
Traceback (most recent call last):
  File "/home/ryedida/.local/lib/python3.9/site-packages/bayesmark/experiment.py", line 126, in run_study
    next_points = optimizer.suggest(n_suggestions)
  File "/home/ryedida/bbo_challenge_starter_kit/example_submissions/smoothness/optimizer.py", line 109, in suggest
    betas = [self._get_smoothness_reg(guess) for guess in guesses]
  File "/home/ryedida/bbo_challenge_starter_kit/example_submissions/smoothness/optimizer.py", line 109, in <listcomp>
    betas = [self._get_smoothness_reg(guess) for guess in guesses]
  File "/home/ryedida/bbo_challenge_starter_kit/example_submissions/smoothness/optimizer.py", line 49, in _get_smoothness_reg
    if activ > Kz:
NameError: name 'activ' is not defined
suggestion time taken 0.333654 iter 5 next_points [{'alpha': 0.0033275875879335607, 'batch_size': 153, 'beta_1': 0.8856704391228706, 'beta_2': 0.9999800666600647, 'epsilon': 2.4359444800923475e-09, 'hidden_layer_sizes': 104, 'learning_rate_init': 3.346773202244596e-05, 'tol': 0.00034241930763486214, 'validation_fraction': 0.19218659772874622}]
function_evaluation time 0.073668 value 29096.012272 suggestion {'alpha': 0.0033275875879335607, 'batch_size': 153, 'beta_1': 0.8856704391228706, 'beta_2': 0.9999800666600647, 'epsilon': 2.4359444800923475e-09, 'hidden_layer_sizes': 104, 'learning_rate_init': 3.346773202244596e-05, 'tol': 0.00034241930763486214, 'validation_fraction': 0.19218659772874622}
observation time 0.000006, current best 2968.722673 at iter 5
Failure in optimizer suggest. Falling back to random search.
name 'activ' is not defined
Traceback (most recent call last):
  File "/home/ryedida/.local/lib/python3.9/site-packages/bayesmark/experiment.py", line 126, in run_study
    next_points = optimizer.suggest(n_suggestions)
  File "/home/ryedida/bbo_challenge_starter_kit/example_submissions/smoothness/optimizer.py", line 109, in suggest
    betas = [self._get_smoothness_reg(guess) for guess in guesses]
  File "/home/ryedida/bbo_challenge_starter_kit/example_submissions/smoothness/optimizer.py", line 109, in <listcomp>
    betas = [self._get_smoothness_reg(guess) for guess in guesses]
  File "/home/ryedida/bbo_challenge_starter_kit/example_submissions/smoothness/optimizer.py", line 49, in _get_smoothness_reg
    if activ > Kz:
NameError: name 'activ' is not defined
suggestion time taken 0.324482 iter 6 next_points [{'alpha': 4.686171738459543, 'batch_size': 20, 'beta_1': 0.9455233591148716, 'beta_2': 0.9999912338952007, 'epsilon': 2.4263141230995607e-07, 'hidden_layer_sizes': 94, 'learning_rate_init': 0.0007618664831070709, 'tol': 0.00021425272239381253, 'validation_fraction': 0.1832657246410443}]
/home/ryedida/.local/lib/python3.9/site-packages/sklearn/neural_network/_multilayer_perceptron.py:686: ConvergenceWarning: Stochastic Optimizer: Maximum iterations (200) reached and the optimization hasn't converged yet.
  warnings.warn(

function_evaluation time 2.072987 value 4143.812426 suggestion {'alpha': 4.686171738459543, 'batch_size': 20, 'beta_1': 0.9455233591148716, 'beta_2': 0.9999912338952007, 'epsilon': 2.4263141230995607e-07, 'hidden_layer_sizes': 94, 'learning_rate_init': 0.0007618664831070709, 'tol': 0.00021425272239381253, 'validation_fraction': 0.1832657246410443}
observation time 0.000006, current best 2968.722673 at iter 6
Failure in optimizer suggest. Falling back to random search.
name 'activ' is not defined
Traceback (most recent call last):
  File "/home/ryedida/.local/lib/python3.9/site-packages/bayesmark/experiment.py", line 126, in run_study
    next_points = optimizer.suggest(n_suggestions)
  File "/home/ryedida/bbo_challenge_starter_kit/example_submissions/smoothness/optimizer.py", line 109, in suggest
    betas = [self._get_smoothness_reg(guess) for guess in guesses]
  File "/home/ryedida/bbo_challenge_starter_kit/example_submissions/smoothness/optimizer.py", line 109, in <listcomp>
    betas = [self._get_smoothness_reg(guess) for guess in guesses]
  File "/home/ryedida/bbo_challenge_starter_kit/example_submissions/smoothness/optimizer.py", line 49, in _get_smoothness_reg
    if activ > Kz:
NameError: name 'activ' is not defined
suggestion time taken 0.460070 iter 7 next_points [{'alpha': 0.3274059130127384, 'batch_size': 26, 'beta_1': 0.9897605402246608, 'beta_2': 0.9613248984024374, 'epsilon': 2.6719040358029493e-09, 'hidden_layer_sizes': 174, 'learning_rate_init': 0.00863054377190307, 'tol': 0.09204028047318051, 'validation_fraction': 0.8548044289428541}]
function_evaluation time 0.069770 value 27677.868537 suggestion {'alpha': 0.3274059130127384, 'batch_size': 26, 'beta_1': 0.9897605402246608, 'beta_2': 0.9613248984024374, 'epsilon': 2.6719040358029493e-09, 'hidden_layer_sizes': 174, 'learning_rate_init': 0.00863054377190307, 'tol': 0.09204028047318051, 'validation_fraction': 0.8548044289428541}
observation time 0.000006, current best 2968.722673 at iter 7
Failure in optimizer suggest. Falling back to random search.
name 'activ' is not defined
Traceback (most recent call last):
  File "/home/ryedida/.local/lib/python3.9/site-packages/bayesmark/experiment.py", line 126, in run_study
    next_points = optimizer.suggest(n_suggestions)
  File "/home/ryedida/bbo_challenge_starter_kit/example_submissions/smoothness/optimizer.py", line 109, in suggest
    betas = [self._get_smoothness_reg(guess) for guess in guesses]
  File "/home/ryedida/bbo_challenge_starter_kit/example_submissions/smoothness/optimizer.py", line 109, in <listcomp>
    betas = [self._get_smoothness_reg(guess) for guess in guesses]
  File "/home/ryedida/bbo_challenge_starter_kit/example_submissions/smoothness/optimizer.py", line 49, in _get_smoothness_reg
    if activ > Kz:
NameError: name 'activ' is not defined
suggestion time taken 0.324550 iter 8 next_points [{'alpha': 0.0009322359791304583, 'batch_size': 57, 'beta_1': 0.6090866804906834, 'beta_2': 0.999992354521729, 'epsilon': 7.529575424912224e-09, 'hidden_layer_sizes': 132, 'learning_rate_init': 3.614165413882685e-05, 'tol': 1.6979445547256808e-05, 'validation_fraction': 0.8976938310635582}]
/home/ryedida/.local/lib/python3.9/site-packages/sklearn/neural_network/_multilayer_perceptron.py:605: UserWarning: Got `batch_size` less than 1 or larger than sample size. It is going to be clipped
  warnings.warn(

/home/ryedida/.local/lib/python3.9/site-packages/sklearn/neural_network/_multilayer_perceptron.py:686: ConvergenceWarning: Stochastic Optimizer: Maximum iterations (200) reached and the optimization hasn't converged yet.
  warnings.warn(

function_evaluation time 0.697214 value 29059.582459 suggestion {'alpha': 0.0009322359791304583, 'batch_size': 57, 'beta_1': 0.6090866804906834, 'beta_2': 0.999992354521729, 'epsilon': 7.529575424912224e-09, 'hidden_layer_sizes': 132, 'learning_rate_init': 3.614165413882685e-05, 'tol': 1.6979445547256808e-05, 'validation_fraction': 0.8976938310635582}
observation time 0.000006, current best 2968.722673 at iter 8
Failure in optimizer suggest. Falling back to random search.
name 'activ' is not defined
Traceback (most recent call last):
  File "/home/ryedida/.local/lib/python3.9/site-packages/bayesmark/experiment.py", line 126, in run_study
    next_points = optimizer.suggest(n_suggestions)
  File "/home/ryedida/bbo_challenge_starter_kit/example_submissions/smoothness/optimizer.py", line 109, in suggest
    betas = [self._get_smoothness_reg(guess) for guess in guesses]
  File "/home/ryedida/bbo_challenge_starter_kit/example_submissions/smoothness/optimizer.py", line 109, in <listcomp>
    betas = [self._get_smoothness_reg(guess) for guess in guesses]
  File "/home/ryedida/bbo_challenge_starter_kit/example_submissions/smoothness/optimizer.py", line 49, in _get_smoothness_reg
    if activ > Kz:
NameError: name 'activ' is not defined
suggestion time taken 0.324914 iter 9 next_points [{'alpha': 0.001129072767961703, 'batch_size': 63, 'beta_1': 0.9768481575988822, 'beta_2': 0.9955894099889847, 'epsilon': 2.2214347839619488e-08, 'hidden_layer_sizes': 124, 'learning_rate_init': 0.05404833294670664, 'tol': 0.014167100784559359, 'validation_fraction': 0.5221476861044143}]
function_evaluation time 0.199991 value 3720.261473 suggestion {'alpha': 0.001129072767961703, 'batch_size': 63, 'beta_1': 0.9768481575988822, 'beta_2': 0.9955894099889847, 'epsilon': 2.2214347839619488e-08, 'hidden_layer_sizes': 124, 'learning_rate_init': 0.05404833294670664, 'tol': 0.014167100784559359, 'validation_fraction': 0.5221476861044143}
observation time 0.000006, current best 2968.722673 at iter 9
Failure in optimizer suggest. Falling back to random search.
name 'activ' is not defined
Traceback (most recent call last):
  File "/home/ryedida/.local/lib/python3.9/site-packages/bayesmark/experiment.py", line 126, in run_study
    next_points = optimizer.suggest(n_suggestions)
  File "/home/ryedida/bbo_challenge_starter_kit/example_submissions/smoothness/optimizer.py", line 109, in suggest
    betas = [self._get_smoothness_reg(guess) for guess in guesses]
  File "/home/ryedida/bbo_challenge_starter_kit/example_submissions/smoothness/optimizer.py", line 109, in <listcomp>
    betas = [self._get_smoothness_reg(guess) for guess in guesses]
  File "/home/ryedida/bbo_challenge_starter_kit/example_submissions/smoothness/optimizer.py", line 49, in _get_smoothness_reg
    if activ > Kz:
NameError: name 'activ' is not defined
suggestion time taken 0.312888 iter 10 next_points [{'alpha': 0.12863609984132005, 'batch_size': 184, 'beta_1': 0.7244627984328118, 'beta_2': 0.9187377971271845, 'epsilon': 3.539723131125315e-07, 'hidden_layer_sizes': 65, 'learning_rate_init': 1.6588007228509354e-05, 'tol': 0.0014406177830898971, 'validation_fraction': 0.5660919756153986}]
/home/ryedida/.local/lib/python3.9/site-packages/sklearn/neural_network/_multilayer_perceptron.py:605: UserWarning: Got `batch_size` less than 1 or larger than sample size. It is going to be clipped
  warnings.warn(

function_evaluation time 0.048054 value 29139.996482 suggestion {'alpha': 0.12863609984132005, 'batch_size': 184, 'beta_1': 0.7244627984328118, 'beta_2': 0.9187377971271845, 'epsilon': 3.539723131125315e-07, 'hidden_layer_sizes': 65, 'learning_rate_init': 1.6588007228509354e-05, 'tol': 0.0014406177830898971, 'validation_fraction': 0.5660919756153986}
observation time 0.000005, current best 2968.722673 at iter 10
Failure in optimizer suggest. Falling back to random search.
name 'activ' is not defined
Traceback (most recent call last):
  File "/home/ryedida/.local/lib/python3.9/site-packages/bayesmark/experiment.py", line 126, in run_study
    next_points = optimizer.suggest(n_suggestions)
  File "/home/ryedida/bbo_challenge_starter_kit/example_submissions/smoothness/optimizer.py", line 109, in suggest
    betas = [self._get_smoothness_reg(guess) for guess in guesses]
  File "/home/ryedida/bbo_challenge_starter_kit/example_submissions/smoothness/optimizer.py", line 109, in <listcomp>
    betas = [self._get_smoothness_reg(guess) for guess in guesses]
  File "/home/ryedida/bbo_challenge_starter_kit/example_submissions/smoothness/optimizer.py", line 49, in _get_smoothness_reg
    if activ > Kz:
NameError: name 'activ' is not defined
suggestion time taken 0.324349 iter 11 next_points [{'alpha': 3.3559984287894786, 'batch_size': 57, 'beta_1': 0.8719121047195822, 'beta_2': 0.9999859672105261, 'epsilon': 8.48539401571195e-08, 'hidden_layer_sizes': 58, 'learning_rate_init': 0.0008501758105126888, 'tol': 0.0013754280987533832, 'validation_fraction': 0.584461805272617}]
function_evaluation time 0.225591 value 27949.478583 suggestion {'alpha': 3.3559984287894786, 'batch_size': 57, 'beta_1': 0.8719121047195822, 'beta_2': 0.9999859672105261, 'epsilon': 8.48539401571195e-08, 'hidden_layer_sizes': 58, 'learning_rate_init': 0.0008501758105126888, 'tol': 0.0013754280987533832, 'validation_fraction': 0.584461805272617}
observation time 0.000006, current best 2968.722673 at iter 11
Failure in optimizer suggest. Falling back to random search.
name 'activ' is not defined
Traceback (most recent call last):
  File "/home/ryedida/.local/lib/python3.9/site-packages/bayesmark/experiment.py", line 126, in run_study
    next_points = optimizer.suggest(n_suggestions)
  File "/home/ryedida/bbo_challenge_starter_kit/example_submissions/smoothness/optimizer.py", line 109, in suggest
    betas = [self._get_smoothness_reg(guess) for guess in guesses]
  File "/home/ryedida/bbo_challenge_starter_kit/example_submissions/smoothness/optimizer.py", line 109, in <listcomp>
    betas = [self._get_smoothness_reg(guess) for guess in guesses]
  File "/home/ryedida/bbo_challenge_starter_kit/example_submissions/smoothness/optimizer.py", line 49, in _get_smoothness_reg
    if activ > Kz:
NameError: name 'activ' is not defined
suggestion time taken 0.322013 iter 12 next_points [{'alpha': 1.0942724444381989e-05, 'batch_size': 197, 'beta_1': 0.6010996034499354, 'beta_2': 0.9998175486969001, 'epsilon': 4.509059336751854e-09, 'hidden_layer_sizes': 167, 'learning_rate_init': 9.39115577968314e-05, 'tol': 0.0004103036125614744, 'validation_fraction': 0.3221939423518367}]
function_evaluation time 0.078707 value 29143.765363 suggestion {'alpha': 1.0942724444381989e-05, 'batch_size': 197, 'beta_1': 0.6010996034499354, 'beta_2': 0.9998175486969001, 'epsilon': 4.509059336751854e-09, 'hidden_layer_sizes': 167, 'learning_rate_init': 9.39115577968314e-05, 'tol': 0.0004103036125614744, 'validation_fraction': 0.3221939423518367}
observation time 0.000005, current best 2968.722673 at iter 12
Failure in optimizer suggest. Falling back to random search.
name 'activ' is not defined
Traceback (most recent call last):
  File "/home/ryedida/.local/lib/python3.9/site-packages/bayesmark/experiment.py", line 126, in run_study
    next_points = optimizer.suggest(n_suggestions)
  File "/home/ryedida/bbo_challenge_starter_kit/example_submissions/smoothness/optimizer.py", line 109, in suggest
    betas = [self._get_smoothness_reg(guess) for guess in guesses]
  File "/home/ryedida/bbo_challenge_starter_kit/example_submissions/smoothness/optimizer.py", line 109, in <listcomp>
    betas = [self._get_smoothness_reg(guess) for guess in guesses]
  File "/home/ryedida/bbo_challenge_starter_kit/example_submissions/smoothness/optimizer.py", line 49, in _get_smoothness_reg
    if activ > Kz:
NameError: name 'activ' is not defined
suggestion time taken 0.321686 iter 13 next_points [{'alpha': 0.003629731699096515, 'batch_size': 31, 'beta_1': 0.9783206655330615, 'beta_2': 0.9996512199751808, 'epsilon': 2.0365670108443831e-07, 'hidden_layer_sizes': 54, 'learning_rate_init': 0.0018774368877653967, 'tol': 2.4261037537467347e-05, 'validation_fraction': 0.43550230398981576}]
/home/ryedida/.local/lib/python3.9/site-packages/sklearn/neural_network/_multilayer_perceptron.py:686: ConvergenceWarning: Stochastic Optimizer: Maximum iterations (200) reached and the optimization hasn't converged yet.
  warnings.warn(

function_evaluation time 1.134207 value 4349.990093 suggestion {'alpha': 0.003629731699096515, 'batch_size': 31, 'beta_1': 0.9783206655330615, 'beta_2': 0.9996512199751808, 'epsilon': 2.0365670108443831e-07, 'hidden_layer_sizes': 54, 'learning_rate_init': 0.0018774368877653967, 'tol': 2.4261037537467347e-05, 'validation_fraction': 0.43550230398981576}
observation time 0.000005, current best 2968.722673 at iter 13
Failure in optimizer suggest. Falling back to random search.
name 'activ' is not defined
Traceback (most recent call last):
  File "/home/ryedida/.local/lib/python3.9/site-packages/bayesmark/experiment.py", line 126, in run_study
    next_points = optimizer.suggest(n_suggestions)
  File "/home/ryedida/bbo_challenge_starter_kit/example_submissions/smoothness/optimizer.py", line 109, in suggest
    betas = [self._get_smoothness_reg(guess) for guess in guesses]
  File "/home/ryedida/bbo_challenge_starter_kit/example_submissions/smoothness/optimizer.py", line 109, in <listcomp>
    betas = [self._get_smoothness_reg(guess) for guess in guesses]
  File "/home/ryedida/bbo_challenge_starter_kit/example_submissions/smoothness/optimizer.py", line 49, in _get_smoothness_reg
    if activ > Kz:
NameError: name 'activ' is not defined
suggestion time taken 0.324292 iter 14 next_points [{'alpha': 1.8588059374914188e-05, 'batch_size': 205, 'beta_1': 0.8366466143407078, 'beta_2': 0.9996783019227314, 'epsilon': 1.1044223426436242e-08, 'hidden_layer_sizes': 138, 'learning_rate_init': 6.454134693029514e-05, 'tol': 1.7026769046392475e-05, 'validation_fraction': 0.6919058440845129}]
/home/ryedida/.local/lib/python3.9/site-packages/sklearn/neural_network/_multilayer_perceptron.py:605: UserWarning: Got `batch_size` less than 1 or larger than sample size. It is going to be clipped
  warnings.warn(

/home/ryedida/.local/lib/python3.9/site-packages/sklearn/neural_network/_multilayer_perceptron.py:686: ConvergenceWarning: Stochastic Optimizer: Maximum iterations (200) reached and the optimization hasn't converged yet.
  warnings.warn(

function_evaluation time 0.788307 value 29047.469805 suggestion {'alpha': 1.8588059374914188e-05, 'batch_size': 205, 'beta_1': 0.8366466143407078, 'beta_2': 0.9996783019227314, 'epsilon': 1.1044223426436242e-08, 'hidden_layer_sizes': 138, 'learning_rate_init': 6.454134693029514e-05, 'tol': 1.7026769046392475e-05, 'validation_fraction': 0.6919058440845129}
observation time 0.000006, current best 2968.722673 at iter 14
saving meta data: {'args': {'--uuid': '122f2fd0066d5772836c8b2c601216c0', '-db-root': '/home/ryedida/bbo_challenge_starter_kit/output', '--opt-root': '/home/ryedida/bbo_challenge_starter_kit/example_submissions', '--data-root': None, '--db': 'run_20230427_004608', '--opt': 'smoothness', '--data': 'diabetes', '--classifier': 'MLP-adam', '--metric': 'mse', '--calls': 15, '--suggestions': 1, '--jobs-file': None, '--verbose': False, 'dry_run': False, 'rev': 'a376313', 'opt_rev': 'x.x.x'}, 'signature': ([{'alpha': 0.019628224813442792, 'batch_size': 182, 'beta_1': 0.9410202200271762, 'beta_2': 0.9998021557676793, 'epsilon': 1.8662266976518e-08, 'hidden_layer_sizes': 147, 'learning_rate_init': 0.0005627932047415167, 'tol': 0.03690557729213761, 'validation_fraction': 0.8846827852548593}, {'alpha': 0.0019982467392329444, 'batch_size': 200, 'beta_1': 0.919111482530466, 'beta_2': 0.9998488260436156, 'epsilon': 5.981221901152555e-07, 'hidden_layer_sizes': 61, 'learning_rate_init': 2.2310905607443014e-05, 'tol': 1.2046852412030316e-05, 'validation_fraction': 0.8117896445826539}, {'alpha': 0.46659545670218433, 'batch_size': 219, 'beta_1': 0.9889789783750891, 'beta_2': 0.9999896868093284, 'epsilon': 2.4234724484675948e-08, 'hidden_layer_sizes': 167, 'learning_rate_init': 2.972334644335654e-05, 'tol': 0.0036281404040243792, 'validation_fraction': 0.17260651658522078}, {'alpha': 4.656005689076002, 'batch_size': 135, 'beta_1': 0.870503881627747, 'beta_2': 0.9948873266941017, 'epsilon': 2.1023308743480125e-07, 'hidden_layer_sizes': 118, 'learning_rate_init': 0.0018781738757161913, 'tol': 1.1889379831773004e-05, 'validation_fraction': 0.6264327093752792}, {'alpha': 0.04705159350400542, 'batch_size': 158, 'beta_1': 0.9870884262730957, 'beta_2': 0.9999596874382349, 'epsilon': 1.1981845126013875e-08, 'hidden_layer_sizes': 116, 'learning_rate_init': 0.00617340520407431, 'tol': 1.741413418158619e-05, 'validation_fraction': 0.6754299026638921}], [29083.993548572587, 29062.423277324073, 29075.78987471409, 24626.32866834337, 9584.226858493177])}
saving results
saving timing
saving suggest log
done
