running: {'--uuid': '2a1aefec4a785646bd903236af76871f', '-db-root': '/home/ryedida/bbo_challenge_starter_kit/output', '--opt-root': '/home/ryedida/bbo_challenge_starter_kit/example_submissions', '--data-root': None, '--db': 'run_20230427_004608', '--opt': 'smoothness', '--data': 'diabetes', '--classifier': 'MLP-adam', '--metric': 'mae', '--calls': 15, '--suggestions': 1, '--jobs-file': None, '--verbose': False, 'dry_run': False, 'rev': 'a376313', 'opt_rev': 'x.x.x'}
cmd: python smoothness/optimizer.py -c MLP-adam -d diabetes -o smoothness -u 2a1aefec4a785646bd903236af76871f -m mae -n 15 -p 1 -dir /home/ryedida/bbo_challenge_starter_kit/output -b run_20230427_004608
/home/ryedida/.local/lib/python3.9/site-packages/sklearn/neural_network/_multilayer_perceptron.py:605: UserWarning: Got `batch_size` less than 1 or larger than sample size. It is going to be clipped
  warnings.warn(

/home/ryedida/.local/lib/python3.9/site-packages/sklearn/neural_network/_multilayer_perceptron.py:605: UserWarning: Got `batch_size` less than 1 or larger than sample size. It is going to be clipped
  warnings.warn(

/home/ryedida/.local/lib/python3.9/site-packages/sklearn/neural_network/_multilayer_perceptron.py:605: UserWarning: Got `batch_size` less than 1 or larger than sample size. It is going to be clipped
  warnings.warn(

/home/ryedida/.local/lib/python3.9/site-packages/sklearn/neural_network/_multilayer_perceptron.py:686: ConvergenceWarning: Stochastic Optimizer: Maximum iterations (200) reached and the optimization hasn't converged yet.
  warnings.warn(

/home/ryedida/.local/lib/python3.9/site-packages/sklearn/neural_network/_multilayer_perceptron.py:605: UserWarning: Got `batch_size` less than 1 or larger than sample size. It is going to be clipped
  warnings.warn(

/home/ryedida/.local/lib/python3.9/site-packages/sklearn/neural_network/_multilayer_perceptron.py:686: ConvergenceWarning: Stochastic Optimizer: Maximum iterations (200) reached and the optimization hasn't converged yet.
  warnings.warn(

computed signature: ([{'alpha': 0.019628224813442792, 'batch_size': 182, 'beta_1': 0.9410202200271762, 'beta_2': 0.9998021557676793, 'epsilon': 1.8662266976518e-08, 'hidden_layer_sizes': 147, 'learning_rate_init': 0.0005627932047415167, 'tol': 0.03690557729213761, 'validation_fraction': 0.8846827852548593}, {'alpha': 0.0019982467392329444, 'batch_size': 200, 'beta_1': 0.919111482530466, 'beta_2': 0.9998488260436156, 'epsilon': 5.981221901152555e-07, 'hidden_layer_sizes': 61, 'learning_rate_init': 2.2310905607443014e-05, 'tol': 1.2046852412030316e-05, 'validation_fraction': 0.8117896445826539}, {'alpha': 0.46659545670218433, 'batch_size': 219, 'beta_1': 0.9889789783750891, 'beta_2': 0.9999896868093284, 'epsilon': 2.4234724484675948e-08, 'hidden_layer_sizes': 167, 'learning_rate_init': 2.972334644335654e-05, 'tol': 0.0036281404040243792, 'validation_fraction': 0.17260651658522078}, {'alpha': 4.656005689076002, 'batch_size': 135, 'beta_1': 0.870503881627747, 'beta_2': 0.9948873266941017, 'epsilon': 2.1023308743480125e-07, 'hidden_layer_sizes': 118, 'learning_rate_init': 0.0018781738757161913, 'tol': 1.1889379831773004e-05, 'validation_fraction': 0.6264327093752792}, {'alpha': 0.04705159350400542, 'batch_size': 158, 'beta_1': 0.9870884262730957, 'beta_2': 0.9999596874382349, 'epsilon': 1.1981845126013875e-08, 'hidden_layer_sizes': 116, 'learning_rate_init': 0.00617340520407431, 'tol': 1.741413418158619e-05, 'validation_fraction': 0.6754299026638921}], [151.4971925380264, 151.42763539278994, 151.47026299046811, 136.86202504264318, 75.2055865763391])
Signature errors:
                                  0             1             2         3         4       max
MLP-adam_diabetes_mae  1.919244e-08  6.198704e-08  7.624578e-09  0.000007  0.000034  0.000034
max                    1.919244e-08  6.198704e-08  7.624578e-09  0.000007  0.000034  0.000034
starting sklearn study smoothness MLP-adam diabetes mae 15 1
with data root: None
Failure in optimizer suggest. Falling back to random search.
name 'activ' is not defined
Traceback (most recent call last):
  File "/home/ryedida/.local/lib/python3.9/site-packages/bayesmark/experiment.py", line 126, in run_study
    next_points = optimizer.suggest(n_suggestions)
  File "/home/ryedida/bbo_challenge_starter_kit/example_submissions/smoothness/optimizer.py", line 109, in suggest
    betas = [self._get_smoothness_reg(guess) for guess in guesses]
  File "/home/ryedida/bbo_challenge_starter_kit/example_submissions/smoothness/optimizer.py", line 109, in <listcomp>
    betas = [self._get_smoothness_reg(guess) for guess in guesses]
  File "/home/ryedida/bbo_challenge_starter_kit/example_submissions/smoothness/optimizer.py", line 49, in _get_smoothness_reg
    if activ > Kz:
NameError: name 'activ' is not defined
suggestion time taken 0.497839 iter 0 next_points [{'alpha': 0.022929959434360464, 'batch_size': 154, 'beta_1': 0.9091037923906051, 'beta_2': 0.9999978225554345, 'epsilon': 2.51510614892758e-08, 'hidden_layer_sizes': 52, 'learning_rate_init': 0.009260085620004396, 'tol': 0.0001711432778609014, 'validation_fraction': 0.2167888510246614}]
/home/ryedida/.local/lib/python3.9/site-packages/sklearn/neural_network/_multilayer_perceptron.py:686: ConvergenceWarning: Stochastic Optimizer: Maximum iterations (200) reached and the optimization hasn't converged yet.
  warnings.warn(

function_evaluation time 0.605629 value 48.811121 suggestion {'alpha': 0.022929959434360464, 'batch_size': 154, 'beta_1': 0.9091037923906051, 'beta_2': 0.9999978225554345, 'epsilon': 2.51510614892758e-08, 'hidden_layer_sizes': 52, 'learning_rate_init': 0.009260085620004396, 'tol': 0.0001711432778609014, 'validation_fraction': 0.2167888510246614}
observation time 0.000007, current best 48.811121 at iter 0
Failure in optimizer suggest. Falling back to random search.
name 'activ' is not defined
Traceback (most recent call last):
  File "/home/ryedida/.local/lib/python3.9/site-packages/bayesmark/experiment.py", line 126, in run_study
    next_points = optimizer.suggest(n_suggestions)
  File "/home/ryedida/bbo_challenge_starter_kit/example_submissions/smoothness/optimizer.py", line 109, in suggest
    betas = [self._get_smoothness_reg(guess) for guess in guesses]
  File "/home/ryedida/bbo_challenge_starter_kit/example_submissions/smoothness/optimizer.py", line 109, in <listcomp>
    betas = [self._get_smoothness_reg(guess) for guess in guesses]
  File "/home/ryedida/bbo_challenge_starter_kit/example_submissions/smoothness/optimizer.py", line 49, in _get_smoothness_reg
    if activ > Kz:
NameError: name 'activ' is not defined
suggestion time taken 0.330036 iter 1 next_points [{'alpha': 0.001425142971211914, 'batch_size': 236, 'beta_1': 0.9894725026417017, 'beta_2': 0.9994202548694934, 'epsilon': 1.9244914327464114e-07, 'hidden_layer_sizes': 93, 'learning_rate_init': 0.014706044269491084, 'tol': 0.004882962287425951, 'validation_fraction': 0.8318878465916256}]
/home/ryedida/.local/lib/python3.9/site-packages/sklearn/neural_network/_multilayer_perceptron.py:605: UserWarning: Got `batch_size` less than 1 or larger than sample size. It is going to be clipped
  warnings.warn(

function_evaluation time 0.481909 value 56.917255 suggestion {'alpha': 0.001425142971211914, 'batch_size': 236, 'beta_1': 0.9894725026417017, 'beta_2': 0.9994202548694934, 'epsilon': 1.9244914327464114e-07, 'hidden_layer_sizes': 93, 'learning_rate_init': 0.014706044269491084, 'tol': 0.004882962287425951, 'validation_fraction': 0.8318878465916256}
observation time 0.000006, current best 48.811121 at iter 1
Failure in optimizer suggest. Falling back to random search.
name 'activ' is not defined
Traceback (most recent call last):
  File "/home/ryedida/.local/lib/python3.9/site-packages/bayesmark/experiment.py", line 126, in run_study
    next_points = optimizer.suggest(n_suggestions)
  File "/home/ryedida/bbo_challenge_starter_kit/example_submissions/smoothness/optimizer.py", line 109, in suggest
    betas = [self._get_smoothness_reg(guess) for guess in guesses]
  File "/home/ryedida/bbo_challenge_starter_kit/example_submissions/smoothness/optimizer.py", line 109, in <listcomp>
    betas = [self._get_smoothness_reg(guess) for guess in guesses]
  File "/home/ryedida/bbo_challenge_starter_kit/example_submissions/smoothness/optimizer.py", line 49, in _get_smoothness_reg
    if activ > Kz:
NameError: name 'activ' is not defined
suggestion time taken 0.330148 iter 2 next_points [{'alpha': 0.0014610394216757311, 'batch_size': 219, 'beta_1': 0.9866035074598544, 'beta_2': 0.999995510844362, 'epsilon': 3.7232734890896995e-09, 'hidden_layer_sizes': 177, 'learning_rate_init': 0.00022397317065036274, 'tol': 0.001178424016554391, 'validation_fraction': 0.6083675260896932}]
/home/ryedida/.local/lib/python3.9/site-packages/sklearn/neural_network/_multilayer_perceptron.py:605: UserWarning: Got `batch_size` less than 1 or larger than sample size. It is going to be clipped
  warnings.warn(

function_evaluation time 0.065754 value 151.547375 suggestion {'alpha': 0.0014610394216757311, 'batch_size': 219, 'beta_1': 0.9866035074598544, 'beta_2': 0.999995510844362, 'epsilon': 3.7232734890896995e-09, 'hidden_layer_sizes': 177, 'learning_rate_init': 0.00022397317065036274, 'tol': 0.001178424016554391, 'validation_fraction': 0.6083675260896932}
observation time 0.000006, current best 48.811121 at iter 2
Failure in optimizer suggest. Falling back to random search.
name 'activ' is not defined
Traceback (most recent call last):
  File "/home/ryedida/.local/lib/python3.9/site-packages/bayesmark/experiment.py", line 126, in run_study
    next_points = optimizer.suggest(n_suggestions)
  File "/home/ryedida/bbo_challenge_starter_kit/example_submissions/smoothness/optimizer.py", line 109, in suggest
    betas = [self._get_smoothness_reg(guess) for guess in guesses]
  File "/home/ryedida/bbo_challenge_starter_kit/example_submissions/smoothness/optimizer.py", line 109, in <listcomp>
    betas = [self._get_smoothness_reg(guess) for guess in guesses]
  File "/home/ryedida/bbo_challenge_starter_kit/example_submissions/smoothness/optimizer.py", line 49, in _get_smoothness_reg
    if activ > Kz:
NameError: name 'activ' is not defined
suggestion time taken 0.331055 iter 3 next_points [{'alpha': 0.0577644973475662, 'batch_size': 196, 'beta_1': 0.9137105952305787, 'beta_2': 0.9722870165766356, 'epsilon': 2.936961225022853e-08, 'hidden_layer_sizes': 154, 'learning_rate_init': 0.0046130682068603185, 'tol': 0.0005473413892734694, 'validation_fraction': 0.3569830843954463}]
/home/ryedida/.local/lib/python3.9/site-packages/sklearn/neural_network/_multilayer_perceptron.py:686: ConvergenceWarning: Stochastic Optimizer: Maximum iterations (200) reached and the optimization hasn't converged yet.
  warnings.warn(

function_evaluation time 0.994173 value 83.232371 suggestion {'alpha': 0.0577644973475662, 'batch_size': 196, 'beta_1': 0.9137105952305787, 'beta_2': 0.9722870165766356, 'epsilon': 2.936961225022853e-08, 'hidden_layer_sizes': 154, 'learning_rate_init': 0.0046130682068603185, 'tol': 0.0005473413892734694, 'validation_fraction': 0.3569830843954463}
observation time 0.000006, current best 48.811121 at iter 3
Failure in optimizer suggest. Falling back to random search.
name 'activ' is not defined
Traceback (most recent call last):
  File "/home/ryedida/.local/lib/python3.9/site-packages/bayesmark/experiment.py", line 126, in run_study
    next_points = optimizer.suggest(n_suggestions)
  File "/home/ryedida/bbo_challenge_starter_kit/example_submissions/smoothness/optimizer.py", line 109, in suggest
    betas = [self._get_smoothness_reg(guess) for guess in guesses]
  File "/home/ryedida/bbo_challenge_starter_kit/example_submissions/smoothness/optimizer.py", line 109, in <listcomp>
    betas = [self._get_smoothness_reg(guess) for guess in guesses]
  File "/home/ryedida/bbo_challenge_starter_kit/example_submissions/smoothness/optimizer.py", line 49, in _get_smoothness_reg
    if activ > Kz:
NameError: name 'activ' is not defined
suggestion time taken 0.326455 iter 4 next_points [{'alpha': 2.5533069883864967, 'batch_size': 117, 'beta_1': 0.9886635972798791, 'beta_2': 0.9999926239698973, 'epsilon': 1.6561066428551066e-09, 'hidden_layer_sizes': 198, 'learning_rate_init': 0.018918669549437366, 'tol': 0.00025654773853931465, 'validation_fraction': 0.4986194605302194}]
function_evaluation time 0.316094 value 56.828293 suggestion {'alpha': 2.5533069883864967, 'batch_size': 117, 'beta_1': 0.9886635972798791, 'beta_2': 0.9999926239698973, 'epsilon': 1.6561066428551066e-09, 'hidden_layer_sizes': 198, 'learning_rate_init': 0.018918669549437366, 'tol': 0.00025654773853931465, 'validation_fraction': 0.4986194605302194}
observation time 0.000006, current best 48.811121 at iter 4
Failure in optimizer suggest. Falling back to random search.
name 'activ' is not defined
Traceback (most recent call last):
  File "/home/ryedida/.local/lib/python3.9/site-packages/bayesmark/experiment.py", line 126, in run_study
    next_points = optimizer.suggest(n_suggestions)
  File "/home/ryedida/bbo_challenge_starter_kit/example_submissions/smoothness/optimizer.py", line 109, in suggest
    betas = [self._get_smoothness_reg(guess) for guess in guesses]
  File "/home/ryedida/bbo_challenge_starter_kit/example_submissions/smoothness/optimizer.py", line 109, in <listcomp>
    betas = [self._get_smoothness_reg(guess) for guess in guesses]
  File "/home/ryedida/bbo_challenge_starter_kit/example_submissions/smoothness/optimizer.py", line 49, in _get_smoothness_reg
    if activ > Kz:
NameError: name 'activ' is not defined
suggestion time taken 0.341274 iter 5 next_points [{'alpha': 0.9697250636293592, 'batch_size': 124, 'beta_1': 0.966735470426449, 'beta_2': 0.9999668264395081, 'epsilon': 2.9942834145432132e-09, 'hidden_layer_sizes': 167, 'learning_rate_init': 0.0005261673311090252, 'tol': 0.0003943296773571907, 'validation_fraction': 0.8469226741435715}]
/home/ryedida/.local/lib/python3.9/site-packages/sklearn/neural_network/_multilayer_perceptron.py:605: UserWarning: Got `batch_size` less than 1 or larger than sample size. It is going to be clipped
  warnings.warn(

/home/ryedida/.local/lib/python3.9/site-packages/sklearn/neural_network/_multilayer_perceptron.py:686: ConvergenceWarning: Stochastic Optimizer: Maximum iterations (200) reached and the optimization hasn't converged yet.
  warnings.warn(

function_evaluation time 0.645689 value 149.597478 suggestion {'alpha': 0.9697250636293592, 'batch_size': 124, 'beta_1': 0.966735470426449, 'beta_2': 0.9999668264395081, 'epsilon': 2.9942834145432132e-09, 'hidden_layer_sizes': 167, 'learning_rate_init': 0.0005261673311090252, 'tol': 0.0003943296773571907, 'validation_fraction': 0.8469226741435715}
observation time 0.000005, current best 48.811121 at iter 5
Failure in optimizer suggest. Falling back to random search.
name 'activ' is not defined
Traceback (most recent call last):
  File "/home/ryedida/.local/lib/python3.9/site-packages/bayesmark/experiment.py", line 126, in run_study
    next_points = optimizer.suggest(n_suggestions)
  File "/home/ryedida/bbo_challenge_starter_kit/example_submissions/smoothness/optimizer.py", line 109, in suggest
    betas = [self._get_smoothness_reg(guess) for guess in guesses]
  File "/home/ryedida/bbo_challenge_starter_kit/example_submissions/smoothness/optimizer.py", line 109, in <listcomp>
    betas = [self._get_smoothness_reg(guess) for guess in guesses]
  File "/home/ryedida/bbo_challenge_starter_kit/example_submissions/smoothness/optimizer.py", line 49, in _get_smoothness_reg
    if activ > Kz:
NameError: name 'activ' is not defined
suggestion time taken 0.326795 iter 6 next_points [{'alpha': 0.1002977478449168, 'batch_size': 77, 'beta_1': 0.7533663015561821, 'beta_2': 0.9999913269644188, 'epsilon': 2.4171264840146247e-07, 'hidden_layer_sizes': 76, 'learning_rate_init': 0.04743352193165119, 'tol': 0.08747181654427977, 'validation_fraction': 0.7894721238790265}]
/home/ryedida/.local/lib/python3.9/site-packages/sklearn/neural_network/_multilayer_perceptron.py:605: UserWarning: Got `batch_size` less than 1 or larger than sample size. It is going to be clipped
  warnings.warn(

function_evaluation time 0.141644 value 53.614271 suggestion {'alpha': 0.1002977478449168, 'batch_size': 77, 'beta_1': 0.7533663015561821, 'beta_2': 0.9999913269644188, 'epsilon': 2.4171264840146247e-07, 'hidden_layer_sizes': 76, 'learning_rate_init': 0.04743352193165119, 'tol': 0.08747181654427977, 'validation_fraction': 0.7894721238790265}
observation time 0.000006, current best 48.811121 at iter 6
Failure in optimizer suggest. Falling back to random search.
name 'activ' is not defined
Traceback (most recent call last):
  File "/home/ryedida/.local/lib/python3.9/site-packages/bayesmark/experiment.py", line 126, in run_study
    next_points = optimizer.suggest(n_suggestions)
  File "/home/ryedida/bbo_challenge_starter_kit/example_submissions/smoothness/optimizer.py", line 109, in suggest
    betas = [self._get_smoothness_reg(guess) for guess in guesses]
  File "/home/ryedida/bbo_challenge_starter_kit/example_submissions/smoothness/optimizer.py", line 109, in <listcomp>
    betas = [self._get_smoothness_reg(guess) for guess in guesses]
  File "/home/ryedida/bbo_challenge_starter_kit/example_submissions/smoothness/optimizer.py", line 49, in _get_smoothness_reg
    if activ > Kz:
NameError: name 'activ' is not defined
suggestion time taken 0.464150 iter 7 next_points [{'alpha': 0.15308266914853616, 'batch_size': 116, 'beta_1': 0.9899262904531051, 'beta_2': 0.9994663223107184, 'epsilon': 1.2052573922148813e-08, 'hidden_layer_sizes': 173, 'learning_rate_init': 0.09234648803472607, 'tol': 0.0349661753087099, 'validation_fraction': 0.33060063833418973}]
function_evaluation time 0.204417 value 47.469286 suggestion {'alpha': 0.15308266914853616, 'batch_size': 116, 'beta_1': 0.9899262904531051, 'beta_2': 0.9994663223107184, 'epsilon': 1.2052573922148813e-08, 'hidden_layer_sizes': 173, 'learning_rate_init': 0.09234648803472607, 'tol': 0.0349661753087099, 'validation_fraction': 0.33060063833418973}
observation time 0.000005, current best 47.469286 at iter 7
Failure in optimizer suggest. Falling back to random search.
name 'activ' is not defined
Traceback (most recent call last):
  File "/home/ryedida/.local/lib/python3.9/site-packages/bayesmark/experiment.py", line 126, in run_study
    next_points = optimizer.suggest(n_suggestions)
  File "/home/ryedida/bbo_challenge_starter_kit/example_submissions/smoothness/optimizer.py", line 109, in suggest
    betas = [self._get_smoothness_reg(guess) for guess in guesses]
  File "/home/ryedida/bbo_challenge_starter_kit/example_submissions/smoothness/optimizer.py", line 109, in <listcomp>
    betas = [self._get_smoothness_reg(guess) for guess in guesses]
  File "/home/ryedida/bbo_challenge_starter_kit/example_submissions/smoothness/optimizer.py", line 49, in _get_smoothness_reg
    if activ > Kz:
NameError: name 'activ' is not defined
suggestion time taken 0.340250 iter 8 next_points [{'alpha': 0.9095088607697092, 'batch_size': 239, 'beta_1': 0.7113656405707902, 'beta_2': 0.9996322128510001, 'epsilon': 1.0778668366147401e-07, 'hidden_layer_sizes': 175, 'learning_rate_init': 3.50903467397694e-05, 'tol': 0.0008020238352068241, 'validation_fraction': 0.5482863425980773}]
/home/ryedida/.local/lib/python3.9/site-packages/sklearn/neural_network/_multilayer_perceptron.py:605: UserWarning: Got `batch_size` less than 1 or larger than sample size. It is going to be clipped
  warnings.warn(

function_evaluation time 0.066684 value 151.614249 suggestion {'alpha': 0.9095088607697092, 'batch_size': 239, 'beta_1': 0.7113656405707902, 'beta_2': 0.9996322128510001, 'epsilon': 1.0778668366147401e-07, 'hidden_layer_sizes': 175, 'learning_rate_init': 3.50903467397694e-05, 'tol': 0.0008020238352068241, 'validation_fraction': 0.5482863425980773}
observation time 0.000006, current best 47.469286 at iter 8
Failure in optimizer suggest. Falling back to random search.
name 'activ' is not defined
Traceback (most recent call last):
  File "/home/ryedida/.local/lib/python3.9/site-packages/bayesmark/experiment.py", line 126, in run_study
    next_points = optimizer.suggest(n_suggestions)
  File "/home/ryedida/bbo_challenge_starter_kit/example_submissions/smoothness/optimizer.py", line 109, in suggest
    betas = [self._get_smoothness_reg(guess) for guess in guesses]
  File "/home/ryedida/bbo_challenge_starter_kit/example_submissions/smoothness/optimizer.py", line 109, in <listcomp>
    betas = [self._get_smoothness_reg(guess) for guess in guesses]
  File "/home/ryedida/bbo_challenge_starter_kit/example_submissions/smoothness/optimizer.py", line 49, in _get_smoothness_reg
    if activ > Kz:
NameError: name 'activ' is not defined
suggestion time taken 0.320452 iter 9 next_points [{'alpha': 0.00045421150465692095, 'batch_size': 163, 'beta_1': 0.9386724259376827, 'beta_2': 0.9996527311318977, 'epsilon': 6.645017849179721e-07, 'hidden_layer_sizes': 154, 'learning_rate_init': 0.00016155577351611674, 'tol': 0.08384423070121148, 'validation_fraction': 0.2651487476621996}]
function_evaluation time 0.087582 value 151.500710 suggestion {'alpha': 0.00045421150465692095, 'batch_size': 163, 'beta_1': 0.9386724259376827, 'beta_2': 0.9996527311318977, 'epsilon': 6.645017849179721e-07, 'hidden_layer_sizes': 154, 'learning_rate_init': 0.00016155577351611674, 'tol': 0.08384423070121148, 'validation_fraction': 0.2651487476621996}
observation time 0.000006, current best 47.469286 at iter 9
Failure in optimizer suggest. Falling back to random search.
name 'activ' is not defined
Traceback (most recent call last):
  File "/home/ryedida/.local/lib/python3.9/site-packages/bayesmark/experiment.py", line 126, in run_study
    next_points = optimizer.suggest(n_suggestions)
  File "/home/ryedida/bbo_challenge_starter_kit/example_submissions/smoothness/optimizer.py", line 109, in suggest
    betas = [self._get_smoothness_reg(guess) for guess in guesses]
  File "/home/ryedida/bbo_challenge_starter_kit/example_submissions/smoothness/optimizer.py", line 109, in <listcomp>
    betas = [self._get_smoothness_reg(guess) for guess in guesses]
  File "/home/ryedida/bbo_challenge_starter_kit/example_submissions/smoothness/optimizer.py", line 49, in _get_smoothness_reg
    if activ > Kz:
NameError: name 'activ' is not defined
suggestion time taken 0.316164 iter 10 next_points [{'alpha': 4.269961625867674, 'batch_size': 196, 'beta_1': 0.958853502515242, 'beta_2': 0.9995011909299688, 'epsilon': 3.7120083721751284e-09, 'hidden_layer_sizes': 102, 'learning_rate_init': 0.0007137559618624358, 'tol': 4.2761328917523974e-05, 'validation_fraction': 0.6715085861099482}]
/home/ryedida/.local/lib/python3.9/site-packages/sklearn/neural_network/_multilayer_perceptron.py:605: UserWarning: Got `batch_size` less than 1 or larger than sample size. It is going to be clipped
  warnings.warn(

/home/ryedida/.local/lib/python3.9/site-packages/sklearn/neural_network/_multilayer_perceptron.py:686: ConvergenceWarning: Stochastic Optimizer: Maximum iterations (200) reached and the optimization hasn't converged yet.
  warnings.warn(

function_evaluation time 0.730361 value 149.226386 suggestion {'alpha': 4.269961625867674, 'batch_size': 196, 'beta_1': 0.958853502515242, 'beta_2': 0.9995011909299688, 'epsilon': 3.7120083721751284e-09, 'hidden_layer_sizes': 102, 'learning_rate_init': 0.0007137559618624358, 'tol': 4.2761328917523974e-05, 'validation_fraction': 0.6715085861099482}
observation time 0.000006, current best 47.469286 at iter 10
Failure in optimizer suggest. Falling back to random search.
name 'activ' is not defined
Traceback (most recent call last):
  File "/home/ryedida/.local/lib/python3.9/site-packages/bayesmark/experiment.py", line 126, in run_study
    next_points = optimizer.suggest(n_suggestions)
  File "/home/ryedida/bbo_challenge_starter_kit/example_submissions/smoothness/optimizer.py", line 109, in suggest
    betas = [self._get_smoothness_reg(guess) for guess in guesses]
  File "/home/ryedida/bbo_challenge_starter_kit/example_submissions/smoothness/optimizer.py", line 109, in <listcomp>
    betas = [self._get_smoothness_reg(guess) for guess in guesses]
  File "/home/ryedida/bbo_challenge_starter_kit/example_submissions/smoothness/optimizer.py", line 49, in _get_smoothness_reg
    if activ > Kz:
NameError: name 'activ' is not defined
suggestion time taken 0.325353 iter 11 next_points [{'alpha': 2.817209065057727, 'batch_size': 61, 'beta_1': 0.9378550304484066, 'beta_2': 0.9999900545751044, 'epsilon': 1.5089758830811987e-09, 'hidden_layer_sizes': 80, 'learning_rate_init': 0.0038841202365039666, 'tol': 6.699601518432035e-05, 'validation_fraction': 0.3225663356908078}]
/home/ryedida/.local/lib/python3.9/site-packages/sklearn/neural_network/_multilayer_perceptron.py:686: ConvergenceWarning: Stochastic Optimizer: Maximum iterations (200) reached and the optimization hasn't converged yet.
  warnings.warn(

function_evaluation time 0.921018 value 50.126277 suggestion {'alpha': 2.817209065057727, 'batch_size': 61, 'beta_1': 0.9378550304484066, 'beta_2': 0.9999900545751044, 'epsilon': 1.5089758830811987e-09, 'hidden_layer_sizes': 80, 'learning_rate_init': 0.0038841202365039666, 'tol': 6.699601518432035e-05, 'validation_fraction': 0.3225663356908078}
observation time 0.000006, current best 47.469286 at iter 11
Failure in optimizer suggest. Falling back to random search.
name 'activ' is not defined
Traceback (most recent call last):
  File "/home/ryedida/.local/lib/python3.9/site-packages/bayesmark/experiment.py", line 126, in run_study
    next_points = optimizer.suggest(n_suggestions)
  File "/home/ryedida/bbo_challenge_starter_kit/example_submissions/smoothness/optimizer.py", line 109, in suggest
    betas = [self._get_smoothness_reg(guess) for guess in guesses]
  File "/home/ryedida/bbo_challenge_starter_kit/example_submissions/smoothness/optimizer.py", line 109, in <listcomp>
    betas = [self._get_smoothness_reg(guess) for guess in guesses]
  File "/home/ryedida/bbo_challenge_starter_kit/example_submissions/smoothness/optimizer.py", line 49, in _get_smoothness_reg
    if activ > Kz:
NameError: name 'activ' is not defined
suggestion time taken 0.315879 iter 12 next_points [{'alpha': 2.4413810972618288e-05, 'batch_size': 152, 'beta_1': 0.7344858938552822, 'beta_2': 0.9998880257080724, 'epsilon': 1.0785982282368678e-07, 'hidden_layer_sizes': 98, 'learning_rate_init': 1.1324948652392704e-05, 'tol': 9.069374623384243e-05, 'validation_fraction': 0.42309175071194816}]
function_evaluation time 0.071046 value 151.573512 suggestion {'alpha': 2.4413810972618288e-05, 'batch_size': 152, 'beta_1': 0.7344858938552822, 'beta_2': 0.9998880257080724, 'epsilon': 1.0785982282368678e-07, 'hidden_layer_sizes': 98, 'learning_rate_init': 1.1324948652392704e-05, 'tol': 9.069374623384243e-05, 'validation_fraction': 0.42309175071194816}
observation time 0.000006, current best 47.469286 at iter 12
Failure in optimizer suggest. Falling back to random search.
name 'activ' is not defined
Traceback (most recent call last):
  File "/home/ryedida/.local/lib/python3.9/site-packages/bayesmark/experiment.py", line 126, in run_study
    next_points = optimizer.suggest(n_suggestions)
  File "/home/ryedida/bbo_challenge_starter_kit/example_submissions/smoothness/optimizer.py", line 109, in suggest
    betas = [self._get_smoothness_reg(guess) for guess in guesses]
  File "/home/ryedida/bbo_challenge_starter_kit/example_submissions/smoothness/optimizer.py", line 109, in <listcomp>
    betas = [self._get_smoothness_reg(guess) for guess in guesses]
  File "/home/ryedida/bbo_challenge_starter_kit/example_submissions/smoothness/optimizer.py", line 49, in _get_smoothness_reg
    if activ > Kz:
NameError: name 'activ' is not defined
suggestion time taken 0.325097 iter 13 next_points [{'alpha': 5.770957880143601e-05, 'batch_size': 146, 'beta_1': 0.6261519575743074, 'beta_2': 0.997874283319509, 'epsilon': 1.3875578220724753e-08, 'hidden_layer_sizes': 162, 'learning_rate_init': 0.040843892782487685, 'tol': 0.09904725906952343, 'validation_fraction': 0.1490135545709855}]
function_evaluation time 0.171724 value 48.855574 suggestion {'alpha': 5.770957880143601e-05, 'batch_size': 146, 'beta_1': 0.6261519575743074, 'beta_2': 0.997874283319509, 'epsilon': 1.3875578220724753e-08, 'hidden_layer_sizes': 162, 'learning_rate_init': 0.040843892782487685, 'tol': 0.09904725906952343, 'validation_fraction': 0.1490135545709855}
observation time 0.000006, current best 47.469286 at iter 13
Failure in optimizer suggest. Falling back to random search.
name 'activ' is not defined
Traceback (most recent call last):
  File "/home/ryedida/.local/lib/python3.9/site-packages/bayesmark/experiment.py", line 126, in run_study
    next_points = optimizer.suggest(n_suggestions)
  File "/home/ryedida/bbo_challenge_starter_kit/example_submissions/smoothness/optimizer.py", line 109, in suggest
    betas = [self._get_smoothness_reg(guess) for guess in guesses]
  File "/home/ryedida/bbo_challenge_starter_kit/example_submissions/smoothness/optimizer.py", line 109, in <listcomp>
    betas = [self._get_smoothness_reg(guess) for guess in guesses]
  File "/home/ryedida/bbo_challenge_starter_kit/example_submissions/smoothness/optimizer.py", line 49, in _get_smoothness_reg
    if activ > Kz:
NameError: name 'activ' is not defined
suggestion time taken 0.327336 iter 14 next_points [{'alpha': 6.576733126884504, 'batch_size': 221, 'beta_1': 0.9434636354842145, 'beta_2': 0.999941196591759, 'epsilon': 2.1020666291893887e-09, 'hidden_layer_sizes': 62, 'learning_rate_init': 0.0006747094800734937, 'tol': 0.03600944595573453, 'validation_fraction': 0.6752284637068314}]
/home/ryedida/.local/lib/python3.9/site-packages/sklearn/neural_network/_multilayer_perceptron.py:605: UserWarning: Got `batch_size` less than 1 or larger than sample size. It is going to be clipped
  warnings.warn(

function_evaluation time 0.045579 value 151.537111 suggestion {'alpha': 6.576733126884504, 'batch_size': 221, 'beta_1': 0.9434636354842145, 'beta_2': 0.999941196591759, 'epsilon': 2.1020666291893887e-09, 'hidden_layer_sizes': 62, 'learning_rate_init': 0.0006747094800734937, 'tol': 0.03600944595573453, 'validation_fraction': 0.6752284637068314}
observation time 0.000006, current best 47.469286 at iter 14
saving meta data: {'args': {'--uuid': '2a1aefec4a785646bd903236af76871f', '-db-root': '/home/ryedida/bbo_challenge_starter_kit/output', '--opt-root': '/home/ryedida/bbo_challenge_starter_kit/example_submissions', '--data-root': None, '--db': 'run_20230427_004608', '--opt': 'smoothness', '--data': 'diabetes', '--classifier': 'MLP-adam', '--metric': 'mae', '--calls': 15, '--suggestions': 1, '--jobs-file': None, '--verbose': False, 'dry_run': False, 'rev': 'a376313', 'opt_rev': 'x.x.x'}, 'signature': ([{'alpha': 0.019628224813442792, 'batch_size': 182, 'beta_1': 0.9410202200271762, 'beta_2': 0.9998021557676793, 'epsilon': 1.8662266976518e-08, 'hidden_layer_sizes': 147, 'learning_rate_init': 0.0005627932047415167, 'tol': 0.03690557729213761, 'validation_fraction': 0.8846827852548593}, {'alpha': 0.0019982467392329444, 'batch_size': 200, 'beta_1': 0.919111482530466, 'beta_2': 0.9998488260436156, 'epsilon': 5.981221901152555e-07, 'hidden_layer_sizes': 61, 'learning_rate_init': 2.2310905607443014e-05, 'tol': 1.2046852412030316e-05, 'validation_fraction': 0.8117896445826539}, {'alpha': 0.46659545670218433, 'batch_size': 219, 'beta_1': 0.9889789783750891, 'beta_2': 0.9999896868093284, 'epsilon': 2.4234724484675948e-08, 'hidden_layer_sizes': 167, 'learning_rate_init': 2.972334644335654e-05, 'tol': 0.0036281404040243792, 'validation_fraction': 0.17260651658522078}, {'alpha': 4.656005689076002, 'batch_size': 135, 'beta_1': 0.870503881627747, 'beta_2': 0.9948873266941017, 'epsilon': 2.1023308743480125e-07, 'hidden_layer_sizes': 118, 'learning_rate_init': 0.0018781738757161913, 'tol': 1.1889379831773004e-05, 'validation_fraction': 0.6264327093752792}, {'alpha': 0.04705159350400542, 'batch_size': 158, 'beta_1': 0.9870884262730957, 'beta_2': 0.9999596874382349, 'epsilon': 1.1981845126013875e-08, 'hidden_layer_sizes': 116, 'learning_rate_init': 0.00617340520407431, 'tol': 1.741413418158619e-05, 'validation_fraction': 0.6754299026638921}], [151.4971925380264, 151.42763539278994, 151.47026299046811, 136.86202504264318, 75.2055865763391])}
saving results
saving timing
saving suggest log
done
