running: {'--uuid': '405ed49c26105d5aa6d66df06ba351f6', '-db-root': '/home/ryedida/bbo_challenge_starter_kit/output', '--opt-root': '/home/ryedida/bbo_challenge_starter_kit/example_submissions', '--data-root': None, '--db': 'run_20230427_004608', '--opt': 'smoothness', '--data': 'diabetes', '--classifier': 'MLP-adam', '--metric': 'mse', '--calls': 15, '--suggestions': 1, '--jobs-file': None, '--verbose': False, 'dry_run': False, 'rev': 'a376313', 'opt_rev': 'x.x.x'}
cmd: python smoothness/optimizer.py -c MLP-adam -d diabetes -o smoothness -u 405ed49c26105d5aa6d66df06ba351f6 -m mse -n 15 -p 1 -dir /home/ryedida/bbo_challenge_starter_kit/output -b run_20230427_004608
/home/ryedida/.local/lib/python3.9/site-packages/sklearn/neural_network/_multilayer_perceptron.py:605: UserWarning: Got `batch_size` less than 1 or larger than sample size. It is going to be clipped
  warnings.warn(

/home/ryedida/.local/lib/python3.9/site-packages/sklearn/neural_network/_multilayer_perceptron.py:605: UserWarning: Got `batch_size` less than 1 or larger than sample size. It is going to be clipped
  warnings.warn(

/home/ryedida/.local/lib/python3.9/site-packages/sklearn/neural_network/_multilayer_perceptron.py:605: UserWarning: Got `batch_size` less than 1 or larger than sample size. It is going to be clipped
  warnings.warn(

/home/ryedida/.local/lib/python3.9/site-packages/sklearn/neural_network/_multilayer_perceptron.py:686: ConvergenceWarning: Stochastic Optimizer: Maximum iterations (200) reached and the optimization hasn't converged yet.
  warnings.warn(

/home/ryedida/.local/lib/python3.9/site-packages/sklearn/neural_network/_multilayer_perceptron.py:605: UserWarning: Got `batch_size` less than 1 or larger than sample size. It is going to be clipped
  warnings.warn(

/home/ryedida/.local/lib/python3.9/site-packages/sklearn/neural_network/_multilayer_perceptron.py:686: ConvergenceWarning: Stochastic Optimizer: Maximum iterations (200) reached and the optimization hasn't converged yet.
  warnings.warn(

computed signature: ([{'alpha': 0.019628224813442792, 'batch_size': 182, 'beta_1': 0.9410202200271762, 'beta_2': 0.9998021557676793, 'epsilon': 1.8662266976518e-08, 'hidden_layer_sizes': 147, 'learning_rate_init': 0.0005627932047415167, 'tol': 0.03690557729213761, 'validation_fraction': 0.8846827852548593}, {'alpha': 0.0019982467392329444, 'batch_size': 200, 'beta_1': 0.919111482530466, 'beta_2': 0.9998488260436156, 'epsilon': 5.981221901152555e-07, 'hidden_layer_sizes': 61, 'learning_rate_init': 2.2310905607443014e-05, 'tol': 1.2046852412030316e-05, 'validation_fraction': 0.8117896445826539}, {'alpha': 0.46659545670218433, 'batch_size': 219, 'beta_1': 0.9889789783750891, 'beta_2': 0.9999896868093284, 'epsilon': 2.4234724484675948e-08, 'hidden_layer_sizes': 167, 'learning_rate_init': 2.972334644335654e-05, 'tol': 0.0036281404040243792, 'validation_fraction': 0.17260651658522078}, {'alpha': 4.656005689076002, 'batch_size': 135, 'beta_1': 0.870503881627747, 'beta_2': 0.9948873266941017, 'epsilon': 2.1023308743480125e-07, 'hidden_layer_sizes': 118, 'learning_rate_init': 0.0018781738757161913, 'tol': 1.1889379831773004e-05, 'validation_fraction': 0.6264327093752792}, {'alpha': 0.04705159350400542, 'batch_size': 158, 'beta_1': 0.9870884262730957, 'beta_2': 0.9999596874382349, 'epsilon': 1.1981845126013875e-08, 'hidden_layer_sizes': 116, 'learning_rate_init': 0.00617340520407431, 'tol': 1.741413418158619e-05, 'validation_fraction': 0.6754299026638921}], [29083.993548572587, 29062.423277324073, 29075.78987471409, 24626.32866834337, 9584.226858493177])
Signature errors:
                              0         1         2         3         4       max
MLP-adam_diabetes_mse  0.000007  0.000008  0.000003  0.003558  0.004952  0.004952
max                    0.000007  0.000008  0.000003  0.003558  0.004952  0.004952
starting sklearn study smoothness MLP-adam diabetes mse 15 1
with data root: None
Failure in optimizer suggest. Falling back to random search.
name 'activ' is not defined
Traceback (most recent call last):
  File "/home/ryedida/.local/lib/python3.9/site-packages/bayesmark/experiment.py", line 126, in run_study
    next_points = optimizer.suggest(n_suggestions)
  File "/home/ryedida/bbo_challenge_starter_kit/example_submissions/smoothness/optimizer.py", line 109, in suggest
    betas = [self._get_smoothness_reg(guess) for guess in guesses]
  File "/home/ryedida/bbo_challenge_starter_kit/example_submissions/smoothness/optimizer.py", line 109, in <listcomp>
    betas = [self._get_smoothness_reg(guess) for guess in guesses]
  File "/home/ryedida/bbo_challenge_starter_kit/example_submissions/smoothness/optimizer.py", line 49, in _get_smoothness_reg
    if activ > Kz:
NameError: name 'activ' is not defined
suggestion time taken 0.500950 iter 0 next_points [{'alpha': 1.0675470608871529e-05, 'batch_size': 208, 'beta_1': 0.989015005587135, 'beta_2': 0.9999933136261744, 'epsilon': 2.8597436454118958e-08, 'hidden_layer_sizes': 130, 'learning_rate_init': 0.0018353963932342557, 'tol': 0.00743542031811508, 'validation_fraction': 0.6779447929253274}]
/home/ryedida/.local/lib/python3.9/site-packages/sklearn/neural_network/_multilayer_perceptron.py:605: UserWarning: Got `batch_size` less than 1 or larger than sample size. It is going to be clipped
  warnings.warn(

function_evaluation time 0.055872 value 29005.404700 suggestion {'alpha': 1.0675470608871529e-05, 'batch_size': 208, 'beta_1': 0.989015005587135, 'beta_2': 0.9999933136261744, 'epsilon': 2.8597436454118958e-08, 'hidden_layer_sizes': 130, 'learning_rate_init': 0.0018353963932342557, 'tol': 0.00743542031811508, 'validation_fraction': 0.6779447929253274}
observation time 0.000007, current best 29005.404700 at iter 0
Failure in optimizer suggest. Falling back to random search.
name 'activ' is not defined
Traceback (most recent call last):
  File "/home/ryedida/.local/lib/python3.9/site-packages/bayesmark/experiment.py", line 126, in run_study
    next_points = optimizer.suggest(n_suggestions)
  File "/home/ryedida/bbo_challenge_starter_kit/example_submissions/smoothness/optimizer.py", line 109, in suggest
    betas = [self._get_smoothness_reg(guess) for guess in guesses]
  File "/home/ryedida/bbo_challenge_starter_kit/example_submissions/smoothness/optimizer.py", line 109, in <listcomp>
    betas = [self._get_smoothness_reg(guess) for guess in guesses]
  File "/home/ryedida/bbo_challenge_starter_kit/example_submissions/smoothness/optimizer.py", line 49, in _get_smoothness_reg
    if activ > Kz:
NameError: name 'activ' is not defined
suggestion time taken 0.329061 iter 1 next_points [{'alpha': 0.0018011960561530168, 'batch_size': 65, 'beta_1': 0.9684446946016736, 'beta_2': 0.9994117118132251, 'epsilon': 4.3284985667737084e-07, 'hidden_layer_sizes': 167, 'learning_rate_init': 3.2090638589356375e-05, 'tol': 0.0006476248557588522, 'validation_fraction': 0.3589589720260856}]
function_evaluation time 0.104924 value 29103.063169 suggestion {'alpha': 0.0018011960561530168, 'batch_size': 65, 'beta_1': 0.9684446946016736, 'beta_2': 0.9994117118132251, 'epsilon': 4.3284985667737084e-07, 'hidden_layer_sizes': 167, 'learning_rate_init': 3.2090638589356375e-05, 'tol': 0.0006476248557588522, 'validation_fraction': 0.3589589720260856}
observation time 0.000006, current best 29005.404700 at iter 1
Failure in optimizer suggest. Falling back to random search.
name 'activ' is not defined
Traceback (most recent call last):
  File "/home/ryedida/.local/lib/python3.9/site-packages/bayesmark/experiment.py", line 126, in run_study
    next_points = optimizer.suggest(n_suggestions)
  File "/home/ryedida/bbo_challenge_starter_kit/example_submissions/smoothness/optimizer.py", line 109, in suggest
    betas = [self._get_smoothness_reg(guess) for guess in guesses]
  File "/home/ryedida/bbo_challenge_starter_kit/example_submissions/smoothness/optimizer.py", line 109, in <listcomp>
    betas = [self._get_smoothness_reg(guess) for guess in guesses]
  File "/home/ryedida/bbo_challenge_starter_kit/example_submissions/smoothness/optimizer.py", line 49, in _get_smoothness_reg
    if activ > Kz:
NameError: name 'activ' is not defined
suggestion time taken 0.327802 iter 2 next_points [{'alpha': 2.5017969403383833, 'batch_size': 24, 'beta_1': 0.9686234342447065, 'beta_2': 0.9944152402889623, 'epsilon': 3.0009581942652997e-07, 'hidden_layer_sizes': 133, 'learning_rate_init': 0.0740414483628363, 'tol': 0.00023431402300430092, 'validation_fraction': 0.5572728949817817}]
function_evaluation time 0.429230 value 2982.781121 suggestion {'alpha': 2.5017969403383833, 'batch_size': 24, 'beta_1': 0.9686234342447065, 'beta_2': 0.9944152402889623, 'epsilon': 3.0009581942652997e-07, 'hidden_layer_sizes': 133, 'learning_rate_init': 0.0740414483628363, 'tol': 0.00023431402300430092, 'validation_fraction': 0.5572728949817817}
observation time 0.000005, current best 2982.781121 at iter 2
Failure in optimizer suggest. Falling back to random search.
name 'activ' is not defined
Traceback (most recent call last):
  File "/home/ryedida/.local/lib/python3.9/site-packages/bayesmark/experiment.py", line 126, in run_study
    next_points = optimizer.suggest(n_suggestions)
  File "/home/ryedida/bbo_challenge_starter_kit/example_submissions/smoothness/optimizer.py", line 109, in suggest
    betas = [self._get_smoothness_reg(guess) for guess in guesses]
  File "/home/ryedida/bbo_challenge_starter_kit/example_submissions/smoothness/optimizer.py", line 109, in <listcomp>
    betas = [self._get_smoothness_reg(guess) for guess in guesses]
  File "/home/ryedida/bbo_challenge_starter_kit/example_submissions/smoothness/optimizer.py", line 49, in _get_smoothness_reg
    if activ > Kz:
NameError: name 'activ' is not defined
suggestion time taken 0.327549 iter 3 next_points [{'alpha': 0.0005200398365510501, 'batch_size': 24, 'beta_1': 0.9139941580164195, 'beta_2': 0.9999908984320516, 'epsilon': 1.6973989334903113e-08, 'hidden_layer_sizes': 180, 'learning_rate_init': 0.03178925927471357, 'tol': 0.001560429301553834, 'validation_fraction': 0.44366019022930164}]
function_evaluation time 0.454780 value 2977.200735 suggestion {'alpha': 0.0005200398365510501, 'batch_size': 24, 'beta_1': 0.9139941580164195, 'beta_2': 0.9999908984320516, 'epsilon': 1.6973989334903113e-08, 'hidden_layer_sizes': 180, 'learning_rate_init': 0.03178925927471357, 'tol': 0.001560429301553834, 'validation_fraction': 0.44366019022930164}
observation time 0.000006, current best 2977.200735 at iter 3
Failure in optimizer suggest. Falling back to random search.
name 'activ' is not defined
Traceback (most recent call last):
  File "/home/ryedida/.local/lib/python3.9/site-packages/bayesmark/experiment.py", line 126, in run_study
    next_points = optimizer.suggest(n_suggestions)
  File "/home/ryedida/bbo_challenge_starter_kit/example_submissions/smoothness/optimizer.py", line 109, in suggest
    betas = [self._get_smoothness_reg(guess) for guess in guesses]
  File "/home/ryedida/bbo_challenge_starter_kit/example_submissions/smoothness/optimizer.py", line 109, in <listcomp>
    betas = [self._get_smoothness_reg(guess) for guess in guesses]
  File "/home/ryedida/bbo_challenge_starter_kit/example_submissions/smoothness/optimizer.py", line 49, in _get_smoothness_reg
    if activ > Kz:
NameError: name 'activ' is not defined
suggestion time taken 0.330276 iter 4 next_points [{'alpha': 0.00011400032503097148, 'batch_size': 235, 'beta_1': 0.8945647378187352, 'beta_2': 0.9999863114128292, 'epsilon': 3.6491517740160393e-07, 'hidden_layer_sizes': 115, 'learning_rate_init': 0.04126662986950963, 'tol': 1.7713161681945008e-05, 'validation_fraction': 0.8573281380713196}]
/home/ryedida/.local/lib/python3.9/site-packages/sklearn/neural_network/_multilayer_perceptron.py:605: UserWarning: Got `batch_size` less than 1 or larger than sample size. It is going to be clipped
  warnings.warn(

function_evaluation time 0.261974 value 3669.129013 suggestion {'alpha': 0.00011400032503097148, 'batch_size': 235, 'beta_1': 0.8945647378187352, 'beta_2': 0.9999863114128292, 'epsilon': 3.6491517740160393e-07, 'hidden_layer_sizes': 115, 'learning_rate_init': 0.04126662986950963, 'tol': 1.7713161681945008e-05, 'validation_fraction': 0.8573281380713196}
observation time 0.000004, current best 2977.200735 at iter 4
Failure in optimizer suggest. Falling back to random search.
name 'activ' is not defined
Traceback (most recent call last):
  File "/home/ryedida/.local/lib/python3.9/site-packages/bayesmark/experiment.py", line 126, in run_study
    next_points = optimizer.suggest(n_suggestions)
  File "/home/ryedida/bbo_challenge_starter_kit/example_submissions/smoothness/optimizer.py", line 109, in suggest
    betas = [self._get_smoothness_reg(guess) for guess in guesses]
  File "/home/ryedida/bbo_challenge_starter_kit/example_submissions/smoothness/optimizer.py", line 109, in <listcomp>
    betas = [self._get_smoothness_reg(guess) for guess in guesses]
  File "/home/ryedida/bbo_challenge_starter_kit/example_submissions/smoothness/optimizer.py", line 49, in _get_smoothness_reg
    if activ > Kz:
NameError: name 'activ' is not defined
suggestion time taken 0.330585 iter 5 next_points [{'alpha': 0.00042507152320338313, 'batch_size': 153, 'beta_1': 0.5943622938159511, 'beta_2': 0.9954015008186938, 'epsilon': 1.143509703025981e-09, 'hidden_layer_sizes': 160, 'learning_rate_init': 0.0004301504656735664, 'tol': 0.0024347771383493922, 'validation_fraction': 0.4916440504214231}]
function_evaluation time 0.066907 value 29093.142114 suggestion {'alpha': 0.00042507152320338313, 'batch_size': 153, 'beta_1': 0.5943622938159511, 'beta_2': 0.9954015008186938, 'epsilon': 1.143509703025981e-09, 'hidden_layer_sizes': 160, 'learning_rate_init': 0.0004301504656735664, 'tol': 0.0024347771383493922, 'validation_fraction': 0.4916440504214231}
observation time 0.000005, current best 2977.200735 at iter 5
Failure in optimizer suggest. Falling back to random search.
name 'activ' is not defined
Traceback (most recent call last):
  File "/home/ryedida/.local/lib/python3.9/site-packages/bayesmark/experiment.py", line 126, in run_study
    next_points = optimizer.suggest(n_suggestions)
  File "/home/ryedida/bbo_challenge_starter_kit/example_submissions/smoothness/optimizer.py", line 109, in suggest
    betas = [self._get_smoothness_reg(guess) for guess in guesses]
  File "/home/ryedida/bbo_challenge_starter_kit/example_submissions/smoothness/optimizer.py", line 109, in <listcomp>
    betas = [self._get_smoothness_reg(guess) for guess in guesses]
  File "/home/ryedida/bbo_challenge_starter_kit/example_submissions/smoothness/optimizer.py", line 49, in _get_smoothness_reg
    if activ > Kz:
NameError: name 'activ' is not defined
suggestion time taken 0.330091 iter 6 next_points [{'alpha': 2.4646840398854434e-05, 'batch_size': 111, 'beta_1': 0.8122966893888618, 'beta_2': 0.9999971907798164, 'epsilon': 8.183194304319696e-07, 'hidden_layer_sizes': 154, 'learning_rate_init': 0.08426543243535461, 'tol': 0.015058789677037766, 'validation_fraction': 0.5457613791107189}]
function_evaluation time 0.157171 value 3152.276068 suggestion {'alpha': 2.4646840398854434e-05, 'batch_size': 111, 'beta_1': 0.8122966893888618, 'beta_2': 0.9999971907798164, 'epsilon': 8.183194304319696e-07, 'hidden_layer_sizes': 154, 'learning_rate_init': 0.08426543243535461, 'tol': 0.015058789677037766, 'validation_fraction': 0.5457613791107189}
observation time 0.000004, current best 2977.200735 at iter 6
Failure in optimizer suggest. Falling back to random search.
name 'activ' is not defined
Traceback (most recent call last):
  File "/home/ryedida/.local/lib/python3.9/site-packages/bayesmark/experiment.py", line 126, in run_study
    next_points = optimizer.suggest(n_suggestions)
  File "/home/ryedida/bbo_challenge_starter_kit/example_submissions/smoothness/optimizer.py", line 109, in suggest
    betas = [self._get_smoothness_reg(guess) for guess in guesses]
  File "/home/ryedida/bbo_challenge_starter_kit/example_submissions/smoothness/optimizer.py", line 109, in <listcomp>
    betas = [self._get_smoothness_reg(guess) for guess in guesses]
  File "/home/ryedida/bbo_challenge_starter_kit/example_submissions/smoothness/optimizer.py", line 49, in _get_smoothness_reg
    if activ > Kz:
NameError: name 'activ' is not defined
suggestion time taken 0.475468 iter 7 next_points [{'alpha': 0.6205574776525562, 'batch_size': 37, 'beta_1': 0.6054091353885187, 'beta_2': 0.9999952079920971, 'epsilon': 3.26144209995892e-08, 'hidden_layer_sizes': 191, 'learning_rate_init': 0.001232230155845392, 'tol': 0.05989662043286112, 'validation_fraction': 0.8825878252779515}]
function_evaluation time 0.059046 value 29023.328439 suggestion {'alpha': 0.6205574776525562, 'batch_size': 37, 'beta_1': 0.6054091353885187, 'beta_2': 0.9999952079920971, 'epsilon': 3.26144209995892e-08, 'hidden_layer_sizes': 191, 'learning_rate_init': 0.001232230155845392, 'tol': 0.05989662043286112, 'validation_fraction': 0.8825878252779515}
observation time 0.000005, current best 2977.200735 at iter 7
Failure in optimizer suggest. Falling back to random search.
name 'activ' is not defined
Traceback (most recent call last):
  File "/home/ryedida/.local/lib/python3.9/site-packages/bayesmark/experiment.py", line 126, in run_study
    next_points = optimizer.suggest(n_suggestions)
  File "/home/ryedida/bbo_challenge_starter_kit/example_submissions/smoothness/optimizer.py", line 109, in suggest
    betas = [self._get_smoothness_reg(guess) for guess in guesses]
  File "/home/ryedida/bbo_challenge_starter_kit/example_submissions/smoothness/optimizer.py", line 109, in <listcomp>
    betas = [self._get_smoothness_reg(guess) for guess in guesses]
  File "/home/ryedida/bbo_challenge_starter_kit/example_submissions/smoothness/optimizer.py", line 49, in _get_smoothness_reg
    if activ > Kz:
NameError: name 'activ' is not defined
suggestion time taken 0.333701 iter 8 next_points [{'alpha': 0.008701928672225058, 'batch_size': 127, 'beta_1': 0.9848983964632692, 'beta_2': 0.9974170120635976, 'epsilon': 5.16159068311663e-07, 'hidden_layer_sizes': 168, 'learning_rate_init': 0.00040311434469593514, 'tol': 0.02991478443623325, 'validation_fraction': 0.11433818519033463}]
function_evaluation time 0.093772 value 29039.428286 suggestion {'alpha': 0.008701928672225058, 'batch_size': 127, 'beta_1': 0.9848983964632692, 'beta_2': 0.9974170120635976, 'epsilon': 5.16159068311663e-07, 'hidden_layer_sizes': 168, 'learning_rate_init': 0.00040311434469593514, 'tol': 0.02991478443623325, 'validation_fraction': 0.11433818519033463}
observation time 0.000004, current best 2977.200735 at iter 8
Failure in optimizer suggest. Falling back to random search.
name 'activ' is not defined
Traceback (most recent call last):
  File "/home/ryedida/.local/lib/python3.9/site-packages/bayesmark/experiment.py", line 126, in run_study
    next_points = optimizer.suggest(n_suggestions)
  File "/home/ryedida/bbo_challenge_starter_kit/example_submissions/smoothness/optimizer.py", line 109, in suggest
    betas = [self._get_smoothness_reg(guess) for guess in guesses]
  File "/home/ryedida/bbo_challenge_starter_kit/example_submissions/smoothness/optimizer.py", line 109, in <listcomp>
    betas = [self._get_smoothness_reg(guess) for guess in guesses]
  File "/home/ryedida/bbo_challenge_starter_kit/example_submissions/smoothness/optimizer.py", line 49, in _get_smoothness_reg
    if activ > Kz:
NameError: name 'activ' is not defined
suggestion time taken 0.323076 iter 9 next_points [{'alpha': 1.3361916748664467e-05, 'batch_size': 236, 'beta_1': 0.7004653369096858, 'beta_2': 0.9999945382887742, 'epsilon': 3.701134636730125e-08, 'hidden_layer_sizes': 135, 'learning_rate_init': 0.06533634419080739, 'tol': 0.00022194694113938663, 'validation_fraction': 0.6485820009432283}]
/home/ryedida/.local/lib/python3.9/site-packages/sklearn/neural_network/_multilayer_perceptron.py:605: UserWarning: Got `batch_size` less than 1 or larger than sample size. It is going to be clipped
  warnings.warn(

function_evaluation time 0.424254 value 3018.414395 suggestion {'alpha': 1.3361916748664467e-05, 'batch_size': 236, 'beta_1': 0.7004653369096858, 'beta_2': 0.9999945382887742, 'epsilon': 3.701134636730125e-08, 'hidden_layer_sizes': 135, 'learning_rate_init': 0.06533634419080739, 'tol': 0.00022194694113938663, 'validation_fraction': 0.6485820009432283}
observation time 0.000006, current best 2977.200735 at iter 9
Failure in optimizer suggest. Falling back to random search.
name 'activ' is not defined
Traceback (most recent call last):
  File "/home/ryedida/.local/lib/python3.9/site-packages/bayesmark/experiment.py", line 126, in run_study
    next_points = optimizer.suggest(n_suggestions)
  File "/home/ryedida/bbo_challenge_starter_kit/example_submissions/smoothness/optimizer.py", line 109, in suggest
    betas = [self._get_smoothness_reg(guess) for guess in guesses]
  File "/home/ryedida/bbo_challenge_starter_kit/example_submissions/smoothness/optimizer.py", line 109, in <listcomp>
    betas = [self._get_smoothness_reg(guess) for guess in guesses]
  File "/home/ryedida/bbo_challenge_starter_kit/example_submissions/smoothness/optimizer.py", line 49, in _get_smoothness_reg
    if activ > Kz:
NameError: name 'activ' is not defined
suggestion time taken 0.328071 iter 10 next_points [{'alpha': 4.555275073138982e-05, 'batch_size': 197, 'beta_1': 0.9532463642954406, 'beta_2': 0.994681358104233, 'epsilon': 5.059226152327148e-09, 'hidden_layer_sizes': 157, 'learning_rate_init': 0.034479764722428766, 'tol': 1.7051920925019525e-05, 'validation_fraction': 0.7325269362281495}]
/home/ryedida/.local/lib/python3.9/site-packages/sklearn/neural_network/_multilayer_perceptron.py:605: UserWarning: Got `batch_size` less than 1 or larger than sample size. It is going to be clipped
  warnings.warn(

function_evaluation time 0.232946 value 4070.070411 suggestion {'alpha': 4.555275073138982e-05, 'batch_size': 197, 'beta_1': 0.9532463642954406, 'beta_2': 0.994681358104233, 'epsilon': 5.059226152327148e-09, 'hidden_layer_sizes': 157, 'learning_rate_init': 0.034479764722428766, 'tol': 1.7051920925019525e-05, 'validation_fraction': 0.7325269362281495}
observation time 0.000005, current best 2977.200735 at iter 10
Failure in optimizer suggest. Falling back to random search.
name 'activ' is not defined
Traceback (most recent call last):
  File "/home/ryedida/.local/lib/python3.9/site-packages/bayesmark/experiment.py", line 126, in run_study
    next_points = optimizer.suggest(n_suggestions)
  File "/home/ryedida/bbo_challenge_starter_kit/example_submissions/smoothness/optimizer.py", line 109, in suggest
    betas = [self._get_smoothness_reg(guess) for guess in guesses]
  File "/home/ryedida/bbo_challenge_starter_kit/example_submissions/smoothness/optimizer.py", line 109, in <listcomp>
    betas = [self._get_smoothness_reg(guess) for guess in guesses]
  File "/home/ryedida/bbo_challenge_starter_kit/example_submissions/smoothness/optimizer.py", line 49, in _get_smoothness_reg
    if activ > Kz:
NameError: name 'activ' is not defined
suggestion time taken 0.319033 iter 11 next_points [{'alpha': 1.131126029840743, 'batch_size': 230, 'beta_1': 0.9870822021895864, 'beta_2': 0.9998827131519193, 'epsilon': 3.364050444209081e-08, 'hidden_layer_sizes': 199, 'learning_rate_init': 0.000754304133130468, 'tol': 0.003911184424335314, 'validation_fraction': 0.21392742255934724}]
function_evaluation time 0.081458 value 29033.911874 suggestion {'alpha': 1.131126029840743, 'batch_size': 230, 'beta_1': 0.9870822021895864, 'beta_2': 0.9998827131519193, 'epsilon': 3.364050444209081e-08, 'hidden_layer_sizes': 199, 'learning_rate_init': 0.000754304133130468, 'tol': 0.003911184424335314, 'validation_fraction': 0.21392742255934724}
observation time 0.000005, current best 2977.200735 at iter 11
Failure in optimizer suggest. Falling back to random search.
name 'activ' is not defined
Traceback (most recent call last):
  File "/home/ryedida/.local/lib/python3.9/site-packages/bayesmark/experiment.py", line 126, in run_study
    next_points = optimizer.suggest(n_suggestions)
  File "/home/ryedida/bbo_challenge_starter_kit/example_submissions/smoothness/optimizer.py", line 109, in suggest
    betas = [self._get_smoothness_reg(guess) for guess in guesses]
  File "/home/ryedida/bbo_challenge_starter_kit/example_submissions/smoothness/optimizer.py", line 109, in <listcomp>
    betas = [self._get_smoothness_reg(guess) for guess in guesses]
  File "/home/ryedida/bbo_challenge_starter_kit/example_submissions/smoothness/optimizer.py", line 49, in _get_smoothness_reg
    if activ > Kz:
NameError: name 'activ' is not defined
suggestion time taken 0.321768 iter 12 next_points [{'alpha': 0.11726393478779179, 'batch_size': 189, 'beta_1': 0.9076590639144358, 'beta_2': 0.9999883086118809, 'epsilon': 5.070473705506528e-09, 'hidden_layer_sizes': 172, 'learning_rate_init': 0.009312804909868888, 'tol': 0.0003527455821479618, 'validation_fraction': 0.7216295470780313}]
/home/ryedida/.local/lib/python3.9/site-packages/sklearn/neural_network/_multilayer_perceptron.py:605: UserWarning: Got `batch_size` less than 1 or larger than sample size. It is going to be clipped
  warnings.warn(

/home/ryedida/.local/lib/python3.9/site-packages/sklearn/neural_network/_multilayer_perceptron.py:686: ConvergenceWarning: Stochastic Optimizer: Maximum iterations (200) reached and the optimization hasn't converged yet.
  warnings.warn(

function_evaluation time 0.783128 value 3587.643744 suggestion {'alpha': 0.11726393478779179, 'batch_size': 189, 'beta_1': 0.9076590639144358, 'beta_2': 0.9999883086118809, 'epsilon': 5.070473705506528e-09, 'hidden_layer_sizes': 172, 'learning_rate_init': 0.009312804909868888, 'tol': 0.0003527455821479618, 'validation_fraction': 0.7216295470780313}
observation time 0.000005, current best 2977.200735 at iter 12
Failure in optimizer suggest. Falling back to random search.
name 'activ' is not defined
Traceback (most recent call last):
  File "/home/ryedida/.local/lib/python3.9/site-packages/bayesmark/experiment.py", line 126, in run_study
    next_points = optimizer.suggest(n_suggestions)
  File "/home/ryedida/bbo_challenge_starter_kit/example_submissions/smoothness/optimizer.py", line 109, in suggest
    betas = [self._get_smoothness_reg(guess) for guess in guesses]
  File "/home/ryedida/bbo_challenge_starter_kit/example_submissions/smoothness/optimizer.py", line 109, in <listcomp>
    betas = [self._get_smoothness_reg(guess) for guess in guesses]
  File "/home/ryedida/bbo_challenge_starter_kit/example_submissions/smoothness/optimizer.py", line 49, in _get_smoothness_reg
    if activ > Kz:
NameError: name 'activ' is not defined
suggestion time taken 0.318650 iter 13 next_points [{'alpha': 1.993132900805407e-05, 'batch_size': 249, 'beta_1': 0.9629017583589146, 'beta_2': 0.9976320485020955, 'epsilon': 4.003617383820062e-07, 'hidden_layer_sizes': 144, 'learning_rate_init': 0.0001471150581111687, 'tol': 1.0433587578466466e-05, 'validation_fraction': 0.8773421486798678}]
/home/ryedida/.local/lib/python3.9/site-packages/sklearn/neural_network/_multilayer_perceptron.py:605: UserWarning: Got `batch_size` less than 1 or larger than sample size. It is going to be clipped
  warnings.warn(

/home/ryedida/.local/lib/python3.9/site-packages/sklearn/neural_network/_multilayer_perceptron.py:686: ConvergenceWarning: Stochastic Optimizer: Maximum iterations (200) reached and the optimization hasn't converged yet.
  warnings.warn(

function_evaluation time 0.707704 value 28954.971680 suggestion {'alpha': 1.993132900805407e-05, 'batch_size': 249, 'beta_1': 0.9629017583589146, 'beta_2': 0.9976320485020955, 'epsilon': 4.003617383820062e-07, 'hidden_layer_sizes': 144, 'learning_rate_init': 0.0001471150581111687, 'tol': 1.0433587578466466e-05, 'validation_fraction': 0.8773421486798678}
observation time 0.000003, current best 2977.200735 at iter 13
Failure in optimizer suggest. Falling back to random search.
name 'activ' is not defined
Traceback (most recent call last):
  File "/home/ryedida/.local/lib/python3.9/site-packages/bayesmark/experiment.py", line 126, in run_study
    next_points = optimizer.suggest(n_suggestions)
  File "/home/ryedida/bbo_challenge_starter_kit/example_submissions/smoothness/optimizer.py", line 109, in suggest
    betas = [self._get_smoothness_reg(guess) for guess in guesses]
  File "/home/ryedida/bbo_challenge_starter_kit/example_submissions/smoothness/optimizer.py", line 109, in <listcomp>
    betas = [self._get_smoothness_reg(guess) for guess in guesses]
  File "/home/ryedida/bbo_challenge_starter_kit/example_submissions/smoothness/optimizer.py", line 49, in _get_smoothness_reg
    if activ > Kz:
NameError: name 'activ' is not defined
suggestion time taken 0.325931 iter 14 next_points [{'alpha': 5.758009758375898, 'batch_size': 151, 'beta_1': 0.9863581719703299, 'beta_2': 0.9993215884505583, 'epsilon': 2.9342104934540385e-09, 'hidden_layer_sizes': 76, 'learning_rate_init': 0.0009451575142875404, 'tol': 2.1505516728367233e-05, 'validation_fraction': 0.8462055467769976}]
/home/ryedida/.local/lib/python3.9/site-packages/sklearn/neural_network/_multilayer_perceptron.py:605: UserWarning: Got `batch_size` less than 1 or larger than sample size. It is going to be clipped
  warnings.warn(

/home/ryedida/.local/lib/python3.9/site-packages/sklearn/neural_network/_multilayer_perceptron.py:686: ConvergenceWarning: Stochastic Optimizer: Maximum iterations (200) reached and the optimization hasn't converged yet.
  warnings.warn(

function_evaluation time 0.627130 value 28230.408834 suggestion {'alpha': 5.758009758375898, 'batch_size': 151, 'beta_1': 0.9863581719703299, 'beta_2': 0.9993215884505583, 'epsilon': 2.9342104934540385e-09, 'hidden_layer_sizes': 76, 'learning_rate_init': 0.0009451575142875404, 'tol': 2.1505516728367233e-05, 'validation_fraction': 0.8462055467769976}
observation time 0.000006, current best 2977.200735 at iter 14
saving meta data: {'args': {'--uuid': '405ed49c26105d5aa6d66df06ba351f6', '-db-root': '/home/ryedida/bbo_challenge_starter_kit/output', '--opt-root': '/home/ryedida/bbo_challenge_starter_kit/example_submissions', '--data-root': None, '--db': 'run_20230427_004608', '--opt': 'smoothness', '--data': 'diabetes', '--classifier': 'MLP-adam', '--metric': 'mse', '--calls': 15, '--suggestions': 1, '--jobs-file': None, '--verbose': False, 'dry_run': False, 'rev': 'a376313', 'opt_rev': 'x.x.x'}, 'signature': ([{'alpha': 0.019628224813442792, 'batch_size': 182, 'beta_1': 0.9410202200271762, 'beta_2': 0.9998021557676793, 'epsilon': 1.8662266976518e-08, 'hidden_layer_sizes': 147, 'learning_rate_init': 0.0005627932047415167, 'tol': 0.03690557729213761, 'validation_fraction': 0.8846827852548593}, {'alpha': 0.0019982467392329444, 'batch_size': 200, 'beta_1': 0.919111482530466, 'beta_2': 0.9998488260436156, 'epsilon': 5.981221901152555e-07, 'hidden_layer_sizes': 61, 'learning_rate_init': 2.2310905607443014e-05, 'tol': 1.2046852412030316e-05, 'validation_fraction': 0.8117896445826539}, {'alpha': 0.46659545670218433, 'batch_size': 219, 'beta_1': 0.9889789783750891, 'beta_2': 0.9999896868093284, 'epsilon': 2.4234724484675948e-08, 'hidden_layer_sizes': 167, 'learning_rate_init': 2.972334644335654e-05, 'tol': 0.0036281404040243792, 'validation_fraction': 0.17260651658522078}, {'alpha': 4.656005689076002, 'batch_size': 135, 'beta_1': 0.870503881627747, 'beta_2': 0.9948873266941017, 'epsilon': 2.1023308743480125e-07, 'hidden_layer_sizes': 118, 'learning_rate_init': 0.0018781738757161913, 'tol': 1.1889379831773004e-05, 'validation_fraction': 0.6264327093752792}, {'alpha': 0.04705159350400542, 'batch_size': 158, 'beta_1': 0.9870884262730957, 'beta_2': 0.9999596874382349, 'epsilon': 1.1981845126013875e-08, 'hidden_layer_sizes': 116, 'learning_rate_init': 0.00617340520407431, 'tol': 1.741413418158619e-05, 'validation_fraction': 0.6754299026638921}], [29083.993548572587, 29062.423277324073, 29075.78987471409, 24626.32866834337, 9584.226858493177])}
saving results
saving timing
saving suggest log
done
