running: {'--uuid': '425e0597ab8f5a40a92621887d8e1cf6', '-db-root': '/home/ryedida/bbo_challenge_starter_kit/output', '--opt-root': '/home/ryedida/bbo_challenge_starter_kit/example_submissions', '--data-root': None, '--db': 'run_20230427_004608', '--opt': 'smoothness', '--data': 'diabetes', '--classifier': 'MLP-adam', '--metric': 'mae', '--calls': 15, '--suggestions': 1, '--jobs-file': None, '--verbose': False, 'dry_run': False, 'rev': 'a376313', 'opt_rev': 'x.x.x'}
cmd: python smoothness/optimizer.py -c MLP-adam -d diabetes -o smoothness -u 425e0597ab8f5a40a92621887d8e1cf6 -m mae -n 15 -p 1 -dir /home/ryedida/bbo_challenge_starter_kit/output -b run_20230427_004608
/home/ryedida/.local/lib/python3.9/site-packages/sklearn/neural_network/_multilayer_perceptron.py:605: UserWarning: Got `batch_size` less than 1 or larger than sample size. It is going to be clipped
  warnings.warn(

/home/ryedida/.local/lib/python3.9/site-packages/sklearn/neural_network/_multilayer_perceptron.py:605: UserWarning: Got `batch_size` less than 1 or larger than sample size. It is going to be clipped
  warnings.warn(

/home/ryedida/.local/lib/python3.9/site-packages/sklearn/neural_network/_multilayer_perceptron.py:605: UserWarning: Got `batch_size` less than 1 or larger than sample size. It is going to be clipped
  warnings.warn(

/home/ryedida/.local/lib/python3.9/site-packages/sklearn/neural_network/_multilayer_perceptron.py:686: ConvergenceWarning: Stochastic Optimizer: Maximum iterations (200) reached and the optimization hasn't converged yet.
  warnings.warn(

/home/ryedida/.local/lib/python3.9/site-packages/sklearn/neural_network/_multilayer_perceptron.py:605: UserWarning: Got `batch_size` less than 1 or larger than sample size. It is going to be clipped
  warnings.warn(

/home/ryedida/.local/lib/python3.9/site-packages/sklearn/neural_network/_multilayer_perceptron.py:686: ConvergenceWarning: Stochastic Optimizer: Maximum iterations (200) reached and the optimization hasn't converged yet.
  warnings.warn(

computed signature: ([{'alpha': 0.019628224813442792, 'batch_size': 182, 'beta_1': 0.9410202200271762, 'beta_2': 0.9998021557676793, 'epsilon': 1.8662266976518e-08, 'hidden_layer_sizes': 147, 'learning_rate_init': 0.0005627932047415167, 'tol': 0.03690557729213761, 'validation_fraction': 0.8846827852548593}, {'alpha': 0.0019982467392329444, 'batch_size': 200, 'beta_1': 0.919111482530466, 'beta_2': 0.9998488260436156, 'epsilon': 5.981221901152555e-07, 'hidden_layer_sizes': 61, 'learning_rate_init': 2.2310905607443014e-05, 'tol': 1.2046852412030316e-05, 'validation_fraction': 0.8117896445826539}, {'alpha': 0.46659545670218433, 'batch_size': 219, 'beta_1': 0.9889789783750891, 'beta_2': 0.9999896868093284, 'epsilon': 2.4234724484675948e-08, 'hidden_layer_sizes': 167, 'learning_rate_init': 2.972334644335654e-05, 'tol': 0.0036281404040243792, 'validation_fraction': 0.17260651658522078}, {'alpha': 4.656005689076002, 'batch_size': 135, 'beta_1': 0.870503881627747, 'beta_2': 0.9948873266941017, 'epsilon': 2.1023308743480125e-07, 'hidden_layer_sizes': 118, 'learning_rate_init': 0.0018781738757161913, 'tol': 1.1889379831773004e-05, 'validation_fraction': 0.6264327093752792}, {'alpha': 0.04705159350400542, 'batch_size': 158, 'beta_1': 0.9870884262730957, 'beta_2': 0.9999596874382349, 'epsilon': 1.1981845126013875e-08, 'hidden_layer_sizes': 116, 'learning_rate_init': 0.00617340520407431, 'tol': 1.741413418158619e-05, 'validation_fraction': 0.6754299026638921}], [151.4971925380264, 151.42763539278994, 151.47026299046811, 136.86202504264318, 75.2055865763391])
Signature errors:
                                  0             1             2         3         4       max
MLP-adam_diabetes_mae  1.919244e-08  6.198704e-08  7.624578e-09  0.000007  0.000034  0.000034
max                    1.919244e-08  6.198704e-08  7.624578e-09  0.000007  0.000034  0.000034
starting sklearn study smoothness MLP-adam diabetes mae 15 1
with data root: None
Failure in optimizer suggest. Falling back to random search.
name 'activ' is not defined
Traceback (most recent call last):
  File "/home/ryedida/.local/lib/python3.9/site-packages/bayesmark/experiment.py", line 126, in run_study
    next_points = optimizer.suggest(n_suggestions)
  File "/home/ryedida/bbo_challenge_starter_kit/example_submissions/smoothness/optimizer.py", line 109, in suggest
    betas = [self._get_smoothness_reg(guess) for guess in guesses]
  File "/home/ryedida/bbo_challenge_starter_kit/example_submissions/smoothness/optimizer.py", line 109, in <listcomp>
    betas = [self._get_smoothness_reg(guess) for guess in guesses]
  File "/home/ryedida/bbo_challenge_starter_kit/example_submissions/smoothness/optimizer.py", line 49, in _get_smoothness_reg
    if activ > Kz:
NameError: name 'activ' is not defined
suggestion time taken 0.499817 iter 0 next_points [{'alpha': 0.00030165242764618557, 'batch_size': 72, 'beta_1': 0.8664141620493399, 'beta_2': 0.9982504108418986, 'epsilon': 7.804385504894287e-09, 'hidden_layer_sizes': 81, 'learning_rate_init': 0.00022064238528371743, 'tol': 0.0002981053256127801, 'validation_fraction': 0.8568121476523887}]
/home/ryedida/.local/lib/python3.9/site-packages/sklearn/neural_network/_multilayer_perceptron.py:605: UserWarning: Got `batch_size` less than 1 or larger than sample size. It is going to be clipped
  warnings.warn(

function_evaluation time 0.052055 value 151.735673 suggestion {'alpha': 0.00030165242764618557, 'batch_size': 72, 'beta_1': 0.8664141620493399, 'beta_2': 0.9982504108418986, 'epsilon': 7.804385504894287e-09, 'hidden_layer_sizes': 81, 'learning_rate_init': 0.00022064238528371743, 'tol': 0.0002981053256127801, 'validation_fraction': 0.8568121476523887}
observation time 0.000007, current best 151.735673 at iter 0
Failure in optimizer suggest. Falling back to random search.
name 'activ' is not defined
Traceback (most recent call last):
  File "/home/ryedida/.local/lib/python3.9/site-packages/bayesmark/experiment.py", line 126, in run_study
    next_points = optimizer.suggest(n_suggestions)
  File "/home/ryedida/bbo_challenge_starter_kit/example_submissions/smoothness/optimizer.py", line 109, in suggest
    betas = [self._get_smoothness_reg(guess) for guess in guesses]
  File "/home/ryedida/bbo_challenge_starter_kit/example_submissions/smoothness/optimizer.py", line 109, in <listcomp>
    betas = [self._get_smoothness_reg(guess) for guess in guesses]
  File "/home/ryedida/bbo_challenge_starter_kit/example_submissions/smoothness/optimizer.py", line 49, in _get_smoothness_reg
    if activ > Kz:
NameError: name 'activ' is not defined
suggestion time taken 0.327283 iter 1 next_points [{'alpha': 0.0001963445163354952, 'batch_size': 112, 'beta_1': 0.8357189632884747, 'beta_2': 0.9999953100923238, 'epsilon': 2.548392116923387e-08, 'hidden_layer_sizes': 135, 'learning_rate_init': 0.07389872654856641, 'tol': 6.972322828383016e-05, 'validation_fraction': 0.24901914825004978}]
function_evaluation time 0.690503 value 43.143061 suggestion {'alpha': 0.0001963445163354952, 'batch_size': 112, 'beta_1': 0.8357189632884747, 'beta_2': 0.9999953100923238, 'epsilon': 2.548392116923387e-08, 'hidden_layer_sizes': 135, 'learning_rate_init': 0.07389872654856641, 'tol': 6.972322828383016e-05, 'validation_fraction': 0.24901914825004978}
observation time 0.000006, current best 43.143061 at iter 1
Failure in optimizer suggest. Falling back to random search.
name 'activ' is not defined
Traceback (most recent call last):
  File "/home/ryedida/.local/lib/python3.9/site-packages/bayesmark/experiment.py", line 126, in run_study
    next_points = optimizer.suggest(n_suggestions)
  File "/home/ryedida/bbo_challenge_starter_kit/example_submissions/smoothness/optimizer.py", line 109, in suggest
    betas = [self._get_smoothness_reg(guess) for guess in guesses]
  File "/home/ryedida/bbo_challenge_starter_kit/example_submissions/smoothness/optimizer.py", line 109, in <listcomp>
    betas = [self._get_smoothness_reg(guess) for guess in guesses]
  File "/home/ryedida/bbo_challenge_starter_kit/example_submissions/smoothness/optimizer.py", line 49, in _get_smoothness_reg
    if activ > Kz:
NameError: name 'activ' is not defined
suggestion time taken 0.335581 iter 2 next_points [{'alpha': 0.01898245387301948, 'batch_size': 99, 'beta_1': 0.9543401258888842, 'beta_2': 0.9971360053388725, 'epsilon': 1.906682743541916e-09, 'hidden_layer_sizes': 123, 'learning_rate_init': 0.026565238127992812, 'tol': 3.799030974876239e-05, 'validation_fraction': 0.21233563046232032}]
function_evaluation time 0.640877 value 46.631038 suggestion {'alpha': 0.01898245387301948, 'batch_size': 99, 'beta_1': 0.9543401258888842, 'beta_2': 0.9971360053388725, 'epsilon': 1.906682743541916e-09, 'hidden_layer_sizes': 123, 'learning_rate_init': 0.026565238127992812, 'tol': 3.799030974876239e-05, 'validation_fraction': 0.21233563046232032}
observation time 0.000006, current best 43.143061 at iter 2
Failure in optimizer suggest. Falling back to random search.
name 'activ' is not defined
Traceback (most recent call last):
  File "/home/ryedida/.local/lib/python3.9/site-packages/bayesmark/experiment.py", line 126, in run_study
    next_points = optimizer.suggest(n_suggestions)
  File "/home/ryedida/bbo_challenge_starter_kit/example_submissions/smoothness/optimizer.py", line 109, in suggest
    betas = [self._get_smoothness_reg(guess) for guess in guesses]
  File "/home/ryedida/bbo_challenge_starter_kit/example_submissions/smoothness/optimizer.py", line 109, in <listcomp>
    betas = [self._get_smoothness_reg(guess) for guess in guesses]
  File "/home/ryedida/bbo_challenge_starter_kit/example_submissions/smoothness/optimizer.py", line 49, in _get_smoothness_reg
    if activ > Kz:
NameError: name 'activ' is not defined
suggestion time taken 0.324612 iter 3 next_points [{'alpha': 0.0019076133917338466, 'batch_size': 186, 'beta_1': 0.7107818939808288, 'beta_2': 0.9994076270592808, 'epsilon': 9.138853022487781e-09, 'hidden_layer_sizes': 105, 'learning_rate_init': 0.0030063386285758367, 'tol': 0.004707195707204205, 'validation_fraction': 0.4760985617008239}]
/home/ryedida/.local/lib/python3.9/site-packages/sklearn/neural_network/_multilayer_perceptron.py:605: UserWarning: Got `batch_size` less than 1 or larger than sample size. It is going to be clipped
  warnings.warn(

function_evaluation time 0.056925 value 151.054016 suggestion {'alpha': 0.0019076133917338466, 'batch_size': 186, 'beta_1': 0.7107818939808288, 'beta_2': 0.9994076270592808, 'epsilon': 9.138853022487781e-09, 'hidden_layer_sizes': 105, 'learning_rate_init': 0.0030063386285758367, 'tol': 0.004707195707204205, 'validation_fraction': 0.4760985617008239}
observation time 0.000006, current best 43.143061 at iter 3
Failure in optimizer suggest. Falling back to random search.
name 'activ' is not defined
Traceback (most recent call last):
  File "/home/ryedida/.local/lib/python3.9/site-packages/bayesmark/experiment.py", line 126, in run_study
    next_points = optimizer.suggest(n_suggestions)
  File "/home/ryedida/bbo_challenge_starter_kit/example_submissions/smoothness/optimizer.py", line 109, in suggest
    betas = [self._get_smoothness_reg(guess) for guess in guesses]
  File "/home/ryedida/bbo_challenge_starter_kit/example_submissions/smoothness/optimizer.py", line 109, in <listcomp>
    betas = [self._get_smoothness_reg(guess) for guess in guesses]
  File "/home/ryedida/bbo_challenge_starter_kit/example_submissions/smoothness/optimizer.py", line 49, in _get_smoothness_reg
    if activ > Kz:
NameError: name 'activ' is not defined
suggestion time taken 0.329039 iter 4 next_points [{'alpha': 0.02055093635732835, 'batch_size': 102, 'beta_1': 0.8261935269709446, 'beta_2': 0.9999326745357289, 'epsilon': 1.4204033990388484e-09, 'hidden_layer_sizes': 101, 'learning_rate_init': 1.0189600291884155e-05, 'tol': 0.00010976752105296883, 'validation_fraction': 0.1307785773450022}]
function_evaluation time 0.087263 value 151.520560 suggestion {'alpha': 0.02055093635732835, 'batch_size': 102, 'beta_1': 0.8261935269709446, 'beta_2': 0.9999326745357289, 'epsilon': 1.4204033990388484e-09, 'hidden_layer_sizes': 101, 'learning_rate_init': 1.0189600291884155e-05, 'tol': 0.00010976752105296883, 'validation_fraction': 0.1307785773450022}
observation time 0.000006, current best 43.143061 at iter 4
Failure in optimizer suggest. Falling back to random search.
name 'activ' is not defined
Traceback (most recent call last):
  File "/home/ryedida/.local/lib/python3.9/site-packages/bayesmark/experiment.py", line 126, in run_study
    next_points = optimizer.suggest(n_suggestions)
  File "/home/ryedida/bbo_challenge_starter_kit/example_submissions/smoothness/optimizer.py", line 109, in suggest
    betas = [self._get_smoothness_reg(guess) for guess in guesses]
  File "/home/ryedida/bbo_challenge_starter_kit/example_submissions/smoothness/optimizer.py", line 109, in <listcomp>
    betas = [self._get_smoothness_reg(guess) for guess in guesses]
  File "/home/ryedida/bbo_challenge_starter_kit/example_submissions/smoothness/optimizer.py", line 49, in _get_smoothness_reg
    if activ > Kz:
NameError: name 'activ' is not defined
suggestion time taken 0.338395 iter 5 next_points [{'alpha': 0.0011703652607729742, 'batch_size': 129, 'beta_1': 0.8572580104398373, 'beta_2': 0.999996158483468, 'epsilon': 8.404961972865155e-07, 'hidden_layer_sizes': 105, 'learning_rate_init': 4.832231722871126e-05, 'tol': 0.016009999134364513, 'validation_fraction': 0.33707696428568523}]
function_evaluation time 0.070391 value 151.604490 suggestion {'alpha': 0.0011703652607729742, 'batch_size': 129, 'beta_1': 0.8572580104398373, 'beta_2': 0.999996158483468, 'epsilon': 8.404961972865155e-07, 'hidden_layer_sizes': 105, 'learning_rate_init': 4.832231722871126e-05, 'tol': 0.016009999134364513, 'validation_fraction': 0.33707696428568523}
observation time 0.000006, current best 43.143061 at iter 5
Failure in optimizer suggest. Falling back to random search.
name 'activ' is not defined
Traceback (most recent call last):
  File "/home/ryedida/.local/lib/python3.9/site-packages/bayesmark/experiment.py", line 126, in run_study
    next_points = optimizer.suggest(n_suggestions)
  File "/home/ryedida/bbo_challenge_starter_kit/example_submissions/smoothness/optimizer.py", line 109, in suggest
    betas = [self._get_smoothness_reg(guess) for guess in guesses]
  File "/home/ryedida/bbo_challenge_starter_kit/example_submissions/smoothness/optimizer.py", line 109, in <listcomp>
    betas = [self._get_smoothness_reg(guess) for guess in guesses]
  File "/home/ryedida/bbo_challenge_starter_kit/example_submissions/smoothness/optimizer.py", line 49, in _get_smoothness_reg
    if activ > Kz:
NameError: name 'activ' is not defined
suggestion time taken 0.328771 iter 6 next_points [{'alpha': 0.020391523228678706, 'batch_size': 226, 'beta_1': 0.7620359327265852, 'beta_2': 0.9502460817970763, 'epsilon': 2.0368909102225977e-09, 'hidden_layer_sizes': 126, 'learning_rate_init': 0.0007767282536955328, 'tol': 0.08978631069629382, 'validation_fraction': 0.3812924321486017}]
/home/ryedida/.local/lib/python3.9/site-packages/sklearn/neural_network/_multilayer_perceptron.py:605: UserWarning: Got `batch_size` less than 1 or larger than sample size. It is going to be clipped
  warnings.warn(

function_evaluation time 0.061852 value 151.572909 suggestion {'alpha': 0.020391523228678706, 'batch_size': 226, 'beta_1': 0.7620359327265852, 'beta_2': 0.9502460817970763, 'epsilon': 2.0368909102225977e-09, 'hidden_layer_sizes': 126, 'learning_rate_init': 0.0007767282536955328, 'tol': 0.08978631069629382, 'validation_fraction': 0.3812924321486017}
observation time 0.000005, current best 43.143061 at iter 6
Failure in optimizer suggest. Falling back to random search.
name 'activ' is not defined
Traceback (most recent call last):
  File "/home/ryedida/.local/lib/python3.9/site-packages/bayesmark/experiment.py", line 126, in run_study
    next_points = optimizer.suggest(n_suggestions)
  File "/home/ryedida/bbo_challenge_starter_kit/example_submissions/smoothness/optimizer.py", line 109, in suggest
    betas = [self._get_smoothness_reg(guess) for guess in guesses]
  File "/home/ryedida/bbo_challenge_starter_kit/example_submissions/smoothness/optimizer.py", line 109, in <listcomp>
    betas = [self._get_smoothness_reg(guess) for guess in guesses]
  File "/home/ryedida/bbo_challenge_starter_kit/example_submissions/smoothness/optimizer.py", line 49, in _get_smoothness_reg
    if activ > Kz:
NameError: name 'activ' is not defined
suggestion time taken 0.456765 iter 7 next_points [{'alpha': 1.1080618659588779e-05, 'batch_size': 190, 'beta_1': 0.968205070995855, 'beta_2': 0.9996562817572084, 'epsilon': 7.990880374210494e-07, 'hidden_layer_sizes': 98, 'learning_rate_init': 0.017303192464519217, 'tol': 0.03575067475617694, 'validation_fraction': 0.24734849366308}]
function_evaluation time 0.339874 value 56.521370 suggestion {'alpha': 1.1080618659588779e-05, 'batch_size': 190, 'beta_1': 0.968205070995855, 'beta_2': 0.9996562817572084, 'epsilon': 7.990880374210494e-07, 'hidden_layer_sizes': 98, 'learning_rate_init': 0.017303192464519217, 'tol': 0.03575067475617694, 'validation_fraction': 0.24734849366308}
observation time 0.000006, current best 43.143061 at iter 7
Failure in optimizer suggest. Falling back to random search.
name 'activ' is not defined
Traceback (most recent call last):
  File "/home/ryedida/.local/lib/python3.9/site-packages/bayesmark/experiment.py", line 126, in run_study
    next_points = optimizer.suggest(n_suggestions)
  File "/home/ryedida/bbo_challenge_starter_kit/example_submissions/smoothness/optimizer.py", line 109, in suggest
    betas = [self._get_smoothness_reg(guess) for guess in guesses]
  File "/home/ryedida/bbo_challenge_starter_kit/example_submissions/smoothness/optimizer.py", line 109, in <listcomp>
    betas = [self._get_smoothness_reg(guess) for guess in guesses]
  File "/home/ryedida/bbo_challenge_starter_kit/example_submissions/smoothness/optimizer.py", line 49, in _get_smoothness_reg
    if activ > Kz:
NameError: name 'activ' is not defined
suggestion time taken 0.327125 iter 8 next_points [{'alpha': 0.0036648787394226497, 'batch_size': 214, 'beta_1': 0.9873662018808567, 'beta_2': 0.9999967782262978, 'epsilon': 2.1116309828129904e-07, 'hidden_layer_sizes': 139, 'learning_rate_init': 0.00015846877479187585, 'tol': 0.0009299016681812679, 'validation_fraction': 0.7469161602367432}]
/home/ryedida/.local/lib/python3.9/site-packages/sklearn/neural_network/_multilayer_perceptron.py:605: UserWarning: Got `batch_size` less than 1 or larger than sample size. It is going to be clipped
  warnings.warn(

function_evaluation time 0.056437 value 151.529077 suggestion {'alpha': 0.0036648787394226497, 'batch_size': 214, 'beta_1': 0.9873662018808567, 'beta_2': 0.9999967782262978, 'epsilon': 2.1116309828129904e-07, 'hidden_layer_sizes': 139, 'learning_rate_init': 0.00015846877479187585, 'tol': 0.0009299016681812679, 'validation_fraction': 0.7469161602367432}
observation time 0.000005, current best 43.143061 at iter 8
Failure in optimizer suggest. Falling back to random search.
name 'activ' is not defined
Traceback (most recent call last):
  File "/home/ryedida/.local/lib/python3.9/site-packages/bayesmark/experiment.py", line 126, in run_study
    next_points = optimizer.suggest(n_suggestions)
  File "/home/ryedida/bbo_challenge_starter_kit/example_submissions/smoothness/optimizer.py", line 109, in suggest
    betas = [self._get_smoothness_reg(guess) for guess in guesses]
  File "/home/ryedida/bbo_challenge_starter_kit/example_submissions/smoothness/optimizer.py", line 109, in <listcomp>
    betas = [self._get_smoothness_reg(guess) for guess in guesses]
  File "/home/ryedida/bbo_challenge_starter_kit/example_submissions/smoothness/optimizer.py", line 49, in _get_smoothness_reg
    if activ > Kz:
NameError: name 'activ' is not defined
suggestion time taken 0.327351 iter 9 next_points [{'alpha': 0.00033405925399015247, 'batch_size': 210, 'beta_1': 0.9512126855493492, 'beta_2': 0.999998510310015, 'epsilon': 2.4004226445524064e-08, 'hidden_layer_sizes': 168, 'learning_rate_init': 0.0012564092301307493, 'tol': 0.0005746913159897216, 'validation_fraction': 0.2547957389628801}]
/home/ryedida/.local/lib/python3.9/site-packages/sklearn/neural_network/_multilayer_perceptron.py:686: ConvergenceWarning: Stochastic Optimizer: Maximum iterations (200) reached and the optimization hasn't converged yet.
  warnings.warn(

function_evaluation time 1.112032 value 141.442203 suggestion {'alpha': 0.00033405925399015247, 'batch_size': 210, 'beta_1': 0.9512126855493492, 'beta_2': 0.999998510310015, 'epsilon': 2.4004226445524064e-08, 'hidden_layer_sizes': 168, 'learning_rate_init': 0.0012564092301307493, 'tol': 0.0005746913159897216, 'validation_fraction': 0.2547957389628801}
observation time 0.000005, current best 43.143061 at iter 9
Failure in optimizer suggest. Falling back to random search.
name 'activ' is not defined
Traceback (most recent call last):
  File "/home/ryedida/.local/lib/python3.9/site-packages/bayesmark/experiment.py", line 126, in run_study
    next_points = optimizer.suggest(n_suggestions)
  File "/home/ryedida/bbo_challenge_starter_kit/example_submissions/smoothness/optimizer.py", line 109, in suggest
    betas = [self._get_smoothness_reg(guess) for guess in guesses]
  File "/home/ryedida/bbo_challenge_starter_kit/example_submissions/smoothness/optimizer.py", line 109, in <listcomp>
    betas = [self._get_smoothness_reg(guess) for guess in guesses]
  File "/home/ryedida/bbo_challenge_starter_kit/example_submissions/smoothness/optimizer.py", line 49, in _get_smoothness_reg
    if activ > Kz:
NameError: name 'activ' is not defined
suggestion time taken 0.320067 iter 10 next_points [{'alpha': 2.8466977169250892e-05, 'batch_size': 37, 'beta_1': 0.9843492221024139, 'beta_2': 0.9381884161509468, 'epsilon': 3.8663131954751847e-08, 'hidden_layer_sizes': 98, 'learning_rate_init': 0.0010240004458586037, 'tol': 0.005652072483198188, 'validation_fraction': 0.7116405181626613}]
function_evaluation time 0.076070 value 151.040880 suggestion {'alpha': 2.8466977169250892e-05, 'batch_size': 37, 'beta_1': 0.9843492221024139, 'beta_2': 0.9381884161509468, 'epsilon': 3.8663131954751847e-08, 'hidden_layer_sizes': 98, 'learning_rate_init': 0.0010240004458586037, 'tol': 0.005652072483198188, 'validation_fraction': 0.7116405181626613}
observation time 0.000005, current best 43.143061 at iter 10
Failure in optimizer suggest. Falling back to random search.
name 'activ' is not defined
Traceback (most recent call last):
  File "/home/ryedida/.local/lib/python3.9/site-packages/bayesmark/experiment.py", line 126, in run_study
    next_points = optimizer.suggest(n_suggestions)
  File "/home/ryedida/bbo_challenge_starter_kit/example_submissions/smoothness/optimizer.py", line 109, in suggest
    betas = [self._get_smoothness_reg(guess) for guess in guesses]
  File "/home/ryedida/bbo_challenge_starter_kit/example_submissions/smoothness/optimizer.py", line 109, in <listcomp>
    betas = [self._get_smoothness_reg(guess) for guess in guesses]
  File "/home/ryedida/bbo_challenge_starter_kit/example_submissions/smoothness/optimizer.py", line 49, in _get_smoothness_reg
    if activ > Kz:
NameError: name 'activ' is not defined
suggestion time taken 0.325253 iter 11 next_points [{'alpha': 0.005328749049337734, 'batch_size': 215, 'beta_1': 0.9886753752376412, 'beta_2': 0.9677306083287648, 'epsilon': 9.928165236622764e-07, 'hidden_layer_sizes': 99, 'learning_rate_init': 0.04786036364562269, 'tol': 0.0011664199290250473, 'validation_fraction': 0.815017461357153}]
/home/ryedida/.local/lib/python3.9/site-packages/sklearn/neural_network/_multilayer_perceptron.py:605: UserWarning: Got `batch_size` less than 1 or larger than sample size. It is going to be clipped
  warnings.warn(

function_evaluation time 0.193459 value 54.482835 suggestion {'alpha': 0.005328749049337734, 'batch_size': 215, 'beta_1': 0.9886753752376412, 'beta_2': 0.9677306083287648, 'epsilon': 9.928165236622764e-07, 'hidden_layer_sizes': 99, 'learning_rate_init': 0.04786036364562269, 'tol': 0.0011664199290250473, 'validation_fraction': 0.815017461357153}
observation time 0.000005, current best 43.143061 at iter 11
Failure in optimizer suggest. Falling back to random search.
name 'activ' is not defined
Traceback (most recent call last):
  File "/home/ryedida/.local/lib/python3.9/site-packages/bayesmark/experiment.py", line 126, in run_study
    next_points = optimizer.suggest(n_suggestions)
  File "/home/ryedida/bbo_challenge_starter_kit/example_submissions/smoothness/optimizer.py", line 109, in suggest
    betas = [self._get_smoothness_reg(guess) for guess in guesses]
  File "/home/ryedida/bbo_challenge_starter_kit/example_submissions/smoothness/optimizer.py", line 109, in <listcomp>
    betas = [self._get_smoothness_reg(guess) for guess in guesses]
  File "/home/ryedida/bbo_challenge_starter_kit/example_submissions/smoothness/optimizer.py", line 49, in _get_smoothness_reg
    if activ > Kz:
NameError: name 'activ' is not defined
suggestion time taken 0.320139 iter 12 next_points [{'alpha': 1.064728758428082, 'batch_size': 14, 'beta_1': 0.5241726115606468, 'beta_2': 0.9997508151282045, 'epsilon': 2.1080848292405232e-07, 'hidden_layer_sizes': 103, 'learning_rate_init': 2.405349687486015e-05, 'tol': 0.0008187594028260907, 'validation_fraction': 0.44000312979978845}]
function_evaluation time 0.192650 value 151.608493 suggestion {'alpha': 1.064728758428082, 'batch_size': 14, 'beta_1': 0.5241726115606468, 'beta_2': 0.9997508151282045, 'epsilon': 2.1080848292405232e-07, 'hidden_layer_sizes': 103, 'learning_rate_init': 2.405349687486015e-05, 'tol': 0.0008187594028260907, 'validation_fraction': 0.44000312979978845}
observation time 0.000006, current best 43.143061 at iter 12
Failure in optimizer suggest. Falling back to random search.
name 'activ' is not defined
Traceback (most recent call last):
  File "/home/ryedida/.local/lib/python3.9/site-packages/bayesmark/experiment.py", line 126, in run_study
    next_points = optimizer.suggest(n_suggestions)
  File "/home/ryedida/bbo_challenge_starter_kit/example_submissions/smoothness/optimizer.py", line 109, in suggest
    betas = [self._get_smoothness_reg(guess) for guess in guesses]
  File "/home/ryedida/bbo_challenge_starter_kit/example_submissions/smoothness/optimizer.py", line 109, in <listcomp>
    betas = [self._get_smoothness_reg(guess) for guess in guesses]
  File "/home/ryedida/bbo_challenge_starter_kit/example_submissions/smoothness/optimizer.py", line 49, in _get_smoothness_reg
    if activ > Kz:
NameError: name 'activ' is not defined
suggestion time taken 0.323699 iter 13 next_points [{'alpha': 0.00032074467310235703, 'batch_size': 154, 'beta_1': 0.5674939079871928, 'beta_2': 0.9995306028613032, 'epsilon': 6.659521663856187e-07, 'hidden_layer_sizes': 105, 'learning_rate_init': 0.0001304920685700323, 'tol': 7.34676653569612e-05, 'validation_fraction': 0.12335406850609383}]
/home/ryedida/.local/lib/python3.9/site-packages/sklearn/neural_network/_multilayer_perceptron.py:686: ConvergenceWarning: Stochastic Optimizer: Maximum iterations (200) reached and the optimization hasn't converged yet.
  warnings.warn(

function_evaluation time 1.151284 value 150.668089 suggestion {'alpha': 0.00032074467310235703, 'batch_size': 154, 'beta_1': 0.5674939079871928, 'beta_2': 0.9995306028613032, 'epsilon': 6.659521663856187e-07, 'hidden_layer_sizes': 105, 'learning_rate_init': 0.0001304920685700323, 'tol': 7.34676653569612e-05, 'validation_fraction': 0.12335406850609383}
observation time 0.000005, current best 43.143061 at iter 13
Failure in optimizer suggest. Falling back to random search.
name 'activ' is not defined
Traceback (most recent call last):
  File "/home/ryedida/.local/lib/python3.9/site-packages/bayesmark/experiment.py", line 126, in run_study
    next_points = optimizer.suggest(n_suggestions)
  File "/home/ryedida/bbo_challenge_starter_kit/example_submissions/smoothness/optimizer.py", line 109, in suggest
    betas = [self._get_smoothness_reg(guess) for guess in guesses]
  File "/home/ryedida/bbo_challenge_starter_kit/example_submissions/smoothness/optimizer.py", line 109, in <listcomp>
    betas = [self._get_smoothness_reg(guess) for guess in guesses]
  File "/home/ryedida/bbo_challenge_starter_kit/example_submissions/smoothness/optimizer.py", line 49, in _get_smoothness_reg
    if activ > Kz:
NameError: name 'activ' is not defined
suggestion time taken 0.324358 iter 14 next_points [{'alpha': 1.3530688387478853e-05, 'batch_size': 148, 'beta_1': 0.9788113236804099, 'beta_2': 0.9857309565252352, 'epsilon': 4.986650300716401e-07, 'hidden_layer_sizes': 61, 'learning_rate_init': 1.7235109440878452e-05, 'tol': 3.1448186129543806e-05, 'validation_fraction': 0.3852683385821099}]
function_evaluation time 0.044293 value 151.647342 suggestion {'alpha': 1.3530688387478853e-05, 'batch_size': 148, 'beta_1': 0.9788113236804099, 'beta_2': 0.9857309565252352, 'epsilon': 4.986650300716401e-07, 'hidden_layer_sizes': 61, 'learning_rate_init': 1.7235109440878452e-05, 'tol': 3.1448186129543806e-05, 'validation_fraction': 0.3852683385821099}
observation time 0.000005, current best 43.143061 at iter 14
saving meta data: {'args': {'--uuid': '425e0597ab8f5a40a92621887d8e1cf6', '-db-root': '/home/ryedida/bbo_challenge_starter_kit/output', '--opt-root': '/home/ryedida/bbo_challenge_starter_kit/example_submissions', '--data-root': None, '--db': 'run_20230427_004608', '--opt': 'smoothness', '--data': 'diabetes', '--classifier': 'MLP-adam', '--metric': 'mae', '--calls': 15, '--suggestions': 1, '--jobs-file': None, '--verbose': False, 'dry_run': False, 'rev': 'a376313', 'opt_rev': 'x.x.x'}, 'signature': ([{'alpha': 0.019628224813442792, 'batch_size': 182, 'beta_1': 0.9410202200271762, 'beta_2': 0.9998021557676793, 'epsilon': 1.8662266976518e-08, 'hidden_layer_sizes': 147, 'learning_rate_init': 0.0005627932047415167, 'tol': 0.03690557729213761, 'validation_fraction': 0.8846827852548593}, {'alpha': 0.0019982467392329444, 'batch_size': 200, 'beta_1': 0.919111482530466, 'beta_2': 0.9998488260436156, 'epsilon': 5.981221901152555e-07, 'hidden_layer_sizes': 61, 'learning_rate_init': 2.2310905607443014e-05, 'tol': 1.2046852412030316e-05, 'validation_fraction': 0.8117896445826539}, {'alpha': 0.46659545670218433, 'batch_size': 219, 'beta_1': 0.9889789783750891, 'beta_2': 0.9999896868093284, 'epsilon': 2.4234724484675948e-08, 'hidden_layer_sizes': 167, 'learning_rate_init': 2.972334644335654e-05, 'tol': 0.0036281404040243792, 'validation_fraction': 0.17260651658522078}, {'alpha': 4.656005689076002, 'batch_size': 135, 'beta_1': 0.870503881627747, 'beta_2': 0.9948873266941017, 'epsilon': 2.1023308743480125e-07, 'hidden_layer_sizes': 118, 'learning_rate_init': 0.0018781738757161913, 'tol': 1.1889379831773004e-05, 'validation_fraction': 0.6264327093752792}, {'alpha': 0.04705159350400542, 'batch_size': 158, 'beta_1': 0.9870884262730957, 'beta_2': 0.9999596874382349, 'epsilon': 1.1981845126013875e-08, 'hidden_layer_sizes': 116, 'learning_rate_init': 0.00617340520407431, 'tol': 1.741413418158619e-05, 'validation_fraction': 0.6754299026638921}], [151.4971925380264, 151.42763539278994, 151.47026299046811, 136.86202504264318, 75.2055865763391])}
saving results
saving timing
saving suggest log
done
