running: {'--uuid': '446d86585ffe5cad969563b67c6ebedf', '-db-root': '/home/ryedida/bbo_challenge_starter_kit/output', '--opt-root': '/home/ryedida/bbo_challenge_starter_kit/example_submissions', '--data-root': None, '--db': 'run_20230427_004608', '--opt': 'smoothness', '--data': 'diabetes', '--classifier': 'MLP-adam', '--metric': 'mse', '--calls': 15, '--suggestions': 1, '--jobs-file': None, '--verbose': False, 'dry_run': False, 'rev': 'a376313', 'opt_rev': 'x.x.x'}
cmd: python smoothness/optimizer.py -c MLP-adam -d diabetes -o smoothness -u 446d86585ffe5cad969563b67c6ebedf -m mse -n 15 -p 1 -dir /home/ryedida/bbo_challenge_starter_kit/output -b run_20230427_004608
/home/ryedida/.local/lib/python3.9/site-packages/sklearn/neural_network/_multilayer_perceptron.py:605: UserWarning: Got `batch_size` less than 1 or larger than sample size. It is going to be clipped
  warnings.warn(

/home/ryedida/.local/lib/python3.9/site-packages/sklearn/neural_network/_multilayer_perceptron.py:605: UserWarning: Got `batch_size` less than 1 or larger than sample size. It is going to be clipped
  warnings.warn(

/home/ryedida/.local/lib/python3.9/site-packages/sklearn/neural_network/_multilayer_perceptron.py:605: UserWarning: Got `batch_size` less than 1 or larger than sample size. It is going to be clipped
  warnings.warn(

/home/ryedida/.local/lib/python3.9/site-packages/sklearn/neural_network/_multilayer_perceptron.py:686: ConvergenceWarning: Stochastic Optimizer: Maximum iterations (200) reached and the optimization hasn't converged yet.
  warnings.warn(

/home/ryedida/.local/lib/python3.9/site-packages/sklearn/neural_network/_multilayer_perceptron.py:605: UserWarning: Got `batch_size` less than 1 or larger than sample size. It is going to be clipped
  warnings.warn(

/home/ryedida/.local/lib/python3.9/site-packages/sklearn/neural_network/_multilayer_perceptron.py:686: ConvergenceWarning: Stochastic Optimizer: Maximum iterations (200) reached and the optimization hasn't converged yet.
  warnings.warn(

computed signature: ([{'alpha': 0.019628224813442792, 'batch_size': 182, 'beta_1': 0.9410202200271762, 'beta_2': 0.9998021557676793, 'epsilon': 1.8662266976518e-08, 'hidden_layer_sizes': 147, 'learning_rate_init': 0.0005627932047415167, 'tol': 0.03690557729213761, 'validation_fraction': 0.8846827852548593}, {'alpha': 0.0019982467392329444, 'batch_size': 200, 'beta_1': 0.919111482530466, 'beta_2': 0.9998488260436156, 'epsilon': 5.981221901152555e-07, 'hidden_layer_sizes': 61, 'learning_rate_init': 2.2310905607443014e-05, 'tol': 1.2046852412030316e-05, 'validation_fraction': 0.8117896445826539}, {'alpha': 0.46659545670218433, 'batch_size': 219, 'beta_1': 0.9889789783750891, 'beta_2': 0.9999896868093284, 'epsilon': 2.4234724484675948e-08, 'hidden_layer_sizes': 167, 'learning_rate_init': 2.972334644335654e-05, 'tol': 0.0036281404040243792, 'validation_fraction': 0.17260651658522078}, {'alpha': 4.656005689076002, 'batch_size': 135, 'beta_1': 0.870503881627747, 'beta_2': 0.9948873266941017, 'epsilon': 2.1023308743480125e-07, 'hidden_layer_sizes': 118, 'learning_rate_init': 0.0018781738757161913, 'tol': 1.1889379831773004e-05, 'validation_fraction': 0.6264327093752792}, {'alpha': 0.04705159350400542, 'batch_size': 158, 'beta_1': 0.9870884262730957, 'beta_2': 0.9999596874382349, 'epsilon': 1.1981845126013875e-08, 'hidden_layer_sizes': 116, 'learning_rate_init': 0.00617340520407431, 'tol': 1.741413418158619e-05, 'validation_fraction': 0.6754299026638921}], [29083.993548572587, 29062.423277324073, 29075.78987471409, 24626.32866834337, 9584.226858493177])
Signature errors:
                              0         1         2         3         4       max
MLP-adam_diabetes_mse  0.000007  0.000008  0.000003  0.003558  0.004952  0.004952
max                    0.000007  0.000008  0.000003  0.003558  0.004952  0.004952
starting sklearn study smoothness MLP-adam diabetes mse 15 1
with data root: None
Failure in optimizer suggest. Falling back to random search.
name 'activ' is not defined
Traceback (most recent call last):
  File "/home/ryedida/.local/lib/python3.9/site-packages/bayesmark/experiment.py", line 126, in run_study
    next_points = optimizer.suggest(n_suggestions)
  File "/home/ryedida/bbo_challenge_starter_kit/example_submissions/smoothness/optimizer.py", line 109, in suggest
    betas = [self._get_smoothness_reg(guess) for guess in guesses]
  File "/home/ryedida/bbo_challenge_starter_kit/example_submissions/smoothness/optimizer.py", line 109, in <listcomp>
    betas = [self._get_smoothness_reg(guess) for guess in guesses]
  File "/home/ryedida/bbo_challenge_starter_kit/example_submissions/smoothness/optimizer.py", line 49, in _get_smoothness_reg
    if activ > Kz:
NameError: name 'activ' is not defined
suggestion time taken 0.496050 iter 0 next_points [{'alpha': 1.9151411175970998, 'batch_size': 160, 'beta_1': 0.9749959174228607, 'beta_2': 0.9595483290818491, 'epsilon': 2.5811635218876954e-09, 'hidden_layer_sizes': 153, 'learning_rate_init': 0.00017795430688624542, 'tol': 0.003612481237465527, 'validation_fraction': 0.5409297527341902}]
function_evaluation time 0.064730 value 29131.167070 suggestion {'alpha': 1.9151411175970998, 'batch_size': 160, 'beta_1': 0.9749959174228607, 'beta_2': 0.9595483290818491, 'epsilon': 2.5811635218876954e-09, 'hidden_layer_sizes': 153, 'learning_rate_init': 0.00017795430688624542, 'tol': 0.003612481237465527, 'validation_fraction': 0.5409297527341902}
observation time 0.000007, current best 29131.167070 at iter 0
Failure in optimizer suggest. Falling back to random search.
name 'activ' is not defined
Traceback (most recent call last):
  File "/home/ryedida/.local/lib/python3.9/site-packages/bayesmark/experiment.py", line 126, in run_study
    next_points = optimizer.suggest(n_suggestions)
  File "/home/ryedida/bbo_challenge_starter_kit/example_submissions/smoothness/optimizer.py", line 109, in suggest
    betas = [self._get_smoothness_reg(guess) for guess in guesses]
  File "/home/ryedida/bbo_challenge_starter_kit/example_submissions/smoothness/optimizer.py", line 109, in <listcomp>
    betas = [self._get_smoothness_reg(guess) for guess in guesses]
  File "/home/ryedida/bbo_challenge_starter_kit/example_submissions/smoothness/optimizer.py", line 49, in _get_smoothness_reg
    if activ > Kz:
NameError: name 'activ' is not defined
suggestion time taken 0.329483 iter 1 next_points [{'alpha': 0.007926846633401981, 'batch_size': 172, 'beta_1': 0.9343194465853794, 'beta_2': 0.9981364025211404, 'epsilon': 1.0271090836903716e-09, 'hidden_layer_sizes': 139, 'learning_rate_init': 2.099317102586473e-05, 'tol': 0.00025365127614010604, 'validation_fraction': 0.7138503086785108}]
/home/ryedida/.local/lib/python3.9/site-packages/sklearn/neural_network/_multilayer_perceptron.py:605: UserWarning: Got `batch_size` less than 1 or larger than sample size. It is going to be clipped
  warnings.warn(

function_evaluation time 0.056920 value 29074.179696 suggestion {'alpha': 0.007926846633401981, 'batch_size': 172, 'beta_1': 0.9343194465853794, 'beta_2': 0.9981364025211404, 'epsilon': 1.0271090836903716e-09, 'hidden_layer_sizes': 139, 'learning_rate_init': 2.099317102586473e-05, 'tol': 0.00025365127614010604, 'validation_fraction': 0.7138503086785108}
observation time 0.000005, current best 29074.179696 at iter 1
Failure in optimizer suggest. Falling back to random search.
name 'activ' is not defined
Traceback (most recent call last):
  File "/home/ryedida/.local/lib/python3.9/site-packages/bayesmark/experiment.py", line 126, in run_study
    next_points = optimizer.suggest(n_suggestions)
  File "/home/ryedida/bbo_challenge_starter_kit/example_submissions/smoothness/optimizer.py", line 109, in suggest
    betas = [self._get_smoothness_reg(guess) for guess in guesses]
  File "/home/ryedida/bbo_challenge_starter_kit/example_submissions/smoothness/optimizer.py", line 109, in <listcomp>
    betas = [self._get_smoothness_reg(guess) for guess in guesses]
  File "/home/ryedida/bbo_challenge_starter_kit/example_submissions/smoothness/optimizer.py", line 49, in _get_smoothness_reg
    if activ > Kz:
NameError: name 'activ' is not defined
suggestion time taken 0.326169 iter 2 next_points [{'alpha': 0.011166970208390114, 'batch_size': 10, 'beta_1': 0.7267278695117025, 'beta_2': 0.984839252467753, 'epsilon': 1.4070175802683228e-08, 'hidden_layer_sizes': 97, 'learning_rate_init': 0.0036131980308556984, 'tol': 0.0001144524238275506, 'validation_fraction': 0.273320005400192}]
function_evaluation time 2.391615 value 2905.758789 suggestion {'alpha': 0.011166970208390114, 'batch_size': 10, 'beta_1': 0.7267278695117025, 'beta_2': 0.984839252467753, 'epsilon': 1.4070175802683228e-08, 'hidden_layer_sizes': 97, 'learning_rate_init': 0.0036131980308556984, 'tol': 0.0001144524238275506, 'validation_fraction': 0.273320005400192}
observation time 0.000005, current best 2905.758789 at iter 2
Failure in optimizer suggest. Falling back to random search.
name 'activ' is not defined
Traceback (most recent call last):
  File "/home/ryedida/.local/lib/python3.9/site-packages/bayesmark/experiment.py", line 126, in run_study
    next_points = optimizer.suggest(n_suggestions)
  File "/home/ryedida/bbo_challenge_starter_kit/example_submissions/smoothness/optimizer.py", line 109, in suggest
    betas = [self._get_smoothness_reg(guess) for guess in guesses]
  File "/home/ryedida/bbo_challenge_starter_kit/example_submissions/smoothness/optimizer.py", line 109, in <listcomp>
    betas = [self._get_smoothness_reg(guess) for guess in guesses]
  File "/home/ryedida/bbo_challenge_starter_kit/example_submissions/smoothness/optimizer.py", line 49, in _get_smoothness_reg
    if activ > Kz:
NameError: name 'activ' is not defined
suggestion time taken 0.325171 iter 3 next_points [{'alpha': 0.020106909547836446, 'batch_size': 237, 'beta_1': 0.9349970640380221, 'beta_2': 0.9672754360245814, 'epsilon': 3.123627115829107e-07, 'hidden_layer_sizes': 191, 'learning_rate_init': 0.01778241066962317, 'tol': 0.001252954274706737, 'validation_fraction': 0.2644247855038643}]
function_evaluation time 0.517170 value 4053.263806 suggestion {'alpha': 0.020106909547836446, 'batch_size': 237, 'beta_1': 0.9349970640380221, 'beta_2': 0.9672754360245814, 'epsilon': 3.123627115829107e-07, 'hidden_layer_sizes': 191, 'learning_rate_init': 0.01778241066962317, 'tol': 0.001252954274706737, 'validation_fraction': 0.2644247855038643}
observation time 0.000005, current best 2905.758789 at iter 3
Failure in optimizer suggest. Falling back to random search.
name 'activ' is not defined
Traceback (most recent call last):
  File "/home/ryedida/.local/lib/python3.9/site-packages/bayesmark/experiment.py", line 126, in run_study
    next_points = optimizer.suggest(n_suggestions)
  File "/home/ryedida/bbo_challenge_starter_kit/example_submissions/smoothness/optimizer.py", line 109, in suggest
    betas = [self._get_smoothness_reg(guess) for guess in guesses]
  File "/home/ryedida/bbo_challenge_starter_kit/example_submissions/smoothness/optimizer.py", line 109, in <listcomp>
    betas = [self._get_smoothness_reg(guess) for guess in guesses]
  File "/home/ryedida/bbo_challenge_starter_kit/example_submissions/smoothness/optimizer.py", line 49, in _get_smoothness_reg
    if activ > Kz:
NameError: name 'activ' is not defined
suggestion time taken 0.338668 iter 4 next_points [{'alpha': 1.6667539068199616e-05, 'batch_size': 245, 'beta_1': 0.9682968390937075, 'beta_2': 0.9999964892907377, 'epsilon': 3.982025719553152e-08, 'hidden_layer_sizes': 180, 'learning_rate_init': 0.0011104160742393615, 'tol': 0.08624141180039346, 'validation_fraction': 0.6415867355032203}]
/home/ryedida/.local/lib/python3.9/site-packages/sklearn/neural_network/_multilayer_perceptron.py:605: UserWarning: Got `batch_size` less than 1 or larger than sample size. It is going to be clipped
  warnings.warn(

function_evaluation time 0.062369 value 29074.409035 suggestion {'alpha': 1.6667539068199616e-05, 'batch_size': 245, 'beta_1': 0.9682968390937075, 'beta_2': 0.9999964892907377, 'epsilon': 3.982025719553152e-08, 'hidden_layer_sizes': 180, 'learning_rate_init': 0.0011104160742393615, 'tol': 0.08624141180039346, 'validation_fraction': 0.6415867355032203}
observation time 0.000005, current best 2905.758789 at iter 4
Failure in optimizer suggest. Falling back to random search.
name 'activ' is not defined
Traceback (most recent call last):
  File "/home/ryedida/.local/lib/python3.9/site-packages/bayesmark/experiment.py", line 126, in run_study
    next_points = optimizer.suggest(n_suggestions)
  File "/home/ryedida/bbo_challenge_starter_kit/example_submissions/smoothness/optimizer.py", line 109, in suggest
    betas = [self._get_smoothness_reg(guess) for guess in guesses]
  File "/home/ryedida/bbo_challenge_starter_kit/example_submissions/smoothness/optimizer.py", line 109, in <listcomp>
    betas = [self._get_smoothness_reg(guess) for guess in guesses]
  File "/home/ryedida/bbo_challenge_starter_kit/example_submissions/smoothness/optimizer.py", line 49, in _get_smoothness_reg
    if activ > Kz:
NameError: name 'activ' is not defined
suggestion time taken 0.328803 iter 5 next_points [{'alpha': 0.003715849934106411, 'batch_size': 119, 'beta_1': 0.5061869658056669, 'beta_2': 0.9933237555624729, 'epsilon': 3.6426450762536577e-09, 'hidden_layer_sizes': 167, 'learning_rate_init': 0.008683597370425138, 'tol': 0.0021113243144746507, 'validation_fraction': 0.7451300469658287}]
/home/ryedida/.local/lib/python3.9/site-packages/sklearn/neural_network/_multilayer_perceptron.py:605: UserWarning: Got `batch_size` less than 1 or larger than sample size. It is going to be clipped
  warnings.warn(

function_evaluation time 0.634658 value 3732.726303 suggestion {'alpha': 0.003715849934106411, 'batch_size': 119, 'beta_1': 0.5061869658056669, 'beta_2': 0.9933237555624729, 'epsilon': 3.6426450762536577e-09, 'hidden_layer_sizes': 167, 'learning_rate_init': 0.008683597370425138, 'tol': 0.0021113243144746507, 'validation_fraction': 0.7451300469658287}
observation time 0.000005, current best 2905.758789 at iter 5
Failure in optimizer suggest. Falling back to random search.
name 'activ' is not defined
Traceback (most recent call last):
  File "/home/ryedida/.local/lib/python3.9/site-packages/bayesmark/experiment.py", line 126, in run_study
    next_points = optimizer.suggest(n_suggestions)
  File "/home/ryedida/bbo_challenge_starter_kit/example_submissions/smoothness/optimizer.py", line 109, in suggest
    betas = [self._get_smoothness_reg(guess) for guess in guesses]
  File "/home/ryedida/bbo_challenge_starter_kit/example_submissions/smoothness/optimizer.py", line 109, in <listcomp>
    betas = [self._get_smoothness_reg(guess) for guess in guesses]
  File "/home/ryedida/bbo_challenge_starter_kit/example_submissions/smoothness/optimizer.py", line 49, in _get_smoothness_reg
    if activ > Kz:
NameError: name 'activ' is not defined
suggestion time taken 0.330329 iter 6 next_points [{'alpha': 0.0002577788570124154, 'batch_size': 104, 'beta_1': 0.9312788454457588, 'beta_2': 0.9986585750799261, 'epsilon': 6.800797008854527e-07, 'hidden_layer_sizes': 81, 'learning_rate_init': 3.206327290600061e-05, 'tol': 4.041526663719922e-05, 'validation_fraction': 0.3366448766325182}]
/home/ryedida/.local/lib/python3.9/site-packages/sklearn/neural_network/_multilayer_perceptron.py:686: ConvergenceWarning: Stochastic Optimizer: Maximum iterations (200) reached and the optimization hasn't converged yet.
  warnings.warn(

function_evaluation time 0.540339 value 29112.646724 suggestion {'alpha': 0.0002577788570124154, 'batch_size': 104, 'beta_1': 0.9312788454457588, 'beta_2': 0.9986585750799261, 'epsilon': 6.800797008854527e-07, 'hidden_layer_sizes': 81, 'learning_rate_init': 3.206327290600061e-05, 'tol': 4.041526663719922e-05, 'validation_fraction': 0.3366448766325182}
observation time 0.000006, current best 2905.758789 at iter 6
Failure in optimizer suggest. Falling back to random search.
name 'activ' is not defined
Traceback (most recent call last):
  File "/home/ryedida/.local/lib/python3.9/site-packages/bayesmark/experiment.py", line 126, in run_study
    next_points = optimizer.suggest(n_suggestions)
  File "/home/ryedida/bbo_challenge_starter_kit/example_submissions/smoothness/optimizer.py", line 109, in suggest
    betas = [self._get_smoothness_reg(guess) for guess in guesses]
  File "/home/ryedida/bbo_challenge_starter_kit/example_submissions/smoothness/optimizer.py", line 109, in <listcomp>
    betas = [self._get_smoothness_reg(guess) for guess in guesses]
  File "/home/ryedida/bbo_challenge_starter_kit/example_submissions/smoothness/optimizer.py", line 49, in _get_smoothness_reg
    if activ > Kz:
NameError: name 'activ' is not defined
suggestion time taken 0.460977 iter 7 next_points [{'alpha': 0.0182944697393776, 'batch_size': 96, 'beta_1': 0.8492159504007865, 'beta_2': 0.9999814721324756, 'epsilon': 3.055481770799825e-09, 'hidden_layer_sizes': 128, 'learning_rate_init': 2.342154580117014e-05, 'tol': 0.003240761287208528, 'validation_fraction': 0.23124622437649497}]
function_evaluation time 0.090773 value 29091.337815 suggestion {'alpha': 0.0182944697393776, 'batch_size': 96, 'beta_1': 0.8492159504007865, 'beta_2': 0.9999814721324756, 'epsilon': 3.055481770799825e-09, 'hidden_layer_sizes': 128, 'learning_rate_init': 2.342154580117014e-05, 'tol': 0.003240761287208528, 'validation_fraction': 0.23124622437649497}
observation time 0.000005, current best 2905.758789 at iter 7
Failure in optimizer suggest. Falling back to random search.
name 'activ' is not defined
Traceback (most recent call last):
  File "/home/ryedida/.local/lib/python3.9/site-packages/bayesmark/experiment.py", line 126, in run_study
    next_points = optimizer.suggest(n_suggestions)
  File "/home/ryedida/bbo_challenge_starter_kit/example_submissions/smoothness/optimizer.py", line 109, in suggest
    betas = [self._get_smoothness_reg(guess) for guess in guesses]
  File "/home/ryedida/bbo_challenge_starter_kit/example_submissions/smoothness/optimizer.py", line 109, in <listcomp>
    betas = [self._get_smoothness_reg(guess) for guess in guesses]
  File "/home/ryedida/bbo_challenge_starter_kit/example_submissions/smoothness/optimizer.py", line 49, in _get_smoothness_reg
    if activ > Kz:
NameError: name 'activ' is not defined
suggestion time taken 0.338000 iter 8 next_points [{'alpha': 0.001024414918919905, 'batch_size': 40, 'beta_1': 0.9494890814623053, 'beta_2': 0.9995718089802719, 'epsilon': 1.7783778696485948e-08, 'hidden_layer_sizes': 129, 'learning_rate_init': 0.0008173743177184577, 'tol': 0.008166858374681698, 'validation_fraction': 0.32838278328008996}]
function_evaluation time 0.110159 value 28837.070324 suggestion {'alpha': 0.001024414918919905, 'batch_size': 40, 'beta_1': 0.9494890814623053, 'beta_2': 0.9995718089802719, 'epsilon': 1.7783778696485948e-08, 'hidden_layer_sizes': 129, 'learning_rate_init': 0.0008173743177184577, 'tol': 0.008166858374681698, 'validation_fraction': 0.32838278328008996}
observation time 0.000006, current best 2905.758789 at iter 8
Failure in optimizer suggest. Falling back to random search.
name 'activ' is not defined
Traceback (most recent call last):
  File "/home/ryedida/.local/lib/python3.9/site-packages/bayesmark/experiment.py", line 126, in run_study
    next_points = optimizer.suggest(n_suggestions)
  File "/home/ryedida/bbo_challenge_starter_kit/example_submissions/smoothness/optimizer.py", line 109, in suggest
    betas = [self._get_smoothness_reg(guess) for guess in guesses]
  File "/home/ryedida/bbo_challenge_starter_kit/example_submissions/smoothness/optimizer.py", line 109, in <listcomp>
    betas = [self._get_smoothness_reg(guess) for guess in guesses]
  File "/home/ryedida/bbo_challenge_starter_kit/example_submissions/smoothness/optimizer.py", line 49, in _get_smoothness_reg
    if activ > Kz:
NameError: name 'activ' is not defined
suggestion time taken 0.322742 iter 9 next_points [{'alpha': 0.0026438266439934165, 'batch_size': 208, 'beta_1': 0.6378061078667783, 'beta_2': 0.9999781216464092, 'epsilon': 2.682397418235129e-07, 'hidden_layer_sizes': 170, 'learning_rate_init': 0.0005241659536487843, 'tol': 7.308981037115953e-05, 'validation_fraction': 0.12442579246754829}]
/home/ryedida/.local/lib/python3.9/site-packages/sklearn/neural_network/_multilayer_perceptron.py:686: ConvergenceWarning: Stochastic Optimizer: Maximum iterations (200) reached and the optimization hasn't converged yet.
  warnings.warn(

function_evaluation time 1.352170 value 26176.571464 suggestion {'alpha': 0.0026438266439934165, 'batch_size': 208, 'beta_1': 0.6378061078667783, 'beta_2': 0.9999781216464092, 'epsilon': 2.682397418235129e-07, 'hidden_layer_sizes': 170, 'learning_rate_init': 0.0005241659536487843, 'tol': 7.308981037115953e-05, 'validation_fraction': 0.12442579246754829}
observation time 0.000006, current best 2905.758789 at iter 9
Failure in optimizer suggest. Falling back to random search.
name 'activ' is not defined
Traceback (most recent call last):
  File "/home/ryedida/.local/lib/python3.9/site-packages/bayesmark/experiment.py", line 126, in run_study
    next_points = optimizer.suggest(n_suggestions)
  File "/home/ryedida/bbo_challenge_starter_kit/example_submissions/smoothness/optimizer.py", line 109, in suggest
    betas = [self._get_smoothness_reg(guess) for guess in guesses]
  File "/home/ryedida/bbo_challenge_starter_kit/example_submissions/smoothness/optimizer.py", line 109, in <listcomp>
    betas = [self._get_smoothness_reg(guess) for guess in guesses]
  File "/home/ryedida/bbo_challenge_starter_kit/example_submissions/smoothness/optimizer.py", line 49, in _get_smoothness_reg
    if activ > Kz:
NameError: name 'activ' is not defined
suggestion time taken 0.322914 iter 10 next_points [{'alpha': 0.26930664454502873, 'batch_size': 191, 'beta_1': 0.9490528485048524, 'beta_2': 0.9997177106610762, 'epsilon': 1.3249078727461903e-07, 'hidden_layer_sizes': 137, 'learning_rate_init': 1.4223104352988223e-05, 'tol': 0.006343098074976908, 'validation_fraction': 0.15615524818725715}]
function_evaluation time 0.084011 value 29113.856868 suggestion {'alpha': 0.26930664454502873, 'batch_size': 191, 'beta_1': 0.9490528485048524, 'beta_2': 0.9997177106610762, 'epsilon': 1.3249078727461903e-07, 'hidden_layer_sizes': 137, 'learning_rate_init': 1.4223104352988223e-05, 'tol': 0.006343098074976908, 'validation_fraction': 0.15615524818725715}
observation time 0.000005, current best 2905.758789 at iter 10
Failure in optimizer suggest. Falling back to random search.
name 'activ' is not defined
Traceback (most recent call last):
  File "/home/ryedida/.local/lib/python3.9/site-packages/bayesmark/experiment.py", line 126, in run_study
    next_points = optimizer.suggest(n_suggestions)
  File "/home/ryedida/bbo_challenge_starter_kit/example_submissions/smoothness/optimizer.py", line 109, in suggest
    betas = [self._get_smoothness_reg(guess) for guess in guesses]
  File "/home/ryedida/bbo_challenge_starter_kit/example_submissions/smoothness/optimizer.py", line 109, in <listcomp>
    betas = [self._get_smoothness_reg(guess) for guess in guesses]
  File "/home/ryedida/bbo_challenge_starter_kit/example_submissions/smoothness/optimizer.py", line 49, in _get_smoothness_reg
    if activ > Kz:
NameError: name 'activ' is not defined
suggestion time taken 0.322988 iter 11 next_points [{'alpha': 0.06346803975052505, 'batch_size': 134, 'beta_1': 0.9852255438237716, 'beta_2': 0.9998658804962105, 'epsilon': 1.0625519878668557e-09, 'hidden_layer_sizes': 106, 'learning_rate_init': 0.008357632265812449, 'tol': 0.00043163846939657475, 'validation_fraction': 0.5323030912328383}]
function_evaluation time 0.722349 value 4936.060941 suggestion {'alpha': 0.06346803975052505, 'batch_size': 134, 'beta_1': 0.9852255438237716, 'beta_2': 0.9998658804962105, 'epsilon': 1.0625519878668557e-09, 'hidden_layer_sizes': 106, 'learning_rate_init': 0.008357632265812449, 'tol': 0.00043163846939657475, 'validation_fraction': 0.5323030912328383}
observation time 0.000005, current best 2905.758789 at iter 11
Failure in optimizer suggest. Falling back to random search.
name 'activ' is not defined
Traceback (most recent call last):
  File "/home/ryedida/.local/lib/python3.9/site-packages/bayesmark/experiment.py", line 126, in run_study
    next_points = optimizer.suggest(n_suggestions)
  File "/home/ryedida/bbo_challenge_starter_kit/example_submissions/smoothness/optimizer.py", line 109, in suggest
    betas = [self._get_smoothness_reg(guess) for guess in guesses]
  File "/home/ryedida/bbo_challenge_starter_kit/example_submissions/smoothness/optimizer.py", line 109, in <listcomp>
    betas = [self._get_smoothness_reg(guess) for guess in guesses]
  File "/home/ryedida/bbo_challenge_starter_kit/example_submissions/smoothness/optimizer.py", line 49, in _get_smoothness_reg
    if activ > Kz:
NameError: name 'activ' is not defined
suggestion time taken 0.327621 iter 12 next_points [{'alpha': 0.0045203709046404, 'batch_size': 154, 'beta_1': 0.8761326979827114, 'beta_2': 0.9982323079951056, 'epsilon': 7.736263787150988e-07, 'hidden_layer_sizes': 60, 'learning_rate_init': 0.007931092008589682, 'tol': 1.4997279913679809e-05, 'validation_fraction': 0.7779191856332801}]
/home/ryedida/.local/lib/python3.9/site-packages/sklearn/neural_network/_multilayer_perceptron.py:605: UserWarning: Got `batch_size` less than 1 or larger than sample size. It is going to be clipped
  warnings.warn(

/home/ryedida/.local/lib/python3.9/site-packages/sklearn/neural_network/_multilayer_perceptron.py:686: ConvergenceWarning: Stochastic Optimizer: Maximum iterations (200) reached and the optimization hasn't converged yet.
  warnings.warn(

function_evaluation time 0.576000 value 6020.247566 suggestion {'alpha': 0.0045203709046404, 'batch_size': 154, 'beta_1': 0.8761326979827114, 'beta_2': 0.9982323079951056, 'epsilon': 7.736263787150988e-07, 'hidden_layer_sizes': 60, 'learning_rate_init': 0.007931092008589682, 'tol': 1.4997279913679809e-05, 'validation_fraction': 0.7779191856332801}
observation time 0.000005, current best 2905.758789 at iter 12
Failure in optimizer suggest. Falling back to random search.
name 'activ' is not defined
Traceback (most recent call last):
  File "/home/ryedida/.local/lib/python3.9/site-packages/bayesmark/experiment.py", line 126, in run_study
    next_points = optimizer.suggest(n_suggestions)
  File "/home/ryedida/bbo_challenge_starter_kit/example_submissions/smoothness/optimizer.py", line 109, in suggest
    betas = [self._get_smoothness_reg(guess) for guess in guesses]
  File "/home/ryedida/bbo_challenge_starter_kit/example_submissions/smoothness/optimizer.py", line 109, in <listcomp>
    betas = [self._get_smoothness_reg(guess) for guess in guesses]
  File "/home/ryedida/bbo_challenge_starter_kit/example_submissions/smoothness/optimizer.py", line 49, in _get_smoothness_reg
    if activ > Kz:
NameError: name 'activ' is not defined
suggestion time taken 0.325532 iter 13 next_points [{'alpha': 0.014501052504169347, 'batch_size': 145, 'beta_1': 0.723420730462779, 'beta_2': 0.9999973148255346, 'epsilon': 7.329130803207262e-09, 'hidden_layer_sizes': 71, 'learning_rate_init': 0.0008971274034971543, 'tol': 0.0019576299136660185, 'validation_fraction': 0.5273993112338143}]
function_evaluation time 0.051981 value 29095.278930 suggestion {'alpha': 0.014501052504169347, 'batch_size': 145, 'beta_1': 0.723420730462779, 'beta_2': 0.9999973148255346, 'epsilon': 7.329130803207262e-09, 'hidden_layer_sizes': 71, 'learning_rate_init': 0.0008971274034971543, 'tol': 0.0019576299136660185, 'validation_fraction': 0.5273993112338143}
observation time 0.000006, current best 2905.758789 at iter 13
Failure in optimizer suggest. Falling back to random search.
name 'activ' is not defined
Traceback (most recent call last):
  File "/home/ryedida/.local/lib/python3.9/site-packages/bayesmark/experiment.py", line 126, in run_study
    next_points = optimizer.suggest(n_suggestions)
  File "/home/ryedida/bbo_challenge_starter_kit/example_submissions/smoothness/optimizer.py", line 109, in suggest
    betas = [self._get_smoothness_reg(guess) for guess in guesses]
  File "/home/ryedida/bbo_challenge_starter_kit/example_submissions/smoothness/optimizer.py", line 109, in <listcomp>
    betas = [self._get_smoothness_reg(guess) for guess in guesses]
  File "/home/ryedida/bbo_challenge_starter_kit/example_submissions/smoothness/optimizer.py", line 49, in _get_smoothness_reg
    if activ > Kz:
NameError: name 'activ' is not defined
suggestion time taken 0.351489 iter 14 next_points [{'alpha': 0.010232817004397144, 'batch_size': 197, 'beta_1': 0.8069562827946392, 'beta_2': 0.9999943269479367, 'epsilon': 2.771526179661506e-09, 'hidden_layer_sizes': 59, 'learning_rate_init': 0.002877595135727344, 'tol': 0.01701218751165857, 'validation_fraction': 0.32922286534282563}]
function_evaluation time 0.051909 value 28998.128465 suggestion {'alpha': 0.010232817004397144, 'batch_size': 197, 'beta_1': 0.8069562827946392, 'beta_2': 0.9999943269479367, 'epsilon': 2.771526179661506e-09, 'hidden_layer_sizes': 59, 'learning_rate_init': 0.002877595135727344, 'tol': 0.01701218751165857, 'validation_fraction': 0.32922286534282563}
observation time 0.000005, current best 2905.758789 at iter 14
saving meta data: {'args': {'--uuid': '446d86585ffe5cad969563b67c6ebedf', '-db-root': '/home/ryedida/bbo_challenge_starter_kit/output', '--opt-root': '/home/ryedida/bbo_challenge_starter_kit/example_submissions', '--data-root': None, '--db': 'run_20230427_004608', '--opt': 'smoothness', '--data': 'diabetes', '--classifier': 'MLP-adam', '--metric': 'mse', '--calls': 15, '--suggestions': 1, '--jobs-file': None, '--verbose': False, 'dry_run': False, 'rev': 'a376313', 'opt_rev': 'x.x.x'}, 'signature': ([{'alpha': 0.019628224813442792, 'batch_size': 182, 'beta_1': 0.9410202200271762, 'beta_2': 0.9998021557676793, 'epsilon': 1.8662266976518e-08, 'hidden_layer_sizes': 147, 'learning_rate_init': 0.0005627932047415167, 'tol': 0.03690557729213761, 'validation_fraction': 0.8846827852548593}, {'alpha': 0.0019982467392329444, 'batch_size': 200, 'beta_1': 0.919111482530466, 'beta_2': 0.9998488260436156, 'epsilon': 5.981221901152555e-07, 'hidden_layer_sizes': 61, 'learning_rate_init': 2.2310905607443014e-05, 'tol': 1.2046852412030316e-05, 'validation_fraction': 0.8117896445826539}, {'alpha': 0.46659545670218433, 'batch_size': 219, 'beta_1': 0.9889789783750891, 'beta_2': 0.9999896868093284, 'epsilon': 2.4234724484675948e-08, 'hidden_layer_sizes': 167, 'learning_rate_init': 2.972334644335654e-05, 'tol': 0.0036281404040243792, 'validation_fraction': 0.17260651658522078}, {'alpha': 4.656005689076002, 'batch_size': 135, 'beta_1': 0.870503881627747, 'beta_2': 0.9948873266941017, 'epsilon': 2.1023308743480125e-07, 'hidden_layer_sizes': 118, 'learning_rate_init': 0.0018781738757161913, 'tol': 1.1889379831773004e-05, 'validation_fraction': 0.6264327093752792}, {'alpha': 0.04705159350400542, 'batch_size': 158, 'beta_1': 0.9870884262730957, 'beta_2': 0.9999596874382349, 'epsilon': 1.1981845126013875e-08, 'hidden_layer_sizes': 116, 'learning_rate_init': 0.00617340520407431, 'tol': 1.741413418158619e-05, 'validation_fraction': 0.6754299026638921}], [29083.993548572587, 29062.423277324073, 29075.78987471409, 24626.32866834337, 9584.226858493177])}
saving results
saving timing
saving suggest log
done
