running: {'--uuid': '45c5803593c75922b15e190cc6bb9bc0', '-db-root': '/home/ryedida/bbo_challenge_starter_kit/output', '--opt-root': '/home/ryedida/bbo_challenge_starter_kit/example_submissions', '--data-root': None, '--db': 'run_20230427_004608', '--opt': 'smoothness', '--data': 'diabetes', '--classifier': 'MLP-adam', '--metric': 'mse', '--calls': 15, '--suggestions': 1, '--jobs-file': None, '--verbose': False, 'dry_run': False, 'rev': 'a376313', 'opt_rev': 'x.x.x'}
cmd: python smoothness/optimizer.py -c MLP-adam -d diabetes -o smoothness -u 45c5803593c75922b15e190cc6bb9bc0 -m mse -n 15 -p 1 -dir /home/ryedida/bbo_challenge_starter_kit/output -b run_20230427_004608
/home/ryedida/.local/lib/python3.9/site-packages/sklearn/neural_network/_multilayer_perceptron.py:605: UserWarning: Got `batch_size` less than 1 or larger than sample size. It is going to be clipped
  warnings.warn(

/home/ryedida/.local/lib/python3.9/site-packages/sklearn/neural_network/_multilayer_perceptron.py:605: UserWarning: Got `batch_size` less than 1 or larger than sample size. It is going to be clipped
  warnings.warn(

/home/ryedida/.local/lib/python3.9/site-packages/sklearn/neural_network/_multilayer_perceptron.py:605: UserWarning: Got `batch_size` less than 1 or larger than sample size. It is going to be clipped
  warnings.warn(

/home/ryedida/.local/lib/python3.9/site-packages/sklearn/neural_network/_multilayer_perceptron.py:686: ConvergenceWarning: Stochastic Optimizer: Maximum iterations (200) reached and the optimization hasn't converged yet.
  warnings.warn(

/home/ryedida/.local/lib/python3.9/site-packages/sklearn/neural_network/_multilayer_perceptron.py:605: UserWarning: Got `batch_size` less than 1 or larger than sample size. It is going to be clipped
  warnings.warn(

/home/ryedida/.local/lib/python3.9/site-packages/sklearn/neural_network/_multilayer_perceptron.py:686: ConvergenceWarning: Stochastic Optimizer: Maximum iterations (200) reached and the optimization hasn't converged yet.
  warnings.warn(

computed signature: ([{'alpha': 0.019628224813442792, 'batch_size': 182, 'beta_1': 0.9410202200271762, 'beta_2': 0.9998021557676793, 'epsilon': 1.8662266976518e-08, 'hidden_layer_sizes': 147, 'learning_rate_init': 0.0005627932047415167, 'tol': 0.03690557729213761, 'validation_fraction': 0.8846827852548593}, {'alpha': 0.0019982467392329444, 'batch_size': 200, 'beta_1': 0.919111482530466, 'beta_2': 0.9998488260436156, 'epsilon': 5.981221901152555e-07, 'hidden_layer_sizes': 61, 'learning_rate_init': 2.2310905607443014e-05, 'tol': 1.2046852412030316e-05, 'validation_fraction': 0.8117896445826539}, {'alpha': 0.46659545670218433, 'batch_size': 219, 'beta_1': 0.9889789783750891, 'beta_2': 0.9999896868093284, 'epsilon': 2.4234724484675948e-08, 'hidden_layer_sizes': 167, 'learning_rate_init': 2.972334644335654e-05, 'tol': 0.0036281404040243792, 'validation_fraction': 0.17260651658522078}, {'alpha': 4.656005689076002, 'batch_size': 135, 'beta_1': 0.870503881627747, 'beta_2': 0.9948873266941017, 'epsilon': 2.1023308743480125e-07, 'hidden_layer_sizes': 118, 'learning_rate_init': 0.0018781738757161913, 'tol': 1.1889379831773004e-05, 'validation_fraction': 0.6264327093752792}, {'alpha': 0.04705159350400542, 'batch_size': 158, 'beta_1': 0.9870884262730957, 'beta_2': 0.9999596874382349, 'epsilon': 1.1981845126013875e-08, 'hidden_layer_sizes': 116, 'learning_rate_init': 0.00617340520407431, 'tol': 1.741413418158619e-05, 'validation_fraction': 0.6754299026638921}], [29083.993548572587, 29062.423277324073, 29075.78987471409, 24626.32866834337, 9584.226858493177])
Signature errors:
                              0         1         2         3         4       max
MLP-adam_diabetes_mse  0.000007  0.000008  0.000003  0.003558  0.004952  0.004952
max                    0.000007  0.000008  0.000003  0.003558  0.004952  0.004952
starting sklearn study smoothness MLP-adam diabetes mse 15 1
with data root: None
Failure in optimizer suggest. Falling back to random search.
name 'activ' is not defined
Traceback (most recent call last):
  File "/home/ryedida/.local/lib/python3.9/site-packages/bayesmark/experiment.py", line 126, in run_study
    next_points = optimizer.suggest(n_suggestions)
  File "/home/ryedida/bbo_challenge_starter_kit/example_submissions/smoothness/optimizer.py", line 109, in suggest
    betas = [self._get_smoothness_reg(guess) for guess in guesses]
  File "/home/ryedida/bbo_challenge_starter_kit/example_submissions/smoothness/optimizer.py", line 109, in <listcomp>
    betas = [self._get_smoothness_reg(guess) for guess in guesses]
  File "/home/ryedida/bbo_challenge_starter_kit/example_submissions/smoothness/optimizer.py", line 49, in _get_smoothness_reg
    if activ > Kz:
NameError: name 'activ' is not defined
suggestion time taken 0.494552 iter 0 next_points [{'alpha': 0.3769613855603891, 'batch_size': 228, 'beta_1': 0.8708113174109097, 'beta_2': 0.995831245720595, 'epsilon': 1.6167466635746696e-07, 'hidden_layer_sizes': 186, 'learning_rate_init': 0.062300554315074363, 'tol': 0.0005158459861465925, 'validation_fraction': 0.3702790895233463}]
/home/ryedida/.local/lib/python3.9/site-packages/sklearn/neural_network/_multilayer_perceptron.py:605: UserWarning: Got `batch_size` less than 1 or larger than sample size. It is going to be clipped
  warnings.warn(

function_evaluation time 0.372454 value 3012.959151 suggestion {'alpha': 0.3769613855603891, 'batch_size': 228, 'beta_1': 0.8708113174109097, 'beta_2': 0.995831245720595, 'epsilon': 1.6167466635746696e-07, 'hidden_layer_sizes': 186, 'learning_rate_init': 0.062300554315074363, 'tol': 0.0005158459861465925, 'validation_fraction': 0.3702790895233463}
observation time 0.000007, current best 3012.959151 at iter 0
Failure in optimizer suggest. Falling back to random search.
name 'activ' is not defined
Traceback (most recent call last):
  File "/home/ryedida/.local/lib/python3.9/site-packages/bayesmark/experiment.py", line 126, in run_study
    next_points = optimizer.suggest(n_suggestions)
  File "/home/ryedida/bbo_challenge_starter_kit/example_submissions/smoothness/optimizer.py", line 109, in suggest
    betas = [self._get_smoothness_reg(guess) for guess in guesses]
  File "/home/ryedida/bbo_challenge_starter_kit/example_submissions/smoothness/optimizer.py", line 109, in <listcomp>
    betas = [self._get_smoothness_reg(guess) for guess in guesses]
  File "/home/ryedida/bbo_challenge_starter_kit/example_submissions/smoothness/optimizer.py", line 49, in _get_smoothness_reg
    if activ > Kz:
NameError: name 'activ' is not defined
suggestion time taken 0.330881 iter 1 next_points [{'alpha': 0.8127998171980553, 'batch_size': 51, 'beta_1': 0.794524612552807, 'beta_2': 0.9990667711141541, 'epsilon': 1.05298146781263e-07, 'hidden_layer_sizes': 181, 'learning_rate_init': 0.00019678963895602056, 'tol': 0.0060404895662242615, 'validation_fraction': 0.1513874754403577}]
function_evaluation time 0.133843 value 29022.406706 suggestion {'alpha': 0.8127998171980553, 'batch_size': 51, 'beta_1': 0.794524612552807, 'beta_2': 0.9990667711141541, 'epsilon': 1.05298146781263e-07, 'hidden_layer_sizes': 181, 'learning_rate_init': 0.00019678963895602056, 'tol': 0.0060404895662242615, 'validation_fraction': 0.1513874754403577}
observation time 0.000005, current best 3012.959151 at iter 1
Failure in optimizer suggest. Falling back to random search.
name 'activ' is not defined
Traceback (most recent call last):
  File "/home/ryedida/.local/lib/python3.9/site-packages/bayesmark/experiment.py", line 126, in run_study
    next_points = optimizer.suggest(n_suggestions)
  File "/home/ryedida/bbo_challenge_starter_kit/example_submissions/smoothness/optimizer.py", line 109, in suggest
    betas = [self._get_smoothness_reg(guess) for guess in guesses]
  File "/home/ryedida/bbo_challenge_starter_kit/example_submissions/smoothness/optimizer.py", line 109, in <listcomp>
    betas = [self._get_smoothness_reg(guess) for guess in guesses]
  File "/home/ryedida/bbo_challenge_starter_kit/example_submissions/smoothness/optimizer.py", line 49, in _get_smoothness_reg
    if activ > Kz:
NameError: name 'activ' is not defined
suggestion time taken 0.331263 iter 2 next_points [{'alpha': 0.0019580427815563822, 'batch_size': 193, 'beta_1': 0.520838710260644, 'beta_2': 0.9999983538772835, 'epsilon': 2.8064838462818376e-09, 'hidden_layer_sizes': 51, 'learning_rate_init': 0.006299072107701328, 'tol': 0.04985399960165084, 'validation_fraction': 0.25899479473935144}]
function_evaluation time 0.065023 value 28537.809637 suggestion {'alpha': 0.0019580427815563822, 'batch_size': 193, 'beta_1': 0.520838710260644, 'beta_2': 0.9999983538772835, 'epsilon': 2.8064838462818376e-09, 'hidden_layer_sizes': 51, 'learning_rate_init': 0.006299072107701328, 'tol': 0.04985399960165084, 'validation_fraction': 0.25899479473935144}
observation time 0.000004, current best 3012.959151 at iter 2
Failure in optimizer suggest. Falling back to random search.
name 'activ' is not defined
Traceback (most recent call last):
  File "/home/ryedida/.local/lib/python3.9/site-packages/bayesmark/experiment.py", line 126, in run_study
    next_points = optimizer.suggest(n_suggestions)
  File "/home/ryedida/bbo_challenge_starter_kit/example_submissions/smoothness/optimizer.py", line 109, in suggest
    betas = [self._get_smoothness_reg(guess) for guess in guesses]
  File "/home/ryedida/bbo_challenge_starter_kit/example_submissions/smoothness/optimizer.py", line 109, in <listcomp>
    betas = [self._get_smoothness_reg(guess) for guess in guesses]
  File "/home/ryedida/bbo_challenge_starter_kit/example_submissions/smoothness/optimizer.py", line 49, in _get_smoothness_reg
    if activ > Kz:
NameError: name 'activ' is not defined
suggestion time taken 0.329263 iter 3 next_points [{'alpha': 2.5225408312936647e-05, 'batch_size': 183, 'beta_1': 0.8532081126006261, 'beta_2': 0.9924073048289863, 'epsilon': 1.9465434646704052e-08, 'hidden_layer_sizes': 135, 'learning_rate_init': 2.1604940547388445e-05, 'tol': 0.05584460922130172, 'validation_fraction': 0.5283494850200993}]
/home/ryedida/.local/lib/python3.9/site-packages/sklearn/neural_network/_multilayer_perceptron.py:605: UserWarning: Got `batch_size` less than 1 or larger than sample size. It is going to be clipped
  warnings.warn(

function_evaluation time 0.060105 value 29064.378154 suggestion {'alpha': 2.5225408312936647e-05, 'batch_size': 183, 'beta_1': 0.8532081126006261, 'beta_2': 0.9924073048289863, 'epsilon': 1.9465434646704052e-08, 'hidden_layer_sizes': 135, 'learning_rate_init': 2.1604940547388445e-05, 'tol': 0.05584460922130172, 'validation_fraction': 0.5283494850200993}
observation time 0.000006, current best 3012.959151 at iter 3
Failure in optimizer suggest. Falling back to random search.
name 'activ' is not defined
Traceback (most recent call last):
  File "/home/ryedida/.local/lib/python3.9/site-packages/bayesmark/experiment.py", line 126, in run_study
    next_points = optimizer.suggest(n_suggestions)
  File "/home/ryedida/bbo_challenge_starter_kit/example_submissions/smoothness/optimizer.py", line 109, in suggest
    betas = [self._get_smoothness_reg(guess) for guess in guesses]
  File "/home/ryedida/bbo_challenge_starter_kit/example_submissions/smoothness/optimizer.py", line 109, in <listcomp>
    betas = [self._get_smoothness_reg(guess) for guess in guesses]
  File "/home/ryedida/bbo_challenge_starter_kit/example_submissions/smoothness/optimizer.py", line 49, in _get_smoothness_reg
    if activ > Kz:
NameError: name 'activ' is not defined
suggestion time taken 0.327404 iter 4 next_points [{'alpha': 0.44134073845890487, 'batch_size': 100, 'beta_1': 0.8978960702310715, 'beta_2': 0.9998055250602874, 'epsilon': 8.659682538073068e-07, 'hidden_layer_sizes': 197, 'learning_rate_init': 0.0009592795296638393, 'tol': 3.684929549928831e-05, 'validation_fraction': 0.3695305890822103}]
/home/ryedida/.local/lib/python3.9/site-packages/sklearn/neural_network/_multilayer_perceptron.py:686: ConvergenceWarning: Stochastic Optimizer: Maximum iterations (200) reached and the optimization hasn't converged yet.
  warnings.warn(

function_evaluation time 1.339725 value 20255.921649 suggestion {'alpha': 0.44134073845890487, 'batch_size': 100, 'beta_1': 0.8978960702310715, 'beta_2': 0.9998055250602874, 'epsilon': 8.659682538073068e-07, 'hidden_layer_sizes': 197, 'learning_rate_init': 0.0009592795296638393, 'tol': 3.684929549928831e-05, 'validation_fraction': 0.3695305890822103}
observation time 0.000005, current best 3012.959151 at iter 4
Failure in optimizer suggest. Falling back to random search.
name 'activ' is not defined
Traceback (most recent call last):
  File "/home/ryedida/.local/lib/python3.9/site-packages/bayesmark/experiment.py", line 126, in run_study
    next_points = optimizer.suggest(n_suggestions)
  File "/home/ryedida/bbo_challenge_starter_kit/example_submissions/smoothness/optimizer.py", line 109, in suggest
    betas = [self._get_smoothness_reg(guess) for guess in guesses]
  File "/home/ryedida/bbo_challenge_starter_kit/example_submissions/smoothness/optimizer.py", line 109, in <listcomp>
    betas = [self._get_smoothness_reg(guess) for guess in guesses]
  File "/home/ryedida/bbo_challenge_starter_kit/example_submissions/smoothness/optimizer.py", line 49, in _get_smoothness_reg
    if activ > Kz:
NameError: name 'activ' is not defined
suggestion time taken 0.328280 iter 5 next_points [{'alpha': 0.6147602759313885, 'batch_size': 73, 'beta_1': 0.5517479728783388, 'beta_2': 0.9999985634513591, 'epsilon': 1.7509591983565954e-08, 'hidden_layer_sizes': 194, 'learning_rate_init': 0.004362188792145974, 'tol': 2.782277174080624e-05, 'validation_fraction': 0.10407327710508119}]
/home/ryedida/.local/lib/python3.9/site-packages/sklearn/neural_network/_multilayer_perceptron.py:686: ConvergenceWarning: Stochastic Optimizer: Maximum iterations (200) reached and the optimization hasn't converged yet.
  warnings.warn(

function_evaluation time 1.492790 value 3536.275723 suggestion {'alpha': 0.6147602759313885, 'batch_size': 73, 'beta_1': 0.5517479728783388, 'beta_2': 0.9999985634513591, 'epsilon': 1.7509591983565954e-08, 'hidden_layer_sizes': 194, 'learning_rate_init': 0.004362188792145974, 'tol': 2.782277174080624e-05, 'validation_fraction': 0.10407327710508119}
observation time 0.000005, current best 3012.959151 at iter 5
Failure in optimizer suggest. Falling back to random search.
name 'activ' is not defined
Traceback (most recent call last):
  File "/home/ryedida/.local/lib/python3.9/site-packages/bayesmark/experiment.py", line 126, in run_study
    next_points = optimizer.suggest(n_suggestions)
  File "/home/ryedida/bbo_challenge_starter_kit/example_submissions/smoothness/optimizer.py", line 109, in suggest
    betas = [self._get_smoothness_reg(guess) for guess in guesses]
  File "/home/ryedida/bbo_challenge_starter_kit/example_submissions/smoothness/optimizer.py", line 109, in <listcomp>
    betas = [self._get_smoothness_reg(guess) for guess in guesses]
  File "/home/ryedida/bbo_challenge_starter_kit/example_submissions/smoothness/optimizer.py", line 49, in _get_smoothness_reg
    if activ > Kz:
NameError: name 'activ' is not defined
suggestion time taken 0.330033 iter 6 next_points [{'alpha': 0.0070926787634139525, 'batch_size': 123, 'beta_1': 0.9051922619424148, 'beta_2': 0.9999558348826006, 'epsilon': 1.9147749051044807e-07, 'hidden_layer_sizes': 128, 'learning_rate_init': 1.1863866335345953e-05, 'tol': 0.05001854924707524, 'validation_fraction': 0.6948065229372847}]
/home/ryedida/.local/lib/python3.9/site-packages/sklearn/neural_network/_multilayer_perceptron.py:605: UserWarning: Got `batch_size` less than 1 or larger than sample size. It is going to be clipped
  warnings.warn(

function_evaluation time 0.055594 value 29123.631465 suggestion {'alpha': 0.0070926787634139525, 'batch_size': 123, 'beta_1': 0.9051922619424148, 'beta_2': 0.9999558348826006, 'epsilon': 1.9147749051044807e-07, 'hidden_layer_sizes': 128, 'learning_rate_init': 1.1863866335345953e-05, 'tol': 0.05001854924707524, 'validation_fraction': 0.6948065229372847}
observation time 0.000005, current best 3012.959151 at iter 6
Failure in optimizer suggest. Falling back to random search.
name 'activ' is not defined
Traceback (most recent call last):
  File "/home/ryedida/.local/lib/python3.9/site-packages/bayesmark/experiment.py", line 126, in run_study
    next_points = optimizer.suggest(n_suggestions)
  File "/home/ryedida/bbo_challenge_starter_kit/example_submissions/smoothness/optimizer.py", line 109, in suggest
    betas = [self._get_smoothness_reg(guess) for guess in guesses]
  File "/home/ryedida/bbo_challenge_starter_kit/example_submissions/smoothness/optimizer.py", line 109, in <listcomp>
    betas = [self._get_smoothness_reg(guess) for guess in guesses]
  File "/home/ryedida/bbo_challenge_starter_kit/example_submissions/smoothness/optimizer.py", line 49, in _get_smoothness_reg
    if activ > Kz:
NameError: name 'activ' is not defined
suggestion time taken 0.463506 iter 7 next_points [{'alpha': 0.01798217034071108, 'batch_size': 137, 'beta_1': 0.7920638471892189, 'beta_2': 0.9946145261962492, 'epsilon': 7.363919570903403e-07, 'hidden_layer_sizes': 92, 'learning_rate_init': 0.0003872617518254043, 'tol': 0.0009795963259532972, 'validation_fraction': 0.26920206266317037}]
function_evaluation time 0.067162 value 29101.561715 suggestion {'alpha': 0.01798217034071108, 'batch_size': 137, 'beta_1': 0.7920638471892189, 'beta_2': 0.9946145261962492, 'epsilon': 7.363919570903403e-07, 'hidden_layer_sizes': 92, 'learning_rate_init': 0.0003872617518254043, 'tol': 0.0009795963259532972, 'validation_fraction': 0.26920206266317037}
observation time 0.000004, current best 3012.959151 at iter 7
Failure in optimizer suggest. Falling back to random search.
name 'activ' is not defined
Traceback (most recent call last):
  File "/home/ryedida/.local/lib/python3.9/site-packages/bayesmark/experiment.py", line 126, in run_study
    next_points = optimizer.suggest(n_suggestions)
  File "/home/ryedida/bbo_challenge_starter_kit/example_submissions/smoothness/optimizer.py", line 109, in suggest
    betas = [self._get_smoothness_reg(guess) for guess in guesses]
  File "/home/ryedida/bbo_challenge_starter_kit/example_submissions/smoothness/optimizer.py", line 109, in <listcomp>
    betas = [self._get_smoothness_reg(guess) for guess in guesses]
  File "/home/ryedida/bbo_challenge_starter_kit/example_submissions/smoothness/optimizer.py", line 49, in _get_smoothness_reg
    if activ > Kz:
NameError: name 'activ' is not defined
suggestion time taken 0.322954 iter 8 next_points [{'alpha': 0.050682315759347285, 'batch_size': 22, 'beta_1': 0.9788840503912011, 'beta_2': 0.9995096622378742, 'epsilon': 4.375313872083627e-08, 'hidden_layer_sizes': 138, 'learning_rate_init': 0.00046180912326450487, 'tol': 0.06202693813057855, 'validation_fraction': 0.29237288750675416}]
function_evaluation time 0.176360 value 28814.838051 suggestion {'alpha': 0.050682315759347285, 'batch_size': 22, 'beta_1': 0.9788840503912011, 'beta_2': 0.9995096622378742, 'epsilon': 4.375313872083627e-08, 'hidden_layer_sizes': 138, 'learning_rate_init': 0.00046180912326450487, 'tol': 0.06202693813057855, 'validation_fraction': 0.29237288750675416}
observation time 0.000014, current best 3012.959151 at iter 8
Failure in optimizer suggest. Falling back to random search.
name 'activ' is not defined
Traceback (most recent call last):
  File "/home/ryedida/.local/lib/python3.9/site-packages/bayesmark/experiment.py", line 126, in run_study
    next_points = optimizer.suggest(n_suggestions)
  File "/home/ryedida/bbo_challenge_starter_kit/example_submissions/smoothness/optimizer.py", line 109, in suggest
    betas = [self._get_smoothness_reg(guess) for guess in guesses]
  File "/home/ryedida/bbo_challenge_starter_kit/example_submissions/smoothness/optimizer.py", line 109, in <listcomp>
    betas = [self._get_smoothness_reg(guess) for guess in guesses]
  File "/home/ryedida/bbo_challenge_starter_kit/example_submissions/smoothness/optimizer.py", line 49, in _get_smoothness_reg
    if activ > Kz:
NameError: name 'activ' is not defined
suggestion time taken 0.323933 iter 9 next_points [{'alpha': 0.012768198360477882, 'batch_size': 188, 'beta_1': 0.8688168555435494, 'beta_2': 0.9323373153625617, 'epsilon': 5.4427083058756636e-08, 'hidden_layer_sizes': 164, 'learning_rate_init': 0.03995043737094587, 'tol': 4.7852201096956316e-05, 'validation_fraction': 0.6067267102445595}]
/home/ryedida/.local/lib/python3.9/site-packages/sklearn/neural_network/_multilayer_perceptron.py:605: UserWarning: Got `batch_size` less than 1 or larger than sample size. It is going to be clipped
  warnings.warn(

function_evaluation time 0.443827 value 3342.152856 suggestion {'alpha': 0.012768198360477882, 'batch_size': 188, 'beta_1': 0.8688168555435494, 'beta_2': 0.9323373153625617, 'epsilon': 5.4427083058756636e-08, 'hidden_layer_sizes': 164, 'learning_rate_init': 0.03995043737094587, 'tol': 4.7852201096956316e-05, 'validation_fraction': 0.6067267102445595}
observation time 0.000005, current best 3012.959151 at iter 9
Failure in optimizer suggest. Falling back to random search.
name 'activ' is not defined
Traceback (most recent call last):
  File "/home/ryedida/.local/lib/python3.9/site-packages/bayesmark/experiment.py", line 126, in run_study
    next_points = optimizer.suggest(n_suggestions)
  File "/home/ryedida/bbo_challenge_starter_kit/example_submissions/smoothness/optimizer.py", line 109, in suggest
    betas = [self._get_smoothness_reg(guess) for guess in guesses]
  File "/home/ryedida/bbo_challenge_starter_kit/example_submissions/smoothness/optimizer.py", line 109, in <listcomp>
    betas = [self._get_smoothness_reg(guess) for guess in guesses]
  File "/home/ryedida/bbo_challenge_starter_kit/example_submissions/smoothness/optimizer.py", line 49, in _get_smoothness_reg
    if activ > Kz:
NameError: name 'activ' is not defined
suggestion time taken 0.321128 iter 10 next_points [{'alpha': 5.306207112674616, 'batch_size': 241, 'beta_1': 0.5738076604942705, 'beta_2': 0.9999988307053532, 'epsilon': 1.2787872821113558e-08, 'hidden_layer_sizes': 53, 'learning_rate_init': 0.0002739922775274623, 'tol': 0.00010628790824488991, 'validation_fraction': 0.4288498011146493}]
/home/ryedida/.local/lib/python3.9/site-packages/sklearn/neural_network/_multilayer_perceptron.py:605: UserWarning: Got `batch_size` less than 1 or larger than sample size. It is going to be clipped
  warnings.warn(

/home/ryedida/.local/lib/python3.9/site-packages/sklearn/neural_network/_multilayer_perceptron.py:686: ConvergenceWarning: Stochastic Optimizer: Maximum iterations (200) reached and the optimization hasn't converged yet.
  warnings.warn(

function_evaluation time 0.347889 value 29050.262415 suggestion {'alpha': 5.306207112674616, 'batch_size': 241, 'beta_1': 0.5738076604942705, 'beta_2': 0.9999988307053532, 'epsilon': 1.2787872821113558e-08, 'hidden_layer_sizes': 53, 'learning_rate_init': 0.0002739922775274623, 'tol': 0.00010628790824488991, 'validation_fraction': 0.4288498011146493}
observation time 0.000006, current best 3012.959151 at iter 10
Failure in optimizer suggest. Falling back to random search.
name 'activ' is not defined
Traceback (most recent call last):
  File "/home/ryedida/.local/lib/python3.9/site-packages/bayesmark/experiment.py", line 126, in run_study
    next_points = optimizer.suggest(n_suggestions)
  File "/home/ryedida/bbo_challenge_starter_kit/example_submissions/smoothness/optimizer.py", line 109, in suggest
    betas = [self._get_smoothness_reg(guess) for guess in guesses]
  File "/home/ryedida/bbo_challenge_starter_kit/example_submissions/smoothness/optimizer.py", line 109, in <listcomp>
    betas = [self._get_smoothness_reg(guess) for guess in guesses]
  File "/home/ryedida/bbo_challenge_starter_kit/example_submissions/smoothness/optimizer.py", line 49, in _get_smoothness_reg
    if activ > Kz:
NameError: name 'activ' is not defined
suggestion time taken 0.322731 iter 11 next_points [{'alpha': 0.8980065110636114, 'batch_size': 99, 'beta_1': 0.9747716899294712, 'beta_2': 0.9433778052284404, 'epsilon': 5.044058233025034e-07, 'hidden_layer_sizes': 128, 'learning_rate_init': 0.001829745470293357, 'tol': 7.820982672127321e-05, 'validation_fraction': 0.12060827578679366}]
/home/ryedida/.local/lib/python3.9/site-packages/sklearn/neural_network/_multilayer_perceptron.py:686: ConvergenceWarning: Stochastic Optimizer: Maximum iterations (200) reached and the optimization hasn't converged yet.
  warnings.warn(

function_evaluation time 1.433078 value 12399.066682 suggestion {'alpha': 0.8980065110636114, 'batch_size': 99, 'beta_1': 0.9747716899294712, 'beta_2': 0.9433778052284404, 'epsilon': 5.044058233025034e-07, 'hidden_layer_sizes': 128, 'learning_rate_init': 0.001829745470293357, 'tol': 7.820982672127321e-05, 'validation_fraction': 0.12060827578679366}
observation time 0.000005, current best 3012.959151 at iter 11
Failure in optimizer suggest. Falling back to random search.
name 'activ' is not defined
Traceback (most recent call last):
  File "/home/ryedida/.local/lib/python3.9/site-packages/bayesmark/experiment.py", line 126, in run_study
    next_points = optimizer.suggest(n_suggestions)
  File "/home/ryedida/bbo_challenge_starter_kit/example_submissions/smoothness/optimizer.py", line 109, in suggest
    betas = [self._get_smoothness_reg(guess) for guess in guesses]
  File "/home/ryedida/bbo_challenge_starter_kit/example_submissions/smoothness/optimizer.py", line 109, in <listcomp>
    betas = [self._get_smoothness_reg(guess) for guess in guesses]
  File "/home/ryedida/bbo_challenge_starter_kit/example_submissions/smoothness/optimizer.py", line 49, in _get_smoothness_reg
    if activ > Kz:
NameError: name 'activ' is not defined
suggestion time taken 0.323775 iter 12 next_points [{'alpha': 0.0010597635789486518, 'batch_size': 51, 'beta_1': 0.8203541306618843, 'beta_2': 0.9994761899858818, 'epsilon': 2.6189554008758124e-08, 'hidden_layer_sizes': 155, 'learning_rate_init': 2.638662817045898e-05, 'tol': 0.00018159653977988457, 'validation_fraction': 0.15875545894759854}]
function_evaluation time 0.118766 value 29126.064537 suggestion {'alpha': 0.0010597635789486518, 'batch_size': 51, 'beta_1': 0.8203541306618843, 'beta_2': 0.9994761899858818, 'epsilon': 2.6189554008758124e-08, 'hidden_layer_sizes': 155, 'learning_rate_init': 2.638662817045898e-05, 'tol': 0.00018159653977988457, 'validation_fraction': 0.15875545894759854}
observation time 0.000005, current best 3012.959151 at iter 12
Failure in optimizer suggest. Falling back to random search.
name 'activ' is not defined
Traceback (most recent call last):
  File "/home/ryedida/.local/lib/python3.9/site-packages/bayesmark/experiment.py", line 126, in run_study
    next_points = optimizer.suggest(n_suggestions)
  File "/home/ryedida/bbo_challenge_starter_kit/example_submissions/smoothness/optimizer.py", line 109, in suggest
    betas = [self._get_smoothness_reg(guess) for guess in guesses]
  File "/home/ryedida/bbo_challenge_starter_kit/example_submissions/smoothness/optimizer.py", line 109, in <listcomp>
    betas = [self._get_smoothness_reg(guess) for guess in guesses]
  File "/home/ryedida/bbo_challenge_starter_kit/example_submissions/smoothness/optimizer.py", line 49, in _get_smoothness_reg
    if activ > Kz:
NameError: name 'activ' is not defined
suggestion time taken 0.322223 iter 13 next_points [{'alpha': 0.24334404561197706, 'batch_size': 46, 'beta_1': 0.9811204208136073, 'beta_2': 0.9998044038437672, 'epsilon': 6.38077429433768e-09, 'hidden_layer_sizes': 68, 'learning_rate_init': 3.11138637036221e-05, 'tol': 0.0907978958181841, 'validation_fraction': 0.8734216765846717}]
/home/ryedida/.local/lib/python3.9/site-packages/sklearn/neural_network/_multilayer_perceptron.py:605: UserWarning: Got `batch_size` less than 1 or larger than sample size. It is going to be clipped
  warnings.warn(

function_evaluation time 0.043879 value 29112.539727 suggestion {'alpha': 0.24334404561197706, 'batch_size': 46, 'beta_1': 0.9811204208136073, 'beta_2': 0.9998044038437672, 'epsilon': 6.38077429433768e-09, 'hidden_layer_sizes': 68, 'learning_rate_init': 3.11138637036221e-05, 'tol': 0.0907978958181841, 'validation_fraction': 0.8734216765846717}
observation time 0.000007, current best 3012.959151 at iter 13
Failure in optimizer suggest. Falling back to random search.
name 'activ' is not defined
Traceback (most recent call last):
  File "/home/ryedida/.local/lib/python3.9/site-packages/bayesmark/experiment.py", line 126, in run_study
    next_points = optimizer.suggest(n_suggestions)
  File "/home/ryedida/bbo_challenge_starter_kit/example_submissions/smoothness/optimizer.py", line 109, in suggest
    betas = [self._get_smoothness_reg(guess) for guess in guesses]
  File "/home/ryedida/bbo_challenge_starter_kit/example_submissions/smoothness/optimizer.py", line 109, in <listcomp>
    betas = [self._get_smoothness_reg(guess) for guess in guesses]
  File "/home/ryedida/bbo_challenge_starter_kit/example_submissions/smoothness/optimizer.py", line 49, in _get_smoothness_reg
    if activ > Kz:
NameError: name 'activ' is not defined
suggestion time taken 0.326945 iter 14 next_points [{'alpha': 0.07218122248630367, 'batch_size': 72, 'beta_1': 0.9244513060451262, 'beta_2': 0.9983691210210366, 'epsilon': 1.3289648712005138e-09, 'hidden_layer_sizes': 114, 'learning_rate_init': 0.0005604600808730699, 'tol': 0.022068696605509756, 'validation_fraction': 0.7891851652925067}]
function_evaluation time 0.053574 value 29076.287298 suggestion {'alpha': 0.07218122248630367, 'batch_size': 72, 'beta_1': 0.9244513060451262, 'beta_2': 0.9983691210210366, 'epsilon': 1.3289648712005138e-09, 'hidden_layer_sizes': 114, 'learning_rate_init': 0.0005604600808730699, 'tol': 0.022068696605509756, 'validation_fraction': 0.7891851652925067}
observation time 0.000005, current best 3012.959151 at iter 14
saving meta data: {'args': {'--uuid': '45c5803593c75922b15e190cc6bb9bc0', '-db-root': '/home/ryedida/bbo_challenge_starter_kit/output', '--opt-root': '/home/ryedida/bbo_challenge_starter_kit/example_submissions', '--data-root': None, '--db': 'run_20230427_004608', '--opt': 'smoothness', '--data': 'diabetes', '--classifier': 'MLP-adam', '--metric': 'mse', '--calls': 15, '--suggestions': 1, '--jobs-file': None, '--verbose': False, 'dry_run': False, 'rev': 'a376313', 'opt_rev': 'x.x.x'}, 'signature': ([{'alpha': 0.019628224813442792, 'batch_size': 182, 'beta_1': 0.9410202200271762, 'beta_2': 0.9998021557676793, 'epsilon': 1.8662266976518e-08, 'hidden_layer_sizes': 147, 'learning_rate_init': 0.0005627932047415167, 'tol': 0.03690557729213761, 'validation_fraction': 0.8846827852548593}, {'alpha': 0.0019982467392329444, 'batch_size': 200, 'beta_1': 0.919111482530466, 'beta_2': 0.9998488260436156, 'epsilon': 5.981221901152555e-07, 'hidden_layer_sizes': 61, 'learning_rate_init': 2.2310905607443014e-05, 'tol': 1.2046852412030316e-05, 'validation_fraction': 0.8117896445826539}, {'alpha': 0.46659545670218433, 'batch_size': 219, 'beta_1': 0.9889789783750891, 'beta_2': 0.9999896868093284, 'epsilon': 2.4234724484675948e-08, 'hidden_layer_sizes': 167, 'learning_rate_init': 2.972334644335654e-05, 'tol': 0.0036281404040243792, 'validation_fraction': 0.17260651658522078}, {'alpha': 4.656005689076002, 'batch_size': 135, 'beta_1': 0.870503881627747, 'beta_2': 0.9948873266941017, 'epsilon': 2.1023308743480125e-07, 'hidden_layer_sizes': 118, 'learning_rate_init': 0.0018781738757161913, 'tol': 1.1889379831773004e-05, 'validation_fraction': 0.6264327093752792}, {'alpha': 0.04705159350400542, 'batch_size': 158, 'beta_1': 0.9870884262730957, 'beta_2': 0.9999596874382349, 'epsilon': 1.1981845126013875e-08, 'hidden_layer_sizes': 116, 'learning_rate_init': 0.00617340520407431, 'tol': 1.741413418158619e-05, 'validation_fraction': 0.6754299026638921}], [29083.993548572587, 29062.423277324073, 29075.78987471409, 24626.32866834337, 9584.226858493177])}
saving results
saving timing
saving suggest log
done
