running: {'--uuid': '4adb0a015af05fb48aea785efbc65c16', '-db-root': '/home/ryedida/bbo_challenge_starter_kit/output', '--opt-root': '/home/ryedida/bbo_challenge_starter_kit/example_submissions', '--data-root': None, '--db': 'run_20230427_004608', '--opt': 'smoothness', '--data': 'diabetes', '--classifier': 'MLP-adam', '--metric': 'mae', '--calls': 15, '--suggestions': 1, '--jobs-file': None, '--verbose': False, 'dry_run': False, 'rev': 'a376313', 'opt_rev': 'x.x.x'}
cmd: python smoothness/optimizer.py -c MLP-adam -d diabetes -o smoothness -u 4adb0a015af05fb48aea785efbc65c16 -m mae -n 15 -p 1 -dir /home/ryedida/bbo_challenge_starter_kit/output -b run_20230427_004608
/home/ryedida/.local/lib/python3.9/site-packages/sklearn/neural_network/_multilayer_perceptron.py:605: UserWarning: Got `batch_size` less than 1 or larger than sample size. It is going to be clipped
  warnings.warn(

/home/ryedida/.local/lib/python3.9/site-packages/sklearn/neural_network/_multilayer_perceptron.py:605: UserWarning: Got `batch_size` less than 1 or larger than sample size. It is going to be clipped
  warnings.warn(

/home/ryedida/.local/lib/python3.9/site-packages/sklearn/neural_network/_multilayer_perceptron.py:605: UserWarning: Got `batch_size` less than 1 or larger than sample size. It is going to be clipped
  warnings.warn(

/home/ryedida/.local/lib/python3.9/site-packages/sklearn/neural_network/_multilayer_perceptron.py:686: ConvergenceWarning: Stochastic Optimizer: Maximum iterations (200) reached and the optimization hasn't converged yet.
  warnings.warn(

/home/ryedida/.local/lib/python3.9/site-packages/sklearn/neural_network/_multilayer_perceptron.py:605: UserWarning: Got `batch_size` less than 1 or larger than sample size. It is going to be clipped
  warnings.warn(

/home/ryedida/.local/lib/python3.9/site-packages/sklearn/neural_network/_multilayer_perceptron.py:686: ConvergenceWarning: Stochastic Optimizer: Maximum iterations (200) reached and the optimization hasn't converged yet.
  warnings.warn(

computed signature: ([{'alpha': 0.019628224813442792, 'batch_size': 182, 'beta_1': 0.9410202200271762, 'beta_2': 0.9998021557676793, 'epsilon': 1.8662266976518e-08, 'hidden_layer_sizes': 147, 'learning_rate_init': 0.0005627932047415167, 'tol': 0.03690557729213761, 'validation_fraction': 0.8846827852548593}, {'alpha': 0.0019982467392329444, 'batch_size': 200, 'beta_1': 0.919111482530466, 'beta_2': 0.9998488260436156, 'epsilon': 5.981221901152555e-07, 'hidden_layer_sizes': 61, 'learning_rate_init': 2.2310905607443014e-05, 'tol': 1.2046852412030316e-05, 'validation_fraction': 0.8117896445826539}, {'alpha': 0.46659545670218433, 'batch_size': 219, 'beta_1': 0.9889789783750891, 'beta_2': 0.9999896868093284, 'epsilon': 2.4234724484675948e-08, 'hidden_layer_sizes': 167, 'learning_rate_init': 2.972334644335654e-05, 'tol': 0.0036281404040243792, 'validation_fraction': 0.17260651658522078}, {'alpha': 4.656005689076002, 'batch_size': 135, 'beta_1': 0.870503881627747, 'beta_2': 0.9948873266941017, 'epsilon': 2.1023308743480125e-07, 'hidden_layer_sizes': 118, 'learning_rate_init': 0.0018781738757161913, 'tol': 1.1889379831773004e-05, 'validation_fraction': 0.6264327093752792}, {'alpha': 0.04705159350400542, 'batch_size': 158, 'beta_1': 0.9870884262730957, 'beta_2': 0.9999596874382349, 'epsilon': 1.1981845126013875e-08, 'hidden_layer_sizes': 116, 'learning_rate_init': 0.00617340520407431, 'tol': 1.741413418158619e-05, 'validation_fraction': 0.6754299026638921}], [151.4971925380264, 151.42763539278994, 151.47026299046811, 136.86202504264318, 75.2055865763391])
Signature errors:
                                  0             1             2         3         4       max
MLP-adam_diabetes_mae  1.919244e-08  6.198704e-08  7.624578e-09  0.000007  0.000034  0.000034
max                    1.919244e-08  6.198704e-08  7.624578e-09  0.000007  0.000034  0.000034
starting sklearn study smoothness MLP-adam diabetes mae 15 1
with data root: None
Failure in optimizer suggest. Falling back to random search.
name 'activ' is not defined
Traceback (most recent call last):
  File "/home/ryedida/.local/lib/python3.9/site-packages/bayesmark/experiment.py", line 126, in run_study
    next_points = optimizer.suggest(n_suggestions)
  File "/home/ryedida/bbo_challenge_starter_kit/example_submissions/smoothness/optimizer.py", line 109, in suggest
    betas = [self._get_smoothness_reg(guess) for guess in guesses]
  File "/home/ryedida/bbo_challenge_starter_kit/example_submissions/smoothness/optimizer.py", line 109, in <listcomp>
    betas = [self._get_smoothness_reg(guess) for guess in guesses]
  File "/home/ryedida/bbo_challenge_starter_kit/example_submissions/smoothness/optimizer.py", line 49, in _get_smoothness_reg
    if activ > Kz:
NameError: name 'activ' is not defined
suggestion time taken 0.506680 iter 0 next_points [{'alpha': 7.861670790231157e-05, 'batch_size': 134, 'beta_1': 0.965001953783719, 'beta_2': 0.9998624435439672, 'epsilon': 1.2799877586497846e-08, 'hidden_layer_sizes': 200, 'learning_rate_init': 0.00021099750395914865, 'tol': 0.007470859263480985, 'validation_fraction': 0.21368251589860282}]
function_evaluation time 0.096632 value 151.505118 suggestion {'alpha': 7.861670790231157e-05, 'batch_size': 134, 'beta_1': 0.965001953783719, 'beta_2': 0.9998624435439672, 'epsilon': 1.2799877586497846e-08, 'hidden_layer_sizes': 200, 'learning_rate_init': 0.00021099750395914865, 'tol': 0.007470859263480985, 'validation_fraction': 0.21368251589860282}
observation time 0.000005, current best 151.505118 at iter 0
Failure in optimizer suggest. Falling back to random search.
name 'activ' is not defined
Traceback (most recent call last):
  File "/home/ryedida/.local/lib/python3.9/site-packages/bayesmark/experiment.py", line 126, in run_study
    next_points = optimizer.suggest(n_suggestions)
  File "/home/ryedida/bbo_challenge_starter_kit/example_submissions/smoothness/optimizer.py", line 109, in suggest
    betas = [self._get_smoothness_reg(guess) for guess in guesses]
  File "/home/ryedida/bbo_challenge_starter_kit/example_submissions/smoothness/optimizer.py", line 109, in <listcomp>
    betas = [self._get_smoothness_reg(guess) for guess in guesses]
  File "/home/ryedida/bbo_challenge_starter_kit/example_submissions/smoothness/optimizer.py", line 49, in _get_smoothness_reg
    if activ > Kz:
NameError: name 'activ' is not defined
suggestion time taken 0.331664 iter 1 next_points [{'alpha': 5.4184581088033195, 'batch_size': 81, 'beta_1': 0.9528024213852655, 'beta_2': 0.9999502020556675, 'epsilon': 1.812199174746353e-08, 'hidden_layer_sizes': 133, 'learning_rate_init': 0.016814409119899145, 'tol': 0.06863915199645795, 'validation_fraction': 0.4840914429851514}]
function_evaluation time 0.273077 value 54.535262 suggestion {'alpha': 5.4184581088033195, 'batch_size': 81, 'beta_1': 0.9528024213852655, 'beta_2': 0.9999502020556675, 'epsilon': 1.812199174746353e-08, 'hidden_layer_sizes': 133, 'learning_rate_init': 0.016814409119899145, 'tol': 0.06863915199645795, 'validation_fraction': 0.4840914429851514}
observation time 0.000006, current best 54.535262 at iter 1
Failure in optimizer suggest. Falling back to random search.
name 'activ' is not defined
Traceback (most recent call last):
  File "/home/ryedida/.local/lib/python3.9/site-packages/bayesmark/experiment.py", line 126, in run_study
    next_points = optimizer.suggest(n_suggestions)
  File "/home/ryedida/bbo_challenge_starter_kit/example_submissions/smoothness/optimizer.py", line 109, in suggest
    betas = [self._get_smoothness_reg(guess) for guess in guesses]
  File "/home/ryedida/bbo_challenge_starter_kit/example_submissions/smoothness/optimizer.py", line 109, in <listcomp>
    betas = [self._get_smoothness_reg(guess) for guess in guesses]
  File "/home/ryedida/bbo_challenge_starter_kit/example_submissions/smoothness/optimizer.py", line 49, in _get_smoothness_reg
    if activ > Kz:
NameError: name 'activ' is not defined
suggestion time taken 0.328892 iter 2 next_points [{'alpha': 0.1365478078440552, 'batch_size': 186, 'beta_1': 0.9099929772738036, 'beta_2': 0.9924565118890911, 'epsilon': 8.471302653989482e-09, 'hidden_layer_sizes': 124, 'learning_rate_init': 1.1212556038938369e-05, 'tol': 0.008582136858473793, 'validation_fraction': 0.16616242859222424}]
function_evaluation time 0.080017 value 151.556925 suggestion {'alpha': 0.1365478078440552, 'batch_size': 186, 'beta_1': 0.9099929772738036, 'beta_2': 0.9924565118890911, 'epsilon': 8.471302653989482e-09, 'hidden_layer_sizes': 124, 'learning_rate_init': 1.1212556038938369e-05, 'tol': 0.008582136858473793, 'validation_fraction': 0.16616242859222424}
observation time 0.000006, current best 54.535262 at iter 2
Failure in optimizer suggest. Falling back to random search.
name 'activ' is not defined
Traceback (most recent call last):
  File "/home/ryedida/.local/lib/python3.9/site-packages/bayesmark/experiment.py", line 126, in run_study
    next_points = optimizer.suggest(n_suggestions)
  File "/home/ryedida/bbo_challenge_starter_kit/example_submissions/smoothness/optimizer.py", line 109, in suggest
    betas = [self._get_smoothness_reg(guess) for guess in guesses]
  File "/home/ryedida/bbo_challenge_starter_kit/example_submissions/smoothness/optimizer.py", line 109, in <listcomp>
    betas = [self._get_smoothness_reg(guess) for guess in guesses]
  File "/home/ryedida/bbo_challenge_starter_kit/example_submissions/smoothness/optimizer.py", line 49, in _get_smoothness_reg
    if activ > Kz:
NameError: name 'activ' is not defined
suggestion time taken 0.327056 iter 3 next_points [{'alpha': 1.0625176025577021, 'batch_size': 96, 'beta_1': 0.7654630624019141, 'beta_2': 0.9999753832143718, 'epsilon': 1.038404171380534e-08, 'hidden_layer_sizes': 53, 'learning_rate_init': 0.00013236496668532876, 'tol': 2.671460786126966e-05, 'validation_fraction': 0.8833616057634252}]
/home/ryedida/.local/lib/python3.9/site-packages/sklearn/neural_network/_multilayer_perceptron.py:605: UserWarning: Got `batch_size` less than 1 or larger than sample size. It is going to be clipped
  warnings.warn(

/home/ryedida/.local/lib/python3.9/site-packages/sklearn/neural_network/_multilayer_perceptron.py:686: ConvergenceWarning: Stochastic Optimizer: Maximum iterations (200) reached and the optimization hasn't converged yet.
  warnings.warn(

function_evaluation time 0.558962 value 151.538446 suggestion {'alpha': 1.0625176025577021, 'batch_size': 96, 'beta_1': 0.7654630624019141, 'beta_2': 0.9999753832143718, 'epsilon': 1.038404171380534e-08, 'hidden_layer_sizes': 53, 'learning_rate_init': 0.00013236496668532876, 'tol': 2.671460786126966e-05, 'validation_fraction': 0.8833616057634252}
observation time 0.000006, current best 54.535262 at iter 3
Failure in optimizer suggest. Falling back to random search.
name 'activ' is not defined
Traceback (most recent call last):
  File "/home/ryedida/.local/lib/python3.9/site-packages/bayesmark/experiment.py", line 126, in run_study
    next_points = optimizer.suggest(n_suggestions)
  File "/home/ryedida/bbo_challenge_starter_kit/example_submissions/smoothness/optimizer.py", line 109, in suggest
    betas = [self._get_smoothness_reg(guess) for guess in guesses]
  File "/home/ryedida/bbo_challenge_starter_kit/example_submissions/smoothness/optimizer.py", line 109, in <listcomp>
    betas = [self._get_smoothness_reg(guess) for guess in guesses]
  File "/home/ryedida/bbo_challenge_starter_kit/example_submissions/smoothness/optimizer.py", line 49, in _get_smoothness_reg
    if activ > Kz:
NameError: name 'activ' is not defined
suggestion time taken 0.331717 iter 4 next_points [{'alpha': 2.4302897038865496, 'batch_size': 193, 'beta_1': 0.9866922129788873, 'beta_2': 0.9999461906639255, 'epsilon': 1.785030119914447e-09, 'hidden_layer_sizes': 67, 'learning_rate_init': 0.039260360104858005, 'tol': 1.2296359103535286e-05, 'validation_fraction': 0.20018818565879468}]
function_evaluation time 0.211495 value 56.023600 suggestion {'alpha': 2.4302897038865496, 'batch_size': 193, 'beta_1': 0.9866922129788873, 'beta_2': 0.9999461906639255, 'epsilon': 1.785030119914447e-09, 'hidden_layer_sizes': 67, 'learning_rate_init': 0.039260360104858005, 'tol': 1.2296359103535286e-05, 'validation_fraction': 0.20018818565879468}
observation time 0.000006, current best 54.535262 at iter 4
Failure in optimizer suggest. Falling back to random search.
name 'activ' is not defined
Traceback (most recent call last):
  File "/home/ryedida/.local/lib/python3.9/site-packages/bayesmark/experiment.py", line 126, in run_study
    next_points = optimizer.suggest(n_suggestions)
  File "/home/ryedida/bbo_challenge_starter_kit/example_submissions/smoothness/optimizer.py", line 109, in suggest
    betas = [self._get_smoothness_reg(guess) for guess in guesses]
  File "/home/ryedida/bbo_challenge_starter_kit/example_submissions/smoothness/optimizer.py", line 109, in <listcomp>
    betas = [self._get_smoothness_reg(guess) for guess in guesses]
  File "/home/ryedida/bbo_challenge_starter_kit/example_submissions/smoothness/optimizer.py", line 49, in _get_smoothness_reg
    if activ > Kz:
NameError: name 'activ' is not defined
suggestion time taken 0.325674 iter 5 next_points [{'alpha': 0.3015976730454271, 'batch_size': 44, 'beta_1': 0.5426557119165241, 'beta_2': 0.9999989067573481, 'epsilon': 1.4479853458183686e-07, 'hidden_layer_sizes': 197, 'learning_rate_init': 7.241119521728852e-05, 'tol': 6.178676064318983e-05, 'validation_fraction': 0.22405103706008161}]
/home/ryedida/.local/lib/python3.9/site-packages/sklearn/neural_network/_multilayer_perceptron.py:686: ConvergenceWarning: Stochastic Optimizer: Maximum iterations (200) reached and the optimization hasn't converged yet.
  warnings.warn(

function_evaluation time 2.051410 value 149.894300 suggestion {'alpha': 0.3015976730454271, 'batch_size': 44, 'beta_1': 0.5426557119165241, 'beta_2': 0.9999989067573481, 'epsilon': 1.4479853458183686e-07, 'hidden_layer_sizes': 197, 'learning_rate_init': 7.241119521728852e-05, 'tol': 6.178676064318983e-05, 'validation_fraction': 0.22405103706008161}
observation time 0.000006, current best 54.535262 at iter 5
Failure in optimizer suggest. Falling back to random search.
name 'activ' is not defined
Traceback (most recent call last):
  File "/home/ryedida/.local/lib/python3.9/site-packages/bayesmark/experiment.py", line 126, in run_study
    next_points = optimizer.suggest(n_suggestions)
  File "/home/ryedida/bbo_challenge_starter_kit/example_submissions/smoothness/optimizer.py", line 109, in suggest
    betas = [self._get_smoothness_reg(guess) for guess in guesses]
  File "/home/ryedida/bbo_challenge_starter_kit/example_submissions/smoothness/optimizer.py", line 109, in <listcomp>
    betas = [self._get_smoothness_reg(guess) for guess in guesses]
  File "/home/ryedida/bbo_challenge_starter_kit/example_submissions/smoothness/optimizer.py", line 49, in _get_smoothness_reg
    if activ > Kz:
NameError: name 'activ' is not defined
suggestion time taken 0.330202 iter 6 next_points [{'alpha': 4.494700415613023, 'batch_size': 130, 'beta_1': 0.9387785921526657, 'beta_2': 0.9688674741469271, 'epsilon': 3.2708514287738756e-08, 'hidden_layer_sizes': 77, 'learning_rate_init': 2.219042201487671e-05, 'tol': 0.0006515125741586269, 'validation_fraction': 0.25238977847609534}]
function_evaluation time 0.066743 value 151.492687 suggestion {'alpha': 4.494700415613023, 'batch_size': 130, 'beta_1': 0.9387785921526657, 'beta_2': 0.9688674741469271, 'epsilon': 3.2708514287738756e-08, 'hidden_layer_sizes': 77, 'learning_rate_init': 2.219042201487671e-05, 'tol': 0.0006515125741586269, 'validation_fraction': 0.25238977847609534}
observation time 0.000006, current best 54.535262 at iter 6
Failure in optimizer suggest. Falling back to random search.
name 'activ' is not defined
Traceback (most recent call last):
  File "/home/ryedida/.local/lib/python3.9/site-packages/bayesmark/experiment.py", line 126, in run_study
    next_points = optimizer.suggest(n_suggestions)
  File "/home/ryedida/bbo_challenge_starter_kit/example_submissions/smoothness/optimizer.py", line 109, in suggest
    betas = [self._get_smoothness_reg(guess) for guess in guesses]
  File "/home/ryedida/bbo_challenge_starter_kit/example_submissions/smoothness/optimizer.py", line 109, in <listcomp>
    betas = [self._get_smoothness_reg(guess) for guess in guesses]
  File "/home/ryedida/bbo_challenge_starter_kit/example_submissions/smoothness/optimizer.py", line 49, in _get_smoothness_reg
    if activ > Kz:
NameError: name 'activ' is not defined
suggestion time taken 0.458010 iter 7 next_points [{'alpha': 1.3091813955062919, 'batch_size': 60, 'beta_1': 0.6942519950040014, 'beta_2': 0.9999575620933064, 'epsilon': 2.0839130043546047e-08, 'hidden_layer_sizes': 173, 'learning_rate_init': 0.024633507490476977, 'tol': 0.0010940810608553887, 'validation_fraction': 0.32895410815715564}]
function_evaluation time 0.641669 value 44.378636 suggestion {'alpha': 1.3091813955062919, 'batch_size': 60, 'beta_1': 0.6942519950040014, 'beta_2': 0.9999575620933064, 'epsilon': 2.0839130043546047e-08, 'hidden_layer_sizes': 173, 'learning_rate_init': 0.024633507490476977, 'tol': 0.0010940810608553887, 'validation_fraction': 0.32895410815715564}
observation time 0.000006, current best 44.378636 at iter 7
Failure in optimizer suggest. Falling back to random search.
name 'activ' is not defined
Traceback (most recent call last):
  File "/home/ryedida/.local/lib/python3.9/site-packages/bayesmark/experiment.py", line 126, in run_study
    next_points = optimizer.suggest(n_suggestions)
  File "/home/ryedida/bbo_challenge_starter_kit/example_submissions/smoothness/optimizer.py", line 109, in suggest
    betas = [self._get_smoothness_reg(guess) for guess in guesses]
  File "/home/ryedida/bbo_challenge_starter_kit/example_submissions/smoothness/optimizer.py", line 109, in <listcomp>
    betas = [self._get_smoothness_reg(guess) for guess in guesses]
  File "/home/ryedida/bbo_challenge_starter_kit/example_submissions/smoothness/optimizer.py", line 49, in _get_smoothness_reg
    if activ > Kz:
NameError: name 'activ' is not defined
suggestion time taken 0.325945 iter 8 next_points [{'alpha': 2.878704196002999, 'batch_size': 42, 'beta_1': 0.9797374583802213, 'beta_2': 0.9998980687567803, 'epsilon': 4.6733278123611014e-08, 'hidden_layer_sizes': 184, 'learning_rate_init': 0.0005891078530146081, 'tol': 0.0002144426916807719, 'validation_fraction': 0.662376544950912}]
/home/ryedida/.local/lib/python3.9/site-packages/sklearn/neural_network/_multilayer_perceptron.py:686: ConvergenceWarning: Stochastic Optimizer: Maximum iterations (200) reached and the optimization hasn't converged yet.
  warnings.warn(

function_evaluation time 1.292373 value 132.146905 suggestion {'alpha': 2.878704196002999, 'batch_size': 42, 'beta_1': 0.9797374583802213, 'beta_2': 0.9998980687567803, 'epsilon': 4.6733278123611014e-08, 'hidden_layer_sizes': 184, 'learning_rate_init': 0.0005891078530146081, 'tol': 0.0002144426916807719, 'validation_fraction': 0.662376544950912}
observation time 0.000007, current best 44.378636 at iter 8
Failure in optimizer suggest. Falling back to random search.
name 'activ' is not defined
Traceback (most recent call last):
  File "/home/ryedida/.local/lib/python3.9/site-packages/bayesmark/experiment.py", line 126, in run_study
    next_points = optimizer.suggest(n_suggestions)
  File "/home/ryedida/bbo_challenge_starter_kit/example_submissions/smoothness/optimizer.py", line 109, in suggest
    betas = [self._get_smoothness_reg(guess) for guess in guesses]
  File "/home/ryedida/bbo_challenge_starter_kit/example_submissions/smoothness/optimizer.py", line 109, in <listcomp>
    betas = [self._get_smoothness_reg(guess) for guess in guesses]
  File "/home/ryedida/bbo_challenge_starter_kit/example_submissions/smoothness/optimizer.py", line 49, in _get_smoothness_reg
    if activ > Kz:
NameError: name 'activ' is not defined
suggestion time taken 0.324544 iter 9 next_points [{'alpha': 0.00019518539435092646, 'batch_size': 112, 'beta_1': 0.8851453232453939, 'beta_2': 0.9346724622648374, 'epsilon': 7.66537052109774e-07, 'hidden_layer_sizes': 56, 'learning_rate_init': 0.00504910289884998, 'tol': 0.002974534163302428, 'validation_fraction': 0.4229301895051373}]
/home/ryedida/.local/lib/python3.9/site-packages/sklearn/neural_network/_multilayer_perceptron.py:686: ConvergenceWarning: Stochastic Optimizer: Maximum iterations (200) reached and the optimization hasn't converged yet.
  warnings.warn(

function_evaluation time 0.564639 value 58.569182 suggestion {'alpha': 0.00019518539435092646, 'batch_size': 112, 'beta_1': 0.8851453232453939, 'beta_2': 0.9346724622648374, 'epsilon': 7.66537052109774e-07, 'hidden_layer_sizes': 56, 'learning_rate_init': 0.00504910289884998, 'tol': 0.002974534163302428, 'validation_fraction': 0.4229301895051373}
observation time 0.000006, current best 44.378636 at iter 9
Failure in optimizer suggest. Falling back to random search.
name 'activ' is not defined
Traceback (most recent call last):
  File "/home/ryedida/.local/lib/python3.9/site-packages/bayesmark/experiment.py", line 126, in run_study
    next_points = optimizer.suggest(n_suggestions)
  File "/home/ryedida/bbo_challenge_starter_kit/example_submissions/smoothness/optimizer.py", line 109, in suggest
    betas = [self._get_smoothness_reg(guess) for guess in guesses]
  File "/home/ryedida/bbo_challenge_starter_kit/example_submissions/smoothness/optimizer.py", line 109, in <listcomp>
    betas = [self._get_smoothness_reg(guess) for guess in guesses]
  File "/home/ryedida/bbo_challenge_starter_kit/example_submissions/smoothness/optimizer.py", line 49, in _get_smoothness_reg
    if activ > Kz:
NameError: name 'activ' is not defined
suggestion time taken 0.325673 iter 10 next_points [{'alpha': 0.011805649607421047, 'batch_size': 187, 'beta_1': 0.6142231204973865, 'beta_2': 0.9998996290482214, 'epsilon': 8.869146170998818e-08, 'hidden_layer_sizes': 60, 'learning_rate_init': 3.732695857542047e-05, 'tol': 0.00014714165413593346, 'validation_fraction': 0.32298662712601484}]
function_evaluation time 0.060666 value 151.688442 suggestion {'alpha': 0.011805649607421047, 'batch_size': 187, 'beta_1': 0.6142231204973865, 'beta_2': 0.9998996290482214, 'epsilon': 8.869146170998818e-08, 'hidden_layer_sizes': 60, 'learning_rate_init': 3.732695857542047e-05, 'tol': 0.00014714165413593346, 'validation_fraction': 0.32298662712601484}
observation time 0.000006, current best 44.378636 at iter 10
Failure in optimizer suggest. Falling back to random search.
name 'activ' is not defined
Traceback (most recent call last):
  File "/home/ryedida/.local/lib/python3.9/site-packages/bayesmark/experiment.py", line 126, in run_study
    next_points = optimizer.suggest(n_suggestions)
  File "/home/ryedida/bbo_challenge_starter_kit/example_submissions/smoothness/optimizer.py", line 109, in suggest
    betas = [self._get_smoothness_reg(guess) for guess in guesses]
  File "/home/ryedida/bbo_challenge_starter_kit/example_submissions/smoothness/optimizer.py", line 109, in <listcomp>
    betas = [self._get_smoothness_reg(guess) for guess in guesses]
  File "/home/ryedida/bbo_challenge_starter_kit/example_submissions/smoothness/optimizer.py", line 49, in _get_smoothness_reg
    if activ > Kz:
NameError: name 'activ' is not defined
suggestion time taken 0.321315 iter 11 next_points [{'alpha': 1.3572630033783131e-05, 'batch_size': 46, 'beta_1': 0.9471532876242024, 'beta_2': 0.9999874562020592, 'epsilon': 5.771685596112064e-07, 'hidden_layer_sizes': 107, 'learning_rate_init': 0.04318901891238069, 'tol': 0.051453758340767757, 'validation_fraction': 0.15150961483506364}]
function_evaluation time 0.146515 value 45.241070 suggestion {'alpha': 1.3572630033783131e-05, 'batch_size': 46, 'beta_1': 0.9471532876242024, 'beta_2': 0.9999874562020592, 'epsilon': 5.771685596112064e-07, 'hidden_layer_sizes': 107, 'learning_rate_init': 0.04318901891238069, 'tol': 0.051453758340767757, 'validation_fraction': 0.15150961483506364}
observation time 0.000006, current best 44.378636 at iter 11
Failure in optimizer suggest. Falling back to random search.
name 'activ' is not defined
Traceback (most recent call last):
  File "/home/ryedida/.local/lib/python3.9/site-packages/bayesmark/experiment.py", line 126, in run_study
    next_points = optimizer.suggest(n_suggestions)
  File "/home/ryedida/bbo_challenge_starter_kit/example_submissions/smoothness/optimizer.py", line 109, in suggest
    betas = [self._get_smoothness_reg(guess) for guess in guesses]
  File "/home/ryedida/bbo_challenge_starter_kit/example_submissions/smoothness/optimizer.py", line 109, in <listcomp>
    betas = [self._get_smoothness_reg(guess) for guess in guesses]
  File "/home/ryedida/bbo_challenge_starter_kit/example_submissions/smoothness/optimizer.py", line 49, in _get_smoothness_reg
    if activ > Kz:
NameError: name 'activ' is not defined
suggestion time taken 0.321528 iter 12 next_points [{'alpha': 0.0008743165291284093, 'batch_size': 118, 'beta_1': 0.9367722962856142, 'beta_2': 0.999972404687523, 'epsilon': 9.400142806822296e-07, 'hidden_layer_sizes': 144, 'learning_rate_init': 0.016651791965039478, 'tol': 0.0009315917586993614, 'validation_fraction': 0.8586985515349876}]
/home/ryedida/.local/lib/python3.9/site-packages/sklearn/neural_network/_multilayer_perceptron.py:605: UserWarning: Got `batch_size` less than 1 or larger than sample size. It is going to be clipped
  warnings.warn(

function_evaluation time 0.382578 value 52.269518 suggestion {'alpha': 0.0008743165291284093, 'batch_size': 118, 'beta_1': 0.9367722962856142, 'beta_2': 0.999972404687523, 'epsilon': 9.400142806822296e-07, 'hidden_layer_sizes': 144, 'learning_rate_init': 0.016651791965039478, 'tol': 0.0009315917586993614, 'validation_fraction': 0.8586985515349876}
observation time 0.000007, current best 44.378636 at iter 12
Failure in optimizer suggest. Falling back to random search.
name 'activ' is not defined
Traceback (most recent call last):
  File "/home/ryedida/.local/lib/python3.9/site-packages/bayesmark/experiment.py", line 126, in run_study
    next_points = optimizer.suggest(n_suggestions)
  File "/home/ryedida/bbo_challenge_starter_kit/example_submissions/smoothness/optimizer.py", line 109, in suggest
    betas = [self._get_smoothness_reg(guess) for guess in guesses]
  File "/home/ryedida/bbo_challenge_starter_kit/example_submissions/smoothness/optimizer.py", line 109, in <listcomp>
    betas = [self._get_smoothness_reg(guess) for guess in guesses]
  File "/home/ryedida/bbo_challenge_starter_kit/example_submissions/smoothness/optimizer.py", line 49, in _get_smoothness_reg
    if activ > Kz:
NameError: name 'activ' is not defined
suggestion time taken 0.325776 iter 13 next_points [{'alpha': 0.0023783129208102545, 'batch_size': 145, 'beta_1': 0.9693489906079231, 'beta_2': 0.9999859269198782, 'epsilon': 6.995962834881267e-07, 'hidden_layer_sizes': 73, 'learning_rate_init': 0.00027954379426870543, 'tol': 0.000114822945973764, 'validation_fraction': 0.44695874963015286}]
/home/ryedida/.local/lib/python3.9/site-packages/sklearn/neural_network/_multilayer_perceptron.py:686: ConvergenceWarning: Stochastic Optimizer: Maximum iterations (200) reached and the optimization hasn't converged yet.
  warnings.warn(

function_evaluation time 0.884893 value 149.983699 suggestion {'alpha': 0.0023783129208102545, 'batch_size': 145, 'beta_1': 0.9693489906079231, 'beta_2': 0.9999859269198782, 'epsilon': 6.995962834881267e-07, 'hidden_layer_sizes': 73, 'learning_rate_init': 0.00027954379426870543, 'tol': 0.000114822945973764, 'validation_fraction': 0.44695874963015286}
observation time 0.000006, current best 44.378636 at iter 13
Failure in optimizer suggest. Falling back to random search.
name 'activ' is not defined
Traceback (most recent call last):
  File "/home/ryedida/.local/lib/python3.9/site-packages/bayesmark/experiment.py", line 126, in run_study
    next_points = optimizer.suggest(n_suggestions)
  File "/home/ryedida/bbo_challenge_starter_kit/example_submissions/smoothness/optimizer.py", line 109, in suggest
    betas = [self._get_smoothness_reg(guess) for guess in guesses]
  File "/home/ryedida/bbo_challenge_starter_kit/example_submissions/smoothness/optimizer.py", line 109, in <listcomp>
    betas = [self._get_smoothness_reg(guess) for guess in guesses]
  File "/home/ryedida/bbo_challenge_starter_kit/example_submissions/smoothness/optimizer.py", line 49, in _get_smoothness_reg
    if activ > Kz:
NameError: name 'activ' is not defined
suggestion time taken 0.330901 iter 14 next_points [{'alpha': 4.3350361425763095, 'batch_size': 50, 'beta_1': 0.889768192309189, 'beta_2': 0.9998235211142695, 'epsilon': 8.674534437982476e-09, 'hidden_layer_sizes': 100, 'learning_rate_init': 0.01273329363705609, 'tol': 0.0046874030710484715, 'validation_fraction': 0.8997483316464597}]
/home/ryedida/.local/lib/python3.9/site-packages/sklearn/neural_network/_multilayer_perceptron.py:605: UserWarning: Got `batch_size` less than 1 or larger than sample size. It is going to be clipped
  warnings.warn(

function_evaluation time 0.449791 value 54.172049 suggestion {'alpha': 4.3350361425763095, 'batch_size': 50, 'beta_1': 0.889768192309189, 'beta_2': 0.9998235211142695, 'epsilon': 8.674534437982476e-09, 'hidden_layer_sizes': 100, 'learning_rate_init': 0.01273329363705609, 'tol': 0.0046874030710484715, 'validation_fraction': 0.8997483316464597}
observation time 0.000007, current best 44.378636 at iter 14
saving meta data: {'args': {'--uuid': '4adb0a015af05fb48aea785efbc65c16', '-db-root': '/home/ryedida/bbo_challenge_starter_kit/output', '--opt-root': '/home/ryedida/bbo_challenge_starter_kit/example_submissions', '--data-root': None, '--db': 'run_20230427_004608', '--opt': 'smoothness', '--data': 'diabetes', '--classifier': 'MLP-adam', '--metric': 'mae', '--calls': 15, '--suggestions': 1, '--jobs-file': None, '--verbose': False, 'dry_run': False, 'rev': 'a376313', 'opt_rev': 'x.x.x'}, 'signature': ([{'alpha': 0.019628224813442792, 'batch_size': 182, 'beta_1': 0.9410202200271762, 'beta_2': 0.9998021557676793, 'epsilon': 1.8662266976518e-08, 'hidden_layer_sizes': 147, 'learning_rate_init': 0.0005627932047415167, 'tol': 0.03690557729213761, 'validation_fraction': 0.8846827852548593}, {'alpha': 0.0019982467392329444, 'batch_size': 200, 'beta_1': 0.919111482530466, 'beta_2': 0.9998488260436156, 'epsilon': 5.981221901152555e-07, 'hidden_layer_sizes': 61, 'learning_rate_init': 2.2310905607443014e-05, 'tol': 1.2046852412030316e-05, 'validation_fraction': 0.8117896445826539}, {'alpha': 0.46659545670218433, 'batch_size': 219, 'beta_1': 0.9889789783750891, 'beta_2': 0.9999896868093284, 'epsilon': 2.4234724484675948e-08, 'hidden_layer_sizes': 167, 'learning_rate_init': 2.972334644335654e-05, 'tol': 0.0036281404040243792, 'validation_fraction': 0.17260651658522078}, {'alpha': 4.656005689076002, 'batch_size': 135, 'beta_1': 0.870503881627747, 'beta_2': 0.9948873266941017, 'epsilon': 2.1023308743480125e-07, 'hidden_layer_sizes': 118, 'learning_rate_init': 0.0018781738757161913, 'tol': 1.1889379831773004e-05, 'validation_fraction': 0.6264327093752792}, {'alpha': 0.04705159350400542, 'batch_size': 158, 'beta_1': 0.9870884262730957, 'beta_2': 0.9999596874382349, 'epsilon': 1.1981845126013875e-08, 'hidden_layer_sizes': 116, 'learning_rate_init': 0.00617340520407431, 'tol': 1.741413418158619e-05, 'validation_fraction': 0.6754299026638921}], [151.4971925380264, 151.42763539278994, 151.47026299046811, 136.86202504264318, 75.2055865763391])}
saving results
saving timing
saving suggest log
done
