running: {'--uuid': '6111006f694b5a269b29913d41ac75e7', '-db-root': '/home/ryedida/bbo_challenge_starter_kit/output', '--opt-root': '/home/ryedida/bbo_challenge_starter_kit/example_submissions', '--data-root': None, '--db': 'run_20230427_004608', '--opt': 'smoothness', '--data': 'diabetes', '--classifier': 'MLP-adam', '--metric': 'mse', '--calls': 15, '--suggestions': 1, '--jobs-file': None, '--verbose': False, 'dry_run': False, 'rev': 'a376313', 'opt_rev': 'x.x.x'}
cmd: python smoothness/optimizer.py -c MLP-adam -d diabetes -o smoothness -u 6111006f694b5a269b29913d41ac75e7 -m mse -n 15 -p 1 -dir /home/ryedida/bbo_challenge_starter_kit/output -b run_20230427_004608
/home/ryedida/.local/lib/python3.9/site-packages/sklearn/neural_network/_multilayer_perceptron.py:605: UserWarning: Got `batch_size` less than 1 or larger than sample size. It is going to be clipped
  warnings.warn(

/home/ryedida/.local/lib/python3.9/site-packages/sklearn/neural_network/_multilayer_perceptron.py:605: UserWarning: Got `batch_size` less than 1 or larger than sample size. It is going to be clipped
  warnings.warn(

/home/ryedida/.local/lib/python3.9/site-packages/sklearn/neural_network/_multilayer_perceptron.py:605: UserWarning: Got `batch_size` less than 1 or larger than sample size. It is going to be clipped
  warnings.warn(

/home/ryedida/.local/lib/python3.9/site-packages/sklearn/neural_network/_multilayer_perceptron.py:686: ConvergenceWarning: Stochastic Optimizer: Maximum iterations (200) reached and the optimization hasn't converged yet.
  warnings.warn(

/home/ryedida/.local/lib/python3.9/site-packages/sklearn/neural_network/_multilayer_perceptron.py:605: UserWarning: Got `batch_size` less than 1 or larger than sample size. It is going to be clipped
  warnings.warn(

/home/ryedida/.local/lib/python3.9/site-packages/sklearn/neural_network/_multilayer_perceptron.py:686: ConvergenceWarning: Stochastic Optimizer: Maximum iterations (200) reached and the optimization hasn't converged yet.
  warnings.warn(

computed signature: ([{'alpha': 0.019628224813442792, 'batch_size': 182, 'beta_1': 0.9410202200271762, 'beta_2': 0.9998021557676793, 'epsilon': 1.8662266976518e-08, 'hidden_layer_sizes': 147, 'learning_rate_init': 0.0005627932047415167, 'tol': 0.03690557729213761, 'validation_fraction': 0.8846827852548593}, {'alpha': 0.0019982467392329444, 'batch_size': 200, 'beta_1': 0.919111482530466, 'beta_2': 0.9998488260436156, 'epsilon': 5.981221901152555e-07, 'hidden_layer_sizes': 61, 'learning_rate_init': 2.2310905607443014e-05, 'tol': 1.2046852412030316e-05, 'validation_fraction': 0.8117896445826539}, {'alpha': 0.46659545670218433, 'batch_size': 219, 'beta_1': 0.9889789783750891, 'beta_2': 0.9999896868093284, 'epsilon': 2.4234724484675948e-08, 'hidden_layer_sizes': 167, 'learning_rate_init': 2.972334644335654e-05, 'tol': 0.0036281404040243792, 'validation_fraction': 0.17260651658522078}, {'alpha': 4.656005689076002, 'batch_size': 135, 'beta_1': 0.870503881627747, 'beta_2': 0.9948873266941017, 'epsilon': 2.1023308743480125e-07, 'hidden_layer_sizes': 118, 'learning_rate_init': 0.0018781738757161913, 'tol': 1.1889379831773004e-05, 'validation_fraction': 0.6264327093752792}, {'alpha': 0.04705159350400542, 'batch_size': 158, 'beta_1': 0.9870884262730957, 'beta_2': 0.9999596874382349, 'epsilon': 1.1981845126013875e-08, 'hidden_layer_sizes': 116, 'learning_rate_init': 0.00617340520407431, 'tol': 1.741413418158619e-05, 'validation_fraction': 0.6754299026638921}], [29083.993548572587, 29062.423277324073, 29075.78987471409, 24626.32866834337, 9584.226858493177])
Signature errors:
                              0         1         2         3         4       max
MLP-adam_diabetes_mse  0.000007  0.000008  0.000003  0.003558  0.004952  0.004952
max                    0.000007  0.000008  0.000003  0.003558  0.004952  0.004952
starting sklearn study smoothness MLP-adam diabetes mse 15 1
with data root: None
Failure in optimizer suggest. Falling back to random search.
name 'activ' is not defined
Traceback (most recent call last):
  File "/home/ryedida/.local/lib/python3.9/site-packages/bayesmark/experiment.py", line 126, in run_study
    next_points = optimizer.suggest(n_suggestions)
  File "/home/ryedida/bbo_challenge_starter_kit/example_submissions/smoothness/optimizer.py", line 109, in suggest
    betas = [self._get_smoothness_reg(guess) for guess in guesses]
  File "/home/ryedida/bbo_challenge_starter_kit/example_submissions/smoothness/optimizer.py", line 109, in <listcomp>
    betas = [self._get_smoothness_reg(guess) for guess in guesses]
  File "/home/ryedida/bbo_challenge_starter_kit/example_submissions/smoothness/optimizer.py", line 49, in _get_smoothness_reg
    if activ > Kz:
NameError: name 'activ' is not defined
suggestion time taken 0.493901 iter 0 next_points [{'alpha': 2.6699390936103916e-05, 'batch_size': 120, 'beta_1': 0.8626916870607267, 'beta_2': 0.9604477100620022, 'epsilon': 2.2245417043539994e-08, 'hidden_layer_sizes': 151, 'learning_rate_init': 0.00207622622956365, 'tol': 5.1708749116246736e-05, 'validation_fraction': 0.5919051542635787}]
/home/ryedida/.local/lib/python3.9/site-packages/sklearn/neural_network/_multilayer_perceptron.py:686: ConvergenceWarning: Stochastic Optimizer: Maximum iterations (200) reached and the optimization hasn't converged yet.
  warnings.warn(

function_evaluation time 0.879355 value 24005.266327 suggestion {'alpha': 2.6699390936103916e-05, 'batch_size': 120, 'beta_1': 0.8626916870607267, 'beta_2': 0.9604477100620022, 'epsilon': 2.2245417043539994e-08, 'hidden_layer_sizes': 151, 'learning_rate_init': 0.00207622622956365, 'tol': 5.1708749116246736e-05, 'validation_fraction': 0.5919051542635787}
observation time 0.000010, current best 24005.266327 at iter 0
Failure in optimizer suggest. Falling back to random search.
name 'activ' is not defined
Traceback (most recent call last):
  File "/home/ryedida/.local/lib/python3.9/site-packages/bayesmark/experiment.py", line 126, in run_study
    next_points = optimizer.suggest(n_suggestions)
  File "/home/ryedida/bbo_challenge_starter_kit/example_submissions/smoothness/optimizer.py", line 109, in suggest
    betas = [self._get_smoothness_reg(guess) for guess in guesses]
  File "/home/ryedida/bbo_challenge_starter_kit/example_submissions/smoothness/optimizer.py", line 109, in <listcomp>
    betas = [self._get_smoothness_reg(guess) for guess in guesses]
  File "/home/ryedida/bbo_challenge_starter_kit/example_submissions/smoothness/optimizer.py", line 49, in _get_smoothness_reg
    if activ > Kz:
NameError: name 'activ' is not defined
suggestion time taken 0.335379 iter 1 next_points [{'alpha': 0.4424530213004406, 'batch_size': 40, 'beta_1': 0.9470361771540583, 'beta_2': 0.9992485064876908, 'epsilon': 6.108984813276607e-07, 'hidden_layer_sizes': 132, 'learning_rate_init': 0.000826149481809554, 'tol': 0.00012606199151313268, 'validation_fraction': 0.36999272182396936}]
/home/ryedida/.local/lib/python3.9/site-packages/sklearn/neural_network/_multilayer_perceptron.py:686: ConvergenceWarning: Stochastic Optimizer: Maximum iterations (200) reached and the optimization hasn't converged yet.
  warnings.warn(

function_evaluation time 1.699844 value 10234.242783 suggestion {'alpha': 0.4424530213004406, 'batch_size': 40, 'beta_1': 0.9470361771540583, 'beta_2': 0.9992485064876908, 'epsilon': 6.108984813276607e-07, 'hidden_layer_sizes': 132, 'learning_rate_init': 0.000826149481809554, 'tol': 0.00012606199151313268, 'validation_fraction': 0.36999272182396936}
observation time 0.000006, current best 10234.242783 at iter 1
Failure in optimizer suggest. Falling back to random search.
name 'activ' is not defined
Traceback (most recent call last):
  File "/home/ryedida/.local/lib/python3.9/site-packages/bayesmark/experiment.py", line 126, in run_study
    next_points = optimizer.suggest(n_suggestions)
  File "/home/ryedida/bbo_challenge_starter_kit/example_submissions/smoothness/optimizer.py", line 109, in suggest
    betas = [self._get_smoothness_reg(guess) for guess in guesses]
  File "/home/ryedida/bbo_challenge_starter_kit/example_submissions/smoothness/optimizer.py", line 109, in <listcomp>
    betas = [self._get_smoothness_reg(guess) for guess in guesses]
  File "/home/ryedida/bbo_challenge_starter_kit/example_submissions/smoothness/optimizer.py", line 49, in _get_smoothness_reg
    if activ > Kz:
NameError: name 'activ' is not defined
suggestion time taken 0.331217 iter 2 next_points [{'alpha': 0.03861379474102118, 'batch_size': 244, 'beta_1': 0.6989202473466047, 'beta_2': 0.9999187729825663, 'epsilon': 2.8689349764172663e-09, 'hidden_layer_sizes': 155, 'learning_rate_init': 0.0001946738642772149, 'tol': 3.525615554302736e-05, 'validation_fraction': 0.38445315793396606}]
/home/ryedida/.local/lib/python3.9/site-packages/sklearn/neural_network/_multilayer_perceptron.py:605: UserWarning: Got `batch_size` less than 1 or larger than sample size. It is going to be clipped
  warnings.warn(

/home/ryedida/.local/lib/python3.9/site-packages/sklearn/neural_network/_multilayer_perceptron.py:686: ConvergenceWarning: Stochastic Optimizer: Maximum iterations (200) reached and the optimization hasn't converged yet.
  warnings.warn(

function_evaluation time 0.942076 value 28877.782429 suggestion {'alpha': 0.03861379474102118, 'batch_size': 244, 'beta_1': 0.6989202473466047, 'beta_2': 0.9999187729825663, 'epsilon': 2.8689349764172663e-09, 'hidden_layer_sizes': 155, 'learning_rate_init': 0.0001946738642772149, 'tol': 3.525615554302736e-05, 'validation_fraction': 0.38445315793396606}
observation time 0.000006, current best 10234.242783 at iter 2
Failure in optimizer suggest. Falling back to random search.
name 'activ' is not defined
Traceback (most recent call last):
  File "/home/ryedida/.local/lib/python3.9/site-packages/bayesmark/experiment.py", line 126, in run_study
    next_points = optimizer.suggest(n_suggestions)
  File "/home/ryedida/bbo_challenge_starter_kit/example_submissions/smoothness/optimizer.py", line 109, in suggest
    betas = [self._get_smoothness_reg(guess) for guess in guesses]
  File "/home/ryedida/bbo_challenge_starter_kit/example_submissions/smoothness/optimizer.py", line 109, in <listcomp>
    betas = [self._get_smoothness_reg(guess) for guess in guesses]
  File "/home/ryedida/bbo_challenge_starter_kit/example_submissions/smoothness/optimizer.py", line 49, in _get_smoothness_reg
    if activ > Kz:
NameError: name 'activ' is not defined
suggestion time taken 0.329971 iter 3 next_points [{'alpha': 0.06876984118311286, 'batch_size': 100, 'beta_1': 0.9783520856736085, 'beta_2': 0.9996630013805573, 'epsilon': 9.084836623042321e-09, 'hidden_layer_sizes': 168, 'learning_rate_init': 0.0001147677089858051, 'tol': 0.0009097157512442364, 'validation_fraction': 0.8167717684511603}]
/home/ryedida/.local/lib/python3.9/site-packages/sklearn/neural_network/_multilayer_perceptron.py:605: UserWarning: Got `batch_size` less than 1 or larger than sample size. It is going to be clipped
  warnings.warn(

function_evaluation time 0.055023 value 29100.136360 suggestion {'alpha': 0.06876984118311286, 'batch_size': 100, 'beta_1': 0.9783520856736085, 'beta_2': 0.9996630013805573, 'epsilon': 9.084836623042321e-09, 'hidden_layer_sizes': 168, 'learning_rate_init': 0.0001147677089858051, 'tol': 0.0009097157512442364, 'validation_fraction': 0.8167717684511603}
observation time 0.000004, current best 10234.242783 at iter 3
Failure in optimizer suggest. Falling back to random search.
name 'activ' is not defined
Traceback (most recent call last):
  File "/home/ryedida/.local/lib/python3.9/site-packages/bayesmark/experiment.py", line 126, in run_study
    next_points = optimizer.suggest(n_suggestions)
  File "/home/ryedida/bbo_challenge_starter_kit/example_submissions/smoothness/optimizer.py", line 109, in suggest
    betas = [self._get_smoothness_reg(guess) for guess in guesses]
  File "/home/ryedida/bbo_challenge_starter_kit/example_submissions/smoothness/optimizer.py", line 109, in <listcomp>
    betas = [self._get_smoothness_reg(guess) for guess in guesses]
  File "/home/ryedida/bbo_challenge_starter_kit/example_submissions/smoothness/optimizer.py", line 49, in _get_smoothness_reg
    if activ > Kz:
NameError: name 'activ' is not defined
suggestion time taken 0.326391 iter 4 next_points [{'alpha': 5.544748015563683, 'batch_size': 62, 'beta_1': 0.9240157377493992, 'beta_2': 0.9940524834609133, 'epsilon': 1.0462381705052783e-09, 'hidden_layer_sizes': 61, 'learning_rate_init': 0.00522925357177807, 'tol': 0.00016458675555447222, 'validation_fraction': 0.4066487507692944}]
/home/ryedida/.local/lib/python3.9/site-packages/sklearn/neural_network/_multilayer_perceptron.py:686: ConvergenceWarning: Stochastic Optimizer: Maximum iterations (200) reached and the optimization hasn't converged yet.
  warnings.warn(

function_evaluation time 0.731843 value 3545.634408 suggestion {'alpha': 5.544748015563683, 'batch_size': 62, 'beta_1': 0.9240157377493992, 'beta_2': 0.9940524834609133, 'epsilon': 1.0462381705052783e-09, 'hidden_layer_sizes': 61, 'learning_rate_init': 0.00522925357177807, 'tol': 0.00016458675555447222, 'validation_fraction': 0.4066487507692944}
observation time 0.000006, current best 3545.634408 at iter 4
Failure in optimizer suggest. Falling back to random search.
name 'activ' is not defined
Traceback (most recent call last):
  File "/home/ryedida/.local/lib/python3.9/site-packages/bayesmark/experiment.py", line 126, in run_study
    next_points = optimizer.suggest(n_suggestions)
  File "/home/ryedida/bbo_challenge_starter_kit/example_submissions/smoothness/optimizer.py", line 109, in suggest
    betas = [self._get_smoothness_reg(guess) for guess in guesses]
  File "/home/ryedida/bbo_challenge_starter_kit/example_submissions/smoothness/optimizer.py", line 109, in <listcomp>
    betas = [self._get_smoothness_reg(guess) for guess in guesses]
  File "/home/ryedida/bbo_challenge_starter_kit/example_submissions/smoothness/optimizer.py", line 49, in _get_smoothness_reg
    if activ > Kz:
NameError: name 'activ' is not defined
suggestion time taken 0.333967 iter 5 next_points [{'alpha': 8.216077431164567, 'batch_size': 54, 'beta_1': 0.9869629674847367, 'beta_2': 0.9999924503224252, 'epsilon': 1.87813650375041e-08, 'hidden_layer_sizes': 182, 'learning_rate_init': 0.0001407490786601622, 'tol': 0.0010255453114594595, 'validation_fraction': 0.6393915745602551}]
function_evaluation time 0.078153 value 29057.305651 suggestion {'alpha': 8.216077431164567, 'batch_size': 54, 'beta_1': 0.9869629674847367, 'beta_2': 0.9999924503224252, 'epsilon': 1.87813650375041e-08, 'hidden_layer_sizes': 182, 'learning_rate_init': 0.0001407490786601622, 'tol': 0.0010255453114594595, 'validation_fraction': 0.6393915745602551}
observation time 0.000005, current best 3545.634408 at iter 5
Failure in optimizer suggest. Falling back to random search.
name 'activ' is not defined
Traceback (most recent call last):
  File "/home/ryedida/.local/lib/python3.9/site-packages/bayesmark/experiment.py", line 126, in run_study
    next_points = optimizer.suggest(n_suggestions)
  File "/home/ryedida/bbo_challenge_starter_kit/example_submissions/smoothness/optimizer.py", line 109, in suggest
    betas = [self._get_smoothness_reg(guess) for guess in guesses]
  File "/home/ryedida/bbo_challenge_starter_kit/example_submissions/smoothness/optimizer.py", line 109, in <listcomp>
    betas = [self._get_smoothness_reg(guess) for guess in guesses]
  File "/home/ryedida/bbo_challenge_starter_kit/example_submissions/smoothness/optimizer.py", line 49, in _get_smoothness_reg
    if activ > Kz:
NameError: name 'activ' is not defined
suggestion time taken 0.327137 iter 6 next_points [{'alpha': 0.0003485474903434771, 'batch_size': 142, 'beta_1': 0.8334718698449914, 'beta_2': 0.9996793606072685, 'epsilon': 1.5964327199679234e-08, 'hidden_layer_sizes': 135, 'learning_rate_init': 3.094169406909193e-05, 'tol': 0.023566824700184886, 'validation_fraction': 0.36036695983575134}]
function_evaluation time 0.078264 value 29099.881560 suggestion {'alpha': 0.0003485474903434771, 'batch_size': 142, 'beta_1': 0.8334718698449914, 'beta_2': 0.9996793606072685, 'epsilon': 1.5964327199679234e-08, 'hidden_layer_sizes': 135, 'learning_rate_init': 3.094169406909193e-05, 'tol': 0.023566824700184886, 'validation_fraction': 0.36036695983575134}
observation time 0.000006, current best 3545.634408 at iter 6
Failure in optimizer suggest. Falling back to random search.
name 'activ' is not defined
Traceback (most recent call last):
  File "/home/ryedida/.local/lib/python3.9/site-packages/bayesmark/experiment.py", line 126, in run_study
    next_points = optimizer.suggest(n_suggestions)
  File "/home/ryedida/bbo_challenge_starter_kit/example_submissions/smoothness/optimizer.py", line 109, in suggest
    betas = [self._get_smoothness_reg(guess) for guess in guesses]
  File "/home/ryedida/bbo_challenge_starter_kit/example_submissions/smoothness/optimizer.py", line 109, in <listcomp>
    betas = [self._get_smoothness_reg(guess) for guess in guesses]
  File "/home/ryedida/bbo_challenge_starter_kit/example_submissions/smoothness/optimizer.py", line 49, in _get_smoothness_reg
    if activ > Kz:
NameError: name 'activ' is not defined
suggestion time taken 0.459676 iter 7 next_points [{'alpha': 0.0006906397459177018, 'batch_size': 140, 'beta_1': 0.6180156621828182, 'beta_2': 0.9999968918294917, 'epsilon': 2.711400916809476e-07, 'hidden_layer_sizes': 109, 'learning_rate_init': 0.0006416449188723236, 'tol': 1.0322332513555742e-05, 'validation_fraction': 0.8234060324035067}]
/home/ryedida/.local/lib/python3.9/site-packages/sklearn/neural_network/_multilayer_perceptron.py:605: UserWarning: Got `batch_size` less than 1 or larger than sample size. It is going to be clipped
  warnings.warn(

/home/ryedida/.local/lib/python3.9/site-packages/sklearn/neural_network/_multilayer_perceptron.py:686: ConvergenceWarning: Stochastic Optimizer: Maximum iterations (200) reached and the optimization hasn't converged yet.
  warnings.warn(

function_evaluation time 0.663648 value 28206.162030 suggestion {'alpha': 0.0006906397459177018, 'batch_size': 140, 'beta_1': 0.6180156621828182, 'beta_2': 0.9999968918294917, 'epsilon': 2.711400916809476e-07, 'hidden_layer_sizes': 109, 'learning_rate_init': 0.0006416449188723236, 'tol': 1.0322332513555742e-05, 'validation_fraction': 0.8234060324035067}
observation time 0.000006, current best 3545.634408 at iter 7
Failure in optimizer suggest. Falling back to random search.
name 'activ' is not defined
Traceback (most recent call last):
  File "/home/ryedida/.local/lib/python3.9/site-packages/bayesmark/experiment.py", line 126, in run_study
    next_points = optimizer.suggest(n_suggestions)
  File "/home/ryedida/bbo_challenge_starter_kit/example_submissions/smoothness/optimizer.py", line 109, in suggest
    betas = [self._get_smoothness_reg(guess) for guess in guesses]
  File "/home/ryedida/bbo_challenge_starter_kit/example_submissions/smoothness/optimizer.py", line 109, in <listcomp>
    betas = [self._get_smoothness_reg(guess) for guess in guesses]
  File "/home/ryedida/bbo_challenge_starter_kit/example_submissions/smoothness/optimizer.py", line 49, in _get_smoothness_reg
    if activ > Kz:
NameError: name 'activ' is not defined
suggestion time taken 0.322109 iter 8 next_points [{'alpha': 0.3623746812848126, 'batch_size': 52, 'beta_1': 0.9841732828466744, 'beta_2': 0.9999809310934556, 'epsilon': 1.994354884331185e-09, 'hidden_layer_sizes': 93, 'learning_rate_init': 3.2029339328393524e-05, 'tol': 0.00046985191720973625, 'validation_fraction': 0.7035498879417462}]
function_evaluation time 0.060239 value 29136.516406 suggestion {'alpha': 0.3623746812848126, 'batch_size': 52, 'beta_1': 0.9841732828466744, 'beta_2': 0.9999809310934556, 'epsilon': 1.994354884331185e-09, 'hidden_layer_sizes': 93, 'learning_rate_init': 3.2029339328393524e-05, 'tol': 0.00046985191720973625, 'validation_fraction': 0.7035498879417462}
observation time 0.000006, current best 3545.634408 at iter 8
Failure in optimizer suggest. Falling back to random search.
name 'activ' is not defined
Traceback (most recent call last):
  File "/home/ryedida/.local/lib/python3.9/site-packages/bayesmark/experiment.py", line 126, in run_study
    next_points = optimizer.suggest(n_suggestions)
  File "/home/ryedida/bbo_challenge_starter_kit/example_submissions/smoothness/optimizer.py", line 109, in suggest
    betas = [self._get_smoothness_reg(guess) for guess in guesses]
  File "/home/ryedida/bbo_challenge_starter_kit/example_submissions/smoothness/optimizer.py", line 109, in <listcomp>
    betas = [self._get_smoothness_reg(guess) for guess in guesses]
  File "/home/ryedida/bbo_challenge_starter_kit/example_submissions/smoothness/optimizer.py", line 49, in _get_smoothness_reg
    if activ > Kz:
NameError: name 'activ' is not defined
suggestion time taken 0.323772 iter 9 next_points [{'alpha': 0.0011451499682474096, 'batch_size': 114, 'beta_1': 0.9589066263068696, 'beta_2': 0.994107543963887, 'epsilon': 7.717618688941905e-07, 'hidden_layer_sizes': 78, 'learning_rate_init': 0.0016485796535320413, 'tol': 0.00029847388707005337, 'validation_fraction': 0.7751215481448899}]
/home/ryedida/.local/lib/python3.9/site-packages/sklearn/neural_network/_multilayer_perceptron.py:605: UserWarning: Got `batch_size` less than 1 or larger than sample size. It is going to be clipped
  warnings.warn(

/home/ryedida/.local/lib/python3.9/site-packages/sklearn/neural_network/_multilayer_perceptron.py:686: ConvergenceWarning: Stochastic Optimizer: Maximum iterations (200) reached and the optimization hasn't converged yet.
  warnings.warn(

function_evaluation time 0.594411 value 27111.347246 suggestion {'alpha': 0.0011451499682474096, 'batch_size': 114, 'beta_1': 0.9589066263068696, 'beta_2': 0.994107543963887, 'epsilon': 7.717618688941905e-07, 'hidden_layer_sizes': 78, 'learning_rate_init': 0.0016485796535320413, 'tol': 0.00029847388707005337, 'validation_fraction': 0.7751215481448899}
observation time 0.000006, current best 3545.634408 at iter 9
Failure in optimizer suggest. Falling back to random search.
name 'activ' is not defined
Traceback (most recent call last):
  File "/home/ryedida/.local/lib/python3.9/site-packages/bayesmark/experiment.py", line 126, in run_study
    next_points = optimizer.suggest(n_suggestions)
  File "/home/ryedida/bbo_challenge_starter_kit/example_submissions/smoothness/optimizer.py", line 109, in suggest
    betas = [self._get_smoothness_reg(guess) for guess in guesses]
  File "/home/ryedida/bbo_challenge_starter_kit/example_submissions/smoothness/optimizer.py", line 109, in <listcomp>
    betas = [self._get_smoothness_reg(guess) for guess in guesses]
  File "/home/ryedida/bbo_challenge_starter_kit/example_submissions/smoothness/optimizer.py", line 49, in _get_smoothness_reg
    if activ > Kz:
NameError: name 'activ' is not defined
suggestion time taken 0.321301 iter 10 next_points [{'alpha': 0.0007132785462505035, 'batch_size': 51, 'beta_1': 0.8842845263054047, 'beta_2': 0.9995349864194881, 'epsilon': 1.5002242837514236e-09, 'hidden_layer_sizes': 70, 'learning_rate_init': 1.494931958295627e-05, 'tol': 0.00878700377451267, 'validation_fraction': 0.1007382123618484}]
function_evaluation time 0.071823 value 29107.309132 suggestion {'alpha': 0.0007132785462505035, 'batch_size': 51, 'beta_1': 0.8842845263054047, 'beta_2': 0.9995349864194881, 'epsilon': 1.5002242837514236e-09, 'hidden_layer_sizes': 70, 'learning_rate_init': 1.494931958295627e-05, 'tol': 0.00878700377451267, 'validation_fraction': 0.1007382123618484}
observation time 0.000006, current best 3545.634408 at iter 10
Failure in optimizer suggest. Falling back to random search.
name 'activ' is not defined
Traceback (most recent call last):
  File "/home/ryedida/.local/lib/python3.9/site-packages/bayesmark/experiment.py", line 126, in run_study
    next_points = optimizer.suggest(n_suggestions)
  File "/home/ryedida/bbo_challenge_starter_kit/example_submissions/smoothness/optimizer.py", line 109, in suggest
    betas = [self._get_smoothness_reg(guess) for guess in guesses]
  File "/home/ryedida/bbo_challenge_starter_kit/example_submissions/smoothness/optimizer.py", line 109, in <listcomp>
    betas = [self._get_smoothness_reg(guess) for guess in guesses]
  File "/home/ryedida/bbo_challenge_starter_kit/example_submissions/smoothness/optimizer.py", line 49, in _get_smoothness_reg
    if activ > Kz:
NameError: name 'activ' is not defined
suggestion time taken 0.322864 iter 11 next_points [{'alpha': 9.846395013246978, 'batch_size': 231, 'beta_1': 0.8116878759827312, 'beta_2': 0.9560353277753137, 'epsilon': 1.6397582698362847e-08, 'hidden_layer_sizes': 89, 'learning_rate_init': 0.034286844586638464, 'tol': 0.0013005127980493158, 'validation_fraction': 0.14054884126876993}]
function_evaluation time 0.601038 value 3164.614430 suggestion {'alpha': 9.846395013246978, 'batch_size': 231, 'beta_1': 0.8116878759827312, 'beta_2': 0.9560353277753137, 'epsilon': 1.6397582698362847e-08, 'hidden_layer_sizes': 89, 'learning_rate_init': 0.034286844586638464, 'tol': 0.0013005127980493158, 'validation_fraction': 0.14054884126876993}
observation time 0.000006, current best 3164.614430 at iter 11
Failure in optimizer suggest. Falling back to random search.
name 'activ' is not defined
Traceback (most recent call last):
  File "/home/ryedida/.local/lib/python3.9/site-packages/bayesmark/experiment.py", line 126, in run_study
    next_points = optimizer.suggest(n_suggestions)
  File "/home/ryedida/bbo_challenge_starter_kit/example_submissions/smoothness/optimizer.py", line 109, in suggest
    betas = [self._get_smoothness_reg(guess) for guess in guesses]
  File "/home/ryedida/bbo_challenge_starter_kit/example_submissions/smoothness/optimizer.py", line 109, in <listcomp>
    betas = [self._get_smoothness_reg(guess) for guess in guesses]
  File "/home/ryedida/bbo_challenge_starter_kit/example_submissions/smoothness/optimizer.py", line 49, in _get_smoothness_reg
    if activ > Kz:
NameError: name 'activ' is not defined
suggestion time taken 0.321307 iter 12 next_points [{'alpha': 0.019245880120097102, 'batch_size': 113, 'beta_1': 0.8667397258181572, 'beta_2': 0.9812389303655623, 'epsilon': 1.0547376098348301e-08, 'hidden_layer_sizes': 58, 'learning_rate_init': 0.0007619798090805893, 'tol': 0.0026643661198484415, 'validation_fraction': 0.11642342126386326}]
function_evaluation time 0.051617 value 29017.548312 suggestion {'alpha': 0.019245880120097102, 'batch_size': 113, 'beta_1': 0.8667397258181572, 'beta_2': 0.9812389303655623, 'epsilon': 1.0547376098348301e-08, 'hidden_layer_sizes': 58, 'learning_rate_init': 0.0007619798090805893, 'tol': 0.0026643661198484415, 'validation_fraction': 0.11642342126386326}
observation time 0.000006, current best 3164.614430 at iter 12
Failure in optimizer suggest. Falling back to random search.
name 'activ' is not defined
Traceback (most recent call last):
  File "/home/ryedida/.local/lib/python3.9/site-packages/bayesmark/experiment.py", line 126, in run_study
    next_points = optimizer.suggest(n_suggestions)
  File "/home/ryedida/bbo_challenge_starter_kit/example_submissions/smoothness/optimizer.py", line 109, in suggest
    betas = [self._get_smoothness_reg(guess) for guess in guesses]
  File "/home/ryedida/bbo_challenge_starter_kit/example_submissions/smoothness/optimizer.py", line 109, in <listcomp>
    betas = [self._get_smoothness_reg(guess) for guess in guesses]
  File "/home/ryedida/bbo_challenge_starter_kit/example_submissions/smoothness/optimizer.py", line 49, in _get_smoothness_reg
    if activ > Kz:
NameError: name 'activ' is not defined
suggestion time taken 0.332451 iter 13 next_points [{'alpha': 1.3308937560736636, 'batch_size': 204, 'beta_1': 0.5959134229644274, 'beta_2': 0.9772406933477832, 'epsilon': 2.2662953559386138e-08, 'hidden_layer_sizes': 194, 'learning_rate_init': 6.787085686227621e-05, 'tol': 0.0003630869909195762, 'validation_fraction': 0.26164506639671}]
function_evaluation time 0.091725 value 29142.269759 suggestion {'alpha': 1.3308937560736636, 'batch_size': 204, 'beta_1': 0.5959134229644274, 'beta_2': 0.9772406933477832, 'epsilon': 2.2662953559386138e-08, 'hidden_layer_sizes': 194, 'learning_rate_init': 6.787085686227621e-05, 'tol': 0.0003630869909195762, 'validation_fraction': 0.26164506639671}
observation time 0.000006, current best 3164.614430 at iter 13
Failure in optimizer suggest. Falling back to random search.
name 'activ' is not defined
Traceback (most recent call last):
  File "/home/ryedida/.local/lib/python3.9/site-packages/bayesmark/experiment.py", line 126, in run_study
    next_points = optimizer.suggest(n_suggestions)
  File "/home/ryedida/bbo_challenge_starter_kit/example_submissions/smoothness/optimizer.py", line 109, in suggest
    betas = [self._get_smoothness_reg(guess) for guess in guesses]
  File "/home/ryedida/bbo_challenge_starter_kit/example_submissions/smoothness/optimizer.py", line 109, in <listcomp>
    betas = [self._get_smoothness_reg(guess) for guess in guesses]
  File "/home/ryedida/bbo_challenge_starter_kit/example_submissions/smoothness/optimizer.py", line 49, in _get_smoothness_reg
    if activ > Kz:
NameError: name 'activ' is not defined
suggestion time taken 0.344018 iter 14 next_points [{'alpha': 0.08871672824366336, 'batch_size': 138, 'beta_1': 0.9895394245934982, 'beta_2': 0.9999055416474925, 'epsilon': 1.0011686058955718e-07, 'hidden_layer_sizes': 85, 'learning_rate_init': 6.936988872353912e-05, 'tol': 0.00270637599530136, 'validation_fraction': 0.30177884110088243}]
function_evaluation time 0.065540 value 29093.337716 suggestion {'alpha': 0.08871672824366336, 'batch_size': 138, 'beta_1': 0.9895394245934982, 'beta_2': 0.9999055416474925, 'epsilon': 1.0011686058955718e-07, 'hidden_layer_sizes': 85, 'learning_rate_init': 6.936988872353912e-05, 'tol': 0.00270637599530136, 'validation_fraction': 0.30177884110088243}
observation time 0.000003, current best 3164.614430 at iter 14
saving meta data: {'args': {'--uuid': '6111006f694b5a269b29913d41ac75e7', '-db-root': '/home/ryedida/bbo_challenge_starter_kit/output', '--opt-root': '/home/ryedida/bbo_challenge_starter_kit/example_submissions', '--data-root': None, '--db': 'run_20230427_004608', '--opt': 'smoothness', '--data': 'diabetes', '--classifier': 'MLP-adam', '--metric': 'mse', '--calls': 15, '--suggestions': 1, '--jobs-file': None, '--verbose': False, 'dry_run': False, 'rev': 'a376313', 'opt_rev': 'x.x.x'}, 'signature': ([{'alpha': 0.019628224813442792, 'batch_size': 182, 'beta_1': 0.9410202200271762, 'beta_2': 0.9998021557676793, 'epsilon': 1.8662266976518e-08, 'hidden_layer_sizes': 147, 'learning_rate_init': 0.0005627932047415167, 'tol': 0.03690557729213761, 'validation_fraction': 0.8846827852548593}, {'alpha': 0.0019982467392329444, 'batch_size': 200, 'beta_1': 0.919111482530466, 'beta_2': 0.9998488260436156, 'epsilon': 5.981221901152555e-07, 'hidden_layer_sizes': 61, 'learning_rate_init': 2.2310905607443014e-05, 'tol': 1.2046852412030316e-05, 'validation_fraction': 0.8117896445826539}, {'alpha': 0.46659545670218433, 'batch_size': 219, 'beta_1': 0.9889789783750891, 'beta_2': 0.9999896868093284, 'epsilon': 2.4234724484675948e-08, 'hidden_layer_sizes': 167, 'learning_rate_init': 2.972334644335654e-05, 'tol': 0.0036281404040243792, 'validation_fraction': 0.17260651658522078}, {'alpha': 4.656005689076002, 'batch_size': 135, 'beta_1': 0.870503881627747, 'beta_2': 0.9948873266941017, 'epsilon': 2.1023308743480125e-07, 'hidden_layer_sizes': 118, 'learning_rate_init': 0.0018781738757161913, 'tol': 1.1889379831773004e-05, 'validation_fraction': 0.6264327093752792}, {'alpha': 0.04705159350400542, 'batch_size': 158, 'beta_1': 0.9870884262730957, 'beta_2': 0.9999596874382349, 'epsilon': 1.1981845126013875e-08, 'hidden_layer_sizes': 116, 'learning_rate_init': 0.00617340520407431, 'tol': 1.741413418158619e-05, 'validation_fraction': 0.6754299026638921}], [29083.993548572587, 29062.423277324073, 29075.78987471409, 24626.32866834337, 9584.226858493177])}
saving results
saving timing
saving suggest log
done
