running: {'--uuid': '8c6f3b81d3835cc69bc0d91ed99a0e36', '-db-root': '/home/ryedida/bbo_challenge_starter_kit/output', '--opt-root': '/home/ryedida/bbo_challenge_starter_kit/example_submissions', '--data-root': None, '--db': 'run_20230427_004608', '--opt': 'smoothness', '--data': 'diabetes', '--classifier': 'MLP-adam', '--metric': 'mse', '--calls': 15, '--suggestions': 1, '--jobs-file': None, '--verbose': False, 'dry_run': False, 'rev': 'a376313', 'opt_rev': 'x.x.x'}
cmd: python smoothness/optimizer.py -c MLP-adam -d diabetes -o smoothness -u 8c6f3b81d3835cc69bc0d91ed99a0e36 -m mse -n 15 -p 1 -dir /home/ryedida/bbo_challenge_starter_kit/output -b run_20230427_004608
/home/ryedida/.local/lib/python3.9/site-packages/sklearn/neural_network/_multilayer_perceptron.py:605: UserWarning: Got `batch_size` less than 1 or larger than sample size. It is going to be clipped
  warnings.warn(

/home/ryedida/.local/lib/python3.9/site-packages/sklearn/neural_network/_multilayer_perceptron.py:605: UserWarning: Got `batch_size` less than 1 or larger than sample size. It is going to be clipped
  warnings.warn(

/home/ryedida/.local/lib/python3.9/site-packages/sklearn/neural_network/_multilayer_perceptron.py:605: UserWarning: Got `batch_size` less than 1 or larger than sample size. It is going to be clipped
  warnings.warn(

/home/ryedida/.local/lib/python3.9/site-packages/sklearn/neural_network/_multilayer_perceptron.py:686: ConvergenceWarning: Stochastic Optimizer: Maximum iterations (200) reached and the optimization hasn't converged yet.
  warnings.warn(

/home/ryedida/.local/lib/python3.9/site-packages/sklearn/neural_network/_multilayer_perceptron.py:605: UserWarning: Got `batch_size` less than 1 or larger than sample size. It is going to be clipped
  warnings.warn(

/home/ryedida/.local/lib/python3.9/site-packages/sklearn/neural_network/_multilayer_perceptron.py:686: ConvergenceWarning: Stochastic Optimizer: Maximum iterations (200) reached and the optimization hasn't converged yet.
  warnings.warn(

computed signature: ([{'alpha': 0.019628224813442792, 'batch_size': 182, 'beta_1': 0.9410202200271762, 'beta_2': 0.9998021557676793, 'epsilon': 1.8662266976518e-08, 'hidden_layer_sizes': 147, 'learning_rate_init': 0.0005627932047415167, 'tol': 0.03690557729213761, 'validation_fraction': 0.8846827852548593}, {'alpha': 0.0019982467392329444, 'batch_size': 200, 'beta_1': 0.919111482530466, 'beta_2': 0.9998488260436156, 'epsilon': 5.981221901152555e-07, 'hidden_layer_sizes': 61, 'learning_rate_init': 2.2310905607443014e-05, 'tol': 1.2046852412030316e-05, 'validation_fraction': 0.8117896445826539}, {'alpha': 0.46659545670218433, 'batch_size': 219, 'beta_1': 0.9889789783750891, 'beta_2': 0.9999896868093284, 'epsilon': 2.4234724484675948e-08, 'hidden_layer_sizes': 167, 'learning_rate_init': 2.972334644335654e-05, 'tol': 0.0036281404040243792, 'validation_fraction': 0.17260651658522078}, {'alpha': 4.656005689076002, 'batch_size': 135, 'beta_1': 0.870503881627747, 'beta_2': 0.9948873266941017, 'epsilon': 2.1023308743480125e-07, 'hidden_layer_sizes': 118, 'learning_rate_init': 0.0018781738757161913, 'tol': 1.1889379831773004e-05, 'validation_fraction': 0.6264327093752792}, {'alpha': 0.04705159350400542, 'batch_size': 158, 'beta_1': 0.9870884262730957, 'beta_2': 0.9999596874382349, 'epsilon': 1.1981845126013875e-08, 'hidden_layer_sizes': 116, 'learning_rate_init': 0.00617340520407431, 'tol': 1.741413418158619e-05, 'validation_fraction': 0.6754299026638921}], [29083.993548572587, 29062.423277324073, 29075.78987471409, 24626.32866834337, 9584.226858493177])
Signature errors:
                              0         1         2         3         4       max
MLP-adam_diabetes_mse  0.000007  0.000008  0.000003  0.003558  0.004952  0.004952
max                    0.000007  0.000008  0.000003  0.003558  0.004952  0.004952
starting sklearn study smoothness MLP-adam diabetes mse 15 1
with data root: None
Failure in optimizer suggest. Falling back to random search.
name 'activ' is not defined
Traceback (most recent call last):
  File "/home/ryedida/.local/lib/python3.9/site-packages/bayesmark/experiment.py", line 126, in run_study
    next_points = optimizer.suggest(n_suggestions)
  File "/home/ryedida/bbo_challenge_starter_kit/example_submissions/smoothness/optimizer.py", line 109, in suggest
    betas = [self._get_smoothness_reg(guess) for guess in guesses]
  File "/home/ryedida/bbo_challenge_starter_kit/example_submissions/smoothness/optimizer.py", line 109, in <listcomp>
    betas = [self._get_smoothness_reg(guess) for guess in guesses]
  File "/home/ryedida/bbo_challenge_starter_kit/example_submissions/smoothness/optimizer.py", line 49, in _get_smoothness_reg
    if activ > Kz:
NameError: name 'activ' is not defined
suggestion time taken 0.497540 iter 0 next_points [{'alpha': 1.9348803296309098e-05, 'batch_size': 32, 'beta_1': 0.9705401620205321, 'beta_2': 0.9999983674413648, 'epsilon': 5.345816765240165e-07, 'hidden_layer_sizes': 124, 'learning_rate_init': 0.00017764895311479402, 'tol': 0.0002849686083580609, 'validation_fraction': 0.865504998387791}]
function_evaluation time 0.206252 value 28999.880377 suggestion {'alpha': 1.9348803296309098e-05, 'batch_size': 32, 'beta_1': 0.9705401620205321, 'beta_2': 0.9999983674413648, 'epsilon': 5.345816765240165e-07, 'hidden_layer_sizes': 124, 'learning_rate_init': 0.00017764895311479402, 'tol': 0.0002849686083580609, 'validation_fraction': 0.865504998387791}
observation time 0.000007, current best 28999.880377 at iter 0
Failure in optimizer suggest. Falling back to random search.
name 'activ' is not defined
Traceback (most recent call last):
  File "/home/ryedida/.local/lib/python3.9/site-packages/bayesmark/experiment.py", line 126, in run_study
    next_points = optimizer.suggest(n_suggestions)
  File "/home/ryedida/bbo_challenge_starter_kit/example_submissions/smoothness/optimizer.py", line 109, in suggest
    betas = [self._get_smoothness_reg(guess) for guess in guesses]
  File "/home/ryedida/bbo_challenge_starter_kit/example_submissions/smoothness/optimizer.py", line 109, in <listcomp>
    betas = [self._get_smoothness_reg(guess) for guess in guesses]
  File "/home/ryedida/bbo_challenge_starter_kit/example_submissions/smoothness/optimizer.py", line 49, in _get_smoothness_reg
    if activ > Kz:
NameError: name 'activ' is not defined
suggestion time taken 0.327852 iter 1 next_points [{'alpha': 0.0008094417734010841, 'batch_size': 109, 'beta_1': 0.6046437623740781, 'beta_2': 0.9816246880663443, 'epsilon': 2.050808368166042e-07, 'hidden_layer_sizes': 121, 'learning_rate_init': 0.0107652522862724, 'tol': 0.005187218862386786, 'validation_fraction': 0.8211017703685248}]
/home/ryedida/.local/lib/python3.9/site-packages/sklearn/neural_network/_multilayer_perceptron.py:605: UserWarning: Got `batch_size` less than 1 or larger than sample size. It is going to be clipped
  warnings.warn(

function_evaluation time 0.509495 value 4025.094168 suggestion {'alpha': 0.0008094417734010841, 'batch_size': 109, 'beta_1': 0.6046437623740781, 'beta_2': 0.9816246880663443, 'epsilon': 2.050808368166042e-07, 'hidden_layer_sizes': 121, 'learning_rate_init': 0.0107652522862724, 'tol': 0.005187218862386786, 'validation_fraction': 0.8211017703685248}
observation time 0.000004, current best 4025.094168 at iter 1
Failure in optimizer suggest. Falling back to random search.
name 'activ' is not defined
Traceback (most recent call last):
  File "/home/ryedida/.local/lib/python3.9/site-packages/bayesmark/experiment.py", line 126, in run_study
    next_points = optimizer.suggest(n_suggestions)
  File "/home/ryedida/bbo_challenge_starter_kit/example_submissions/smoothness/optimizer.py", line 109, in suggest
    betas = [self._get_smoothness_reg(guess) for guess in guesses]
  File "/home/ryedida/bbo_challenge_starter_kit/example_submissions/smoothness/optimizer.py", line 109, in <listcomp>
    betas = [self._get_smoothness_reg(guess) for guess in guesses]
  File "/home/ryedida/bbo_challenge_starter_kit/example_submissions/smoothness/optimizer.py", line 49, in _get_smoothness_reg
    if activ > Kz:
NameError: name 'activ' is not defined
suggestion time taken 0.328973 iter 2 next_points [{'alpha': 0.07669927547736988, 'batch_size': 227, 'beta_1': 0.9097224882887689, 'beta_2': 0.9410533250108277, 'epsilon': 1.0818561962169709e-08, 'hidden_layer_sizes': 65, 'learning_rate_init': 0.05876246185238394, 'tol': 0.010392896711071416, 'validation_fraction': 0.8294110693132594}]
/home/ryedida/.local/lib/python3.9/site-packages/sklearn/neural_network/_multilayer_perceptron.py:605: UserWarning: Got `batch_size` less than 1 or larger than sample size. It is going to be clipped
  warnings.warn(

function_evaluation time 0.178784 value 4119.670369 suggestion {'alpha': 0.07669927547736988, 'batch_size': 227, 'beta_1': 0.9097224882887689, 'beta_2': 0.9410533250108277, 'epsilon': 1.0818561962169709e-08, 'hidden_layer_sizes': 65, 'learning_rate_init': 0.05876246185238394, 'tol': 0.010392896711071416, 'validation_fraction': 0.8294110693132594}
observation time 0.000005, current best 4025.094168 at iter 2
Failure in optimizer suggest. Falling back to random search.
name 'activ' is not defined
Traceback (most recent call last):
  File "/home/ryedida/.local/lib/python3.9/site-packages/bayesmark/experiment.py", line 126, in run_study
    next_points = optimizer.suggest(n_suggestions)
  File "/home/ryedida/bbo_challenge_starter_kit/example_submissions/smoothness/optimizer.py", line 109, in suggest
    betas = [self._get_smoothness_reg(guess) for guess in guesses]
  File "/home/ryedida/bbo_challenge_starter_kit/example_submissions/smoothness/optimizer.py", line 109, in <listcomp>
    betas = [self._get_smoothness_reg(guess) for guess in guesses]
  File "/home/ryedida/bbo_challenge_starter_kit/example_submissions/smoothness/optimizer.py", line 49, in _get_smoothness_reg
    if activ > Kz:
NameError: name 'activ' is not defined
suggestion time taken 0.327952 iter 3 next_points [{'alpha': 0.09229015116646604, 'batch_size': 238, 'beta_1': 0.5011544010736396, 'beta_2': 0.9999915480371705, 'epsilon': 3.697939873472284e-07, 'hidden_layer_sizes': 61, 'learning_rate_init': 0.0005173087878252591, 'tol': 1.4532619709277852e-05, 'validation_fraction': 0.16671879836230913}]
/home/ryedida/.local/lib/python3.9/site-packages/sklearn/neural_network/_multilayer_perceptron.py:686: ConvergenceWarning: Stochastic Optimizer: Maximum iterations (200) reached and the optimization hasn't converged yet.
  warnings.warn(

function_evaluation time 0.771530 value 28713.947831 suggestion {'alpha': 0.09229015116646604, 'batch_size': 238, 'beta_1': 0.5011544010736396, 'beta_2': 0.9999915480371705, 'epsilon': 3.697939873472284e-07, 'hidden_layer_sizes': 61, 'learning_rate_init': 0.0005173087878252591, 'tol': 1.4532619709277852e-05, 'validation_fraction': 0.16671879836230913}
observation time 0.000005, current best 4025.094168 at iter 3
Failure in optimizer suggest. Falling back to random search.
name 'activ' is not defined
Traceback (most recent call last):
  File "/home/ryedida/.local/lib/python3.9/site-packages/bayesmark/experiment.py", line 126, in run_study
    next_points = optimizer.suggest(n_suggestions)
  File "/home/ryedida/bbo_challenge_starter_kit/example_submissions/smoothness/optimizer.py", line 109, in suggest
    betas = [self._get_smoothness_reg(guess) for guess in guesses]
  File "/home/ryedida/bbo_challenge_starter_kit/example_submissions/smoothness/optimizer.py", line 109, in <listcomp>
    betas = [self._get_smoothness_reg(guess) for guess in guesses]
  File "/home/ryedida/bbo_challenge_starter_kit/example_submissions/smoothness/optimizer.py", line 49, in _get_smoothness_reg
    if activ > Kz:
NameError: name 'activ' is not defined
suggestion time taken 0.329098 iter 4 next_points [{'alpha': 4.937305193084886, 'batch_size': 67, 'beta_1': 0.9781567810755488, 'beta_2': 0.9974840655369117, 'epsilon': 3.4312699938828462e-09, 'hidden_layer_sizes': 129, 'learning_rate_init': 0.0002818863898110335, 'tol': 0.0018413408677413823, 'validation_fraction': 0.49614152530156913}]
function_evaluation time 0.085358 value 29041.924609 suggestion {'alpha': 4.937305193084886, 'batch_size': 67, 'beta_1': 0.9781567810755488, 'beta_2': 0.9974840655369117, 'epsilon': 3.4312699938828462e-09, 'hidden_layer_sizes': 129, 'learning_rate_init': 0.0002818863898110335, 'tol': 0.0018413408677413823, 'validation_fraction': 0.49614152530156913}
observation time 0.000005, current best 4025.094168 at iter 4
Failure in optimizer suggest. Falling back to random search.
name 'activ' is not defined
Traceback (most recent call last):
  File "/home/ryedida/.local/lib/python3.9/site-packages/bayesmark/experiment.py", line 126, in run_study
    next_points = optimizer.suggest(n_suggestions)
  File "/home/ryedida/bbo_challenge_starter_kit/example_submissions/smoothness/optimizer.py", line 109, in suggest
    betas = [self._get_smoothness_reg(guess) for guess in guesses]
  File "/home/ryedida/bbo_challenge_starter_kit/example_submissions/smoothness/optimizer.py", line 109, in <listcomp>
    betas = [self._get_smoothness_reg(guess) for guess in guesses]
  File "/home/ryedida/bbo_challenge_starter_kit/example_submissions/smoothness/optimizer.py", line 49, in _get_smoothness_reg
    if activ > Kz:
NameError: name 'activ' is not defined
suggestion time taken 0.327584 iter 5 next_points [{'alpha': 0.0005444626327366672, 'batch_size': 156, 'beta_1': 0.9713225775822124, 'beta_2': 0.9999981758552312, 'epsilon': 3.417668909641512e-08, 'hidden_layer_sizes': 165, 'learning_rate_init': 0.009112012615678271, 'tol': 0.05994360860153908, 'validation_fraction': 0.7726907093364098}]
/home/ryedida/.local/lib/python3.9/site-packages/sklearn/neural_network/_multilayer_perceptron.py:605: UserWarning: Got `batch_size` less than 1 or larger than sample size. It is going to be clipped
  warnings.warn(

function_evaluation time 0.058778 value 28504.969475 suggestion {'alpha': 0.0005444626327366672, 'batch_size': 156, 'beta_1': 0.9713225775822124, 'beta_2': 0.9999981758552312, 'epsilon': 3.417668909641512e-08, 'hidden_layer_sizes': 165, 'learning_rate_init': 0.009112012615678271, 'tol': 0.05994360860153908, 'validation_fraction': 0.7726907093364098}
observation time 0.000004, current best 4025.094168 at iter 5
Failure in optimizer suggest. Falling back to random search.
name 'activ' is not defined
Traceback (most recent call last):
  File "/home/ryedida/.local/lib/python3.9/site-packages/bayesmark/experiment.py", line 126, in run_study
    next_points = optimizer.suggest(n_suggestions)
  File "/home/ryedida/bbo_challenge_starter_kit/example_submissions/smoothness/optimizer.py", line 109, in suggest
    betas = [self._get_smoothness_reg(guess) for guess in guesses]
  File "/home/ryedida/bbo_challenge_starter_kit/example_submissions/smoothness/optimizer.py", line 109, in <listcomp>
    betas = [self._get_smoothness_reg(guess) for guess in guesses]
  File "/home/ryedida/bbo_challenge_starter_kit/example_submissions/smoothness/optimizer.py", line 49, in _get_smoothness_reg
    if activ > Kz:
NameError: name 'activ' is not defined
suggestion time taken 0.328245 iter 6 next_points [{'alpha': 0.6494342526875777, 'batch_size': 34, 'beta_1': 0.9426091313338661, 'beta_2': 0.9999524178261207, 'epsilon': 3.87023726727953e-09, 'hidden_layer_sizes': 181, 'learning_rate_init': 1.2612545656806156e-05, 'tol': 0.03807247651592557, 'validation_fraction': 0.41446214556506433}]
function_evaluation time 0.122321 value 29067.991946 suggestion {'alpha': 0.6494342526875777, 'batch_size': 34, 'beta_1': 0.9426091313338661, 'beta_2': 0.9999524178261207, 'epsilon': 3.87023726727953e-09, 'hidden_layer_sizes': 181, 'learning_rate_init': 1.2612545656806156e-05, 'tol': 0.03807247651592557, 'validation_fraction': 0.41446214556506433}
observation time 0.000005, current best 4025.094168 at iter 6
Failure in optimizer suggest. Falling back to random search.
name 'activ' is not defined
Traceback (most recent call last):
  File "/home/ryedida/.local/lib/python3.9/site-packages/bayesmark/experiment.py", line 126, in run_study
    next_points = optimizer.suggest(n_suggestions)
  File "/home/ryedida/bbo_challenge_starter_kit/example_submissions/smoothness/optimizer.py", line 109, in suggest
    betas = [self._get_smoothness_reg(guess) for guess in guesses]
  File "/home/ryedida/bbo_challenge_starter_kit/example_submissions/smoothness/optimizer.py", line 109, in <listcomp>
    betas = [self._get_smoothness_reg(guess) for guess in guesses]
  File "/home/ryedida/bbo_challenge_starter_kit/example_submissions/smoothness/optimizer.py", line 49, in _get_smoothness_reg
    if activ > Kz:
NameError: name 'activ' is not defined
suggestion time taken 0.455107 iter 7 next_points [{'alpha': 0.07877175482416592, 'batch_size': 108, 'beta_1': 0.9820164883462932, 'beta_2': 0.9988490840722503, 'epsilon': 1.1788718420753398e-08, 'hidden_layer_sizes': 87, 'learning_rate_init': 7.167580804586008e-05, 'tol': 0.00023835923710359552, 'validation_fraction': 0.11992106263135366}]
function_evaluation time 0.085758 value 29085.686147 suggestion {'alpha': 0.07877175482416592, 'batch_size': 108, 'beta_1': 0.9820164883462932, 'beta_2': 0.9988490840722503, 'epsilon': 1.1788718420753398e-08, 'hidden_layer_sizes': 87, 'learning_rate_init': 7.167580804586008e-05, 'tol': 0.00023835923710359552, 'validation_fraction': 0.11992106263135366}
observation time 0.000005, current best 4025.094168 at iter 7
Failure in optimizer suggest. Falling back to random search.
name 'activ' is not defined
Traceback (most recent call last):
  File "/home/ryedida/.local/lib/python3.9/site-packages/bayesmark/experiment.py", line 126, in run_study
    next_points = optimizer.suggest(n_suggestions)
  File "/home/ryedida/bbo_challenge_starter_kit/example_submissions/smoothness/optimizer.py", line 109, in suggest
    betas = [self._get_smoothness_reg(guess) for guess in guesses]
  File "/home/ryedida/bbo_challenge_starter_kit/example_submissions/smoothness/optimizer.py", line 109, in <listcomp>
    betas = [self._get_smoothness_reg(guess) for guess in guesses]
  File "/home/ryedida/bbo_challenge_starter_kit/example_submissions/smoothness/optimizer.py", line 49, in _get_smoothness_reg
    if activ > Kz:
NameError: name 'activ' is not defined
suggestion time taken 0.322158 iter 8 next_points [{'alpha': 3.2765285223394014, 'batch_size': 122, 'beta_1': 0.9576585101233192, 'beta_2': 0.9996185382106364, 'epsilon': 7.925453222988832e-09, 'hidden_layer_sizes': 119, 'learning_rate_init': 0.0090288258996659, 'tol': 0.027073176224230538, 'validation_fraction': 0.12661438485204188}]
function_evaluation time 0.468082 value 4534.053108 suggestion {'alpha': 3.2765285223394014, 'batch_size': 122, 'beta_1': 0.9576585101233192, 'beta_2': 0.9996185382106364, 'epsilon': 7.925453222988832e-09, 'hidden_layer_sizes': 119, 'learning_rate_init': 0.0090288258996659, 'tol': 0.027073176224230538, 'validation_fraction': 0.12661438485204188}
observation time 0.000005, current best 4025.094168 at iter 8
Failure in optimizer suggest. Falling back to random search.
name 'activ' is not defined
Traceback (most recent call last):
  File "/home/ryedida/.local/lib/python3.9/site-packages/bayesmark/experiment.py", line 126, in run_study
    next_points = optimizer.suggest(n_suggestions)
  File "/home/ryedida/bbo_challenge_starter_kit/example_submissions/smoothness/optimizer.py", line 109, in suggest
    betas = [self._get_smoothness_reg(guess) for guess in guesses]
  File "/home/ryedida/bbo_challenge_starter_kit/example_submissions/smoothness/optimizer.py", line 109, in <listcomp>
    betas = [self._get_smoothness_reg(guess) for guess in guesses]
  File "/home/ryedida/bbo_challenge_starter_kit/example_submissions/smoothness/optimizer.py", line 49, in _get_smoothness_reg
    if activ > Kz:
NameError: name 'activ' is not defined
suggestion time taken 0.320705 iter 9 next_points [{'alpha': 0.4528642643989036, 'batch_size': 96, 'beta_1': 0.8772439391850809, 'beta_2': 0.9984988931753123, 'epsilon': 3.993559775387835e-09, 'hidden_layer_sizes': 108, 'learning_rate_init': 0.006643525752634995, 'tol': 8.113726209175876e-05, 'validation_fraction': 0.22069097399646143}]
/home/ryedida/.local/lib/python3.9/site-packages/sklearn/neural_network/_multilayer_perceptron.py:686: ConvergenceWarning: Stochastic Optimizer: Maximum iterations (200) reached and the optimization hasn't converged yet.
  warnings.warn(

function_evaluation time 1.267896 value 3091.940029 suggestion {'alpha': 0.4528642643989036, 'batch_size': 96, 'beta_1': 0.8772439391850809, 'beta_2': 0.9984988931753123, 'epsilon': 3.993559775387835e-09, 'hidden_layer_sizes': 108, 'learning_rate_init': 0.006643525752634995, 'tol': 8.113726209175876e-05, 'validation_fraction': 0.22069097399646143}
observation time 0.000005, current best 3091.940029 at iter 9
Failure in optimizer suggest. Falling back to random search.
name 'activ' is not defined
Traceback (most recent call last):
  File "/home/ryedida/.local/lib/python3.9/site-packages/bayesmark/experiment.py", line 126, in run_study
    next_points = optimizer.suggest(n_suggestions)
  File "/home/ryedida/bbo_challenge_starter_kit/example_submissions/smoothness/optimizer.py", line 109, in suggest
    betas = [self._get_smoothness_reg(guess) for guess in guesses]
  File "/home/ryedida/bbo_challenge_starter_kit/example_submissions/smoothness/optimizer.py", line 109, in <listcomp>
    betas = [self._get_smoothness_reg(guess) for guess in guesses]
  File "/home/ryedida/bbo_challenge_starter_kit/example_submissions/smoothness/optimizer.py", line 49, in _get_smoothness_reg
    if activ > Kz:
NameError: name 'activ' is not defined
suggestion time taken 0.321917 iter 10 next_points [{'alpha': 0.0023052395978540494, 'batch_size': 104, 'beta_1': 0.7811224080155549, 'beta_2': 0.9964253799168286, 'epsilon': 1.8764234709618568e-08, 'hidden_layer_sizes': 200, 'learning_rate_init': 0.0001697302049125793, 'tol': 0.02026568037457805, 'validation_fraction': 0.7569523358856745}]
/home/ryedida/.local/lib/python3.9/site-packages/sklearn/neural_network/_multilayer_perceptron.py:605: UserWarning: Got `batch_size` less than 1 or larger than sample size. It is going to be clipped
  warnings.warn(

function_evaluation time 0.062257 value 29085.697930 suggestion {'alpha': 0.0023052395978540494, 'batch_size': 104, 'beta_1': 0.7811224080155549, 'beta_2': 0.9964253799168286, 'epsilon': 1.8764234709618568e-08, 'hidden_layer_sizes': 200, 'learning_rate_init': 0.0001697302049125793, 'tol': 0.02026568037457805, 'validation_fraction': 0.7569523358856745}
observation time 0.000004, current best 3091.940029 at iter 10
Failure in optimizer suggest. Falling back to random search.
name 'activ' is not defined
Traceback (most recent call last):
  File "/home/ryedida/.local/lib/python3.9/site-packages/bayesmark/experiment.py", line 126, in run_study
    next_points = optimizer.suggest(n_suggestions)
  File "/home/ryedida/bbo_challenge_starter_kit/example_submissions/smoothness/optimizer.py", line 109, in suggest
    betas = [self._get_smoothness_reg(guess) for guess in guesses]
  File "/home/ryedida/bbo_challenge_starter_kit/example_submissions/smoothness/optimizer.py", line 109, in <listcomp>
    betas = [self._get_smoothness_reg(guess) for guess in guesses]
  File "/home/ryedida/bbo_challenge_starter_kit/example_submissions/smoothness/optimizer.py", line 49, in _get_smoothness_reg
    if activ > Kz:
NameError: name 'activ' is not defined
suggestion time taken 0.320985 iter 11 next_points [{'alpha': 3.898816345536226, 'batch_size': 21, 'beta_1': 0.9797780150754477, 'beta_2': 0.9997093920472854, 'epsilon': 7.3303316762825e-08, 'hidden_layer_sizes': 122, 'learning_rate_init': 0.001119299462359756, 'tol': 0.004747929885256217, 'validation_fraction': 0.5204619112103704}]
function_evaluation time 1.855729 value 4318.670992 suggestion {'alpha': 3.898816345536226, 'batch_size': 21, 'beta_1': 0.9797780150754477, 'beta_2': 0.9997093920472854, 'epsilon': 7.3303316762825e-08, 'hidden_layer_sizes': 122, 'learning_rate_init': 0.001119299462359756, 'tol': 0.004747929885256217, 'validation_fraction': 0.5204619112103704}
observation time 0.000004, current best 3091.940029 at iter 11
Failure in optimizer suggest. Falling back to random search.
name 'activ' is not defined
Traceback (most recent call last):
  File "/home/ryedida/.local/lib/python3.9/site-packages/bayesmark/experiment.py", line 126, in run_study
    next_points = optimizer.suggest(n_suggestions)
  File "/home/ryedida/bbo_challenge_starter_kit/example_submissions/smoothness/optimizer.py", line 109, in suggest
    betas = [self._get_smoothness_reg(guess) for guess in guesses]
  File "/home/ryedida/bbo_challenge_starter_kit/example_submissions/smoothness/optimizer.py", line 109, in <listcomp>
    betas = [self._get_smoothness_reg(guess) for guess in guesses]
  File "/home/ryedida/bbo_challenge_starter_kit/example_submissions/smoothness/optimizer.py", line 49, in _get_smoothness_reg
    if activ > Kz:
NameError: name 'activ' is not defined
suggestion time taken 0.323200 iter 12 next_points [{'alpha': 0.32664545465221917, 'batch_size': 155, 'beta_1': 0.6389909227003844, 'beta_2': 0.999909719992164, 'epsilon': 4.9882011495731344e-09, 'hidden_layer_sizes': 60, 'learning_rate_init': 5.432822936767335e-05, 'tol': 0.0036473659483235673, 'validation_fraction': 0.614800103497235}]
/home/ryedida/.local/lib/python3.9/site-packages/sklearn/neural_network/_multilayer_perceptron.py:605: UserWarning: Got `batch_size` less than 1 or larger than sample size. It is going to be clipped
  warnings.warn(

function_evaluation time 0.045814 value 29073.016075 suggestion {'alpha': 0.32664545465221917, 'batch_size': 155, 'beta_1': 0.6389909227003844, 'beta_2': 0.999909719992164, 'epsilon': 4.9882011495731344e-09, 'hidden_layer_sizes': 60, 'learning_rate_init': 5.432822936767335e-05, 'tol': 0.0036473659483235673, 'validation_fraction': 0.614800103497235}
observation time 0.000005, current best 3091.940029 at iter 12
Failure in optimizer suggest. Falling back to random search.
name 'activ' is not defined
Traceback (most recent call last):
  File "/home/ryedida/.local/lib/python3.9/site-packages/bayesmark/experiment.py", line 126, in run_study
    next_points = optimizer.suggest(n_suggestions)
  File "/home/ryedida/bbo_challenge_starter_kit/example_submissions/smoothness/optimizer.py", line 109, in suggest
    betas = [self._get_smoothness_reg(guess) for guess in guesses]
  File "/home/ryedida/bbo_challenge_starter_kit/example_submissions/smoothness/optimizer.py", line 109, in <listcomp>
    betas = [self._get_smoothness_reg(guess) for guess in guesses]
  File "/home/ryedida/bbo_challenge_starter_kit/example_submissions/smoothness/optimizer.py", line 49, in _get_smoothness_reg
    if activ > Kz:
NameError: name 'activ' is not defined
suggestion time taken 0.323366 iter 13 next_points [{'alpha': 0.0001010585497558508, 'batch_size': 86, 'beta_1': 0.9627026288551377, 'beta_2': 0.9802876218285105, 'epsilon': 2.917283564651683e-08, 'hidden_layer_sizes': 176, 'learning_rate_init': 0.041298507043353375, 'tol': 0.00295652751887455, 'validation_fraction': 0.15033701554927237}]
function_evaluation time 0.356825 value 3491.010472 suggestion {'alpha': 0.0001010585497558508, 'batch_size': 86, 'beta_1': 0.9627026288551377, 'beta_2': 0.9802876218285105, 'epsilon': 2.917283564651683e-08, 'hidden_layer_sizes': 176, 'learning_rate_init': 0.041298507043353375, 'tol': 0.00295652751887455, 'validation_fraction': 0.15033701554927237}
observation time 0.000005, current best 3091.940029 at iter 13
Failure in optimizer suggest. Falling back to random search.
name 'activ' is not defined
Traceback (most recent call last):
  File "/home/ryedida/.local/lib/python3.9/site-packages/bayesmark/experiment.py", line 126, in run_study
    next_points = optimizer.suggest(n_suggestions)
  File "/home/ryedida/bbo_challenge_starter_kit/example_submissions/smoothness/optimizer.py", line 109, in suggest
    betas = [self._get_smoothness_reg(guess) for guess in guesses]
  File "/home/ryedida/bbo_challenge_starter_kit/example_submissions/smoothness/optimizer.py", line 109, in <listcomp>
    betas = [self._get_smoothness_reg(guess) for guess in guesses]
  File "/home/ryedida/bbo_challenge_starter_kit/example_submissions/smoothness/optimizer.py", line 49, in _get_smoothness_reg
    if activ > Kz:
NameError: name 'activ' is not defined
suggestion time taken 0.324899 iter 14 next_points [{'alpha': 0.2727795723235664, 'batch_size': 11, 'beta_1': 0.9813262390202511, 'beta_2': 0.9572720027718048, 'epsilon': 1.3606999143227953e-08, 'hidden_layer_sizes': 148, 'learning_rate_init': 0.0011047522171625781, 'tol': 0.002276800897360959, 'validation_fraction': 0.7161507667121874}]
function_evaluation time 2.321445 value 4493.512049 suggestion {'alpha': 0.2727795723235664, 'batch_size': 11, 'beta_1': 0.9813262390202511, 'beta_2': 0.9572720027718048, 'epsilon': 1.3606999143227953e-08, 'hidden_layer_sizes': 148, 'learning_rate_init': 0.0011047522171625781, 'tol': 0.002276800897360959, 'validation_fraction': 0.7161507667121874}
observation time 0.000007, current best 3091.940029 at iter 14
saving meta data: {'args': {'--uuid': '8c6f3b81d3835cc69bc0d91ed99a0e36', '-db-root': '/home/ryedida/bbo_challenge_starter_kit/output', '--opt-root': '/home/ryedida/bbo_challenge_starter_kit/example_submissions', '--data-root': None, '--db': 'run_20230427_004608', '--opt': 'smoothness', '--data': 'diabetes', '--classifier': 'MLP-adam', '--metric': 'mse', '--calls': 15, '--suggestions': 1, '--jobs-file': None, '--verbose': False, 'dry_run': False, 'rev': 'a376313', 'opt_rev': 'x.x.x'}, 'signature': ([{'alpha': 0.019628224813442792, 'batch_size': 182, 'beta_1': 0.9410202200271762, 'beta_2': 0.9998021557676793, 'epsilon': 1.8662266976518e-08, 'hidden_layer_sizes': 147, 'learning_rate_init': 0.0005627932047415167, 'tol': 0.03690557729213761, 'validation_fraction': 0.8846827852548593}, {'alpha': 0.0019982467392329444, 'batch_size': 200, 'beta_1': 0.919111482530466, 'beta_2': 0.9998488260436156, 'epsilon': 5.981221901152555e-07, 'hidden_layer_sizes': 61, 'learning_rate_init': 2.2310905607443014e-05, 'tol': 1.2046852412030316e-05, 'validation_fraction': 0.8117896445826539}, {'alpha': 0.46659545670218433, 'batch_size': 219, 'beta_1': 0.9889789783750891, 'beta_2': 0.9999896868093284, 'epsilon': 2.4234724484675948e-08, 'hidden_layer_sizes': 167, 'learning_rate_init': 2.972334644335654e-05, 'tol': 0.0036281404040243792, 'validation_fraction': 0.17260651658522078}, {'alpha': 4.656005689076002, 'batch_size': 135, 'beta_1': 0.870503881627747, 'beta_2': 0.9948873266941017, 'epsilon': 2.1023308743480125e-07, 'hidden_layer_sizes': 118, 'learning_rate_init': 0.0018781738757161913, 'tol': 1.1889379831773004e-05, 'validation_fraction': 0.6264327093752792}, {'alpha': 0.04705159350400542, 'batch_size': 158, 'beta_1': 0.9870884262730957, 'beta_2': 0.9999596874382349, 'epsilon': 1.1981845126013875e-08, 'hidden_layer_sizes': 116, 'learning_rate_init': 0.00617340520407431, 'tol': 1.741413418158619e-05, 'validation_fraction': 0.6754299026638921}], [29083.993548572587, 29062.423277324073, 29075.78987471409, 24626.32866834337, 9584.226858493177])}
saving results
saving timing
saving suggest log
done
