running: {'--uuid': 'a3b8ac95ca315146a803d224ffcdf6a2', '-db-root': '/home/ryedida/bbo_challenge_starter_kit/output', '--opt-root': '/home/ryedida/bbo_challenge_starter_kit/example_submissions', '--data-root': None, '--db': 'run_20230427_004608', '--opt': 'smoothness', '--data': 'diabetes', '--classifier': 'MLP-adam', '--metric': 'mse', '--calls': 15, '--suggestions': 1, '--jobs-file': None, '--verbose': False, 'dry_run': False, 'rev': 'a376313', 'opt_rev': 'x.x.x'}
cmd: python smoothness/optimizer.py -c MLP-adam -d diabetes -o smoothness -u a3b8ac95ca315146a803d224ffcdf6a2 -m mse -n 15 -p 1 -dir /home/ryedida/bbo_challenge_starter_kit/output -b run_20230427_004608
/home/ryedida/.local/lib/python3.9/site-packages/sklearn/neural_network/_multilayer_perceptron.py:605: UserWarning: Got `batch_size` less than 1 or larger than sample size. It is going to be clipped
  warnings.warn(

/home/ryedida/.local/lib/python3.9/site-packages/sklearn/neural_network/_multilayer_perceptron.py:605: UserWarning: Got `batch_size` less than 1 or larger than sample size. It is going to be clipped
  warnings.warn(

/home/ryedida/.local/lib/python3.9/site-packages/sklearn/neural_network/_multilayer_perceptron.py:605: UserWarning: Got `batch_size` less than 1 or larger than sample size. It is going to be clipped
  warnings.warn(

/home/ryedida/.local/lib/python3.9/site-packages/sklearn/neural_network/_multilayer_perceptron.py:686: ConvergenceWarning: Stochastic Optimizer: Maximum iterations (200) reached and the optimization hasn't converged yet.
  warnings.warn(

/home/ryedida/.local/lib/python3.9/site-packages/sklearn/neural_network/_multilayer_perceptron.py:605: UserWarning: Got `batch_size` less than 1 or larger than sample size. It is going to be clipped
  warnings.warn(

/home/ryedida/.local/lib/python3.9/site-packages/sklearn/neural_network/_multilayer_perceptron.py:686: ConvergenceWarning: Stochastic Optimizer: Maximum iterations (200) reached and the optimization hasn't converged yet.
  warnings.warn(

computed signature: ([{'alpha': 0.019628224813442792, 'batch_size': 182, 'beta_1': 0.9410202200271762, 'beta_2': 0.9998021557676793, 'epsilon': 1.8662266976518e-08, 'hidden_layer_sizes': 147, 'learning_rate_init': 0.0005627932047415167, 'tol': 0.03690557729213761, 'validation_fraction': 0.8846827852548593}, {'alpha': 0.0019982467392329444, 'batch_size': 200, 'beta_1': 0.919111482530466, 'beta_2': 0.9998488260436156, 'epsilon': 5.981221901152555e-07, 'hidden_layer_sizes': 61, 'learning_rate_init': 2.2310905607443014e-05, 'tol': 1.2046852412030316e-05, 'validation_fraction': 0.8117896445826539}, {'alpha': 0.46659545670218433, 'batch_size': 219, 'beta_1': 0.9889789783750891, 'beta_2': 0.9999896868093284, 'epsilon': 2.4234724484675948e-08, 'hidden_layer_sizes': 167, 'learning_rate_init': 2.972334644335654e-05, 'tol': 0.0036281404040243792, 'validation_fraction': 0.17260651658522078}, {'alpha': 4.656005689076002, 'batch_size': 135, 'beta_1': 0.870503881627747, 'beta_2': 0.9948873266941017, 'epsilon': 2.1023308743480125e-07, 'hidden_layer_sizes': 118, 'learning_rate_init': 0.0018781738757161913, 'tol': 1.1889379831773004e-05, 'validation_fraction': 0.6264327093752792}, {'alpha': 0.04705159350400542, 'batch_size': 158, 'beta_1': 0.9870884262730957, 'beta_2': 0.9999596874382349, 'epsilon': 1.1981845126013875e-08, 'hidden_layer_sizes': 116, 'learning_rate_init': 0.00617340520407431, 'tol': 1.741413418158619e-05, 'validation_fraction': 0.6754299026638921}], [29083.993548572587, 29062.423277324073, 29075.78987471409, 24626.32866834337, 9584.226858493177])
Signature errors:
                              0         1         2         3         4       max
MLP-adam_diabetes_mse  0.000007  0.000008  0.000003  0.003558  0.004952  0.004952
max                    0.000007  0.000008  0.000003  0.003558  0.004952  0.004952
starting sklearn study smoothness MLP-adam diabetes mse 15 1
with data root: None
Failure in optimizer suggest. Falling back to random search.
name 'activ' is not defined
Traceback (most recent call last):
  File "/home/ryedida/.local/lib/python3.9/site-packages/bayesmark/experiment.py", line 126, in run_study
    next_points = optimizer.suggest(n_suggestions)
  File "/home/ryedida/bbo_challenge_starter_kit/example_submissions/smoothness/optimizer.py", line 109, in suggest
    betas = [self._get_smoothness_reg(guess) for guess in guesses]
  File "/home/ryedida/bbo_challenge_starter_kit/example_submissions/smoothness/optimizer.py", line 109, in <listcomp>
    betas = [self._get_smoothness_reg(guess) for guess in guesses]
  File "/home/ryedida/bbo_challenge_starter_kit/example_submissions/smoothness/optimizer.py", line 49, in _get_smoothness_reg
    if activ > Kz:
NameError: name 'activ' is not defined
suggestion time taken 0.496607 iter 0 next_points [{'alpha': 0.0012873543527911154, 'batch_size': 11, 'beta_1': 0.964940075344356, 'beta_2': 0.9999153131157463, 'epsilon': 9.601983933712892e-07, 'hidden_layer_sizes': 81, 'learning_rate_init': 0.007562960917421723, 'tol': 0.004764566742174073, 'validation_fraction': 0.1234950824809394}]
function_evaluation time 0.950736 value 2949.385222 suggestion {'alpha': 0.0012873543527911154, 'batch_size': 11, 'beta_1': 0.964940075344356, 'beta_2': 0.9999153131157463, 'epsilon': 9.601983933712892e-07, 'hidden_layer_sizes': 81, 'learning_rate_init': 0.007562960917421723, 'tol': 0.004764566742174073, 'validation_fraction': 0.1234950824809394}
observation time 0.000007, current best 2949.385222 at iter 0
Failure in optimizer suggest. Falling back to random search.
name 'activ' is not defined
Traceback (most recent call last):
  File "/home/ryedida/.local/lib/python3.9/site-packages/bayesmark/experiment.py", line 126, in run_study
    next_points = optimizer.suggest(n_suggestions)
  File "/home/ryedida/bbo_challenge_starter_kit/example_submissions/smoothness/optimizer.py", line 109, in suggest
    betas = [self._get_smoothness_reg(guess) for guess in guesses]
  File "/home/ryedida/bbo_challenge_starter_kit/example_submissions/smoothness/optimizer.py", line 109, in <listcomp>
    betas = [self._get_smoothness_reg(guess) for guess in guesses]
  File "/home/ryedida/bbo_challenge_starter_kit/example_submissions/smoothness/optimizer.py", line 49, in _get_smoothness_reg
    if activ > Kz:
NameError: name 'activ' is not defined
suggestion time taken 0.330134 iter 1 next_points [{'alpha': 5.254849107590129, 'batch_size': 74, 'beta_1': 0.9638331040774306, 'beta_2': 0.9999169546361787, 'epsilon': 2.7668364154358967e-09, 'hidden_layer_sizes': 167, 'learning_rate_init': 0.005178541460312699, 'tol': 0.09623789416324335, 'validation_fraction': 0.8890482667451625}]
/home/ryedida/.local/lib/python3.9/site-packages/sklearn/neural_network/_multilayer_perceptron.py:605: UserWarning: Got `batch_size` less than 1 or larger than sample size. It is going to be clipped
  warnings.warn(

function_evaluation time 0.053343 value 28783.328864 suggestion {'alpha': 5.254849107590129, 'batch_size': 74, 'beta_1': 0.9638331040774306, 'beta_2': 0.9999169546361787, 'epsilon': 2.7668364154358967e-09, 'hidden_layer_sizes': 167, 'learning_rate_init': 0.005178541460312699, 'tol': 0.09623789416324335, 'validation_fraction': 0.8890482667451625}
observation time 0.000005, current best 2949.385222 at iter 1
Failure in optimizer suggest. Falling back to random search.
name 'activ' is not defined
Traceback (most recent call last):
  File "/home/ryedida/.local/lib/python3.9/site-packages/bayesmark/experiment.py", line 126, in run_study
    next_points = optimizer.suggest(n_suggestions)
  File "/home/ryedida/bbo_challenge_starter_kit/example_submissions/smoothness/optimizer.py", line 109, in suggest
    betas = [self._get_smoothness_reg(guess) for guess in guesses]
  File "/home/ryedida/bbo_challenge_starter_kit/example_submissions/smoothness/optimizer.py", line 109, in <listcomp>
    betas = [self._get_smoothness_reg(guess) for guess in guesses]
  File "/home/ryedida/bbo_challenge_starter_kit/example_submissions/smoothness/optimizer.py", line 49, in _get_smoothness_reg
    if activ > Kz:
NameError: name 'activ' is not defined
suggestion time taken 0.331608 iter 2 next_points [{'alpha': 0.005846405216160207, 'batch_size': 103, 'beta_1': 0.9843217344316681, 'beta_2': 0.9866439716876789, 'epsilon': 1.1381623609996022e-09, 'hidden_layer_sizes': 86, 'learning_rate_init': 0.011610357289910112, 'tol': 0.00030729261506958155, 'validation_fraction': 0.10010015591875579}]
function_evaluation time 0.312175 value 4348.534362 suggestion {'alpha': 0.005846405216160207, 'batch_size': 103, 'beta_1': 0.9843217344316681, 'beta_2': 0.9866439716876789, 'epsilon': 1.1381623609996022e-09, 'hidden_layer_sizes': 86, 'learning_rate_init': 0.011610357289910112, 'tol': 0.00030729261506958155, 'validation_fraction': 0.10010015591875579}
observation time 0.000006, current best 2949.385222 at iter 2
Failure in optimizer suggest. Falling back to random search.
name 'activ' is not defined
Traceback (most recent call last):
  File "/home/ryedida/.local/lib/python3.9/site-packages/bayesmark/experiment.py", line 126, in run_study
    next_points = optimizer.suggest(n_suggestions)
  File "/home/ryedida/bbo_challenge_starter_kit/example_submissions/smoothness/optimizer.py", line 109, in suggest
    betas = [self._get_smoothness_reg(guess) for guess in guesses]
  File "/home/ryedida/bbo_challenge_starter_kit/example_submissions/smoothness/optimizer.py", line 109, in <listcomp>
    betas = [self._get_smoothness_reg(guess) for guess in guesses]
  File "/home/ryedida/bbo_challenge_starter_kit/example_submissions/smoothness/optimizer.py", line 49, in _get_smoothness_reg
    if activ > Kz:
NameError: name 'activ' is not defined
suggestion time taken 0.327578 iter 3 next_points [{'alpha': 2.578286581788819e-05, 'batch_size': 46, 'beta_1': 0.5089368126579747, 'beta_2': 0.9999983331654269, 'epsilon': 7.78096159435923e-08, 'hidden_layer_sizes': 87, 'learning_rate_init': 4.2859492577712604e-05, 'tol': 0.00041214457985507745, 'validation_fraction': 0.16389398345035797}]
function_evaluation time 0.078291 value 29092.208573 suggestion {'alpha': 2.578286581788819e-05, 'batch_size': 46, 'beta_1': 0.5089368126579747, 'beta_2': 0.9999983331654269, 'epsilon': 7.78096159435923e-08, 'hidden_layer_sizes': 87, 'learning_rate_init': 4.2859492577712604e-05, 'tol': 0.00041214457985507745, 'validation_fraction': 0.16389398345035797}
observation time 0.000006, current best 2949.385222 at iter 3
Failure in optimizer suggest. Falling back to random search.
name 'activ' is not defined
Traceback (most recent call last):
  File "/home/ryedida/.local/lib/python3.9/site-packages/bayesmark/experiment.py", line 126, in run_study
    next_points = optimizer.suggest(n_suggestions)
  File "/home/ryedida/bbo_challenge_starter_kit/example_submissions/smoothness/optimizer.py", line 109, in suggest
    betas = [self._get_smoothness_reg(guess) for guess in guesses]
  File "/home/ryedida/bbo_challenge_starter_kit/example_submissions/smoothness/optimizer.py", line 109, in <listcomp>
    betas = [self._get_smoothness_reg(guess) for guess in guesses]
  File "/home/ryedida/bbo_challenge_starter_kit/example_submissions/smoothness/optimizer.py", line 49, in _get_smoothness_reg
    if activ > Kz:
NameError: name 'activ' is not defined
suggestion time taken 0.324808 iter 4 next_points [{'alpha': 5.690174137138892, 'batch_size': 125, 'beta_1': 0.9498332579905666, 'beta_2': 0.9453848535190431, 'epsilon': 2.5788578180694623e-09, 'hidden_layer_sizes': 196, 'learning_rate_init': 0.04428556774197456, 'tol': 0.0024763353118948364, 'validation_fraction': 0.717779013844012}]
/home/ryedida/.local/lib/python3.9/site-packages/sklearn/neural_network/_multilayer_perceptron.py:605: UserWarning: Got `batch_size` less than 1 or larger than sample size. It is going to be clipped
  warnings.warn(

function_evaluation time 0.200546 value 4256.832542 suggestion {'alpha': 5.690174137138892, 'batch_size': 125, 'beta_1': 0.9498332579905666, 'beta_2': 0.9453848535190431, 'epsilon': 2.5788578180694623e-09, 'hidden_layer_sizes': 196, 'learning_rate_init': 0.04428556774197456, 'tol': 0.0024763353118948364, 'validation_fraction': 0.717779013844012}
observation time 0.000006, current best 2949.385222 at iter 4
Failure in optimizer suggest. Falling back to random search.
name 'activ' is not defined
Traceback (most recent call last):
  File "/home/ryedida/.local/lib/python3.9/site-packages/bayesmark/experiment.py", line 126, in run_study
    next_points = optimizer.suggest(n_suggestions)
  File "/home/ryedida/bbo_challenge_starter_kit/example_submissions/smoothness/optimizer.py", line 109, in suggest
    betas = [self._get_smoothness_reg(guess) for guess in guesses]
  File "/home/ryedida/bbo_challenge_starter_kit/example_submissions/smoothness/optimizer.py", line 109, in <listcomp>
    betas = [self._get_smoothness_reg(guess) for guess in guesses]
  File "/home/ryedida/bbo_challenge_starter_kit/example_submissions/smoothness/optimizer.py", line 49, in _get_smoothness_reg
    if activ > Kz:
NameError: name 'activ' is not defined
suggestion time taken 0.327996 iter 5 next_points [{'alpha': 0.005669145147723239, 'batch_size': 123, 'beta_1': 0.9515696497544904, 'beta_2': 0.9999956687333528, 'epsilon': 1.2543913095167176e-07, 'hidden_layer_sizes': 143, 'learning_rate_init': 1.882231988976275e-05, 'tol': 0.031865057908376945, 'validation_fraction': 0.1248889544385497}]
function_evaluation time 0.091263 value 29129.932389 suggestion {'alpha': 0.005669145147723239, 'batch_size': 123, 'beta_1': 0.9515696497544904, 'beta_2': 0.9999956687333528, 'epsilon': 1.2543913095167176e-07, 'hidden_layer_sizes': 143, 'learning_rate_init': 1.882231988976275e-05, 'tol': 0.031865057908376945, 'validation_fraction': 0.1248889544385497}
observation time 0.000006, current best 2949.385222 at iter 5
Failure in optimizer suggest. Falling back to random search.
name 'activ' is not defined
Traceback (most recent call last):
  File "/home/ryedida/.local/lib/python3.9/site-packages/bayesmark/experiment.py", line 126, in run_study
    next_points = optimizer.suggest(n_suggestions)
  File "/home/ryedida/bbo_challenge_starter_kit/example_submissions/smoothness/optimizer.py", line 109, in suggest
    betas = [self._get_smoothness_reg(guess) for guess in guesses]
  File "/home/ryedida/bbo_challenge_starter_kit/example_submissions/smoothness/optimizer.py", line 109, in <listcomp>
    betas = [self._get_smoothness_reg(guess) for guess in guesses]
  File "/home/ryedida/bbo_challenge_starter_kit/example_submissions/smoothness/optimizer.py", line 49, in _get_smoothness_reg
    if activ > Kz:
NameError: name 'activ' is not defined
suggestion time taken 0.327305 iter 6 next_points [{'alpha': 0.001042644425153815, 'batch_size': 39, 'beta_1': 0.8528253677023614, 'beta_2': 0.9999747011198228, 'epsilon': 3.457526478501609e-09, 'hidden_layer_sizes': 112, 'learning_rate_init': 2.2659908653768426e-05, 'tol': 0.0011832052543295593, 'validation_fraction': 0.4682516411766796}]
function_evaluation time 0.091855 value 29104.555078 suggestion {'alpha': 0.001042644425153815, 'batch_size': 39, 'beta_1': 0.8528253677023614, 'beta_2': 0.9999747011198228, 'epsilon': 3.457526478501609e-09, 'hidden_layer_sizes': 112, 'learning_rate_init': 2.2659908653768426e-05, 'tol': 0.0011832052543295593, 'validation_fraction': 0.4682516411766796}
observation time 0.000007, current best 2949.385222 at iter 6
Failure in optimizer suggest. Falling back to random search.
name 'activ' is not defined
Traceback (most recent call last):
  File "/home/ryedida/.local/lib/python3.9/site-packages/bayesmark/experiment.py", line 126, in run_study
    next_points = optimizer.suggest(n_suggestions)
  File "/home/ryedida/bbo_challenge_starter_kit/example_submissions/smoothness/optimizer.py", line 109, in suggest
    betas = [self._get_smoothness_reg(guess) for guess in guesses]
  File "/home/ryedida/bbo_challenge_starter_kit/example_submissions/smoothness/optimizer.py", line 109, in <listcomp>
    betas = [self._get_smoothness_reg(guess) for guess in guesses]
  File "/home/ryedida/bbo_challenge_starter_kit/example_submissions/smoothness/optimizer.py", line 49, in _get_smoothness_reg
    if activ > Kz:
NameError: name 'activ' is not defined
suggestion time taken 0.458876 iter 7 next_points [{'alpha': 4.4543912679727886e-05, 'batch_size': 166, 'beta_1': 0.9155807640032634, 'beta_2': 0.9999959984453528, 'epsilon': 1.0251510015119805e-09, 'hidden_layer_sizes': 156, 'learning_rate_init': 0.014670370419646148, 'tol': 0.017777936923876476, 'validation_fraction': 0.3409420086625598}]
function_evaluation time 0.338397 value 3970.487422 suggestion {'alpha': 4.4543912679727886e-05, 'batch_size': 166, 'beta_1': 0.9155807640032634, 'beta_2': 0.9999959984453528, 'epsilon': 1.0251510015119805e-09, 'hidden_layer_sizes': 156, 'learning_rate_init': 0.014670370419646148, 'tol': 0.017777936923876476, 'validation_fraction': 0.3409420086625598}
observation time 0.000007, current best 2949.385222 at iter 7
Failure in optimizer suggest. Falling back to random search.
name 'activ' is not defined
Traceback (most recent call last):
  File "/home/ryedida/.local/lib/python3.9/site-packages/bayesmark/experiment.py", line 126, in run_study
    next_points = optimizer.suggest(n_suggestions)
  File "/home/ryedida/bbo_challenge_starter_kit/example_submissions/smoothness/optimizer.py", line 109, in suggest
    betas = [self._get_smoothness_reg(guess) for guess in guesses]
  File "/home/ryedida/bbo_challenge_starter_kit/example_submissions/smoothness/optimizer.py", line 109, in <listcomp>
    betas = [self._get_smoothness_reg(guess) for guess in guesses]
  File "/home/ryedida/bbo_challenge_starter_kit/example_submissions/smoothness/optimizer.py", line 49, in _get_smoothness_reg
    if activ > Kz:
NameError: name 'activ' is not defined
suggestion time taken 0.329821 iter 8 next_points [{'alpha': 0.00014231854918104252, 'batch_size': 207, 'beta_1': 0.9836817378253861, 'beta_2': 0.9934778122168592, 'epsilon': 8.726900932844366e-08, 'hidden_layer_sizes': 162, 'learning_rate_init': 1.6608665406208782e-05, 'tol': 7.594225700286417e-05, 'validation_fraction': 0.24584502240672754}]
function_evaluation time 0.087767 value 29073.004218 suggestion {'alpha': 0.00014231854918104252, 'batch_size': 207, 'beta_1': 0.9836817378253861, 'beta_2': 0.9934778122168592, 'epsilon': 8.726900932844366e-08, 'hidden_layer_sizes': 162, 'learning_rate_init': 1.6608665406208782e-05, 'tol': 7.594225700286417e-05, 'validation_fraction': 0.24584502240672754}
observation time 0.000007, current best 2949.385222 at iter 8
Failure in optimizer suggest. Falling back to random search.
name 'activ' is not defined
Traceback (most recent call last):
  File "/home/ryedida/.local/lib/python3.9/site-packages/bayesmark/experiment.py", line 126, in run_study
    next_points = optimizer.suggest(n_suggestions)
  File "/home/ryedida/bbo_challenge_starter_kit/example_submissions/smoothness/optimizer.py", line 109, in suggest
    betas = [self._get_smoothness_reg(guess) for guess in guesses]
  File "/home/ryedida/bbo_challenge_starter_kit/example_submissions/smoothness/optimizer.py", line 109, in <listcomp>
    betas = [self._get_smoothness_reg(guess) for guess in guesses]
  File "/home/ryedida/bbo_challenge_starter_kit/example_submissions/smoothness/optimizer.py", line 49, in _get_smoothness_reg
    if activ > Kz:
NameError: name 'activ' is not defined
suggestion time taken 0.322231 iter 9 next_points [{'alpha': 1.3841695485117785e-05, 'batch_size': 194, 'beta_1': 0.9367532451680479, 'beta_2': 0.9999922238116346, 'epsilon': 8.13455799328792e-08, 'hidden_layer_sizes': 130, 'learning_rate_init': 0.035822725821813076, 'tol': 0.00391204777841972, 'validation_fraction': 0.8962315239851928}]
/home/ryedida/.local/lib/python3.9/site-packages/sklearn/neural_network/_multilayer_perceptron.py:605: UserWarning: Got `batch_size` less than 1 or larger than sample size. It is going to be clipped
  warnings.warn(

function_evaluation time 0.215212 value 4134.773671 suggestion {'alpha': 1.3841695485117785e-05, 'batch_size': 194, 'beta_1': 0.9367532451680479, 'beta_2': 0.9999922238116346, 'epsilon': 8.13455799328792e-08, 'hidden_layer_sizes': 130, 'learning_rate_init': 0.035822725821813076, 'tol': 0.00391204777841972, 'validation_fraction': 0.8962315239851928}
observation time 0.000006, current best 2949.385222 at iter 9
Failure in optimizer suggest. Falling back to random search.
name 'activ' is not defined
Traceback (most recent call last):
  File "/home/ryedida/.local/lib/python3.9/site-packages/bayesmark/experiment.py", line 126, in run_study
    next_points = optimizer.suggest(n_suggestions)
  File "/home/ryedida/bbo_challenge_starter_kit/example_submissions/smoothness/optimizer.py", line 109, in suggest
    betas = [self._get_smoothness_reg(guess) for guess in guesses]
  File "/home/ryedida/bbo_challenge_starter_kit/example_submissions/smoothness/optimizer.py", line 109, in <listcomp>
    betas = [self._get_smoothness_reg(guess) for guess in guesses]
  File "/home/ryedida/bbo_challenge_starter_kit/example_submissions/smoothness/optimizer.py", line 49, in _get_smoothness_reg
    if activ > Kz:
NameError: name 'activ' is not defined
suggestion time taken 0.321708 iter 10 next_points [{'alpha': 0.19605869242680019, 'batch_size': 183, 'beta_1': 0.8444211011932111, 'beta_2': 0.985524830575071, 'epsilon': 1.6559166653820513e-09, 'hidden_layer_sizes': 94, 'learning_rate_init': 0.09450472653249983, 'tol': 0.01308818145908618, 'validation_fraction': 0.47091157930213406}]
function_evaluation time 0.185746 value 3195.702764 suggestion {'alpha': 0.19605869242680019, 'batch_size': 183, 'beta_1': 0.8444211011932111, 'beta_2': 0.985524830575071, 'epsilon': 1.6559166653820513e-09, 'hidden_layer_sizes': 94, 'learning_rate_init': 0.09450472653249983, 'tol': 0.01308818145908618, 'validation_fraction': 0.47091157930213406}
observation time 0.000006, current best 2949.385222 at iter 10
Failure in optimizer suggest. Falling back to random search.
name 'activ' is not defined
Traceback (most recent call last):
  File "/home/ryedida/.local/lib/python3.9/site-packages/bayesmark/experiment.py", line 126, in run_study
    next_points = optimizer.suggest(n_suggestions)
  File "/home/ryedida/bbo_challenge_starter_kit/example_submissions/smoothness/optimizer.py", line 109, in suggest
    betas = [self._get_smoothness_reg(guess) for guess in guesses]
  File "/home/ryedida/bbo_challenge_starter_kit/example_submissions/smoothness/optimizer.py", line 109, in <listcomp>
    betas = [self._get_smoothness_reg(guess) for guess in guesses]
  File "/home/ryedida/bbo_challenge_starter_kit/example_submissions/smoothness/optimizer.py", line 49, in _get_smoothness_reg
    if activ > Kz:
NameError: name 'activ' is not defined
suggestion time taken 0.320191 iter 11 next_points [{'alpha': 0.0398470612105616, 'batch_size': 101, 'beta_1': 0.9851147147213486, 'beta_2': 0.9953255527933033, 'epsilon': 9.133451716636659e-08, 'hidden_layer_sizes': 144, 'learning_rate_init': 0.05009966497045498, 'tol': 5.928734660263729e-05, 'validation_fraction': 0.8665893392880558}]
/home/ryedida/.local/lib/python3.9/site-packages/sklearn/neural_network/_multilayer_perceptron.py:605: UserWarning: Got `batch_size` less than 1 or larger than sample size. It is going to be clipped
  warnings.warn(

function_evaluation time 0.161599 value 4334.241818 suggestion {'alpha': 0.0398470612105616, 'batch_size': 101, 'beta_1': 0.9851147147213486, 'beta_2': 0.9953255527933033, 'epsilon': 9.133451716636659e-08, 'hidden_layer_sizes': 144, 'learning_rate_init': 0.05009966497045498, 'tol': 5.928734660263729e-05, 'validation_fraction': 0.8665893392880558}
observation time 0.000006, current best 2949.385222 at iter 11
Failure in optimizer suggest. Falling back to random search.
name 'activ' is not defined
Traceback (most recent call last):
  File "/home/ryedida/.local/lib/python3.9/site-packages/bayesmark/experiment.py", line 126, in run_study
    next_points = optimizer.suggest(n_suggestions)
  File "/home/ryedida/bbo_challenge_starter_kit/example_submissions/smoothness/optimizer.py", line 109, in suggest
    betas = [self._get_smoothness_reg(guess) for guess in guesses]
  File "/home/ryedida/bbo_challenge_starter_kit/example_submissions/smoothness/optimizer.py", line 109, in <listcomp>
    betas = [self._get_smoothness_reg(guess) for guess in guesses]
  File "/home/ryedida/bbo_challenge_starter_kit/example_submissions/smoothness/optimizer.py", line 49, in _get_smoothness_reg
    if activ > Kz:
NameError: name 'activ' is not defined
suggestion time taken 0.325151 iter 12 next_points [{'alpha': 0.33594472972333395, 'batch_size': 239, 'beta_1': 0.6445897979895924, 'beta_2': 0.9999318411623201, 'epsilon': 1.3251167988167714e-08, 'hidden_layer_sizes': 147, 'learning_rate_init': 0.0001410780464094866, 'tol': 0.0026169849810090827, 'validation_fraction': 0.7895252328041754}]
/home/ryedida/.local/lib/python3.9/site-packages/sklearn/neural_network/_multilayer_perceptron.py:605: UserWarning: Got `batch_size` less than 1 or larger than sample size. It is going to be clipped
  warnings.warn(

function_evaluation time 0.061295 value 29107.811641 suggestion {'alpha': 0.33594472972333395, 'batch_size': 239, 'beta_1': 0.6445897979895924, 'beta_2': 0.9999318411623201, 'epsilon': 1.3251167988167714e-08, 'hidden_layer_sizes': 147, 'learning_rate_init': 0.0001410780464094866, 'tol': 0.0026169849810090827, 'validation_fraction': 0.7895252328041754}
observation time 0.000007, current best 2949.385222 at iter 12
Failure in optimizer suggest. Falling back to random search.
name 'activ' is not defined
Traceback (most recent call last):
  File "/home/ryedida/.local/lib/python3.9/site-packages/bayesmark/experiment.py", line 126, in run_study
    next_points = optimizer.suggest(n_suggestions)
  File "/home/ryedida/bbo_challenge_starter_kit/example_submissions/smoothness/optimizer.py", line 109, in suggest
    betas = [self._get_smoothness_reg(guess) for guess in guesses]
  File "/home/ryedida/bbo_challenge_starter_kit/example_submissions/smoothness/optimizer.py", line 109, in <listcomp>
    betas = [self._get_smoothness_reg(guess) for guess in guesses]
  File "/home/ryedida/bbo_challenge_starter_kit/example_submissions/smoothness/optimizer.py", line 49, in _get_smoothness_reg
    if activ > Kz:
NameError: name 'activ' is not defined
suggestion time taken 0.317674 iter 13 next_points [{'alpha': 0.0001261098298123605, 'batch_size': 243, 'beta_1': 0.5294857902551406, 'beta_2': 0.9999948112830328, 'epsilon': 4.0707682928463934e-07, 'hidden_layer_sizes': 176, 'learning_rate_init': 0.00013744106053136047, 'tol': 0.013762935759498674, 'validation_fraction': 0.5796489283825259}]
/home/ryedida/.local/lib/python3.9/site-packages/sklearn/neural_network/_multilayer_perceptron.py:605: UserWarning: Got `batch_size` less than 1 or larger than sample size. It is going to be clipped
  warnings.warn(

function_evaluation time 0.064864 value 29133.166006 suggestion {'alpha': 0.0001261098298123605, 'batch_size': 243, 'beta_1': 0.5294857902551406, 'beta_2': 0.9999948112830328, 'epsilon': 4.0707682928463934e-07, 'hidden_layer_sizes': 176, 'learning_rate_init': 0.00013744106053136047, 'tol': 0.013762935759498674, 'validation_fraction': 0.5796489283825259}
observation time 0.000006, current best 2949.385222 at iter 13
Failure in optimizer suggest. Falling back to random search.
name 'activ' is not defined
Traceback (most recent call last):
  File "/home/ryedida/.local/lib/python3.9/site-packages/bayesmark/experiment.py", line 126, in run_study
    next_points = optimizer.suggest(n_suggestions)
  File "/home/ryedida/bbo_challenge_starter_kit/example_submissions/smoothness/optimizer.py", line 109, in suggest
    betas = [self._get_smoothness_reg(guess) for guess in guesses]
  File "/home/ryedida/bbo_challenge_starter_kit/example_submissions/smoothness/optimizer.py", line 109, in <listcomp>
    betas = [self._get_smoothness_reg(guess) for guess in guesses]
  File "/home/ryedida/bbo_challenge_starter_kit/example_submissions/smoothness/optimizer.py", line 49, in _get_smoothness_reg
    if activ > Kz:
NameError: name 'activ' is not defined
suggestion time taken 0.329120 iter 14 next_points [{'alpha': 4.557786347896832e-05, 'batch_size': 123, 'beta_1': 0.8073047451000794, 'beta_2': 0.9906083433947538, 'epsilon': 1.490086635039249e-07, 'hidden_layer_sizes': 125, 'learning_rate_init': 0.00041316617184126184, 'tol': 4.578055747763468e-05, 'validation_fraction': 0.10047175875141548}]
/home/ryedida/.local/lib/python3.9/site-packages/sklearn/neural_network/_multilayer_perceptron.py:686: ConvergenceWarning: Stochastic Optimizer: Maximum iterations (200) reached and the optimization hasn't converged yet.
  warnings.warn(

function_evaluation time 1.393601 value 26955.786299 suggestion {'alpha': 4.557786347896832e-05, 'batch_size': 123, 'beta_1': 0.8073047451000794, 'beta_2': 0.9906083433947538, 'epsilon': 1.490086635039249e-07, 'hidden_layer_sizes': 125, 'learning_rate_init': 0.00041316617184126184, 'tol': 4.578055747763468e-05, 'validation_fraction': 0.10047175875141548}
observation time 0.000006, current best 2949.385222 at iter 14
saving meta data: {'args': {'--uuid': 'a3b8ac95ca315146a803d224ffcdf6a2', '-db-root': '/home/ryedida/bbo_challenge_starter_kit/output', '--opt-root': '/home/ryedida/bbo_challenge_starter_kit/example_submissions', '--data-root': None, '--db': 'run_20230427_004608', '--opt': 'smoothness', '--data': 'diabetes', '--classifier': 'MLP-adam', '--metric': 'mse', '--calls': 15, '--suggestions': 1, '--jobs-file': None, '--verbose': False, 'dry_run': False, 'rev': 'a376313', 'opt_rev': 'x.x.x'}, 'signature': ([{'alpha': 0.019628224813442792, 'batch_size': 182, 'beta_1': 0.9410202200271762, 'beta_2': 0.9998021557676793, 'epsilon': 1.8662266976518e-08, 'hidden_layer_sizes': 147, 'learning_rate_init': 0.0005627932047415167, 'tol': 0.03690557729213761, 'validation_fraction': 0.8846827852548593}, {'alpha': 0.0019982467392329444, 'batch_size': 200, 'beta_1': 0.919111482530466, 'beta_2': 0.9998488260436156, 'epsilon': 5.981221901152555e-07, 'hidden_layer_sizes': 61, 'learning_rate_init': 2.2310905607443014e-05, 'tol': 1.2046852412030316e-05, 'validation_fraction': 0.8117896445826539}, {'alpha': 0.46659545670218433, 'batch_size': 219, 'beta_1': 0.9889789783750891, 'beta_2': 0.9999896868093284, 'epsilon': 2.4234724484675948e-08, 'hidden_layer_sizes': 167, 'learning_rate_init': 2.972334644335654e-05, 'tol': 0.0036281404040243792, 'validation_fraction': 0.17260651658522078}, {'alpha': 4.656005689076002, 'batch_size': 135, 'beta_1': 0.870503881627747, 'beta_2': 0.9948873266941017, 'epsilon': 2.1023308743480125e-07, 'hidden_layer_sizes': 118, 'learning_rate_init': 0.0018781738757161913, 'tol': 1.1889379831773004e-05, 'validation_fraction': 0.6264327093752792}, {'alpha': 0.04705159350400542, 'batch_size': 158, 'beta_1': 0.9870884262730957, 'beta_2': 0.9999596874382349, 'epsilon': 1.1981845126013875e-08, 'hidden_layer_sizes': 116, 'learning_rate_init': 0.00617340520407431, 'tol': 1.741413418158619e-05, 'validation_fraction': 0.6754299026638921}], [29083.993548572587, 29062.423277324073, 29075.78987471409, 24626.32866834337, 9584.226858493177])}
saving results
saving timing
saving suggest log
done
