running: {'--uuid': 'b055c3a08aad589cb2cc005a7f96ce26', '-db-root': '/home/ryedida/bbo_challenge_starter_kit/output', '--opt-root': '/home/ryedida/bbo_challenge_starter_kit/example_submissions', '--data-root': None, '--db': 'run_20230427_004608', '--opt': 'smoothness', '--data': 'diabetes', '--classifier': 'MLP-adam', '--metric': 'mae', '--calls': 15, '--suggestions': 1, '--jobs-file': None, '--verbose': False, 'dry_run': False, 'rev': 'a376313', 'opt_rev': 'x.x.x'}
cmd: python smoothness/optimizer.py -c MLP-adam -d diabetes -o smoothness -u b055c3a08aad589cb2cc005a7f96ce26 -m mae -n 15 -p 1 -dir /home/ryedida/bbo_challenge_starter_kit/output -b run_20230427_004608
/home/ryedida/.local/lib/python3.9/site-packages/sklearn/neural_network/_multilayer_perceptron.py:605: UserWarning: Got `batch_size` less than 1 or larger than sample size. It is going to be clipped
  warnings.warn(

/home/ryedida/.local/lib/python3.9/site-packages/sklearn/neural_network/_multilayer_perceptron.py:605: UserWarning: Got `batch_size` less than 1 or larger than sample size. It is going to be clipped
  warnings.warn(

/home/ryedida/.local/lib/python3.9/site-packages/sklearn/neural_network/_multilayer_perceptron.py:605: UserWarning: Got `batch_size` less than 1 or larger than sample size. It is going to be clipped
  warnings.warn(

/home/ryedida/.local/lib/python3.9/site-packages/sklearn/neural_network/_multilayer_perceptron.py:686: ConvergenceWarning: Stochastic Optimizer: Maximum iterations (200) reached and the optimization hasn't converged yet.
  warnings.warn(

/home/ryedida/.local/lib/python3.9/site-packages/sklearn/neural_network/_multilayer_perceptron.py:605: UserWarning: Got `batch_size` less than 1 or larger than sample size. It is going to be clipped
  warnings.warn(

/home/ryedida/.local/lib/python3.9/site-packages/sklearn/neural_network/_multilayer_perceptron.py:686: ConvergenceWarning: Stochastic Optimizer: Maximum iterations (200) reached and the optimization hasn't converged yet.
  warnings.warn(

computed signature: ([{'alpha': 0.019628224813442792, 'batch_size': 182, 'beta_1': 0.9410202200271762, 'beta_2': 0.9998021557676793, 'epsilon': 1.8662266976518e-08, 'hidden_layer_sizes': 147, 'learning_rate_init': 0.0005627932047415167, 'tol': 0.03690557729213761, 'validation_fraction': 0.8846827852548593}, {'alpha': 0.0019982467392329444, 'batch_size': 200, 'beta_1': 0.919111482530466, 'beta_2': 0.9998488260436156, 'epsilon': 5.981221901152555e-07, 'hidden_layer_sizes': 61, 'learning_rate_init': 2.2310905607443014e-05, 'tol': 1.2046852412030316e-05, 'validation_fraction': 0.8117896445826539}, {'alpha': 0.46659545670218433, 'batch_size': 219, 'beta_1': 0.9889789783750891, 'beta_2': 0.9999896868093284, 'epsilon': 2.4234724484675948e-08, 'hidden_layer_sizes': 167, 'learning_rate_init': 2.972334644335654e-05, 'tol': 0.0036281404040243792, 'validation_fraction': 0.17260651658522078}, {'alpha': 4.656005689076002, 'batch_size': 135, 'beta_1': 0.870503881627747, 'beta_2': 0.9948873266941017, 'epsilon': 2.1023308743480125e-07, 'hidden_layer_sizes': 118, 'learning_rate_init': 0.0018781738757161913, 'tol': 1.1889379831773004e-05, 'validation_fraction': 0.6264327093752792}, {'alpha': 0.04705159350400542, 'batch_size': 158, 'beta_1': 0.9870884262730957, 'beta_2': 0.9999596874382349, 'epsilon': 1.1981845126013875e-08, 'hidden_layer_sizes': 116, 'learning_rate_init': 0.00617340520407431, 'tol': 1.741413418158619e-05, 'validation_fraction': 0.6754299026638921}], [151.4971925380264, 151.42763539278994, 151.47026299046811, 136.86202504264318, 75.2055865763391])
Signature errors:
                                  0             1             2         3         4       max
MLP-adam_diabetes_mae  1.919244e-08  6.198704e-08  7.624578e-09  0.000007  0.000034  0.000034
max                    1.919244e-08  6.198704e-08  7.624578e-09  0.000007  0.000034  0.000034
starting sklearn study smoothness MLP-adam diabetes mae 15 1
with data root: None
Failure in optimizer suggest. Falling back to random search.
name 'activ' is not defined
Traceback (most recent call last):
  File "/home/ryedida/.local/lib/python3.9/site-packages/bayesmark/experiment.py", line 126, in run_study
    next_points = optimizer.suggest(n_suggestions)
  File "/home/ryedida/bbo_challenge_starter_kit/example_submissions/smoothness/optimizer.py", line 109, in suggest
    betas = [self._get_smoothness_reg(guess) for guess in guesses]
  File "/home/ryedida/bbo_challenge_starter_kit/example_submissions/smoothness/optimizer.py", line 109, in <listcomp>
    betas = [self._get_smoothness_reg(guess) for guess in guesses]
  File "/home/ryedida/bbo_challenge_starter_kit/example_submissions/smoothness/optimizer.py", line 49, in _get_smoothness_reg
    if activ > Kz:
NameError: name 'activ' is not defined
suggestion time taken 0.499905 iter 0 next_points [{'alpha': 0.5553232461131281, 'batch_size': 82, 'beta_1': 0.6747057000041569, 'beta_2': 0.9999712413441285, 'epsilon': 1.1293278825074561e-07, 'hidden_layer_sizes': 180, 'learning_rate_init': 3.1233264994970687e-05, 'tol': 0.04651204082706045, 'validation_fraction': 0.7865273735333865}]
/home/ryedida/.local/lib/python3.9/site-packages/sklearn/neural_network/_multilayer_perceptron.py:605: UserWarning: Got `batch_size` less than 1 or larger than sample size. It is going to be clipped
  warnings.warn(

function_evaluation time 0.058319 value 151.661469 suggestion {'alpha': 0.5553232461131281, 'batch_size': 82, 'beta_1': 0.6747057000041569, 'beta_2': 0.9999712413441285, 'epsilon': 1.1293278825074561e-07, 'hidden_layer_sizes': 180, 'learning_rate_init': 3.1233264994970687e-05, 'tol': 0.04651204082706045, 'validation_fraction': 0.7865273735333865}
observation time 0.000007, current best 151.661469 at iter 0
Failure in optimizer suggest. Falling back to random search.
name 'activ' is not defined
Traceback (most recent call last):
  File "/home/ryedida/.local/lib/python3.9/site-packages/bayesmark/experiment.py", line 126, in run_study
    next_points = optimizer.suggest(n_suggestions)
  File "/home/ryedida/bbo_challenge_starter_kit/example_submissions/smoothness/optimizer.py", line 109, in suggest
    betas = [self._get_smoothness_reg(guess) for guess in guesses]
  File "/home/ryedida/bbo_challenge_starter_kit/example_submissions/smoothness/optimizer.py", line 109, in <listcomp>
    betas = [self._get_smoothness_reg(guess) for guess in guesses]
  File "/home/ryedida/bbo_challenge_starter_kit/example_submissions/smoothness/optimizer.py", line 49, in _get_smoothness_reg
    if activ > Kz:
NameError: name 'activ' is not defined
suggestion time taken 0.330591 iter 1 next_points [{'alpha': 0.0007695811703610715, 'batch_size': 51, 'beta_1': 0.9770262528655372, 'beta_2': 0.9601530591908268, 'epsilon': 1.1795244080074896e-08, 'hidden_layer_sizes': 92, 'learning_rate_init': 0.07694979012792977, 'tol': 0.0006643402603465502, 'validation_fraction': 0.3297368134340349}]
function_evaluation time 0.251912 value 45.085144 suggestion {'alpha': 0.0007695811703610715, 'batch_size': 51, 'beta_1': 0.9770262528655372, 'beta_2': 0.9601530591908268, 'epsilon': 1.1795244080074896e-08, 'hidden_layer_sizes': 92, 'learning_rate_init': 0.07694979012792977, 'tol': 0.0006643402603465502, 'validation_fraction': 0.3297368134340349}
observation time 0.000006, current best 45.085144 at iter 1
Failure in optimizer suggest. Falling back to random search.
name 'activ' is not defined
Traceback (most recent call last):
  File "/home/ryedida/.local/lib/python3.9/site-packages/bayesmark/experiment.py", line 126, in run_study
    next_points = optimizer.suggest(n_suggestions)
  File "/home/ryedida/bbo_challenge_starter_kit/example_submissions/smoothness/optimizer.py", line 109, in suggest
    betas = [self._get_smoothness_reg(guess) for guess in guesses]
  File "/home/ryedida/bbo_challenge_starter_kit/example_submissions/smoothness/optimizer.py", line 109, in <listcomp>
    betas = [self._get_smoothness_reg(guess) for guess in guesses]
  File "/home/ryedida/bbo_challenge_starter_kit/example_submissions/smoothness/optimizer.py", line 49, in _get_smoothness_reg
    if activ > Kz:
NameError: name 'activ' is not defined
suggestion time taken 0.331199 iter 2 next_points [{'alpha': 0.012821713080148041, 'batch_size': 61, 'beta_1': 0.9580437830166152, 'beta_2': 0.9999160989263733, 'epsilon': 3.8278921595004904e-08, 'hidden_layer_sizes': 152, 'learning_rate_init': 0.0026186412644755774, 'tol': 0.002861876315231161, 'validation_fraction': 0.6242707152345974}]
function_evaluation time 1.044623 value 57.626956 suggestion {'alpha': 0.012821713080148041, 'batch_size': 61, 'beta_1': 0.9580437830166152, 'beta_2': 0.9999160989263733, 'epsilon': 3.8278921595004904e-08, 'hidden_layer_sizes': 152, 'learning_rate_init': 0.0026186412644755774, 'tol': 0.002861876315231161, 'validation_fraction': 0.6242707152345974}
observation time 0.000006, current best 45.085144 at iter 2
Failure in optimizer suggest. Falling back to random search.
name 'activ' is not defined
Traceback (most recent call last):
  File "/home/ryedida/.local/lib/python3.9/site-packages/bayesmark/experiment.py", line 126, in run_study
    next_points = optimizer.suggest(n_suggestions)
  File "/home/ryedida/bbo_challenge_starter_kit/example_submissions/smoothness/optimizer.py", line 109, in suggest
    betas = [self._get_smoothness_reg(guess) for guess in guesses]
  File "/home/ryedida/bbo_challenge_starter_kit/example_submissions/smoothness/optimizer.py", line 109, in <listcomp>
    betas = [self._get_smoothness_reg(guess) for guess in guesses]
  File "/home/ryedida/bbo_challenge_starter_kit/example_submissions/smoothness/optimizer.py", line 49, in _get_smoothness_reg
    if activ > Kz:
NameError: name 'activ' is not defined
suggestion time taken 0.327716 iter 3 next_points [{'alpha': 2.424158544999632, 'batch_size': 50, 'beta_1': 0.7025893652773392, 'beta_2': 0.9999729297794948, 'epsilon': 4.13126095101124e-07, 'hidden_layer_sizes': 56, 'learning_rate_init': 0.07171582948751404, 'tol': 0.00014183962330572406, 'validation_fraction': 0.7160649447184844}]
function_evaluation time 0.392761 value 45.026159 suggestion {'alpha': 2.424158544999632, 'batch_size': 50, 'beta_1': 0.7025893652773392, 'beta_2': 0.9999729297794948, 'epsilon': 4.13126095101124e-07, 'hidden_layer_sizes': 56, 'learning_rate_init': 0.07171582948751404, 'tol': 0.00014183962330572406, 'validation_fraction': 0.7160649447184844}
observation time 0.000006, current best 45.026159 at iter 3
Failure in optimizer suggest. Falling back to random search.
name 'activ' is not defined
Traceback (most recent call last):
  File "/home/ryedida/.local/lib/python3.9/site-packages/bayesmark/experiment.py", line 126, in run_study
    next_points = optimizer.suggest(n_suggestions)
  File "/home/ryedida/bbo_challenge_starter_kit/example_submissions/smoothness/optimizer.py", line 109, in suggest
    betas = [self._get_smoothness_reg(guess) for guess in guesses]
  File "/home/ryedida/bbo_challenge_starter_kit/example_submissions/smoothness/optimizer.py", line 109, in <listcomp>
    betas = [self._get_smoothness_reg(guess) for guess in guesses]
  File "/home/ryedida/bbo_challenge_starter_kit/example_submissions/smoothness/optimizer.py", line 49, in _get_smoothness_reg
    if activ > Kz:
NameError: name 'activ' is not defined
suggestion time taken 0.328820 iter 4 next_points [{'alpha': 0.01727804651149489, 'batch_size': 238, 'beta_1': 0.9863356779537893, 'beta_2': 0.9999635459554732, 'epsilon': 1.1049074267087623e-09, 'hidden_layer_sizes': 58, 'learning_rate_init': 0.0003852082302344268, 'tol': 0.04940266142300755, 'validation_fraction': 0.21809057498710874}]
function_evaluation time 0.052529 value 151.489102 suggestion {'alpha': 0.01727804651149489, 'batch_size': 238, 'beta_1': 0.9863356779537893, 'beta_2': 0.9999635459554732, 'epsilon': 1.1049074267087623e-09, 'hidden_layer_sizes': 58, 'learning_rate_init': 0.0003852082302344268, 'tol': 0.04940266142300755, 'validation_fraction': 0.21809057498710874}
observation time 0.000006, current best 45.026159 at iter 4
Failure in optimizer suggest. Falling back to random search.
name 'activ' is not defined
Traceback (most recent call last):
  File "/home/ryedida/.local/lib/python3.9/site-packages/bayesmark/experiment.py", line 126, in run_study
    next_points = optimizer.suggest(n_suggestions)
  File "/home/ryedida/bbo_challenge_starter_kit/example_submissions/smoothness/optimizer.py", line 109, in suggest
    betas = [self._get_smoothness_reg(guess) for guess in guesses]
  File "/home/ryedida/bbo_challenge_starter_kit/example_submissions/smoothness/optimizer.py", line 109, in <listcomp>
    betas = [self._get_smoothness_reg(guess) for guess in guesses]
  File "/home/ryedida/bbo_challenge_starter_kit/example_submissions/smoothness/optimizer.py", line 49, in _get_smoothness_reg
    if activ > Kz:
NameError: name 'activ' is not defined
suggestion time taken 0.333637 iter 5 next_points [{'alpha': 2.5003889074802763e-05, 'batch_size': 223, 'beta_1': 0.5659779778899776, 'beta_2': 0.9610116142377857, 'epsilon': 4.0976506825487544e-08, 'hidden_layer_sizes': 158, 'learning_rate_init': 0.0010023665161341714, 'tol': 0.004199451342725477, 'validation_fraction': 0.8086533370976434}]
/home/ryedida/.local/lib/python3.9/site-packages/sklearn/neural_network/_multilayer_perceptron.py:605: UserWarning: Got `batch_size` less than 1 or larger than sample size. It is going to be clipped
  warnings.warn(

function_evaluation time 0.055614 value 151.332188 suggestion {'alpha': 2.5003889074802763e-05, 'batch_size': 223, 'beta_1': 0.5659779778899776, 'beta_2': 0.9610116142377857, 'epsilon': 4.0976506825487544e-08, 'hidden_layer_sizes': 158, 'learning_rate_init': 0.0010023665161341714, 'tol': 0.004199451342725477, 'validation_fraction': 0.8086533370976434}
observation time 0.000006, current best 45.026159 at iter 5
Failure in optimizer suggest. Falling back to random search.
name 'activ' is not defined
Traceback (most recent call last):
  File "/home/ryedida/.local/lib/python3.9/site-packages/bayesmark/experiment.py", line 126, in run_study
    next_points = optimizer.suggest(n_suggestions)
  File "/home/ryedida/bbo_challenge_starter_kit/example_submissions/smoothness/optimizer.py", line 109, in suggest
    betas = [self._get_smoothness_reg(guess) for guess in guesses]
  File "/home/ryedida/bbo_challenge_starter_kit/example_submissions/smoothness/optimizer.py", line 109, in <listcomp>
    betas = [self._get_smoothness_reg(guess) for guess in guesses]
  File "/home/ryedida/bbo_challenge_starter_kit/example_submissions/smoothness/optimizer.py", line 49, in _get_smoothness_reg
    if activ > Kz:
NameError: name 'activ' is not defined
suggestion time taken 0.328530 iter 6 next_points [{'alpha': 0.05503606504854279, 'batch_size': 202, 'beta_1': 0.9733792044376233, 'beta_2': 0.999921222500968, 'epsilon': 8.082975407422465e-08, 'hidden_layer_sizes': 161, 'learning_rate_init': 0.021428200718038408, 'tol': 0.03357116699542992, 'validation_fraction': 0.38339201885845836}]
function_evaluation time 0.353025 value 54.545952 suggestion {'alpha': 0.05503606504854279, 'batch_size': 202, 'beta_1': 0.9733792044376233, 'beta_2': 0.999921222500968, 'epsilon': 8.082975407422465e-08, 'hidden_layer_sizes': 161, 'learning_rate_init': 0.021428200718038408, 'tol': 0.03357116699542992, 'validation_fraction': 0.38339201885845836}
observation time 0.000006, current best 45.026159 at iter 6
Failure in optimizer suggest. Falling back to random search.
name 'activ' is not defined
Traceback (most recent call last):
  File "/home/ryedida/.local/lib/python3.9/site-packages/bayesmark/experiment.py", line 126, in run_study
    next_points = optimizer.suggest(n_suggestions)
  File "/home/ryedida/bbo_challenge_starter_kit/example_submissions/smoothness/optimizer.py", line 109, in suggest
    betas = [self._get_smoothness_reg(guess) for guess in guesses]
  File "/home/ryedida/bbo_challenge_starter_kit/example_submissions/smoothness/optimizer.py", line 109, in <listcomp>
    betas = [self._get_smoothness_reg(guess) for guess in guesses]
  File "/home/ryedida/bbo_challenge_starter_kit/example_submissions/smoothness/optimizer.py", line 49, in _get_smoothness_reg
    if activ > Kz:
NameError: name 'activ' is not defined
suggestion time taken 0.474604 iter 7 next_points [{'alpha': 0.002876706450673366, 'batch_size': 198, 'beta_1': 0.8978605701061301, 'beta_2': 0.9999961406715511, 'epsilon': 8.111122708418642e-07, 'hidden_layer_sizes': 57, 'learning_rate_init': 0.0013016411565691804, 'tol': 0.0029631284878988504, 'validation_fraction': 0.189426690293982}]
function_evaluation time 0.062321 value 151.044416 suggestion {'alpha': 0.002876706450673366, 'batch_size': 198, 'beta_1': 0.8978605701061301, 'beta_2': 0.9999961406715511, 'epsilon': 8.111122708418642e-07, 'hidden_layer_sizes': 57, 'learning_rate_init': 0.0013016411565691804, 'tol': 0.0029631284878988504, 'validation_fraction': 0.189426690293982}
observation time 0.000006, current best 45.026159 at iter 7
Failure in optimizer suggest. Falling back to random search.
name 'activ' is not defined
Traceback (most recent call last):
  File "/home/ryedida/.local/lib/python3.9/site-packages/bayesmark/experiment.py", line 126, in run_study
    next_points = optimizer.suggest(n_suggestions)
  File "/home/ryedida/bbo_challenge_starter_kit/example_submissions/smoothness/optimizer.py", line 109, in suggest
    betas = [self._get_smoothness_reg(guess) for guess in guesses]
  File "/home/ryedida/bbo_challenge_starter_kit/example_submissions/smoothness/optimizer.py", line 109, in <listcomp>
    betas = [self._get_smoothness_reg(guess) for guess in guesses]
  File "/home/ryedida/bbo_challenge_starter_kit/example_submissions/smoothness/optimizer.py", line 49, in _get_smoothness_reg
    if activ > Kz:
NameError: name 'activ' is not defined
suggestion time taken 0.327425 iter 8 next_points [{'alpha': 0.30003569023615645, 'batch_size': 249, 'beta_1': 0.6991171355390208, 'beta_2': 0.9203667264880223, 'epsilon': 1.0713665327380253e-07, 'hidden_layer_sizes': 168, 'learning_rate_init': 0.0007892498460898142, 'tol': 0.02153238894298214, 'validation_fraction': 0.13048377750455076}]
function_evaluation time 0.078178 value 151.489759 suggestion {'alpha': 0.30003569023615645, 'batch_size': 249, 'beta_1': 0.6991171355390208, 'beta_2': 0.9203667264880223, 'epsilon': 1.0713665327380253e-07, 'hidden_layer_sizes': 168, 'learning_rate_init': 0.0007892498460898142, 'tol': 0.02153238894298214, 'validation_fraction': 0.13048377750455076}
observation time 0.000006, current best 45.026159 at iter 8
Failure in optimizer suggest. Falling back to random search.
name 'activ' is not defined
Traceback (most recent call last):
  File "/home/ryedida/.local/lib/python3.9/site-packages/bayesmark/experiment.py", line 126, in run_study
    next_points = optimizer.suggest(n_suggestions)
  File "/home/ryedida/bbo_challenge_starter_kit/example_submissions/smoothness/optimizer.py", line 109, in suggest
    betas = [self._get_smoothness_reg(guess) for guess in guesses]
  File "/home/ryedida/bbo_challenge_starter_kit/example_submissions/smoothness/optimizer.py", line 109, in <listcomp>
    betas = [self._get_smoothness_reg(guess) for guess in guesses]
  File "/home/ryedida/bbo_challenge_starter_kit/example_submissions/smoothness/optimizer.py", line 49, in _get_smoothness_reg
    if activ > Kz:
NameError: name 'activ' is not defined
suggestion time taken 0.326347 iter 9 next_points [{'alpha': 0.00014045597996977538, 'batch_size': 225, 'beta_1': 0.8023541290580543, 'beta_2': 0.9979187959458004, 'epsilon': 4.0132286107714033e-08, 'hidden_layer_sizes': 148, 'learning_rate_init': 0.005166803747577459, 'tol': 0.027263634192471364, 'validation_fraction': 0.15472315556063354}]
function_evaluation time 0.085482 value 149.122812 suggestion {'alpha': 0.00014045597996977538, 'batch_size': 225, 'beta_1': 0.8023541290580543, 'beta_2': 0.9979187959458004, 'epsilon': 4.0132286107714033e-08, 'hidden_layer_sizes': 148, 'learning_rate_init': 0.005166803747577459, 'tol': 0.027263634192471364, 'validation_fraction': 0.15472315556063354}
observation time 0.000006, current best 45.026159 at iter 9
Failure in optimizer suggest. Falling back to random search.
name 'activ' is not defined
Traceback (most recent call last):
  File "/home/ryedida/.local/lib/python3.9/site-packages/bayesmark/experiment.py", line 126, in run_study
    next_points = optimizer.suggest(n_suggestions)
  File "/home/ryedida/bbo_challenge_starter_kit/example_submissions/smoothness/optimizer.py", line 109, in suggest
    betas = [self._get_smoothness_reg(guess) for guess in guesses]
  File "/home/ryedida/bbo_challenge_starter_kit/example_submissions/smoothness/optimizer.py", line 109, in <listcomp>
    betas = [self._get_smoothness_reg(guess) for guess in guesses]
  File "/home/ryedida/bbo_challenge_starter_kit/example_submissions/smoothness/optimizer.py", line 49, in _get_smoothness_reg
    if activ > Kz:
NameError: name 'activ' is not defined
suggestion time taken 0.321681 iter 10 next_points [{'alpha': 0.001170882254052784, 'batch_size': 180, 'beta_1': 0.9890571914011154, 'beta_2': 0.9987490336645397, 'epsilon': 9.512167829276539e-09, 'hidden_layer_sizes': 185, 'learning_rate_init': 1.8839015076101253e-05, 'tol': 0.01281034734849967, 'validation_fraction': 0.5832495626781704}]
/home/ryedida/.local/lib/python3.9/site-packages/sklearn/neural_network/_multilayer_perceptron.py:605: UserWarning: Got `batch_size` less than 1 or larger than sample size. It is going to be clipped
  warnings.warn(

function_evaluation time 0.065635 value 151.502688 suggestion {'alpha': 0.001170882254052784, 'batch_size': 180, 'beta_1': 0.9890571914011154, 'beta_2': 0.9987490336645397, 'epsilon': 9.512167829276539e-09, 'hidden_layer_sizes': 185, 'learning_rate_init': 1.8839015076101253e-05, 'tol': 0.01281034734849967, 'validation_fraction': 0.5832495626781704}
observation time 0.000006, current best 45.026159 at iter 10
Failure in optimizer suggest. Falling back to random search.
name 'activ' is not defined
Traceback (most recent call last):
  File "/home/ryedida/.local/lib/python3.9/site-packages/bayesmark/experiment.py", line 126, in run_study
    next_points = optimizer.suggest(n_suggestions)
  File "/home/ryedida/bbo_challenge_starter_kit/example_submissions/smoothness/optimizer.py", line 109, in suggest
    betas = [self._get_smoothness_reg(guess) for guess in guesses]
  File "/home/ryedida/bbo_challenge_starter_kit/example_submissions/smoothness/optimizer.py", line 109, in <listcomp>
    betas = [self._get_smoothness_reg(guess) for guess in guesses]
  File "/home/ryedida/bbo_challenge_starter_kit/example_submissions/smoothness/optimizer.py", line 49, in _get_smoothness_reg
    if activ > Kz:
NameError: name 'activ' is not defined
suggestion time taken 0.323037 iter 11 next_points [{'alpha': 1.2142953659821524e-05, 'batch_size': 15, 'beta_1': 0.5949831818943339, 'beta_2': 0.9999359480503124, 'epsilon': 4.77800044396511e-09, 'hidden_layer_sizes': 144, 'learning_rate_init': 0.08230627851476491, 'tol': 0.006380987326349345, 'validation_fraction': 0.11291685807325849}]
function_evaluation time 0.367861 value 45.716851 suggestion {'alpha': 1.2142953659821524e-05, 'batch_size': 15, 'beta_1': 0.5949831818943339, 'beta_2': 0.9999359480503124, 'epsilon': 4.77800044396511e-09, 'hidden_layer_sizes': 144, 'learning_rate_init': 0.08230627851476491, 'tol': 0.006380987326349345, 'validation_fraction': 0.11291685807325849}
observation time 0.000006, current best 45.026159 at iter 11
Failure in optimizer suggest. Falling back to random search.
name 'activ' is not defined
Traceback (most recent call last):
  File "/home/ryedida/.local/lib/python3.9/site-packages/bayesmark/experiment.py", line 126, in run_study
    next_points = optimizer.suggest(n_suggestions)
  File "/home/ryedida/bbo_challenge_starter_kit/example_submissions/smoothness/optimizer.py", line 109, in suggest
    betas = [self._get_smoothness_reg(guess) for guess in guesses]
  File "/home/ryedida/bbo_challenge_starter_kit/example_submissions/smoothness/optimizer.py", line 109, in <listcomp>
    betas = [self._get_smoothness_reg(guess) for guess in guesses]
  File "/home/ryedida/bbo_challenge_starter_kit/example_submissions/smoothness/optimizer.py", line 49, in _get_smoothness_reg
    if activ > Kz:
NameError: name 'activ' is not defined
suggestion time taken 0.324983 iter 12 next_points [{'alpha': 0.7126137438223443, 'batch_size': 21, 'beta_1': 0.7840467569454596, 'beta_2': 0.9653435039261501, 'epsilon': 1.0530988762299955e-08, 'hidden_layer_sizes': 93, 'learning_rate_init': 0.013126460281425341, 'tol': 0.006634936108404714, 'validation_fraction': 0.4898225515958997}]
function_evaluation time 0.507646 value 47.040396 suggestion {'alpha': 0.7126137438223443, 'batch_size': 21, 'beta_1': 0.7840467569454596, 'beta_2': 0.9653435039261501, 'epsilon': 1.0530988762299955e-08, 'hidden_layer_sizes': 93, 'learning_rate_init': 0.013126460281425341, 'tol': 0.006634936108404714, 'validation_fraction': 0.4898225515958997}
observation time 0.000006, current best 45.026159 at iter 12
Failure in optimizer suggest. Falling back to random search.
name 'activ' is not defined
Traceback (most recent call last):
  File "/home/ryedida/.local/lib/python3.9/site-packages/bayesmark/experiment.py", line 126, in run_study
    next_points = optimizer.suggest(n_suggestions)
  File "/home/ryedida/bbo_challenge_starter_kit/example_submissions/smoothness/optimizer.py", line 109, in suggest
    betas = [self._get_smoothness_reg(guess) for guess in guesses]
  File "/home/ryedida/bbo_challenge_starter_kit/example_submissions/smoothness/optimizer.py", line 109, in <listcomp>
    betas = [self._get_smoothness_reg(guess) for guess in guesses]
  File "/home/ryedida/bbo_challenge_starter_kit/example_submissions/smoothness/optimizer.py", line 49, in _get_smoothness_reg
    if activ > Kz:
NameError: name 'activ' is not defined
suggestion time taken 0.324983 iter 13 next_points [{'alpha': 0.001522866640996005, 'batch_size': 208, 'beta_1': 0.9402323497790169, 'beta_2': 0.9999985189626411, 'epsilon': 8.43423823488579e-08, 'hidden_layer_sizes': 105, 'learning_rate_init': 1.6638049871492687e-05, 'tol': 0.0009906383303408166, 'validation_fraction': 0.31881644799140535}]
function_evaluation time 0.061988 value 151.536247 suggestion {'alpha': 0.001522866640996005, 'batch_size': 208, 'beta_1': 0.9402323497790169, 'beta_2': 0.9999985189626411, 'epsilon': 8.43423823488579e-08, 'hidden_layer_sizes': 105, 'learning_rate_init': 1.6638049871492687e-05, 'tol': 0.0009906383303408166, 'validation_fraction': 0.31881644799140535}
observation time 0.000006, current best 45.026159 at iter 13
Failure in optimizer suggest. Falling back to random search.
name 'activ' is not defined
Traceback (most recent call last):
  File "/home/ryedida/.local/lib/python3.9/site-packages/bayesmark/experiment.py", line 126, in run_study
    next_points = optimizer.suggest(n_suggestions)
  File "/home/ryedida/bbo_challenge_starter_kit/example_submissions/smoothness/optimizer.py", line 109, in suggest
    betas = [self._get_smoothness_reg(guess) for guess in guesses]
  File "/home/ryedida/bbo_challenge_starter_kit/example_submissions/smoothness/optimizer.py", line 109, in <listcomp>
    betas = [self._get_smoothness_reg(guess) for guess in guesses]
  File "/home/ryedida/bbo_challenge_starter_kit/example_submissions/smoothness/optimizer.py", line 49, in _get_smoothness_reg
    if activ > Kz:
NameError: name 'activ' is not defined
suggestion time taken 0.327340 iter 14 next_points [{'alpha': 3.234317947149543e-05, 'batch_size': 23, 'beta_1': 0.9669443979442716, 'beta_2': 0.9997230594811567, 'epsilon': 1.4448962296448089e-09, 'hidden_layer_sizes': 170, 'learning_rate_init': 0.03560055986350975, 'tol': 0.0036879285727320944, 'validation_fraction': 0.828909746291535}]
function_evaluation time 0.234046 value 54.952817 suggestion {'alpha': 3.234317947149543e-05, 'batch_size': 23, 'beta_1': 0.9669443979442716, 'beta_2': 0.9997230594811567, 'epsilon': 1.4448962296448089e-09, 'hidden_layer_sizes': 170, 'learning_rate_init': 0.03560055986350975, 'tol': 0.0036879285727320944, 'validation_fraction': 0.828909746291535}
observation time 0.000006, current best 45.026159 at iter 14
saving meta data: {'args': {'--uuid': 'b055c3a08aad589cb2cc005a7f96ce26', '-db-root': '/home/ryedida/bbo_challenge_starter_kit/output', '--opt-root': '/home/ryedida/bbo_challenge_starter_kit/example_submissions', '--data-root': None, '--db': 'run_20230427_004608', '--opt': 'smoothness', '--data': 'diabetes', '--classifier': 'MLP-adam', '--metric': 'mae', '--calls': 15, '--suggestions': 1, '--jobs-file': None, '--verbose': False, 'dry_run': False, 'rev': 'a376313', 'opt_rev': 'x.x.x'}, 'signature': ([{'alpha': 0.019628224813442792, 'batch_size': 182, 'beta_1': 0.9410202200271762, 'beta_2': 0.9998021557676793, 'epsilon': 1.8662266976518e-08, 'hidden_layer_sizes': 147, 'learning_rate_init': 0.0005627932047415167, 'tol': 0.03690557729213761, 'validation_fraction': 0.8846827852548593}, {'alpha': 0.0019982467392329444, 'batch_size': 200, 'beta_1': 0.919111482530466, 'beta_2': 0.9998488260436156, 'epsilon': 5.981221901152555e-07, 'hidden_layer_sizes': 61, 'learning_rate_init': 2.2310905607443014e-05, 'tol': 1.2046852412030316e-05, 'validation_fraction': 0.8117896445826539}, {'alpha': 0.46659545670218433, 'batch_size': 219, 'beta_1': 0.9889789783750891, 'beta_2': 0.9999896868093284, 'epsilon': 2.4234724484675948e-08, 'hidden_layer_sizes': 167, 'learning_rate_init': 2.972334644335654e-05, 'tol': 0.0036281404040243792, 'validation_fraction': 0.17260651658522078}, {'alpha': 4.656005689076002, 'batch_size': 135, 'beta_1': 0.870503881627747, 'beta_2': 0.9948873266941017, 'epsilon': 2.1023308743480125e-07, 'hidden_layer_sizes': 118, 'learning_rate_init': 0.0018781738757161913, 'tol': 1.1889379831773004e-05, 'validation_fraction': 0.6264327093752792}, {'alpha': 0.04705159350400542, 'batch_size': 158, 'beta_1': 0.9870884262730957, 'beta_2': 0.9999596874382349, 'epsilon': 1.1981845126013875e-08, 'hidden_layer_sizes': 116, 'learning_rate_init': 0.00617340520407431, 'tol': 1.741413418158619e-05, 'validation_fraction': 0.6754299026638921}], [151.4971925380264, 151.42763539278994, 151.47026299046811, 136.86202504264318, 75.2055865763391])}
saving results
saving timing
saving suggest log
done
