running: {'--uuid': 'c4f6d7253eb450c3bd628b27f9d0ffe2', '-db-root': '/home/ryedida/bbo_challenge_starter_kit/output', '--opt-root': '/home/ryedida/bbo_challenge_starter_kit/example_submissions', '--data-root': None, '--db': 'run_20230427_004608', '--opt': 'smoothness', '--data': 'diabetes', '--classifier': 'MLP-adam', '--metric': 'mse', '--calls': 15, '--suggestions': 1, '--jobs-file': None, '--verbose': False, 'dry_run': False, 'rev': 'a376313', 'opt_rev': 'x.x.x'}
cmd: python smoothness/optimizer.py -c MLP-adam -d diabetes -o smoothness -u c4f6d7253eb450c3bd628b27f9d0ffe2 -m mse -n 15 -p 1 -dir /home/ryedida/bbo_challenge_starter_kit/output -b run_20230427_004608
/home/ryedida/.local/lib/python3.9/site-packages/sklearn/neural_network/_multilayer_perceptron.py:605: UserWarning: Got `batch_size` less than 1 or larger than sample size. It is going to be clipped
  warnings.warn(

/home/ryedida/.local/lib/python3.9/site-packages/sklearn/neural_network/_multilayer_perceptron.py:605: UserWarning: Got `batch_size` less than 1 or larger than sample size. It is going to be clipped
  warnings.warn(

/home/ryedida/.local/lib/python3.9/site-packages/sklearn/neural_network/_multilayer_perceptron.py:605: UserWarning: Got `batch_size` less than 1 or larger than sample size. It is going to be clipped
  warnings.warn(

/home/ryedida/.local/lib/python3.9/site-packages/sklearn/neural_network/_multilayer_perceptron.py:686: ConvergenceWarning: Stochastic Optimizer: Maximum iterations (200) reached and the optimization hasn't converged yet.
  warnings.warn(

/home/ryedida/.local/lib/python3.9/site-packages/sklearn/neural_network/_multilayer_perceptron.py:605: UserWarning: Got `batch_size` less than 1 or larger than sample size. It is going to be clipped
  warnings.warn(

/home/ryedida/.local/lib/python3.9/site-packages/sklearn/neural_network/_multilayer_perceptron.py:686: ConvergenceWarning: Stochastic Optimizer: Maximum iterations (200) reached and the optimization hasn't converged yet.
  warnings.warn(

computed signature: ([{'alpha': 0.019628224813442792, 'batch_size': 182, 'beta_1': 0.9410202200271762, 'beta_2': 0.9998021557676793, 'epsilon': 1.8662266976518e-08, 'hidden_layer_sizes': 147, 'learning_rate_init': 0.0005627932047415167, 'tol': 0.03690557729213761, 'validation_fraction': 0.8846827852548593}, {'alpha': 0.0019982467392329444, 'batch_size': 200, 'beta_1': 0.919111482530466, 'beta_2': 0.9998488260436156, 'epsilon': 5.981221901152555e-07, 'hidden_layer_sizes': 61, 'learning_rate_init': 2.2310905607443014e-05, 'tol': 1.2046852412030316e-05, 'validation_fraction': 0.8117896445826539}, {'alpha': 0.46659545670218433, 'batch_size': 219, 'beta_1': 0.9889789783750891, 'beta_2': 0.9999896868093284, 'epsilon': 2.4234724484675948e-08, 'hidden_layer_sizes': 167, 'learning_rate_init': 2.972334644335654e-05, 'tol': 0.0036281404040243792, 'validation_fraction': 0.17260651658522078}, {'alpha': 4.656005689076002, 'batch_size': 135, 'beta_1': 0.870503881627747, 'beta_2': 0.9948873266941017, 'epsilon': 2.1023308743480125e-07, 'hidden_layer_sizes': 118, 'learning_rate_init': 0.0018781738757161913, 'tol': 1.1889379831773004e-05, 'validation_fraction': 0.6264327093752792}, {'alpha': 0.04705159350400542, 'batch_size': 158, 'beta_1': 0.9870884262730957, 'beta_2': 0.9999596874382349, 'epsilon': 1.1981845126013875e-08, 'hidden_layer_sizes': 116, 'learning_rate_init': 0.00617340520407431, 'tol': 1.741413418158619e-05, 'validation_fraction': 0.6754299026638921}], [29083.993548572587, 29062.423277324073, 29075.78987471409, 24626.32866834337, 9584.226858493177])
Signature errors:
                              0         1         2         3         4       max
MLP-adam_diabetes_mse  0.000007  0.000008  0.000003  0.003558  0.004952  0.004952
max                    0.000007  0.000008  0.000003  0.003558  0.004952  0.004952
starting sklearn study smoothness MLP-adam diabetes mse 15 1
with data root: None
Failure in optimizer suggest. Falling back to random search.
name 'activ' is not defined
Traceback (most recent call last):
  File "/home/ryedida/.local/lib/python3.9/site-packages/bayesmark/experiment.py", line 126, in run_study
    next_points = optimizer.suggest(n_suggestions)
  File "/home/ryedida/bbo_challenge_starter_kit/example_submissions/smoothness/optimizer.py", line 109, in suggest
    betas = [self._get_smoothness_reg(guess) for guess in guesses]
  File "/home/ryedida/bbo_challenge_starter_kit/example_submissions/smoothness/optimizer.py", line 109, in <listcomp>
    betas = [self._get_smoothness_reg(guess) for guess in guesses]
  File "/home/ryedida/bbo_challenge_starter_kit/example_submissions/smoothness/optimizer.py", line 49, in _get_smoothness_reg
    if activ > Kz:
NameError: name 'activ' is not defined
suggestion time taken 0.494013 iter 0 next_points [{'alpha': 0.06820178942736038, 'batch_size': 62, 'beta_1': 0.6972341236864219, 'beta_2': 0.9999983421847919, 'epsilon': 9.462936440165941e-08, 'hidden_layer_sizes': 70, 'learning_rate_init': 0.005697868284103639, 'tol': 0.000910940087922683, 'validation_fraction': 0.3911046243221826}]
function_evaluation time 0.759966 value 3327.421398 suggestion {'alpha': 0.06820178942736038, 'batch_size': 62, 'beta_1': 0.6972341236864219, 'beta_2': 0.9999983421847919, 'epsilon': 9.462936440165941e-08, 'hidden_layer_sizes': 70, 'learning_rate_init': 0.005697868284103639, 'tol': 0.000910940087922683, 'validation_fraction': 0.3911046243221826}
observation time 0.000006, current best 3327.421398 at iter 0
Failure in optimizer suggest. Falling back to random search.
name 'activ' is not defined
Traceback (most recent call last):
  File "/home/ryedida/.local/lib/python3.9/site-packages/bayesmark/experiment.py", line 126, in run_study
    next_points = optimizer.suggest(n_suggestions)
  File "/home/ryedida/bbo_challenge_starter_kit/example_submissions/smoothness/optimizer.py", line 109, in suggest
    betas = [self._get_smoothness_reg(guess) for guess in guesses]
  File "/home/ryedida/bbo_challenge_starter_kit/example_submissions/smoothness/optimizer.py", line 109, in <listcomp>
    betas = [self._get_smoothness_reg(guess) for guess in guesses]
  File "/home/ryedida/bbo_challenge_starter_kit/example_submissions/smoothness/optimizer.py", line 49, in _get_smoothness_reg
    if activ > Kz:
NameError: name 'activ' is not defined
suggestion time taken 0.330024 iter 1 next_points [{'alpha': 0.0001381567604890174, 'batch_size': 35, 'beta_1': 0.575291279558824, 'beta_2': 0.9999975901477416, 'epsilon': 5.7999792208312066e-08, 'hidden_layer_sizes': 85, 'learning_rate_init': 1.2394866264850153e-05, 'tol': 0.002723116255619101, 'validation_fraction': 0.7571624695391304}]
function_evaluation time 0.062313 value 29094.608006 suggestion {'alpha': 0.0001381567604890174, 'batch_size': 35, 'beta_1': 0.575291279558824, 'beta_2': 0.9999975901477416, 'epsilon': 5.7999792208312066e-08, 'hidden_layer_sizes': 85, 'learning_rate_init': 1.2394866264850153e-05, 'tol': 0.002723116255619101, 'validation_fraction': 0.7571624695391304}
observation time 0.000007, current best 3327.421398 at iter 1
Failure in optimizer suggest. Falling back to random search.
name 'activ' is not defined
Traceback (most recent call last):
  File "/home/ryedida/.local/lib/python3.9/site-packages/bayesmark/experiment.py", line 126, in run_study
    next_points = optimizer.suggest(n_suggestions)
  File "/home/ryedida/bbo_challenge_starter_kit/example_submissions/smoothness/optimizer.py", line 109, in suggest
    betas = [self._get_smoothness_reg(guess) for guess in guesses]
  File "/home/ryedida/bbo_challenge_starter_kit/example_submissions/smoothness/optimizer.py", line 109, in <listcomp>
    betas = [self._get_smoothness_reg(guess) for guess in guesses]
  File "/home/ryedida/bbo_challenge_starter_kit/example_submissions/smoothness/optimizer.py", line 49, in _get_smoothness_reg
    if activ > Kz:
NameError: name 'activ' is not defined
suggestion time taken 0.330041 iter 2 next_points [{'alpha': 1.6511050420602709, 'batch_size': 156, 'beta_1': 0.9758417231338353, 'beta_2': 0.9985525127010024, 'epsilon': 6.351501668690243e-09, 'hidden_layer_sizes': 171, 'learning_rate_init': 0.0008943522442846505, 'tol': 0.004912806755222862, 'validation_fraction': 0.7984566657546511}]
/home/ryedida/.local/lib/python3.9/site-packages/sklearn/neural_network/_multilayer_perceptron.py:605: UserWarning: Got `batch_size` less than 1 or larger than sample size. It is going to be clipped
  warnings.warn(

function_evaluation time 0.056705 value 29046.823894 suggestion {'alpha': 1.6511050420602709, 'batch_size': 156, 'beta_1': 0.9758417231338353, 'beta_2': 0.9985525127010024, 'epsilon': 6.351501668690243e-09, 'hidden_layer_sizes': 171, 'learning_rate_init': 0.0008943522442846505, 'tol': 0.004912806755222862, 'validation_fraction': 0.7984566657546511}
observation time 0.000005, current best 3327.421398 at iter 2
Failure in optimizer suggest. Falling back to random search.
name 'activ' is not defined
Traceback (most recent call last):
  File "/home/ryedida/.local/lib/python3.9/site-packages/bayesmark/experiment.py", line 126, in run_study
    next_points = optimizer.suggest(n_suggestions)
  File "/home/ryedida/bbo_challenge_starter_kit/example_submissions/smoothness/optimizer.py", line 109, in suggest
    betas = [self._get_smoothness_reg(guess) for guess in guesses]
  File "/home/ryedida/bbo_challenge_starter_kit/example_submissions/smoothness/optimizer.py", line 109, in <listcomp>
    betas = [self._get_smoothness_reg(guess) for guess in guesses]
  File "/home/ryedida/bbo_challenge_starter_kit/example_submissions/smoothness/optimizer.py", line 49, in _get_smoothness_reg
    if activ > Kz:
NameError: name 'activ' is not defined
suggestion time taken 0.334034 iter 3 next_points [{'alpha': 0.0038632776893420167, 'batch_size': 119, 'beta_1': 0.8784095222930243, 'beta_2': 0.9999962428427052, 'epsilon': 8.755563932310254e-08, 'hidden_layer_sizes': 164, 'learning_rate_init': 0.0015365723824813803, 'tol': 5.456868021938329e-05, 'validation_fraction': 0.10836507282501094}]
/home/ryedida/.local/lib/python3.9/site-packages/sklearn/neural_network/_multilayer_perceptron.py:686: ConvergenceWarning: Stochastic Optimizer: Maximum iterations (200) reached and the optimization hasn't converged yet.
  warnings.warn(

function_evaluation time 1.534299 value 5957.860615 suggestion {'alpha': 0.0038632776893420167, 'batch_size': 119, 'beta_1': 0.8784095222930243, 'beta_2': 0.9999962428427052, 'epsilon': 8.755563932310254e-08, 'hidden_layer_sizes': 164, 'learning_rate_init': 0.0015365723824813803, 'tol': 5.456868021938329e-05, 'validation_fraction': 0.10836507282501094}
observation time 0.000006, current best 3327.421398 at iter 3
Failure in optimizer suggest. Falling back to random search.
name 'activ' is not defined
Traceback (most recent call last):
  File "/home/ryedida/.local/lib/python3.9/site-packages/bayesmark/experiment.py", line 126, in run_study
    next_points = optimizer.suggest(n_suggestions)
  File "/home/ryedida/bbo_challenge_starter_kit/example_submissions/smoothness/optimizer.py", line 109, in suggest
    betas = [self._get_smoothness_reg(guess) for guess in guesses]
  File "/home/ryedida/bbo_challenge_starter_kit/example_submissions/smoothness/optimizer.py", line 109, in <listcomp>
    betas = [self._get_smoothness_reg(guess) for guess in guesses]
  File "/home/ryedida/bbo_challenge_starter_kit/example_submissions/smoothness/optimizer.py", line 49, in _get_smoothness_reg
    if activ > Kz:
NameError: name 'activ' is not defined
suggestion time taken 0.329218 iter 4 next_points [{'alpha': 0.0024899605135048483, 'batch_size': 11, 'beta_1': 0.9720567644974036, 'beta_2': 0.9999144415724827, 'epsilon': 5.259664770979971e-09, 'hidden_layer_sizes': 151, 'learning_rate_init': 0.011636823278252113, 'tol': 0.0193784663633322, 'validation_fraction': 0.1739817291391768}]
function_evaluation time 0.575032 value 3026.286151 suggestion {'alpha': 0.0024899605135048483, 'batch_size': 11, 'beta_1': 0.9720567644974036, 'beta_2': 0.9999144415724827, 'epsilon': 5.259664770979971e-09, 'hidden_layer_sizes': 151, 'learning_rate_init': 0.011636823278252113, 'tol': 0.0193784663633322, 'validation_fraction': 0.1739817291391768}
observation time 0.000006, current best 3026.286151 at iter 4
Failure in optimizer suggest. Falling back to random search.
name 'activ' is not defined
Traceback (most recent call last):
  File "/home/ryedida/.local/lib/python3.9/site-packages/bayesmark/experiment.py", line 126, in run_study
    next_points = optimizer.suggest(n_suggestions)
  File "/home/ryedida/bbo_challenge_starter_kit/example_submissions/smoothness/optimizer.py", line 109, in suggest
    betas = [self._get_smoothness_reg(guess) for guess in guesses]
  File "/home/ryedida/bbo_challenge_starter_kit/example_submissions/smoothness/optimizer.py", line 109, in <listcomp>
    betas = [self._get_smoothness_reg(guess) for guess in guesses]
  File "/home/ryedida/bbo_challenge_starter_kit/example_submissions/smoothness/optimizer.py", line 49, in _get_smoothness_reg
    if activ > Kz:
NameError: name 'activ' is not defined
suggestion time taken 0.328486 iter 5 next_points [{'alpha': 0.0451237976908795, 'batch_size': 115, 'beta_1': 0.9198865710501114, 'beta_2': 0.9999971871186892, 'epsilon': 7.739368192099386e-07, 'hidden_layer_sizes': 197, 'learning_rate_init': 0.014904806057131495, 'tol': 3.109927191359269e-05, 'validation_fraction': 0.3525616781853851}]
function_evaluation time 0.853190 value 3336.713163 suggestion {'alpha': 0.0451237976908795, 'batch_size': 115, 'beta_1': 0.9198865710501114, 'beta_2': 0.9999971871186892, 'epsilon': 7.739368192099386e-07, 'hidden_layer_sizes': 197, 'learning_rate_init': 0.014904806057131495, 'tol': 3.109927191359269e-05, 'validation_fraction': 0.3525616781853851}
observation time 0.000004, current best 3026.286151 at iter 5
Failure in optimizer suggest. Falling back to random search.
name 'activ' is not defined
Traceback (most recent call last):
  File "/home/ryedida/.local/lib/python3.9/site-packages/bayesmark/experiment.py", line 126, in run_study
    next_points = optimizer.suggest(n_suggestions)
  File "/home/ryedida/bbo_challenge_starter_kit/example_submissions/smoothness/optimizer.py", line 109, in suggest
    betas = [self._get_smoothness_reg(guess) for guess in guesses]
  File "/home/ryedida/bbo_challenge_starter_kit/example_submissions/smoothness/optimizer.py", line 109, in <listcomp>
    betas = [self._get_smoothness_reg(guess) for guess in guesses]
  File "/home/ryedida/bbo_challenge_starter_kit/example_submissions/smoothness/optimizer.py", line 49, in _get_smoothness_reg
    if activ > Kz:
NameError: name 'activ' is not defined
suggestion time taken 0.344019 iter 6 next_points [{'alpha': 0.02942315846729707, 'batch_size': 166, 'beta_1': 0.6634750144373149, 'beta_2': 0.9991650368242274, 'epsilon': 1.4877635990064938e-08, 'hidden_layer_sizes': 98, 'learning_rate_init': 0.002076340189628774, 'tol': 2.6602523275487415e-05, 'validation_fraction': 0.701980533146998}]
/home/ryedida/.local/lib/python3.9/site-packages/sklearn/neural_network/_multilayer_perceptron.py:605: UserWarning: Got `batch_size` less than 1 or larger than sample size. It is going to be clipped
  warnings.warn(

/home/ryedida/.local/lib/python3.9/site-packages/sklearn/neural_network/_multilayer_perceptron.py:686: ConvergenceWarning: Stochastic Optimizer: Maximum iterations (200) reached and the optimization hasn't converged yet.
  warnings.warn(

function_evaluation time 0.682122 value 23030.345368 suggestion {'alpha': 0.02942315846729707, 'batch_size': 166, 'beta_1': 0.6634750144373149, 'beta_2': 0.9991650368242274, 'epsilon': 1.4877635990064938e-08, 'hidden_layer_sizes': 98, 'learning_rate_init': 0.002076340189628774, 'tol': 2.6602523275487415e-05, 'validation_fraction': 0.701980533146998}
observation time 0.000006, current best 3026.286151 at iter 6
Failure in optimizer suggest. Falling back to random search.
name 'activ' is not defined
Traceback (most recent call last):
  File "/home/ryedida/.local/lib/python3.9/site-packages/bayesmark/experiment.py", line 126, in run_study
    next_points = optimizer.suggest(n_suggestions)
  File "/home/ryedida/bbo_challenge_starter_kit/example_submissions/smoothness/optimizer.py", line 109, in suggest
    betas = [self._get_smoothness_reg(guess) for guess in guesses]
  File "/home/ryedida/bbo_challenge_starter_kit/example_submissions/smoothness/optimizer.py", line 109, in <listcomp>
    betas = [self._get_smoothness_reg(guess) for guess in guesses]
  File "/home/ryedida/bbo_challenge_starter_kit/example_submissions/smoothness/optimizer.py", line 49, in _get_smoothness_reg
    if activ > Kz:
NameError: name 'activ' is not defined
suggestion time taken 0.462659 iter 7 next_points [{'alpha': 2.3941802612026275, 'batch_size': 249, 'beta_1': 0.888730624753357, 'beta_2': 0.9999918662470454, 'epsilon': 4.7566625180749983e-07, 'hidden_layer_sizes': 161, 'learning_rate_init': 2.273435388164208e-05, 'tol': 0.0002753268260353336, 'validation_fraction': 0.2427475826154003}]
function_evaluation time 0.075008 value 29130.505379 suggestion {'alpha': 2.3941802612026275, 'batch_size': 249, 'beta_1': 0.888730624753357, 'beta_2': 0.9999918662470454, 'epsilon': 4.7566625180749983e-07, 'hidden_layer_sizes': 161, 'learning_rate_init': 2.273435388164208e-05, 'tol': 0.0002753268260353336, 'validation_fraction': 0.2427475826154003}
observation time 0.000006, current best 3026.286151 at iter 7
Failure in optimizer suggest. Falling back to random search.
name 'activ' is not defined
Traceback (most recent call last):
  File "/home/ryedida/.local/lib/python3.9/site-packages/bayesmark/experiment.py", line 126, in run_study
    next_points = optimizer.suggest(n_suggestions)
  File "/home/ryedida/bbo_challenge_starter_kit/example_submissions/smoothness/optimizer.py", line 109, in suggest
    betas = [self._get_smoothness_reg(guess) for guess in guesses]
  File "/home/ryedida/bbo_challenge_starter_kit/example_submissions/smoothness/optimizer.py", line 109, in <listcomp>
    betas = [self._get_smoothness_reg(guess) for guess in guesses]
  File "/home/ryedida/bbo_challenge_starter_kit/example_submissions/smoothness/optimizer.py", line 49, in _get_smoothness_reg
    if activ > Kz:
NameError: name 'activ' is not defined
suggestion time taken 0.323513 iter 8 next_points [{'alpha': 2.7512780136298186e-05, 'batch_size': 31, 'beta_1': 0.9284358121317262, 'beta_2': 0.9998249465550474, 'epsilon': 3.0409571475457055e-08, 'hidden_layer_sizes': 98, 'learning_rate_init': 0.06143516479419958, 'tol': 0.0039016531469190986, 'validation_fraction': 0.8237767021394443}]
function_evaluation time 0.214022 value 3386.117529 suggestion {'alpha': 2.7512780136298186e-05, 'batch_size': 31, 'beta_1': 0.9284358121317262, 'beta_2': 0.9998249465550474, 'epsilon': 3.0409571475457055e-08, 'hidden_layer_sizes': 98, 'learning_rate_init': 0.06143516479419958, 'tol': 0.0039016531469190986, 'validation_fraction': 0.8237767021394443}
observation time 0.000006, current best 3026.286151 at iter 8
Failure in optimizer suggest. Falling back to random search.
name 'activ' is not defined
Traceback (most recent call last):
  File "/home/ryedida/.local/lib/python3.9/site-packages/bayesmark/experiment.py", line 126, in run_study
    next_points = optimizer.suggest(n_suggestions)
  File "/home/ryedida/bbo_challenge_starter_kit/example_submissions/smoothness/optimizer.py", line 109, in suggest
    betas = [self._get_smoothness_reg(guess) for guess in guesses]
  File "/home/ryedida/bbo_challenge_starter_kit/example_submissions/smoothness/optimizer.py", line 109, in <listcomp>
    betas = [self._get_smoothness_reg(guess) for guess in guesses]
  File "/home/ryedida/bbo_challenge_starter_kit/example_submissions/smoothness/optimizer.py", line 49, in _get_smoothness_reg
    if activ > Kz:
NameError: name 'activ' is not defined
suggestion time taken 0.327230 iter 9 next_points [{'alpha': 0.0004430213023200997, 'batch_size': 145, 'beta_1': 0.9830101145653797, 'beta_2': 0.9999986915755148, 'epsilon': 5.146970324376947e-09, 'hidden_layer_sizes': 150, 'learning_rate_init': 0.0004371726083847609, 'tol': 0.022825012232087123, 'validation_fraction': 0.6815496954649916}]
/home/ryedida/.local/lib/python3.9/site-packages/sklearn/neural_network/_multilayer_perceptron.py:605: UserWarning: Got `batch_size` less than 1 or larger than sample size. It is going to be clipped
  warnings.warn(

function_evaluation time 0.057773 value 29084.080858 suggestion {'alpha': 0.0004430213023200997, 'batch_size': 145, 'beta_1': 0.9830101145653797, 'beta_2': 0.9999986915755148, 'epsilon': 5.146970324376947e-09, 'hidden_layer_sizes': 150, 'learning_rate_init': 0.0004371726083847609, 'tol': 0.022825012232087123, 'validation_fraction': 0.6815496954649916}
observation time 0.000006, current best 3026.286151 at iter 9
Failure in optimizer suggest. Falling back to random search.
name 'activ' is not defined
Traceback (most recent call last):
  File "/home/ryedida/.local/lib/python3.9/site-packages/bayesmark/experiment.py", line 126, in run_study
    next_points = optimizer.suggest(n_suggestions)
  File "/home/ryedida/bbo_challenge_starter_kit/example_submissions/smoothness/optimizer.py", line 109, in suggest
    betas = [self._get_smoothness_reg(guess) for guess in guesses]
  File "/home/ryedida/bbo_challenge_starter_kit/example_submissions/smoothness/optimizer.py", line 109, in <listcomp>
    betas = [self._get_smoothness_reg(guess) for guess in guesses]
  File "/home/ryedida/bbo_challenge_starter_kit/example_submissions/smoothness/optimizer.py", line 49, in _get_smoothness_reg
    if activ > Kz:
NameError: name 'activ' is not defined
suggestion time taken 0.322115 iter 10 next_points [{'alpha': 0.00012331801393256062, 'batch_size': 164, 'beta_1': 0.9724863322892644, 'beta_2': 0.9463381248199303, 'epsilon': 7.534704836877118e-07, 'hidden_layer_sizes': 150, 'learning_rate_init': 0.00017782021599412948, 'tol': 1.7374416466429407e-05, 'validation_fraction': 0.17297495749104466}]
/home/ryedida/.local/lib/python3.9/site-packages/sklearn/neural_network/_multilayer_perceptron.py:686: ConvergenceWarning: Stochastic Optimizer: Maximum iterations (200) reached and the optimization hasn't converged yet.
  warnings.warn(

function_evaluation time 1.269841 value 28769.797237 suggestion {'alpha': 0.00012331801393256062, 'batch_size': 164, 'beta_1': 0.9724863322892644, 'beta_2': 0.9463381248199303, 'epsilon': 7.534704836877118e-07, 'hidden_layer_sizes': 150, 'learning_rate_init': 0.00017782021599412948, 'tol': 1.7374416466429407e-05, 'validation_fraction': 0.17297495749104466}
observation time 0.000006, current best 3026.286151 at iter 10
Failure in optimizer suggest. Falling back to random search.
name 'activ' is not defined
Traceback (most recent call last):
  File "/home/ryedida/.local/lib/python3.9/site-packages/bayesmark/experiment.py", line 126, in run_study
    next_points = optimizer.suggest(n_suggestions)
  File "/home/ryedida/bbo_challenge_starter_kit/example_submissions/smoothness/optimizer.py", line 109, in suggest
    betas = [self._get_smoothness_reg(guess) for guess in guesses]
  File "/home/ryedida/bbo_challenge_starter_kit/example_submissions/smoothness/optimizer.py", line 109, in <listcomp>
    betas = [self._get_smoothness_reg(guess) for guess in guesses]
  File "/home/ryedida/bbo_challenge_starter_kit/example_submissions/smoothness/optimizer.py", line 49, in _get_smoothness_reg
    if activ > Kz:
NameError: name 'activ' is not defined
suggestion time taken 0.326175 iter 11 next_points [{'alpha': 9.165491966106764e-05, 'batch_size': 129, 'beta_1': 0.9095209953656318, 'beta_2': 0.999982409171263, 'epsilon': 5.307553000818565e-07, 'hidden_layer_sizes': 93, 'learning_rate_init': 9.74540207541436e-05, 'tol': 0.015145466321415653, 'validation_fraction': 0.474641126090525}]
function_evaluation time 0.067294 value 29096.351261 suggestion {'alpha': 9.165491966106764e-05, 'batch_size': 129, 'beta_1': 0.9095209953656318, 'beta_2': 0.999982409171263, 'epsilon': 5.307553000818565e-07, 'hidden_layer_sizes': 93, 'learning_rate_init': 9.74540207541436e-05, 'tol': 0.015145466321415653, 'validation_fraction': 0.474641126090525}
observation time 0.000006, current best 3026.286151 at iter 11
Failure in optimizer suggest. Falling back to random search.
name 'activ' is not defined
Traceback (most recent call last):
  File "/home/ryedida/.local/lib/python3.9/site-packages/bayesmark/experiment.py", line 126, in run_study
    next_points = optimizer.suggest(n_suggestions)
  File "/home/ryedida/bbo_challenge_starter_kit/example_submissions/smoothness/optimizer.py", line 109, in suggest
    betas = [self._get_smoothness_reg(guess) for guess in guesses]
  File "/home/ryedida/bbo_challenge_starter_kit/example_submissions/smoothness/optimizer.py", line 109, in <listcomp>
    betas = [self._get_smoothness_reg(guess) for guess in guesses]
  File "/home/ryedida/bbo_challenge_starter_kit/example_submissions/smoothness/optimizer.py", line 49, in _get_smoothness_reg
    if activ > Kz:
NameError: name 'activ' is not defined
suggestion time taken 0.326853 iter 12 next_points [{'alpha': 0.0007542832252489677, 'batch_size': 170, 'beta_1': 0.9608341415736636, 'beta_2': 0.9999360900013381, 'epsilon': 2.9914585393779304e-09, 'hidden_layer_sizes': 152, 'learning_rate_init': 2.8608336124582667e-05, 'tol': 0.00011834359300709005, 'validation_fraction': 0.5671286175991818}]
/home/ryedida/.local/lib/python3.9/site-packages/sklearn/neural_network/_multilayer_perceptron.py:605: UserWarning: Got `batch_size` less than 1 or larger than sample size. It is going to be clipped
  warnings.warn(

function_evaluation time 0.082266 value 29096.197289 suggestion {'alpha': 0.0007542832252489677, 'batch_size': 170, 'beta_1': 0.9608341415736636, 'beta_2': 0.9999360900013381, 'epsilon': 2.9914585393779304e-09, 'hidden_layer_sizes': 152, 'learning_rate_init': 2.8608336124582667e-05, 'tol': 0.00011834359300709005, 'validation_fraction': 0.5671286175991818}
observation time 0.000006, current best 3026.286151 at iter 12
Failure in optimizer suggest. Falling back to random search.
name 'activ' is not defined
Traceback (most recent call last):
  File "/home/ryedida/.local/lib/python3.9/site-packages/bayesmark/experiment.py", line 126, in run_study
    next_points = optimizer.suggest(n_suggestions)
  File "/home/ryedida/bbo_challenge_starter_kit/example_submissions/smoothness/optimizer.py", line 109, in suggest
    betas = [self._get_smoothness_reg(guess) for guess in guesses]
  File "/home/ryedida/bbo_challenge_starter_kit/example_submissions/smoothness/optimizer.py", line 109, in <listcomp>
    betas = [self._get_smoothness_reg(guess) for guess in guesses]
  File "/home/ryedida/bbo_challenge_starter_kit/example_submissions/smoothness/optimizer.py", line 49, in _get_smoothness_reg
    if activ > Kz:
NameError: name 'activ' is not defined
suggestion time taken 0.340431 iter 13 next_points [{'alpha': 0.4692991744754488, 'batch_size': 157, 'beta_1': 0.7451434517740788, 'beta_2': 0.9999952385903327, 'epsilon': 3.4769460145306483e-08, 'hidden_layer_sizes': 195, 'learning_rate_init': 0.017925346396249424, 'tol': 0.004724082625157813, 'validation_fraction': 0.7107274495621894}]
/home/ryedida/.local/lib/python3.9/site-packages/sklearn/neural_network/_multilayer_perceptron.py:605: UserWarning: Got `batch_size` less than 1 or larger than sample size. It is going to be clipped
  warnings.warn(

function_evaluation time 0.344610 value 3683.835943 suggestion {'alpha': 0.4692991744754488, 'batch_size': 157, 'beta_1': 0.7451434517740788, 'beta_2': 0.9999952385903327, 'epsilon': 3.4769460145306483e-08, 'hidden_layer_sizes': 195, 'learning_rate_init': 0.017925346396249424, 'tol': 0.004724082625157813, 'validation_fraction': 0.7107274495621894}
observation time 0.000006, current best 3026.286151 at iter 13
Failure in optimizer suggest. Falling back to random search.
name 'activ' is not defined
Traceback (most recent call last):
  File "/home/ryedida/.local/lib/python3.9/site-packages/bayesmark/experiment.py", line 126, in run_study
    next_points = optimizer.suggest(n_suggestions)
  File "/home/ryedida/bbo_challenge_starter_kit/example_submissions/smoothness/optimizer.py", line 109, in suggest
    betas = [self._get_smoothness_reg(guess) for guess in guesses]
  File "/home/ryedida/bbo_challenge_starter_kit/example_submissions/smoothness/optimizer.py", line 109, in <listcomp>
    betas = [self._get_smoothness_reg(guess) for guess in guesses]
  File "/home/ryedida/bbo_challenge_starter_kit/example_submissions/smoothness/optimizer.py", line 49, in _get_smoothness_reg
    if activ > Kz:
NameError: name 'activ' is not defined
suggestion time taken 0.327295 iter 14 next_points [{'alpha': 0.0002077266014232077, 'batch_size': 74, 'beta_1': 0.9400995895849434, 'beta_2': 0.9992548458722942, 'epsilon': 1.9601652313300676e-08, 'hidden_layer_sizes': 72, 'learning_rate_init': 0.0064477032470365864, 'tol': 0.04320099280179684, 'validation_fraction': 0.36266735672935374}]
function_evaluation time 0.057057 value 28106.602549 suggestion {'alpha': 0.0002077266014232077, 'batch_size': 74, 'beta_1': 0.9400995895849434, 'beta_2': 0.9992548458722942, 'epsilon': 1.9601652313300676e-08, 'hidden_layer_sizes': 72, 'learning_rate_init': 0.0064477032470365864, 'tol': 0.04320099280179684, 'validation_fraction': 0.36266735672935374}
observation time 0.000004, current best 3026.286151 at iter 14
saving meta data: {'args': {'--uuid': 'c4f6d7253eb450c3bd628b27f9d0ffe2', '-db-root': '/home/ryedida/bbo_challenge_starter_kit/output', '--opt-root': '/home/ryedida/bbo_challenge_starter_kit/example_submissions', '--data-root': None, '--db': 'run_20230427_004608', '--opt': 'smoothness', '--data': 'diabetes', '--classifier': 'MLP-adam', '--metric': 'mse', '--calls': 15, '--suggestions': 1, '--jobs-file': None, '--verbose': False, 'dry_run': False, 'rev': 'a376313', 'opt_rev': 'x.x.x'}, 'signature': ([{'alpha': 0.019628224813442792, 'batch_size': 182, 'beta_1': 0.9410202200271762, 'beta_2': 0.9998021557676793, 'epsilon': 1.8662266976518e-08, 'hidden_layer_sizes': 147, 'learning_rate_init': 0.0005627932047415167, 'tol': 0.03690557729213761, 'validation_fraction': 0.8846827852548593}, {'alpha': 0.0019982467392329444, 'batch_size': 200, 'beta_1': 0.919111482530466, 'beta_2': 0.9998488260436156, 'epsilon': 5.981221901152555e-07, 'hidden_layer_sizes': 61, 'learning_rate_init': 2.2310905607443014e-05, 'tol': 1.2046852412030316e-05, 'validation_fraction': 0.8117896445826539}, {'alpha': 0.46659545670218433, 'batch_size': 219, 'beta_1': 0.9889789783750891, 'beta_2': 0.9999896868093284, 'epsilon': 2.4234724484675948e-08, 'hidden_layer_sizes': 167, 'learning_rate_init': 2.972334644335654e-05, 'tol': 0.0036281404040243792, 'validation_fraction': 0.17260651658522078}, {'alpha': 4.656005689076002, 'batch_size': 135, 'beta_1': 0.870503881627747, 'beta_2': 0.9948873266941017, 'epsilon': 2.1023308743480125e-07, 'hidden_layer_sizes': 118, 'learning_rate_init': 0.0018781738757161913, 'tol': 1.1889379831773004e-05, 'validation_fraction': 0.6264327093752792}, {'alpha': 0.04705159350400542, 'batch_size': 158, 'beta_1': 0.9870884262730957, 'beta_2': 0.9999596874382349, 'epsilon': 1.1981845126013875e-08, 'hidden_layer_sizes': 116, 'learning_rate_init': 0.00617340520407431, 'tol': 1.741413418158619e-05, 'validation_fraction': 0.6754299026638921}], [29083.993548572587, 29062.423277324073, 29075.78987471409, 24626.32866834337, 9584.226858493177])}
saving results
saving timing
saving suggest log
done
