running: {'--uuid': 'c70a87765181533897c3143421edde0b', '-db-root': '/home/ryedida/bbo_challenge_starter_kit/output', '--opt-root': '/home/ryedida/bbo_challenge_starter_kit/example_submissions', '--data-root': None, '--db': 'run_20230427_004608', '--opt': 'smoothness', '--data': 'diabetes', '--classifier': 'MLP-adam', '--metric': 'mae', '--calls': 15, '--suggestions': 1, '--jobs-file': None, '--verbose': False, 'dry_run': False, 'rev': 'a376313', 'opt_rev': 'x.x.x'}
cmd: python smoothness/optimizer.py -c MLP-adam -d diabetes -o smoothness -u c70a87765181533897c3143421edde0b -m mae -n 15 -p 1 -dir /home/ryedida/bbo_challenge_starter_kit/output -b run_20230427_004608
/home/ryedida/.local/lib/python3.9/site-packages/sklearn/neural_network/_multilayer_perceptron.py:605: UserWarning: Got `batch_size` less than 1 or larger than sample size. It is going to be clipped
  warnings.warn(

/home/ryedida/.local/lib/python3.9/site-packages/sklearn/neural_network/_multilayer_perceptron.py:605: UserWarning: Got `batch_size` less than 1 or larger than sample size. It is going to be clipped
  warnings.warn(

/home/ryedida/.local/lib/python3.9/site-packages/sklearn/neural_network/_multilayer_perceptron.py:605: UserWarning: Got `batch_size` less than 1 or larger than sample size. It is going to be clipped
  warnings.warn(

/home/ryedida/.local/lib/python3.9/site-packages/sklearn/neural_network/_multilayer_perceptron.py:686: ConvergenceWarning: Stochastic Optimizer: Maximum iterations (200) reached and the optimization hasn't converged yet.
  warnings.warn(

/home/ryedida/.local/lib/python3.9/site-packages/sklearn/neural_network/_multilayer_perceptron.py:605: UserWarning: Got `batch_size` less than 1 or larger than sample size. It is going to be clipped
  warnings.warn(

/home/ryedida/.local/lib/python3.9/site-packages/sklearn/neural_network/_multilayer_perceptron.py:686: ConvergenceWarning: Stochastic Optimizer: Maximum iterations (200) reached and the optimization hasn't converged yet.
  warnings.warn(

computed signature: ([{'alpha': 0.019628224813442792, 'batch_size': 182, 'beta_1': 0.9410202200271762, 'beta_2': 0.9998021557676793, 'epsilon': 1.8662266976518e-08, 'hidden_layer_sizes': 147, 'learning_rate_init': 0.0005627932047415167, 'tol': 0.03690557729213761, 'validation_fraction': 0.8846827852548593}, {'alpha': 0.0019982467392329444, 'batch_size': 200, 'beta_1': 0.919111482530466, 'beta_2': 0.9998488260436156, 'epsilon': 5.981221901152555e-07, 'hidden_layer_sizes': 61, 'learning_rate_init': 2.2310905607443014e-05, 'tol': 1.2046852412030316e-05, 'validation_fraction': 0.8117896445826539}, {'alpha': 0.46659545670218433, 'batch_size': 219, 'beta_1': 0.9889789783750891, 'beta_2': 0.9999896868093284, 'epsilon': 2.4234724484675948e-08, 'hidden_layer_sizes': 167, 'learning_rate_init': 2.972334644335654e-05, 'tol': 0.0036281404040243792, 'validation_fraction': 0.17260651658522078}, {'alpha': 4.656005689076002, 'batch_size': 135, 'beta_1': 0.870503881627747, 'beta_2': 0.9948873266941017, 'epsilon': 2.1023308743480125e-07, 'hidden_layer_sizes': 118, 'learning_rate_init': 0.0018781738757161913, 'tol': 1.1889379831773004e-05, 'validation_fraction': 0.6264327093752792}, {'alpha': 0.04705159350400542, 'batch_size': 158, 'beta_1': 0.9870884262730957, 'beta_2': 0.9999596874382349, 'epsilon': 1.1981845126013875e-08, 'hidden_layer_sizes': 116, 'learning_rate_init': 0.00617340520407431, 'tol': 1.741413418158619e-05, 'validation_fraction': 0.6754299026638921}], [151.4971925380264, 151.42763539278994, 151.47026299046811, 136.86202504264318, 75.2055865763391])
Signature errors:
                                  0             1             2         3         4       max
MLP-adam_diabetes_mae  1.919244e-08  6.198704e-08  7.624578e-09  0.000007  0.000034  0.000034
max                    1.919244e-08  6.198704e-08  7.624578e-09  0.000007  0.000034  0.000034
starting sklearn study smoothness MLP-adam diabetes mae 15 1
with data root: None
Failure in optimizer suggest. Falling back to random search.
name 'activ' is not defined
Traceback (most recent call last):
  File "/home/ryedida/.local/lib/python3.9/site-packages/bayesmark/experiment.py", line 126, in run_study
    next_points = optimizer.suggest(n_suggestions)
  File "/home/ryedida/bbo_challenge_starter_kit/example_submissions/smoothness/optimizer.py", line 109, in suggest
    betas = [self._get_smoothness_reg(guess) for guess in guesses]
  File "/home/ryedida/bbo_challenge_starter_kit/example_submissions/smoothness/optimizer.py", line 109, in <listcomp>
    betas = [self._get_smoothness_reg(guess) for guess in guesses]
  File "/home/ryedida/bbo_challenge_starter_kit/example_submissions/smoothness/optimizer.py", line 49, in _get_smoothness_reg
    if activ > Kz:
NameError: name 'activ' is not defined
suggestion time taken 0.493608 iter 0 next_points [{'alpha': 0.00011373963439167833, 'batch_size': 225, 'beta_1': 0.7320187108889659, 'beta_2': 0.9999912732344323, 'epsilon': 2.5723678744092944e-07, 'hidden_layer_sizes': 106, 'learning_rate_init': 6.417006573191056e-05, 'tol': 0.00901550913097757, 'validation_fraction': 0.25259850445664017}]
function_evaluation time 0.062245 value 151.508701 suggestion {'alpha': 0.00011373963439167833, 'batch_size': 225, 'beta_1': 0.7320187108889659, 'beta_2': 0.9999912732344323, 'epsilon': 2.5723678744092944e-07, 'hidden_layer_sizes': 106, 'learning_rate_init': 6.417006573191056e-05, 'tol': 0.00901550913097757, 'validation_fraction': 0.25259850445664017}
observation time 0.000007, current best 151.508701 at iter 0
Failure in optimizer suggest. Falling back to random search.
name 'activ' is not defined
Traceback (most recent call last):
  File "/home/ryedida/.local/lib/python3.9/site-packages/bayesmark/experiment.py", line 126, in run_study
    next_points = optimizer.suggest(n_suggestions)
  File "/home/ryedida/bbo_challenge_starter_kit/example_submissions/smoothness/optimizer.py", line 109, in suggest
    betas = [self._get_smoothness_reg(guess) for guess in guesses]
  File "/home/ryedida/bbo_challenge_starter_kit/example_submissions/smoothness/optimizer.py", line 109, in <listcomp>
    betas = [self._get_smoothness_reg(guess) for guess in guesses]
  File "/home/ryedida/bbo_challenge_starter_kit/example_submissions/smoothness/optimizer.py", line 49, in _get_smoothness_reg
    if activ > Kz:
NameError: name 'activ' is not defined
suggestion time taken 0.330404 iter 1 next_points [{'alpha': 3.7020069817170618, 'batch_size': 207, 'beta_1': 0.9391904635476839, 'beta_2': 0.9993557466701504, 'epsilon': 2.6970497207817643e-08, 'hidden_layer_sizes': 132, 'learning_rate_init': 0.00026323801568349265, 'tol': 1.1171915286581263e-05, 'validation_fraction': 0.7831278965584832}]
/home/ryedida/.local/lib/python3.9/site-packages/sklearn/neural_network/_multilayer_perceptron.py:605: UserWarning: Got `batch_size` less than 1 or larger than sample size. It is going to be clipped
  warnings.warn(

/home/ryedida/.local/lib/python3.9/site-packages/sklearn/neural_network/_multilayer_perceptron.py:686: ConvergenceWarning: Stochastic Optimizer: Maximum iterations (200) reached and the optimization hasn't converged yet.
  warnings.warn(

function_evaluation time 0.720394 value 150.656688 suggestion {'alpha': 3.7020069817170618, 'batch_size': 207, 'beta_1': 0.9391904635476839, 'beta_2': 0.9993557466701504, 'epsilon': 2.6970497207817643e-08, 'hidden_layer_sizes': 132, 'learning_rate_init': 0.00026323801568349265, 'tol': 1.1171915286581263e-05, 'validation_fraction': 0.7831278965584832}
observation time 0.000005, current best 150.656688 at iter 1
Failure in optimizer suggest. Falling back to random search.
name 'activ' is not defined
Traceback (most recent call last):
  File "/home/ryedida/.local/lib/python3.9/site-packages/bayesmark/experiment.py", line 126, in run_study
    next_points = optimizer.suggest(n_suggestions)
  File "/home/ryedida/bbo_challenge_starter_kit/example_submissions/smoothness/optimizer.py", line 109, in suggest
    betas = [self._get_smoothness_reg(guess) for guess in guesses]
  File "/home/ryedida/bbo_challenge_starter_kit/example_submissions/smoothness/optimizer.py", line 109, in <listcomp>
    betas = [self._get_smoothness_reg(guess) for guess in guesses]
  File "/home/ryedida/bbo_challenge_starter_kit/example_submissions/smoothness/optimizer.py", line 49, in _get_smoothness_reg
    if activ > Kz:
NameError: name 'activ' is not defined
suggestion time taken 0.328431 iter 2 next_points [{'alpha': 4.653373245903447e-05, 'batch_size': 13, 'beta_1': 0.9652978039065717, 'beta_2': 0.9941909218047016, 'epsilon': 1.469749491470597e-07, 'hidden_layer_sizes': 124, 'learning_rate_init': 0.0003458049252405965, 'tol': 0.0012952752869051975, 'validation_fraction': 0.25406606113519853}]
/home/ryedida/.local/lib/python3.9/site-packages/sklearn/neural_network/_multilayer_perceptron.py:686: ConvergenceWarning: Stochastic Optimizer: Maximum iterations (200) reached and the optimization hasn't converged yet.
  warnings.warn(

function_evaluation time 3.059367 value 71.592608 suggestion {'alpha': 4.653373245903447e-05, 'batch_size': 13, 'beta_1': 0.9652978039065717, 'beta_2': 0.9941909218047016, 'epsilon': 1.469749491470597e-07, 'hidden_layer_sizes': 124, 'learning_rate_init': 0.0003458049252405965, 'tol': 0.0012952752869051975, 'validation_fraction': 0.25406606113519853}
observation time 0.000006, current best 71.592608 at iter 2
Failure in optimizer suggest. Falling back to random search.
name 'activ' is not defined
Traceback (most recent call last):
  File "/home/ryedida/.local/lib/python3.9/site-packages/bayesmark/experiment.py", line 126, in run_study
    next_points = optimizer.suggest(n_suggestions)
  File "/home/ryedida/bbo_challenge_starter_kit/example_submissions/smoothness/optimizer.py", line 109, in suggest
    betas = [self._get_smoothness_reg(guess) for guess in guesses]
  File "/home/ryedida/bbo_challenge_starter_kit/example_submissions/smoothness/optimizer.py", line 109, in <listcomp>
    betas = [self._get_smoothness_reg(guess) for guess in guesses]
  File "/home/ryedida/bbo_challenge_starter_kit/example_submissions/smoothness/optimizer.py", line 49, in _get_smoothness_reg
    if activ > Kz:
NameError: name 'activ' is not defined
suggestion time taken 0.325195 iter 3 next_points [{'alpha': 0.003046181526576025, 'batch_size': 221, 'beta_1': 0.9792460531520694, 'beta_2': 0.9956104869461122, 'epsilon': 1.6158712908015133e-07, 'hidden_layer_sizes': 115, 'learning_rate_init': 0.00043433879465766653, 'tol': 0.00012201802925209704, 'validation_fraction': 0.10803788281243946}]
/home/ryedida/.local/lib/python3.9/site-packages/sklearn/neural_network/_multilayer_perceptron.py:686: ConvergenceWarning: Stochastic Optimizer: Maximum iterations (200) reached and the optimization hasn't converged yet.
  warnings.warn(

function_evaluation time 1.143087 value 147.954493 suggestion {'alpha': 0.003046181526576025, 'batch_size': 221, 'beta_1': 0.9792460531520694, 'beta_2': 0.9956104869461122, 'epsilon': 1.6158712908015133e-07, 'hidden_layer_sizes': 115, 'learning_rate_init': 0.00043433879465766653, 'tol': 0.00012201802925209704, 'validation_fraction': 0.10803788281243946}
observation time 0.000006, current best 71.592608 at iter 3
Failure in optimizer suggest. Falling back to random search.
name 'activ' is not defined
Traceback (most recent call last):
  File "/home/ryedida/.local/lib/python3.9/site-packages/bayesmark/experiment.py", line 126, in run_study
    next_points = optimizer.suggest(n_suggestions)
  File "/home/ryedida/bbo_challenge_starter_kit/example_submissions/smoothness/optimizer.py", line 109, in suggest
    betas = [self._get_smoothness_reg(guess) for guess in guesses]
  File "/home/ryedida/bbo_challenge_starter_kit/example_submissions/smoothness/optimizer.py", line 109, in <listcomp>
    betas = [self._get_smoothness_reg(guess) for guess in guesses]
  File "/home/ryedida/bbo_challenge_starter_kit/example_submissions/smoothness/optimizer.py", line 49, in _get_smoothness_reg
    if activ > Kz:
NameError: name 'activ' is not defined
suggestion time taken 0.328319 iter 4 next_points [{'alpha': 0.0005947731552915648, 'batch_size': 131, 'beta_1': 0.5377968735058146, 'beta_2': 0.9997948481286764, 'epsilon': 3.7669997539353023e-07, 'hidden_layer_sizes': 126, 'learning_rate_init': 0.0005322538598824246, 'tol': 0.004012259880066518, 'validation_fraction': 0.35127441637316387}]
function_evaluation time 0.075764 value 151.383170 suggestion {'alpha': 0.0005947731552915648, 'batch_size': 131, 'beta_1': 0.5377968735058146, 'beta_2': 0.9997948481286764, 'epsilon': 3.7669997539353023e-07, 'hidden_layer_sizes': 126, 'learning_rate_init': 0.0005322538598824246, 'tol': 0.004012259880066518, 'validation_fraction': 0.35127441637316387}
observation time 0.000007, current best 71.592608 at iter 4
Failure in optimizer suggest. Falling back to random search.
name 'activ' is not defined
Traceback (most recent call last):
  File "/home/ryedida/.local/lib/python3.9/site-packages/bayesmark/experiment.py", line 126, in run_study
    next_points = optimizer.suggest(n_suggestions)
  File "/home/ryedida/bbo_challenge_starter_kit/example_submissions/smoothness/optimizer.py", line 109, in suggest
    betas = [self._get_smoothness_reg(guess) for guess in guesses]
  File "/home/ryedida/bbo_challenge_starter_kit/example_submissions/smoothness/optimizer.py", line 109, in <listcomp>
    betas = [self._get_smoothness_reg(guess) for guess in guesses]
  File "/home/ryedida/bbo_challenge_starter_kit/example_submissions/smoothness/optimizer.py", line 49, in _get_smoothness_reg
    if activ > Kz:
NameError: name 'activ' is not defined
suggestion time taken 0.324915 iter 5 next_points [{'alpha': 1.3143219474744047e-05, 'batch_size': 198, 'beta_1': 0.9684422450468337, 'beta_2': 0.946621168779627, 'epsilon': 1.4844954944697894e-08, 'hidden_layer_sizes': 73, 'learning_rate_init': 3.849957960975727e-05, 'tol': 0.00016855484579285024, 'validation_fraction': 0.10401696143929072}]
function_evaluation time 0.066646 value 151.689748 suggestion {'alpha': 1.3143219474744047e-05, 'batch_size': 198, 'beta_1': 0.9684422450468337, 'beta_2': 0.946621168779627, 'epsilon': 1.4844954944697894e-08, 'hidden_layer_sizes': 73, 'learning_rate_init': 3.849957960975727e-05, 'tol': 0.00016855484579285024, 'validation_fraction': 0.10401696143929072}
observation time 0.000006, current best 71.592608 at iter 5
Failure in optimizer suggest. Falling back to random search.
name 'activ' is not defined
Traceback (most recent call last):
  File "/home/ryedida/.local/lib/python3.9/site-packages/bayesmark/experiment.py", line 126, in run_study
    next_points = optimizer.suggest(n_suggestions)
  File "/home/ryedida/bbo_challenge_starter_kit/example_submissions/smoothness/optimizer.py", line 109, in suggest
    betas = [self._get_smoothness_reg(guess) for guess in guesses]
  File "/home/ryedida/bbo_challenge_starter_kit/example_submissions/smoothness/optimizer.py", line 109, in <listcomp>
    betas = [self._get_smoothness_reg(guess) for guess in guesses]
  File "/home/ryedida/bbo_challenge_starter_kit/example_submissions/smoothness/optimizer.py", line 49, in _get_smoothness_reg
    if activ > Kz:
NameError: name 'activ' is not defined
suggestion time taken 0.325920 iter 6 next_points [{'alpha': 0.00016475927818982667, 'batch_size': 79, 'beta_1': 0.9586357519577011, 'beta_2': 0.9999484617628117, 'epsilon': 1.0408370739520835e-09, 'hidden_layer_sizes': 183, 'learning_rate_init': 2.1739867026377763e-05, 'tol': 3.3620459389397e-05, 'validation_fraction': 0.4821911121415893}]
/home/ryedida/.local/lib/python3.9/site-packages/sklearn/neural_network/_multilayer_perceptron.py:686: ConvergenceWarning: Stochastic Optimizer: Maximum iterations (200) reached and the optimization hasn't converged yet.
  warnings.warn(

function_evaluation time 1.256866 value 151.376944 suggestion {'alpha': 0.00016475927818982667, 'batch_size': 79, 'beta_1': 0.9586357519577011, 'beta_2': 0.9999484617628117, 'epsilon': 1.0408370739520835e-09, 'hidden_layer_sizes': 183, 'learning_rate_init': 2.1739867026377763e-05, 'tol': 3.3620459389397e-05, 'validation_fraction': 0.4821911121415893}
observation time 0.000006, current best 71.592608 at iter 6
Failure in optimizer suggest. Falling back to random search.
name 'activ' is not defined
Traceback (most recent call last):
  File "/home/ryedida/.local/lib/python3.9/site-packages/bayesmark/experiment.py", line 126, in run_study
    next_points = optimizer.suggest(n_suggestions)
  File "/home/ryedida/bbo_challenge_starter_kit/example_submissions/smoothness/optimizer.py", line 109, in suggest
    betas = [self._get_smoothness_reg(guess) for guess in guesses]
  File "/home/ryedida/bbo_challenge_starter_kit/example_submissions/smoothness/optimizer.py", line 109, in <listcomp>
    betas = [self._get_smoothness_reg(guess) for guess in guesses]
  File "/home/ryedida/bbo_challenge_starter_kit/example_submissions/smoothness/optimizer.py", line 49, in _get_smoothness_reg
    if activ > Kz:
NameError: name 'activ' is not defined
suggestion time taken 0.466594 iter 7 next_points [{'alpha': 0.0008544838958375686, 'batch_size': 101, 'beta_1': 0.6901944503364382, 'beta_2': 0.9999716694398623, 'epsilon': 4.8927015132748496e-09, 'hidden_layer_sizes': 103, 'learning_rate_init': 2.024910088464801e-05, 'tol': 0.02954336534417191, 'validation_fraction': 0.16843059345265937}]
function_evaluation time 0.090962 value 151.579251 suggestion {'alpha': 0.0008544838958375686, 'batch_size': 101, 'beta_1': 0.6901944503364382, 'beta_2': 0.9999716694398623, 'epsilon': 4.8927015132748496e-09, 'hidden_layer_sizes': 103, 'learning_rate_init': 2.024910088464801e-05, 'tol': 0.02954336534417191, 'validation_fraction': 0.16843059345265937}
observation time 0.000006, current best 71.592608 at iter 7
Failure in optimizer suggest. Falling back to random search.
name 'activ' is not defined
Traceback (most recent call last):
  File "/home/ryedida/.local/lib/python3.9/site-packages/bayesmark/experiment.py", line 126, in run_study
    next_points = optimizer.suggest(n_suggestions)
  File "/home/ryedida/bbo_challenge_starter_kit/example_submissions/smoothness/optimizer.py", line 109, in suggest
    betas = [self._get_smoothness_reg(guess) for guess in guesses]
  File "/home/ryedida/bbo_challenge_starter_kit/example_submissions/smoothness/optimizer.py", line 109, in <listcomp>
    betas = [self._get_smoothness_reg(guess) for guess in guesses]
  File "/home/ryedida/bbo_challenge_starter_kit/example_submissions/smoothness/optimizer.py", line 49, in _get_smoothness_reg
    if activ > Kz:
NameError: name 'activ' is not defined
suggestion time taken 0.319401 iter 8 next_points [{'alpha': 8.129349728427403e-05, 'batch_size': 85, 'beta_1': 0.6158658993303028, 'beta_2': 0.988914031566741, 'epsilon': 4.793949640841899e-08, 'hidden_layer_sizes': 167, 'learning_rate_init': 9.683713559725847e-05, 'tol': 6.854871489743253e-05, 'validation_fraction': 0.3270980366997036}]
/home/ryedida/.local/lib/python3.9/site-packages/sklearn/neural_network/_multilayer_perceptron.py:686: ConvergenceWarning: Stochastic Optimizer: Maximum iterations (200) reached and the optimization hasn't converged yet.
  warnings.warn(

function_evaluation time 1.472173 value 150.546201 suggestion {'alpha': 8.129349728427403e-05, 'batch_size': 85, 'beta_1': 0.6158658993303028, 'beta_2': 0.988914031566741, 'epsilon': 4.793949640841899e-08, 'hidden_layer_sizes': 167, 'learning_rate_init': 9.683713559725847e-05, 'tol': 6.854871489743253e-05, 'validation_fraction': 0.3270980366997036}
observation time 0.000005, current best 71.592608 at iter 8
Failure in optimizer suggest. Falling back to random search.
name 'activ' is not defined
Traceback (most recent call last):
  File "/home/ryedida/.local/lib/python3.9/site-packages/bayesmark/experiment.py", line 126, in run_study
    next_points = optimizer.suggest(n_suggestions)
  File "/home/ryedida/bbo_challenge_starter_kit/example_submissions/smoothness/optimizer.py", line 109, in suggest
    betas = [self._get_smoothness_reg(guess) for guess in guesses]
  File "/home/ryedida/bbo_challenge_starter_kit/example_submissions/smoothness/optimizer.py", line 109, in <listcomp>
    betas = [self._get_smoothness_reg(guess) for guess in guesses]
  File "/home/ryedida/bbo_challenge_starter_kit/example_submissions/smoothness/optimizer.py", line 49, in _get_smoothness_reg
    if activ > Kz:
NameError: name 'activ' is not defined
suggestion time taken 0.318539 iter 9 next_points [{'alpha': 0.00019790457520891532, 'batch_size': 19, 'beta_1': 0.6811872777442709, 'beta_2': 0.9999915003737581, 'epsilon': 2.3203244538503077e-08, 'hidden_layer_sizes': 142, 'learning_rate_init': 0.006621810795844803, 'tol': 0.000946924171658211, 'validation_fraction': 0.806135782805855}]
function_evaluation time 1.111046 value 48.242811 suggestion {'alpha': 0.00019790457520891532, 'batch_size': 19, 'beta_1': 0.6811872777442709, 'beta_2': 0.9999915003737581, 'epsilon': 2.3203244538503077e-08, 'hidden_layer_sizes': 142, 'learning_rate_init': 0.006621810795844803, 'tol': 0.000946924171658211, 'validation_fraction': 0.806135782805855}
observation time 0.000006, current best 48.242811 at iter 9
Failure in optimizer suggest. Falling back to random search.
name 'activ' is not defined
Traceback (most recent call last):
  File "/home/ryedida/.local/lib/python3.9/site-packages/bayesmark/experiment.py", line 126, in run_study
    next_points = optimizer.suggest(n_suggestions)
  File "/home/ryedida/bbo_challenge_starter_kit/example_submissions/smoothness/optimizer.py", line 109, in suggest
    betas = [self._get_smoothness_reg(guess) for guess in guesses]
  File "/home/ryedida/bbo_challenge_starter_kit/example_submissions/smoothness/optimizer.py", line 109, in <listcomp>
    betas = [self._get_smoothness_reg(guess) for guess in guesses]
  File "/home/ryedida/bbo_challenge_starter_kit/example_submissions/smoothness/optimizer.py", line 49, in _get_smoothness_reg
    if activ > Kz:
NameError: name 'activ' is not defined
suggestion time taken 0.320522 iter 10 next_points [{'alpha': 0.0011215054233511424, 'batch_size': 246, 'beta_1': 0.8993135444064075, 'beta_2': 0.9971551039411976, 'epsilon': 1.9514783004986855e-07, 'hidden_layer_sizes': 159, 'learning_rate_init': 0.004438575120833997, 'tol': 0.002230689795804487, 'validation_fraction': 0.31017581604634525}]
/home/ryedida/.local/lib/python3.9/site-packages/sklearn/neural_network/_multilayer_perceptron.py:605: UserWarning: Got `batch_size` less than 1 or larger than sample size. It is going to be clipped
  warnings.warn(

/home/ryedida/.local/lib/python3.9/site-packages/sklearn/neural_network/_multilayer_perceptron.py:686: ConvergenceWarning: Stochastic Optimizer: Maximum iterations (200) reached and the optimization hasn't converged yet.
  warnings.warn(

function_evaluation time 0.980852 value 66.400609 suggestion {'alpha': 0.0011215054233511424, 'batch_size': 246, 'beta_1': 0.8993135444064075, 'beta_2': 0.9971551039411976, 'epsilon': 1.9514783004986855e-07, 'hidden_layer_sizes': 159, 'learning_rate_init': 0.004438575120833997, 'tol': 0.002230689795804487, 'validation_fraction': 0.31017581604634525}
observation time 0.000006, current best 48.242811 at iter 10
Failure in optimizer suggest. Falling back to random search.
name 'activ' is not defined
Traceback (most recent call last):
  File "/home/ryedida/.local/lib/python3.9/site-packages/bayesmark/experiment.py", line 126, in run_study
    next_points = optimizer.suggest(n_suggestions)
  File "/home/ryedida/bbo_challenge_starter_kit/example_submissions/smoothness/optimizer.py", line 109, in suggest
    betas = [self._get_smoothness_reg(guess) for guess in guesses]
  File "/home/ryedida/bbo_challenge_starter_kit/example_submissions/smoothness/optimizer.py", line 109, in <listcomp>
    betas = [self._get_smoothness_reg(guess) for guess in guesses]
  File "/home/ryedida/bbo_challenge_starter_kit/example_submissions/smoothness/optimizer.py", line 49, in _get_smoothness_reg
    if activ > Kz:
NameError: name 'activ' is not defined
suggestion time taken 0.316711 iter 11 next_points [{'alpha': 0.011734629428564989, 'batch_size': 89, 'beta_1': 0.7962046183950434, 'beta_2': 0.9980754585649672, 'epsilon': 1.51761810637704e-07, 'hidden_layer_sizes': 122, 'learning_rate_init': 0.0012948171583078906, 'tol': 0.003594851808892005, 'validation_fraction': 0.4111397950094073}]
/home/ryedida/.local/lib/python3.9/site-packages/sklearn/neural_network/_multilayer_perceptron.py:686: ConvergenceWarning: Stochastic Optimizer: Maximum iterations (200) reached and the optimization hasn't converged yet.
  warnings.warn(

function_evaluation time 0.280537 value 151.256719 suggestion {'alpha': 0.011734629428564989, 'batch_size': 89, 'beta_1': 0.7962046183950434, 'beta_2': 0.9980754585649672, 'epsilon': 1.51761810637704e-07, 'hidden_layer_sizes': 122, 'learning_rate_init': 0.0012948171583078906, 'tol': 0.003594851808892005, 'validation_fraction': 0.4111397950094073}
observation time 0.000007, current best 48.242811 at iter 11
Failure in optimizer suggest. Falling back to random search.
name 'activ' is not defined
Traceback (most recent call last):
  File "/home/ryedida/.local/lib/python3.9/site-packages/bayesmark/experiment.py", line 126, in run_study
    next_points = optimizer.suggest(n_suggestions)
  File "/home/ryedida/bbo_challenge_starter_kit/example_submissions/smoothness/optimizer.py", line 109, in suggest
    betas = [self._get_smoothness_reg(guess) for guess in guesses]
  File "/home/ryedida/bbo_challenge_starter_kit/example_submissions/smoothness/optimizer.py", line 109, in <listcomp>
    betas = [self._get_smoothness_reg(guess) for guess in guesses]
  File "/home/ryedida/bbo_challenge_starter_kit/example_submissions/smoothness/optimizer.py", line 49, in _get_smoothness_reg
    if activ > Kz:
NameError: name 'activ' is not defined
suggestion time taken 0.321454 iter 12 next_points [{'alpha': 0.5128486506072916, 'batch_size': 93, 'beta_1': 0.9829070235909496, 'beta_2': 0.984854049842548, 'epsilon': 6.527814148527944e-09, 'hidden_layer_sizes': 177, 'learning_rate_init': 2.3732414646436384e-05, 'tol': 0.004778378430203088, 'validation_fraction': 0.8901794985527004}]
/home/ryedida/.local/lib/python3.9/site-packages/sklearn/neural_network/_multilayer_perceptron.py:605: UserWarning: Got `batch_size` less than 1 or larger than sample size. It is going to be clipped
  warnings.warn(

function_evaluation time 0.054363 value 151.534104 suggestion {'alpha': 0.5128486506072916, 'batch_size': 93, 'beta_1': 0.9829070235909496, 'beta_2': 0.984854049842548, 'epsilon': 6.527814148527944e-09, 'hidden_layer_sizes': 177, 'learning_rate_init': 2.3732414646436384e-05, 'tol': 0.004778378430203088, 'validation_fraction': 0.8901794985527004}
observation time 0.000006, current best 48.242811 at iter 12
Failure in optimizer suggest. Falling back to random search.
name 'activ' is not defined
Traceback (most recent call last):
  File "/home/ryedida/.local/lib/python3.9/site-packages/bayesmark/experiment.py", line 126, in run_study
    next_points = optimizer.suggest(n_suggestions)
  File "/home/ryedida/bbo_challenge_starter_kit/example_submissions/smoothness/optimizer.py", line 109, in suggest
    betas = [self._get_smoothness_reg(guess) for guess in guesses]
  File "/home/ryedida/bbo_challenge_starter_kit/example_submissions/smoothness/optimizer.py", line 109, in <listcomp>
    betas = [self._get_smoothness_reg(guess) for guess in guesses]
  File "/home/ryedida/bbo_challenge_starter_kit/example_submissions/smoothness/optimizer.py", line 49, in _get_smoothness_reg
    if activ > Kz:
NameError: name 'activ' is not defined
suggestion time taken 0.322561 iter 13 next_points [{'alpha': 0.23294837252029613, 'batch_size': 237, 'beta_1': 0.5726482023122474, 'beta_2': 0.9999756903784268, 'epsilon': 2.2191206548037044e-07, 'hidden_layer_sizes': 117, 'learning_rate_init': 0.0005921493604218158, 'tol': 0.030186541320600228, 'validation_fraction': 0.5509780589725366}]
/home/ryedida/.local/lib/python3.9/site-packages/sklearn/neural_network/_multilayer_perceptron.py:605: UserWarning: Got `batch_size` less than 1 or larger than sample size. It is going to be clipped
  warnings.warn(

function_evaluation time 0.057892 value 151.437226 suggestion {'alpha': 0.23294837252029613, 'batch_size': 237, 'beta_1': 0.5726482023122474, 'beta_2': 0.9999756903784268, 'epsilon': 2.2191206548037044e-07, 'hidden_layer_sizes': 117, 'learning_rate_init': 0.0005921493604218158, 'tol': 0.030186541320600228, 'validation_fraction': 0.5509780589725366}
observation time 0.000006, current best 48.242811 at iter 13
Failure in optimizer suggest. Falling back to random search.
name 'activ' is not defined
Traceback (most recent call last):
  File "/home/ryedida/.local/lib/python3.9/site-packages/bayesmark/experiment.py", line 126, in run_study
    next_points = optimizer.suggest(n_suggestions)
  File "/home/ryedida/bbo_challenge_starter_kit/example_submissions/smoothness/optimizer.py", line 109, in suggest
    betas = [self._get_smoothness_reg(guess) for guess in guesses]
  File "/home/ryedida/bbo_challenge_starter_kit/example_submissions/smoothness/optimizer.py", line 109, in <listcomp>
    betas = [self._get_smoothness_reg(guess) for guess in guesses]
  File "/home/ryedida/bbo_challenge_starter_kit/example_submissions/smoothness/optimizer.py", line 49, in _get_smoothness_reg
    if activ > Kz:
NameError: name 'activ' is not defined
suggestion time taken 0.324749 iter 14 next_points [{'alpha': 0.00012972463358079103, 'batch_size': 180, 'beta_1': 0.9839332654079032, 'beta_2': 0.9999641030716925, 'epsilon': 2.4043942641061297e-09, 'hidden_layer_sizes': 125, 'learning_rate_init': 0.00855621246438956, 'tol': 0.003982877962181137, 'validation_fraction': 0.8011294234558297}]
/home/ryedida/.local/lib/python3.9/site-packages/sklearn/neural_network/_multilayer_perceptron.py:605: UserWarning: Got `batch_size` less than 1 or larger than sample size. It is going to be clipped
  warnings.warn(

function_evaluation time 0.680059 value 57.641866 suggestion {'alpha': 0.00012972463358079103, 'batch_size': 180, 'beta_1': 0.9839332654079032, 'beta_2': 0.9999641030716925, 'epsilon': 2.4043942641061297e-09, 'hidden_layer_sizes': 125, 'learning_rate_init': 0.00855621246438956, 'tol': 0.003982877962181137, 'validation_fraction': 0.8011294234558297}
observation time 0.000006, current best 48.242811 at iter 14
saving meta data: {'args': {'--uuid': 'c70a87765181533897c3143421edde0b', '-db-root': '/home/ryedida/bbo_challenge_starter_kit/output', '--opt-root': '/home/ryedida/bbo_challenge_starter_kit/example_submissions', '--data-root': None, '--db': 'run_20230427_004608', '--opt': 'smoothness', '--data': 'diabetes', '--classifier': 'MLP-adam', '--metric': 'mae', '--calls': 15, '--suggestions': 1, '--jobs-file': None, '--verbose': False, 'dry_run': False, 'rev': 'a376313', 'opt_rev': 'x.x.x'}, 'signature': ([{'alpha': 0.019628224813442792, 'batch_size': 182, 'beta_1': 0.9410202200271762, 'beta_2': 0.9998021557676793, 'epsilon': 1.8662266976518e-08, 'hidden_layer_sizes': 147, 'learning_rate_init': 0.0005627932047415167, 'tol': 0.03690557729213761, 'validation_fraction': 0.8846827852548593}, {'alpha': 0.0019982467392329444, 'batch_size': 200, 'beta_1': 0.919111482530466, 'beta_2': 0.9998488260436156, 'epsilon': 5.981221901152555e-07, 'hidden_layer_sizes': 61, 'learning_rate_init': 2.2310905607443014e-05, 'tol': 1.2046852412030316e-05, 'validation_fraction': 0.8117896445826539}, {'alpha': 0.46659545670218433, 'batch_size': 219, 'beta_1': 0.9889789783750891, 'beta_2': 0.9999896868093284, 'epsilon': 2.4234724484675948e-08, 'hidden_layer_sizes': 167, 'learning_rate_init': 2.972334644335654e-05, 'tol': 0.0036281404040243792, 'validation_fraction': 0.17260651658522078}, {'alpha': 4.656005689076002, 'batch_size': 135, 'beta_1': 0.870503881627747, 'beta_2': 0.9948873266941017, 'epsilon': 2.1023308743480125e-07, 'hidden_layer_sizes': 118, 'learning_rate_init': 0.0018781738757161913, 'tol': 1.1889379831773004e-05, 'validation_fraction': 0.6264327093752792}, {'alpha': 0.04705159350400542, 'batch_size': 158, 'beta_1': 0.9870884262730957, 'beta_2': 0.9999596874382349, 'epsilon': 1.1981845126013875e-08, 'hidden_layer_sizes': 116, 'learning_rate_init': 0.00617340520407431, 'tol': 1.741413418158619e-05, 'validation_fraction': 0.6754299026638921}], [151.4971925380264, 151.42763539278994, 151.47026299046811, 136.86202504264318, 75.2055865763391])}
saving results
saving timing
saving suggest log
done
