running: {'--uuid': 'cc86133b29525fcc89dfefd4b92bf66b', '-db-root': '/home/ryedida/bbo_challenge_starter_kit/output', '--opt-root': '/home/ryedida/bbo_challenge_starter_kit/example_submissions', '--data-root': None, '--db': 'run_20230427_004608', '--opt': 'smoothness', '--data': 'diabetes', '--classifier': 'MLP-adam', '--metric': 'mae', '--calls': 15, '--suggestions': 1, '--jobs-file': None, '--verbose': False, 'dry_run': False, 'rev': 'a376313', 'opt_rev': 'x.x.x'}
cmd: python smoothness/optimizer.py -c MLP-adam -d diabetes -o smoothness -u cc86133b29525fcc89dfefd4b92bf66b -m mae -n 15 -p 1 -dir /home/ryedida/bbo_challenge_starter_kit/output -b run_20230427_004608
/home/ryedida/.local/lib/python3.9/site-packages/sklearn/neural_network/_multilayer_perceptron.py:605: UserWarning: Got `batch_size` less than 1 or larger than sample size. It is going to be clipped
  warnings.warn(

/home/ryedida/.local/lib/python3.9/site-packages/sklearn/neural_network/_multilayer_perceptron.py:605: UserWarning: Got `batch_size` less than 1 or larger than sample size. It is going to be clipped
  warnings.warn(

/home/ryedida/.local/lib/python3.9/site-packages/sklearn/neural_network/_multilayer_perceptron.py:605: UserWarning: Got `batch_size` less than 1 or larger than sample size. It is going to be clipped
  warnings.warn(

/home/ryedida/.local/lib/python3.9/site-packages/sklearn/neural_network/_multilayer_perceptron.py:686: ConvergenceWarning: Stochastic Optimizer: Maximum iterations (200) reached and the optimization hasn't converged yet.
  warnings.warn(

/home/ryedida/.local/lib/python3.9/site-packages/sklearn/neural_network/_multilayer_perceptron.py:605: UserWarning: Got `batch_size` less than 1 or larger than sample size. It is going to be clipped
  warnings.warn(

/home/ryedida/.local/lib/python3.9/site-packages/sklearn/neural_network/_multilayer_perceptron.py:686: ConvergenceWarning: Stochastic Optimizer: Maximum iterations (200) reached and the optimization hasn't converged yet.
  warnings.warn(

computed signature: ([{'alpha': 0.019628224813442792, 'batch_size': 182, 'beta_1': 0.9410202200271762, 'beta_2': 0.9998021557676793, 'epsilon': 1.8662266976518e-08, 'hidden_layer_sizes': 147, 'learning_rate_init': 0.0005627932047415167, 'tol': 0.03690557729213761, 'validation_fraction': 0.8846827852548593}, {'alpha': 0.0019982467392329444, 'batch_size': 200, 'beta_1': 0.919111482530466, 'beta_2': 0.9998488260436156, 'epsilon': 5.981221901152555e-07, 'hidden_layer_sizes': 61, 'learning_rate_init': 2.2310905607443014e-05, 'tol': 1.2046852412030316e-05, 'validation_fraction': 0.8117896445826539}, {'alpha': 0.46659545670218433, 'batch_size': 219, 'beta_1': 0.9889789783750891, 'beta_2': 0.9999896868093284, 'epsilon': 2.4234724484675948e-08, 'hidden_layer_sizes': 167, 'learning_rate_init': 2.972334644335654e-05, 'tol': 0.0036281404040243792, 'validation_fraction': 0.17260651658522078}, {'alpha': 4.656005689076002, 'batch_size': 135, 'beta_1': 0.870503881627747, 'beta_2': 0.9948873266941017, 'epsilon': 2.1023308743480125e-07, 'hidden_layer_sizes': 118, 'learning_rate_init': 0.0018781738757161913, 'tol': 1.1889379831773004e-05, 'validation_fraction': 0.6264327093752792}, {'alpha': 0.04705159350400542, 'batch_size': 158, 'beta_1': 0.9870884262730957, 'beta_2': 0.9999596874382349, 'epsilon': 1.1981845126013875e-08, 'hidden_layer_sizes': 116, 'learning_rate_init': 0.00617340520407431, 'tol': 1.741413418158619e-05, 'validation_fraction': 0.6754299026638921}], [151.4971925380264, 151.42763539278994, 151.47026299046811, 136.86202504264318, 75.2055865763391])
Signature errors:
                                  0             1             2         3         4       max
MLP-adam_diabetes_mae  1.919244e-08  6.198704e-08  7.624578e-09  0.000007  0.000034  0.000034
max                    1.919244e-08  6.198704e-08  7.624578e-09  0.000007  0.000034  0.000034
starting sklearn study smoothness MLP-adam diabetes mae 15 1
with data root: None
Failure in optimizer suggest. Falling back to random search.
name 'activ' is not defined
Traceback (most recent call last):
  File "/home/ryedida/.local/lib/python3.9/site-packages/bayesmark/experiment.py", line 126, in run_study
    next_points = optimizer.suggest(n_suggestions)
  File "/home/ryedida/bbo_challenge_starter_kit/example_submissions/smoothness/optimizer.py", line 109, in suggest
    betas = [self._get_smoothness_reg(guess) for guess in guesses]
  File "/home/ryedida/bbo_challenge_starter_kit/example_submissions/smoothness/optimizer.py", line 109, in <listcomp>
    betas = [self._get_smoothness_reg(guess) for guess in guesses]
  File "/home/ryedida/bbo_challenge_starter_kit/example_submissions/smoothness/optimizer.py", line 49, in _get_smoothness_reg
    if activ > Kz:
NameError: name 'activ' is not defined
suggestion time taken 0.494004 iter 0 next_points [{'alpha': 0.013390876428592925, 'batch_size': 80, 'beta_1': 0.8506989430385692, 'beta_2': 0.9999735983575205, 'epsilon': 1.0714101896339442e-07, 'hidden_layer_sizes': 136, 'learning_rate_init': 0.0001623795472369595, 'tol': 0.008482092610431423, 'validation_fraction': 0.11694696017574588}]
function_evaluation time 0.110462 value 151.560981 suggestion {'alpha': 0.013390876428592925, 'batch_size': 80, 'beta_1': 0.8506989430385692, 'beta_2': 0.9999735983575205, 'epsilon': 1.0714101896339442e-07, 'hidden_layer_sizes': 136, 'learning_rate_init': 0.0001623795472369595, 'tol': 0.008482092610431423, 'validation_fraction': 0.11694696017574588}
observation time 0.000007, current best 151.560981 at iter 0
Failure in optimizer suggest. Falling back to random search.
name 'activ' is not defined
Traceback (most recent call last):
  File "/home/ryedida/.local/lib/python3.9/site-packages/bayesmark/experiment.py", line 126, in run_study
    next_points = optimizer.suggest(n_suggestions)
  File "/home/ryedida/bbo_challenge_starter_kit/example_submissions/smoothness/optimizer.py", line 109, in suggest
    betas = [self._get_smoothness_reg(guess) for guess in guesses]
  File "/home/ryedida/bbo_challenge_starter_kit/example_submissions/smoothness/optimizer.py", line 109, in <listcomp>
    betas = [self._get_smoothness_reg(guess) for guess in guesses]
  File "/home/ryedida/bbo_challenge_starter_kit/example_submissions/smoothness/optimizer.py", line 49, in _get_smoothness_reg
    if activ > Kz:
NameError: name 'activ' is not defined
suggestion time taken 0.342018 iter 1 next_points [{'alpha': 6.786135434948259, 'batch_size': 77, 'beta_1': 0.961260555103107, 'beta_2': 0.999971285730892, 'epsilon': 7.529292089977098e-08, 'hidden_layer_sizes': 162, 'learning_rate_init': 0.0075541613750943655, 'tol': 0.059319238528014254, 'validation_fraction': 0.7808649933649146}]
function_evaluation time 0.056925 value 149.732121 suggestion {'alpha': 6.786135434948259, 'batch_size': 77, 'beta_1': 0.961260555103107, 'beta_2': 0.999971285730892, 'epsilon': 7.529292089977098e-08, 'hidden_layer_sizes': 162, 'learning_rate_init': 0.0075541613750943655, 'tol': 0.059319238528014254, 'validation_fraction': 0.7808649933649146}
observation time 0.000006, current best 149.732121 at iter 1
Failure in optimizer suggest. Falling back to random search.
name 'activ' is not defined
Traceback (most recent call last):
  File "/home/ryedida/.local/lib/python3.9/site-packages/bayesmark/experiment.py", line 126, in run_study
    next_points = optimizer.suggest(n_suggestions)
  File "/home/ryedida/bbo_challenge_starter_kit/example_submissions/smoothness/optimizer.py", line 109, in suggest
    betas = [self._get_smoothness_reg(guess) for guess in guesses]
  File "/home/ryedida/bbo_challenge_starter_kit/example_submissions/smoothness/optimizer.py", line 109, in <listcomp>
    betas = [self._get_smoothness_reg(guess) for guess in guesses]
  File "/home/ryedida/bbo_challenge_starter_kit/example_submissions/smoothness/optimizer.py", line 49, in _get_smoothness_reg
    if activ > Kz:
NameError: name 'activ' is not defined
suggestion time taken 0.327243 iter 2 next_points [{'alpha': 0.15842498059512392, 'batch_size': 44, 'beta_1': 0.7369231796195166, 'beta_2': 0.9998470465250178, 'epsilon': 1.8097025394049793e-08, 'hidden_layer_sizes': 62, 'learning_rate_init': 0.002981208143769305, 'tol': 2.3668578790812842e-05, 'validation_fraction': 0.30305479877571684}]
/home/ryedida/.local/lib/python3.9/site-packages/sklearn/neural_network/_multilayer_perceptron.py:686: ConvergenceWarning: Stochastic Optimizer: Maximum iterations (200) reached and the optimization hasn't converged yet.
  warnings.warn(

function_evaluation time 0.994071 value 50.407736 suggestion {'alpha': 0.15842498059512392, 'batch_size': 44, 'beta_1': 0.7369231796195166, 'beta_2': 0.9998470465250178, 'epsilon': 1.8097025394049793e-08, 'hidden_layer_sizes': 62, 'learning_rate_init': 0.002981208143769305, 'tol': 2.3668578790812842e-05, 'validation_fraction': 0.30305479877571684}
observation time 0.000005, current best 50.407736 at iter 2
Failure in optimizer suggest. Falling back to random search.
name 'activ' is not defined
Traceback (most recent call last):
  File "/home/ryedida/.local/lib/python3.9/site-packages/bayesmark/experiment.py", line 126, in run_study
    next_points = optimizer.suggest(n_suggestions)
  File "/home/ryedida/bbo_challenge_starter_kit/example_submissions/smoothness/optimizer.py", line 109, in suggest
    betas = [self._get_smoothness_reg(guess) for guess in guesses]
  File "/home/ryedida/bbo_challenge_starter_kit/example_submissions/smoothness/optimizer.py", line 109, in <listcomp>
    betas = [self._get_smoothness_reg(guess) for guess in guesses]
  File "/home/ryedida/bbo_challenge_starter_kit/example_submissions/smoothness/optimizer.py", line 49, in _get_smoothness_reg
    if activ > Kz:
NameError: name 'activ' is not defined
suggestion time taken 0.328604 iter 3 next_points [{'alpha': 0.6170124843436982, 'batch_size': 218, 'beta_1': 0.9455877666167817, 'beta_2': 0.9998769739133824, 'epsilon': 2.3101286641158795e-09, 'hidden_layer_sizes': 61, 'learning_rate_init': 8.734279505613056e-05, 'tol': 0.0001716893904410802, 'validation_fraction': 0.330898617406412}]
function_evaluation time 0.055322 value 151.624126 suggestion {'alpha': 0.6170124843436982, 'batch_size': 218, 'beta_1': 0.9455877666167817, 'beta_2': 0.9998769739133824, 'epsilon': 2.3101286641158795e-09, 'hidden_layer_sizes': 61, 'learning_rate_init': 8.734279505613056e-05, 'tol': 0.0001716893904410802, 'validation_fraction': 0.330898617406412}
observation time 0.000005, current best 50.407736 at iter 3
Failure in optimizer suggest. Falling back to random search.
name 'activ' is not defined
Traceback (most recent call last):
  File "/home/ryedida/.local/lib/python3.9/site-packages/bayesmark/experiment.py", line 126, in run_study
    next_points = optimizer.suggest(n_suggestions)
  File "/home/ryedida/bbo_challenge_starter_kit/example_submissions/smoothness/optimizer.py", line 109, in suggest
    betas = [self._get_smoothness_reg(guess) for guess in guesses]
  File "/home/ryedida/bbo_challenge_starter_kit/example_submissions/smoothness/optimizer.py", line 109, in <listcomp>
    betas = [self._get_smoothness_reg(guess) for guess in guesses]
  File "/home/ryedida/bbo_challenge_starter_kit/example_submissions/smoothness/optimizer.py", line 49, in _get_smoothness_reg
    if activ > Kz:
NameError: name 'activ' is not defined
suggestion time taken 0.329042 iter 4 next_points [{'alpha': 2.1150381747400537, 'batch_size': 195, 'beta_1': 0.6117594288543887, 'beta_2': 0.9999466282184801, 'epsilon': 7.192814781411777e-07, 'hidden_layer_sizes': 184, 'learning_rate_init': 0.0028614072290681857, 'tol': 0.004315067782381607, 'validation_fraction': 0.3928391896577235}]
/home/ryedida/.local/lib/python3.9/site-packages/sklearn/neural_network/_multilayer_perceptron.py:686: ConvergenceWarning: Stochastic Optimizer: Maximum iterations (200) reached and the optimization hasn't converged yet.
  warnings.warn(

function_evaluation time 0.283838 value 150.982385 suggestion {'alpha': 2.1150381747400537, 'batch_size': 195, 'beta_1': 0.6117594288543887, 'beta_2': 0.9999466282184801, 'epsilon': 7.192814781411777e-07, 'hidden_layer_sizes': 184, 'learning_rate_init': 0.0028614072290681857, 'tol': 0.004315067782381607, 'validation_fraction': 0.3928391896577235}
observation time 0.000006, current best 50.407736 at iter 4
Failure in optimizer suggest. Falling back to random search.
name 'activ' is not defined
Traceback (most recent call last):
  File "/home/ryedida/.local/lib/python3.9/site-packages/bayesmark/experiment.py", line 126, in run_study
    next_points = optimizer.suggest(n_suggestions)
  File "/home/ryedida/bbo_challenge_starter_kit/example_submissions/smoothness/optimizer.py", line 109, in suggest
    betas = [self._get_smoothness_reg(guess) for guess in guesses]
  File "/home/ryedida/bbo_challenge_starter_kit/example_submissions/smoothness/optimizer.py", line 109, in <listcomp>
    betas = [self._get_smoothness_reg(guess) for guess in guesses]
  File "/home/ryedida/bbo_challenge_starter_kit/example_submissions/smoothness/optimizer.py", line 49, in _get_smoothness_reg
    if activ > Kz:
NameError: name 'activ' is not defined
suggestion time taken 0.332592 iter 5 next_points [{'alpha': 0.4363047104140225, 'batch_size': 22, 'beta_1': 0.7801615842595641, 'beta_2': 0.9996310019338716, 'epsilon': 2.7451501781315783e-08, 'hidden_layer_sizes': 51, 'learning_rate_init': 1.2060283734550698e-05, 'tol': 0.06145392612247515, 'validation_fraction': 0.12337274299363289}]
function_evaluation time 0.122543 value 151.422165 suggestion {'alpha': 0.4363047104140225, 'batch_size': 22, 'beta_1': 0.7801615842595641, 'beta_2': 0.9996310019338716, 'epsilon': 2.7451501781315783e-08, 'hidden_layer_sizes': 51, 'learning_rate_init': 1.2060283734550698e-05, 'tol': 0.06145392612247515, 'validation_fraction': 0.12337274299363289}
observation time 0.000006, current best 50.407736 at iter 5
Failure in optimizer suggest. Falling back to random search.
name 'activ' is not defined
Traceback (most recent call last):
  File "/home/ryedida/.local/lib/python3.9/site-packages/bayesmark/experiment.py", line 126, in run_study
    next_points = optimizer.suggest(n_suggestions)
  File "/home/ryedida/bbo_challenge_starter_kit/example_submissions/smoothness/optimizer.py", line 109, in suggest
    betas = [self._get_smoothness_reg(guess) for guess in guesses]
  File "/home/ryedida/bbo_challenge_starter_kit/example_submissions/smoothness/optimizer.py", line 109, in <listcomp>
    betas = [self._get_smoothness_reg(guess) for guess in guesses]
  File "/home/ryedida/bbo_challenge_starter_kit/example_submissions/smoothness/optimizer.py", line 49, in _get_smoothness_reg
    if activ > Kz:
NameError: name 'activ' is not defined
suggestion time taken 0.344718 iter 6 next_points [{'alpha': 0.007504471983565863, 'batch_size': 228, 'beta_1': 0.9712806880962473, 'beta_2': 0.9999927293106443, 'epsilon': 8.081258729458788e-09, 'hidden_layer_sizes': 83, 'learning_rate_init': 0.00013343449121385552, 'tol': 0.00035980400099036266, 'validation_fraction': 0.7847420220366684}]
/home/ryedida/.local/lib/python3.9/site-packages/sklearn/neural_network/_multilayer_perceptron.py:605: UserWarning: Got `batch_size` less than 1 or larger than sample size. It is going to be clipped
  warnings.warn(

function_evaluation time 0.047557 value 151.495622 suggestion {'alpha': 0.007504471983565863, 'batch_size': 228, 'beta_1': 0.9712806880962473, 'beta_2': 0.9999927293106443, 'epsilon': 8.081258729458788e-09, 'hidden_layer_sizes': 83, 'learning_rate_init': 0.00013343449121385552, 'tol': 0.00035980400099036266, 'validation_fraction': 0.7847420220366684}
observation time 0.000006, current best 50.407736 at iter 6
Failure in optimizer suggest. Falling back to random search.
name 'activ' is not defined
Traceback (most recent call last):
  File "/home/ryedida/.local/lib/python3.9/site-packages/bayesmark/experiment.py", line 126, in run_study
    next_points = optimizer.suggest(n_suggestions)
  File "/home/ryedida/bbo_challenge_starter_kit/example_submissions/smoothness/optimizer.py", line 109, in suggest
    betas = [self._get_smoothness_reg(guess) for guess in guesses]
  File "/home/ryedida/bbo_challenge_starter_kit/example_submissions/smoothness/optimizer.py", line 109, in <listcomp>
    betas = [self._get_smoothness_reg(guess) for guess in guesses]
  File "/home/ryedida/bbo_challenge_starter_kit/example_submissions/smoothness/optimizer.py", line 49, in _get_smoothness_reg
    if activ > Kz:
NameError: name 'activ' is not defined
suggestion time taken 0.474306 iter 7 next_points [{'alpha': 0.03185770479312081, 'batch_size': 213, 'beta_1': 0.8909887817353992, 'beta_2': 0.9671342615859951, 'epsilon': 3.158747717489989e-09, 'hidden_layer_sizes': 134, 'learning_rate_init': 0.0009034602722408652, 'tol': 0.0006631216345422826, 'validation_fraction': 0.18609108842831887}]
/home/ryedida/.local/lib/python3.9/site-packages/sklearn/neural_network/_multilayer_perceptron.py:686: ConvergenceWarning: Stochastic Optimizer: Maximum iterations (200) reached and the optimization hasn't converged yet.
  warnings.warn(

function_evaluation time 1.259965 value 139.085618 suggestion {'alpha': 0.03185770479312081, 'batch_size': 213, 'beta_1': 0.8909887817353992, 'beta_2': 0.9671342615859951, 'epsilon': 3.158747717489989e-09, 'hidden_layer_sizes': 134, 'learning_rate_init': 0.0009034602722408652, 'tol': 0.0006631216345422826, 'validation_fraction': 0.18609108842831887}
observation time 0.000006, current best 50.407736 at iter 7
Failure in optimizer suggest. Falling back to random search.
name 'activ' is not defined
Traceback (most recent call last):
  File "/home/ryedida/.local/lib/python3.9/site-packages/bayesmark/experiment.py", line 126, in run_study
    next_points = optimizer.suggest(n_suggestions)
  File "/home/ryedida/bbo_challenge_starter_kit/example_submissions/smoothness/optimizer.py", line 109, in suggest
    betas = [self._get_smoothness_reg(guess) for guess in guesses]
  File "/home/ryedida/bbo_challenge_starter_kit/example_submissions/smoothness/optimizer.py", line 109, in <listcomp>
    betas = [self._get_smoothness_reg(guess) for guess in guesses]
  File "/home/ryedida/bbo_challenge_starter_kit/example_submissions/smoothness/optimizer.py", line 49, in _get_smoothness_reg
    if activ > Kz:
NameError: name 'activ' is not defined
suggestion time taken 0.327873 iter 8 next_points [{'alpha': 0.01592962500086597, 'batch_size': 109, 'beta_1': 0.9319593572096935, 'beta_2': 0.9999957518107631, 'epsilon': 6.712224514105829e-07, 'hidden_layer_sizes': 51, 'learning_rate_init': 0.052469390340476506, 'tol': 0.041918742607477286, 'validation_fraction': 0.8486859342727151}]
/home/ryedida/.local/lib/python3.9/site-packages/sklearn/neural_network/_multilayer_perceptron.py:605: UserWarning: Got `batch_size` less than 1 or larger than sample size. It is going to be clipped
  warnings.warn(

function_evaluation time 0.171302 value 53.229007 suggestion {'alpha': 0.01592962500086597, 'batch_size': 109, 'beta_1': 0.9319593572096935, 'beta_2': 0.9999957518107631, 'epsilon': 6.712224514105829e-07, 'hidden_layer_sizes': 51, 'learning_rate_init': 0.052469390340476506, 'tol': 0.041918742607477286, 'validation_fraction': 0.8486859342727151}
observation time 0.000006, current best 50.407736 at iter 8
Failure in optimizer suggest. Falling back to random search.
name 'activ' is not defined
Traceback (most recent call last):
  File "/home/ryedida/.local/lib/python3.9/site-packages/bayesmark/experiment.py", line 126, in run_study
    next_points = optimizer.suggest(n_suggestions)
  File "/home/ryedida/bbo_challenge_starter_kit/example_submissions/smoothness/optimizer.py", line 109, in suggest
    betas = [self._get_smoothness_reg(guess) for guess in guesses]
  File "/home/ryedida/bbo_challenge_starter_kit/example_submissions/smoothness/optimizer.py", line 109, in <listcomp>
    betas = [self._get_smoothness_reg(guess) for guess in guesses]
  File "/home/ryedida/bbo_challenge_starter_kit/example_submissions/smoothness/optimizer.py", line 49, in _get_smoothness_reg
    if activ > Kz:
NameError: name 'activ' is not defined
suggestion time taken 0.318912 iter 9 next_points [{'alpha': 0.002906566415553329, 'batch_size': 30, 'beta_1': 0.968837217530573, 'beta_2': 0.9962658064622085, 'epsilon': 1.6640644238700375e-08, 'hidden_layer_sizes': 75, 'learning_rate_init': 4.1277865575886545e-05, 'tol': 6.479643645116966e-05, 'validation_fraction': 0.8603016767322098}]
function_evaluation time 0.057354 value 151.596592 suggestion {'alpha': 0.002906566415553329, 'batch_size': 30, 'beta_1': 0.968837217530573, 'beta_2': 0.9962658064622085, 'epsilon': 1.6640644238700375e-08, 'hidden_layer_sizes': 75, 'learning_rate_init': 4.1277865575886545e-05, 'tol': 6.479643645116966e-05, 'validation_fraction': 0.8603016767322098}
observation time 0.000005, current best 50.407736 at iter 9
Failure in optimizer suggest. Falling back to random search.
name 'activ' is not defined
Traceback (most recent call last):
  File "/home/ryedida/.local/lib/python3.9/site-packages/bayesmark/experiment.py", line 126, in run_study
    next_points = optimizer.suggest(n_suggestions)
  File "/home/ryedida/bbo_challenge_starter_kit/example_submissions/smoothness/optimizer.py", line 109, in suggest
    betas = [self._get_smoothness_reg(guess) for guess in guesses]
  File "/home/ryedida/bbo_challenge_starter_kit/example_submissions/smoothness/optimizer.py", line 109, in <listcomp>
    betas = [self._get_smoothness_reg(guess) for guess in guesses]
  File "/home/ryedida/bbo_challenge_starter_kit/example_submissions/smoothness/optimizer.py", line 49, in _get_smoothness_reg
    if activ > Kz:
NameError: name 'activ' is not defined
suggestion time taken 0.324067 iter 10 next_points [{'alpha': 0.9787392826386783, 'batch_size': 15, 'beta_1': 0.9171146314620225, 'beta_2': 0.9999985388588379, 'epsilon': 3.2577577362617727e-09, 'hidden_layer_sizes': 92, 'learning_rate_init': 7.946865717687205e-05, 'tol': 7.001191208979913e-05, 'validation_fraction': 0.22029498804150335}]
/home/ryedida/.local/lib/python3.9/site-packages/sklearn/neural_network/_multilayer_perceptron.py:686: ConvergenceWarning: Stochastic Optimizer: Maximum iterations (200) reached and the optimization hasn't converged yet.
  warnings.warn(

function_evaluation time 2.439323 value 144.947930 suggestion {'alpha': 0.9787392826386783, 'batch_size': 15, 'beta_1': 0.9171146314620225, 'beta_2': 0.9999985388588379, 'epsilon': 3.2577577362617727e-09, 'hidden_layer_sizes': 92, 'learning_rate_init': 7.946865717687205e-05, 'tol': 7.001191208979913e-05, 'validation_fraction': 0.22029498804150335}
observation time 0.000006, current best 50.407736 at iter 10
Failure in optimizer suggest. Falling back to random search.
name 'activ' is not defined
Traceback (most recent call last):
  File "/home/ryedida/.local/lib/python3.9/site-packages/bayesmark/experiment.py", line 126, in run_study
    next_points = optimizer.suggest(n_suggestions)
  File "/home/ryedida/bbo_challenge_starter_kit/example_submissions/smoothness/optimizer.py", line 109, in suggest
    betas = [self._get_smoothness_reg(guess) for guess in guesses]
  File "/home/ryedida/bbo_challenge_starter_kit/example_submissions/smoothness/optimizer.py", line 109, in <listcomp>
    betas = [self._get_smoothness_reg(guess) for guess in guesses]
  File "/home/ryedida/bbo_challenge_starter_kit/example_submissions/smoothness/optimizer.py", line 49, in _get_smoothness_reg
    if activ > Kz:
NameError: name 'activ' is not defined
suggestion time taken 0.326973 iter 11 next_points [{'alpha': 0.09247569820593797, 'batch_size': 185, 'beta_1': 0.9505582307682319, 'beta_2': 0.9999876735118667, 'epsilon': 2.3075869099074856e-09, 'hidden_layer_sizes': 53, 'learning_rate_init': 0.07181080003070595, 'tol': 0.0004082978474214869, 'validation_fraction': 0.20185125633857454}]
function_evaluation time 0.197776 value 49.320495 suggestion {'alpha': 0.09247569820593797, 'batch_size': 185, 'beta_1': 0.9505582307682319, 'beta_2': 0.9999876735118667, 'epsilon': 2.3075869099074856e-09, 'hidden_layer_sizes': 53, 'learning_rate_init': 0.07181080003070595, 'tol': 0.0004082978474214869, 'validation_fraction': 0.20185125633857454}
observation time 0.000006, current best 49.320495 at iter 11
Failure in optimizer suggest. Falling back to random search.
name 'activ' is not defined
Traceback (most recent call last):
  File "/home/ryedida/.local/lib/python3.9/site-packages/bayesmark/experiment.py", line 126, in run_study
    next_points = optimizer.suggest(n_suggestions)
  File "/home/ryedida/bbo_challenge_starter_kit/example_submissions/smoothness/optimizer.py", line 109, in suggest
    betas = [self._get_smoothness_reg(guess) for guess in guesses]
  File "/home/ryedida/bbo_challenge_starter_kit/example_submissions/smoothness/optimizer.py", line 109, in <listcomp>
    betas = [self._get_smoothness_reg(guess) for guess in guesses]
  File "/home/ryedida/bbo_challenge_starter_kit/example_submissions/smoothness/optimizer.py", line 49, in _get_smoothness_reg
    if activ > Kz:
NameError: name 'activ' is not defined
suggestion time taken 0.320120 iter 12 next_points [{'alpha': 0.059584923371117565, 'batch_size': 241, 'beta_1': 0.9621505870527394, 'beta_2': 0.9998770091673087, 'epsilon': 1.1681109079069597e-07, 'hidden_layer_sizes': 59, 'learning_rate_init': 0.05758120328503225, 'tol': 0.0001624032027436277, 'validation_fraction': 0.8342399203299147}]
/home/ryedida/.local/lib/python3.9/site-packages/sklearn/neural_network/_multilayer_perceptron.py:605: UserWarning: Got `batch_size` less than 1 or larger than sample size. It is going to be clipped
  warnings.warn(

function_evaluation time 0.166617 value 54.903093 suggestion {'alpha': 0.059584923371117565, 'batch_size': 241, 'beta_1': 0.9621505870527394, 'beta_2': 0.9998770091673087, 'epsilon': 1.1681109079069597e-07, 'hidden_layer_sizes': 59, 'learning_rate_init': 0.05758120328503225, 'tol': 0.0001624032027436277, 'validation_fraction': 0.8342399203299147}
observation time 0.000006, current best 49.320495 at iter 12
Failure in optimizer suggest. Falling back to random search.
name 'activ' is not defined
Traceback (most recent call last):
  File "/home/ryedida/.local/lib/python3.9/site-packages/bayesmark/experiment.py", line 126, in run_study
    next_points = optimizer.suggest(n_suggestions)
  File "/home/ryedida/bbo_challenge_starter_kit/example_submissions/smoothness/optimizer.py", line 109, in suggest
    betas = [self._get_smoothness_reg(guess) for guess in guesses]
  File "/home/ryedida/bbo_challenge_starter_kit/example_submissions/smoothness/optimizer.py", line 109, in <listcomp>
    betas = [self._get_smoothness_reg(guess) for guess in guesses]
  File "/home/ryedida/bbo_challenge_starter_kit/example_submissions/smoothness/optimizer.py", line 49, in _get_smoothness_reg
    if activ > Kz:
NameError: name 'activ' is not defined
suggestion time taken 0.319653 iter 13 next_points [{'alpha': 0.08479100062224319, 'batch_size': 60, 'beta_1': 0.6373455594559059, 'beta_2': 0.9983596988146495, 'epsilon': 3.120641089786892e-08, 'hidden_layer_sizes': 85, 'learning_rate_init': 1.267509056789485e-05, 'tol': 0.02249580642199595, 'validation_fraction': 0.17161802137351956}]
function_evaluation time 0.063751 value 151.744750 suggestion {'alpha': 0.08479100062224319, 'batch_size': 60, 'beta_1': 0.6373455594559059, 'beta_2': 0.9983596988146495, 'epsilon': 3.120641089786892e-08, 'hidden_layer_sizes': 85, 'learning_rate_init': 1.267509056789485e-05, 'tol': 0.02249580642199595, 'validation_fraction': 0.17161802137351956}
observation time 0.000006, current best 49.320495 at iter 13
Failure in optimizer suggest. Falling back to random search.
name 'activ' is not defined
Traceback (most recent call last):
  File "/home/ryedida/.local/lib/python3.9/site-packages/bayesmark/experiment.py", line 126, in run_study
    next_points = optimizer.suggest(n_suggestions)
  File "/home/ryedida/bbo_challenge_starter_kit/example_submissions/smoothness/optimizer.py", line 109, in suggest
    betas = [self._get_smoothness_reg(guess) for guess in guesses]
  File "/home/ryedida/bbo_challenge_starter_kit/example_submissions/smoothness/optimizer.py", line 109, in <listcomp>
    betas = [self._get_smoothness_reg(guess) for guess in guesses]
  File "/home/ryedida/bbo_challenge_starter_kit/example_submissions/smoothness/optimizer.py", line 49, in _get_smoothness_reg
    if activ > Kz:
NameError: name 'activ' is not defined
suggestion time taken 0.320980 iter 14 next_points [{'alpha': 0.001055469681689642, 'batch_size': 37, 'beta_1': 0.9780094687442732, 'beta_2': 0.9816149308175898, 'epsilon': 3.736469641441686e-07, 'hidden_layer_sizes': 63, 'learning_rate_init': 0.00010322277351505004, 'tol': 0.0009367533468154491, 'validation_fraction': 0.3364632327659757}]
function_evaluation time 0.074877 value 151.434424 suggestion {'alpha': 0.001055469681689642, 'batch_size': 37, 'beta_1': 0.9780094687442732, 'beta_2': 0.9816149308175898, 'epsilon': 3.736469641441686e-07, 'hidden_layer_sizes': 63, 'learning_rate_init': 0.00010322277351505004, 'tol': 0.0009367533468154491, 'validation_fraction': 0.3364632327659757}
observation time 0.000006, current best 49.320495 at iter 14
saving meta data: {'args': {'--uuid': 'cc86133b29525fcc89dfefd4b92bf66b', '-db-root': '/home/ryedida/bbo_challenge_starter_kit/output', '--opt-root': '/home/ryedida/bbo_challenge_starter_kit/example_submissions', '--data-root': None, '--db': 'run_20230427_004608', '--opt': 'smoothness', '--data': 'diabetes', '--classifier': 'MLP-adam', '--metric': 'mae', '--calls': 15, '--suggestions': 1, '--jobs-file': None, '--verbose': False, 'dry_run': False, 'rev': 'a376313', 'opt_rev': 'x.x.x'}, 'signature': ([{'alpha': 0.019628224813442792, 'batch_size': 182, 'beta_1': 0.9410202200271762, 'beta_2': 0.9998021557676793, 'epsilon': 1.8662266976518e-08, 'hidden_layer_sizes': 147, 'learning_rate_init': 0.0005627932047415167, 'tol': 0.03690557729213761, 'validation_fraction': 0.8846827852548593}, {'alpha': 0.0019982467392329444, 'batch_size': 200, 'beta_1': 0.919111482530466, 'beta_2': 0.9998488260436156, 'epsilon': 5.981221901152555e-07, 'hidden_layer_sizes': 61, 'learning_rate_init': 2.2310905607443014e-05, 'tol': 1.2046852412030316e-05, 'validation_fraction': 0.8117896445826539}, {'alpha': 0.46659545670218433, 'batch_size': 219, 'beta_1': 0.9889789783750891, 'beta_2': 0.9999896868093284, 'epsilon': 2.4234724484675948e-08, 'hidden_layer_sizes': 167, 'learning_rate_init': 2.972334644335654e-05, 'tol': 0.0036281404040243792, 'validation_fraction': 0.17260651658522078}, {'alpha': 4.656005689076002, 'batch_size': 135, 'beta_1': 0.870503881627747, 'beta_2': 0.9948873266941017, 'epsilon': 2.1023308743480125e-07, 'hidden_layer_sizes': 118, 'learning_rate_init': 0.0018781738757161913, 'tol': 1.1889379831773004e-05, 'validation_fraction': 0.6264327093752792}, {'alpha': 0.04705159350400542, 'batch_size': 158, 'beta_1': 0.9870884262730957, 'beta_2': 0.9999596874382349, 'epsilon': 1.1981845126013875e-08, 'hidden_layer_sizes': 116, 'learning_rate_init': 0.00617340520407431, 'tol': 1.741413418158619e-05, 'validation_fraction': 0.6754299026638921}], [151.4971925380264, 151.42763539278994, 151.47026299046811, 136.86202504264318, 75.2055865763391])}
saving results
saving timing
saving suggest log
done
