running: {'--uuid': 'd9c9edb843975305bb7060d0e0f0e764', '-db-root': '/home/ryedida/bbo_challenge_starter_kit/output', '--opt-root': '/home/ryedida/bbo_challenge_starter_kit/example_submissions', '--data-root': None, '--db': 'run_20230427_004608', '--opt': 'smoothness', '--data': 'diabetes', '--classifier': 'MLP-adam', '--metric': 'mse', '--calls': 15, '--suggestions': 1, '--jobs-file': None, '--verbose': False, 'dry_run': False, 'rev': 'a376313', 'opt_rev': 'x.x.x'}
cmd: python smoothness/optimizer.py -c MLP-adam -d diabetes -o smoothness -u d9c9edb843975305bb7060d0e0f0e764 -m mse -n 15 -p 1 -dir /home/ryedida/bbo_challenge_starter_kit/output -b run_20230427_004608
/home/ryedida/.local/lib/python3.9/site-packages/sklearn/neural_network/_multilayer_perceptron.py:605: UserWarning: Got `batch_size` less than 1 or larger than sample size. It is going to be clipped
  warnings.warn(

/home/ryedida/.local/lib/python3.9/site-packages/sklearn/neural_network/_multilayer_perceptron.py:605: UserWarning: Got `batch_size` less than 1 or larger than sample size. It is going to be clipped
  warnings.warn(

/home/ryedida/.local/lib/python3.9/site-packages/sklearn/neural_network/_multilayer_perceptron.py:605: UserWarning: Got `batch_size` less than 1 or larger than sample size. It is going to be clipped
  warnings.warn(

/home/ryedida/.local/lib/python3.9/site-packages/sklearn/neural_network/_multilayer_perceptron.py:686: ConvergenceWarning: Stochastic Optimizer: Maximum iterations (200) reached and the optimization hasn't converged yet.
  warnings.warn(

/home/ryedida/.local/lib/python3.9/site-packages/sklearn/neural_network/_multilayer_perceptron.py:605: UserWarning: Got `batch_size` less than 1 or larger than sample size. It is going to be clipped
  warnings.warn(

/home/ryedida/.local/lib/python3.9/site-packages/sklearn/neural_network/_multilayer_perceptron.py:686: ConvergenceWarning: Stochastic Optimizer: Maximum iterations (200) reached and the optimization hasn't converged yet.
  warnings.warn(

computed signature: ([{'alpha': 0.019628224813442792, 'batch_size': 182, 'beta_1': 0.9410202200271762, 'beta_2': 0.9998021557676793, 'epsilon': 1.8662266976518e-08, 'hidden_layer_sizes': 147, 'learning_rate_init': 0.0005627932047415167, 'tol': 0.03690557729213761, 'validation_fraction': 0.8846827852548593}, {'alpha': 0.0019982467392329444, 'batch_size': 200, 'beta_1': 0.919111482530466, 'beta_2': 0.9998488260436156, 'epsilon': 5.981221901152555e-07, 'hidden_layer_sizes': 61, 'learning_rate_init': 2.2310905607443014e-05, 'tol': 1.2046852412030316e-05, 'validation_fraction': 0.8117896445826539}, {'alpha': 0.46659545670218433, 'batch_size': 219, 'beta_1': 0.9889789783750891, 'beta_2': 0.9999896868093284, 'epsilon': 2.4234724484675948e-08, 'hidden_layer_sizes': 167, 'learning_rate_init': 2.972334644335654e-05, 'tol': 0.0036281404040243792, 'validation_fraction': 0.17260651658522078}, {'alpha': 4.656005689076002, 'batch_size': 135, 'beta_1': 0.870503881627747, 'beta_2': 0.9948873266941017, 'epsilon': 2.1023308743480125e-07, 'hidden_layer_sizes': 118, 'learning_rate_init': 0.0018781738757161913, 'tol': 1.1889379831773004e-05, 'validation_fraction': 0.6264327093752792}, {'alpha': 0.04705159350400542, 'batch_size': 158, 'beta_1': 0.9870884262730957, 'beta_2': 0.9999596874382349, 'epsilon': 1.1981845126013875e-08, 'hidden_layer_sizes': 116, 'learning_rate_init': 0.00617340520407431, 'tol': 1.741413418158619e-05, 'validation_fraction': 0.6754299026638921}], [29083.993548572587, 29062.423277324073, 29075.78987471409, 24626.32866834337, 9584.226858493177])
Signature errors:
                              0         1         2         3         4       max
MLP-adam_diabetes_mse  0.000007  0.000008  0.000003  0.003558  0.004952  0.004952
max                    0.000007  0.000008  0.000003  0.003558  0.004952  0.004952
starting sklearn study smoothness MLP-adam diabetes mse 15 1
with data root: None
Failure in optimizer suggest. Falling back to random search.
name 'activ' is not defined
Traceback (most recent call last):
  File "/home/ryedida/.local/lib/python3.9/site-packages/bayesmark/experiment.py", line 126, in run_study
    next_points = optimizer.suggest(n_suggestions)
  File "/home/ryedida/bbo_challenge_starter_kit/example_submissions/smoothness/optimizer.py", line 109, in suggest
    betas = [self._get_smoothness_reg(guess) for guess in guesses]
  File "/home/ryedida/bbo_challenge_starter_kit/example_submissions/smoothness/optimizer.py", line 109, in <listcomp>
    betas = [self._get_smoothness_reg(guess) for guess in guesses]
  File "/home/ryedida/bbo_challenge_starter_kit/example_submissions/smoothness/optimizer.py", line 49, in _get_smoothness_reg
    if activ > Kz:
NameError: name 'activ' is not defined
suggestion time taken 0.497361 iter 0 next_points [{'alpha': 0.2711118141501489, 'batch_size': 176, 'beta_1': 0.9582346036250513, 'beta_2': 0.9988129848254115, 'epsilon': 4.2799450430320666e-08, 'hidden_layer_sizes': 103, 'learning_rate_init': 0.027719263684599857, 'tol': 0.00019519058355497746, 'validation_fraction': 0.5893586616297021}]
/home/ryedida/.local/lib/python3.9/site-packages/sklearn/neural_network/_multilayer_perceptron.py:605: UserWarning: Got `batch_size` less than 1 or larger than sample size. It is going to be clipped
  warnings.warn(

function_evaluation time 0.297661 value 4143.740678 suggestion {'alpha': 0.2711118141501489, 'batch_size': 176, 'beta_1': 0.9582346036250513, 'beta_2': 0.9988129848254115, 'epsilon': 4.2799450430320666e-08, 'hidden_layer_sizes': 103, 'learning_rate_init': 0.027719263684599857, 'tol': 0.00019519058355497746, 'validation_fraction': 0.5893586616297021}
observation time 0.000007, current best 4143.740678 at iter 0
Failure in optimizer suggest. Falling back to random search.
name 'activ' is not defined
Traceback (most recent call last):
  File "/home/ryedida/.local/lib/python3.9/site-packages/bayesmark/experiment.py", line 126, in run_study
    next_points = optimizer.suggest(n_suggestions)
  File "/home/ryedida/bbo_challenge_starter_kit/example_submissions/smoothness/optimizer.py", line 109, in suggest
    betas = [self._get_smoothness_reg(guess) for guess in guesses]
  File "/home/ryedida/bbo_challenge_starter_kit/example_submissions/smoothness/optimizer.py", line 109, in <listcomp>
    betas = [self._get_smoothness_reg(guess) for guess in guesses]
  File "/home/ryedida/bbo_challenge_starter_kit/example_submissions/smoothness/optimizer.py", line 49, in _get_smoothness_reg
    if activ > Kz:
NameError: name 'activ' is not defined
suggestion time taken 0.327028 iter 1 next_points [{'alpha': 2.617796720364901, 'batch_size': 152, 'beta_1': 0.8051605274256979, 'beta_2': 0.999638119089874, 'epsilon': 4.432211634334827e-09, 'hidden_layer_sizes': 91, 'learning_rate_init': 3.621030030158338e-05, 'tol': 1.777143679427485e-05, 'validation_fraction': 0.882924538488367}]
/home/ryedida/.local/lib/python3.9/site-packages/sklearn/neural_network/_multilayer_perceptron.py:605: UserWarning: Got `batch_size` less than 1 or larger than sample size. It is going to be clipped
  warnings.warn(

/home/ryedida/.local/lib/python3.9/site-packages/sklearn/neural_network/_multilayer_perceptron.py:686: ConvergenceWarning: Stochastic Optimizer: Maximum iterations (200) reached and the optimization hasn't converged yet.
  warnings.warn(

function_evaluation time 0.630063 value 29109.269880 suggestion {'alpha': 2.617796720364901, 'batch_size': 152, 'beta_1': 0.8051605274256979, 'beta_2': 0.999638119089874, 'epsilon': 4.432211634334827e-09, 'hidden_layer_sizes': 91, 'learning_rate_init': 3.621030030158338e-05, 'tol': 1.777143679427485e-05, 'validation_fraction': 0.882924538488367}
observation time 0.000006, current best 4143.740678 at iter 1
Failure in optimizer suggest. Falling back to random search.
name 'activ' is not defined
Traceback (most recent call last):
  File "/home/ryedida/.local/lib/python3.9/site-packages/bayesmark/experiment.py", line 126, in run_study
    next_points = optimizer.suggest(n_suggestions)
  File "/home/ryedida/bbo_challenge_starter_kit/example_submissions/smoothness/optimizer.py", line 109, in suggest
    betas = [self._get_smoothness_reg(guess) for guess in guesses]
  File "/home/ryedida/bbo_challenge_starter_kit/example_submissions/smoothness/optimizer.py", line 109, in <listcomp>
    betas = [self._get_smoothness_reg(guess) for guess in guesses]
  File "/home/ryedida/bbo_challenge_starter_kit/example_submissions/smoothness/optimizer.py", line 49, in _get_smoothness_reg
    if activ > Kz:
NameError: name 'activ' is not defined
suggestion time taken 0.327872 iter 2 next_points [{'alpha': 4.577105394194874, 'batch_size': 29, 'beta_1': 0.9144927056423897, 'beta_2': 0.9998193439400002, 'epsilon': 3.546503651121615e-08, 'hidden_layer_sizes': 112, 'learning_rate_init': 0.07835528531851722, 'tol': 7.50158931115832e-05, 'validation_fraction': 0.7277108204733614}]
function_evaluation time 0.398283 value 3066.219512 suggestion {'alpha': 4.577105394194874, 'batch_size': 29, 'beta_1': 0.9144927056423897, 'beta_2': 0.9998193439400002, 'epsilon': 3.546503651121615e-08, 'hidden_layer_sizes': 112, 'learning_rate_init': 0.07835528531851722, 'tol': 7.50158931115832e-05, 'validation_fraction': 0.7277108204733614}
observation time 0.000005, current best 3066.219512 at iter 2
Failure in optimizer suggest. Falling back to random search.
name 'activ' is not defined
Traceback (most recent call last):
  File "/home/ryedida/.local/lib/python3.9/site-packages/bayesmark/experiment.py", line 126, in run_study
    next_points = optimizer.suggest(n_suggestions)
  File "/home/ryedida/bbo_challenge_starter_kit/example_submissions/smoothness/optimizer.py", line 109, in suggest
    betas = [self._get_smoothness_reg(guess) for guess in guesses]
  File "/home/ryedida/bbo_challenge_starter_kit/example_submissions/smoothness/optimizer.py", line 109, in <listcomp>
    betas = [self._get_smoothness_reg(guess) for guess in guesses]
  File "/home/ryedida/bbo_challenge_starter_kit/example_submissions/smoothness/optimizer.py", line 49, in _get_smoothness_reg
    if activ > Kz:
NameError: name 'activ' is not defined
suggestion time taken 0.321465 iter 3 next_points [{'alpha': 0.00011794230897163066, 'batch_size': 80, 'beta_1': 0.9399642063689908, 'beta_2': 0.9999205694968437, 'epsilon': 1.2725120063779453e-08, 'hidden_layer_sizes': 196, 'learning_rate_init': 0.0008120627478161138, 'tol': 0.0008327814173382787, 'validation_fraction': 0.8181088518424383}]
/home/ryedida/.local/lib/python3.9/site-packages/sklearn/neural_network/_multilayer_perceptron.py:605: UserWarning: Got `batch_size` less than 1 or larger than sample size. It is going to be clipped
  warnings.warn(

/home/ryedida/.local/lib/python3.9/site-packages/sklearn/neural_network/_multilayer_perceptron.py:686: ConvergenceWarning: Stochastic Optimizer: Maximum iterations (200) reached and the optimization hasn't converged yet.
  warnings.warn(

function_evaluation time 0.314045 value 28691.516307 suggestion {'alpha': 0.00011794230897163066, 'batch_size': 80, 'beta_1': 0.9399642063689908, 'beta_2': 0.9999205694968437, 'epsilon': 1.2725120063779453e-08, 'hidden_layer_sizes': 196, 'learning_rate_init': 0.0008120627478161138, 'tol': 0.0008327814173382787, 'validation_fraction': 0.8181088518424383}
observation time 0.000010, current best 3066.219512 at iter 3
Failure in optimizer suggest. Falling back to random search.
name 'activ' is not defined
Traceback (most recent call last):
  File "/home/ryedida/.local/lib/python3.9/site-packages/bayesmark/experiment.py", line 126, in run_study
    next_points = optimizer.suggest(n_suggestions)
  File "/home/ryedida/bbo_challenge_starter_kit/example_submissions/smoothness/optimizer.py", line 109, in suggest
    betas = [self._get_smoothness_reg(guess) for guess in guesses]
  File "/home/ryedida/bbo_challenge_starter_kit/example_submissions/smoothness/optimizer.py", line 109, in <listcomp>
    betas = [self._get_smoothness_reg(guess) for guess in guesses]
  File "/home/ryedida/bbo_challenge_starter_kit/example_submissions/smoothness/optimizer.py", line 49, in _get_smoothness_reg
    if activ > Kz:
NameError: name 'activ' is not defined
suggestion time taken 0.329236 iter 4 next_points [{'alpha': 0.011242277525801257, 'batch_size': 191, 'beta_1': 0.9511821200281954, 'beta_2': 0.9948358311318637, 'epsilon': 1.3008558309408075e-09, 'hidden_layer_sizes': 105, 'learning_rate_init': 0.0023758692894098234, 'tol': 0.0006706335433929554, 'validation_fraction': 0.10663174992999816}]
/home/ryedida/.local/lib/python3.9/site-packages/sklearn/neural_network/_multilayer_perceptron.py:686: ConvergenceWarning: Stochastic Optimizer: Maximum iterations (200) reached and the optimization hasn't converged yet.
  warnings.warn(

function_evaluation time 1.112236 value 12450.220027 suggestion {'alpha': 0.011242277525801257, 'batch_size': 191, 'beta_1': 0.9511821200281954, 'beta_2': 0.9948358311318637, 'epsilon': 1.3008558309408075e-09, 'hidden_layer_sizes': 105, 'learning_rate_init': 0.0023758692894098234, 'tol': 0.0006706335433929554, 'validation_fraction': 0.10663174992999816}
observation time 0.000006, current best 3066.219512 at iter 4
Failure in optimizer suggest. Falling back to random search.
name 'activ' is not defined
Traceback (most recent call last):
  File "/home/ryedida/.local/lib/python3.9/site-packages/bayesmark/experiment.py", line 126, in run_study
    next_points = optimizer.suggest(n_suggestions)
  File "/home/ryedida/bbo_challenge_starter_kit/example_submissions/smoothness/optimizer.py", line 109, in suggest
    betas = [self._get_smoothness_reg(guess) for guess in guesses]
  File "/home/ryedida/bbo_challenge_starter_kit/example_submissions/smoothness/optimizer.py", line 109, in <listcomp>
    betas = [self._get_smoothness_reg(guess) for guess in guesses]
  File "/home/ryedida/bbo_challenge_starter_kit/example_submissions/smoothness/optimizer.py", line 49, in _get_smoothness_reg
    if activ > Kz:
NameError: name 'activ' is not defined
suggestion time taken 0.329085 iter 5 next_points [{'alpha': 0.002251489004822747, 'batch_size': 164, 'beta_1': 0.6603460827677681, 'beta_2': 0.9999293493269787, 'epsilon': 2.534743613863719e-09, 'hidden_layer_sizes': 186, 'learning_rate_init': 0.0004761135856448604, 'tol': 0.055147741722777525, 'validation_fraction': 0.7464952560985331}]
/home/ryedida/.local/lib/python3.9/site-packages/sklearn/neural_network/_multilayer_perceptron.py:605: UserWarning: Got `batch_size` less than 1 or larger than sample size. It is going to be clipped
  warnings.warn(

function_evaluation time 0.060344 value 29094.593613 suggestion {'alpha': 0.002251489004822747, 'batch_size': 164, 'beta_1': 0.6603460827677681, 'beta_2': 0.9999293493269787, 'epsilon': 2.534743613863719e-09, 'hidden_layer_sizes': 186, 'learning_rate_init': 0.0004761135856448604, 'tol': 0.055147741722777525, 'validation_fraction': 0.7464952560985331}
observation time 0.000006, current best 3066.219512 at iter 5
Failure in optimizer suggest. Falling back to random search.
name 'activ' is not defined
Traceback (most recent call last):
  File "/home/ryedida/.local/lib/python3.9/site-packages/bayesmark/experiment.py", line 126, in run_study
    next_points = optimizer.suggest(n_suggestions)
  File "/home/ryedida/bbo_challenge_starter_kit/example_submissions/smoothness/optimizer.py", line 109, in suggest
    betas = [self._get_smoothness_reg(guess) for guess in guesses]
  File "/home/ryedida/bbo_challenge_starter_kit/example_submissions/smoothness/optimizer.py", line 109, in <listcomp>
    betas = [self._get_smoothness_reg(guess) for guess in guesses]
  File "/home/ryedida/bbo_challenge_starter_kit/example_submissions/smoothness/optimizer.py", line 49, in _get_smoothness_reg
    if activ > Kz:
NameError: name 'activ' is not defined
suggestion time taken 0.327891 iter 6 next_points [{'alpha': 0.00013380136793582744, 'batch_size': 125, 'beta_1': 0.8551163135622477, 'beta_2': 0.9999961008256721, 'epsilon': 1.1450429599484e-09, 'hidden_layer_sizes': 159, 'learning_rate_init': 0.0037313809109969227, 'tol': 4.747593823542606e-05, 'validation_fraction': 0.3818143731866931}]
/home/ryedida/.local/lib/python3.9/site-packages/sklearn/neural_network/_multilayer_perceptron.py:686: ConvergenceWarning: Stochastic Optimizer: Maximum iterations (200) reached and the optimization hasn't converged yet.
  warnings.warn(

function_evaluation time 1.178484 value 3667.690432 suggestion {'alpha': 0.00013380136793582744, 'batch_size': 125, 'beta_1': 0.8551163135622477, 'beta_2': 0.9999961008256721, 'epsilon': 1.1450429599484e-09, 'hidden_layer_sizes': 159, 'learning_rate_init': 0.0037313809109969227, 'tol': 4.747593823542606e-05, 'validation_fraction': 0.3818143731866931}
observation time 0.000006, current best 3066.219512 at iter 6
Failure in optimizer suggest. Falling back to random search.
name 'activ' is not defined
Traceback (most recent call last):
  File "/home/ryedida/.local/lib/python3.9/site-packages/bayesmark/experiment.py", line 126, in run_study
    next_points = optimizer.suggest(n_suggestions)
  File "/home/ryedida/bbo_challenge_starter_kit/example_submissions/smoothness/optimizer.py", line 109, in suggest
    betas = [self._get_smoothness_reg(guess) for guess in guesses]
  File "/home/ryedida/bbo_challenge_starter_kit/example_submissions/smoothness/optimizer.py", line 109, in <listcomp>
    betas = [self._get_smoothness_reg(guess) for guess in guesses]
  File "/home/ryedida/bbo_challenge_starter_kit/example_submissions/smoothness/optimizer.py", line 49, in _get_smoothness_reg
    if activ > Kz:
NameError: name 'activ' is not defined
suggestion time taken 0.462204 iter 7 next_points [{'alpha': 0.02539285122609834, 'batch_size': 15, 'beta_1': 0.9657841963220615, 'beta_2': 0.9999976693077985, 'epsilon': 9.831373895394863e-09, 'hidden_layer_sizes': 117, 'learning_rate_init': 3.478558526758222e-05, 'tol': 0.0603960162018896, 'validation_fraction': 0.14448497903842517}]
function_evaluation time 0.176852 value 29081.474474 suggestion {'alpha': 0.02539285122609834, 'batch_size': 15, 'beta_1': 0.9657841963220615, 'beta_2': 0.9999976693077985, 'epsilon': 9.831373895394863e-09, 'hidden_layer_sizes': 117, 'learning_rate_init': 3.478558526758222e-05, 'tol': 0.0603960162018896, 'validation_fraction': 0.14448497903842517}
observation time 0.000006, current best 3066.219512 at iter 7
Failure in optimizer suggest. Falling back to random search.
name 'activ' is not defined
Traceback (most recent call last):
  File "/home/ryedida/.local/lib/python3.9/site-packages/bayesmark/experiment.py", line 126, in run_study
    next_points = optimizer.suggest(n_suggestions)
  File "/home/ryedida/bbo_challenge_starter_kit/example_submissions/smoothness/optimizer.py", line 109, in suggest
    betas = [self._get_smoothness_reg(guess) for guess in guesses]
  File "/home/ryedida/bbo_challenge_starter_kit/example_submissions/smoothness/optimizer.py", line 109, in <listcomp>
    betas = [self._get_smoothness_reg(guess) for guess in guesses]
  File "/home/ryedida/bbo_challenge_starter_kit/example_submissions/smoothness/optimizer.py", line 49, in _get_smoothness_reg
    if activ > Kz:
NameError: name 'activ' is not defined
suggestion time taken 0.323900 iter 8 next_points [{'alpha': 1.613046584676964, 'batch_size': 154, 'beta_1': 0.9485798974894019, 'beta_2': 0.9893587922577792, 'epsilon': 1.7207218593969683e-07, 'hidden_layer_sizes': 87, 'learning_rate_init': 0.005543568072003352, 'tol': 8.192956257509402e-05, 'validation_fraction': 0.297708918939061}]
/home/ryedida/.local/lib/python3.9/site-packages/sklearn/neural_network/_multilayer_perceptron.py:686: ConvergenceWarning: Stochastic Optimizer: Maximum iterations (200) reached and the optimization hasn't converged yet.
  warnings.warn(

function_evaluation time 0.961520 value 3707.142715 suggestion {'alpha': 1.613046584676964, 'batch_size': 154, 'beta_1': 0.9485798974894019, 'beta_2': 0.9893587922577792, 'epsilon': 1.7207218593969683e-07, 'hidden_layer_sizes': 87, 'learning_rate_init': 0.005543568072003352, 'tol': 8.192956257509402e-05, 'validation_fraction': 0.297708918939061}
observation time 0.000005, current best 3066.219512 at iter 8
Failure in optimizer suggest. Falling back to random search.
name 'activ' is not defined
Traceback (most recent call last):
  File "/home/ryedida/.local/lib/python3.9/site-packages/bayesmark/experiment.py", line 126, in run_study
    next_points = optimizer.suggest(n_suggestions)
  File "/home/ryedida/bbo_challenge_starter_kit/example_submissions/smoothness/optimizer.py", line 109, in suggest
    betas = [self._get_smoothness_reg(guess) for guess in guesses]
  File "/home/ryedida/bbo_challenge_starter_kit/example_submissions/smoothness/optimizer.py", line 109, in <listcomp>
    betas = [self._get_smoothness_reg(guess) for guess in guesses]
  File "/home/ryedida/bbo_challenge_starter_kit/example_submissions/smoothness/optimizer.py", line 49, in _get_smoothness_reg
    if activ > Kz:
NameError: name 'activ' is not defined
suggestion time taken 0.322318 iter 9 next_points [{'alpha': 0.003038201703548971, 'batch_size': 41, 'beta_1': 0.9874674765347664, 'beta_2': 0.9999950960216896, 'epsilon': 3.986935402739716e-09, 'hidden_layer_sizes': 83, 'learning_rate_init': 0.002199086753174744, 'tol': 0.0005292848236284554, 'validation_fraction': 0.8743602229364589}]
/home/ryedida/.local/lib/python3.9/site-packages/sklearn/neural_network/_multilayer_perceptron.py:686: ConvergenceWarning: Stochastic Optimizer: Maximum iterations (200) reached and the optimization hasn't converged yet.
  warnings.warn(

function_evaluation time 0.659165 value 26116.444537 suggestion {'alpha': 0.003038201703548971, 'batch_size': 41, 'beta_1': 0.9874674765347664, 'beta_2': 0.9999950960216896, 'epsilon': 3.986935402739716e-09, 'hidden_layer_sizes': 83, 'learning_rate_init': 0.002199086753174744, 'tol': 0.0005292848236284554, 'validation_fraction': 0.8743602229364589}
observation time 0.000006, current best 3066.219512 at iter 9
Failure in optimizer suggest. Falling back to random search.
name 'activ' is not defined
Traceback (most recent call last):
  File "/home/ryedida/.local/lib/python3.9/site-packages/bayesmark/experiment.py", line 126, in run_study
    next_points = optimizer.suggest(n_suggestions)
  File "/home/ryedida/bbo_challenge_starter_kit/example_submissions/smoothness/optimizer.py", line 109, in suggest
    betas = [self._get_smoothness_reg(guess) for guess in guesses]
  File "/home/ryedida/bbo_challenge_starter_kit/example_submissions/smoothness/optimizer.py", line 109, in <listcomp>
    betas = [self._get_smoothness_reg(guess) for guess in guesses]
  File "/home/ryedida/bbo_challenge_starter_kit/example_submissions/smoothness/optimizer.py", line 49, in _get_smoothness_reg
    if activ > Kz:
NameError: name 'activ' is not defined
suggestion time taken 0.323115 iter 10 next_points [{'alpha': 0.020276329719363963, 'batch_size': 57, 'beta_1': 0.987389364588683, 'beta_2': 0.9998427596889548, 'epsilon': 9.287281907939736e-09, 'hidden_layer_sizes': 109, 'learning_rate_init': 1.741429530721386e-05, 'tol': 0.03185461310683032, 'validation_fraction': 0.14472462887819448}]
function_evaluation time 0.076833 value 29088.602186 suggestion {'alpha': 0.020276329719363963, 'batch_size': 57, 'beta_1': 0.987389364588683, 'beta_2': 0.9998427596889548, 'epsilon': 9.287281907939736e-09, 'hidden_layer_sizes': 109, 'learning_rate_init': 1.741429530721386e-05, 'tol': 0.03185461310683032, 'validation_fraction': 0.14472462887819448}
observation time 0.000005, current best 3066.219512 at iter 10
Failure in optimizer suggest. Falling back to random search.
name 'activ' is not defined
Traceback (most recent call last):
  File "/home/ryedida/.local/lib/python3.9/site-packages/bayesmark/experiment.py", line 126, in run_study
    next_points = optimizer.suggest(n_suggestions)
  File "/home/ryedida/bbo_challenge_starter_kit/example_submissions/smoothness/optimizer.py", line 109, in suggest
    betas = [self._get_smoothness_reg(guess) for guess in guesses]
  File "/home/ryedida/bbo_challenge_starter_kit/example_submissions/smoothness/optimizer.py", line 109, in <listcomp>
    betas = [self._get_smoothness_reg(guess) for guess in guesses]
  File "/home/ryedida/bbo_challenge_starter_kit/example_submissions/smoothness/optimizer.py", line 49, in _get_smoothness_reg
    if activ > Kz:
NameError: name 'activ' is not defined
suggestion time taken 0.322130 iter 11 next_points [{'alpha': 0.06397994859211166, 'batch_size': 69, 'beta_1': 0.5384532582850461, 'beta_2': 0.9993031866406253, 'epsilon': 6.653732529842762e-07, 'hidden_layer_sizes': 74, 'learning_rate_init': 0.0009037967308722587, 'tol': 1.8642733436835417e-05, 'validation_fraction': 0.7003042679220272}]
/home/ryedida/.local/lib/python3.9/site-packages/sklearn/neural_network/_multilayer_perceptron.py:686: ConvergenceWarning: Stochastic Optimizer: Maximum iterations (200) reached and the optimization hasn't converged yet.
  warnings.warn(

function_evaluation time 0.842834 value 25718.644264 suggestion {'alpha': 0.06397994859211166, 'batch_size': 69, 'beta_1': 0.5384532582850461, 'beta_2': 0.9993031866406253, 'epsilon': 6.653732529842762e-07, 'hidden_layer_sizes': 74, 'learning_rate_init': 0.0009037967308722587, 'tol': 1.8642733436835417e-05, 'validation_fraction': 0.7003042679220272}
observation time 0.000006, current best 3066.219512 at iter 11
Failure in optimizer suggest. Falling back to random search.
name 'activ' is not defined
Traceback (most recent call last):
  File "/home/ryedida/.local/lib/python3.9/site-packages/bayesmark/experiment.py", line 126, in run_study
    next_points = optimizer.suggest(n_suggestions)
  File "/home/ryedida/bbo_challenge_starter_kit/example_submissions/smoothness/optimizer.py", line 109, in suggest
    betas = [self._get_smoothness_reg(guess) for guess in guesses]
  File "/home/ryedida/bbo_challenge_starter_kit/example_submissions/smoothness/optimizer.py", line 109, in <listcomp>
    betas = [self._get_smoothness_reg(guess) for guess in guesses]
  File "/home/ryedida/bbo_challenge_starter_kit/example_submissions/smoothness/optimizer.py", line 49, in _get_smoothness_reg
    if activ > Kz:
NameError: name 'activ' is not defined
suggestion time taken 0.322825 iter 12 next_points [{'alpha': 2.2504188668406293, 'batch_size': 68, 'beta_1': 0.7856521858968143, 'beta_2': 0.9986847739935806, 'epsilon': 9.654437963064176e-09, 'hidden_layer_sizes': 154, 'learning_rate_init': 0.0009336724945637662, 'tol': 2.5781009331982276e-05, 'validation_fraction': 0.31860709844550883}]
/home/ryedida/.local/lib/python3.9/site-packages/sklearn/neural_network/_multilayer_perceptron.py:686: ConvergenceWarning: Stochastic Optimizer: Maximum iterations (200) reached and the optimization hasn't converged yet.
  warnings.warn(

function_evaluation time 1.449064 value 15478.682321 suggestion {'alpha': 2.2504188668406293, 'batch_size': 68, 'beta_1': 0.7856521858968143, 'beta_2': 0.9986847739935806, 'epsilon': 9.654437963064176e-09, 'hidden_layer_sizes': 154, 'learning_rate_init': 0.0009336724945637662, 'tol': 2.5781009331982276e-05, 'validation_fraction': 0.31860709844550883}
observation time 0.000005, current best 3066.219512 at iter 12
Failure in optimizer suggest. Falling back to random search.
name 'activ' is not defined
Traceback (most recent call last):
  File "/home/ryedida/.local/lib/python3.9/site-packages/bayesmark/experiment.py", line 126, in run_study
    next_points = optimizer.suggest(n_suggestions)
  File "/home/ryedida/bbo_challenge_starter_kit/example_submissions/smoothness/optimizer.py", line 109, in suggest
    betas = [self._get_smoothness_reg(guess) for guess in guesses]
  File "/home/ryedida/bbo_challenge_starter_kit/example_submissions/smoothness/optimizer.py", line 109, in <listcomp>
    betas = [self._get_smoothness_reg(guess) for guess in guesses]
  File "/home/ryedida/bbo_challenge_starter_kit/example_submissions/smoothness/optimizer.py", line 49, in _get_smoothness_reg
    if activ > Kz:
NameError: name 'activ' is not defined
suggestion time taken 0.323008 iter 13 next_points [{'alpha': 3.0478381048027084e-05, 'batch_size': 242, 'beta_1': 0.9431281938093152, 'beta_2': 0.9999586310861475, 'epsilon': 6.760241840327716e-07, 'hidden_layer_sizes': 86, 'learning_rate_init': 4.2458896395410406e-05, 'tol': 0.01937554582489091, 'validation_fraction': 0.6488094951575746}]
/home/ryedida/.local/lib/python3.9/site-packages/sklearn/neural_network/_multilayer_perceptron.py:605: UserWarning: Got `batch_size` less than 1 or larger than sample size. It is going to be clipped
  warnings.warn(

function_evaluation time 0.049950 value 29066.738134 suggestion {'alpha': 3.0478381048027084e-05, 'batch_size': 242, 'beta_1': 0.9431281938093152, 'beta_2': 0.9999586310861475, 'epsilon': 6.760241840327716e-07, 'hidden_layer_sizes': 86, 'learning_rate_init': 4.2458896395410406e-05, 'tol': 0.01937554582489091, 'validation_fraction': 0.6488094951575746}
observation time 0.000005, current best 3066.219512 at iter 13
Failure in optimizer suggest. Falling back to random search.
name 'activ' is not defined
Traceback (most recent call last):
  File "/home/ryedida/.local/lib/python3.9/site-packages/bayesmark/experiment.py", line 126, in run_study
    next_points = optimizer.suggest(n_suggestions)
  File "/home/ryedida/bbo_challenge_starter_kit/example_submissions/smoothness/optimizer.py", line 109, in suggest
    betas = [self._get_smoothness_reg(guess) for guess in guesses]
  File "/home/ryedida/bbo_challenge_starter_kit/example_submissions/smoothness/optimizer.py", line 109, in <listcomp>
    betas = [self._get_smoothness_reg(guess) for guess in guesses]
  File "/home/ryedida/bbo_challenge_starter_kit/example_submissions/smoothness/optimizer.py", line 49, in _get_smoothness_reg
    if activ > Kz:
NameError: name 'activ' is not defined
suggestion time taken 0.328384 iter 14 next_points [{'alpha': 0.013708612903793188, 'batch_size': 211, 'beta_1': 0.9012550172795504, 'beta_2': 0.9974500777960918, 'epsilon': 2.3800245462989756e-09, 'hidden_layer_sizes': 156, 'learning_rate_init': 0.002867571147547, 'tol': 0.00010647229291060339, 'validation_fraction': 0.3245596778446075}]
/home/ryedida/.local/lib/python3.9/site-packages/sklearn/neural_network/_multilayer_perceptron.py:686: ConvergenceWarning: Stochastic Optimizer: Maximum iterations (200) reached and the optimization hasn't converged yet.
  warnings.warn(

function_evaluation time 1.010817 value 16580.478346 suggestion {'alpha': 0.013708612903793188, 'batch_size': 211, 'beta_1': 0.9012550172795504, 'beta_2': 0.9974500777960918, 'epsilon': 2.3800245462989756e-09, 'hidden_layer_sizes': 156, 'learning_rate_init': 0.002867571147547, 'tol': 0.00010647229291060339, 'validation_fraction': 0.3245596778446075}
observation time 0.000006, current best 3066.219512 at iter 14
saving meta data: {'args': {'--uuid': 'd9c9edb843975305bb7060d0e0f0e764', '-db-root': '/home/ryedida/bbo_challenge_starter_kit/output', '--opt-root': '/home/ryedida/bbo_challenge_starter_kit/example_submissions', '--data-root': None, '--db': 'run_20230427_004608', '--opt': 'smoothness', '--data': 'diabetes', '--classifier': 'MLP-adam', '--metric': 'mse', '--calls': 15, '--suggestions': 1, '--jobs-file': None, '--verbose': False, 'dry_run': False, 'rev': 'a376313', 'opt_rev': 'x.x.x'}, 'signature': ([{'alpha': 0.019628224813442792, 'batch_size': 182, 'beta_1': 0.9410202200271762, 'beta_2': 0.9998021557676793, 'epsilon': 1.8662266976518e-08, 'hidden_layer_sizes': 147, 'learning_rate_init': 0.0005627932047415167, 'tol': 0.03690557729213761, 'validation_fraction': 0.8846827852548593}, {'alpha': 0.0019982467392329444, 'batch_size': 200, 'beta_1': 0.919111482530466, 'beta_2': 0.9998488260436156, 'epsilon': 5.981221901152555e-07, 'hidden_layer_sizes': 61, 'learning_rate_init': 2.2310905607443014e-05, 'tol': 1.2046852412030316e-05, 'validation_fraction': 0.8117896445826539}, {'alpha': 0.46659545670218433, 'batch_size': 219, 'beta_1': 0.9889789783750891, 'beta_2': 0.9999896868093284, 'epsilon': 2.4234724484675948e-08, 'hidden_layer_sizes': 167, 'learning_rate_init': 2.972334644335654e-05, 'tol': 0.0036281404040243792, 'validation_fraction': 0.17260651658522078}, {'alpha': 4.656005689076002, 'batch_size': 135, 'beta_1': 0.870503881627747, 'beta_2': 0.9948873266941017, 'epsilon': 2.1023308743480125e-07, 'hidden_layer_sizes': 118, 'learning_rate_init': 0.0018781738757161913, 'tol': 1.1889379831773004e-05, 'validation_fraction': 0.6264327093752792}, {'alpha': 0.04705159350400542, 'batch_size': 158, 'beta_1': 0.9870884262730957, 'beta_2': 0.9999596874382349, 'epsilon': 1.1981845126013875e-08, 'hidden_layer_sizes': 116, 'learning_rate_init': 0.00617340520407431, 'tol': 1.741413418158619e-05, 'validation_fraction': 0.6754299026638921}], [29083.993548572587, 29062.423277324073, 29075.78987471409, 24626.32866834337, 9584.226858493177])}
saving results
saving timing
saving suggest log
done
