running: {'--uuid': 'e2a5e4ad03dd5dcaa18ecf5a5318266a', '-db-root': '/home/ryedida/bbo_challenge_starter_kit/output', '--opt-root': '/home/ryedida/bbo_challenge_starter_kit/example_submissions', '--data-root': None, '--db': 'run_20230427_004608', '--opt': 'smoothness', '--data': 'diabetes', '--classifier': 'MLP-adam', '--metric': 'mae', '--calls': 15, '--suggestions': 1, '--jobs-file': None, '--verbose': False, 'dry_run': False, 'rev': 'a376313', 'opt_rev': 'x.x.x'}
cmd: python smoothness/optimizer.py -c MLP-adam -d diabetes -o smoothness -u e2a5e4ad03dd5dcaa18ecf5a5318266a -m mae -n 15 -p 1 -dir /home/ryedida/bbo_challenge_starter_kit/output -b run_20230427_004608
/home/ryedida/.local/lib/python3.9/site-packages/sklearn/neural_network/_multilayer_perceptron.py:605: UserWarning: Got `batch_size` less than 1 or larger than sample size. It is going to be clipped
  warnings.warn(

/home/ryedida/.local/lib/python3.9/site-packages/sklearn/neural_network/_multilayer_perceptron.py:605: UserWarning: Got `batch_size` less than 1 or larger than sample size. It is going to be clipped
  warnings.warn(

/home/ryedida/.local/lib/python3.9/site-packages/sklearn/neural_network/_multilayer_perceptron.py:605: UserWarning: Got `batch_size` less than 1 or larger than sample size. It is going to be clipped
  warnings.warn(

/home/ryedida/.local/lib/python3.9/site-packages/sklearn/neural_network/_multilayer_perceptron.py:686: ConvergenceWarning: Stochastic Optimizer: Maximum iterations (200) reached and the optimization hasn't converged yet.
  warnings.warn(

/home/ryedida/.local/lib/python3.9/site-packages/sklearn/neural_network/_multilayer_perceptron.py:605: UserWarning: Got `batch_size` less than 1 or larger than sample size. It is going to be clipped
  warnings.warn(

/home/ryedida/.local/lib/python3.9/site-packages/sklearn/neural_network/_multilayer_perceptron.py:686: ConvergenceWarning: Stochastic Optimizer: Maximum iterations (200) reached and the optimization hasn't converged yet.
  warnings.warn(

computed signature: ([{'alpha': 0.019628224813442792, 'batch_size': 182, 'beta_1': 0.9410202200271762, 'beta_2': 0.9998021557676793, 'epsilon': 1.8662266976518e-08, 'hidden_layer_sizes': 147, 'learning_rate_init': 0.0005627932047415167, 'tol': 0.03690557729213761, 'validation_fraction': 0.8846827852548593}, {'alpha': 0.0019982467392329444, 'batch_size': 200, 'beta_1': 0.919111482530466, 'beta_2': 0.9998488260436156, 'epsilon': 5.981221901152555e-07, 'hidden_layer_sizes': 61, 'learning_rate_init': 2.2310905607443014e-05, 'tol': 1.2046852412030316e-05, 'validation_fraction': 0.8117896445826539}, {'alpha': 0.46659545670218433, 'batch_size': 219, 'beta_1': 0.9889789783750891, 'beta_2': 0.9999896868093284, 'epsilon': 2.4234724484675948e-08, 'hidden_layer_sizes': 167, 'learning_rate_init': 2.972334644335654e-05, 'tol': 0.0036281404040243792, 'validation_fraction': 0.17260651658522078}, {'alpha': 4.656005689076002, 'batch_size': 135, 'beta_1': 0.870503881627747, 'beta_2': 0.9948873266941017, 'epsilon': 2.1023308743480125e-07, 'hidden_layer_sizes': 118, 'learning_rate_init': 0.0018781738757161913, 'tol': 1.1889379831773004e-05, 'validation_fraction': 0.6264327093752792}, {'alpha': 0.04705159350400542, 'batch_size': 158, 'beta_1': 0.9870884262730957, 'beta_2': 0.9999596874382349, 'epsilon': 1.1981845126013875e-08, 'hidden_layer_sizes': 116, 'learning_rate_init': 0.00617340520407431, 'tol': 1.741413418158619e-05, 'validation_fraction': 0.6754299026638921}], [151.4971925380264, 151.42763539278994, 151.47026299046811, 136.86202504264318, 75.2055865763391])
Signature errors:
                                  0             1             2         3         4       max
MLP-adam_diabetes_mae  1.919244e-08  6.198704e-08  7.624578e-09  0.000007  0.000034  0.000034
max                    1.919244e-08  6.198704e-08  7.624578e-09  0.000007  0.000034  0.000034
starting sklearn study smoothness MLP-adam diabetes mae 15 1
with data root: None
Failure in optimizer suggest. Falling back to random search.
name 'activ' is not defined
Traceback (most recent call last):
  File "/home/ryedida/.local/lib/python3.9/site-packages/bayesmark/experiment.py", line 126, in run_study
    next_points = optimizer.suggest(n_suggestions)
  File "/home/ryedida/bbo_challenge_starter_kit/example_submissions/smoothness/optimizer.py", line 109, in suggest
    betas = [self._get_smoothness_reg(guess) for guess in guesses]
  File "/home/ryedida/bbo_challenge_starter_kit/example_submissions/smoothness/optimizer.py", line 109, in <listcomp>
    betas = [self._get_smoothness_reg(guess) for guess in guesses]
  File "/home/ryedida/bbo_challenge_starter_kit/example_submissions/smoothness/optimizer.py", line 49, in _get_smoothness_reg
    if activ > Kz:
NameError: name 'activ' is not defined
suggestion time taken 0.497652 iter 0 next_points [{'alpha': 1.0761221546992001, 'batch_size': 229, 'beta_1': 0.8185642121460599, 'beta_2': 0.9999522276125982, 'epsilon': 3.473058889523432e-07, 'hidden_layer_sizes': 69, 'learning_rate_init': 3.924335779193705e-05, 'tol': 7.104820188114845e-05, 'validation_fraction': 0.7671761471036146}]
/home/ryedida/.local/lib/python3.9/site-packages/sklearn/neural_network/_multilayer_perceptron.py:605: UserWarning: Got `batch_size` less than 1 or larger than sample size. It is going to be clipped
  warnings.warn(

function_evaluation time 0.044535 value 151.577700 suggestion {'alpha': 1.0761221546992001, 'batch_size': 229, 'beta_1': 0.8185642121460599, 'beta_2': 0.9999522276125982, 'epsilon': 3.473058889523432e-07, 'hidden_layer_sizes': 69, 'learning_rate_init': 3.924335779193705e-05, 'tol': 7.104820188114845e-05, 'validation_fraction': 0.7671761471036146}
observation time 0.000007, current best 151.577700 at iter 0
Failure in optimizer suggest. Falling back to random search.
name 'activ' is not defined
Traceback (most recent call last):
  File "/home/ryedida/.local/lib/python3.9/site-packages/bayesmark/experiment.py", line 126, in run_study
    next_points = optimizer.suggest(n_suggestions)
  File "/home/ryedida/bbo_challenge_starter_kit/example_submissions/smoothness/optimizer.py", line 109, in suggest
    betas = [self._get_smoothness_reg(guess) for guess in guesses]
  File "/home/ryedida/bbo_challenge_starter_kit/example_submissions/smoothness/optimizer.py", line 109, in <listcomp>
    betas = [self._get_smoothness_reg(guess) for guess in guesses]
  File "/home/ryedida/bbo_challenge_starter_kit/example_submissions/smoothness/optimizer.py", line 49, in _get_smoothness_reg
    if activ > Kz:
NameError: name 'activ' is not defined
suggestion time taken 0.332685 iter 1 next_points [{'alpha': 0.1498765248238971, 'batch_size': 66, 'beta_1': 0.9144664430093954, 'beta_2': 0.9991043938223503, 'epsilon': 1.5831145771373898e-07, 'hidden_layer_sizes': 152, 'learning_rate_init': 0.0016722713547515056, 'tol': 0.004881607751430827, 'validation_fraction': 0.35902722446480095}]
function_evaluation time 0.964123 value 97.015359 suggestion {'alpha': 0.1498765248238971, 'batch_size': 66, 'beta_1': 0.9144664430093954, 'beta_2': 0.9991043938223503, 'epsilon': 1.5831145771373898e-07, 'hidden_layer_sizes': 152, 'learning_rate_init': 0.0016722713547515056, 'tol': 0.004881607751430827, 'validation_fraction': 0.35902722446480095}
observation time 0.000006, current best 97.015359 at iter 1
Failure in optimizer suggest. Falling back to random search.
name 'activ' is not defined
Traceback (most recent call last):
  File "/home/ryedida/.local/lib/python3.9/site-packages/bayesmark/experiment.py", line 126, in run_study
    next_points = optimizer.suggest(n_suggestions)
  File "/home/ryedida/bbo_challenge_starter_kit/example_submissions/smoothness/optimizer.py", line 109, in suggest
    betas = [self._get_smoothness_reg(guess) for guess in guesses]
  File "/home/ryedida/bbo_challenge_starter_kit/example_submissions/smoothness/optimizer.py", line 109, in <listcomp>
    betas = [self._get_smoothness_reg(guess) for guess in guesses]
  File "/home/ryedida/bbo_challenge_starter_kit/example_submissions/smoothness/optimizer.py", line 49, in _get_smoothness_reg
    if activ > Kz:
NameError: name 'activ' is not defined
suggestion time taken 0.339947 iter 2 next_points [{'alpha': 0.07443766611811432, 'batch_size': 88, 'beta_1': 0.9623915570726318, 'beta_2': 0.9965576376536697, 'epsilon': 8.8834794567213e-07, 'hidden_layer_sizes': 167, 'learning_rate_init': 0.00406385129308904, 'tol': 0.015911250684300264, 'validation_fraction': 0.7815341997418308}]
/home/ryedida/.local/lib/python3.9/site-packages/sklearn/neural_network/_multilayer_perceptron.py:605: UserWarning: Got `batch_size` less than 1 or larger than sample size. It is going to be clipped
  warnings.warn(

function_evaluation time 0.058245 value 150.564097 suggestion {'alpha': 0.07443766611811432, 'batch_size': 88, 'beta_1': 0.9623915570726318, 'beta_2': 0.9965576376536697, 'epsilon': 8.8834794567213e-07, 'hidden_layer_sizes': 167, 'learning_rate_init': 0.00406385129308904, 'tol': 0.015911250684300264, 'validation_fraction': 0.7815341997418308}
observation time 0.000006, current best 97.015359 at iter 2
Failure in optimizer suggest. Falling back to random search.
name 'activ' is not defined
Traceback (most recent call last):
  File "/home/ryedida/.local/lib/python3.9/site-packages/bayesmark/experiment.py", line 126, in run_study
    next_points = optimizer.suggest(n_suggestions)
  File "/home/ryedida/bbo_challenge_starter_kit/example_submissions/smoothness/optimizer.py", line 109, in suggest
    betas = [self._get_smoothness_reg(guess) for guess in guesses]
  File "/home/ryedida/bbo_challenge_starter_kit/example_submissions/smoothness/optimizer.py", line 109, in <listcomp>
    betas = [self._get_smoothness_reg(guess) for guess in guesses]
  File "/home/ryedida/bbo_challenge_starter_kit/example_submissions/smoothness/optimizer.py", line 49, in _get_smoothness_reg
    if activ > Kz:
NameError: name 'activ' is not defined
suggestion time taken 0.326353 iter 3 next_points [{'alpha': 0.19829298885006533, 'batch_size': 130, 'beta_1': 0.9699721994871676, 'beta_2': 0.9999964983546303, 'epsilon': 6.051044431852763e-09, 'hidden_layer_sizes': 77, 'learning_rate_init': 0.002052393062225342, 'tol': 0.001036436240530191, 'validation_fraction': 0.525895634517938}]
/home/ryedida/.local/lib/python3.9/site-packages/sklearn/neural_network/_multilayer_perceptron.py:686: ConvergenceWarning: Stochastic Optimizer: Maximum iterations (200) reached and the optimization hasn't converged yet.
  warnings.warn(

function_evaluation time 0.870961 value 109.011720 suggestion {'alpha': 0.19829298885006533, 'batch_size': 130, 'beta_1': 0.9699721994871676, 'beta_2': 0.9999964983546303, 'epsilon': 6.051044431852763e-09, 'hidden_layer_sizes': 77, 'learning_rate_init': 0.002052393062225342, 'tol': 0.001036436240530191, 'validation_fraction': 0.525895634517938}
observation time 0.000006, current best 97.015359 at iter 3
Failure in optimizer suggest. Falling back to random search.
name 'activ' is not defined
Traceback (most recent call last):
  File "/home/ryedida/.local/lib/python3.9/site-packages/bayesmark/experiment.py", line 126, in run_study
    next_points = optimizer.suggest(n_suggestions)
  File "/home/ryedida/bbo_challenge_starter_kit/example_submissions/smoothness/optimizer.py", line 109, in suggest
    betas = [self._get_smoothness_reg(guess) for guess in guesses]
  File "/home/ryedida/bbo_challenge_starter_kit/example_submissions/smoothness/optimizer.py", line 109, in <listcomp>
    betas = [self._get_smoothness_reg(guess) for guess in guesses]
  File "/home/ryedida/bbo_challenge_starter_kit/example_submissions/smoothness/optimizer.py", line 49, in _get_smoothness_reg
    if activ > Kz:
NameError: name 'activ' is not defined
suggestion time taken 0.332154 iter 4 next_points [{'alpha': 2.055199513313176, 'batch_size': 159, 'beta_1': 0.567179077354009, 'beta_2': 0.9999617536006682, 'epsilon': 7.241500345462539e-08, 'hidden_layer_sizes': 172, 'learning_rate_init': 1.9723107544164164e-05, 'tol': 0.043448949804398326, 'validation_fraction': 0.6830987867827955}]
/home/ryedida/.local/lib/python3.9/site-packages/sklearn/neural_network/_multilayer_perceptron.py:605: UserWarning: Got `batch_size` less than 1 or larger than sample size. It is going to be clipped
  warnings.warn(

function_evaluation time 0.060680 value 151.561958 suggestion {'alpha': 2.055199513313176, 'batch_size': 159, 'beta_1': 0.567179077354009, 'beta_2': 0.9999617536006682, 'epsilon': 7.241500345462539e-08, 'hidden_layer_sizes': 172, 'learning_rate_init': 1.9723107544164164e-05, 'tol': 0.043448949804398326, 'validation_fraction': 0.6830987867827955}
observation time 0.000006, current best 97.015359 at iter 4
Failure in optimizer suggest. Falling back to random search.
name 'activ' is not defined
Traceback (most recent call last):
  File "/home/ryedida/.local/lib/python3.9/site-packages/bayesmark/experiment.py", line 126, in run_study
    next_points = optimizer.suggest(n_suggestions)
  File "/home/ryedida/bbo_challenge_starter_kit/example_submissions/smoothness/optimizer.py", line 109, in suggest
    betas = [self._get_smoothness_reg(guess) for guess in guesses]
  File "/home/ryedida/bbo_challenge_starter_kit/example_submissions/smoothness/optimizer.py", line 109, in <listcomp>
    betas = [self._get_smoothness_reg(guess) for guess in guesses]
  File "/home/ryedida/bbo_challenge_starter_kit/example_submissions/smoothness/optimizer.py", line 49, in _get_smoothness_reg
    if activ > Kz:
NameError: name 'activ' is not defined
suggestion time taken 0.331718 iter 5 next_points [{'alpha': 0.05255138176667748, 'batch_size': 52, 'beta_1': 0.9696497872908602, 'beta_2': 0.9992877633027631, 'epsilon': 8.541905924021515e-07, 'hidden_layer_sizes': 185, 'learning_rate_init': 8.495720039144101e-05, 'tol': 0.0004535980399570661, 'validation_fraction': 0.4360244559129193}]
function_evaluation time 0.115429 value 151.540051 suggestion {'alpha': 0.05255138176667748, 'batch_size': 52, 'beta_1': 0.9696497872908602, 'beta_2': 0.9992877633027631, 'epsilon': 8.541905924021515e-07, 'hidden_layer_sizes': 185, 'learning_rate_init': 8.495720039144101e-05, 'tol': 0.0004535980399570661, 'validation_fraction': 0.4360244559129193}
observation time 0.000006, current best 97.015359 at iter 5
Failure in optimizer suggest. Falling back to random search.
name 'activ' is not defined
Traceback (most recent call last):
  File "/home/ryedida/.local/lib/python3.9/site-packages/bayesmark/experiment.py", line 126, in run_study
    next_points = optimizer.suggest(n_suggestions)
  File "/home/ryedida/bbo_challenge_starter_kit/example_submissions/smoothness/optimizer.py", line 109, in suggest
    betas = [self._get_smoothness_reg(guess) for guess in guesses]
  File "/home/ryedida/bbo_challenge_starter_kit/example_submissions/smoothness/optimizer.py", line 109, in <listcomp>
    betas = [self._get_smoothness_reg(guess) for guess in guesses]
  File "/home/ryedida/bbo_challenge_starter_kit/example_submissions/smoothness/optimizer.py", line 49, in _get_smoothness_reg
    if activ > Kz:
NameError: name 'activ' is not defined
suggestion time taken 0.328945 iter 6 next_points [{'alpha': 0.04603805864554513, 'batch_size': 172, 'beta_1': 0.950956706842632, 'beta_2': 0.9911373392790036, 'epsilon': 2.243232014971847e-07, 'hidden_layer_sizes': 162, 'learning_rate_init': 0.007535622671297578, 'tol': 0.002134294419290728, 'validation_fraction': 0.7990126955427428}]
/home/ryedida/.local/lib/python3.9/site-packages/sklearn/neural_network/_multilayer_perceptron.py:605: UserWarning: Got `batch_size` less than 1 or larger than sample size. It is going to be clipped
  warnings.warn(

function_evaluation time 0.742145 value 53.501580 suggestion {'alpha': 0.04603805864554513, 'batch_size': 172, 'beta_1': 0.950956706842632, 'beta_2': 0.9911373392790036, 'epsilon': 2.243232014971847e-07, 'hidden_layer_sizes': 162, 'learning_rate_init': 0.007535622671297578, 'tol': 0.002134294419290728, 'validation_fraction': 0.7990126955427428}
observation time 0.000005, current best 53.501580 at iter 6
Failure in optimizer suggest. Falling back to random search.
name 'activ' is not defined
Traceback (most recent call last):
  File "/home/ryedida/.local/lib/python3.9/site-packages/bayesmark/experiment.py", line 126, in run_study
    next_points = optimizer.suggest(n_suggestions)
  File "/home/ryedida/bbo_challenge_starter_kit/example_submissions/smoothness/optimizer.py", line 109, in suggest
    betas = [self._get_smoothness_reg(guess) for guess in guesses]
  File "/home/ryedida/bbo_challenge_starter_kit/example_submissions/smoothness/optimizer.py", line 109, in <listcomp>
    betas = [self._get_smoothness_reg(guess) for guess in guesses]
  File "/home/ryedida/bbo_challenge_starter_kit/example_submissions/smoothness/optimizer.py", line 49, in _get_smoothness_reg
    if activ > Kz:
NameError: name 'activ' is not defined
suggestion time taken 0.462808 iter 7 next_points [{'alpha': 0.0005062145971925406, 'batch_size': 65, 'beta_1': 0.9816935782396069, 'beta_2': 0.9937746954339728, 'epsilon': 5.620853516329188e-07, 'hidden_layer_sizes': 165, 'learning_rate_init': 0.00015991237336237385, 'tol': 4.937457387210857e-05, 'validation_fraction': 0.36015247949170726}]
/home/ryedida/.local/lib/python3.9/site-packages/sklearn/neural_network/_multilayer_perceptron.py:686: ConvergenceWarning: Stochastic Optimizer: Maximum iterations (200) reached and the optimization hasn't converged yet.
  warnings.warn(

function_evaluation time 1.502551 value 149.413981 suggestion {'alpha': 0.0005062145971925406, 'batch_size': 65, 'beta_1': 0.9816935782396069, 'beta_2': 0.9937746954339728, 'epsilon': 5.620853516329188e-07, 'hidden_layer_sizes': 165, 'learning_rate_init': 0.00015991237336237385, 'tol': 4.937457387210857e-05, 'validation_fraction': 0.36015247949170726}
observation time 0.000006, current best 53.501580 at iter 7
Failure in optimizer suggest. Falling back to random search.
name 'activ' is not defined
Traceback (most recent call last):
  File "/home/ryedida/.local/lib/python3.9/site-packages/bayesmark/experiment.py", line 126, in run_study
    next_points = optimizer.suggest(n_suggestions)
  File "/home/ryedida/bbo_challenge_starter_kit/example_submissions/smoothness/optimizer.py", line 109, in suggest
    betas = [self._get_smoothness_reg(guess) for guess in guesses]
  File "/home/ryedida/bbo_challenge_starter_kit/example_submissions/smoothness/optimizer.py", line 109, in <listcomp>
    betas = [self._get_smoothness_reg(guess) for guess in guesses]
  File "/home/ryedida/bbo_challenge_starter_kit/example_submissions/smoothness/optimizer.py", line 49, in _get_smoothness_reg
    if activ > Kz:
NameError: name 'activ' is not defined
suggestion time taken 0.327744 iter 8 next_points [{'alpha': 0.00014812318881127673, 'batch_size': 54, 'beta_1': 0.9817736317824752, 'beta_2': 0.9999550686669861, 'epsilon': 2.3496223038597474e-08, 'hidden_layer_sizes': 193, 'learning_rate_init': 0.015520988419086014, 'tol': 0.039813101827565874, 'validation_fraction': 0.2509046120907913}]
function_evaluation time 0.311162 value 55.515561 suggestion {'alpha': 0.00014812318881127673, 'batch_size': 54, 'beta_1': 0.9817736317824752, 'beta_2': 0.9999550686669861, 'epsilon': 2.3496223038597474e-08, 'hidden_layer_sizes': 193, 'learning_rate_init': 0.015520988419086014, 'tol': 0.039813101827565874, 'validation_fraction': 0.2509046120907913}
observation time 0.000006, current best 53.501580 at iter 8
Failure in optimizer suggest. Falling back to random search.
name 'activ' is not defined
Traceback (most recent call last):
  File "/home/ryedida/.local/lib/python3.9/site-packages/bayesmark/experiment.py", line 126, in run_study
    next_points = optimizer.suggest(n_suggestions)
  File "/home/ryedida/bbo_challenge_starter_kit/example_submissions/smoothness/optimizer.py", line 109, in suggest
    betas = [self._get_smoothness_reg(guess) for guess in guesses]
  File "/home/ryedida/bbo_challenge_starter_kit/example_submissions/smoothness/optimizer.py", line 109, in <listcomp>
    betas = [self._get_smoothness_reg(guess) for guess in guesses]
  File "/home/ryedida/bbo_challenge_starter_kit/example_submissions/smoothness/optimizer.py", line 49, in _get_smoothness_reg
    if activ > Kz:
NameError: name 'activ' is not defined
suggestion time taken 0.313085 iter 9 next_points [{'alpha': 3.0004118034927223e-05, 'batch_size': 216, 'beta_1': 0.8060085919546072, 'beta_2': 0.9997254370445945, 'epsilon': 7.113727844370833e-09, 'hidden_layer_sizes': 163, 'learning_rate_init': 0.0017364192242193507, 'tol': 0.003099265527695285, 'validation_fraction': 0.6449185808830539}]
/home/ryedida/.local/lib/python3.9/site-packages/sklearn/neural_network/_multilayer_perceptron.py:605: UserWarning: Got `batch_size` less than 1 or larger than sample size. It is going to be clipped
  warnings.warn(

function_evaluation time 0.059936 value 151.336783 suggestion {'alpha': 3.0004118034927223e-05, 'batch_size': 216, 'beta_1': 0.8060085919546072, 'beta_2': 0.9997254370445945, 'epsilon': 7.113727844370833e-09, 'hidden_layer_sizes': 163, 'learning_rate_init': 0.0017364192242193507, 'tol': 0.003099265527695285, 'validation_fraction': 0.6449185808830539}
observation time 0.000006, current best 53.501580 at iter 9
Failure in optimizer suggest. Falling back to random search.
name 'activ' is not defined
Traceback (most recent call last):
  File "/home/ryedida/.local/lib/python3.9/site-packages/bayesmark/experiment.py", line 126, in run_study
    next_points = optimizer.suggest(n_suggestions)
  File "/home/ryedida/bbo_challenge_starter_kit/example_submissions/smoothness/optimizer.py", line 109, in suggest
    betas = [self._get_smoothness_reg(guess) for guess in guesses]
  File "/home/ryedida/bbo_challenge_starter_kit/example_submissions/smoothness/optimizer.py", line 109, in <listcomp>
    betas = [self._get_smoothness_reg(guess) for guess in guesses]
  File "/home/ryedida/bbo_challenge_starter_kit/example_submissions/smoothness/optimizer.py", line 49, in _get_smoothness_reg
    if activ > Kz:
NameError: name 'activ' is not defined
suggestion time taken 0.320326 iter 10 next_points [{'alpha': 0.005447573554883833, 'batch_size': 244, 'beta_1': 0.8722692931104664, 'beta_2': 0.9651803368539075, 'epsilon': 2.0214147565062465e-07, 'hidden_layer_sizes': 152, 'learning_rate_init': 0.00014082526427163682, 'tol': 0.09179796506505539, 'validation_fraction': 0.16737986212098507}]
function_evaluation time 0.073364 value 151.608334 suggestion {'alpha': 0.005447573554883833, 'batch_size': 244, 'beta_1': 0.8722692931104664, 'beta_2': 0.9651803368539075, 'epsilon': 2.0214147565062465e-07, 'hidden_layer_sizes': 152, 'learning_rate_init': 0.00014082526427163682, 'tol': 0.09179796506505539, 'validation_fraction': 0.16737986212098507}
observation time 0.000005, current best 53.501580 at iter 10
Failure in optimizer suggest. Falling back to random search.
name 'activ' is not defined
Traceback (most recent call last):
  File "/home/ryedida/.local/lib/python3.9/site-packages/bayesmark/experiment.py", line 126, in run_study
    next_points = optimizer.suggest(n_suggestions)
  File "/home/ryedida/bbo_challenge_starter_kit/example_submissions/smoothness/optimizer.py", line 109, in suggest
    betas = [self._get_smoothness_reg(guess) for guess in guesses]
  File "/home/ryedida/bbo_challenge_starter_kit/example_submissions/smoothness/optimizer.py", line 109, in <listcomp>
    betas = [self._get_smoothness_reg(guess) for guess in guesses]
  File "/home/ryedida/bbo_challenge_starter_kit/example_submissions/smoothness/optimizer.py", line 49, in _get_smoothness_reg
    if activ > Kz:
NameError: name 'activ' is not defined
suggestion time taken 0.319758 iter 11 next_points [{'alpha': 4.581127760765573e-05, 'batch_size': 89, 'beta_1': 0.88140814750922, 'beta_2': 0.9999512116703526, 'epsilon': 8.467956935978994e-08, 'hidden_layer_sizes': 61, 'learning_rate_init': 0.05956185364670666, 'tol': 2.7013815885356926e-05, 'validation_fraction': 0.7947012632378424}]
/home/ryedida/.local/lib/python3.9/site-packages/sklearn/neural_network/_multilayer_perceptron.py:605: UserWarning: Got `batch_size` less than 1 or larger than sample size. It is going to be clipped
  warnings.warn(

function_evaluation time 0.231572 value 50.935591 suggestion {'alpha': 4.581127760765573e-05, 'batch_size': 89, 'beta_1': 0.88140814750922, 'beta_2': 0.9999512116703526, 'epsilon': 8.467956935978994e-08, 'hidden_layer_sizes': 61, 'learning_rate_init': 0.05956185364670666, 'tol': 2.7013815885356926e-05, 'validation_fraction': 0.7947012632378424}
observation time 0.000007, current best 50.935591 at iter 11
Failure in optimizer suggest. Falling back to random search.
name 'activ' is not defined
Traceback (most recent call last):
  File "/home/ryedida/.local/lib/python3.9/site-packages/bayesmark/experiment.py", line 126, in run_study
    next_points = optimizer.suggest(n_suggestions)
  File "/home/ryedida/bbo_challenge_starter_kit/example_submissions/smoothness/optimizer.py", line 109, in suggest
    betas = [self._get_smoothness_reg(guess) for guess in guesses]
  File "/home/ryedida/bbo_challenge_starter_kit/example_submissions/smoothness/optimizer.py", line 109, in <listcomp>
    betas = [self._get_smoothness_reg(guess) for guess in guesses]
  File "/home/ryedida/bbo_challenge_starter_kit/example_submissions/smoothness/optimizer.py", line 49, in _get_smoothness_reg
    if activ > Kz:
NameError: name 'activ' is not defined
suggestion time taken 0.321410 iter 12 next_points [{'alpha': 0.009575233777929803, 'batch_size': 163, 'beta_1': 0.8852583566750278, 'beta_2': 0.9997590420118236, 'epsilon': 1.3197462434253408e-08, 'hidden_layer_sizes': 171, 'learning_rate_init': 0.002108414852632448, 'tol': 0.0011263686611568315, 'validation_fraction': 0.6533122440928928}]
/home/ryedida/.local/lib/python3.9/site-packages/sklearn/neural_network/_multilayer_perceptron.py:605: UserWarning: Got `batch_size` less than 1 or larger than sample size. It is going to be clipped
  warnings.warn(

/home/ryedida/.local/lib/python3.9/site-packages/sklearn/neural_network/_multilayer_perceptron.py:686: ConvergenceWarning: Stochastic Optimizer: Maximum iterations (200) reached and the optimization hasn't converged yet.
  warnings.warn(

function_evaluation time 0.859465 value 123.040337 suggestion {'alpha': 0.009575233777929803, 'batch_size': 163, 'beta_1': 0.8852583566750278, 'beta_2': 0.9997590420118236, 'epsilon': 1.3197462434253408e-08, 'hidden_layer_sizes': 171, 'learning_rate_init': 0.002108414852632448, 'tol': 0.0011263686611568315, 'validation_fraction': 0.6533122440928928}
observation time 0.000005, current best 50.935591 at iter 12
Failure in optimizer suggest. Falling back to random search.
name 'activ' is not defined
Traceback (most recent call last):
  File "/home/ryedida/.local/lib/python3.9/site-packages/bayesmark/experiment.py", line 126, in run_study
    next_points = optimizer.suggest(n_suggestions)
  File "/home/ryedida/bbo_challenge_starter_kit/example_submissions/smoothness/optimizer.py", line 109, in suggest
    betas = [self._get_smoothness_reg(guess) for guess in guesses]
  File "/home/ryedida/bbo_challenge_starter_kit/example_submissions/smoothness/optimizer.py", line 109, in <listcomp>
    betas = [self._get_smoothness_reg(guess) for guess in guesses]
  File "/home/ryedida/bbo_challenge_starter_kit/example_submissions/smoothness/optimizer.py", line 49, in _get_smoothness_reg
    if activ > Kz:
NameError: name 'activ' is not defined
suggestion time taken 0.318806 iter 13 next_points [{'alpha': 0.03288858849562205, 'batch_size': 215, 'beta_1': 0.6512981901070515, 'beta_2': 0.9415262778332216, 'epsilon': 8.643118948311358e-07, 'hidden_layer_sizes': 113, 'learning_rate_init': 0.00024443025893203723, 'tol': 8.218480049457892e-05, 'validation_fraction': 0.8775896075613985}]
/home/ryedida/.local/lib/python3.9/site-packages/sklearn/neural_network/_multilayer_perceptron.py:605: UserWarning: Got `batch_size` less than 1 or larger than sample size. It is going to be clipped
  warnings.warn(

/home/ryedida/.local/lib/python3.9/site-packages/sklearn/neural_network/_multilayer_perceptron.py:686: ConvergenceWarning: Stochastic Optimizer: Maximum iterations (200) reached and the optimization hasn't converged yet.
  warnings.warn(

function_evaluation time 0.668114 value 150.890252 suggestion {'alpha': 0.03288858849562205, 'batch_size': 215, 'beta_1': 0.6512981901070515, 'beta_2': 0.9415262778332216, 'epsilon': 8.643118948311358e-07, 'hidden_layer_sizes': 113, 'learning_rate_init': 0.00024443025893203723, 'tol': 8.218480049457892e-05, 'validation_fraction': 0.8775896075613985}
observation time 0.000007, current best 50.935591 at iter 13
Failure in optimizer suggest. Falling back to random search.
name 'activ' is not defined
Traceback (most recent call last):
  File "/home/ryedida/.local/lib/python3.9/site-packages/bayesmark/experiment.py", line 126, in run_study
    next_points = optimizer.suggest(n_suggestions)
  File "/home/ryedida/bbo_challenge_starter_kit/example_submissions/smoothness/optimizer.py", line 109, in suggest
    betas = [self._get_smoothness_reg(guess) for guess in guesses]
  File "/home/ryedida/bbo_challenge_starter_kit/example_submissions/smoothness/optimizer.py", line 109, in <listcomp>
    betas = [self._get_smoothness_reg(guess) for guess in guesses]
  File "/home/ryedida/bbo_challenge_starter_kit/example_submissions/smoothness/optimizer.py", line 49, in _get_smoothness_reg
    if activ > Kz:
NameError: name 'activ' is not defined
suggestion time taken 0.322558 iter 14 next_points [{'alpha': 1.471184264612665, 'batch_size': 123, 'beta_1': 0.8794563264175379, 'beta_2': 0.9981427859359602, 'epsilon': 1.637075150314134e-08, 'hidden_layer_sizes': 176, 'learning_rate_init': 0.01356048254620255, 'tol': 0.09657277296989611, 'validation_fraction': 0.8547422970270132}]
/home/ryedida/.local/lib/python3.9/site-packages/sklearn/neural_network/_multilayer_perceptron.py:605: UserWarning: Got `batch_size` less than 1 or larger than sample size. It is going to be clipped
  warnings.warn(

function_evaluation time 0.056048 value 147.958475 suggestion {'alpha': 1.471184264612665, 'batch_size': 123, 'beta_1': 0.8794563264175379, 'beta_2': 0.9981427859359602, 'epsilon': 1.637075150314134e-08, 'hidden_layer_sizes': 176, 'learning_rate_init': 0.01356048254620255, 'tol': 0.09657277296989611, 'validation_fraction': 0.8547422970270132}
observation time 0.000006, current best 50.935591 at iter 14
saving meta data: {'args': {'--uuid': 'e2a5e4ad03dd5dcaa18ecf5a5318266a', '-db-root': '/home/ryedida/bbo_challenge_starter_kit/output', '--opt-root': '/home/ryedida/bbo_challenge_starter_kit/example_submissions', '--data-root': None, '--db': 'run_20230427_004608', '--opt': 'smoothness', '--data': 'diabetes', '--classifier': 'MLP-adam', '--metric': 'mae', '--calls': 15, '--suggestions': 1, '--jobs-file': None, '--verbose': False, 'dry_run': False, 'rev': 'a376313', 'opt_rev': 'x.x.x'}, 'signature': ([{'alpha': 0.019628224813442792, 'batch_size': 182, 'beta_1': 0.9410202200271762, 'beta_2': 0.9998021557676793, 'epsilon': 1.8662266976518e-08, 'hidden_layer_sizes': 147, 'learning_rate_init': 0.0005627932047415167, 'tol': 0.03690557729213761, 'validation_fraction': 0.8846827852548593}, {'alpha': 0.0019982467392329444, 'batch_size': 200, 'beta_1': 0.919111482530466, 'beta_2': 0.9998488260436156, 'epsilon': 5.981221901152555e-07, 'hidden_layer_sizes': 61, 'learning_rate_init': 2.2310905607443014e-05, 'tol': 1.2046852412030316e-05, 'validation_fraction': 0.8117896445826539}, {'alpha': 0.46659545670218433, 'batch_size': 219, 'beta_1': 0.9889789783750891, 'beta_2': 0.9999896868093284, 'epsilon': 2.4234724484675948e-08, 'hidden_layer_sizes': 167, 'learning_rate_init': 2.972334644335654e-05, 'tol': 0.0036281404040243792, 'validation_fraction': 0.17260651658522078}, {'alpha': 4.656005689076002, 'batch_size': 135, 'beta_1': 0.870503881627747, 'beta_2': 0.9948873266941017, 'epsilon': 2.1023308743480125e-07, 'hidden_layer_sizes': 118, 'learning_rate_init': 0.0018781738757161913, 'tol': 1.1889379831773004e-05, 'validation_fraction': 0.6264327093752792}, {'alpha': 0.04705159350400542, 'batch_size': 158, 'beta_1': 0.9870884262730957, 'beta_2': 0.9999596874382349, 'epsilon': 1.1981845126013875e-08, 'hidden_layer_sizes': 116, 'learning_rate_init': 0.00617340520407431, 'tol': 1.741413418158619e-05, 'validation_fraction': 0.6754299026638921}], [151.4971925380264, 151.42763539278994, 151.47026299046811, 136.86202504264318, 75.2055865763391])}
saving results
saving timing
saving suggest log
done
