running: {'--uuid': 'e470dc22b5f6530eb39eae202158070f', '-db-root': '/home/ryedida/bbo_challenge_starter_kit/output', '--opt-root': '/home/ryedida/bbo_challenge_starter_kit/example_submissions', '--data-root': None, '--db': 'run_20230427_004608', '--opt': 'smoothness', '--data': 'diabetes', '--classifier': 'MLP-adam', '--metric': 'mse', '--calls': 15, '--suggestions': 1, '--jobs-file': None, '--verbose': False, 'dry_run': False, 'rev': 'a376313', 'opt_rev': 'x.x.x'}
cmd: python smoothness/optimizer.py -c MLP-adam -d diabetes -o smoothness -u e470dc22b5f6530eb39eae202158070f -m mse -n 15 -p 1 -dir /home/ryedida/bbo_challenge_starter_kit/output -b run_20230427_004608
/home/ryedida/.local/lib/python3.9/site-packages/sklearn/neural_network/_multilayer_perceptron.py:605: UserWarning: Got `batch_size` less than 1 or larger than sample size. It is going to be clipped
  warnings.warn(

/home/ryedida/.local/lib/python3.9/site-packages/sklearn/neural_network/_multilayer_perceptron.py:605: UserWarning: Got `batch_size` less than 1 or larger than sample size. It is going to be clipped
  warnings.warn(

/home/ryedida/.local/lib/python3.9/site-packages/sklearn/neural_network/_multilayer_perceptron.py:605: UserWarning: Got `batch_size` less than 1 or larger than sample size. It is going to be clipped
  warnings.warn(

/home/ryedida/.local/lib/python3.9/site-packages/sklearn/neural_network/_multilayer_perceptron.py:686: ConvergenceWarning: Stochastic Optimizer: Maximum iterations (200) reached and the optimization hasn't converged yet.
  warnings.warn(

/home/ryedida/.local/lib/python3.9/site-packages/sklearn/neural_network/_multilayer_perceptron.py:605: UserWarning: Got `batch_size` less than 1 or larger than sample size. It is going to be clipped
  warnings.warn(

/home/ryedida/.local/lib/python3.9/site-packages/sklearn/neural_network/_multilayer_perceptron.py:686: ConvergenceWarning: Stochastic Optimizer: Maximum iterations (200) reached and the optimization hasn't converged yet.
  warnings.warn(

computed signature: ([{'alpha': 0.019628224813442792, 'batch_size': 182, 'beta_1': 0.9410202200271762, 'beta_2': 0.9998021557676793, 'epsilon': 1.8662266976518e-08, 'hidden_layer_sizes': 147, 'learning_rate_init': 0.0005627932047415167, 'tol': 0.03690557729213761, 'validation_fraction': 0.8846827852548593}, {'alpha': 0.0019982467392329444, 'batch_size': 200, 'beta_1': 0.919111482530466, 'beta_2': 0.9998488260436156, 'epsilon': 5.981221901152555e-07, 'hidden_layer_sizes': 61, 'learning_rate_init': 2.2310905607443014e-05, 'tol': 1.2046852412030316e-05, 'validation_fraction': 0.8117896445826539}, {'alpha': 0.46659545670218433, 'batch_size': 219, 'beta_1': 0.9889789783750891, 'beta_2': 0.9999896868093284, 'epsilon': 2.4234724484675948e-08, 'hidden_layer_sizes': 167, 'learning_rate_init': 2.972334644335654e-05, 'tol': 0.0036281404040243792, 'validation_fraction': 0.17260651658522078}, {'alpha': 4.656005689076002, 'batch_size': 135, 'beta_1': 0.870503881627747, 'beta_2': 0.9948873266941017, 'epsilon': 2.1023308743480125e-07, 'hidden_layer_sizes': 118, 'learning_rate_init': 0.0018781738757161913, 'tol': 1.1889379831773004e-05, 'validation_fraction': 0.6264327093752792}, {'alpha': 0.04705159350400542, 'batch_size': 158, 'beta_1': 0.9870884262730957, 'beta_2': 0.9999596874382349, 'epsilon': 1.1981845126013875e-08, 'hidden_layer_sizes': 116, 'learning_rate_init': 0.00617340520407431, 'tol': 1.741413418158619e-05, 'validation_fraction': 0.6754299026638921}], [29083.993548572587, 29062.423277324073, 29075.78987471409, 24626.32866834337, 9584.226858493177])
Signature errors:
                              0         1         2         3         4       max
MLP-adam_diabetes_mse  0.000007  0.000008  0.000003  0.003558  0.004952  0.004952
max                    0.000007  0.000008  0.000003  0.003558  0.004952  0.004952
starting sklearn study smoothness MLP-adam diabetes mse 15 1
with data root: None
Failure in optimizer suggest. Falling back to random search.
name 'activ' is not defined
Traceback (most recent call last):
  File "/home/ryedida/.local/lib/python3.9/site-packages/bayesmark/experiment.py", line 126, in run_study
    next_points = optimizer.suggest(n_suggestions)
  File "/home/ryedida/bbo_challenge_starter_kit/example_submissions/smoothness/optimizer.py", line 109, in suggest
    betas = [self._get_smoothness_reg(guess) for guess in guesses]
  File "/home/ryedida/bbo_challenge_starter_kit/example_submissions/smoothness/optimizer.py", line 109, in <listcomp>
    betas = [self._get_smoothness_reg(guess) for guess in guesses]
  File "/home/ryedida/bbo_challenge_starter_kit/example_submissions/smoothness/optimizer.py", line 49, in _get_smoothness_reg
    if activ > Kz:
NameError: name 'activ' is not defined
suggestion time taken 0.494493 iter 0 next_points [{'alpha': 0.08627812952504796, 'batch_size': 229, 'beta_1': 0.9735310728655611, 'beta_2': 0.9999913453098594, 'epsilon': 2.4386871567012874e-09, 'hidden_layer_sizes': 121, 'learning_rate_init': 0.00127122217544339, 'tol': 0.007421450787524135, 'validation_fraction': 0.6968120365039013}]
/home/ryedida/.local/lib/python3.9/site-packages/sklearn/neural_network/_multilayer_perceptron.py:605: UserWarning: Got `batch_size` less than 1 or larger than sample size. It is going to be clipped
  warnings.warn(

function_evaluation time 0.054914 value 29035.971787 suggestion {'alpha': 0.08627812952504796, 'batch_size': 229, 'beta_1': 0.9735310728655611, 'beta_2': 0.9999913453098594, 'epsilon': 2.4386871567012874e-09, 'hidden_layer_sizes': 121, 'learning_rate_init': 0.00127122217544339, 'tol': 0.007421450787524135, 'validation_fraction': 0.6968120365039013}
observation time 0.000006, current best 29035.971787 at iter 0
Failure in optimizer suggest. Falling back to random search.
name 'activ' is not defined
Traceback (most recent call last):
  File "/home/ryedida/.local/lib/python3.9/site-packages/bayesmark/experiment.py", line 126, in run_study
    next_points = optimizer.suggest(n_suggestions)
  File "/home/ryedida/bbo_challenge_starter_kit/example_submissions/smoothness/optimizer.py", line 109, in suggest
    betas = [self._get_smoothness_reg(guess) for guess in guesses]
  File "/home/ryedida/bbo_challenge_starter_kit/example_submissions/smoothness/optimizer.py", line 109, in <listcomp>
    betas = [self._get_smoothness_reg(guess) for guess in guesses]
  File "/home/ryedida/bbo_challenge_starter_kit/example_submissions/smoothness/optimizer.py", line 49, in _get_smoothness_reg
    if activ > Kz:
NameError: name 'activ' is not defined
suggestion time taken 0.329244 iter 1 next_points [{'alpha': 0.0017851927864857488, 'batch_size': 123, 'beta_1': 0.5945508663344122, 'beta_2': 0.9377801573349167, 'epsilon': 2.683650779368975e-08, 'hidden_layer_sizes': 122, 'learning_rate_init': 0.001155352069622158, 'tol': 0.020116725825417025, 'validation_fraction': 0.4591620477100554}]
function_evaluation time 0.072070 value 29006.906983 suggestion {'alpha': 0.0017851927864857488, 'batch_size': 123, 'beta_1': 0.5945508663344122, 'beta_2': 0.9377801573349167, 'epsilon': 2.683650779368975e-08, 'hidden_layer_sizes': 122, 'learning_rate_init': 0.001155352069622158, 'tol': 0.020116725825417025, 'validation_fraction': 0.4591620477100554}
observation time 0.000006, current best 29006.906983 at iter 1
Failure in optimizer suggest. Falling back to random search.
name 'activ' is not defined
Traceback (most recent call last):
  File "/home/ryedida/.local/lib/python3.9/site-packages/bayesmark/experiment.py", line 126, in run_study
    next_points = optimizer.suggest(n_suggestions)
  File "/home/ryedida/bbo_challenge_starter_kit/example_submissions/smoothness/optimizer.py", line 109, in suggest
    betas = [self._get_smoothness_reg(guess) for guess in guesses]
  File "/home/ryedida/bbo_challenge_starter_kit/example_submissions/smoothness/optimizer.py", line 109, in <listcomp>
    betas = [self._get_smoothness_reg(guess) for guess in guesses]
  File "/home/ryedida/bbo_challenge_starter_kit/example_submissions/smoothness/optimizer.py", line 49, in _get_smoothness_reg
    if activ > Kz:
NameError: name 'activ' is not defined
suggestion time taken 0.325288 iter 2 next_points [{'alpha': 0.0007679266470459699, 'batch_size': 194, 'beta_1': 0.9684874336669131, 'beta_2': 0.9933196861347888, 'epsilon': 5.1666053453866665e-09, 'hidden_layer_sizes': 169, 'learning_rate_init': 0.014074890578750946, 'tol': 0.005031724702897501, 'validation_fraction': 0.591380984675949}]
/home/ryedida/.local/lib/python3.9/site-packages/sklearn/neural_network/_multilayer_perceptron.py:605: UserWarning: Got `batch_size` less than 1 or larger than sample size. It is going to be clipped
  warnings.warn(

function_evaluation time 0.492399 value 4209.072078 suggestion {'alpha': 0.0007679266470459699, 'batch_size': 194, 'beta_1': 0.9684874336669131, 'beta_2': 0.9933196861347888, 'epsilon': 5.1666053453866665e-09, 'hidden_layer_sizes': 169, 'learning_rate_init': 0.014074890578750946, 'tol': 0.005031724702897501, 'validation_fraction': 0.591380984675949}
observation time 0.000005, current best 4209.072078 at iter 2
Failure in optimizer suggest. Falling back to random search.
name 'activ' is not defined
Traceback (most recent call last):
  File "/home/ryedida/.local/lib/python3.9/site-packages/bayesmark/experiment.py", line 126, in run_study
    next_points = optimizer.suggest(n_suggestions)
  File "/home/ryedida/bbo_challenge_starter_kit/example_submissions/smoothness/optimizer.py", line 109, in suggest
    betas = [self._get_smoothness_reg(guess) for guess in guesses]
  File "/home/ryedida/bbo_challenge_starter_kit/example_submissions/smoothness/optimizer.py", line 109, in <listcomp>
    betas = [self._get_smoothness_reg(guess) for guess in guesses]
  File "/home/ryedida/bbo_challenge_starter_kit/example_submissions/smoothness/optimizer.py", line 49, in _get_smoothness_reg
    if activ > Kz:
NameError: name 'activ' is not defined
suggestion time taken 0.327527 iter 3 next_points [{'alpha': 0.0005815289857851605, 'batch_size': 108, 'beta_1': 0.9538986053770341, 'beta_2': 0.9999365900038866, 'epsilon': 1.233695809984719e-07, 'hidden_layer_sizes': 153, 'learning_rate_init': 0.004808588317454392, 'tol': 1.2387361072726924e-05, 'validation_fraction': 0.5209454077226917}]
/home/ryedida/.local/lib/python3.9/site-packages/sklearn/neural_network/_multilayer_perceptron.py:686: ConvergenceWarning: Stochastic Optimizer: Maximum iterations (200) reached and the optimization hasn't converged yet.
  warnings.warn(

function_evaluation time 1.074362 value 3585.652216 suggestion {'alpha': 0.0005815289857851605, 'batch_size': 108, 'beta_1': 0.9538986053770341, 'beta_2': 0.9999365900038866, 'epsilon': 1.233695809984719e-07, 'hidden_layer_sizes': 153, 'learning_rate_init': 0.004808588317454392, 'tol': 1.2387361072726924e-05, 'validation_fraction': 0.5209454077226917}
observation time 0.000006, current best 3585.652216 at iter 3
Failure in optimizer suggest. Falling back to random search.
name 'activ' is not defined
Traceback (most recent call last):
  File "/home/ryedida/.local/lib/python3.9/site-packages/bayesmark/experiment.py", line 126, in run_study
    next_points = optimizer.suggest(n_suggestions)
  File "/home/ryedida/bbo_challenge_starter_kit/example_submissions/smoothness/optimizer.py", line 109, in suggest
    betas = [self._get_smoothness_reg(guess) for guess in guesses]
  File "/home/ryedida/bbo_challenge_starter_kit/example_submissions/smoothness/optimizer.py", line 109, in <listcomp>
    betas = [self._get_smoothness_reg(guess) for guess in guesses]
  File "/home/ryedida/bbo_challenge_starter_kit/example_submissions/smoothness/optimizer.py", line 49, in _get_smoothness_reg
    if activ > Kz:
NameError: name 'activ' is not defined
suggestion time taken 0.326721 iter 4 next_points [{'alpha': 5.1731604467150456e-05, 'batch_size': 54, 'beta_1': 0.8684610645494838, 'beta_2': 0.9999784806611368, 'epsilon': 9.476914376664748e-07, 'hidden_layer_sizes': 128, 'learning_rate_init': 0.04644352707614828, 'tol': 0.0002254845559826918, 'validation_fraction': 0.689735867225342}]
function_evaluation time 0.433642 value 3362.035486 suggestion {'alpha': 5.1731604467150456e-05, 'batch_size': 54, 'beta_1': 0.8684610645494838, 'beta_2': 0.9999784806611368, 'epsilon': 9.476914376664748e-07, 'hidden_layer_sizes': 128, 'learning_rate_init': 0.04644352707614828, 'tol': 0.0002254845559826918, 'validation_fraction': 0.689735867225342}
observation time 0.000007, current best 3362.035486 at iter 4
Failure in optimizer suggest. Falling back to random search.
name 'activ' is not defined
Traceback (most recent call last):
  File "/home/ryedida/.local/lib/python3.9/site-packages/bayesmark/experiment.py", line 126, in run_study
    next_points = optimizer.suggest(n_suggestions)
  File "/home/ryedida/bbo_challenge_starter_kit/example_submissions/smoothness/optimizer.py", line 109, in suggest
    betas = [self._get_smoothness_reg(guess) for guess in guesses]
  File "/home/ryedida/bbo_challenge_starter_kit/example_submissions/smoothness/optimizer.py", line 109, in <listcomp>
    betas = [self._get_smoothness_reg(guess) for guess in guesses]
  File "/home/ryedida/bbo_challenge_starter_kit/example_submissions/smoothness/optimizer.py", line 49, in _get_smoothness_reg
    if activ > Kz:
NameError: name 'activ' is not defined
suggestion time taken 0.345057 iter 5 next_points [{'alpha': 0.018691781186824314, 'batch_size': 12, 'beta_1': 0.6112559647751111, 'beta_2': 0.9999957263618171, 'epsilon': 3.716834412980459e-08, 'hidden_layer_sizes': 162, 'learning_rate_init': 0.0029246691667027492, 'tol': 3.749536991904109e-05, 'validation_fraction': 0.7075918182791814}]
/home/ryedida/.local/lib/python3.9/site-packages/sklearn/neural_network/_multilayer_perceptron.py:686: ConvergenceWarning: Stochastic Optimizer: Maximum iterations (200) reached and the optimization hasn't converged yet.
  warnings.warn(

function_evaluation time 2.202415 value 3147.029051 suggestion {'alpha': 0.018691781186824314, 'batch_size': 12, 'beta_1': 0.6112559647751111, 'beta_2': 0.9999957263618171, 'epsilon': 3.716834412980459e-08, 'hidden_layer_sizes': 162, 'learning_rate_init': 0.0029246691667027492, 'tol': 3.749536991904109e-05, 'validation_fraction': 0.7075918182791814}
observation time 0.000005, current best 3147.029051 at iter 5
Failure in optimizer suggest. Falling back to random search.
name 'activ' is not defined
Traceback (most recent call last):
  File "/home/ryedida/.local/lib/python3.9/site-packages/bayesmark/experiment.py", line 126, in run_study
    next_points = optimizer.suggest(n_suggestions)
  File "/home/ryedida/bbo_challenge_starter_kit/example_submissions/smoothness/optimizer.py", line 109, in suggest
    betas = [self._get_smoothness_reg(guess) for guess in guesses]
  File "/home/ryedida/bbo_challenge_starter_kit/example_submissions/smoothness/optimizer.py", line 109, in <listcomp>
    betas = [self._get_smoothness_reg(guess) for guess in guesses]
  File "/home/ryedida/bbo_challenge_starter_kit/example_submissions/smoothness/optimizer.py", line 49, in _get_smoothness_reg
    if activ > Kz:
NameError: name 'activ' is not defined
suggestion time taken 0.330855 iter 6 next_points [{'alpha': 8.53248893212287, 'batch_size': 111, 'beta_1': 0.6538302137023646, 'beta_2': 0.9684067200691344, 'epsilon': 1.7243600132565663e-09, 'hidden_layer_sizes': 121, 'learning_rate_init': 7.875211297356332e-05, 'tol': 1.6371937610904013e-05, 'validation_fraction': 0.2949195677688548}]
/home/ryedida/.local/lib/python3.9/site-packages/sklearn/neural_network/_multilayer_perceptron.py:686: ConvergenceWarning: Stochastic Optimizer: Maximum iterations (200) reached and the optimization hasn't converged yet.
  warnings.warn(

function_evaluation time 1.135874 value 28987.771665 suggestion {'alpha': 8.53248893212287, 'batch_size': 111, 'beta_1': 0.6538302137023646, 'beta_2': 0.9684067200691344, 'epsilon': 1.7243600132565663e-09, 'hidden_layer_sizes': 121, 'learning_rate_init': 7.875211297356332e-05, 'tol': 1.6371937610904013e-05, 'validation_fraction': 0.2949195677688548}
observation time 0.000006, current best 3147.029051 at iter 6
Failure in optimizer suggest. Falling back to random search.
name 'activ' is not defined
Traceback (most recent call last):
  File "/home/ryedida/.local/lib/python3.9/site-packages/bayesmark/experiment.py", line 126, in run_study
    next_points = optimizer.suggest(n_suggestions)
  File "/home/ryedida/bbo_challenge_starter_kit/example_submissions/smoothness/optimizer.py", line 109, in suggest
    betas = [self._get_smoothness_reg(guess) for guess in guesses]
  File "/home/ryedida/bbo_challenge_starter_kit/example_submissions/smoothness/optimizer.py", line 109, in <listcomp>
    betas = [self._get_smoothness_reg(guess) for guess in guesses]
  File "/home/ryedida/bbo_challenge_starter_kit/example_submissions/smoothness/optimizer.py", line 49, in _get_smoothness_reg
    if activ > Kz:
NameError: name 'activ' is not defined
suggestion time taken 0.458637 iter 7 next_points [{'alpha': 0.001257806323029557, 'batch_size': 239, 'beta_1': 0.9665935193825611, 'beta_2': 0.9974447008023204, 'epsilon': 1.2433083404626059e-08, 'hidden_layer_sizes': 136, 'learning_rate_init': 0.0002679204578539439, 'tol': 0.00047431896276670224, 'validation_fraction': 0.5806049151212872}]
/home/ryedida/.local/lib/python3.9/site-packages/sklearn/neural_network/_multilayer_perceptron.py:605: UserWarning: Got `batch_size` less than 1 or larger than sample size. It is going to be clipped
  warnings.warn(

function_evaluation time 0.065239 value 29122.554262 suggestion {'alpha': 0.001257806323029557, 'batch_size': 239, 'beta_1': 0.9665935193825611, 'beta_2': 0.9974447008023204, 'epsilon': 1.2433083404626059e-08, 'hidden_layer_sizes': 136, 'learning_rate_init': 0.0002679204578539439, 'tol': 0.00047431896276670224, 'validation_fraction': 0.5806049151212872}
observation time 0.000005, current best 3147.029051 at iter 7
Failure in optimizer suggest. Falling back to random search.
name 'activ' is not defined
Traceback (most recent call last):
  File "/home/ryedida/.local/lib/python3.9/site-packages/bayesmark/experiment.py", line 126, in run_study
    next_points = optimizer.suggest(n_suggestions)
  File "/home/ryedida/bbo_challenge_starter_kit/example_submissions/smoothness/optimizer.py", line 109, in suggest
    betas = [self._get_smoothness_reg(guess) for guess in guesses]
  File "/home/ryedida/bbo_challenge_starter_kit/example_submissions/smoothness/optimizer.py", line 109, in <listcomp>
    betas = [self._get_smoothness_reg(guess) for guess in guesses]
  File "/home/ryedida/bbo_challenge_starter_kit/example_submissions/smoothness/optimizer.py", line 49, in _get_smoothness_reg
    if activ > Kz:
NameError: name 'activ' is not defined
suggestion time taken 0.321849 iter 8 next_points [{'alpha': 0.000310146806015679, 'batch_size': 156, 'beta_1': 0.9196625297978199, 'beta_2': 0.9964691810403155, 'epsilon': 3.257768961472258e-08, 'hidden_layer_sizes': 129, 'learning_rate_init': 2.0511535074863226e-05, 'tol': 2.8632315229109725e-05, 'validation_fraction': 0.5382470382906367}]
/home/ryedida/.local/lib/python3.9/site-packages/sklearn/neural_network/_multilayer_perceptron.py:686: ConvergenceWarning: Stochastic Optimizer: Maximum iterations (200) reached and the optimization hasn't converged yet.
  warnings.warn(

function_evaluation time 0.233983 value 29111.473554 suggestion {'alpha': 0.000310146806015679, 'batch_size': 156, 'beta_1': 0.9196625297978199, 'beta_2': 0.9964691810403155, 'epsilon': 3.257768961472258e-08, 'hidden_layer_sizes': 129, 'learning_rate_init': 2.0511535074863226e-05, 'tol': 2.8632315229109725e-05, 'validation_fraction': 0.5382470382906367}
observation time 0.000005, current best 3147.029051 at iter 8
Failure in optimizer suggest. Falling back to random search.
name 'activ' is not defined
Traceback (most recent call last):
  File "/home/ryedida/.local/lib/python3.9/site-packages/bayesmark/experiment.py", line 126, in run_study
    next_points = optimizer.suggest(n_suggestions)
  File "/home/ryedida/bbo_challenge_starter_kit/example_submissions/smoothness/optimizer.py", line 109, in suggest
    betas = [self._get_smoothness_reg(guess) for guess in guesses]
  File "/home/ryedida/bbo_challenge_starter_kit/example_submissions/smoothness/optimizer.py", line 109, in <listcomp>
    betas = [self._get_smoothness_reg(guess) for guess in guesses]
  File "/home/ryedida/bbo_challenge_starter_kit/example_submissions/smoothness/optimizer.py", line 49, in _get_smoothness_reg
    if activ > Kz:
NameError: name 'activ' is not defined
suggestion time taken 0.321973 iter 9 next_points [{'alpha': 0.0554981789445964, 'batch_size': 42, 'beta_1': 0.941336368531276, 'beta_2': 0.999992059632384, 'epsilon': 5.113393545302186e-07, 'hidden_layer_sizes': 170, 'learning_rate_init': 0.007147120551584146, 'tol': 4.270767302268855e-05, 'validation_fraction': 0.8108545796401462}]
/home/ryedida/.local/lib/python3.9/site-packages/sklearn/neural_network/_multilayer_perceptron.py:686: ConvergenceWarning: Stochastic Optimizer: Maximum iterations (200) reached and the optimization hasn't converged yet.
  warnings.warn(

function_evaluation time 0.919875 value 3916.071056 suggestion {'alpha': 0.0554981789445964, 'batch_size': 42, 'beta_1': 0.941336368531276, 'beta_2': 0.999992059632384, 'epsilon': 5.113393545302186e-07, 'hidden_layer_sizes': 170, 'learning_rate_init': 0.007147120551584146, 'tol': 4.270767302268855e-05, 'validation_fraction': 0.8108545796401462}
observation time 0.000006, current best 3147.029051 at iter 9
Failure in optimizer suggest. Falling back to random search.
name 'activ' is not defined
Traceback (most recent call last):
  File "/home/ryedida/.local/lib/python3.9/site-packages/bayesmark/experiment.py", line 126, in run_study
    next_points = optimizer.suggest(n_suggestions)
  File "/home/ryedida/bbo_challenge_starter_kit/example_submissions/smoothness/optimizer.py", line 109, in suggest
    betas = [self._get_smoothness_reg(guess) for guess in guesses]
  File "/home/ryedida/bbo_challenge_starter_kit/example_submissions/smoothness/optimizer.py", line 109, in <listcomp>
    betas = [self._get_smoothness_reg(guess) for guess in guesses]
  File "/home/ryedida/bbo_challenge_starter_kit/example_submissions/smoothness/optimizer.py", line 49, in _get_smoothness_reg
    if activ > Kz:
NameError: name 'activ' is not defined
suggestion time taken 0.331162 iter 10 next_points [{'alpha': 0.7875791006634711, 'batch_size': 74, 'beta_1': 0.9042091967048997, 'beta_2': 0.999997250481167, 'epsilon': 4.5007687539371014e-07, 'hidden_layer_sizes': 197, 'learning_rate_init': 0.000762002214079771, 'tol': 0.00545103470649366, 'validation_fraction': 0.6020445811977339}]
function_evaluation time 0.081586 value 28987.271691 suggestion {'alpha': 0.7875791006634711, 'batch_size': 74, 'beta_1': 0.9042091967048997, 'beta_2': 0.999997250481167, 'epsilon': 4.5007687539371014e-07, 'hidden_layer_sizes': 197, 'learning_rate_init': 0.000762002214079771, 'tol': 0.00545103470649366, 'validation_fraction': 0.6020445811977339}
observation time 0.000005, current best 3147.029051 at iter 10
Failure in optimizer suggest. Falling back to random search.
name 'activ' is not defined
Traceback (most recent call last):
  File "/home/ryedida/.local/lib/python3.9/site-packages/bayesmark/experiment.py", line 126, in run_study
    next_points = optimizer.suggest(n_suggestions)
  File "/home/ryedida/bbo_challenge_starter_kit/example_submissions/smoothness/optimizer.py", line 109, in suggest
    betas = [self._get_smoothness_reg(guess) for guess in guesses]
  File "/home/ryedida/bbo_challenge_starter_kit/example_submissions/smoothness/optimizer.py", line 109, in <listcomp>
    betas = [self._get_smoothness_reg(guess) for guess in guesses]
  File "/home/ryedida/bbo_challenge_starter_kit/example_submissions/smoothness/optimizer.py", line 49, in _get_smoothness_reg
    if activ > Kz:
NameError: name 'activ' is not defined
suggestion time taken 0.323756 iter 11 next_points [{'alpha': 0.027486383087714762, 'batch_size': 170, 'beta_1': 0.5016214942579033, 'beta_2': 0.9999878800038129, 'epsilon': 6.800265440714848e-09, 'hidden_layer_sizes': 93, 'learning_rate_init': 0.007355673100174611, 'tol': 5.1553421565307916e-05, 'validation_fraction': 0.19385699603294665}]
/home/ryedida/.local/lib/python3.9/site-packages/sklearn/neural_network/_multilayer_perceptron.py:686: ConvergenceWarning: Stochastic Optimizer: Maximum iterations (200) reached and the optimization hasn't converged yet.
  warnings.warn(

function_evaluation time 1.029837 value 3263.877983 suggestion {'alpha': 0.027486383087714762, 'batch_size': 170, 'beta_1': 0.5016214942579033, 'beta_2': 0.9999878800038129, 'epsilon': 6.800265440714848e-09, 'hidden_layer_sizes': 93, 'learning_rate_init': 0.007355673100174611, 'tol': 5.1553421565307916e-05, 'validation_fraction': 0.19385699603294665}
observation time 0.000006, current best 3147.029051 at iter 11
Failure in optimizer suggest. Falling back to random search.
name 'activ' is not defined
Traceback (most recent call last):
  File "/home/ryedida/.local/lib/python3.9/site-packages/bayesmark/experiment.py", line 126, in run_study
    next_points = optimizer.suggest(n_suggestions)
  File "/home/ryedida/bbo_challenge_starter_kit/example_submissions/smoothness/optimizer.py", line 109, in suggest
    betas = [self._get_smoothness_reg(guess) for guess in guesses]
  File "/home/ryedida/bbo_challenge_starter_kit/example_submissions/smoothness/optimizer.py", line 109, in <listcomp>
    betas = [self._get_smoothness_reg(guess) for guess in guesses]
  File "/home/ryedida/bbo_challenge_starter_kit/example_submissions/smoothness/optimizer.py", line 49, in _get_smoothness_reg
    if activ > Kz:
NameError: name 'activ' is not defined
suggestion time taken 0.318879 iter 12 next_points [{'alpha': 1.1266765996931753e-05, 'batch_size': 174, 'beta_1': 0.9355477413713348, 'beta_2': 0.9998950269993317, 'epsilon': 6.954355193811964e-08, 'hidden_layer_sizes': 60, 'learning_rate_init': 1.728601220857413e-05, 'tol': 0.009032262390092445, 'validation_fraction': 0.6594769837208707}]
/home/ryedida/.local/lib/python3.9/site-packages/sklearn/neural_network/_multilayer_perceptron.py:605: UserWarning: Got `batch_size` less than 1 or larger than sample size. It is going to be clipped
  warnings.warn(

function_evaluation time 0.045432 value 29158.573646 suggestion {'alpha': 1.1266765996931753e-05, 'batch_size': 174, 'beta_1': 0.9355477413713348, 'beta_2': 0.9998950269993317, 'epsilon': 6.954355193811964e-08, 'hidden_layer_sizes': 60, 'learning_rate_init': 1.728601220857413e-05, 'tol': 0.009032262390092445, 'validation_fraction': 0.6594769837208707}
observation time 0.000006, current best 3147.029051 at iter 12
Failure in optimizer suggest. Falling back to random search.
name 'activ' is not defined
Traceback (most recent call last):
  File "/home/ryedida/.local/lib/python3.9/site-packages/bayesmark/experiment.py", line 126, in run_study
    next_points = optimizer.suggest(n_suggestions)
  File "/home/ryedida/bbo_challenge_starter_kit/example_submissions/smoothness/optimizer.py", line 109, in suggest
    betas = [self._get_smoothness_reg(guess) for guess in guesses]
  File "/home/ryedida/bbo_challenge_starter_kit/example_submissions/smoothness/optimizer.py", line 109, in <listcomp>
    betas = [self._get_smoothness_reg(guess) for guess in guesses]
  File "/home/ryedida/bbo_challenge_starter_kit/example_submissions/smoothness/optimizer.py", line 49, in _get_smoothness_reg
    if activ > Kz:
NameError: name 'activ' is not defined
suggestion time taken 0.322863 iter 13 next_points [{'alpha': 7.016892175055484e-05, 'batch_size': 31, 'beta_1': 0.8409648228611627, 'beta_2': 0.9997502246867533, 'epsilon': 2.120207459177216e-07, 'hidden_layer_sizes': 136, 'learning_rate_init': 3.8954902292684335e-05, 'tol': 6.108093079117264e-05, 'validation_fraction': 0.10340610575126341}]
/home/ryedida/.local/lib/python3.9/site-packages/sklearn/neural_network/_multilayer_perceptron.py:686: ConvergenceWarning: Stochastic Optimizer: Maximum iterations (200) reached and the optimization hasn't converged yet.
  warnings.warn(

function_evaluation time 1.962688 value 28741.142827 suggestion {'alpha': 7.016892175055484e-05, 'batch_size': 31, 'beta_1': 0.8409648228611627, 'beta_2': 0.9997502246867533, 'epsilon': 2.120207459177216e-07, 'hidden_layer_sizes': 136, 'learning_rate_init': 3.8954902292684335e-05, 'tol': 6.108093079117264e-05, 'validation_fraction': 0.10340610575126341}
observation time 0.000006, current best 3147.029051 at iter 13
Failure in optimizer suggest. Falling back to random search.
name 'activ' is not defined
Traceback (most recent call last):
  File "/home/ryedida/.local/lib/python3.9/site-packages/bayesmark/experiment.py", line 126, in run_study
    next_points = optimizer.suggest(n_suggestions)
  File "/home/ryedida/bbo_challenge_starter_kit/example_submissions/smoothness/optimizer.py", line 109, in suggest
    betas = [self._get_smoothness_reg(guess) for guess in guesses]
  File "/home/ryedida/bbo_challenge_starter_kit/example_submissions/smoothness/optimizer.py", line 109, in <listcomp>
    betas = [self._get_smoothness_reg(guess) for guess in guesses]
  File "/home/ryedida/bbo_challenge_starter_kit/example_submissions/smoothness/optimizer.py", line 49, in _get_smoothness_reg
    if activ > Kz:
NameError: name 'activ' is not defined
suggestion time taken 0.333353 iter 14 next_points [{'alpha': 2.3294538221760604e-05, 'batch_size': 149, 'beta_1': 0.9449437421334644, 'beta_2': 0.9891934349024119, 'epsilon': 3.465806227812637e-08, 'hidden_layer_sizes': 145, 'learning_rate_init': 0.018036962985587872, 'tol': 6.841606496759317e-05, 'validation_fraction': 0.43878365833350114}]
function_evaluation time 0.549772 value 4095.675898 suggestion {'alpha': 2.3294538221760604e-05, 'batch_size': 149, 'beta_1': 0.9449437421334644, 'beta_2': 0.9891934349024119, 'epsilon': 3.465806227812637e-08, 'hidden_layer_sizes': 145, 'learning_rate_init': 0.018036962985587872, 'tol': 6.841606496759317e-05, 'validation_fraction': 0.43878365833350114}
observation time 0.000006, current best 3147.029051 at iter 14
saving meta data: {'args': {'--uuid': 'e470dc22b5f6530eb39eae202158070f', '-db-root': '/home/ryedida/bbo_challenge_starter_kit/output', '--opt-root': '/home/ryedida/bbo_challenge_starter_kit/example_submissions', '--data-root': None, '--db': 'run_20230427_004608', '--opt': 'smoothness', '--data': 'diabetes', '--classifier': 'MLP-adam', '--metric': 'mse', '--calls': 15, '--suggestions': 1, '--jobs-file': None, '--verbose': False, 'dry_run': False, 'rev': 'a376313', 'opt_rev': 'x.x.x'}, 'signature': ([{'alpha': 0.019628224813442792, 'batch_size': 182, 'beta_1': 0.9410202200271762, 'beta_2': 0.9998021557676793, 'epsilon': 1.8662266976518e-08, 'hidden_layer_sizes': 147, 'learning_rate_init': 0.0005627932047415167, 'tol': 0.03690557729213761, 'validation_fraction': 0.8846827852548593}, {'alpha': 0.0019982467392329444, 'batch_size': 200, 'beta_1': 0.919111482530466, 'beta_2': 0.9998488260436156, 'epsilon': 5.981221901152555e-07, 'hidden_layer_sizes': 61, 'learning_rate_init': 2.2310905607443014e-05, 'tol': 1.2046852412030316e-05, 'validation_fraction': 0.8117896445826539}, {'alpha': 0.46659545670218433, 'batch_size': 219, 'beta_1': 0.9889789783750891, 'beta_2': 0.9999896868093284, 'epsilon': 2.4234724484675948e-08, 'hidden_layer_sizes': 167, 'learning_rate_init': 2.972334644335654e-05, 'tol': 0.0036281404040243792, 'validation_fraction': 0.17260651658522078}, {'alpha': 4.656005689076002, 'batch_size': 135, 'beta_1': 0.870503881627747, 'beta_2': 0.9948873266941017, 'epsilon': 2.1023308743480125e-07, 'hidden_layer_sizes': 118, 'learning_rate_init': 0.0018781738757161913, 'tol': 1.1889379831773004e-05, 'validation_fraction': 0.6264327093752792}, {'alpha': 0.04705159350400542, 'batch_size': 158, 'beta_1': 0.9870884262730957, 'beta_2': 0.9999596874382349, 'epsilon': 1.1981845126013875e-08, 'hidden_layer_sizes': 116, 'learning_rate_init': 0.00617340520407431, 'tol': 1.741413418158619e-05, 'validation_fraction': 0.6754299026638921}], [29083.993548572587, 29062.423277324073, 29075.78987471409, 24626.32866834337, 9584.226858493177])}
saving results
saving timing
saving suggest log
done
